[2016-08-08 10:05:45] /shop/index.php?act=mobile&op=addbrowse ( act=mobile&op=addbrowse ) 
ERR: Db Error: Duplicate entry '100075-4' for key 'PRIMARY'
INSERT  INTO `zmkj_goods_browse` (goods_id,member_id,browsetime,gc_id,gc_id_1,gc_id_2,gc_id_3) VALUES ('100075','4','1470621945','1126','1124','1125','1126')
[2016-08-08 10:34:18] /shop/index.php?act=promotion&gc_id=308&curpage=2 ( act=promotion&op=index ) 
ERR: Db Error: You have an error in your SQL syntax; check the manual that corresponds to your MySQL server version for the right syntax to use near '-16,16' at line 1
SELECT * FROM `zmkj_p_xianshi_goods` WHERE ( state = '1' ) AND ( start_time <= '1470623657' ) AND ( end_time > '1470623657' ) AND ( gc_id_1 = '308' ) ORDER BY xianshi_goods_id desc LIMIT -16,16  
[2016-08-08 10:34:47] /shop/index.php?act=mobile&op=matterdetail ( act=mobile&op=matterdetail ) 
ERR: Db Error: Unknown column 'shipping_time' in 'field list'
SELECT order_id,order_sn,store_id,store_name,add_time,payment_time,shipping_time,finnshed_time,order_amount,shipping_fee,real_pay_amount,state_desc,payment_name,order_message,reciver_phone,reciver_name,reciver_addr,store_member_id,store_phone,order_tips FROM `zmkj_order` WHERE ( order_id = '212' ) AND ( buyer_id = '4' ) LIMIT 1  
[2016-08-08 10:37:47] /shop/index.php?act=mobile&op=matterdetail ( act=mobile&op=matterdetail ) 
ERR: Db Error: Unknown column 'order_goods' in 'field list'
SELECT order_goods FROM `zmkj_order` WHERE ( order_id = '212' ) AND ( buyer_id = '4' ) LIMIT 1  
[2016-08-08 10:37:48] /shop/index.php?act=mobile&op=matterdetail ( act=mobile&op=matterdetail ) 
ERR: Db Error: Unknown column 'order_goods' in 'field list'
SELECT order_goods FROM `zmkj_order` WHERE ( order_id = '212' ) AND ( buyer_id = '4' ) LIMIT 1  
[2016-08-08 11:55:29] /mobile/index.php?act=goods&op=goods_list&gc_id=1126&page=10&curpage=1&gc_id=1126 ( act=goods&op=goods_list ) 
ERR: Db Error: Unknown column 'goods_id' in 'order clause'
SELECT COUNT(*) AS nc_count FROM `zmkj_goods_common` WHERE ( store_id = '1' ) AND ( goods_state = '1' ) AND ( goods_verify = '1' ) GROUP BY nc_distinct ORDER BY is_own_shop desc,goods_id desc LIMIT 1  
[2016-08-08 11:55:31] /mobile/index.php?act=goods&op=goods_detail&goods_id=100074&key=df152c63dc5f951854e65dcae034fe4c ( act=goods&op=goods_detail ) 
ERR: Db Error: Unknown column 'voucher_t_gettype' in 'where clause'
SELECT * FROM `zmkj_voucher_template` WHERE ( voucher_t_gettype = '3' ) AND ( voucher_t_state = '1' ) AND ( voucher_t_end_date > '1470628531' ) AND ( voucher_t_store_id IN ('1') ) LIMIT 1000  
[2016-08-08 13:33:58] /mobile/index.php?act=goods&op=goods_detail&goods_id=100125&key=666d25f9f5fbd23d331d7bb6d03f365e ( act=goods&op=goods_detail ) 
ERR: Db Error: Unknown column 'voucher_t_gettype' in 'where clause'
SELECT * FROM `zmkj_voucher_template` WHERE ( voucher_t_gettype = '3' ) AND ( voucher_t_state = '1' ) AND ( voucher_t_end_date > '1470634438' ) AND ( voucher_t_store_id IN ('1') ) LIMIT 1000  
[2016-08-08 13:36:58] /mobile/index.php?act=goods&op=goods_detail&goods_id=100125&key=666d25f9f5fbd23d331d7bb6d03f365e ( act=goods&op=goods_detail ) 
ERR: Db Error: Unknown column 'voucher_t_gettype' in 'where clause'
SELECT * FROM `zmkj_voucher_template` WHERE ( voucher_t_gettype = '3' ) AND ( voucher_t_state = '1' ) AND ( voucher_t_end_date > '1470634618' ) AND ( voucher_t_store_id IN ('1') ) LIMIT 1000  
[2016-08-08 13:45:00] /mobile/index.php?act=goods&op=goods_detail&goods_id=100125&key=666d25f9f5fbd23d331d7bb6d03f365e ( act=goods&op=goods_detail ) 
ERR: Db Error: Unknown column 'voucher_t_gettype' in 'where clause'
SELECT * FROM `zmkj_voucher_template` WHERE ( voucher_t_gettype = '3' ) AND ( voucher_t_state = '1' ) AND ( voucher_t_end_date > '1470635100' ) AND ( voucher_t_store_id IN ('1') ) LIMIT 1000  
[2016-08-08 14:20:58] /shop/index.php?act=mobile&op=ordercancel ( act=mobile&op=ordercancel ) 
ERR: Db Error: You have an error in your SQL syntax; check the manual that corresponds to your MySQL server version for the right syntax to use near 'WHERE ( order_id = '214' ) AND ( buyer_id = '4' )' at line 1
UPDATE `zmkj_` SET  WHERE ( order_id = '214' ) AND ( buyer_id = '4' )
[2016-08-08 14:21:14] /shop/index.php?act=mobile&op=addbrowse ( act=mobile&op=addbrowse ) 
ERR: Db Error: Duplicate entry '100075-4' for key 'PRIMARY'
INSERT  INTO `zmkj_goods_browse` (goods_id,member_id,browsetime,gc_id,gc_id_1,gc_id_2,gc_id_3) VALUES ('100075','4','1470637274','1126','1124','1125','1126')
[2016-08-08 14:21:19] /shop/index.php?act=mobile&op=addbrowse ( act=mobile&op=addbrowse ) 
ERR: Db Error: Duplicate entry '100073-4' for key 'PRIMARY'
INSERT  INTO `zmkj_goods_browse` (goods_id,member_id,browsetime,gc_id,gc_id_1,gc_id_2,gc_id_3) VALUES ('100073','4','1470637279','1126','1124','1125','1126')
[2016-08-08 14:23:34] /shop/index.php?act=mobile&op=addbrowse ( act=mobile&op=addbrowse ) 
ERR: Db Error: Duplicate entry '100075-4' for key 'PRIMARY'
INSERT  INTO `zmkj_goods_browse` (goods_id,member_id,browsetime,gc_id,gc_id_1,gc_id_2,gc_id_3) VALUES ('100075','4','1470637414','1126','1124','1125','1126')
[2016-08-08 14:49:47] /shop/index.php?act=mobile&op=addbrowse ( act=mobile&op=addbrowse ) 
ERR: Db Error: Duplicate entry '100075-4' for key 'PRIMARY'
INSERT  INTO `zmkj_goods_browse` (goods_id,member_id,browsetime,gc_id,gc_id_1,gc_id_2,gc_id_3) VALUES ('100075','4','1470638987','1126','1124','1125','1126')
[2016-08-08 14:50:04] /mobile/index.php?act=goods&op=goods_list&gc_id=1126&page=10&curpage=1&gc_id=1126 ( act=goods&op=goods_list ) 
ERR: Db Error: Unknown column 'goods_id' in 'order clause'
SELECT COUNT(*) AS nc_count FROM `zmkj_goods_common` WHERE ( store_id = '1' ) AND ( goods_state = '1' ) AND ( goods_verify = '1' ) GROUP BY nc_distinct ORDER BY is_own_shop desc,goods_id desc LIMIT 1  
[2016-08-08 14:50:05] /mobile/index.php?act=goods&op=goods_detail&goods_id=100075&key=df152c63dc5f951854e65dcae034fe4c ( act=goods&op=goods_detail ) 
ERR: Db Error: Unknown column 'voucher_t_gettype' in 'where clause'
SELECT * FROM `zmkj_voucher_template` WHERE ( voucher_t_gettype = '3' ) AND ( voucher_t_state = '1' ) AND ( voucher_t_end_date > '1470639005' ) AND ( voucher_t_store_id IN ('1') ) LIMIT 1000  
[2016-08-08 14:50:10] /mobile/index.php?act=goods&op=goods_evaluate&goods_id=100075&type=4&curpage=1&page=10 ( act=goods&op=goods_evaluate ) 
ERR: Db Error: Unknown column 'geval_image_again' in 'where clause'
SELECT COUNT(*) AS nc_count FROM `zmkj_evaluate_goods` WHERE ( geval_goodsid = '100075' ) AND ( (geval_image <> '') OR (geval_image_again <> '') ) LIMIT 1  
[2016-08-08 14:50:10] /mobile/index.php?act=goods&op=goods_evaluate&goods_id=100075&type=4&curpage=1&page=10 ( act=goods&op=goods_evaluate ) 
ERR: Db Error: Unknown column 'geval_image_again' in 'where clause'
SELECT * FROM `zmkj_evaluate_goods` WHERE ( geval_goodsid = '100075' ) AND ( (geval_image <> '') OR (geval_image_again <> '') ) ORDER BY geval_id desc LIMIT 0,10  
[2016-08-08 14:50:15] /mobile/index.php?act=goods&op=goods_detail&goods_id=100075&key=df152c63dc5f951854e65dcae034fe4c ( act=goods&op=goods_detail ) 
ERR: Db Error: Unknown column 'voucher_t_gettype' in 'where clause'
SELECT * FROM `zmkj_voucher_template` WHERE ( voucher_t_gettype = '3' ) AND ( voucher_t_state = '1' ) AND ( voucher_t_end_date > '1470639015' ) AND ( voucher_t_store_id IN ('1') ) LIMIT 1000  
[2016-08-08 14:53:24] /mobile/index.php?act=member_order&op=order_list&page=10&curpage=1 ( act=member_order&op=order_list ) 
ERR: Db Error: Unknown column 'order_type' in 'where clause'
SELECT COUNT(*) AS nc_count FROM `zmkj_order` WHERE ( order_type = '3' ) AND ( order_state = '30' ) AND ( buyer_id = '4' ) LIMIT 1  
[2016-08-08 14:53:24] /mobile/index.php?act=member_order&op=order_list&page=10&curpage=1 ( act=member_order&op=order_list ) 
ERR: Db Error: Unknown column 'order_type' in 'where clause'
SELECT * FROM `zmkj_order` WHERE ( order_type = '3' ) AND ( order_state = '30' ) AND ( buyer_id = '4' ) ORDER BY order_id desc LIMIT 0,20  
[2016-08-08 14:55:15] /shop/index.php?act=mobile&op=addbrowse ( act=mobile&op=addbrowse ) 
ERR: Db Error: Duplicate entry '100075-4' for key 'PRIMARY'
INSERT  INTO `zmkj_goods_browse` (goods_id,member_id,browsetime,gc_id,gc_id_1,gc_id_2,gc_id_3) VALUES ('100075','4','1470639315','1126','1124','1125','1126')
[2016-08-08 14:55:31] /mobile/index.php?act=goods&op=goods_detail&goods_id=100058&key=df152c63dc5f951854e65dcae034fe4c ( act=goods&op=goods_detail ) 
ERR: Db Error: Unknown column 'voucher_t_gettype' in 'where clause'
SELECT * FROM `zmkj_voucher_template` WHERE ( voucher_t_gettype = '3' ) AND ( voucher_t_state = '1' ) AND ( voucher_t_end_date > '1470639331' ) AND ( voucher_t_store_id IN ('1') ) LIMIT 1000  
[2016-08-08 14:56:01] /mobile/index.php?act=goods&op=goods_detail&goods_id=100059&key=7b05562d9a0a6a6dc48ad04e870ba8b9 ( act=goods&op=goods_detail ) 
ERR: Db Error: Unknown column 'voucher_t_gettype' in 'where clause'
SELECT * FROM `zmkj_voucher_template` WHERE ( voucher_t_gettype = '3' ) AND ( voucher_t_state = '1' ) AND ( voucher_t_end_date > '1470639361' ) AND ( voucher_t_store_id IN ('1') ) LIMIT 1000  
[2016-08-08 14:58:31] /shop/index.php?act=mobile&op=goodsdetail ( act=mobile&op=goodsdetail ) 
ERR: Db Error: You have an error in your SQL syntax; check the manual that corresponds to your MySQL server version for the right syntax to use near 'LIMIT 1' at line 1
SELECT goods_body FROM `zmkj_goods_common` WHERE goods_commonid =  LIMIT 1  
[2016-08-08 14:58:31] /shop/index.php?act=mobile&op=goodsdetail ( act=mobile&op=goodsdetail ) 
ERR: Db Error: You have an error in your SQL syntax; check the manual that corresponds to your MySQL server version for the right syntax to use near 'LIMIT 1' at line 1
SELECT * FROM `zmkj_transport` WHERE id= LIMIT 1  
[2016-08-08 14:59:25] /shop/index.php?act=mobile&op=goodsdetail ( act=mobile&op=goodsdetail ) 
ERR: Db Error: You have an error in your SQL syntax; check the manual that corresponds to your MySQL server version for the right syntax to use near 'LIMIT 1' at line 1
SELECT goods_body FROM `zmkj_goods_common` WHERE goods_commonid =  LIMIT 1  
[2016-08-08 14:59:25] /shop/index.php?act=mobile&op=goodsdetail ( act=mobile&op=goodsdetail ) 
ERR: Db Error: You have an error in your SQL syntax; check the manual that corresponds to your MySQL server version for the right syntax to use near 'LIMIT 1' at line 1
SELECT * FROM `zmkj_transport` WHERE id= LIMIT 1  
[2016-08-08 14:59:26] /shop/index.php?act=mobile&op=goodsdetail ( act=mobile&op=goodsdetail ) 
ERR: Db Error: You have an error in your SQL syntax; check the manual that corresponds to your MySQL server version for the right syntax to use near 'LIMIT 1' at line 1
SELECT goods_body FROM `zmkj_goods_common` WHERE goods_commonid =  LIMIT 1  
[2016-08-08 14:59:26] /shop/index.php?act=mobile&op=goodsdetail ( act=mobile&op=goodsdetail ) 
ERR: Db Error: You have an error in your SQL syntax; check the manual that corresponds to your MySQL server version for the right syntax to use near 'LIMIT 1' at line 1
SELECT * FROM `zmkj_transport` WHERE id= LIMIT 1  
[2016-08-08 14:59:26] /shop/index.php?act=mobile&op=goodsdetail ( act=mobile&op=goodsdetail ) 
ERR: Db Error: You have an error in your SQL syntax; check the manual that corresponds to your MySQL server version for the right syntax to use near 'LIMIT 1' at line 1
SELECT goods_body FROM `zmkj_goods_common` WHERE goods_commonid =  LIMIT 1  
[2016-08-08 14:59:26] /shop/index.php?act=mobile&op=goodsdetail ( act=mobile&op=goodsdetail ) 
ERR: Db Error: You have an error in your SQL syntax; check the manual that corresponds to your MySQL server version for the right syntax to use near 'LIMIT 1' at line 1
SELECT * FROM `zmkj_transport` WHERE id= LIMIT 1  
[2016-08-08 14:59:27] /shop/index.php?act=mobile&op=goodsdetail ( act=mobile&op=goodsdetail ) 
ERR: Db Error: You have an error in your SQL syntax; check the manual that corresponds to your MySQL server version for the right syntax to use near 'LIMIT 1' at line 1
SELECT goods_body FROM `zmkj_goods_common` WHERE goods_commonid =  LIMIT 1  
[2016-08-08 14:59:27] /shop/index.php?act=mobile&op=goodsdetail ( act=mobile&op=goodsdetail ) 
ERR: Db Error: You have an error in your SQL syntax; check the manual that corresponds to your MySQL server version for the right syntax to use near 'LIMIT 1' at line 1
SELECT * FROM `zmkj_transport` WHERE id= LIMIT 1  
[2016-08-08 14:59:27] /shop/index.php?act=mobile&op=goodsdetail ( act=mobile&op=goodsdetail ) 
ERR: Db Error: You have an error in your SQL syntax; check the manual that corresponds to your MySQL server version for the right syntax to use near 'LIMIT 1' at line 1
SELECT goods_body FROM `zmkj_goods_common` WHERE goods_commonid =  LIMIT 1  
[2016-08-08 14:59:27] /shop/index.php?act=mobile&op=goodsdetail ( act=mobile&op=goodsdetail ) 
ERR: Db Error: You have an error in your SQL syntax; check the manual that corresponds to your MySQL server version for the right syntax to use near 'LIMIT 1' at line 1
SELECT * FROM `zmkj_transport` WHERE id= LIMIT 1  
[2016-08-08 14:59:27] /shop/index.php?act=mobile&op=goodsdetail ( act=mobile&op=goodsdetail ) 
ERR: Db Error: You have an error in your SQL syntax; check the manual that corresponds to your MySQL server version for the right syntax to use near 'LIMIT 1' at line 1
SELECT goods_body FROM `zmkj_goods_common` WHERE goods_commonid =  LIMIT 1  
[2016-08-08 14:59:27] /shop/index.php?act=mobile&op=goodsdetail ( act=mobile&op=goodsdetail ) 
ERR: Db Error: You have an error in your SQL syntax; check the manual that corresponds to your MySQL server version for the right syntax to use near 'LIMIT 1' at line 1
SELECT * FROM `zmkj_transport` WHERE id= LIMIT 1  
[2016-08-08 15:03:08] /mobile/index.php?act=goods&op=goods_detail&goods_id=100059&key=7b05562d9a0a6a6dc48ad04e870ba8b9 ( act=goods&op=goods_detail ) 
ERR: Db Error: Unknown column 'voucher_t_gettype' in 'where clause'
SELECT * FROM `zmkj_voucher_template` WHERE ( voucher_t_gettype = '3' ) AND ( voucher_t_state = '1' ) AND ( voucher_t_end_date > '1470639788' ) AND ( voucher_t_store_id IN ('1') ) LIMIT 1000  
[2016-08-08 15:03:12] /mobile/index.php?act=goods&op=goods_detail&goods_id=100071&key=7b05562d9a0a6a6dc48ad04e870ba8b9 ( act=goods&op=goods_detail ) 
ERR: Db Error: Unknown column 'voucher_t_gettype' in 'where clause'
SELECT * FROM `zmkj_voucher_template` WHERE ( voucher_t_gettype = '3' ) AND ( voucher_t_state = '1' ) AND ( voucher_t_end_date > '1470639792' ) AND ( voucher_t_store_id IN ('1') ) LIMIT 1000  
[2016-08-08 15:03:18] /shop/index.php?act=mobile&op=addbrowse ( act=mobile&op=addbrowse ) 
ERR: Db Error: Duplicate entry '100070-4' for key 'PRIMARY'
INSERT  INTO `zmkj_goods_browse` (goods_id,member_id,browsetime,gc_id,gc_id_1,gc_id_2,gc_id_3) VALUES ('100070','4','1470639798','1126','1124','1125','1126')
[2016-08-08 15:03:23] /mobile/index.php?act=goods&op=goods_detail&goods_id=100093&key=7b05562d9a0a6a6dc48ad04e870ba8b9 ( act=goods&op=goods_detail ) 
ERR: Db Error: Unknown column 'voucher_t_gettype' in 'where clause'
SELECT * FROM `zmkj_voucher_template` WHERE ( voucher_t_gettype = '3' ) AND ( voucher_t_state = '1' ) AND ( voucher_t_end_date > '1470639803' ) AND ( voucher_t_store_id IN ('1') ) LIMIT 1000  
[2016-08-08 15:03:25] /mobile/index.php?act=goods&op=goods_detail&goods_id=100121&key=7b05562d9a0a6a6dc48ad04e870ba8b9 ( act=goods&op=goods_detail ) 
ERR: Db Error: Unknown column 'voucher_t_gettype' in 'where clause'
SELECT * FROM `zmkj_voucher_template` WHERE ( voucher_t_gettype = '3' ) AND ( voucher_t_state = '1' ) AND ( voucher_t_end_date > '1470639805' ) AND ( voucher_t_store_id IN ('1') ) LIMIT 1000  
[2016-08-08 15:03:28] /mobile/index.php?act=goods&op=goods_detail&goods_id=100070&key=7b05562d9a0a6a6dc48ad04e870ba8b9 ( act=goods&op=goods_detail ) 
ERR: Db Error: Unknown column 'voucher_t_gettype' in 'where clause'
SELECT * FROM `zmkj_voucher_template` WHERE ( voucher_t_gettype = '3' ) AND ( voucher_t_state = '1' ) AND ( voucher_t_end_date > '1470639808' ) AND ( voucher_t_store_id IN ('1') ) LIMIT 1000  
[2016-08-08 15:08:44] /shop/index.php?act=mobile&op=addbrowse ( act=mobile&op=addbrowse ) 
ERR: Db Error: Duplicate entry '100070-4' for key 'PRIMARY'
INSERT  INTO `zmkj_goods_browse` (goods_id,member_id,browsetime,gc_id,gc_id_1,gc_id_2,gc_id_3) VALUES ('100070','4','1470640124','1126','1124','1125','1126')
[2016-08-08 15:09:35] /mobile/index.php?act=goods&op=goods_detail&goods_id=100058&key=df152c63dc5f951854e65dcae034fe4c ( act=goods&op=goods_detail ) 
ERR: Db Error: Unknown column 'voucher_t_gettype' in 'where clause'
SELECT * FROM `zmkj_voucher_template` WHERE ( voucher_t_gettype = '3' ) AND ( voucher_t_state = '1' ) AND ( voucher_t_end_date > '1470640175' ) AND ( voucher_t_store_id IN ('1') ) LIMIT 1000  
[2016-08-08 15:14:36] /shop/index.php?act=mobile&op=addbrowse ( act=mobile&op=addbrowse ) 
ERR: Db Error: Duplicate entry '100070-4' for key 'PRIMARY'
INSERT  INTO `zmkj_goods_browse` (goods_id,member_id,browsetime,gc_id,gc_id_1,gc_id_2,gc_id_3) VALUES ('100070','4','1470640476','1126','1124','1125','1126')
[2016-08-08 15:16:41] /shop/index.php?act=mobile&op=addbrowse ( act=mobile&op=addbrowse ) 
ERR: Db Error: Duplicate entry '100070-4' for key 'PRIMARY'
INSERT  INTO `zmkj_goods_browse` (goods_id,member_id,browsetime,gc_id,gc_id_1,gc_id_2,gc_id_3) VALUES ('100070','4','1470640601','1126','1124','1125','1126')
[2016-08-08 15:17:18] /shop/index.php?act=mobile&op=addbrowse ( act=mobile&op=addbrowse ) 
ERR: Db Error: Duplicate entry '231-4' for key 'PRIMARY'
INSERT  INTO `zmkj_goods_browse` (goods_id,member_id,browsetime,gc_id,gc_id_1,gc_id_2,gc_id_3) VALUES ('231','4','1470640638','630','593','598','630')
[2016-08-08 15:50:56] /shop/index.php?act=mobile&op=addbrowse ( act=mobile&op=addbrowse ) 
ERR: Db Error: Duplicate entry '100071-4' for key 'PRIMARY'
INSERT  INTO `zmkj_goods_browse` (goods_id,member_id,browsetime,gc_id,gc_id_1,gc_id_2,gc_id_3) VALUES ('100071','4','1470642656','1126','1124','1125','1126')
[2016-08-08 15:51:08] /shop/index.php?act=mobile&op=addbrowse ( act=mobile&op=addbrowse ) 
ERR: Db Error: Duplicate entry '100070-4' for key 'PRIMARY'
INSERT  INTO `zmkj_goods_browse` (goods_id,member_id,browsetime,gc_id,gc_id_1,gc_id_2,gc_id_3) VALUES ('100070','4','1470642668','1126','1124','1125','1126')
[2016-08-08 16:40:22] /shop/index.php?act=mobile&op=addbrowse ( act=mobile&op=addbrowse ) 
ERR: Db Error: Duplicate entry '100075-4' for key 'PRIMARY'
INSERT  INTO `zmkj_goods_browse` (goods_id,member_id,browsetime,gc_id,gc_id_1,gc_id_2,gc_id_3) VALUES ('100075','4','1470645622','1126','1124','1125','1126')
[2016-08-08 16:45:24] /shop/index.php?act=mobile&op=addbrowse ( act=mobile&op=addbrowse ) 
ERR: Db Error: Duplicate entry '100074-4' for key 'PRIMARY'
INSERT  INTO `zmkj_goods_browse` (goods_id,member_id,browsetime,gc_id,gc_id_1,gc_id_2,gc_id_3) VALUES ('100074','4','1470645924','1126','1124','1125','1126')
[2016-08-08 16:45:29] /shop/index.php?act=mobile&op=addbrowse ( act=mobile&op=addbrowse ) 
ERR: Db Error: Duplicate entry '100073-4' for key 'PRIMARY'
INSERT  INTO `zmkj_goods_browse` (goods_id,member_id,browsetime,gc_id,gc_id_1,gc_id_2,gc_id_3) VALUES ('100073','4','1470645929','1126','1124','1125','1126')
[2016-08-08 16:45:40] /shop/index.php?act=mobile&op=addbrowse ( act=mobile&op=addbrowse ) 
ERR: Db Error: Duplicate entry '100073-4' for key 'PRIMARY'
INSERT  INTO `zmkj_goods_browse` (goods_id,member_id,browsetime,gc_id,gc_id_1,gc_id_2,gc_id_3) VALUES ('100073','4','1470645940','1126','1124','1125','1126')
[2016-08-08 16:45:47] /shop/index.php?act=mobile&op=addbrowse ( act=mobile&op=addbrowse ) 
ERR: Db Error: Duplicate entry '100102-4' for key 'PRIMARY'
INSERT  INTO `zmkj_goods_browse` (goods_id,member_id,browsetime,gc_id,gc_id_1,gc_id_2,gc_id_3) VALUES ('100102','4','1470645947','1129','1124','1125','1129')
[2016-08-08 16:46:01] /shop/index.php?act=mobile&op=addbrowse ( act=mobile&op=addbrowse ) 
ERR: Db Error: Duplicate entry '100074-4' for key 'PRIMARY'
INSERT  INTO `zmkj_goods_browse` (goods_id,member_id,browsetime,gc_id,gc_id_1,gc_id_2,gc_id_3) VALUES ('100074','4','1470645961','1126','1124','1125','1126')
[2016-08-08 16:48:15] /shop/index.php?act=mobile&op=addbrowse ( act=mobile&op=addbrowse ) 
ERR: Db Error: Duplicate entry '100074-4' for key 'PRIMARY'
INSERT  INTO `zmkj_goods_browse` (goods_id,member_id,browsetime,gc_id,gc_id_1,gc_id_2,gc_id_3) VALUES ('100074','4','1470646095','1126','1124','1125','1126')
[2016-08-08 16:56:41] /shop/index.php?act=mobile&op=addbrowse ( act=mobile&op=addbrowse ) 
ERR: Db Error: Duplicate entry '231-4' for key 'PRIMARY'
INSERT  INTO `zmkj_goods_browse` (goods_id,member_id,browsetime,gc_id,gc_id_1,gc_id_2,gc_id_3) VALUES ('231','4','1470646601','630','593','598','630')
[2016-08-08 16:58:45] /mobile/index.php?act=goods&op=goods_list&gc_id=1126&page=10&curpage=1&gc_id=1126 ( act=goods&op=goods_list ) 
ERR: Db Error: Unknown column 'goods_id' in 'order clause'
SELECT COUNT(*) AS nc_count FROM `zmkj_goods_common` WHERE ( store_id = '1' ) AND ( goods_state = '1' ) AND ( goods_verify = '1' ) GROUP BY nc_distinct ORDER BY is_own_shop desc,goods_id desc LIMIT 1  
[2016-08-08 16:59:08] /mobile/index.php?act=goods&op=goods_detail&goods_id=100075&key=92acae8bd0c2cd39446ff3d8f174b42c ( act=goods&op=goods_detail ) 
ERR: Db Error: Unknown column 'voucher_t_gettype' in 'where clause'
SELECT * FROM `zmkj_voucher_template` WHERE ( voucher_t_gettype = '3' ) AND ( voucher_t_state = '1' ) AND ( voucher_t_end_date > '1470646748' ) AND ( voucher_t_store_id IN ('1') ) LIMIT 1000  
[2016-08-08 17:06:41] /mobile/index.php?act=goods&op=goods_detail&goods_id=100059&key=3b470bc9cf1cdf4353ae47a972335c49 ( act=goods&op=goods_detail ) 
ERR: Db Error: Unknown column 'voucher_t_gettype' in 'where clause'
SELECT * FROM `zmkj_voucher_template` WHERE ( voucher_t_gettype = '3' ) AND ( voucher_t_state = '1' ) AND ( voucher_t_end_date > '1470647201' ) AND ( voucher_t_store_id IN ('1') ) LIMIT 1000  
[2016-08-08 17:06:44] /mobile/index.php?act=goods&op=goods_detail&goods_id=100080&key=3b470bc9cf1cdf4353ae47a972335c49 ( act=goods&op=goods_detail ) 
ERR: Db Error: Unknown column 'voucher_t_gettype' in 'where clause'
SELECT * FROM `zmkj_voucher_template` WHERE ( voucher_t_gettype = '3' ) AND ( voucher_t_state = '1' ) AND ( voucher_t_end_date > '1470647204' ) AND ( voucher_t_store_id IN ('1') ) LIMIT 1000  
[2016-08-08 17:07:18] /mobile/index.php?act=goods&op=goods_detail&goods_id=100075&key=d98f85c5944143a62d9fed4c753a79c3 ( act=goods&op=goods_detail ) 
ERR: Db Error: Unknown column 'voucher_t_gettype' in 'where clause'
SELECT * FROM `zmkj_voucher_template` WHERE ( voucher_t_gettype = '3' ) AND ( voucher_t_state = '1' ) AND ( voucher_t_end_date > '1470647238' ) AND ( voucher_t_store_id IN ('1') ) LIMIT 1000  
[2016-08-08 17:13:21] /shop/index.php?act=mobile&op=addbrowse ( act=mobile&op=addbrowse ) 
ERR: Db Error: Duplicate entry '100075-4' for key 'PRIMARY'
INSERT  INTO `zmkj_goods_browse` (goods_id,member_id,browsetime,gc_id,gc_id_1,gc_id_2,gc_id_3) VALUES ('100075','4','1470647601','1126','1124','1125','1126')
[2016-08-08 17:18:54] /mobile/index.php?act=goods&op=goods_list&gc_id=1126&page=10&curpage=1&gc_id=1126 ( act=goods&op=goods_list ) 
ERR: Db Error: Unknown column 'goods_id' in 'order clause'
SELECT COUNT(*) AS nc_count FROM `zmkj_goods_common` WHERE ( store_id = '1' ) AND ( goods_state = '1' ) AND ( goods_verify = '1' ) GROUP BY nc_distinct ORDER BY is_own_shop desc,goods_id desc LIMIT 1  
[2016-08-08 17:24:11] /shop/index.php?act=mobile&op=addbrowse ( act=mobile&op=addbrowse ) 
ERR: Db Error: Duplicate entry '100074-4' for key 'PRIMARY'
INSERT  INTO `zmkj_goods_browse` (goods_id,member_id,browsetime,gc_id,gc_id_1,gc_id_2,gc_id_3) VALUES ('100074','4','1470648251','1126','1124','1125','1126')
[2016-08-08 17:25:41] /mobile/index.php?act=goods&op=goods_list&gc_id=1126&page=10&curpage=1&gc_id=1126 ( act=goods&op=goods_list ) 
ERR: Db Error: Unknown column 'goods_id' in 'order clause'
SELECT COUNT(*) AS nc_count FROM `zmkj_goods_common` WHERE ( store_id = '1' ) AND ( goods_state = '1' ) AND ( goods_verify = '1' ) GROUP BY nc_distinct ORDER BY is_own_shop desc,goods_id desc LIMIT 1  
[2016-08-08 17:25:42] /mobile/index.php?act=goods&op=goods_detail&goods_id=100075&key=e9e948d37b6b94475c2041b405355cb5 ( act=goods&op=goods_detail ) 
ERR: Db Error: Unknown column 'voucher_t_gettype' in 'where clause'
SELECT * FROM `zmkj_voucher_template` WHERE ( voucher_t_gettype = '3' ) AND ( voucher_t_state = '1' ) AND ( voucher_t_end_date > '1470648342' ) AND ( voucher_t_store_id IN ('1') ) LIMIT 1000  
[2016-08-08 17:30:29] /shop/index.php?act=mobile&op=addbrowse ( act=mobile&op=addbrowse ) 
ERR: Db Error: Duplicate entry '100075-4' for key 'PRIMARY'
INSERT  INTO `zmkj_goods_browse` (goods_id,member_id,browsetime,gc_id,gc_id_1,gc_id_2,gc_id_3) VALUES ('100075','4','1470648629','1126','1124','1125','1126')
[2016-08-08 18:19:03] /shop/index.php?act=pointshop&op=index ( act=pointshop&op=index ) 
ERR: Db Error: Unknown column 'voucher_t_gettype' in 'where clause'
SELECT * FROM `zmkj_voucher_template` WHERE ( voucher_t_state = '1' ) AND ( voucher_t_gettype = '1' ) AND ( voucher_t_end_date > '1470651543' ) ORDER BY voucher_t_recommend desc,voucher_t_id desc LIMIT 1000  
[2016-08-08 19:05:28] /mobile/index.php?act=goods&op=goods_detail&goods_id=100059&key=666d25f9f5fbd23d331d7bb6d03f365e ( act=goods&op=goods_detail ) 
ERR: Db Error: Unknown column 'voucher_t_gettype' in 'where clause'
SELECT * FROM `zmkj_voucher_template` WHERE ( voucher_t_gettype = '3' ) AND ( voucher_t_state = '1' ) AND ( voucher_t_end_date > '1470654328' ) AND ( voucher_t_store_id IN ('1') ) LIMIT 1000  
[2016-08-08 19:05:55] /mobile/index.php?act=goods&op=goods_list&gc_id=1099&page=10&curpage=1&gc_id=1099 ( act=goods&op=goods_list ) 
ERR: Db Error: Unknown column 'goods_id' in 'order clause'
SELECT COUNT(*) AS nc_count FROM `zmkj_goods_common` WHERE ( store_id = '1' ) AND ( goods_state = '1' ) AND ( goods_verify = '1' ) GROUP BY nc_distinct ORDER BY is_own_shop desc,goods_id desc LIMIT 1  
[2016-08-08 19:05:57] /mobile/index.php?act=goods&op=goods_detail&goods_id=100125&key=666d25f9f5fbd23d331d7bb6d03f365e ( act=goods&op=goods_detail ) 
ERR: Db Error: Unknown column 'voucher_t_gettype' in 'where clause'
SELECT * FROM `zmkj_voucher_template` WHERE ( voucher_t_gettype = '3' ) AND ( voucher_t_state = '1' ) AND ( voucher_t_end_date > '1470654357' ) AND ( voucher_t_store_id IN ('1') ) LIMIT 1000  
[2016-08-08 19:23:50] /shop/index.php ( act=mobile&op=addbrowse ) 
ERR: Db Error: Duplicate entry '100124-37' for key 'PRIMARY'
INSERT  INTO `zmkj_goods_browse` (goods_id,member_id,browsetime,gc_id,gc_id_1,gc_id_2,gc_id_3) VALUES ('100124','37','1470655430','1098','888','1094','1098')
[2016-08-08 19:24:07] /mobile/index.php?act=goods&op=goods_detail&goods_id=100125&key=666d25f9f5fbd23d331d7bb6d03f365e ( act=goods&op=goods_detail ) 
ERR: Db Error: Unknown column 'voucher_t_gettype' in 'where clause'
SELECT * FROM `zmkj_voucher_template` WHERE ( voucher_t_gettype = '3' ) AND ( voucher_t_state = '1' ) AND ( voucher_t_end_date > '1470655447' ) AND ( voucher_t_store_id IN ('1') ) LIMIT 1000  
[2016-08-08 19:24:23] /shop/index.php ( act=mobile&op=addbrowse ) 
ERR: Db Error: Duplicate entry '100124-37' for key 'PRIMARY'
INSERT  INTO `zmkj_goods_browse` (goods_id,member_id,browsetime,gc_id,gc_id_1,gc_id_2,gc_id_3) VALUES ('100124','37','1470655463','1098','888','1094','1098')
