[2016-10-14 01:10:25] /shop/index.php?act=pointshop&op=index ( act=pointshop&op=index ) 
ERR: Db Error: Unknown column 'voucher_t_gettype' in 'where clause'
SELECT * FROM `zmkj_voucher_template` WHERE ( voucher_t_state = '1' ) AND ( voucher_t_gettype = '1' ) AND ( voucher_t_end_date > '1476378625' ) ORDER BY voucher_t_recommend desc,voucher_t_id desc LIMIT 1000  
[2016-10-14 15:43:42] /shop/index.php?act=pointshop&op=index ( act=pointshop&op=index ) 
ERR: Db Error: Unknown column 'voucher_t_gettype' in 'where clause'
SELECT * FROM `zmkj_voucher_template` WHERE ( voucher_t_state = '1' ) AND ( voucher_t_gettype = '1' ) AND ( voucher_t_end_date > '1476431022' ) ORDER BY voucher_t_recommend desc,voucher_t_id desc LIMIT 1000  
[2016-10-14 16:54:20] /shop/index.php ( act=mobile&op=addbrowse ) 
ERR: Db Error: Duplicate entry '231-81' for key 'PRIMARY'
INSERT  INTO `zmkj_goods_browse` (goods_id,member_id,browsetime,gc_id,gc_id_1,gc_id_2,gc_id_3) VALUES ('231','81','1476435260','630','593','598','630')
[2016-10-14 16:54:48] /shop/index.php ( act=mobile&op=buystep2 ) 
ERR: Db Error: You have an error in your SQL syntax; check the manual that corresponds to your MySQL server version for the right syntax to use near 'LIMIT 1' at line 1
SELECT * FROM `zmkj_address` WHERE address_id= LIMIT 1  
[2016-10-14 16:54:48] /shop/index.php ( act=mobile&op=buystep2 ) 
ERR: Db Error: Column 'reciver_name' cannot be null
INSERT  INTO `zmkj_order_common` (store_id,order_id,order_message,voucher_price,voucher_code,reciver_info,reciver_name,daddress_id,invoice_info) VALUES ('','1102','',NULL,'','a:5:{s:5:\"phone\";N;s:9:\"mob_phone\";N;s:7:\"address\";s:2:\"  \";s:4:\"area\";N;s:6:\"street\";N;}',NULL,'','不需要发票')
[2016-10-14 16:55:15] /shop/index.php ( act=mobile&op=addbrowse ) 
ERR: Db Error: Duplicate entry '231-81' for key 'PRIMARY'
INSERT  INTO `zmkj_goods_browse` (goods_id,member_id,browsetime,gc_id,gc_id_1,gc_id_2,gc_id_3) VALUES ('231','81','1476435315','630','593','598','630')
[2016-10-14 16:55:33] /shop/index.php ( act=mobile&op=buystep2 ) 
ERR: Db Error: You have an error in your SQL syntax; check the manual that corresponds to your MySQL server version for the right syntax to use near 'LIMIT 1' at line 1
SELECT * FROM `zmkj_address` WHERE address_id= LIMIT 1  
[2016-10-14 16:55:33] /shop/index.php ( act=mobile&op=buystep2 ) 
ERR: Db Error: Column 'reciver_name' cannot be null
INSERT  INTO `zmkj_order_common` (store_id,order_id,order_message,voucher_price,voucher_code,reciver_info,reciver_name,daddress_id,invoice_info) VALUES ('','1103','',NULL,'','a:5:{s:5:\"phone\";N;s:9:\"mob_phone\";N;s:7:\"address\";s:2:\"  \";s:4:\"area\";N;s:6:\"street\";N;}',NULL,'','不需要发票')
[2016-10-14 16:58:17] /shop/index.php ( act=mobile&op=addbrowse ) 
ERR: Db Error: Duplicate entry '231-81' for key 'PRIMARY'
INSERT  INTO `zmkj_goods_browse` (goods_id,member_id,browsetime,gc_id,gc_id_1,gc_id_2,gc_id_3) VALUES ('231','81','1476435497','630','593','598','630')
[2016-10-14 18:09:38] /shop/index.php ( act=mobile&op=addbrowse ) 
ERR: Db Error: Duplicate entry '231-81' for key 'PRIMARY'
INSERT  INTO `zmkj_goods_browse` (goods_id,member_id,browsetime,gc_id,gc_id_1,gc_id_2,gc_id_3) VALUES ('231','81','1476439778','630','593','598','630')
[2016-10-14 18:09:44] /shop/index.php ( act=mobile&op=buystep2 ) 
ERR: Db Error: You have an error in your SQL syntax; check the manual that corresponds to your MySQL server version for the right syntax to use near 'LIMIT 1' at line 1
SELECT * FROM `zmkj_address` WHERE address_id= LIMIT 1  
[2016-10-14 18:09:44] /shop/index.php ( act=mobile&op=buystep2 ) 
ERR: Db Error: Column 'reciver_name' cannot be null
INSERT  INTO `zmkj_order_common` (store_id,order_id,order_message,voucher_price,voucher_code,reciver_info,reciver_name,daddress_id,invoice_info) VALUES ('','1104','',NULL,'','a:5:{s:5:\"phone\";N;s:9:\"mob_phone\";N;s:7:\"address\";s:2:\"  \";s:4:\"area\";N;s:6:\"street\";N;}',NULL,'','不需要发票')
