[2016-10-29 10:47:14] /shop/index.php?act=pointshop&op=index ( act=pointshop&op=index ) 
ERR: Db Error: Unknown column 'voucher_t_gettype' in 'where clause'
SELECT * FROM `zmkj_voucher_template` WHERE ( voucher_t_state = '1' ) AND ( voucher_t_gettype = '1' ) AND ( voucher_t_end_date > '1477709234' ) ORDER BY voucher_t_recommend desc,voucher_t_id desc LIMIT 1000  
[2016-10-29 13:31:26] /shop/index.php ( act=mobile&op=addbrowse ) 
ERR: Db Error: Duplicate entry '100110-81' for key 'PRIMARY'
INSERT  INTO `zmkj_goods_browse` (goods_id,member_id,browsetime,gc_id,gc_id_1,gc_id_2,gc_id_3) VALUES ('100110','81','1477719086','1139','1137','1138','1139')
[2016-10-29 18:21:07] /mobile/index.php?act=index&op=shebeiinfo&goods_id=100067 ( act=index&op=shebeiinfo ) 
ERR: Db Error: Table 'bangongshi.zmkj_table' doesn't exist
SELECT * FROM `zmkj_table` WHERE ( store_id = '1' ) LIMIT 1  
[2016-10-29 23:20:03] /mobile/index.php?act=index&op=shebeiinfo&goods_id=100038 ( act=index&op=shebeiinfo ) 
ERR: Db Error: Table 'bangongshi.zmkj_table' doesn't exist
SELECT * FROM `zmkj_table` WHERE ( store_id = '1' ) LIMIT 1  
[2016-10-29 23:20:29] /mobile/index.php?act=goods&op=goods_list&gc_id=1126&page=10&curpage=1&gc_id=1126 ( act=goods&op=goods_list ) 
ERR: Db Error: Unknown column 'goods_id' in 'order clause'
SELECT COUNT(*) AS nc_count FROM `zmkj_goods_common` WHERE ( store_id = '1' ) AND ( goods_state = '1' ) AND ( goods_verify = '1' ) GROUP BY nc_distinct ORDER BY is_own_shop desc,goods_id desc LIMIT 1  
[2016-10-29 23:20:43] /mobile/index.php?act=goods&op=goods_list&gc_id=1126&page=10&curpage=2&gc_id=1126 ( act=goods&op=goods_list ) 
ERR: Db Error: Unknown column 'goods_id' in 'order clause'
SELECT COUNT(*) AS nc_count FROM `zmkj_goods_common` WHERE ( store_id = '4' ) AND ( goods_state = '1' ) AND ( goods_verify = '1' ) GROUP BY nc_distinct ORDER BY is_own_shop desc,goods_id desc LIMIT 1  
[2016-10-29 23:21:47] /mobile/index.php?act=goods&op=goods_list&gc_id=1126&page=10&curpage=1&gc_id=1126 ( act=goods&op=goods_list ) 
ERR: Db Error: Unknown column 'goods_id' in 'order clause'
SELECT COUNT(*) AS nc_count FROM `zmkj_goods_common` WHERE ( store_id = '1' ) AND ( goods_state = '1' ) AND ( goods_verify = '1' ) GROUP BY nc_distinct ORDER BY is_own_shop desc,goods_id desc LIMIT 1  
