[2016-09-23 10:46:14] /shop/index.php?act=pointshop&op=index ( act=pointshop&op=index ) 
ERR: Db Error: Unknown column 'voucher_t_gettype' in 'where clause'
SELECT * FROM `zmkj_voucher_template` WHERE ( voucher_t_state = '1' ) AND ( voucher_t_gettype = '1' ) AND ( voucher_t_end_date > '1474598774' ) ORDER BY voucher_t_recommend desc,voucher_t_id desc LIMIT 1000  
[2016-09-23 11:32:23] /shop/index.php ( act=mobile&op=addbrowse ) 
ERR: Db Error: Duplicate entry '100125-4' for key 'PRIMARY'
INSERT  INTO `zmkj_goods_browse` (goods_id,member_id,browsetime,gc_id,gc_id_1,gc_id_2,gc_id_3) VALUES ('100125','4','1474601543','1099','888','1094','1099')
[2016-09-23 11:32:57] /shop/index.php ( act=mobile&op=addbrowse ) 
ERR: Db Error: Duplicate entry '100125-4' for key 'PRIMARY'
INSERT  INTO `zmkj_goods_browse` (goods_id,member_id,browsetime,gc_id,gc_id_1,gc_id_2,gc_id_3) VALUES ('100125','4','1474601577','1099','888','1094','1099')
[2016-09-23 11:40:43] /shop/index.php ( act=mobile&op=buystep2 ) 
ERR: Db Error: You have an error in your SQL syntax; check the manual that corresponds to your MySQL server version for the right syntax to use near 'LIMIT 1' at line 1
SELECT * FROM `zmkj_address` WHERE address_id= LIMIT 1  
[2016-09-23 11:40:43] /shop/index.php ( act=mobile&op=buystep2 ) 
ERR: Db Error: Column 'reciver_name' cannot be null
INSERT  INTO `zmkj_order_common` (store_id,order_id,order_message,voucher_price,voucher_code,reciver_info,reciver_name,daddress_id,invoice_info) VALUES ('','993','',NULL,'','a:5:{s:5:\"phone\";N;s:9:\"mob_phone\";N;s:7:\"address\";s:2:\"  \";s:4:\"area\";N;s:6:\"street\";N;}',NULL,'','不需要发票')
[2016-09-23 15:26:58] /shop/index.php ( act=mobile&op=addbrowse ) 
ERR: Db Error: Duplicate entry '100125-37' for key 'PRIMARY'
INSERT  INTO `zmkj_goods_browse` (goods_id,member_id,browsetime,gc_id,gc_id_1,gc_id_2,gc_id_3) VALUES ('100125','37','1474615618','1099','888','1094','1099')
[2016-09-23 15:40:53] /shop/index.php ( act=mobile&op=addbrowse ) 
ERR: Db Error: Duplicate entry '100125-37' for key 'PRIMARY'
INSERT  INTO `zmkj_goods_browse` (goods_id,member_id,browsetime,gc_id,gc_id_1,gc_id_2,gc_id_3) VALUES ('100125','37','1474616453','1099','888','1094','1099')
[2016-09-23 15:45:02] /shop/index.php ( act=mobile&op=addbrowse ) 
ERR: Db Error: Duplicate entry '100125-37' for key 'PRIMARY'
INSERT  INTO `zmkj_goods_browse` (goods_id,member_id,browsetime,gc_id,gc_id_1,gc_id_2,gc_id_3) VALUES ('100125','37','1474616702','1099','888','1094','1099')
[2016-09-23 16:01:59] /shop/index.php ( act=mobile&op=addbrowse ) 
ERR: Db Error: Duplicate entry '100125-37' for key 'PRIMARY'
INSERT  INTO `zmkj_goods_browse` (goods_id,member_id,browsetime,gc_id,gc_id_1,gc_id_2,gc_id_3) VALUES ('100125','37','1474617719','1099','888','1094','1099')
[2016-09-23 16:33:56] /shop/index.php ( act=mobile&op=addbrowse ) 
ERR: Db Error: Duplicate entry '100125-37' for key 'PRIMARY'
INSERT  INTO `zmkj_goods_browse` (goods_id,member_id,browsetime,gc_id,gc_id_1,gc_id_2,gc_id_3) VALUES ('100125','37','1474619636','1099','888','1094','1099')
[2016-09-23 16:34:43] /shop/index.php ( act=mobile&op=addbrowse ) 
ERR: Db Error: Duplicate entry '100125-37' for key 'PRIMARY'
INSERT  INTO `zmkj_goods_browse` (goods_id,member_id,browsetime,gc_id,gc_id_1,gc_id_2,gc_id_3) VALUES ('100125','37','1474619683','1099','888','1094','1099')
[2016-09-23 16:39:33] /shop/index.php ( act=mobile&op=addbrowse ) 
ERR: Db Error: Duplicate entry '100125-37' for key 'PRIMARY'
INSERT  INTO `zmkj_goods_browse` (goods_id,member_id,browsetime,gc_id,gc_id_1,gc_id_2,gc_id_3) VALUES ('100125','37','1474619973','1099','888','1094','1099')
[2016-09-23 16:43:29] /shop/index.php ( act=mobile&op=addbrowse ) 
ERR: Db Error: Duplicate entry '100125-37' for key 'PRIMARY'
INSERT  INTO `zmkj_goods_browse` (goods_id,member_id,browsetime,gc_id,gc_id_1,gc_id_2,gc_id_3) VALUES ('100125','37','1474620209','1099','888','1094','1099')
[2016-09-23 16:44:32] /shop/index.php ( act=mobile&op=addbrowse ) 
ERR: Db Error: Duplicate entry '100125-37' for key 'PRIMARY'
INSERT  INTO `zmkj_goods_browse` (goods_id,member_id,browsetime,gc_id,gc_id_1,gc_id_2,gc_id_3) VALUES ('100125','37','1474620272','1099','888','1094','1099')
[2016-09-23 16:46:05] /shop/index.php ( act=mobile&op=addbrowse ) 
ERR: Db Error: Duplicate entry '100125-37' for key 'PRIMARY'
INSERT  INTO `zmkj_goods_browse` (goods_id,member_id,browsetime,gc_id,gc_id_1,gc_id_2,gc_id_3) VALUES ('100125','37','1474620365','1099','888','1094','1099')
[2016-09-23 16:58:06] /shop/index.php ( act=mobile&op=addbrowse ) 
ERR: Db Error: Duplicate entry '100125-57' for key 'PRIMARY'
INSERT  INTO `zmkj_goods_browse` (goods_id,member_id,browsetime,gc_id,gc_id_1,gc_id_2,gc_id_3) VALUES ('100125','57','1474621086','1099','888','1094','1099')
[2016-09-23 19:28:24] /shop/index.php?act=mobile&op=ordercancel ( act=mobile&op=ordercancel ) 
ERR: Db Error: Table 'bangongshi.zmkj_' doesn't exist
UPDATE `zmkj_` SET order_state='0',delete_state='1' WHERE ( order_id = '992' ) AND ( buyer_id = '4' )
[2016-09-23 19:29:21] /shop/index.php?act=mobile&op=ordercancel ( act=mobile&op=ordercancel ) 
ERR: Db Error: Table 'bangongshi.zmkj_' doesn't exist
UPDATE `zmkj_` SET order_state='0',delete_state='1' WHERE ( order_id = '991' ) AND ( buyer_id = '4' )
[2016-09-23 19:44:07] /shop/index.php ( act=mobile&op=ordercancel ) 
ERR: Db Error: Table 'bangongshi.zmkj_' doesn't exist
UPDATE `zmkj_` SET order_state='0',delete_state='1' WHERE ( order_id = '665' ) AND ( buyer_id = '37' )
[2016-09-23 19:44:15] /shop/index.php ( act=mobile&op=ordercancel ) 
ERR: Db Error: Table 'bangongshi.zmkj_' doesn't exist
UPDATE `zmkj_` SET order_state='0',delete_state='1' WHERE ( order_id = '243' ) AND ( buyer_id = '37' )
[2016-09-23 19:58:07] /shop/index.php ( act=mobile&op=ordercancel ) 
ERR: Db Error: Table 'bangongshi.zmkj_' doesn't exist
UPDATE `zmkj_` SET order_state='0',delete_state='1' WHERE ( order_id = '568' ) AND ( buyer_id = '37' )
[2016-09-23 19:58:13] /shop/index.php ( act=mobile&op=ordercancel ) 
ERR: Db Error: Table 'bangongshi.zmkj_' doesn't exist
UPDATE `zmkj_` SET order_state='0',delete_state='1' WHERE ( order_id = '240' ) AND ( buyer_id = '37' )
[2016-09-23 19:58:13] /shop/index.php ( act=mobile&op=ordercancel ) 
ERR: Db Error: BIGINT UNSIGNED value is out of range in '(`bangongshi`.`zmkj_goods`.`goods_salenum` - 2)'
UPDATE `zmkj_goods` SET goods_storage=goods_storage+2,goods_salenum=goods_salenum-2,goods_edittime='1474631893' WHERE ( goods_id IN ('100122') )
[2016-09-23 20:42:26] /shop/index.php?act=mobile&op=addbrowse ( act=mobile&op=addbrowse ) 
ERR: Db Error: Duplicate entry '100125-4' for key 'PRIMARY'
INSERT  INTO `zmkj_goods_browse` (goods_id,member_id,browsetime,gc_id,gc_id_1,gc_id_2,gc_id_3) VALUES ('100125','4','1474634546','1099','888','1094','1099')
