[2016-10-27 10:01:55] /mobile/index.php?act=goods&op=goods_list&gc_id=1139&page=10&curpage=1&gc_id=1139 ( act=goods&op=goods_list ) 
ERR: Db Error: Unknown column 'goods_id' in 'order clause'
SELECT COUNT(*) AS nc_count FROM `zmkj_goods_common` WHERE ( store_id = '1' ) AND ( goods_state = '1' ) AND ( goods_verify = '1' ) GROUP BY nc_distinct ORDER BY is_own_shop desc,goods_id desc LIMIT 1  
[2016-10-27 11:12:26] /mobile/index.php?act=index&op=shebeiinfo&goods_id= ( act=index&op=shebeiinfo ) 
ERR: Db Error: Table 'bangongshi.zmkj_table' doesn't exist
SELECT * FROM `zmkj_table` WHERE ( store_id = NULL ) LIMIT 1  
[2016-10-27 11:12:29] /mobile/index.php?act=index&op=shebeiinfo&goods_id= ( act=index&op=shebeiinfo ) 
ERR: Db Error: Table 'bangongshi.zmkj_table' doesn't exist
SELECT * FROM `zmkj_table` WHERE ( store_id = NULL ) LIMIT 1  
[2016-10-27 11:12:51] /mobile/index.php?act=index&op=shebeiinfo&goods_id=51 ( act=index&op=shebeiinfo ) 
ERR: Db Error: Table 'bangongshi.zmkj_table' doesn't exist
SELECT * FROM `zmkj_table` WHERE ( store_id = NULL ) LIMIT 1  
[2016-10-27 11:15:39] /mobile/index.php?act=index&op=shebeiinfo&goods_id=51 ( act=index&op=shebeiinfo ) 
ERR: Db Error: Table 'bangongshi.zmkj_table' doesn't exist
SELECT * FROM `zmkj_table` WHERE ( store_id = NULL ) LIMIT 1  
[2016-10-27 11:15:40] /mobile/index.php?act=index&op=shebeiinfo&goods_id=51 ( act=index&op=shebeiinfo ) 
ERR: Db Error: Table 'bangongshi.zmkj_table' doesn't exist
SELECT * FROM `zmkj_table` WHERE ( store_id = NULL ) LIMIT 1  
[2016-10-27 11:16:03] /mobile/index.php?act=index&op=shebeiinfo&goods_id=51 ( act=index&op=shebeiinfo ) 
ERR: Db Error: Table 'bangongshi.zmkj_table' doesn't exist
SELECT * FROM `zmkj_table` WHERE ( store_id = NULL ) LIMIT 1  
[2016-10-27 11:16:04] /mobile/index.php?act=index&op=shebeiinfo&goods_id=51 ( act=index&op=shebeiinfo ) 
ERR: Db Error: Table 'bangongshi.zmkj_table' doesn't exist
SELECT * FROM `zmkj_table` WHERE ( store_id = NULL ) LIMIT 1  
[2016-10-27 11:16:05] /mobile/index.php?act=index&op=shebeiinfo&goods_id=51 ( act=index&op=shebeiinfo ) 
ERR: Db Error: Table 'bangongshi.zmkj_table' doesn't exist
SELECT * FROM `zmkj_table` WHERE ( store_id = NULL ) LIMIT 1  
[2016-10-27 11:16:26] /mobile/index.php?act=index&op=shebeiinfo&goods_id=51 ( act=index&op=shebeiinfo ) 
ERR: Db Error: Table 'bangongshi.zmkj_table' doesn't exist
SELECT * FROM `zmkj_table` WHERE ( store_id = NULL ) LIMIT 1  
[2016-10-27 11:16:27] /mobile/index.php?act=index&op=shebeiinfo&goods_id=51 ( act=index&op=shebeiinfo ) 
ERR: Db Error: Table 'bangongshi.zmkj_table' doesn't exist
SELECT * FROM `zmkj_table` WHERE ( store_id = NULL ) LIMIT 1  
[2016-10-27 11:16:33] /mobile/index.php?act=index&op=shebeiinfo&goods_id=51 ( act=index&op=shebeiinfo ) 
ERR: Db Error: Table 'bangongshi.zmkj_table' doesn't exist
SELECT * FROM `zmkj_table` WHERE ( store_id = NULL ) LIMIT 1  
[2016-10-27 11:17:36] /mobile/index.php?act=index&op=shebeiinfo&goods_id=51 ( act=index&op=shebeiinfo ) 
ERR: Db Error: Table 'bangongshi.zmkj_table' doesn't exist
SELECT * FROM `zmkj_table` WHERE ( store_id = NULL ) LIMIT 1  
[2016-10-27 11:19:24] /mobile/index.php?act=index&op=shebeiinfo&goods_id=51 ( act=index&op=shebeiinfo ) 
ERR: Db Error: Table 'bangongshi.zmkj_table' doesn't exist
SELECT * FROM `zmkj_table` WHERE ( store_id = NULL ) LIMIT 1  
[2016-10-27 11:20:23] /mobile/index.php?act=index&op=shebeiinfo&goods_id=51 ( act=index&op=shebeiinfo ) 
ERR: Db Error: Table 'bangongshi.zmkj_table' doesn't exist
SELECT * FROM `zmkj_table` WHERE ( store_id = NULL ) LIMIT 1  
[2016-10-27 11:20:38] /mobile/index.php?act=index&op=shebeiinfo&goods_id=51 ( act=index&op=shebeiinfo ) 
ERR: Db Error: Table 'bangongshi.zmkj_table' doesn't exist
SELECT * FROM `zmkj_table` WHERE ( store_id = NULL ) LIMIT 1  
[2016-10-27 11:20:40] /mobile/index.php?act=index&op=shebeiinfo&goods_id=51 ( act=index&op=shebeiinfo ) 
ERR: Db Error: Table 'bangongshi.zmkj_table' doesn't exist
SELECT * FROM `zmkj_table` WHERE ( store_id = NULL ) LIMIT 1  
[2016-10-27 11:20:50] /mobile/index.php?act=index&op=shebeiinfo&goods_id=51 ( act=index&op=shebeiinfo ) 
ERR: Db Error: Table 'bangongshi.zmkj_table' doesn't exist
SELECT * FROM `zmkj_table` WHERE ( store_id = NULL ) LIMIT 1  
[2016-10-27 11:20:57] /mobile/index.php?act=index&op=shebeiinfo&goods_id=51 ( act=index&op=shebeiinfo ) 
ERR: Db Error: Table 'bangongshi.zmkj_table' doesn't exist
SELECT * FROM `zmkj_table` WHERE ( store_id = NULL ) LIMIT 1  
[2016-10-27 11:21:32] /mobile/index.php?act=index&op=shebeiinfo&goods_id=51 ( act=index&op=shebeiinfo ) 
ERR: Db Error: Table 'bangongshi.zmkj_table' doesn't exist
SELECT * FROM `zmkj_table` WHERE ( store_id = NULL ) LIMIT 1  
[2016-10-27 11:21:55] /mobile/index.php?act=index&op=shebeiinfo&goods_id=51 ( act=index&op=shebeiinfo ) 
ERR: Db Error: Table 'bangongshi.zmkj_table' doesn't exist
SELECT * FROM `zmkj_table` WHERE ( store_id = NULL ) LIMIT 1  
[2016-10-27 11:22:22] /mobile/index.php?act=index&op=shebeiinfo&goods_id=51 ( act=index&op=shebeiinfo ) 
ERR: Db Error: Table 'bangongshi.zmkj_table' doesn't exist
SELECT * FROM `zmkj_table` WHERE ( store_id = NULL ) LIMIT 1  
[2016-10-27 11:23:14] /mobile/index.php?act=index&op=shebeiinfo&goods_id= ( act=index&op=shebeiinfo ) 
ERR: Db Error: Table 'bangongshi.zmkj_table' doesn't exist
SELECT * FROM `zmkj_table` WHERE ( store_id = NULL ) LIMIT 1  
[2016-10-27 11:25:33] /mobile/index.php?act=index&op=shebeiinfo&goods_id=51 ( act=index&op=shebeiinfo ) 
ERR: Db Error: Table 'bangongshi.zmkj_table' doesn't exist
SELECT * FROM `zmkj_table` WHERE ( store_id = NULL ) LIMIT 1  
[2016-10-27 11:26:38] /mobile/index.php?act=index&op=shebeiinfo&goods_id=100013 ( act=index&op=shebeiinfo ) 
ERR: Db Error: Table 'bangongshi.zmkj_table' doesn't exist
SELECT * FROM `zmkj_table` WHERE ( store_id = '1' ) LIMIT 1  
[2016-10-27 11:27:41] /mobile/index.php?act=index&op=shebeiinfo&goods_id=100013 ( act=index&op=shebeiinfo ) 
ERR: Db Error: Table 'bangongshi.zmkj_table' doesn't exist
SELECT * FROM `zmkj_table` WHERE ( store_id = '1' ) LIMIT 1  
[2016-10-27 11:27:43] /mobile/index.php?act=index&op=shebeiinfo&goods_id=100013 ( act=index&op=shebeiinfo ) 
ERR: Db Error: Table 'bangongshi.zmkj_table' doesn't exist
SELECT * FROM `zmkj_table` WHERE ( store_id = '1' ) LIMIT 1  
[2016-10-27 11:29:08] /mobile/index.php?act=index&op=shebeiinfo&goods_id=100013 ( act=index&op=shebeiinfo ) 
ERR: Db Error: Table 'bangongshi.zmkj_table' doesn't exist
SELECT * FROM `zmkj_table` WHERE ( store_id = '1' ) LIMIT 1  
[2016-10-27 11:29:56] /mobile/index.php?act=index&op=shebeiinfo&goods_id=100013 ( act=index&op=shebeiinfo ) 
ERR: Db Error: Table 'bangongshi.zmkj_table' doesn't exist
SELECT * FROM `zmkj_table` WHERE ( store_id = '1' ) LIMIT 1  
[2016-10-27 11:31:45] /mobile/index.php?act=index&op=shebeiinfo&goods_id=100013 ( act=index&op=shebeiinfo ) 
ERR: Db Error: Table 'bangongshi.zmkj_table' doesn't exist
SELECT * FROM `zmkj_table` WHERE ( store_id = '1' ) LIMIT 1  
[2016-10-27 11:52:06] /mobile/index.php?act=index&op=shebeiinfo&goods_id=100013 ( act=index&op=shebeiinfo ) 
ERR: Db Error: Table 'bangongshi.zmkj_table' doesn't exist
SELECT * FROM `zmkj_table` WHERE ( store_id = '1' ) LIMIT 1  
[2016-10-27 11:52:08] /mobile/index.php?act=index&op=shebeiinfo&goods_id=100013 ( act=index&op=shebeiinfo ) 
ERR: Db Error: Table 'bangongshi.zmkj_table' doesn't exist
SELECT * FROM `zmkj_table` WHERE ( store_id = '1' ) LIMIT 1  
[2016-10-27 11:52:09] /mobile/index.php?act=index&op=shebeiinfo&goods_id=100013 ( act=index&op=shebeiinfo ) 
ERR: Db Error: Table 'bangongshi.zmkj_table' doesn't exist
SELECT * FROM `zmkj_table` WHERE ( store_id = '1' ) LIMIT 1  
[2016-10-27 11:53:23] /mobile/index.php?act=index&op=shebeiinfo&goods_id=100013 ( act=index&op=shebeiinfo ) 
ERR: Db Error: Table 'bangongshi.zmkj_table' doesn't exist
SELECT * FROM `zmkj_table` WHERE ( store_id = '1' ) LIMIT 1  
[2016-10-27 11:55:18] /mobile/index.php?act=index&op=shebeiinfo&goods_id=100013 ( act=index&op=shebeiinfo ) 
ERR: Db Error: Table 'bangongshi.zmkj_table' doesn't exist
SELECT * FROM `zmkj_table` WHERE ( store_id = '1' ) LIMIT 1  
[2016-10-27 11:58:06] /mobile/index.php?act=index&op=shebeiinfo&goods_id=100013 ( act=index&op=shebeiinfo ) 
ERR: Db Error: Table 'bangongshi.zmkj_table' doesn't exist
SELECT * FROM `zmkj_table` WHERE ( store_id = '1' ) LIMIT 1  
[2016-10-27 11:58:10] /mobile/index.php?act=index&op=shebeiinfo&goods_id=51 ( act=index&op=shebeiinfo ) 
ERR: Db Error: Table 'bangongshi.zmkj_table' doesn't exist
SELECT * FROM `zmkj_table` WHERE ( store_id = NULL ) LIMIT 1  
[2016-10-27 12:02:30] /mobile/index.php?act=index&op=shebeiinfo&goods_id=51 ( act=index&op=shebeiinfo ) 
ERR: Db Error: Table 'bangongshi.zmkj_table' doesn't exist
SELECT * FROM `zmkj_table` WHERE ( store_id = NULL ) LIMIT 1  
[2016-10-27 12:13:16] /mobile/index.php?act=index&op=shebeiinfo&goods_id=51 ( act=index&op=shebeiinfo ) 
ERR: Db Error: Table 'bangongshi.zmkj_table' doesn't exist
SELECT * FROM `zmkj_table` WHERE ( store_id = NULL ) LIMIT 1  
[2016-10-27 12:44:50] /mobile/index.php?act=index&op=shebeiinfo&goods_id=100017 ( act=index&op=shebeiinfo ) 
ERR: Db Error: Table 'bangongshi.zmkj_table' doesn't exist
SELECT * FROM `zmkj_table` WHERE ( store_id = '1' ) LIMIT 1  
[2016-10-27 12:44:52] /mobile/index.php?act=index&op=shebeiinfo&goods_id=100017 ( act=index&op=shebeiinfo ) 
ERR: Db Error: Table 'bangongshi.zmkj_table' doesn't exist
SELECT * FROM `zmkj_table` WHERE ( store_id = '1' ) LIMIT 1  
[2016-10-27 12:53:57] /mobile/index.php?act=goods&op=goods_list&b_id=192&page=10&curpage=1&b_id=192 ( act=goods&op=goods_list ) 
ERR: Db Error: Unknown column 'goods_id' in 'order clause'
SELECT COUNT(*) AS nc_count FROM `zmkj_goods_common` WHERE ( store_id = '4' ) AND ( goods_state = '1' ) AND ( goods_verify = '1' ) GROUP BY nc_distinct ORDER BY is_own_shop desc,goods_id desc LIMIT 1  
[2016-10-27 12:54:58] /mobile/index.php?act=goods&op=goods_list&gc_id=1098&page=10&curpage=1&gc_id=1098 ( act=goods&op=goods_list ) 
ERR: Db Error: Unknown column 'goods_id' in 'order clause'
SELECT COUNT(*) AS nc_count FROM `zmkj_goods_common` WHERE ( store_id = '1' ) AND ( goods_state = '1' ) AND ( goods_verify = '1' ) GROUP BY nc_distinct ORDER BY is_own_shop desc,goods_id desc LIMIT 1  
[2016-10-27 13:04:52] /mobile/index.php?act=index&op=shebeiinfo&goods_id=51 ( act=index&op=shebeiinfo ) 
ERR: Db Error: Table 'bangongshi.zmkj_table' doesn't exist
SELECT * FROM `zmkj_table` WHERE ( store_id = NULL ) LIMIT 1  
[2016-10-27 13:04:54] /mobile/index.php?act=index&op=shebeiinfo&goods_id=51 ( act=index&op=shebeiinfo ) 
ERR: Db Error: Table 'bangongshi.zmkj_table' doesn't exist
SELECT * FROM `zmkj_table` WHERE ( store_id = NULL ) LIMIT 1  
[2016-10-27 13:07:22] /mobile/index.php?act=index&op=shebeiinfo&goods_id=51 ( act=index&op=shebeiinfo ) 
ERR: Db Error: Table 'bangongshi.zmkj_table' doesn't exist
SELECT * FROM `zmkj_table` WHERE ( store_id = NULL ) LIMIT 1  
[2016-10-27 13:07:24] /mobile/index.php?act=index&op=shebeiinfo&goods_id=51 ( act=index&op=shebeiinfo ) 
ERR: Db Error: Table 'bangongshi.zmkj_table' doesn't exist
SELECT * FROM `zmkj_table` WHERE ( store_id = NULL ) LIMIT 1  
[2016-10-27 13:07:24] /mobile/index.php?act=index&op=shebeiinfo&goods_id=51 ( act=index&op=shebeiinfo ) 
ERR: Db Error: Table 'bangongshi.zmkj_table' doesn't exist
SELECT * FROM `zmkj_table` WHERE ( store_id = NULL ) LIMIT 1  
[2016-10-27 13:07:28] /mobile/index.php?act=index&op=shebeiinfo&goods_id=100013 ( act=index&op=shebeiinfo ) 
ERR: Db Error: Table 'bangongshi.zmkj_table' doesn't exist
SELECT * FROM `zmkj_table` WHERE ( store_id = '1' ) LIMIT 1  
[2016-10-27 13:11:04] /mobile/index.php?act=index&op=shebeiinfo&goods_id=100017 ( act=index&op=shebeiinfo ) 
ERR: Db Error: Table 'bangongshi.zmkj_table' doesn't exist
SELECT * FROM `zmkj_table` WHERE ( store_id = '1' ) LIMIT 1  
[2016-10-27 13:11:15] /mobile/index.php?act=index&op=shebeiinfo&goods_id=100017 ( act=index&op=shebeiinfo ) 
ERR: Db Error: Table 'bangongshi.zmkj_table' doesn't exist
SELECT * FROM `zmkj_table` WHERE ( store_id = '1' ) LIMIT 1  
[2016-10-27 13:11:31] /mobile/index.php?act=index&op=shebeiinfo&goods_id=100017 ( act=index&op=shebeiinfo ) 
ERR: Db Error: Table 'bangongshi.zmkj_table' doesn't exist
SELECT * FROM `zmkj_table` WHERE ( store_id = '1' ) LIMIT 1  
[2016-10-27 13:14:01] /mobile/index.php?act=index&op=shebeiinfo&goods_id=100017 ( act=index&op=shebeiinfo ) 
ERR: Db Error: Table 'bangongshi.zmkj_table' doesn't exist
SELECT * FROM `zmkj_table` WHERE ( store_id = '1' ) LIMIT 1  
[2016-10-27 13:35:54] /mobile/index.php?act=index&op=shebeiinfo&goods_id=100054 ( act=index&op=shebeiinfo ) 
ERR: Db Error: Table 'bangongshi.zmkj_table' doesn't exist
SELECT * FROM `zmkj_table` WHERE ( store_id = '1' ) LIMIT 1  
[2016-10-27 13:54:57] /shop/index.php ( act=mobile&op=addbrowse ) 
ERR: Db Error: Duplicate entry '231-81' for key 'PRIMARY'
INSERT  INTO `zmkj_goods_browse` (goods_id,member_id,browsetime,gc_id,gc_id_1,gc_id_2,gc_id_3) VALUES ('231','81','1477547697','630','593','598','630')
[2016-10-27 14:00:06] /shop/index.php ( act=mobile&op=addbrowse ) 
ERR: Db Error: Duplicate entry '100070-81' for key 'PRIMARY'
INSERT  INTO `zmkj_goods_browse` (goods_id,member_id,browsetime,gc_id,gc_id_1,gc_id_2,gc_id_3) VALUES ('100070','81','1477548006','1126','1124','1125','1126')
[2016-10-27 14:13:40] /shop/index.php ( act=repair&op=userwx ) 
ERR: Db Error: You have an error in your SQL syntax; check the manual that corresponds to your MySQL server version for the right syntax to use near 'LIMIT 1' at line 1
SELECT member_name,member_mobile FROM `zmkj_member` WHERE member_id= LIMIT 1  
[2016-10-27 14:16:36] /mobile/index.php?act=index&op=shebeiinfo&goods_id=100017 ( act=index&op=shebeiinfo ) 
ERR: Db Error: Table 'bangongshi.zmkj_table' doesn't exist
SELECT * FROM `zmkj_table` WHERE ( store_id = '1' ) LIMIT 1  
[2016-10-27 14:16:40] /mobile/index.php?act=index&op=shebeiinfo&goods_id=100075 ( act=index&op=shebeiinfo ) 
ERR: Db Error: Table 'bangongshi.zmkj_table' doesn't exist
SELECT * FROM `zmkj_table` WHERE ( store_id = '1' ) LIMIT 1  
[2016-10-27 14:16:43] /mobile/index.php?act=index&op=shebeiinfo&goods_id=100067 ( act=index&op=shebeiinfo ) 
ERR: Db Error: Table 'bangongshi.zmkj_table' doesn't exist
SELECT * FROM `zmkj_table` WHERE ( store_id = '1' ) LIMIT 1  
[2016-10-27 14:16:46] /mobile/index.php?act=index&op=shebeiinfo&goods_id=100059 ( act=index&op=shebeiinfo ) 
ERR: Db Error: Table 'bangongshi.zmkj_table' doesn't exist
SELECT * FROM `zmkj_table` WHERE ( store_id = '1' ) LIMIT 1  
[2016-10-27 14:16:50] /mobile/index.php?act=index&op=shebeiinfo&goods_id=100054 ( act=index&op=shebeiinfo ) 
ERR: Db Error: Table 'bangongshi.zmkj_table' doesn't exist
SELECT * FROM `zmkj_table` WHERE ( store_id = '1' ) LIMIT 1  
[2016-10-27 14:16:53] /mobile/index.php?act=index&op=shebeiinfo&goods_id=100038 ( act=index&op=shebeiinfo ) 
ERR: Db Error: Table 'bangongshi.zmkj_table' doesn't exist
SELECT * FROM `zmkj_table` WHERE ( store_id = '1' ) LIMIT 1  
[2016-10-27 14:17:01] /mobile/index.php?act=index&op=shebeiinfo&goods_id=100038 ( act=index&op=shebeiinfo ) 
ERR: Db Error: Table 'bangongshi.zmkj_table' doesn't exist
SELECT * FROM `zmkj_table` WHERE ( store_id = '1' ) LIMIT 1  
[2016-10-27 14:17:29] /mobile/index.php?act=index&op=shebeiinfo&goods_id=100038 ( act=index&op=shebeiinfo ) 
ERR: Db Error: Table 'bangongshi.zmkj_table' doesn't exist
SELECT * FROM `zmkj_table` WHERE ( store_id = '1' ) LIMIT 1  
[2016-10-27 14:44:11] /shop/index.php?act=master&op=myinfo ( act=master&op=myinfo ) 
ERR: Db Error: You have an error in your SQL syntax; check the manual that corresponds to your MySQL server version for the right syntax to use near 'LIMIT 1' at line 1
SELECT member_name,member_avatar,moneycard,member_mobile,member_truename FROM `zmkj_member` WHERE member_id= LIMIT 1  
[2016-10-27 14:44:11] /shop/index.php?act=master&op=orderlist ( act=master&op=orderlist ) 
ERR: Db Error: You have an error in your SQL syntax; check the manual that corresponds to your MySQL server version for the right syntax to use near 'LIMIT 1000' at line 1
SELECT order_id,order_sn,pay_sn,buyer_name,buyer_id,add_time,master_id,scost,tel,type,address,nowtime,apptime,wxstate,jdtime,cftime,wxtime,finnshed_time,payment_code FROM `zmkj_order` WHERE master_id= LIMIT 1000  
[2016-10-27 14:44:18] /shop/index.php?act=master&op=myinfo ( act=master&op=myinfo ) 
ERR: Db Error: You have an error in your SQL syntax; check the manual that corresponds to your MySQL server version for the right syntax to use near 'LIMIT 1' at line 1
SELECT member_name,member_avatar,moneycard,member_mobile,member_truename FROM `zmkj_member` WHERE member_id= LIMIT 1  
[2016-10-27 14:44:18] /shop/index.php?act=master&op=orderlist ( act=master&op=orderlist ) 
ERR: Db Error: You have an error in your SQL syntax; check the manual that corresponds to your MySQL server version for the right syntax to use near 'LIMIT 1000' at line 1
SELECT order_id,order_sn,pay_sn,buyer_name,buyer_id,add_time,master_id,scost,tel,type,address,nowtime,apptime,wxstate,jdtime,cftime,wxtime,finnshed_time,payment_code FROM `zmkj_order` WHERE master_id= LIMIT 1000  
[2016-10-27 14:44:18] /shop/index.php?act=master&op=myinfo ( act=master&op=myinfo ) 
ERR: Db Error: You have an error in your SQL syntax; check the manual that corresponds to your MySQL server version for the right syntax to use near 'LIMIT 1' at line 1
SELECT member_name,member_avatar,moneycard,member_mobile,member_truename FROM `zmkj_member` WHERE member_id= LIMIT 1  
[2016-10-27 14:44:18] /shop/index.php?act=master&op=orderlist ( act=master&op=orderlist ) 
ERR: Db Error: You have an error in your SQL syntax; check the manual that corresponds to your MySQL server version for the right syntax to use near 'LIMIT 1000' at line 1
SELECT order_id,order_sn,pay_sn,buyer_name,buyer_id,add_time,master_id,scost,tel,type,address,nowtime,apptime,wxstate,jdtime,cftime,wxtime,finnshed_time,payment_code FROM `zmkj_order` WHERE master_id= LIMIT 1000  
[2016-10-27 14:44:19] /shop/index.php?act=master&op=myinfo ( act=master&op=myinfo ) 
ERR: Db Error: You have an error in your SQL syntax; check the manual that corresponds to your MySQL server version for the right syntax to use near 'LIMIT 1' at line 1
SELECT member_name,member_avatar,moneycard,member_mobile,member_truename FROM `zmkj_member` WHERE member_id= LIMIT 1  
[2016-10-27 14:44:19] /shop/index.php?act=master&op=orderlist ( act=master&op=orderlist ) 
ERR: Db Error: You have an error in your SQL syntax; check the manual that corresponds to your MySQL server version for the right syntax to use near 'LIMIT 1000' at line 1
SELECT order_id,order_sn,pay_sn,buyer_name,buyer_id,add_time,master_id,scost,tel,type,address,nowtime,apptime,wxstate,jdtime,cftime,wxtime,finnshed_time,payment_code FROM `zmkj_order` WHERE master_id= LIMIT 1000  
[2016-10-27 15:28:14] /shop/index.php ( act=mobile&op=addbrowse ) 
ERR: Db Error: Duplicate entry '231-81' for key 'PRIMARY'
INSERT  INTO `zmkj_goods_browse` (goods_id,member_id,browsetime,gc_id,gc_id_1,gc_id_2,gc_id_3) VALUES ('231','81','1477553294','630','593','598','630')
[2016-10-27 15:33:46] /shop/index.php ( act=mobile&op=addbrowse ) 
ERR: Db Error: Duplicate entry '100070-108' for key 'PRIMARY'
INSERT  INTO `zmkj_goods_browse` (goods_id,member_id,browsetime,gc_id,gc_id_1,gc_id_2,gc_id_3) VALUES ('100070','108','1477553626','1126','1124','1125','1126')
[2016-10-27 15:39:04] /mobile/index.php?act=index&op=setorders ( act=index&op=setorders ) 
ERR: Db Error: Unknown column 'id' in 'order clause'
SELECT order_id FROM `zmkj_order` ORDER BY id desc LIMIT 1  
[2016-10-27 15:42:27] /mobile/index.php?act=index&op=setorders ( act=index&op=setorders ) 
ERR: Db Error: Unknown column 'id' in 'order clause'
SELECT order_id FROM `zmkj_order` ORDER BY id desc LIMIT 1  
[2016-10-27 16:00:49] /mobile/index.php?act=index&op=setorders ( act=index&op=setorders ) 
ERR: Db Error: Unknown column 'id' in 'order clause'
SELECT order_id FROM `zmkj_order` ORDER BY id desc LIMIT 1  
[2016-10-27 16:17:45] /mobile/index.php?act=goods&op=goods_detail&goods_id=100059&key=09a61182fb86b18ec73951b7c14b58c6 ( act=goods&op=goods_detail ) 
ERR: Db Error: Unknown column 'voucher_t_gettype' in 'where clause'
SELECT * FROM `zmkj_voucher_template` WHERE ( voucher_t_gettype = '3' ) AND ( voucher_t_state = '1' ) AND ( voucher_t_end_date > '1477556265' ) AND ( voucher_t_store_id IN ('1') ) LIMIT 1000  
[2016-10-27 16:17:58] /mobile/index.php?act=goods&op=goods_detail&goods_id=100059&key=09a61182fb86b18ec73951b7c14b58c6 ( act=goods&op=goods_detail ) 
ERR: Db Error: Unknown column 'voucher_t_gettype' in 'where clause'
SELECT * FROM `zmkj_voucher_template` WHERE ( voucher_t_gettype = '3' ) AND ( voucher_t_state = '1' ) AND ( voucher_t_end_date > '1477556278' ) AND ( voucher_t_store_id IN ('1') ) LIMIT 1000  
[2016-10-27 16:18:01] /mobile/index.php?act=goods&op=goods_detail&goods_id=100058&key=09a61182fb86b18ec73951b7c14b58c6 ( act=goods&op=goods_detail ) 
ERR: Db Error: Unknown column 'voucher_t_gettype' in 'where clause'
SELECT * FROM `zmkj_voucher_template` WHERE ( voucher_t_gettype = '3' ) AND ( voucher_t_state = '1' ) AND ( voucher_t_end_date > '1477556281' ) AND ( voucher_t_store_id IN ('1') ) LIMIT 1000  
[2016-10-27 16:18:16] /mobile/index.php?act=goods&op=goods_detail&goods_id=100059&key=09a61182fb86b18ec73951b7c14b58c6 ( act=goods&op=goods_detail ) 
ERR: Db Error: Unknown column 'voucher_t_gettype' in 'where clause'
SELECT * FROM `zmkj_voucher_template` WHERE ( voucher_t_gettype = '3' ) AND ( voucher_t_state = '1' ) AND ( voucher_t_end_date > '1477556296' ) AND ( voucher_t_store_id IN ('1') ) LIMIT 1000  
[2016-10-27 16:18:19] /mobile/index.php?act=goods&op=goods_detail&goods_id=100112&key=09a61182fb86b18ec73951b7c14b58c6 ( act=goods&op=goods_detail ) 
ERR: Db Error: Unknown column 'voucher_t_gettype' in 'where clause'
SELECT * FROM `zmkj_voucher_template` WHERE ( voucher_t_gettype = '3' ) AND ( voucher_t_state = '1' ) AND ( voucher_t_end_date > '1477556299' ) AND ( voucher_t_store_id IN ('1') ) LIMIT 1000  
[2016-10-27 16:18:39] /mobile/index.php?act=goods&op=goods_detail&goods_id=100112&key=09a61182fb86b18ec73951b7c14b58c6 ( act=goods&op=goods_detail ) 
ERR: Db Error: Unknown column 'voucher_t_gettype' in 'where clause'
SELECT * FROM `zmkj_voucher_template` WHERE ( voucher_t_gettype = '3' ) AND ( voucher_t_state = '1' ) AND ( voucher_t_end_date > '1477556319' ) AND ( voucher_t_store_id IN ('1') ) LIMIT 1000  
[2016-10-27 16:18:39] /mobile/index.php?act=goods&op=goods_detail&goods_id=100059&key=09a61182fb86b18ec73951b7c14b58c6 ( act=goods&op=goods_detail ) 
ERR: Db Error: Unknown column 'voucher_t_gettype' in 'where clause'
SELECT * FROM `zmkj_voucher_template` WHERE ( voucher_t_gettype = '3' ) AND ( voucher_t_state = '1' ) AND ( voucher_t_end_date > '1477556319' ) AND ( voucher_t_store_id IN ('1') ) LIMIT 1000  
[2016-10-27 16:18:43] /mobile/index.php?act=goods&op=goods_detail&goods_id=100059&key=09a61182fb86b18ec73951b7c14b58c6 ( act=goods&op=goods_detail ) 
ERR: Db Error: Unknown column 'voucher_t_gettype' in 'where clause'
SELECT * FROM `zmkj_voucher_template` WHERE ( voucher_t_gettype = '3' ) AND ( voucher_t_state = '1' ) AND ( voucher_t_end_date > '1477556323' ) AND ( voucher_t_store_id IN ('1') ) LIMIT 1000  
[2016-10-27 16:18:44] /mobile/index.php?act=goods&op=goods_detail&goods_id=100112&key=09a61182fb86b18ec73951b7c14b58c6 ( act=goods&op=goods_detail ) 
ERR: Db Error: Unknown column 'voucher_t_gettype' in 'where clause'
SELECT * FROM `zmkj_voucher_template` WHERE ( voucher_t_gettype = '3' ) AND ( voucher_t_state = '1' ) AND ( voucher_t_end_date > '1477556324' ) AND ( voucher_t_store_id IN ('1') ) LIMIT 1000  
[2016-10-27 16:27:22] /mobile/index.php?act=goods&op=goods_detail&goods_id=100112&key=09a61182fb86b18ec73951b7c14b58c6 ( act=goods&op=goods_detail ) 
ERR: Db Error: Unknown column 'voucher_t_gettype' in 'where clause'
SELECT * FROM `zmkj_voucher_template` WHERE ( voucher_t_gettype = '3' ) AND ( voucher_t_state = '1' ) AND ( voucher_t_end_date > '1477556842' ) AND ( voucher_t_store_id IN ('1') ) LIMIT 1000  
[2016-10-27 17:04:14] /shop/index.php?act=master&op=endorder ( act=master&op=endorder ) 
ERR: Db Error: You have an error in your SQL syntax; check the manual that corresponds to your MySQL server version for the right syntax to use near 'LIMIT 1' at line 1
SELECT * FROM `zmkj_member` WHERE member_id= LIMIT 1  
[2016-10-27 17:11:34] /shop/index.php?act=master&op=myinfo ( act=master&op=myinfo ) 
ERR: Db Error: You have an error in your SQL syntax; check the manual that corresponds to your MySQL server version for the right syntax to use near 'LIMIT 1' at line 1
SELECT member_name,member_avatar,moneycard,member_mobile,member_truename FROM `zmkj_member` WHERE member_id= LIMIT 1  
[2016-10-27 17:11:34] /shop/index.php?act=master&op=orderlist ( act=master&op=orderlist ) 
ERR: Db Error: You have an error in your SQL syntax; check the manual that corresponds to your MySQL server version for the right syntax to use near 'LIMIT 1000' at line 1
SELECT order_id,order_sn,pay_sn,buyer_name,buyer_id,add_time,master_id,scost,tel,type,address,nowtime,apptime,wxstate,jdtime,cftime,wxtime,finnshed_time,payment_code FROM `zmkj_order` WHERE master_id= LIMIT 1000  
[2016-10-27 17:11:34] /shop/index.php?act=master&op=myinfo ( act=master&op=myinfo ) 
ERR: Db Error: You have an error in your SQL syntax; check the manual that corresponds to your MySQL server version for the right syntax to use near 'LIMIT 1' at line 1
SELECT member_name,member_avatar,moneycard,member_mobile,member_truename FROM `zmkj_member` WHERE member_id= LIMIT 1  
[2016-10-27 17:11:34] /shop/index.php?act=master&op=orderlist ( act=master&op=orderlist ) 
ERR: Db Error: You have an error in your SQL syntax; check the manual that corresponds to your MySQL server version for the right syntax to use near 'LIMIT 1000' at line 1
SELECT order_id,order_sn,pay_sn,buyer_name,buyer_id,add_time,master_id,scost,tel,type,address,nowtime,apptime,wxstate,jdtime,cftime,wxtime,finnshed_time,payment_code FROM `zmkj_order` WHERE master_id= LIMIT 1000  
[2016-10-27 17:13:10] /shop/index.php?act=master&op=myinfo ( act=master&op=myinfo ) 
ERR: Db Error: You have an error in your SQL syntax; check the manual that corresponds to your MySQL server version for the right syntax to use near 'LIMIT 1' at line 1
SELECT member_name,member_avatar,moneycard,member_mobile,member_truename FROM `zmkj_member` WHERE member_id= LIMIT 1  
[2016-10-27 17:13:10] /shop/index.php?act=master&op=orderlist ( act=master&op=orderlist ) 
ERR: Db Error: You have an error in your SQL syntax; check the manual that corresponds to your MySQL server version for the right syntax to use near 'LIMIT 1000' at line 1
SELECT order_id,order_sn,pay_sn,buyer_name,buyer_id,add_time,master_id,scost,tel,type,address,nowtime,apptime,wxstate,jdtime,cftime,wxtime,finnshed_time,payment_code FROM `zmkj_order` WHERE master_id= LIMIT 1000  
[2016-10-27 17:13:12] /shop/index.php?act=master&op=myinfo ( act=master&op=myinfo ) 
ERR: Db Error: You have an error in your SQL syntax; check the manual that corresponds to your MySQL server version for the right syntax to use near 'LIMIT 1' at line 1
SELECT member_name,member_avatar,moneycard,member_mobile,member_truename FROM `zmkj_member` WHERE member_id= LIMIT 1  
[2016-10-27 17:13:12] /shop/index.php?act=master&op=orderlist ( act=master&op=orderlist ) 
ERR: Db Error: You have an error in your SQL syntax; check the manual that corresponds to your MySQL server version for the right syntax to use near 'LIMIT 1000' at line 1
SELECT order_id,order_sn,pay_sn,buyer_name,buyer_id,add_time,master_id,scost,tel,type,address,nowtime,apptime,wxstate,jdtime,cftime,wxtime,finnshed_time,payment_code FROM `zmkj_order` WHERE master_id= LIMIT 1000  
[2016-10-27 17:13:21] /shop/index.php?act=master&op=kiting ( act=master&op=kiting ) 
ERR: Db Error: You have an error in your SQL syntax; check the manual that corresponds to your MySQL server version for the right syntax to use near 'LIMIT 1' at line 1
SELECT * FROM `zmkj_member` WHERE member_id= LIMIT 1  
[2016-10-27 17:13:23] /shop/index.php?act=master&op=kiting ( act=master&op=kiting ) 
ERR: Db Error: You have an error in your SQL syntax; check the manual that corresponds to your MySQL server version for the right syntax to use near 'LIMIT 1' at line 1
SELECT * FROM `zmkj_member` WHERE member_id= LIMIT 1  
[2016-10-27 17:13:25] /shop/index.php?act=master&op=myinfo ( act=master&op=myinfo ) 
ERR: Db Error: You have an error in your SQL syntax; check the manual that corresponds to your MySQL server version for the right syntax to use near 'LIMIT 1' at line 1
SELECT member_name,member_avatar,moneycard,member_mobile,member_truename FROM `zmkj_member` WHERE member_id= LIMIT 1  
[2016-10-27 17:13:25] /shop/index.php?act=master&op=orderlist ( act=master&op=orderlist ) 
ERR: Db Error: You have an error in your SQL syntax; check the manual that corresponds to your MySQL server version for the right syntax to use near 'LIMIT 1000' at line 1
SELECT order_id,order_sn,pay_sn,buyer_name,buyer_id,add_time,master_id,scost,tel,type,address,nowtime,apptime,wxstate,jdtime,cftime,wxtime,finnshed_time,payment_code FROM `zmkj_order` WHERE master_id= LIMIT 1000  
[2016-10-27 17:13:27] /shop/index.php?act=master&op=myinfo ( act=master&op=myinfo ) 
ERR: Db Error: You have an error in your SQL syntax; check the manual that corresponds to your MySQL server version for the right syntax to use near 'LIMIT 1' at line 1
SELECT member_name,member_avatar,moneycard,member_mobile,member_truename FROM `zmkj_member` WHERE member_id= LIMIT 1  
[2016-10-27 17:13:27] /shop/index.php?act=master&op=orderlist ( act=master&op=orderlist ) 
ERR: Db Error: You have an error in your SQL syntax; check the manual that corresponds to your MySQL server version for the right syntax to use near 'LIMIT 1000' at line 1
SELECT order_id,order_sn,pay_sn,buyer_name,buyer_id,add_time,master_id,scost,tel,type,address,nowtime,apptime,wxstate,jdtime,cftime,wxtime,finnshed_time,payment_code FROM `zmkj_order` WHERE master_id= LIMIT 1000  
[2016-10-27 17:13:44] /shop/index.php?act=master&op=myinfo ( act=master&op=myinfo ) 
ERR: Db Error: You have an error in your SQL syntax; check the manual that corresponds to your MySQL server version for the right syntax to use near 'LIMIT 1' at line 1
SELECT member_name,member_avatar,moneycard,member_mobile,member_truename FROM `zmkj_member` WHERE member_id= LIMIT 1  
[2016-10-27 17:15:49] /mobile/index.php?act=index&op=setorders ( act=index&op=setorders ) 
ERR: Db Error: Unknown column 'id' in 'order clause'
SELECT order_id FROM `zmkj_order` ORDER BY id desc LIMIT 1  
[2016-10-27 17:32:57] /shop/index.php ( act=mobile&op=addbrowse ) 
ERR: Db Error: Duplicate entry '231-4' for key 'PRIMARY'
INSERT  INTO `zmkj_goods_browse` (goods_id,member_id,browsetime,gc_id,gc_id_1,gc_id_2,gc_id_3) VALUES ('231','4','1477560777','630','593','598','630')
[2016-10-27 17:41:01] /shop/index.php ( act=repair&op=setorder ) 
ERR: Db Error: Column 'buyer_id' cannot be null
INSERT  INTO `zmkj_order_pay` (pay_sn,buyer_id) VALUES ('540530905261949000',NULL)
[2016-10-27 17:41:01] /shop/index.php ( act=repair&op=setorder ) 
ERR: Db Error: Column 'buyer_id' cannot be null
INSERT  INTO `zmkj_order` (buyer_id,buyer_name,pay_sn,order_sn,apptime,add_time,address,type,tel,scost,wxstate,is_master) VALUES (NULL,NULL,'540530905261949000','8000000000000001','今天-18点-30分','1477561261','hahahah','hahaha','1215454545','0.0','0','1')
[2016-10-27 17:41:04] /shop/index.php ( act=repair&op=setorder ) 
ERR: Db Error: Column 'buyer_id' cannot be null
INSERT  INTO `zmkj_order_pay` (pay_sn,buyer_id) VALUES ('220530905264872000',NULL)
[2016-10-27 17:41:04] /shop/index.php ( act=repair&op=setorder ) 
ERR: Db Error: Column 'buyer_id' cannot be null
INSERT  INTO `zmkj_order` (buyer_id,buyer_name,pay_sn,order_sn,apptime,add_time,address,type,tel,scost,wxstate,is_master) VALUES (NULL,NULL,'220530905264872000','8000000000000001','今天-18点-30分','1477561264','hahahah','hahaha','1215454545','0.0','0','1')
[2016-10-27 17:41:37] /shop/index.php ( act=repair&op=setorder ) 
ERR: Db Error: Column 'buyer_id' cannot be null
INSERT  INTO `zmkj_order_pay` (pay_sn,buyer_id) VALUES ('810530905297563000',NULL)
[2016-10-27 17:41:37] /shop/index.php ( act=repair&op=setorder ) 
ERR: Db Error: Column 'buyer_id' cannot be null
INSERT  INTO `zmkj_order` (buyer_id,buyer_name,pay_sn,order_sn,apptime,add_time,address,type,tel,scost,wxstate,is_master) VALUES (NULL,NULL,'810530905297563000','8000000000000001','今天-21点-00分','1477561297','gahag','ahhahah','1803131342','0.0','0','1')
[2016-10-27 17:41:41] /shop/index.php ( act=repair&op=setorder ) 
ERR: Db Error: Column 'buyer_id' cannot be null
INSERT  INTO `zmkj_order_pay` (pay_sn,buyer_id) VALUES ('860530905301906000',NULL)
[2016-10-27 17:41:41] /shop/index.php ( act=repair&op=setorder ) 
ERR: Db Error: Column 'buyer_id' cannot be null
INSERT  INTO `zmkj_order` (buyer_id,buyer_name,pay_sn,order_sn,apptime,add_time,address,type,tel,scost,wxstate,is_master) VALUES (NULL,NULL,'860530905301906000','8000000000000001','今天-21点-00分','1477561301','gahag','ahhahah','1803131342','0.0','0','1')
[2016-10-27 17:41:44] /shop/index.php ( act=repair&op=setorder ) 
ERR: Db Error: Column 'buyer_id' cannot be null
INSERT  INTO `zmkj_order_pay` (pay_sn,buyer_id) VALUES ('250530905304929000',NULL)
[2016-10-27 17:41:44] /shop/index.php ( act=repair&op=setorder ) 
ERR: Db Error: Column 'buyer_id' cannot be null
INSERT  INTO `zmkj_order` (buyer_id,buyer_name,pay_sn,order_sn,apptime,add_time,address,type,tel,scost,wxstate,is_master) VALUES (NULL,NULL,'250530905304929000','8000000000000001','今天-21点-00分','1477561304','gahag','ahhahah','1803131342','0.0','0','1')
[2016-10-27 17:41:48] /shop/index.php ( act=repair&op=setorder ) 
ERR: Db Error: Column 'buyer_id' cannot be null
INSERT  INTO `zmkj_order_pay` (pay_sn,buyer_id) VALUES ('790530905308309000',NULL)
[2016-10-27 17:41:48] /shop/index.php ( act=repair&op=setorder ) 
ERR: Db Error: Column 'buyer_id' cannot be null
INSERT  INTO `zmkj_order` (buyer_id,buyer_name,pay_sn,order_sn,apptime,add_time,address,type,tel,scost,wxstate,is_master) VALUES (NULL,NULL,'790530905308309000','8000000000000001','今天-21点-00分','1477561308','gahag','ahhahah','1803131342','0.0','0','1')
[2016-10-27 17:41:52] /shop/index.php ( act=repair&op=setorder ) 
ERR: Db Error: Column 'buyer_id' cannot be null
INSERT  INTO `zmkj_order_pay` (pay_sn,buyer_id) VALUES ('440530905312898000',NULL)
[2016-10-27 17:41:52] /shop/index.php ( act=repair&op=setorder ) 
ERR: Db Error: Column 'buyer_id' cannot be null
INSERT  INTO `zmkj_order` (buyer_id,buyer_name,pay_sn,order_sn,apptime,add_time,address,type,tel,scost,wxstate,is_master) VALUES (NULL,NULL,'440530905312898000','8000000000000001','今天-21点-00分','1477561312','gahag','ahhahah','1803131342','0.0','0','1')
[2016-10-27 17:41:56] /shop/index.php ( act=repair&op=setorder ) 
ERR: Db Error: Column 'buyer_id' cannot be null
INSERT  INTO `zmkj_order_pay` (pay_sn,buyer_id) VALUES ('830530905316155000',NULL)
[2016-10-27 17:41:56] /shop/index.php ( act=repair&op=setorder ) 
ERR: Db Error: Column 'buyer_id' cannot be null
INSERT  INTO `zmkj_order` (buyer_id,buyer_name,pay_sn,order_sn,apptime,add_time,address,type,tel,scost,wxstate,is_master) VALUES (NULL,NULL,'830530905316155000','8000000000000001','今天-21点-00分','1477561316','gahag','ahhahah','1803131342','0.0','0','1')
[2016-10-27 17:42:08] /shop/index.php ( act=repair&op=setorder ) 
ERR: Db Error: Column 'buyer_id' cannot be null
INSERT  INTO `zmkj_order_pay` (pay_sn,buyer_id) VALUES ('980530905328327000',NULL)
[2016-10-27 17:42:08] /shop/index.php ( act=repair&op=setorder ) 
ERR: Db Error: Column 'buyer_id' cannot be null
INSERT  INTO `zmkj_order` (buyer_id,buyer_name,pay_sn,order_sn,nowtime,add_time,address,type,tel,scost,wxstate,is_master) VALUES (NULL,NULL,'980530905328327000','8000000000000001','1477561328','1477561328','gahag','ahhahah','1803131342','0.0','0','1')
[2016-10-27 17:42:35] /shop/index.php ( act=repair&op=setorder ) 
ERR: Db Error: Column 'buyer_id' cannot be null
INSERT  INTO `zmkj_order_pay` (pay_sn,buyer_id) VALUES ('430530905355398000',NULL)
[2016-10-27 17:42:35] /shop/index.php ( act=repair&op=setorder ) 
ERR: Db Error: Column 'buyer_id' cannot be null
INSERT  INTO `zmkj_order` (buyer_id,buyer_name,pay_sn,order_sn,nowtime,add_time,address,type,tel,scost,wxstate,is_master) VALUES (NULL,NULL,'430530905355398000','8000000000000001','1477561333','1477561355','北京','复印机','18031310342','0.0','0','1')
[2016-10-27 17:42:36] /shop/index.php ( act=repair&op=setorder ) 
ERR: Db Error: Column 'buyer_id' cannot be null
INSERT  INTO `zmkj_order_pay` (pay_sn,buyer_id) VALUES ('780530905356636000',NULL)
[2016-10-27 17:42:36] /shop/index.php ( act=repair&op=setorder ) 
ERR: Db Error: Column 'buyer_id' cannot be null
INSERT  INTO `zmkj_order` (buyer_id,buyer_name,pay_sn,order_sn,nowtime,add_time,address,type,tel,scost,wxstate,is_master) VALUES (NULL,NULL,'780530905356636000','8000000000000001','1477561333','1477561356','北京','复印机','18031310342','0.0','0','1')
[2016-10-27 17:42:36] /shop/index.php ( act=repair&op=setorder ) 
ERR: Db Error: Column 'buyer_id' cannot be null
INSERT  INTO `zmkj_order_pay` (pay_sn,buyer_id) VALUES ('610530905356821000',NULL)
[2016-10-27 17:42:36] /shop/index.php ( act=repair&op=setorder ) 
ERR: Db Error: Column 'buyer_id' cannot be null
INSERT  INTO `zmkj_order` (buyer_id,buyer_name,pay_sn,order_sn,nowtime,add_time,address,type,tel,scost,wxstate,is_master) VALUES (NULL,NULL,'610530905356821000','8000000000000001','1477561333','1477561356','北京','复印机','18031310342','0.0','0','1')
[2016-10-27 17:42:36] /shop/index.php ( act=repair&op=setorder ) 
ERR: Db Error: Column 'buyer_id' cannot be null
INSERT  INTO `zmkj_order_pay` (pay_sn,buyer_id) VALUES ('490530905356980000',NULL)
[2016-10-27 17:42:36] /shop/index.php ( act=repair&op=setorder ) 
ERR: Db Error: Column 'buyer_id' cannot be null
INSERT  INTO `zmkj_order` (buyer_id,buyer_name,pay_sn,order_sn,nowtime,add_time,address,type,tel,scost,wxstate,is_master) VALUES (NULL,NULL,'490530905356980000','8000000000000001','1477561333','1477561356','北京','复印机','18031310342','0.0','0','1')
[2016-10-27 17:42:37] /shop/index.php ( act=repair&op=setorder ) 
ERR: Db Error: Column 'buyer_id' cannot be null
INSERT  INTO `zmkj_order_pay` (pay_sn,buyer_id) VALUES ('540530905357123000',NULL)
[2016-10-27 17:42:37] /shop/index.php ( act=repair&op=setorder ) 
ERR: Db Error: Column 'buyer_id' cannot be null
INSERT  INTO `zmkj_order` (buyer_id,buyer_name,pay_sn,order_sn,nowtime,add_time,address,type,tel,scost,wxstate,is_master) VALUES (NULL,NULL,'540530905357123000','8000000000000001','1477561333','1477561357','北京','复印机','18031310342','0.0','0','1')
[2016-10-27 17:42:37] /shop/index.php ( act=repair&op=setorder ) 
ERR: Db Error: Column 'buyer_id' cannot be null
INSERT  INTO `zmkj_order_pay` (pay_sn,buyer_id) VALUES ('240530905357284000',NULL)
[2016-10-27 17:42:37] /shop/index.php ( act=repair&op=setorder ) 
ERR: Db Error: Column 'buyer_id' cannot be null
INSERT  INTO `zmkj_order` (buyer_id,buyer_name,pay_sn,order_sn,nowtime,add_time,address,type,tel,scost,wxstate,is_master) VALUES (NULL,NULL,'240530905357284000','8000000000000001','1477561333','1477561357','北京','复印机','18031310342','0.0','0','1')
[2016-10-27 17:42:37] /shop/index.php ( act=repair&op=setorder ) 
ERR: Db Error: Column 'buyer_id' cannot be null
INSERT  INTO `zmkj_order_pay` (pay_sn,buyer_id) VALUES ('750530905357441000',NULL)
[2016-10-27 17:42:37] /shop/index.php ( act=repair&op=setorder ) 
ERR: Db Error: Column 'buyer_id' cannot be null
INSERT  INTO `zmkj_order` (buyer_id,buyer_name,pay_sn,order_sn,nowtime,add_time,address,type,tel,scost,wxstate,is_master) VALUES (NULL,NULL,'750530905357441000','8000000000000001','1477561333','1477561357','北京','复印机','18031310342','0.0','0','1')
[2016-10-27 17:42:37] /shop/index.php ( act=repair&op=setorder ) 
ERR: Db Error: Column 'buyer_id' cannot be null
INSERT  INTO `zmkj_order_pay` (pay_sn,buyer_id) VALUES ('670530905357659000',NULL)
[2016-10-27 17:42:37] /shop/index.php ( act=repair&op=setorder ) 
ERR: Db Error: Column 'buyer_id' cannot be null
INSERT  INTO `zmkj_order` (buyer_id,buyer_name,pay_sn,order_sn,nowtime,add_time,address,type,tel,scost,wxstate,is_master) VALUES (NULL,NULL,'670530905357659000','8000000000000001','1477561333','1477561357','北京','复印机','18031310342','0.0','0','1')
[2016-10-27 17:42:37] /shop/index.php ( act=repair&op=setorder ) 
ERR: Db Error: Column 'buyer_id' cannot be null
INSERT  INTO `zmkj_order_pay` (pay_sn,buyer_id) VALUES ('380530905357798000',NULL)
[2016-10-27 17:42:37] /shop/index.php ( act=repair&op=setorder ) 
ERR: Db Error: Column 'buyer_id' cannot be null
INSERT  INTO `zmkj_order` (buyer_id,buyer_name,pay_sn,order_sn,nowtime,add_time,address,type,tel,scost,wxstate,is_master) VALUES (NULL,NULL,'380530905357798000','8000000000000001','1477561333','1477561357','北京','复印机','18031310342','0.0','0','1')
[2016-10-27 17:42:37] /shop/index.php ( act=repair&op=setorder ) 
ERR: Db Error: Column 'buyer_id' cannot be null
INSERT  INTO `zmkj_order_pay` (pay_sn,buyer_id) VALUES ('540530905357917000',NULL)
[2016-10-27 17:42:37] /shop/index.php ( act=repair&op=setorder ) 
ERR: Db Error: Column 'buyer_id' cannot be null
INSERT  INTO `zmkj_order` (buyer_id,buyer_name,pay_sn,order_sn,nowtime,add_time,address,type,tel,scost,wxstate,is_master) VALUES (NULL,NULL,'540530905357917000','8000000000000001','1477561333','1477561357','北京','复印机','18031310342','0.0','0','1')
[2016-10-27 17:42:38] /shop/index.php ( act=repair&op=setorder ) 
ERR: Db Error: Column 'buyer_id' cannot be null
INSERT  INTO `zmkj_order_pay` (pay_sn,buyer_id) VALUES ('290530905358036000',NULL)
[2016-10-27 17:42:38] /shop/index.php ( act=repair&op=setorder ) 
ERR: Db Error: Column 'buyer_id' cannot be null
INSERT  INTO `zmkj_order` (buyer_id,buyer_name,pay_sn,order_sn,nowtime,add_time,address,type,tel,scost,wxstate,is_master) VALUES (NULL,NULL,'290530905358036000','8000000000000001','1477561333','1477561358','北京','复印机','18031310342','0.0','0','1')
[2016-10-27 17:42:38] /shop/index.php ( act=repair&op=setorder ) 
ERR: Db Error: Column 'buyer_id' cannot be null
INSERT  INTO `zmkj_order_pay` (pay_sn,buyer_id) VALUES ('300530905358180000',NULL)
[2016-10-27 17:42:38] /shop/index.php ( act=repair&op=setorder ) 
ERR: Db Error: Column 'buyer_id' cannot be null
INSERT  INTO `zmkj_order` (buyer_id,buyer_name,pay_sn,order_sn,nowtime,add_time,address,type,tel,scost,wxstate,is_master) VALUES (NULL,NULL,'300530905358180000','8000000000000001','1477561333','1477561358','北京','复印机','18031310342','0.0','0','1')
[2016-10-27 17:42:38] /shop/index.php ( act=repair&op=setorder ) 
ERR: Db Error: Column 'buyer_id' cannot be null
INSERT  INTO `zmkj_order_pay` (pay_sn,buyer_id) VALUES ('570530905358326000',NULL)
[2016-10-27 17:42:38] /shop/index.php ( act=repair&op=setorder ) 
ERR: Db Error: Column 'buyer_id' cannot be null
INSERT  INTO `zmkj_order` (buyer_id,buyer_name,pay_sn,order_sn,nowtime,add_time,address,type,tel,scost,wxstate,is_master) VALUES (NULL,NULL,'570530905358326000','8000000000000001','1477561333','1477561358','北京','复印机','18031310342','0.0','0','1')
[2016-10-27 17:42:38] /shop/index.php ( act=repair&op=setorder ) 
ERR: Db Error: Column 'buyer_id' cannot be null
INSERT  INTO `zmkj_order_pay` (pay_sn,buyer_id) VALUES ('680530905358523000',NULL)
[2016-10-27 17:42:38] /shop/index.php ( act=repair&op=setorder ) 
ERR: Db Error: Column 'buyer_id' cannot be null
INSERT  INTO `zmkj_order` (buyer_id,buyer_name,pay_sn,order_sn,nowtime,add_time,address,type,tel,scost,wxstate,is_master) VALUES (NULL,NULL,'680530905358523000','8000000000000001','1477561333','1477561358','北京','复印机','18031310342','0.0','0','1')
[2016-10-27 17:42:38] /shop/index.php ( act=repair&op=setorder ) 
ERR: Db Error: Column 'buyer_id' cannot be null
INSERT  INTO `zmkj_order_pay` (pay_sn,buyer_id) VALUES ('760530905358665000',NULL)
[2016-10-27 17:42:38] /shop/index.php ( act=repair&op=setorder ) 
ERR: Db Error: Column 'buyer_id' cannot be null
INSERT  INTO `zmkj_order` (buyer_id,buyer_name,pay_sn,order_sn,nowtime,add_time,address,type,tel,scost,wxstate,is_master) VALUES (NULL,NULL,'760530905358665000','8000000000000001','1477561333','1477561358','北京','复印机','18031310342','0.0','0','1')
[2016-10-27 17:42:38] /shop/index.php ( act=repair&op=setorder ) 
ERR: Db Error: Column 'buyer_id' cannot be null
INSERT  INTO `zmkj_order_pay` (pay_sn,buyer_id) VALUES ('800530905358832000',NULL)
[2016-10-27 17:42:38] /shop/index.php ( act=repair&op=setorder ) 
ERR: Db Error: Column 'buyer_id' cannot be null
INSERT  INTO `zmkj_order` (buyer_id,buyer_name,pay_sn,order_sn,nowtime,add_time,address,type,tel,scost,wxstate,is_master) VALUES (NULL,NULL,'800530905358832000','8000000000000001','1477561333','1477561358','北京','复印机','18031310342','0.0','0','1')
[2016-10-27 17:42:38] /shop/index.php ( act=repair&op=setorder ) 
ERR: Db Error: Column 'buyer_id' cannot be null
INSERT  INTO `zmkj_order_pay` (pay_sn,buyer_id) VALUES ('340530905358989000',NULL)
[2016-10-27 17:42:38] /shop/index.php ( act=repair&op=setorder ) 
ERR: Db Error: Column 'buyer_id' cannot be null
INSERT  INTO `zmkj_order` (buyer_id,buyer_name,pay_sn,order_sn,nowtime,add_time,address,type,tel,scost,wxstate,is_master) VALUES (NULL,NULL,'340530905358989000','8000000000000001','1477561333','1477561358','北京','复印机','18031310342','0.0','0','1')
[2016-10-27 17:42:39] /shop/index.php ( act=repair&op=setorder ) 
ERR: Db Error: Column 'buyer_id' cannot be null
INSERT  INTO `zmkj_order_pay` (pay_sn,buyer_id) VALUES ('890530905359289000',NULL)
[2016-10-27 17:42:39] /shop/index.php ( act=repair&op=setorder ) 
ERR: Db Error: Column 'buyer_id' cannot be null
INSERT  INTO `zmkj_order` (buyer_id,buyer_name,pay_sn,order_sn,nowtime,add_time,address,type,tel,scost,wxstate,is_master) VALUES (NULL,NULL,'890530905359289000','8000000000000001','1477561333','1477561359','北京','复印机','18031310342','0.0','0','1')
[2016-10-27 17:42:39] /shop/index.php ( act=repair&op=setorder ) 
ERR: Db Error: Column 'buyer_id' cannot be null
INSERT  INTO `zmkj_order_pay` (pay_sn,buyer_id) VALUES ('130530905359408000',NULL)
[2016-10-27 17:42:39] /shop/index.php ( act=repair&op=setorder ) 
ERR: Db Error: Column 'buyer_id' cannot be null
INSERT  INTO `zmkj_order` (buyer_id,buyer_name,pay_sn,order_sn,nowtime,add_time,address,type,tel,scost,wxstate,is_master) VALUES (NULL,NULL,'130530905359408000','8000000000000001','1477561333','1477561359','北京','复印机','18031310342','0.0','0','1')
[2016-10-27 17:44:41] /shop/index.php ( act=repair&op=userwx ) 
ERR: Db Error: You have an error in your SQL syntax; check the manual that corresponds to your MySQL server version for the right syntax to use near 'LIMIT 1' at line 1
SELECT member_name,member_mobile FROM `zmkj_member` WHERE member_id= LIMIT 1  
[2016-10-27 17:44:41] /shop/index.php ( act=repair&op=userwx ) 
ERR: Db Error: You have an error in your SQL syntax; check the manual that corresponds to your MySQL server version for the right syntax to use near 'LIMIT 1' at line 1
SELECT member_name,member_mobile FROM `zmkj_member` WHERE member_id= LIMIT 1  
[2016-10-27 17:44:41] /shop/index.php ( act=repair&op=userwx ) 
ERR: Db Error: You have an error in your SQL syntax; check the manual that corresponds to your MySQL server version for the right syntax to use near 'LIMIT 1' at line 1
SELECT member_name,member_mobile FROM `zmkj_member` WHERE member_id= LIMIT 1  
[2016-10-27 17:44:41] /shop/index.php ( act=repair&op=userwx ) 
ERR: Db Error: You have an error in your SQL syntax; check the manual that corresponds to your MySQL server version for the right syntax to use near 'LIMIT 1' at line 1
SELECT member_name,member_mobile FROM `zmkj_member` WHERE member_id= LIMIT 1  
[2016-10-27 17:44:41] /shop/index.php ( act=repair&op=userwx ) 
ERR: Db Error: You have an error in your SQL syntax; check the manual that corresponds to your MySQL server version for the right syntax to use near 'LIMIT 1' at line 1
SELECT member_name,member_mobile FROM `zmkj_member` WHERE member_id= LIMIT 1  
[2016-10-27 18:04:39] /mobile/index.php?act=index&op=setorders ( act=index&op=setorders ) 
ERR: Db Error: Unknown column 'id' in 'order clause'
SELECT order_id FROM `zmkj_order` ORDER BY id desc LIMIT 1  
[2016-10-27 18:06:24] /mobile/index.php?act=index&op=setorders ( act=index&op=setorders ) 
ERR: Db Error: Unknown column 'id' in 'order clause'
SELECT order_id FROM `zmkj_order` ORDER BY id desc LIMIT 1  
[2016-10-27 18:07:35] /mobile/index.php?act=index&op=setorders ( act=index&op=setorders ) 
ERR: Db Error: Unknown column 'id' in 'order clause'
SELECT order_id FROM `zmkj_order` ORDER BY id desc LIMIT 1  
[2016-10-27 18:08:48] /mobile/index.php?act=index&op=setorders ( act=index&op=setorders ) 
ERR: Db Error: Unknown column 'id' in 'order clause'
SELECT order_id FROM `zmkj_order` ORDER BY id desc LIMIT 1  
[2016-10-27 18:17:35] /mobile/index.php?act=goods&op=goods_detail&goods_id=100059&key=3e6eddc0849b6c4fb92de7fff43b02e9 ( act=goods&op=goods_detail ) 
ERR: Db Error: Unknown column 'voucher_t_gettype' in 'where clause'
SELECT * FROM `zmkj_voucher_template` WHERE ( voucher_t_gettype = '3' ) AND ( voucher_t_state = '1' ) AND ( voucher_t_end_date > '1477563455' ) AND ( voucher_t_store_id IN ('1') ) LIMIT 1000  
[2016-10-27 18:17:43] /mobile/index.php?act=goods&op=goods_detail&goods_id=100087&key=3e6eddc0849b6c4fb92de7fff43b02e9 ( act=goods&op=goods_detail ) 
ERR: Db Error: Unknown column 'voucher_t_gettype' in 'where clause'
SELECT * FROM `zmkj_voucher_template` WHERE ( voucher_t_gettype = '3' ) AND ( voucher_t_state = '1' ) AND ( voucher_t_end_date > '1477563463' ) AND ( voucher_t_store_id IN ('1') ) LIMIT 1000  
[2016-10-27 18:17:55] /mobile/index.php?act=goods&op=goods_detail&goods_id=100087&key=3e6eddc0849b6c4fb92de7fff43b02e9 ( act=goods&op=goods_detail ) 
ERR: Db Error: Unknown column 'voucher_t_gettype' in 'where clause'
SELECT * FROM `zmkj_voucher_template` WHERE ( voucher_t_gettype = '3' ) AND ( voucher_t_state = '1' ) AND ( voucher_t_end_date > '1477563475' ) AND ( voucher_t_store_id IN ('1') ) LIMIT 1000  
[2016-10-27 18:17:56] /mobile/index.php?act=goods&op=goods_detail&goods_id=100059&key=3e6eddc0849b6c4fb92de7fff43b02e9 ( act=goods&op=goods_detail ) 
ERR: Db Error: Unknown column 'voucher_t_gettype' in 'where clause'
SELECT * FROM `zmkj_voucher_template` WHERE ( voucher_t_gettype = '3' ) AND ( voucher_t_state = '1' ) AND ( voucher_t_end_date > '1477563476' ) AND ( voucher_t_store_id IN ('1') ) LIMIT 1000  
[2016-10-27 18:18:01] /mobile/index.php?act=goods&op=goods_detail&goods_id=100087&key=3e6eddc0849b6c4fb92de7fff43b02e9 ( act=goods&op=goods_detail ) 
ERR: Db Error: Unknown column 'voucher_t_gettype' in 'where clause'
SELECT * FROM `zmkj_voucher_template` WHERE ( voucher_t_gettype = '3' ) AND ( voucher_t_state = '1' ) AND ( voucher_t_end_date > '1477563481' ) AND ( voucher_t_store_id IN ('1') ) LIMIT 1000  
[2016-10-27 18:45:59] /mobile/index.php?act=index&op=setorders ( act=index&op=setorders ) 
ERR: Db Error: Unknown column 'id' in 'order clause'
SELECT order_id FROM `zmkj_order` ORDER BY id desc LIMIT 1  
