[2016-10-16 11:22:55] /shop/index.php ( act=mobile&op=addbrowse ) 
ERR: Db Error: Duplicate entry '100075-57' for key 'PRIMARY'
INSERT  INTO `zmkj_goods_browse` (goods_id,member_id,browsetime,gc_id,gc_id_1,gc_id_2,gc_id_3) VALUES ('100075','57','1476588175','1126','1124','1125','1126')
[2016-10-16 11:23:34] /shop/index.php ( act=mobile&op=ordercancel ) 
ERR: Db Error: Table 'bangongshi.zmkj_' doesn't exist
UPDATE `zmkj_` SET order_state='0',delete_state='1' WHERE ( order_id = '1022' ) AND ( buyer_id = '57' )
[2016-10-16 11:23:39] /shop/index.php ( act=mobile&op=ordercancel ) 
ERR: Db Error: Table 'bangongshi.zmkj_' doesn't exist
UPDATE `zmkj_` SET order_state='0',delete_state='1' WHERE ( order_id = '719' ) AND ( buyer_id = '57' )
[2016-10-16 11:23:39] /shop/index.php ( act=mobile&op=ordercancel ) 
ERR: Db Error: BIGINT UNSIGNED value is out of range in '(`bangongshi`.`zmkj_goods`.`goods_salenum` - 1)'
UPDATE `zmkj_goods` SET goods_storage=goods_storage+1,goods_salenum=goods_salenum-1,goods_edittime='1476588219' WHERE ( goods_id IN ('100101') )
[2016-10-16 11:23:47] /shop/index.php ( act=mobile&op=ordercancel ) 
ERR: Db Error: Table 'bangongshi.zmkj_' doesn't exist
UPDATE `zmkj_` SET order_state='0',delete_state='1' WHERE ( order_id = '984' ) AND ( buyer_id = '57' )
[2016-10-16 11:23:57] /shop/index.php ( act=mobile&op=ordercancel ) 
ERR: Db Error: Table 'bangongshi.zmkj_' doesn't exist
UPDATE `zmkj_` SET order_state='0',delete_state='1' WHERE ( order_id = '1019' ) AND ( buyer_id = '57' )
[2016-10-16 11:24:08] /shop/index.php ( act=mobile&op=ordercancel ) 
ERR: Db Error: Table 'bangongshi.zmkj_' doesn't exist
UPDATE `zmkj_` SET order_state='0',delete_state='1' WHERE ( order_id = '1023' ) AND ( buyer_id = '57' )
[2016-10-16 11:24:27] /shop/index.php ( act=mobile&op=ordercancel ) 
ERR: Db Error: Table 'bangongshi.zmkj_' doesn't exist
UPDATE `zmkj_` SET order_state='0',delete_state='1' WHERE ( order_id = '1018' ) AND ( buyer_id = '57' )
[2016-10-16 11:24:31] /shop/index.php ( act=mobile&op=ordercancel ) 
ERR: Db Error: Table 'bangongshi.zmkj_' doesn't exist
UPDATE `zmkj_` SET order_state='0',delete_state='1' WHERE ( order_id = '996' ) AND ( buyer_id = '57' )
[2016-10-16 11:24:31] /shop/index.php ( act=mobile&op=ordercancel ) 
ERR: Db Error: BIGINT UNSIGNED value is out of range in '(`bangongshi`.`zmkj_goods`.`goods_salenum` - 1)'
UPDATE `zmkj_goods` SET goods_storage=goods_storage+1,goods_salenum=goods_salenum-1,goods_edittime='1476588271' WHERE ( goods_id IN ('100125') )
[2016-10-16 11:24:40] /shop/index.php ( act=mobile&op=ordercancel ) 
ERR: Db Error: Table 'bangongshi.zmkj_' doesn't exist
UPDATE `zmkj_` SET order_state='0',delete_state='1' WHERE ( order_id = '981' ) AND ( buyer_id = '57' )
[2016-10-16 11:24:46] /shop/index.php ( act=mobile&op=ordercancel ) 
ERR: Db Error: Table 'bangongshi.zmkj_' doesn't exist
UPDATE `zmkj_` SET order_state='0',delete_state='1' WHERE ( order_id = '980' ) AND ( buyer_id = '57' )
[2016-10-16 13:20:44] /shop/index.php ( act=repair&op=userwx ) 
ERR: Db Error: You have an error in your SQL syntax; check the manual that corresponds to your MySQL server version for the right syntax to use near 'LIMIT 1' at line 1
SELECT member_name,member_mobile FROM `zmkj_member` WHERE member_id= LIMIT 1  
[2016-10-16 13:20:44] /shop/index.php ( act=repair&op=userwx ) 
ERR: Db Error: You have an error in your SQL syntax; check the manual that corresponds to your MySQL server version for the right syntax to use near 'LIMIT 1' at line 1
SELECT member_name,member_mobile FROM `zmkj_member` WHERE member_id= LIMIT 1  
[2016-10-16 13:20:44] /shop/index.php ( act=repair&op=userwx ) 
ERR: Db Error: You have an error in your SQL syntax; check the manual that corresponds to your MySQL server version for the right syntax to use near 'LIMIT 1' at line 1
SELECT member_name,member_mobile FROM `zmkj_member` WHERE member_id= LIMIT 1  
[2016-10-16 13:20:44] /shop/index.php ( act=repair&op=userwx ) 
ERR: Db Error: You have an error in your SQL syntax; check the manual that corresponds to your MySQL server version for the right syntax to use near 'LIMIT 1' at line 1
SELECT member_name,member_mobile FROM `zmkj_member` WHERE member_id= LIMIT 1  
[2016-10-16 13:20:44] /shop/index.php ( act=repair&op=userwx ) 
ERR: Db Error: You have an error in your SQL syntax; check the manual that corresponds to your MySQL server version for the right syntax to use near 'LIMIT 1' at line 1
SELECT member_name,member_mobile FROM `zmkj_member` WHERE member_id= LIMIT 1  
[2016-10-16 13:20:44] /shop/index.php ( act=repair&op=userwx ) 
ERR: Db Error: You have an error in your SQL syntax; check the manual that corresponds to your MySQL server version for the right syntax to use near 'LIMIT 1' at line 1
SELECT member_name,member_mobile FROM `zmkj_member` WHERE member_id= LIMIT 1  
[2016-10-16 13:20:44] /shop/index.php ( act=repair&op=userwx ) 
ERR: Db Error: You have an error in your SQL syntax; check the manual that corresponds to your MySQL server version for the right syntax to use near 'LIMIT 1' at line 1
SELECT member_name,member_mobile FROM `zmkj_member` WHERE member_id= LIMIT 1  
[2016-10-16 13:20:44] /shop/index.php ( act=repair&op=userwx ) 
ERR: Db Error: You have an error in your SQL syntax; check the manual that corresponds to your MySQL server version for the right syntax to use near 'LIMIT 1' at line 1
SELECT member_name,member_mobile FROM `zmkj_member` WHERE member_id= LIMIT 1  
[2016-10-16 13:20:44] /shop/index.php ( act=repair&op=userwx ) 
ERR: Db Error: You have an error in your SQL syntax; check the manual that corresponds to your MySQL server version for the right syntax to use near 'LIMIT 1' at line 1
SELECT member_name,member_mobile FROM `zmkj_member` WHERE member_id= LIMIT 1  
[2016-10-16 13:20:44] /shop/index.php ( act=repair&op=userwx ) 
ERR: Db Error: You have an error in your SQL syntax; check the manual that corresponds to your MySQL server version for the right syntax to use near 'LIMIT 1' at line 1
SELECT member_name,member_mobile FROM `zmkj_member` WHERE member_id= LIMIT 1  
[2016-10-16 13:20:44] /shop/index.php ( act=repair&op=userwx ) 
ERR: Db Error: You have an error in your SQL syntax; check the manual that corresponds to your MySQL server version for the right syntax to use near 'LIMIT 1' at line 1
SELECT member_name,member_mobile FROM `zmkj_member` WHERE member_id= LIMIT 1  
[2016-10-16 13:20:44] /shop/index.php ( act=repair&op=userwx ) 
ERR: Db Error: You have an error in your SQL syntax; check the manual that corresponds to your MySQL server version for the right syntax to use near 'LIMIT 1' at line 1
SELECT member_name,member_mobile FROM `zmkj_member` WHERE member_id= LIMIT 1  
[2016-10-16 13:20:44] /shop/index.php ( act=repair&op=userwx ) 
ERR: Db Error: You have an error in your SQL syntax; check the manual that corresponds to your MySQL server version for the right syntax to use near 'LIMIT 1' at line 1
SELECT member_name,member_mobile FROM `zmkj_member` WHERE member_id= LIMIT 1  
[2016-10-16 13:20:44] /shop/index.php ( act=repair&op=userwx ) 
ERR: Db Error: You have an error in your SQL syntax; check the manual that corresponds to your MySQL server version for the right syntax to use near 'LIMIT 1' at line 1
SELECT member_name,member_mobile FROM `zmkj_member` WHERE member_id= LIMIT 1  
[2016-10-16 13:20:44] /shop/index.php ( act=repair&op=userwx ) 
ERR: Db Error: You have an error in your SQL syntax; check the manual that corresponds to your MySQL server version for the right syntax to use near 'LIMIT 1' at line 1
SELECT member_name,member_mobile FROM `zmkj_member` WHERE member_id= LIMIT 1  
[2016-10-16 13:20:44] /shop/index.php ( act=repair&op=userwx ) 
ERR: Db Error: You have an error in your SQL syntax; check the manual that corresponds to your MySQL server version for the right syntax to use near 'LIMIT 1' at line 1
SELECT member_name,member_mobile FROM `zmkj_member` WHERE member_id= LIMIT 1  
[2016-10-16 13:20:44] /shop/index.php ( act=repair&op=userwx ) 
ERR: Db Error: You have an error in your SQL syntax; check the manual that corresponds to your MySQL server version for the right syntax to use near 'LIMIT 1' at line 1
SELECT member_name,member_mobile FROM `zmkj_member` WHERE member_id= LIMIT 1  
[2016-10-16 13:20:44] /shop/index.php ( act=repair&op=userwx ) 
ERR: Db Error: You have an error in your SQL syntax; check the manual that corresponds to your MySQL server version for the right syntax to use near 'LIMIT 1' at line 1
SELECT member_name,member_mobile FROM `zmkj_member` WHERE member_id= LIMIT 1  
[2016-10-16 13:20:44] /shop/index.php ( act=repair&op=userwx ) 
ERR: Db Error: You have an error in your SQL syntax; check the manual that corresponds to your MySQL server version for the right syntax to use near 'LIMIT 1' at line 1
SELECT member_name,member_mobile FROM `zmkj_member` WHERE member_id= LIMIT 1  
[2016-10-16 13:20:44] /shop/index.php ( act=repair&op=userwx ) 
ERR: Db Error: You have an error in your SQL syntax; check the manual that corresponds to your MySQL server version for the right syntax to use near 'LIMIT 1' at line 1
SELECT member_name,member_mobile FROM `zmkj_member` WHERE member_id= LIMIT 1  
[2016-10-16 13:20:44] /shop/index.php ( act=repair&op=userwx ) 
ERR: Db Error: You have an error in your SQL syntax; check the manual that corresponds to your MySQL server version for the right syntax to use near 'LIMIT 1' at line 1
SELECT member_name,member_mobile FROM `zmkj_member` WHERE member_id= LIMIT 1  
[2016-10-16 13:20:44] /shop/index.php ( act=repair&op=userwx ) 
ERR: Db Error: You have an error in your SQL syntax; check the manual that corresponds to your MySQL server version for the right syntax to use near 'LIMIT 1' at line 1
SELECT member_name,member_mobile FROM `zmkj_member` WHERE member_id= LIMIT 1  
[2016-10-16 13:20:44] /shop/index.php ( act=repair&op=userwx ) 
ERR: Db Error: You have an error in your SQL syntax; check the manual that corresponds to your MySQL server version for the right syntax to use near 'LIMIT 1' at line 1
SELECT member_name,member_mobile FROM `zmkj_member` WHERE member_id= LIMIT 1  
[2016-10-16 13:20:44] /shop/index.php ( act=repair&op=userwx ) 
ERR: Db Error: You have an error in your SQL syntax; check the manual that corresponds to your MySQL server version for the right syntax to use near 'LIMIT 1' at line 1
SELECT member_name,member_mobile FROM `zmkj_member` WHERE member_id= LIMIT 1  
[2016-10-16 13:20:44] /shop/index.php ( act=repair&op=userwx ) 
ERR: Db Error: You have an error in your SQL syntax; check the manual that corresponds to your MySQL server version for the right syntax to use near 'LIMIT 1' at line 1
SELECT member_name,member_mobile FROM `zmkj_member` WHERE member_id= LIMIT 1  
[2016-10-16 13:20:44] /shop/index.php ( act=repair&op=userwx ) 
ERR: Db Error: You have an error in your SQL syntax; check the manual that corresponds to your MySQL server version for the right syntax to use near 'LIMIT 1' at line 1
SELECT member_name,member_mobile FROM `zmkj_member` WHERE member_id= LIMIT 1  
[2016-10-16 13:20:44] /shop/index.php ( act=repair&op=userwx ) 
ERR: Db Error: You have an error in your SQL syntax; check the manual that corresponds to your MySQL server version for the right syntax to use near 'LIMIT 1' at line 1
SELECT member_name,member_mobile FROM `zmkj_member` WHERE member_id= LIMIT 1  
[2016-10-16 13:20:44] /shop/index.php ( act=repair&op=userwx ) 
ERR: Db Error: You have an error in your SQL syntax; check the manual that corresponds to your MySQL server version for the right syntax to use near 'LIMIT 1' at line 1
SELECT member_name,member_mobile FROM `zmkj_member` WHERE member_id= LIMIT 1  
[2016-10-16 13:20:44] /shop/index.php ( act=repair&op=userwx ) 
ERR: Db Error: You have an error in your SQL syntax; check the manual that corresponds to your MySQL server version for the right syntax to use near 'LIMIT 1' at line 1
SELECT member_name,member_mobile FROM `zmkj_member` WHERE member_id= LIMIT 1  
[2016-10-16 13:20:44] /shop/index.php ( act=repair&op=userwx ) 
ERR: Db Error: You have an error in your SQL syntax; check the manual that corresponds to your MySQL server version for the right syntax to use near 'LIMIT 1' at line 1
SELECT member_name,member_mobile FROM `zmkj_member` WHERE member_id= LIMIT 1  
[2016-10-16 13:20:44] /shop/index.php ( act=repair&op=userwx ) 
ERR: Db Error: You have an error in your SQL syntax; check the manual that corresponds to your MySQL server version for the right syntax to use near 'LIMIT 1' at line 1
SELECT member_name,member_mobile FROM `zmkj_member` WHERE member_id= LIMIT 1  
[2016-10-16 13:20:44] /shop/index.php ( act=repair&op=userwx ) 
ERR: Db Error: You have an error in your SQL syntax; check the manual that corresponds to your MySQL server version for the right syntax to use near 'LIMIT 1' at line 1
SELECT member_name,member_mobile FROM `zmkj_member` WHERE member_id= LIMIT 1  
[2016-10-16 13:20:44] /shop/index.php ( act=repair&op=userwx ) 
ERR: Db Error: You have an error in your SQL syntax; check the manual that corresponds to your MySQL server version for the right syntax to use near 'LIMIT 1' at line 1
SELECT member_name,member_mobile FROM `zmkj_member` WHERE member_id= LIMIT 1  
[2016-10-16 13:20:44] /shop/index.php ( act=repair&op=userwx ) 
ERR: Db Error: You have an error in your SQL syntax; check the manual that corresponds to your MySQL server version for the right syntax to use near 'LIMIT 1' at line 1
SELECT member_name,member_mobile FROM `zmkj_member` WHERE member_id= LIMIT 1  
[2016-10-16 13:20:44] /shop/index.php ( act=repair&op=userwx ) 
ERR: Db Error: You have an error in your SQL syntax; check the manual that corresponds to your MySQL server version for the right syntax to use near 'LIMIT 1' at line 1
SELECT member_name,member_mobile FROM `zmkj_member` WHERE member_id= LIMIT 1  
[2016-10-16 13:20:44] /shop/index.php ( act=repair&op=userwx ) 
ERR: Db Error: You have an error in your SQL syntax; check the manual that corresponds to your MySQL server version for the right syntax to use near 'LIMIT 1' at line 1
SELECT member_name,member_mobile FROM `zmkj_member` WHERE member_id= LIMIT 1  
[2016-10-16 13:20:44] /shop/index.php ( act=repair&op=userwx ) 
ERR: Db Error: You have an error in your SQL syntax; check the manual that corresponds to your MySQL server version for the right syntax to use near 'LIMIT 1' at line 1
SELECT member_name,member_mobile FROM `zmkj_member` WHERE member_id= LIMIT 1  
[2016-10-16 13:20:44] /shop/index.php ( act=repair&op=userwx ) 
ERR: Db Error: You have an error in your SQL syntax; check the manual that corresponds to your MySQL server version for the right syntax to use near 'LIMIT 1' at line 1
SELECT member_name,member_mobile FROM `zmkj_member` WHERE member_id= LIMIT 1  
[2016-10-16 13:20:44] /shop/index.php ( act=repair&op=userwx ) 
ERR: Db Error: You have an error in your SQL syntax; check the manual that corresponds to your MySQL server version for the right syntax to use near 'LIMIT 1' at line 1
SELECT member_name,member_mobile FROM `zmkj_member` WHERE member_id= LIMIT 1  
[2016-10-16 13:20:44] /shop/index.php ( act=repair&op=userwx ) 
ERR: Db Error: You have an error in your SQL syntax; check the manual that corresponds to your MySQL server version for the right syntax to use near 'LIMIT 1' at line 1
SELECT member_name,member_mobile FROM `zmkj_member` WHERE member_id= LIMIT 1  
[2016-10-16 13:20:44] /shop/index.php ( act=repair&op=userwx ) 
ERR: Db Error: You have an error in your SQL syntax; check the manual that corresponds to your MySQL server version for the right syntax to use near 'LIMIT 1' at line 1
SELECT member_name,member_mobile FROM `zmkj_member` WHERE member_id= LIMIT 1  
[2016-10-16 13:20:44] /shop/index.php ( act=repair&op=userwx ) 
ERR: Db Error: You have an error in your SQL syntax; check the manual that corresponds to your MySQL server version for the right syntax to use near 'LIMIT 1' at line 1
SELECT member_name,member_mobile FROM `zmkj_member` WHERE member_id= LIMIT 1  
[2016-10-16 13:20:44] /shop/index.php ( act=repair&op=userwx ) 
ERR: Db Error: You have an error in your SQL syntax; check the manual that corresponds to your MySQL server version for the right syntax to use near 'LIMIT 1' at line 1
SELECT member_name,member_mobile FROM `zmkj_member` WHERE member_id= LIMIT 1  
[2016-10-16 13:20:44] /shop/index.php ( act=repair&op=userwx ) 
ERR: Db Error: You have an error in your SQL syntax; check the manual that corresponds to your MySQL server version for the right syntax to use near 'LIMIT 1' at line 1
SELECT member_name,member_mobile FROM `zmkj_member` WHERE member_id= LIMIT 1  
[2016-10-16 13:20:44] /shop/index.php ( act=repair&op=userwx ) 
ERR: Db Error: You have an error in your SQL syntax; check the manual that corresponds to your MySQL server version for the right syntax to use near 'LIMIT 1' at line 1
SELECT member_name,member_mobile FROM `zmkj_member` WHERE member_id= LIMIT 1  
[2016-10-16 13:20:44] /shop/index.php ( act=repair&op=userwx ) 
ERR: Db Error: You have an error in your SQL syntax; check the manual that corresponds to your MySQL server version for the right syntax to use near 'LIMIT 1' at line 1
SELECT member_name,member_mobile FROM `zmkj_member` WHERE member_id= LIMIT 1  
[2016-10-16 13:20:44] /shop/index.php ( act=repair&op=userwx ) 
ERR: Db Error: You have an error in your SQL syntax; check the manual that corresponds to your MySQL server version for the right syntax to use near 'LIMIT 1' at line 1
SELECT member_name,member_mobile FROM `zmkj_member` WHERE member_id= LIMIT 1  
[2016-10-16 13:20:44] /shop/index.php ( act=repair&op=userwx ) 
ERR: Db Error: You have an error in your SQL syntax; check the manual that corresponds to your MySQL server version for the right syntax to use near 'LIMIT 1' at line 1
SELECT member_name,member_mobile FROM `zmkj_member` WHERE member_id= LIMIT 1  
[2016-10-16 13:20:44] /shop/index.php ( act=repair&op=userwx ) 
ERR: Db Error: You have an error in your SQL syntax; check the manual that corresponds to your MySQL server version for the right syntax to use near 'LIMIT 1' at line 1
SELECT member_name,member_mobile FROM `zmkj_member` WHERE member_id= LIMIT 1  
[2016-10-16 13:20:44] /shop/index.php ( act=repair&op=userwx ) 
ERR: Db Error: You have an error in your SQL syntax; check the manual that corresponds to your MySQL server version for the right syntax to use near 'LIMIT 1' at line 1
SELECT member_name,member_mobile FROM `zmkj_member` WHERE member_id= LIMIT 1  
[2016-10-16 13:20:44] /shop/index.php ( act=repair&op=userwx ) 
ERR: Db Error: You have an error in your SQL syntax; check the manual that corresponds to your MySQL server version for the right syntax to use near 'LIMIT 1' at line 1
SELECT member_name,member_mobile FROM `zmkj_member` WHERE member_id= LIMIT 1  
[2016-10-16 13:20:44] /shop/index.php ( act=repair&op=userwx ) 
ERR: Db Error: You have an error in your SQL syntax; check the manual that corresponds to your MySQL server version for the right syntax to use near 'LIMIT 1' at line 1
SELECT member_name,member_mobile FROM `zmkj_member` WHERE member_id= LIMIT 1  
[2016-10-16 13:20:44] /shop/index.php ( act=repair&op=userwx ) 
ERR: Db Error: You have an error in your SQL syntax; check the manual that corresponds to your MySQL server version for the right syntax to use near 'LIMIT 1' at line 1
SELECT member_name,member_mobile FROM `zmkj_member` WHERE member_id= LIMIT 1  
[2016-10-16 13:20:44] /shop/index.php ( act=repair&op=userwx ) 
ERR: Db Error: You have an error in your SQL syntax; check the manual that corresponds to your MySQL server version for the right syntax to use near 'LIMIT 1' at line 1
SELECT member_name,member_mobile FROM `zmkj_member` WHERE member_id= LIMIT 1  
[2016-10-16 13:20:44] /shop/index.php ( act=repair&op=userwx ) 
ERR: Db Error: You have an error in your SQL syntax; check the manual that corresponds to your MySQL server version for the right syntax to use near 'LIMIT 1' at line 1
SELECT member_name,member_mobile FROM `zmkj_member` WHERE member_id= LIMIT 1  
[2016-10-16 13:20:44] /shop/index.php ( act=repair&op=userwx ) 
ERR: Db Error: You have an error in your SQL syntax; check the manual that corresponds to your MySQL server version for the right syntax to use near 'LIMIT 1' at line 1
SELECT member_name,member_mobile FROM `zmkj_member` WHERE member_id= LIMIT 1  
[2016-10-16 13:20:44] /shop/index.php ( act=repair&op=userwx ) 
ERR: Db Error: You have an error in your SQL syntax; check the manual that corresponds to your MySQL server version for the right syntax to use near 'LIMIT 1' at line 1
SELECT member_name,member_mobile FROM `zmkj_member` WHERE member_id= LIMIT 1  
[2016-10-16 13:20:44] /shop/index.php ( act=repair&op=userwx ) 
ERR: Db Error: You have an error in your SQL syntax; check the manual that corresponds to your MySQL server version for the right syntax to use near 'LIMIT 1' at line 1
SELECT member_name,member_mobile FROM `zmkj_member` WHERE member_id= LIMIT 1  
[2016-10-16 13:20:44] /shop/index.php ( act=repair&op=userwx ) 
ERR: Db Error: You have an error in your SQL syntax; check the manual that corresponds to your MySQL server version for the right syntax to use near 'LIMIT 1' at line 1
SELECT member_name,member_mobile FROM `zmkj_member` WHERE member_id= LIMIT 1  
[2016-10-16 13:20:44] /shop/index.php ( act=repair&op=userwx ) 
ERR: Db Error: You have an error in your SQL syntax; check the manual that corresponds to your MySQL server version for the right syntax to use near 'LIMIT 1' at line 1
SELECT member_name,member_mobile FROM `zmkj_member` WHERE member_id= LIMIT 1  
[2016-10-16 13:20:45] /shop/index.php ( act=repair&op=userwx ) 
ERR: Db Error: You have an error in your SQL syntax; check the manual that corresponds to your MySQL server version for the right syntax to use near 'LIMIT 1' at line 1
SELECT member_name,member_mobile FROM `zmkj_member` WHERE member_id= LIMIT 1  
[2016-10-16 13:20:45] /shop/index.php ( act=repair&op=userwx ) 
ERR: Db Error: You have an error in your SQL syntax; check the manual that corresponds to your MySQL server version for the right syntax to use near 'LIMIT 1' at line 1
SELECT member_name,member_mobile FROM `zmkj_member` WHERE member_id= LIMIT 1  
[2016-10-16 13:20:45] /shop/index.php ( act=repair&op=userwx ) 
ERR: Db Error: You have an error in your SQL syntax; check the manual that corresponds to your MySQL server version for the right syntax to use near 'LIMIT 1' at line 1
SELECT member_name,member_mobile FROM `zmkj_member` WHERE member_id= LIMIT 1  
[2016-10-16 13:20:45] /shop/index.php ( act=repair&op=userwx ) 
ERR: Db Error: You have an error in your SQL syntax; check the manual that corresponds to your MySQL server version for the right syntax to use near 'LIMIT 1' at line 1
SELECT member_name,member_mobile FROM `zmkj_member` WHERE member_id= LIMIT 1  
[2016-10-16 13:20:45] /shop/index.php ( act=repair&op=userwx ) 
ERR: Db Error: You have an error in your SQL syntax; check the manual that corresponds to your MySQL server version for the right syntax to use near 'LIMIT 1' at line 1
SELECT member_name,member_mobile FROM `zmkj_member` WHERE member_id= LIMIT 1  
[2016-10-16 13:20:45] /shop/index.php ( act=repair&op=userwx ) 
ERR: Db Error: You have an error in your SQL syntax; check the manual that corresponds to your MySQL server version for the right syntax to use near 'LIMIT 1' at line 1
SELECT member_name,member_mobile FROM `zmkj_member` WHERE member_id= LIMIT 1  
[2016-10-16 13:20:45] /shop/index.php ( act=repair&op=userwx ) 
ERR: Db Error: You have an error in your SQL syntax; check the manual that corresponds to your MySQL server version for the right syntax to use near 'LIMIT 1' at line 1
SELECT member_name,member_mobile FROM `zmkj_member` WHERE member_id= LIMIT 1  
[2016-10-16 13:20:45] /shop/index.php ( act=repair&op=userwx ) 
ERR: Db Error: You have an error in your SQL syntax; check the manual that corresponds to your MySQL server version for the right syntax to use near 'LIMIT 1' at line 1
SELECT member_name,member_mobile FROM `zmkj_member` WHERE member_id= LIMIT 1  
[2016-10-16 13:20:45] /shop/index.php ( act=repair&op=userwx ) 
ERR: Db Error: You have an error in your SQL syntax; check the manual that corresponds to your MySQL server version for the right syntax to use near 'LIMIT 1' at line 1
SELECT member_name,member_mobile FROM `zmkj_member` WHERE member_id= LIMIT 1  
[2016-10-16 13:20:45] /shop/index.php ( act=repair&op=userwx ) 
ERR: Db Error: You have an error in your SQL syntax; check the manual that corresponds to your MySQL server version for the right syntax to use near 'LIMIT 1' at line 1
SELECT member_name,member_mobile FROM `zmkj_member` WHERE member_id= LIMIT 1  
[2016-10-16 13:20:45] /shop/index.php ( act=repair&op=userwx ) 
ERR: Db Error: You have an error in your SQL syntax; check the manual that corresponds to your MySQL server version for the right syntax to use near 'LIMIT 1' at line 1
SELECT member_name,member_mobile FROM `zmkj_member` WHERE member_id= LIMIT 1  
[2016-10-16 13:20:45] /shop/index.php ( act=repair&op=userwx ) 
ERR: Db Error: You have an error in your SQL syntax; check the manual that corresponds to your MySQL server version for the right syntax to use near 'LIMIT 1' at line 1
SELECT member_name,member_mobile FROM `zmkj_member` WHERE member_id= LIMIT 1  
[2016-10-16 13:20:45] /shop/index.php ( act=repair&op=userwx ) 
ERR: Db Error: You have an error in your SQL syntax; check the manual that corresponds to your MySQL server version for the right syntax to use near 'LIMIT 1' at line 1
SELECT member_name,member_mobile FROM `zmkj_member` WHERE member_id= LIMIT 1  
[2016-10-16 13:20:45] /shop/index.php ( act=repair&op=userwx ) 
ERR: Db Error: You have an error in your SQL syntax; check the manual that corresponds to your MySQL server version for the right syntax to use near 'LIMIT 1' at line 1
SELECT member_name,member_mobile FROM `zmkj_member` WHERE member_id= LIMIT 1  
[2016-10-16 13:20:45] /shop/index.php ( act=repair&op=userwx ) 
ERR: Db Error: You have an error in your SQL syntax; check the manual that corresponds to your MySQL server version for the right syntax to use near 'LIMIT 1' at line 1
SELECT member_name,member_mobile FROM `zmkj_member` WHERE member_id= LIMIT 1  
[2016-10-16 13:20:45] /shop/index.php ( act=repair&op=userwx ) 
ERR: Db Error: You have an error in your SQL syntax; check the manual that corresponds to your MySQL server version for the right syntax to use near 'LIMIT 1' at line 1
SELECT member_name,member_mobile FROM `zmkj_member` WHERE member_id= LIMIT 1  
[2016-10-16 13:20:45] /shop/index.php ( act=repair&op=userwx ) 
ERR: Db Error: You have an error in your SQL syntax; check the manual that corresponds to your MySQL server version for the right syntax to use near 'LIMIT 1' at line 1
SELECT member_name,member_mobile FROM `zmkj_member` WHERE member_id= LIMIT 1  
[2016-10-16 13:20:45] /shop/index.php ( act=repair&op=userwx ) 
ERR: Db Error: You have an error in your SQL syntax; check the manual that corresponds to your MySQL server version for the right syntax to use near 'LIMIT 1' at line 1
SELECT member_name,member_mobile FROM `zmkj_member` WHERE member_id= LIMIT 1  
[2016-10-16 13:20:45] /shop/index.php ( act=repair&op=userwx ) 
ERR: Db Error: You have an error in your SQL syntax; check the manual that corresponds to your MySQL server version for the right syntax to use near 'LIMIT 1' at line 1
SELECT member_name,member_mobile FROM `zmkj_member` WHERE member_id= LIMIT 1  
[2016-10-16 13:20:45] /shop/index.php ( act=repair&op=userwx ) 
ERR: Db Error: You have an error in your SQL syntax; check the manual that corresponds to your MySQL server version for the right syntax to use near 'LIMIT 1' at line 1
SELECT member_name,member_mobile FROM `zmkj_member` WHERE member_id= LIMIT 1  
[2016-10-16 13:20:45] /shop/index.php ( act=repair&op=userwx ) 
ERR: Db Error: You have an error in your SQL syntax; check the manual that corresponds to your MySQL server version for the right syntax to use near 'LIMIT 1' at line 1
SELECT member_name,member_mobile FROM `zmkj_member` WHERE member_id= LIMIT 1  
[2016-10-16 13:20:45] /shop/index.php ( act=repair&op=userwx ) 
ERR: Db Error: You have an error in your SQL syntax; check the manual that corresponds to your MySQL server version for the right syntax to use near 'LIMIT 1' at line 1
SELECT member_name,member_mobile FROM `zmkj_member` WHERE member_id= LIMIT 1  
[2016-10-16 13:20:45] /shop/index.php ( act=repair&op=userwx ) 
ERR: Db Error: You have an error in your SQL syntax; check the manual that corresponds to your MySQL server version for the right syntax to use near 'LIMIT 1' at line 1
SELECT member_name,member_mobile FROM `zmkj_member` WHERE member_id= LIMIT 1  
[2016-10-16 13:20:45] /shop/index.php ( act=repair&op=userwx ) 
ERR: Db Error: You have an error in your SQL syntax; check the manual that corresponds to your MySQL server version for the right syntax to use near 'LIMIT 1' at line 1
SELECT member_name,member_mobile FROM `zmkj_member` WHERE member_id= LIMIT 1  
[2016-10-16 13:20:45] /shop/index.php ( act=repair&op=userwx ) 
ERR: Db Error: You have an error in your SQL syntax; check the manual that corresponds to your MySQL server version for the right syntax to use near 'LIMIT 1' at line 1
SELECT member_name,member_mobile FROM `zmkj_member` WHERE member_id= LIMIT 1  
[2016-10-16 13:20:45] /shop/index.php ( act=repair&op=userwx ) 
ERR: Db Error: You have an error in your SQL syntax; check the manual that corresponds to your MySQL server version for the right syntax to use near 'LIMIT 1' at line 1
SELECT member_name,member_mobile FROM `zmkj_member` WHERE member_id= LIMIT 1  
[2016-10-16 13:20:45] /shop/index.php ( act=repair&op=userwx ) 
ERR: Db Error: You have an error in your SQL syntax; check the manual that corresponds to your MySQL server version for the right syntax to use near 'LIMIT 1' at line 1
SELECT member_name,member_mobile FROM `zmkj_member` WHERE member_id= LIMIT 1  
[2016-10-16 13:20:45] /shop/index.php ( act=repair&op=userwx ) 
ERR: Db Error: You have an error in your SQL syntax; check the manual that corresponds to your MySQL server version for the right syntax to use near 'LIMIT 1' at line 1
SELECT member_name,member_mobile FROM `zmkj_member` WHERE member_id= LIMIT 1  
[2016-10-16 13:20:45] /shop/index.php ( act=repair&op=userwx ) 
ERR: Db Error: You have an error in your SQL syntax; check the manual that corresponds to your MySQL server version for the right syntax to use near 'LIMIT 1' at line 1
SELECT member_name,member_mobile FROM `zmkj_member` WHERE member_id= LIMIT 1  
[2016-10-16 13:20:45] /shop/index.php ( act=repair&op=userwx ) 
ERR: Db Error: You have an error in your SQL syntax; check the manual that corresponds to your MySQL server version for the right syntax to use near 'LIMIT 1' at line 1
SELECT member_name,member_mobile FROM `zmkj_member` WHERE member_id= LIMIT 1  
[2016-10-16 13:20:45] /shop/index.php ( act=repair&op=userwx ) 
ERR: Db Error: You have an error in your SQL syntax; check the manual that corresponds to your MySQL server version for the right syntax to use near 'LIMIT 1' at line 1
SELECT member_name,member_mobile FROM `zmkj_member` WHERE member_id= LIMIT 1  
[2016-10-16 13:20:45] /shop/index.php ( act=repair&op=userwx ) 
ERR: Db Error: You have an error in your SQL syntax; check the manual that corresponds to your MySQL server version for the right syntax to use near 'LIMIT 1' at line 1
SELECT member_name,member_mobile FROM `zmkj_member` WHERE member_id= LIMIT 1  
[2016-10-16 13:20:45] /shop/index.php ( act=repair&op=userwx ) 
ERR: Db Error: You have an error in your SQL syntax; check the manual that corresponds to your MySQL server version for the right syntax to use near 'LIMIT 1' at line 1
SELECT member_name,member_mobile FROM `zmkj_member` WHERE member_id= LIMIT 1  
[2016-10-16 13:20:45] /shop/index.php ( act=repair&op=userwx ) 
ERR: Db Error: You have an error in your SQL syntax; check the manual that corresponds to your MySQL server version for the right syntax to use near 'LIMIT 1' at line 1
SELECT member_name,member_mobile FROM `zmkj_member` WHERE member_id= LIMIT 1  
[2016-10-16 13:20:51] /shop/index.php ( act=repair&op=userwx ) 
ERR: Db Error: You have an error in your SQL syntax; check the manual that corresponds to your MySQL server version for the right syntax to use near 'LIMIT 1' at line 1
SELECT member_name,member_mobile FROM `zmkj_member` WHERE member_id= LIMIT 1  
[2016-10-16 13:20:51] /shop/index.php ( act=repair&op=userwx ) 
ERR: Db Error: You have an error in your SQL syntax; check the manual that corresponds to your MySQL server version for the right syntax to use near 'LIMIT 1' at line 1
SELECT member_name,member_mobile FROM `zmkj_member` WHERE member_id= LIMIT 1  
[2016-10-16 13:20:51] /shop/index.php ( act=repair&op=userwx ) 
ERR: Db Error: You have an error in your SQL syntax; check the manual that corresponds to your MySQL server version for the right syntax to use near 'LIMIT 1' at line 1
SELECT member_name,member_mobile FROM `zmkj_member` WHERE member_id= LIMIT 1  
[2016-10-16 13:20:51] /shop/index.php ( act=repair&op=userwx ) 
ERR: Db Error: You have an error in your SQL syntax; check the manual that corresponds to your MySQL server version for the right syntax to use near 'LIMIT 1' at line 1
SELECT member_name,member_mobile FROM `zmkj_member` WHERE member_id= LIMIT 1  
[2016-10-16 13:20:51] /shop/index.php ( act=repair&op=userwx ) 
ERR: Db Error: You have an error in your SQL syntax; check the manual that corresponds to your MySQL server version for the right syntax to use near 'LIMIT 1' at line 1
SELECT member_name,member_mobile FROM `zmkj_member` WHERE member_id= LIMIT 1  
[2016-10-16 13:20:51] /shop/index.php ( act=repair&op=userwx ) 
ERR: Db Error: You have an error in your SQL syntax; check the manual that corresponds to your MySQL server version for the right syntax to use near 'LIMIT 1' at line 1
SELECT member_name,member_mobile FROM `zmkj_member` WHERE member_id= LIMIT 1  
[2016-10-16 13:20:51] /shop/index.php ( act=repair&op=userwx ) 
ERR: Db Error: You have an error in your SQL syntax; check the manual that corresponds to your MySQL server version for the right syntax to use near 'LIMIT 1' at line 1
SELECT member_name,member_mobile FROM `zmkj_member` WHERE member_id= LIMIT 1  
[2016-10-16 13:20:51] /shop/index.php ( act=repair&op=userwx ) 
ERR: Db Error: You have an error in your SQL syntax; check the manual that corresponds to your MySQL server version for the right syntax to use near 'LIMIT 1' at line 1
SELECT member_name,member_mobile FROM `zmkj_member` WHERE member_id= LIMIT 1  
[2016-10-16 13:20:51] /shop/index.php ( act=repair&op=userwx ) 
ERR: Db Error: You have an error in your SQL syntax; check the manual that corresponds to your MySQL server version for the right syntax to use near 'LIMIT 1' at line 1
SELECT member_name,member_mobile FROM `zmkj_member` WHERE member_id= LIMIT 1  
[2016-10-16 13:20:51] /shop/index.php ( act=repair&op=userwx ) 
ERR: Db Error: You have an error in your SQL syntax; check the manual that corresponds to your MySQL server version for the right syntax to use near 'LIMIT 1' at line 1
SELECT member_name,member_mobile FROM `zmkj_member` WHERE member_id= LIMIT 1  
[2016-10-16 13:20:51] /shop/index.php ( act=repair&op=userwx ) 
ERR: Db Error: You have an error in your SQL syntax; check the manual that corresponds to your MySQL server version for the right syntax to use near 'LIMIT 1' at line 1
SELECT member_name,member_mobile FROM `zmkj_member` WHERE member_id= LIMIT 1  
[2016-10-16 13:20:51] /shop/index.php ( act=repair&op=userwx ) 
ERR: Db Error: You have an error in your SQL syntax; check the manual that corresponds to your MySQL server version for the right syntax to use near 'LIMIT 1' at line 1
SELECT member_name,member_mobile FROM `zmkj_member` WHERE member_id= LIMIT 1  
[2016-10-16 13:20:51] /shop/index.php ( act=repair&op=userwx ) 
ERR: Db Error: You have an error in your SQL syntax; check the manual that corresponds to your MySQL server version for the right syntax to use near 'LIMIT 1' at line 1
SELECT member_name,member_mobile FROM `zmkj_member` WHERE member_id= LIMIT 1  
[2016-10-16 13:20:51] /shop/index.php ( act=repair&op=userwx ) 
ERR: Db Error: You have an error in your SQL syntax; check the manual that corresponds to your MySQL server version for the right syntax to use near 'LIMIT 1' at line 1
SELECT member_name,member_mobile FROM `zmkj_member` WHERE member_id= LIMIT 1  
[2016-10-16 13:20:51] /shop/index.php ( act=repair&op=userwx ) 
ERR: Db Error: You have an error in your SQL syntax; check the manual that corresponds to your MySQL server version for the right syntax to use near 'LIMIT 1' at line 1
SELECT member_name,member_mobile FROM `zmkj_member` WHERE member_id= LIMIT 1  
[2016-10-16 13:20:51] /shop/index.php ( act=repair&op=userwx ) 
ERR: Db Error: You have an error in your SQL syntax; check the manual that corresponds to your MySQL server version for the right syntax to use near 'LIMIT 1' at line 1
SELECT member_name,member_mobile FROM `zmkj_member` WHERE member_id= LIMIT 1  
[2016-10-16 13:20:51] /shop/index.php ( act=repair&op=userwx ) 
ERR: Db Error: You have an error in your SQL syntax; check the manual that corresponds to your MySQL server version for the right syntax to use near 'LIMIT 1' at line 1
SELECT member_name,member_mobile FROM `zmkj_member` WHERE member_id= LIMIT 1  
[2016-10-16 13:20:51] /shop/index.php ( act=repair&op=userwx ) 
ERR: Db Error: You have an error in your SQL syntax; check the manual that corresponds to your MySQL server version for the right syntax to use near 'LIMIT 1' at line 1
SELECT member_name,member_mobile FROM `zmkj_member` WHERE member_id= LIMIT 1  
[2016-10-16 13:20:51] /shop/index.php ( act=repair&op=userwx ) 
ERR: Db Error: You have an error in your SQL syntax; check the manual that corresponds to your MySQL server version for the right syntax to use near 'LIMIT 1' at line 1
SELECT member_name,member_mobile FROM `zmkj_member` WHERE member_id= LIMIT 1  
[2016-10-16 13:20:51] /shop/index.php ( act=repair&op=userwx ) 
ERR: Db Error: You have an error in your SQL syntax; check the manual that corresponds to your MySQL server version for the right syntax to use near 'LIMIT 1' at line 1
SELECT member_name,member_mobile FROM `zmkj_member` WHERE member_id= LIMIT 1  
[2016-10-16 13:20:51] /shop/index.php ( act=repair&op=userwx ) 
ERR: Db Error: You have an error in your SQL syntax; check the manual that corresponds to your MySQL server version for the right syntax to use near 'LIMIT 1' at line 1
SELECT member_name,member_mobile FROM `zmkj_member` WHERE member_id= LIMIT 1  
[2016-10-16 13:20:51] /shop/index.php ( act=repair&op=userwx ) 
ERR: Db Error: You have an error in your SQL syntax; check the manual that corresponds to your MySQL server version for the right syntax to use near 'LIMIT 1' at line 1
SELECT member_name,member_mobile FROM `zmkj_member` WHERE member_id= LIMIT 1  
[2016-10-16 13:20:51] /shop/index.php ( act=repair&op=userwx ) 
ERR: Db Error: You have an error in your SQL syntax; check the manual that corresponds to your MySQL server version for the right syntax to use near 'LIMIT 1' at line 1
SELECT member_name,member_mobile FROM `zmkj_member` WHERE member_id= LIMIT 1  
[2016-10-16 13:20:51] /shop/index.php ( act=repair&op=userwx ) 
ERR: Db Error: You have an error in your SQL syntax; check the manual that corresponds to your MySQL server version for the right syntax to use near 'LIMIT 1' at line 1
SELECT member_name,member_mobile FROM `zmkj_member` WHERE member_id= LIMIT 1  
[2016-10-16 13:20:51] /shop/index.php ( act=repair&op=userwx ) 
ERR: Db Error: You have an error in your SQL syntax; check the manual that corresponds to your MySQL server version for the right syntax to use near 'LIMIT 1' at line 1
SELECT member_name,member_mobile FROM `zmkj_member` WHERE member_id= LIMIT 1  
[2016-10-16 13:20:51] /shop/index.php ( act=repair&op=userwx ) 
ERR: Db Error: You have an error in your SQL syntax; check the manual that corresponds to your MySQL server version for the right syntax to use near 'LIMIT 1' at line 1
SELECT member_name,member_mobile FROM `zmkj_member` WHERE member_id= LIMIT 1  
[2016-10-16 13:20:51] /shop/index.php ( act=repair&op=userwx ) 
ERR: Db Error: You have an error in your SQL syntax; check the manual that corresponds to your MySQL server version for the right syntax to use near 'LIMIT 1' at line 1
SELECT member_name,member_mobile FROM `zmkj_member` WHERE member_id= LIMIT 1  
[2016-10-16 13:20:51] /shop/index.php ( act=repair&op=userwx ) 
ERR: Db Error: You have an error in your SQL syntax; check the manual that corresponds to your MySQL server version for the right syntax to use near 'LIMIT 1' at line 1
SELECT member_name,member_mobile FROM `zmkj_member` WHERE member_id= LIMIT 1  
[2016-10-16 13:20:51] /shop/index.php ( act=repair&op=userwx ) 
ERR: Db Error: You have an error in your SQL syntax; check the manual that corresponds to your MySQL server version for the right syntax to use near 'LIMIT 1' at line 1
SELECT member_name,member_mobile FROM `zmkj_member` WHERE member_id= LIMIT 1  
[2016-10-16 13:20:51] /shop/index.php ( act=repair&op=userwx ) 
ERR: Db Error: You have an error in your SQL syntax; check the manual that corresponds to your MySQL server version for the right syntax to use near 'LIMIT 1' at line 1
SELECT member_name,member_mobile FROM `zmkj_member` WHERE member_id= LIMIT 1  
[2016-10-16 13:20:51] /shop/index.php ( act=repair&op=userwx ) 
ERR: Db Error: You have an error in your SQL syntax; check the manual that corresponds to your MySQL server version for the right syntax to use near 'LIMIT 1' at line 1
SELECT member_name,member_mobile FROM `zmkj_member` WHERE member_id= LIMIT 1  
[2016-10-16 13:20:51] /shop/index.php ( act=repair&op=userwx ) 
ERR: Db Error: You have an error in your SQL syntax; check the manual that corresponds to your MySQL server version for the right syntax to use near 'LIMIT 1' at line 1
SELECT member_name,member_mobile FROM `zmkj_member` WHERE member_id= LIMIT 1  
[2016-10-16 13:20:51] /shop/index.php ( act=repair&op=userwx ) 
ERR: Db Error: You have an error in your SQL syntax; check the manual that corresponds to your MySQL server version for the right syntax to use near 'LIMIT 1' at line 1
SELECT member_name,member_mobile FROM `zmkj_member` WHERE member_id= LIMIT 1  
[2016-10-16 13:20:51] /shop/index.php ( act=repair&op=userwx ) 
ERR: Db Error: You have an error in your SQL syntax; check the manual that corresponds to your MySQL server version for the right syntax to use near 'LIMIT 1' at line 1
SELECT member_name,member_mobile FROM `zmkj_member` WHERE member_id= LIMIT 1  
[2016-10-16 13:20:51] /shop/index.php ( act=repair&op=userwx ) 
ERR: Db Error: You have an error in your SQL syntax; check the manual that corresponds to your MySQL server version for the right syntax to use near 'LIMIT 1' at line 1
SELECT member_name,member_mobile FROM `zmkj_member` WHERE member_id= LIMIT 1  
[2016-10-16 13:20:51] /shop/index.php ( act=repair&op=userwx ) 
ERR: Db Error: You have an error in your SQL syntax; check the manual that corresponds to your MySQL server version for the right syntax to use near 'LIMIT 1' at line 1
SELECT member_name,member_mobile FROM `zmkj_member` WHERE member_id= LIMIT 1  
[2016-10-16 13:20:51] /shop/index.php ( act=repair&op=userwx ) 
ERR: Db Error: You have an error in your SQL syntax; check the manual that corresponds to your MySQL server version for the right syntax to use near 'LIMIT 1' at line 1
SELECT member_name,member_mobile FROM `zmkj_member` WHERE member_id= LIMIT 1  
[2016-10-16 13:20:51] /shop/index.php ( act=repair&op=userwx ) 
ERR: Db Error: You have an error in your SQL syntax; check the manual that corresponds to your MySQL server version for the right syntax to use near 'LIMIT 1' at line 1
SELECT member_name,member_mobile FROM `zmkj_member` WHERE member_id= LIMIT 1  
[2016-10-16 13:20:51] /shop/index.php ( act=repair&op=userwx ) 
ERR: Db Error: You have an error in your SQL syntax; check the manual that corresponds to your MySQL server version for the right syntax to use near 'LIMIT 1' at line 1
SELECT member_name,member_mobile FROM `zmkj_member` WHERE member_id= LIMIT 1  
[2016-10-16 13:20:51] /shop/index.php ( act=repair&op=userwx ) 
ERR: Db Error: You have an error in your SQL syntax; check the manual that corresponds to your MySQL server version for the right syntax to use near 'LIMIT 1' at line 1
SELECT member_name,member_mobile FROM `zmkj_member` WHERE member_id= LIMIT 1  
[2016-10-16 13:20:51] /shop/index.php ( act=repair&op=userwx ) 
ERR: Db Error: You have an error in your SQL syntax; check the manual that corresponds to your MySQL server version for the right syntax to use near 'LIMIT 1' at line 1
SELECT member_name,member_mobile FROM `zmkj_member` WHERE member_id= LIMIT 1  
[2016-10-16 13:20:51] /shop/index.php ( act=repair&op=userwx ) 
ERR: Db Error: You have an error in your SQL syntax; check the manual that corresponds to your MySQL server version for the right syntax to use near 'LIMIT 1' at line 1
SELECT member_name,member_mobile FROM `zmkj_member` WHERE member_id= LIMIT 1  
[2016-10-16 13:20:51] /shop/index.php ( act=repair&op=userwx ) 
ERR: Db Error: You have an error in your SQL syntax; check the manual that corresponds to your MySQL server version for the right syntax to use near 'LIMIT 1' at line 1
SELECT member_name,member_mobile FROM `zmkj_member` WHERE member_id= LIMIT 1  
[2016-10-16 13:20:51] /shop/index.php ( act=repair&op=userwx ) 
ERR: Db Error: You have an error in your SQL syntax; check the manual that corresponds to your MySQL server version for the right syntax to use near 'LIMIT 1' at line 1
SELECT member_name,member_mobile FROM `zmkj_member` WHERE member_id= LIMIT 1  
[2016-10-16 13:20:51] /shop/index.php ( act=repair&op=userwx ) 
ERR: Db Error: You have an error in your SQL syntax; check the manual that corresponds to your MySQL server version for the right syntax to use near 'LIMIT 1' at line 1
SELECT member_name,member_mobile FROM `zmkj_member` WHERE member_id= LIMIT 1  
[2016-10-16 13:20:51] /shop/index.php ( act=repair&op=userwx ) 
ERR: Db Error: You have an error in your SQL syntax; check the manual that corresponds to your MySQL server version for the right syntax to use near 'LIMIT 1' at line 1
SELECT member_name,member_mobile FROM `zmkj_member` WHERE member_id= LIMIT 1  
[2016-10-16 13:20:51] /shop/index.php ( act=repair&op=userwx ) 
ERR: Db Error: You have an error in your SQL syntax; check the manual that corresponds to your MySQL server version for the right syntax to use near 'LIMIT 1' at line 1
SELECT member_name,member_mobile FROM `zmkj_member` WHERE member_id= LIMIT 1  
[2016-10-16 13:20:51] /shop/index.php ( act=repair&op=userwx ) 
ERR: Db Error: You have an error in your SQL syntax; check the manual that corresponds to your MySQL server version for the right syntax to use near 'LIMIT 1' at line 1
SELECT member_name,member_mobile FROM `zmkj_member` WHERE member_id= LIMIT 1  
[2016-10-16 13:20:51] /shop/index.php ( act=repair&op=userwx ) 
ERR: Db Error: You have an error in your SQL syntax; check the manual that corresponds to your MySQL server version for the right syntax to use near 'LIMIT 1' at line 1
SELECT member_name,member_mobile FROM `zmkj_member` WHERE member_id= LIMIT 1  
[2016-10-16 13:20:51] /shop/index.php ( act=repair&op=userwx ) 
ERR: Db Error: You have an error in your SQL syntax; check the manual that corresponds to your MySQL server version for the right syntax to use near 'LIMIT 1' at line 1
SELECT member_name,member_mobile FROM `zmkj_member` WHERE member_id= LIMIT 1  
[2016-10-16 13:20:51] /shop/index.php ( act=repair&op=userwx ) 
ERR: Db Error: You have an error in your SQL syntax; check the manual that corresponds to your MySQL server version for the right syntax to use near 'LIMIT 1' at line 1
SELECT member_name,member_mobile FROM `zmkj_member` WHERE member_id= LIMIT 1  
[2016-10-16 13:20:51] /shop/index.php ( act=repair&op=userwx ) 
ERR: Db Error: You have an error in your SQL syntax; check the manual that corresponds to your MySQL server version for the right syntax to use near 'LIMIT 1' at line 1
SELECT member_name,member_mobile FROM `zmkj_member` WHERE member_id= LIMIT 1  
[2016-10-16 13:20:51] /shop/index.php ( act=repair&op=userwx ) 
ERR: Db Error: You have an error in your SQL syntax; check the manual that corresponds to your MySQL server version for the right syntax to use near 'LIMIT 1' at line 1
SELECT member_name,member_mobile FROM `zmkj_member` WHERE member_id= LIMIT 1  
[2016-10-16 13:20:51] /shop/index.php ( act=repair&op=userwx ) 
ERR: Db Error: You have an error in your SQL syntax; check the manual that corresponds to your MySQL server version for the right syntax to use near 'LIMIT 1' at line 1
SELECT member_name,member_mobile FROM `zmkj_member` WHERE member_id= LIMIT 1  
[2016-10-16 13:20:51] /shop/index.php ( act=repair&op=userwx ) 
ERR: Db Error: You have an error in your SQL syntax; check the manual that corresponds to your MySQL server version for the right syntax to use near 'LIMIT 1' at line 1
SELECT member_name,member_mobile FROM `zmkj_member` WHERE member_id= LIMIT 1  
[2016-10-16 13:20:51] /shop/index.php ( act=repair&op=userwx ) 
ERR: Db Error: You have an error in your SQL syntax; check the manual that corresponds to your MySQL server version for the right syntax to use near 'LIMIT 1' at line 1
SELECT member_name,member_mobile FROM `zmkj_member` WHERE member_id= LIMIT 1  
[2016-10-16 13:20:51] /shop/index.php ( act=repair&op=userwx ) 
ERR: Db Error: You have an error in your SQL syntax; check the manual that corresponds to your MySQL server version for the right syntax to use near 'LIMIT 1' at line 1
SELECT member_name,member_mobile FROM `zmkj_member` WHERE member_id= LIMIT 1  
[2016-10-16 13:20:51] /shop/index.php ( act=repair&op=userwx ) 
ERR: Db Error: You have an error in your SQL syntax; check the manual that corresponds to your MySQL server version for the right syntax to use near 'LIMIT 1' at line 1
SELECT member_name,member_mobile FROM `zmkj_member` WHERE member_id= LIMIT 1  
[2016-10-16 13:20:51] /shop/index.php ( act=repair&op=userwx ) 
ERR: Db Error: You have an error in your SQL syntax; check the manual that corresponds to your MySQL server version for the right syntax to use near 'LIMIT 1' at line 1
SELECT member_name,member_mobile FROM `zmkj_member` WHERE member_id= LIMIT 1  
[2016-10-16 13:20:51] /shop/index.php ( act=repair&op=userwx ) 
ERR: Db Error: You have an error in your SQL syntax; check the manual that corresponds to your MySQL server version for the right syntax to use near 'LIMIT 1' at line 1
SELECT member_name,member_mobile FROM `zmkj_member` WHERE member_id= LIMIT 1  
[2016-10-16 13:20:51] /shop/index.php ( act=repair&op=userwx ) 
ERR: Db Error: You have an error in your SQL syntax; check the manual that corresponds to your MySQL server version for the right syntax to use near 'LIMIT 1' at line 1
SELECT member_name,member_mobile FROM `zmkj_member` WHERE member_id= LIMIT 1  
[2016-10-16 13:20:51] /shop/index.php ( act=repair&op=userwx ) 
ERR: Db Error: You have an error in your SQL syntax; check the manual that corresponds to your MySQL server version for the right syntax to use near 'LIMIT 1' at line 1
SELECT member_name,member_mobile FROM `zmkj_member` WHERE member_id= LIMIT 1  
[2016-10-16 13:20:51] /shop/index.php ( act=repair&op=userwx ) 
ERR: Db Error: You have an error in your SQL syntax; check the manual that corresponds to your MySQL server version for the right syntax to use near 'LIMIT 1' at line 1
SELECT member_name,member_mobile FROM `zmkj_member` WHERE member_id= LIMIT 1  
[2016-10-16 13:20:51] /shop/index.php ( act=repair&op=userwx ) 
ERR: Db Error: You have an error in your SQL syntax; check the manual that corresponds to your MySQL server version for the right syntax to use near 'LIMIT 1' at line 1
SELECT member_name,member_mobile FROM `zmkj_member` WHERE member_id= LIMIT 1  
[2016-10-16 13:20:51] /shop/index.php ( act=repair&op=userwx ) 
ERR: Db Error: You have an error in your SQL syntax; check the manual that corresponds to your MySQL server version for the right syntax to use near 'LIMIT 1' at line 1
SELECT member_name,member_mobile FROM `zmkj_member` WHERE member_id= LIMIT 1  
[2016-10-16 13:20:51] /shop/index.php ( act=repair&op=userwx ) 
ERR: Db Error: You have an error in your SQL syntax; check the manual that corresponds to your MySQL server version for the right syntax to use near 'LIMIT 1' at line 1
SELECT member_name,member_mobile FROM `zmkj_member` WHERE member_id= LIMIT 1  
[2016-10-16 13:20:51] /shop/index.php ( act=repair&op=userwx ) 
ERR: Db Error: You have an error in your SQL syntax; check the manual that corresponds to your MySQL server version for the right syntax to use near 'LIMIT 1' at line 1
SELECT member_name,member_mobile FROM `zmkj_member` WHERE member_id= LIMIT 1  
[2016-10-16 13:20:51] /shop/index.php ( act=repair&op=userwx ) 
ERR: Db Error: You have an error in your SQL syntax; check the manual that corresponds to your MySQL server version for the right syntax to use near 'LIMIT 1' at line 1
SELECT member_name,member_mobile FROM `zmkj_member` WHERE member_id= LIMIT 1  
[2016-10-16 13:20:51] /shop/index.php ( act=repair&op=userwx ) 
ERR: Db Error: You have an error in your SQL syntax; check the manual that corresponds to your MySQL server version for the right syntax to use near 'LIMIT 1' at line 1
SELECT member_name,member_mobile FROM `zmkj_member` WHERE member_id= LIMIT 1  
[2016-10-16 13:20:51] /shop/index.php ( act=repair&op=userwx ) 
ERR: Db Error: You have an error in your SQL syntax; check the manual that corresponds to your MySQL server version for the right syntax to use near 'LIMIT 1' at line 1
SELECT member_name,member_mobile FROM `zmkj_member` WHERE member_id= LIMIT 1  
[2016-10-16 13:20:51] /shop/index.php ( act=repair&op=userwx ) 
ERR: Db Error: You have an error in your SQL syntax; check the manual that corresponds to your MySQL server version for the right syntax to use near 'LIMIT 1' at line 1
SELECT member_name,member_mobile FROM `zmkj_member` WHERE member_id= LIMIT 1  
[2016-10-16 13:20:51] /shop/index.php ( act=repair&op=userwx ) 
ERR: Db Error: You have an error in your SQL syntax; check the manual that corresponds to your MySQL server version for the right syntax to use near 'LIMIT 1' at line 1
SELECT member_name,member_mobile FROM `zmkj_member` WHERE member_id= LIMIT 1  
[2016-10-16 13:20:51] /shop/index.php ( act=repair&op=userwx ) 
ERR: Db Error: You have an error in your SQL syntax; check the manual that corresponds to your MySQL server version for the right syntax to use near 'LIMIT 1' at line 1
SELECT member_name,member_mobile FROM `zmkj_member` WHERE member_id= LIMIT 1  
[2016-10-16 13:20:51] /shop/index.php ( act=repair&op=userwx ) 
ERR: Db Error: You have an error in your SQL syntax; check the manual that corresponds to your MySQL server version for the right syntax to use near 'LIMIT 1' at line 1
SELECT member_name,member_mobile FROM `zmkj_member` WHERE member_id= LIMIT 1  
[2016-10-16 13:20:51] /shop/index.php ( act=repair&op=userwx ) 
ERR: Db Error: You have an error in your SQL syntax; check the manual that corresponds to your MySQL server version for the right syntax to use near 'LIMIT 1' at line 1
SELECT member_name,member_mobile FROM `zmkj_member` WHERE member_id= LIMIT 1  
[2016-10-16 13:20:51] /shop/index.php ( act=repair&op=userwx ) 
ERR: Db Error: You have an error in your SQL syntax; check the manual that corresponds to your MySQL server version for the right syntax to use near 'LIMIT 1' at line 1
SELECT member_name,member_mobile FROM `zmkj_member` WHERE member_id= LIMIT 1  
[2016-10-16 13:20:51] /shop/index.php ( act=repair&op=userwx ) 
ERR: Db Error: You have an error in your SQL syntax; check the manual that corresponds to your MySQL server version for the right syntax to use near 'LIMIT 1' at line 1
SELECT member_name,member_mobile FROM `zmkj_member` WHERE member_id= LIMIT 1  
[2016-10-16 13:20:51] /shop/index.php ( act=repair&op=userwx ) 
ERR: Db Error: You have an error in your SQL syntax; check the manual that corresponds to your MySQL server version for the right syntax to use near 'LIMIT 1' at line 1
SELECT member_name,member_mobile FROM `zmkj_member` WHERE member_id= LIMIT 1  
[2016-10-16 13:20:51] /shop/index.php ( act=repair&op=userwx ) 
ERR: Db Error: You have an error in your SQL syntax; check the manual that corresponds to your MySQL server version for the right syntax to use near 'LIMIT 1' at line 1
SELECT member_name,member_mobile FROM `zmkj_member` WHERE member_id= LIMIT 1  
[2016-10-16 13:20:51] /shop/index.php ( act=repair&op=userwx ) 
ERR: Db Error: You have an error in your SQL syntax; check the manual that corresponds to your MySQL server version for the right syntax to use near 'LIMIT 1' at line 1
SELECT member_name,member_mobile FROM `zmkj_member` WHERE member_id= LIMIT 1  
[2016-10-16 13:20:51] /shop/index.php ( act=repair&op=userwx ) 
ERR: Db Error: You have an error in your SQL syntax; check the manual that corresponds to your MySQL server version for the right syntax to use near 'LIMIT 1' at line 1
SELECT member_name,member_mobile FROM `zmkj_member` WHERE member_id= LIMIT 1  
[2016-10-16 13:20:51] /shop/index.php ( act=repair&op=userwx ) 
ERR: Db Error: You have an error in your SQL syntax; check the manual that corresponds to your MySQL server version for the right syntax to use near 'LIMIT 1' at line 1
SELECT member_name,member_mobile FROM `zmkj_member` WHERE member_id= LIMIT 1  
[2016-10-16 13:20:51] /shop/index.php ( act=repair&op=userwx ) 
ERR: Db Error: You have an error in your SQL syntax; check the manual that corresponds to your MySQL server version for the right syntax to use near 'LIMIT 1' at line 1
SELECT member_name,member_mobile FROM `zmkj_member` WHERE member_id= LIMIT 1  
[2016-10-16 13:20:51] /shop/index.php ( act=repair&op=userwx ) 
ERR: Db Error: You have an error in your SQL syntax; check the manual that corresponds to your MySQL server version for the right syntax to use near 'LIMIT 1' at line 1
SELECT member_name,member_mobile FROM `zmkj_member` WHERE member_id= LIMIT 1  
[2016-10-16 13:20:51] /shop/index.php ( act=repair&op=userwx ) 
ERR: Db Error: You have an error in your SQL syntax; check the manual that corresponds to your MySQL server version for the right syntax to use near 'LIMIT 1' at line 1
SELECT member_name,member_mobile FROM `zmkj_member` WHERE member_id= LIMIT 1  
[2016-10-16 13:20:51] /shop/index.php ( act=repair&op=userwx ) 
ERR: Db Error: You have an error in your SQL syntax; check the manual that corresponds to your MySQL server version for the right syntax to use near 'LIMIT 1' at line 1
SELECT member_name,member_mobile FROM `zmkj_member` WHERE member_id= LIMIT 1  
[2016-10-16 13:20:51] /shop/index.php ( act=repair&op=userwx ) 
ERR: Db Error: You have an error in your SQL syntax; check the manual that corresponds to your MySQL server version for the right syntax to use near 'LIMIT 1' at line 1
SELECT member_name,member_mobile FROM `zmkj_member` WHERE member_id= LIMIT 1  
[2016-10-16 13:20:51] /shop/index.php ( act=repair&op=userwx ) 
ERR: Db Error: You have an error in your SQL syntax; check the manual that corresponds to your MySQL server version for the right syntax to use near 'LIMIT 1' at line 1
SELECT member_name,member_mobile FROM `zmkj_member` WHERE member_id= LIMIT 1  
[2016-10-16 13:20:51] /shop/index.php ( act=repair&op=userwx ) 
ERR: Db Error: You have an error in your SQL syntax; check the manual that corresponds to your MySQL server version for the right syntax to use near 'LIMIT 1' at line 1
SELECT member_name,member_mobile FROM `zmkj_member` WHERE member_id= LIMIT 1  
[2016-10-16 13:20:51] /shop/index.php ( act=repair&op=userwx ) 
ERR: Db Error: You have an error in your SQL syntax; check the manual that corresponds to your MySQL server version for the right syntax to use near 'LIMIT 1' at line 1
SELECT member_name,member_mobile FROM `zmkj_member` WHERE member_id= LIMIT 1  
[2016-10-16 13:20:51] /shop/index.php ( act=repair&op=userwx ) 
ERR: Db Error: You have an error in your SQL syntax; check the manual that corresponds to your MySQL server version for the right syntax to use near 'LIMIT 1' at line 1
SELECT member_name,member_mobile FROM `zmkj_member` WHERE member_id= LIMIT 1  
[2016-10-16 13:20:51] /shop/index.php ( act=repair&op=userwx ) 
ERR: Db Error: You have an error in your SQL syntax; check the manual that corresponds to your MySQL server version for the right syntax to use near 'LIMIT 1' at line 1
SELECT member_name,member_mobile FROM `zmkj_member` WHERE member_id= LIMIT 1  
[2016-10-16 13:20:51] /shop/index.php ( act=repair&op=userwx ) 
ERR: Db Error: You have an error in your SQL syntax; check the manual that corresponds to your MySQL server version for the right syntax to use near 'LIMIT 1' at line 1
SELECT member_name,member_mobile FROM `zmkj_member` WHERE member_id= LIMIT 1  
[2016-10-16 13:20:51] /shop/index.php ( act=repair&op=userwx ) 
ERR: Db Error: You have an error in your SQL syntax; check the manual that corresponds to your MySQL server version for the right syntax to use near 'LIMIT 1' at line 1
SELECT member_name,member_mobile FROM `zmkj_member` WHERE member_id= LIMIT 1  
