[2016-08-28 08:45:18] /shop/index.php?act=mobile&op=addbrowse ( act=mobile&op=addbrowse ) 
ERR: Db Error: Duplicate entry '100075-4' for key 'PRIMARY'
INSERT  INTO `zmkj_goods_browse` (goods_id,member_id,browsetime,gc_id,gc_id_1,gc_id_2,gc_id_3) VALUES ('100075','4','1472345118','1126','1124','1125','1126')
[2016-08-28 08:52:32] /shop/index.php?act=mobile&op=addbrowse ( act=mobile&op=addbrowse ) 
ERR: Db Error: Duplicate entry '100074-4' for key 'PRIMARY'
INSERT  INTO `zmkj_goods_browse` (goods_id,member_id,browsetime,gc_id,gc_id_1,gc_id_2,gc_id_3) VALUES ('100074','4','1472345552','1126','1124','1125','1126')
[2016-08-28 09:13:43] /shop/index.php?act=mobile&op=addbrowse ( act=mobile&op=addbrowse ) 
ERR: Db Error: Duplicate entry '100075-4' for key 'PRIMARY'
INSERT  INTO `zmkj_goods_browse` (goods_id,member_id,browsetime,gc_id,gc_id_1,gc_id_2,gc_id_3) VALUES ('100075','4','1472346823','1126','1124','1125','1126')
[2016-08-28 09:13:44] /shop/index.php?act=mobile&op=addbrowse ( act=mobile&op=addbrowse ) 
ERR: Db Error: Duplicate entry '100125-4' for key 'PRIMARY'
INSERT  INTO `zmkj_goods_browse` (goods_id,member_id,browsetime,gc_id,gc_id_1,gc_id_2,gc_id_3) VALUES ('100125','4','1472346824','1099','888','1094','1099')
[2016-08-28 09:14:58] /shop/index.php ( act=mobile&op=goodsdetail ) 
ERR: Db Error: You have an error in your SQL syntax; check the manual that corresponds to your MySQL server version for the right syntax to use near 'LIMIT 1' at line 1
SELECT goods_body FROM `zmkj_goods_common` WHERE goods_commonid =  LIMIT 1  
[2016-08-28 09:14:58] /shop/index.php ( act=mobile&op=goodsdetail ) 
ERR: Db Error: You have an error in your SQL syntax; check the manual that corresponds to your MySQL server version for the right syntax to use near 'LIMIT 1' at line 1
SELECT * FROM `zmkj_transport` WHERE id= LIMIT 1  
[2016-08-28 09:21:22] /shop/index.php?act=mobile&op=addbrowse ( act=mobile&op=addbrowse ) 
ERR: Db Error: Duplicate entry '100075-4' for key 'PRIMARY'
INSERT  INTO `zmkj_goods_browse` (goods_id,member_id,browsetime,gc_id,gc_id_1,gc_id_2,gc_id_3) VALUES ('100075','4','1472347282','1126','1124','1125','1126')
[2016-08-28 09:21:46] /shop/index.php?act=mobile&op=addbrowse ( act=mobile&op=addbrowse ) 
ERR: Db Error: Duplicate entry '100125-4' for key 'PRIMARY'
INSERT  INTO `zmkj_goods_browse` (goods_id,member_id,browsetime,gc_id,gc_id_1,gc_id_2,gc_id_3) VALUES ('100125','4','1472347306','1099','888','1094','1099')
[2016-08-28 09:22:49] /shop/index.php?act=mobile&op=addbrowse ( act=mobile&op=addbrowse ) 
ERR: Db Error: Duplicate entry '100075-4' for key 'PRIMARY'
INSERT  INTO `zmkj_goods_browse` (goods_id,member_id,browsetime,gc_id,gc_id_1,gc_id_2,gc_id_3) VALUES ('100075','4','1472347369','1126','1124','1125','1126')
[2016-08-28 09:24:27] /mobile/index.php?act=goods&op=goods_evaluate&goods_id=100059&type=4&curpage=1&page=10 ( act=goods&op=goods_evaluate ) 
ERR: Db Error: Unknown column 'geval_image_again' in 'where clause'
SELECT COUNT(*) AS nc_count FROM `zmkj_evaluate_goods` WHERE ( geval_goodsid = '100059' ) AND ( (geval_image <> '') OR (geval_image_again <> '') ) LIMIT 1  
[2016-08-28 09:24:27] /mobile/index.php?act=goods&op=goods_evaluate&goods_id=100059&type=4&curpage=1&page=10 ( act=goods&op=goods_evaluate ) 
ERR: Db Error: Unknown column 'geval_image_again' in 'where clause'
SELECT * FROM `zmkj_evaluate_goods` WHERE ( geval_goodsid = '100059' ) AND ( (geval_image <> '') OR (geval_image_again <> '') ) ORDER BY geval_id desc LIMIT 0,10  
[2016-08-28 09:24:36] /mobile/index.php?act=goods&op=goods_evaluate&goods_id=100059&type=4&curpage=1&page=10 ( act=goods&op=goods_evaluate ) 
ERR: Db Error: Unknown column 'geval_image_again' in 'where clause'
SELECT COUNT(*) AS nc_count FROM `zmkj_evaluate_goods` WHERE ( geval_goodsid = '100059' ) AND ( (geval_image <> '') OR (geval_image_again <> '') ) LIMIT 1  
[2016-08-28 09:24:36] /mobile/index.php?act=goods&op=goods_evaluate&goods_id=100059&type=4&curpage=1&page=10 ( act=goods&op=goods_evaluate ) 
ERR: Db Error: Unknown column 'geval_image_again' in 'where clause'
SELECT * FROM `zmkj_evaluate_goods` WHERE ( geval_goodsid = '100059' ) AND ( (geval_image <> '') OR (geval_image_again <> '') ) ORDER BY geval_id desc LIMIT 0,10  
[2016-08-28 09:24:44] /mobile/index.php?act=goods&op=goods_evaluate&goods_id=100059&type=4&curpage=1&page=10 ( act=goods&op=goods_evaluate ) 
ERR: Db Error: Unknown column 'geval_image_again' in 'where clause'
SELECT COUNT(*) AS nc_count FROM `zmkj_evaluate_goods` WHERE ( geval_goodsid = '100059' ) AND ( (geval_image <> '') OR (geval_image_again <> '') ) LIMIT 1  
[2016-08-28 09:24:44] /mobile/index.php?act=goods&op=goods_evaluate&goods_id=100059&type=4&curpage=1&page=10 ( act=goods&op=goods_evaluate ) 
ERR: Db Error: Unknown column 'geval_image_again' in 'where clause'
SELECT * FROM `zmkj_evaluate_goods` WHERE ( geval_goodsid = '100059' ) AND ( (geval_image <> '') OR (geval_image_again <> '') ) ORDER BY geval_id desc LIMIT 0,10  
[2016-08-28 09:44:58] /shop/index.php?act=mobile&op=addbrowse ( act=mobile&op=addbrowse ) 
ERR: Db Error: Duplicate entry '100125-4' for key 'PRIMARY'
INSERT  INTO `zmkj_goods_browse` (goods_id,member_id,browsetime,gc_id,gc_id_1,gc_id_2,gc_id_3) VALUES ('100125','4','1472348698','1099','888','1094','1099')
[2016-08-28 09:46:41] /mobile/index.php?act=goods&op=goods_evaluate&goods_id=100059&type=4&curpage=1&page=10 ( act=goods&op=goods_evaluate ) 
ERR: Db Error: Unknown column 'geval_image_again' in 'where clause'
SELECT COUNT(*) AS nc_count FROM `zmkj_evaluate_goods` WHERE ( geval_goodsid = '100059' ) AND ( (geval_image <> '') OR (geval_image_again <> '') ) LIMIT 1  
[2016-08-28 09:46:41] /mobile/index.php?act=goods&op=goods_evaluate&goods_id=100059&type=4&curpage=1&page=10 ( act=goods&op=goods_evaluate ) 
ERR: Db Error: Unknown column 'geval_image_again' in 'where clause'
SELECT * FROM `zmkj_evaluate_goods` WHERE ( geval_goodsid = '100059' ) AND ( (geval_image <> '') OR (geval_image_again <> '') ) ORDER BY geval_id desc LIMIT 0,10  
[2016-08-28 09:46:47] /shop/index.php?act=mobile&op=addbrowse ( act=mobile&op=addbrowse ) 
ERR: Db Error: Duplicate entry '100125-4' for key 'PRIMARY'
INSERT  INTO `zmkj_goods_browse` (goods_id,member_id,browsetime,gc_id,gc_id_1,gc_id_2,gc_id_3) VALUES ('100125','4','1472348807','1099','888','1094','1099')
[2016-08-28 10:38:38] /shop/index.php?act=master&op=myinfo ( act=master&op=myinfo ) 
ERR: Db Error: You have an error in your SQL syntax; check the manual that corresponds to your MySQL server version for the right syntax to use near 'LIMIT 1' at line 1
SELECT member_name,member_avatar,moneycard,member_mobile,member_truename FROM `zmkj_member` WHERE member_id= LIMIT 1  
[2016-08-28 10:38:38] /shop/index.php?act=master&op=orderlist ( act=master&op=orderlist ) 
ERR: Db Error: You have an error in your SQL syntax; check the manual that corresponds to your MySQL server version for the right syntax to use near 'LIMIT 1000' at line 1
SELECT order_id,order_sn,pay_sn,buyer_name,buyer_id,add_time,master_id,scost,tel,type,address,nowtime,apptime,wxstate,jdtime,cftime,wxtime,finnshed_time,payment_code FROM `zmkj_order` WHERE master_id= LIMIT 1000  
[2016-08-28 16:29:58] /shop/index.php ( act=mobile&op=goodsdetail ) 
ERR: Db Error: You have an error in your SQL syntax; check the manual that corresponds to your MySQL server version for the right syntax to use near 'LIMIT 1' at line 1
SELECT goods_body FROM `zmkj_goods_common` WHERE goods_commonid =  LIMIT 1  
[2016-08-28 16:29:58] /shop/index.php ( act=mobile&op=goodsdetail ) 
ERR: Db Error: You have an error in your SQL syntax; check the manual that corresponds to your MySQL server version for the right syntax to use near 'LIMIT 1' at line 1
SELECT * FROM `zmkj_transport` WHERE id= LIMIT 1  
[2016-08-28 17:19:51] /shop/index.php?act=master&op=cforder ( act=master&op=cforder ) 
ERR: Db Error: You have an error in your SQL syntax; check the manual that corresponds to your MySQL server version for the right syntax to use near 'LIMIT 1' at line 1
SELECT * FROM `zmkj_member` WHERE member_id= LIMIT 1  
[2016-08-28 17:21:02] /shop/index.php?act=pointshop&op=index ( act=pointshop&op=index ) 
ERR: Db Error: Unknown column 'voucher_t_gettype' in 'where clause'
SELECT * FROM `zmkj_voucher_template` WHERE ( voucher_t_state = '1' ) AND ( voucher_t_gettype = '1' ) AND ( voucher_t_end_date > '1472376062' ) ORDER BY voucher_t_recommend desc,voucher_t_id desc LIMIT 1000  
[2016-08-28 17:24:05] /shop/index.php ( act=repair&op=qxorder ) 
ERR: Db Error: You have an error in your SQL syntax; check the manual that corresponds to your MySQL server version for the right syntax to use near 'WHERE ( order_id = '584' ) AND ( buyer_id = '37' )' at line 1
UPDATE `zmkj_order` SET  WHERE ( order_id = '584' ) AND ( buyer_id = '37' )
[2016-08-28 17:24:07] /shop/index.php ( act=repair&op=qxorder ) 
ERR: Db Error: You have an error in your SQL syntax; check the manual that corresponds to your MySQL server version for the right syntax to use near 'WHERE ( order_id = '584' ) AND ( buyer_id = '37' )' at line 1
UPDATE `zmkj_order` SET  WHERE ( order_id = '584' ) AND ( buyer_id = '37' )
[2016-08-28 17:24:45] /shop/index.php ( act=repair&op=userwx ) 
ERR: Db Error: You have an error in your SQL syntax; check the manual that corresponds to your MySQL server version for the right syntax to use near 'LIMIT 1' at line 1
SELECT member_name,member_mobile FROM `zmkj_member` WHERE member_id= LIMIT 1  
[2016-08-28 17:24:45] /shop/index.php ( act=repair&op=userwx ) 
ERR: Db Error: You have an error in your SQL syntax; check the manual that corresponds to your MySQL server version for the right syntax to use near 'LIMIT 1' at line 1
SELECT member_name,member_mobile FROM `zmkj_member` WHERE member_id= LIMIT 1  
[2016-08-28 17:24:45] /shop/index.php ( act=repair&op=userwx ) 
ERR: Db Error: You have an error in your SQL syntax; check the manual that corresponds to your MySQL server version for the right syntax to use near 'LIMIT 1' at line 1
SELECT member_name,member_mobile FROM `zmkj_member` WHERE member_id= LIMIT 1  
[2016-08-28 17:24:45] /shop/index.php ( act=repair&op=userwx ) 
ERR: Db Error: You have an error in your SQL syntax; check the manual that corresponds to your MySQL server version for the right syntax to use near 'LIMIT 1' at line 1
SELECT member_name,member_mobile FROM `zmkj_member` WHERE member_id= LIMIT 1  
[2016-08-28 17:24:45] /shop/index.php ( act=repair&op=userwx ) 
ERR: Db Error: You have an error in your SQL syntax; check the manual that corresponds to your MySQL server version for the right syntax to use near 'LIMIT 1' at line 1
SELECT member_name,member_mobile FROM `zmkj_member` WHERE member_id= LIMIT 1  
[2016-08-28 17:24:45] /shop/index.php ( act=repair&op=userwx ) 
ERR: Db Error: You have an error in your SQL syntax; check the manual that corresponds to your MySQL server version for the right syntax to use near 'LIMIT 1' at line 1
SELECT member_name,member_mobile FROM `zmkj_member` WHERE member_id= LIMIT 1  
[2016-08-28 17:24:45] /shop/index.php ( act=repair&op=userwx ) 
ERR: Db Error: You have an error in your SQL syntax; check the manual that corresponds to your MySQL server version for the right syntax to use near 'LIMIT 1' at line 1
SELECT member_name,member_mobile FROM `zmkj_member` WHERE member_id= LIMIT 1  
[2016-08-28 17:24:45] /shop/index.php ( act=repair&op=userwx ) 
ERR: Db Error: You have an error in your SQL syntax; check the manual that corresponds to your MySQL server version for the right syntax to use near 'LIMIT 1' at line 1
SELECT member_name,member_mobile FROM `zmkj_member` WHERE member_id= LIMIT 1  
[2016-08-28 17:24:45] /shop/index.php ( act=repair&op=userwx ) 
ERR: Db Error: You have an error in your SQL syntax; check the manual that corresponds to your MySQL server version for the right syntax to use near 'LIMIT 1' at line 1
SELECT member_name,member_mobile FROM `zmkj_member` WHERE member_id= LIMIT 1  
[2016-08-28 17:24:45] /shop/index.php ( act=repair&op=userwx ) 
ERR: Db Error: You have an error in your SQL syntax; check the manual that corresponds to your MySQL server version for the right syntax to use near 'LIMIT 1' at line 1
SELECT member_name,member_mobile FROM `zmkj_member` WHERE member_id= LIMIT 1  
[2016-08-28 17:24:45] /shop/index.php ( act=repair&op=userwx ) 
ERR: Db Error: You have an error in your SQL syntax; check the manual that corresponds to your MySQL server version for the right syntax to use near 'LIMIT 1' at line 1
SELECT member_name,member_mobile FROM `zmkj_member` WHERE member_id= LIMIT 1  
[2016-08-28 17:27:13] /shop/index.php ( act=repair&op=setorder ) 
ERR: Db Error: Column 'buyer_id' cannot be null
INSERT  INTO `zmkj_order_pay` (pay_sn,buyer_id) VALUES ('630525720433464000',NULL)
[2016-08-28 17:27:13] /shop/index.php ( act=repair&op=setorder ) 
ERR: Db Error: Column 'buyer_id' cannot be null
INSERT  INTO `zmkj_order` (buyer_id,buyer_name,pay_sn,order_sn,apptime,add_time,address,type,tel,scost,wxstate,is_master) VALUES (NULL,NULL,'630525720433464000','8000000000000001','今天-11点-30分','1472376433','Hhj','Ghkhgt','115565','15.0','0','1')
[2016-08-28 17:27:22] /shop/index.php ( act=repair&op=setorder ) 
ERR: Db Error: Column 'buyer_id' cannot be null
INSERT  INTO `zmkj_order_pay` (pay_sn,buyer_id) VALUES ('960525720442063000',NULL)
[2016-08-28 17:27:22] /shop/index.php ( act=repair&op=setorder ) 
ERR: Db Error: Column 'buyer_id' cannot be null
INSERT  INTO `zmkj_order` (buyer_id,buyer_name,pay_sn,order_sn,apptime,add_time,address,type,tel,scost,wxstate,is_master) VALUES (NULL,NULL,'960525720442063000','8000000000000001','今天-11点-30分','1472376442','Hhj','Ghkhgt','115565','15.0','0','1')
[2016-08-28 17:27:25] /shop/index.php ( act=repair&op=setorder ) 
ERR: Db Error: Column 'buyer_id' cannot be null
INSERT  INTO `zmkj_order_pay` (pay_sn,buyer_id) VALUES ('370525720445267000',NULL)
[2016-08-28 17:27:25] /shop/index.php ( act=repair&op=setorder ) 
ERR: Db Error: Column 'buyer_id' cannot be null
INSERT  INTO `zmkj_order` (buyer_id,buyer_name,pay_sn,order_sn,apptime,add_time,address,type,tel,scost,wxstate,is_master) VALUES (NULL,NULL,'370525720445267000','8000000000000001','今天-11点-30分','1472376445','Hhj','Ghkhgt','115565','15.0','0','1')
[2016-08-28 17:27:27] /shop/index.php ( act=repair&op=setorder ) 
ERR: Db Error: Column 'buyer_id' cannot be null
INSERT  INTO `zmkj_order_pay` (pay_sn,buyer_id) VALUES ('280525720447351000',NULL)
[2016-08-28 17:27:27] /shop/index.php ( act=repair&op=setorder ) 
ERR: Db Error: Column 'buyer_id' cannot be null
INSERT  INTO `zmkj_order` (buyer_id,buyer_name,pay_sn,order_sn,nowtime,add_time,address,type,tel,scost,wxstate,is_master) VALUES (NULL,NULL,'280525720447351000','8000000000000001','1472376438','1472376447','Hhj','Ghkhgt','115565','15.0','0','1')
[2016-08-28 17:27:29] /shop/index.php ( act=repair&op=setorder ) 
ERR: Db Error: Column 'buyer_id' cannot be null
INSERT  INTO `zmkj_order_pay` (pay_sn,buyer_id) VALUES ('880525720449536000',NULL)
[2016-08-28 17:27:29] /shop/index.php ( act=repair&op=setorder ) 
ERR: Db Error: Column 'buyer_id' cannot be null
INSERT  INTO `zmkj_order` (buyer_id,buyer_name,pay_sn,order_sn,nowtime,add_time,address,type,tel,scost,wxstate,is_master) VALUES (NULL,NULL,'880525720449536000','8000000000000001','1472376438','1472376449','Hhj','Ghkhgt','115565','15.0','0','1')
[2016-08-28 17:27:52] /shop/index.php ( act=repair&op=qxorder ) 
ERR: Db Error: You have an error in your SQL syntax; check the manual that corresponds to your MySQL server version for the right syntax to use near 'WHERE ( order_id = '586' ) AND ( buyer_id = '37' )' at line 1
UPDATE `zmkj_order` SET  WHERE ( order_id = '586' ) AND ( buyer_id = '37' )
[2016-08-28 17:27:53] /shop/index.php ( act=repair&op=qxorder ) 
ERR: Db Error: You have an error in your SQL syntax; check the manual that corresponds to your MySQL server version for the right syntax to use near 'WHERE ( order_id = '586' ) AND ( buyer_id = '37' )' at line 1
UPDATE `zmkj_order` SET  WHERE ( order_id = '586' ) AND ( buyer_id = '37' )
[2016-08-28 17:27:54] /shop/index.php ( act=repair&op=qxorder ) 
ERR: Db Error: You have an error in your SQL syntax; check the manual that corresponds to your MySQL server version for the right syntax to use near 'WHERE ( order_id = '586' ) AND ( buyer_id = '37' )' at line 1
UPDATE `zmkj_order` SET  WHERE ( order_id = '586' ) AND ( buyer_id = '37' )
[2016-08-28 17:27:55] /shop/index.php ( act=repair&op=qxorder ) 
ERR: Db Error: You have an error in your SQL syntax; check the manual that corresponds to your MySQL server version for the right syntax to use near 'WHERE ( order_id = '586' ) AND ( buyer_id = '37' )' at line 1
UPDATE `zmkj_order` SET  WHERE ( order_id = '586' ) AND ( buyer_id = '37' )
[2016-08-28 17:27:55] /shop/index.php ( act=repair&op=setorder ) 
ERR: Db Error: Column 'buyer_id' cannot be null
INSERT  INTO `zmkj_order_pay` (pay_sn,buyer_id) VALUES ('280525720475320000',NULL)
[2016-08-28 17:27:55] /shop/index.php ( act=repair&op=setorder ) 
ERR: Db Error: Column 'buyer_id' cannot be null
INSERT  INTO `zmkj_order` (buyer_id,buyer_name,pay_sn,order_sn,nowtime,add_time,address,type,tel,scost,wxstate,is_master) VALUES (NULL,NULL,'280525720475320000','8000000000000001','1472376438','1472376475','厚底','龙哥','1155654561','15.0','0','1')
[2016-08-28 17:27:55] /shop/index.php ( act=repair&op=qxorder ) 
ERR: Db Error: You have an error in your SQL syntax; check the manual that corresponds to your MySQL server version for the right syntax to use near 'WHERE ( order_id = '586' ) AND ( buyer_id = '37' )' at line 1
UPDATE `zmkj_order` SET  WHERE ( order_id = '586' ) AND ( buyer_id = '37' )
[2016-08-28 17:27:56] /shop/index.php ( act=repair&op=qxorder ) 
ERR: Db Error: You have an error in your SQL syntax; check the manual that corresponds to your MySQL server version for the right syntax to use near 'WHERE ( order_id = '586' ) AND ( buyer_id = '37' )' at line 1
UPDATE `zmkj_order` SET  WHERE ( order_id = '586' ) AND ( buyer_id = '37' )
[2016-08-28 17:27:56] /shop/index.php ( act=repair&op=qxorder ) 
ERR: Db Error: You have an error in your SQL syntax; check the manual that corresponds to your MySQL server version for the right syntax to use near 'WHERE ( order_id = '586' ) AND ( buyer_id = '37' )' at line 1
UPDATE `zmkj_order` SET  WHERE ( order_id = '586' ) AND ( buyer_id = '37' )
[2016-08-28 17:27:56] /shop/index.php ( act=repair&op=setorder ) 
ERR: Db Error: Column 'buyer_id' cannot be null
INSERT  INTO `zmkj_order_pay` (pay_sn,buyer_id) VALUES ('390525720476605000',NULL)
[2016-08-28 17:27:56] /shop/index.php ( act=repair&op=setorder ) 
ERR: Db Error: Column 'buyer_id' cannot be null
INSERT  INTO `zmkj_order` (buyer_id,buyer_name,pay_sn,order_sn,nowtime,add_time,address,type,tel,scost,wxstate,is_master) VALUES (NULL,NULL,'390525720476605000','8000000000000001','1472376438','1472376476','厚底','龙哥','1155654561','15.0','0','1')
[2016-08-28 17:27:56] /shop/index.php ( act=repair&op=qxorder ) 
ERR: Db Error: You have an error in your SQL syntax; check the manual that corresponds to your MySQL server version for the right syntax to use near 'WHERE ( order_id = '586' ) AND ( buyer_id = '37' )' at line 1
UPDATE `zmkj_order` SET  WHERE ( order_id = '586' ) AND ( buyer_id = '37' )
[2016-08-28 17:27:57] /shop/index.php ( act=repair&op=qxorder ) 
ERR: Db Error: You have an error in your SQL syntax; check the manual that corresponds to your MySQL server version for the right syntax to use near 'WHERE ( order_id = '586' ) AND ( buyer_id = '37' )' at line 1
UPDATE `zmkj_order` SET  WHERE ( order_id = '586' ) AND ( buyer_id = '37' )
[2016-08-28 17:27:57] /shop/index.php ( act=repair&op=qxorder ) 
ERR: Db Error: You have an error in your SQL syntax; check the manual that corresponds to your MySQL server version for the right syntax to use near 'WHERE ( order_id = '586' ) AND ( buyer_id = '37' )' at line 1
UPDATE `zmkj_order` SET  WHERE ( order_id = '586' ) AND ( buyer_id = '37' )
[2016-08-28 17:27:57] /shop/index.php ( act=repair&op=setorder ) 
ERR: Db Error: Column 'buyer_id' cannot be null
INSERT  INTO `zmkj_order_pay` (pay_sn,buyer_id) VALUES ('230525720477600000',NULL)
[2016-08-28 17:27:57] /shop/index.php ( act=repair&op=setorder ) 
ERR: Db Error: Column 'buyer_id' cannot be null
INSERT  INTO `zmkj_order` (buyer_id,buyer_name,pay_sn,order_sn,nowtime,add_time,address,type,tel,scost,wxstate,is_master) VALUES (NULL,NULL,'230525720477600000','8000000000000001','1472376438','1472376477','厚底','龙哥','1155654561','15.0','0','1')
[2016-08-28 17:27:57] /shop/index.php ( act=repair&op=qxorder ) 
ERR: Db Error: You have an error in your SQL syntax; check the manual that corresponds to your MySQL server version for the right syntax to use near 'WHERE ( order_id = '586' ) AND ( buyer_id = '37' )' at line 1
UPDATE `zmkj_order` SET  WHERE ( order_id = '586' ) AND ( buyer_id = '37' )
[2016-08-28 17:27:58] /shop/index.php ( act=repair&op=qxorder ) 
ERR: Db Error: You have an error in your SQL syntax; check the manual that corresponds to your MySQL server version for the right syntax to use near 'WHERE ( order_id = '586' ) AND ( buyer_id = '37' )' at line 1
UPDATE `zmkj_order` SET  WHERE ( order_id = '586' ) AND ( buyer_id = '37' )
[2016-08-28 17:27:59] /shop/index.php ( act=repair&op=qxorder ) 
ERR: Db Error: You have an error in your SQL syntax; check the manual that corresponds to your MySQL server version for the right syntax to use near 'WHERE ( order_id = '586' ) AND ( buyer_id = '37' )' at line 1
UPDATE `zmkj_order` SET  WHERE ( order_id = '586' ) AND ( buyer_id = '37' )
[2016-08-28 17:27:59] /shop/index.php ( act=repair&op=qxorder ) 
ERR: Db Error: You have an error in your SQL syntax; check the manual that corresponds to your MySQL server version for the right syntax to use near 'WHERE ( order_id = '586' ) AND ( buyer_id = '37' )' at line 1
UPDATE `zmkj_order` SET  WHERE ( order_id = '586' ) AND ( buyer_id = '37' )
[2016-08-28 17:28:00] /shop/index.php ( act=repair&op=qxorder ) 
ERR: Db Error: You have an error in your SQL syntax; check the manual that corresponds to your MySQL server version for the right syntax to use near 'WHERE ( order_id = '586' ) AND ( buyer_id = '37' )' at line 1
UPDATE `zmkj_order` SET  WHERE ( order_id = '586' ) AND ( buyer_id = '37' )
[2016-08-28 17:28:03] /shop/index.php ( act=repair&op=qxorder ) 
ERR: Db Error: You have an error in your SQL syntax; check the manual that corresponds to your MySQL server version for the right syntax to use near 'WHERE ( order_id = '586' ) AND ( buyer_id = '37' )' at line 1
UPDATE `zmkj_order` SET  WHERE ( order_id = '586' ) AND ( buyer_id = '37' )
[2016-08-28 17:28:03] /shop/index.php ( act=repair&op=qxorder ) 
ERR: Db Error: You have an error in your SQL syntax; check the manual that corresponds to your MySQL server version for the right syntax to use near 'WHERE ( order_id = '586' ) AND ( buyer_id = '37' )' at line 1
UPDATE `zmkj_order` SET  WHERE ( order_id = '586' ) AND ( buyer_id = '37' )
[2016-08-28 17:28:04] /shop/index.php ( act=repair&op=qxorder ) 
ERR: Db Error: You have an error in your SQL syntax; check the manual that corresponds to your MySQL server version for the right syntax to use near 'WHERE ( order_id = '586' ) AND ( buyer_id = '37' )' at line 1
UPDATE `zmkj_order` SET  WHERE ( order_id = '586' ) AND ( buyer_id = '37' )
[2016-08-28 17:28:04] /shop/index.php ( act=repair&op=qxorder ) 
ERR: Db Error: You have an error in your SQL syntax; check the manual that corresponds to your MySQL server version for the right syntax to use near 'WHERE ( order_id = '586' ) AND ( buyer_id = '37' )' at line 1
UPDATE `zmkj_order` SET  WHERE ( order_id = '586' ) AND ( buyer_id = '37' )
[2016-08-28 17:28:05] /shop/index.php ( act=repair&op=qxorder ) 
ERR: Db Error: You have an error in your SQL syntax; check the manual that corresponds to your MySQL server version for the right syntax to use near 'WHERE ( order_id = '586' ) AND ( buyer_id = '37' )' at line 1
UPDATE `zmkj_order` SET  WHERE ( order_id = '586' ) AND ( buyer_id = '37' )
[2016-08-28 17:28:05] /shop/index.php ( act=repair&op=qxorder ) 
ERR: Db Error: You have an error in your SQL syntax; check the manual that corresponds to your MySQL server version for the right syntax to use near 'WHERE ( order_id = '586' ) AND ( buyer_id = '37' )' at line 1
UPDATE `zmkj_order` SET  WHERE ( order_id = '586' ) AND ( buyer_id = '37' )
[2016-08-28 17:28:05] /shop/index.php ( act=repair&op=qxorder ) 
ERR: Db Error: You have an error in your SQL syntax; check the manual that corresponds to your MySQL server version for the right syntax to use near 'WHERE ( order_id = '586' ) AND ( buyer_id = '37' )' at line 1
UPDATE `zmkj_order` SET  WHERE ( order_id = '586' ) AND ( buyer_id = '37' )
[2016-08-28 17:28:06] /shop/index.php ( act=repair&op=qxorder ) 
ERR: Db Error: You have an error in your SQL syntax; check the manual that corresponds to your MySQL server version for the right syntax to use near 'WHERE ( order_id = '586' ) AND ( buyer_id = '37' )' at line 1
UPDATE `zmkj_order` SET  WHERE ( order_id = '586' ) AND ( buyer_id = '37' )
[2016-08-28 17:28:06] /shop/index.php ( act=repair&op=qxorder ) 
ERR: Db Error: You have an error in your SQL syntax; check the manual that corresponds to your MySQL server version for the right syntax to use near 'WHERE ( order_id = '586' ) AND ( buyer_id = '37' )' at line 1
UPDATE `zmkj_order` SET  WHERE ( order_id = '586' ) AND ( buyer_id = '37' )
[2016-08-28 17:28:07] /shop/index.php ( act=repair&op=qxorder ) 
ERR: Db Error: You have an error in your SQL syntax; check the manual that corresponds to your MySQL server version for the right syntax to use near 'WHERE ( order_id = '586' ) AND ( buyer_id = '37' )' at line 1
UPDATE `zmkj_order` SET  WHERE ( order_id = '586' ) AND ( buyer_id = '37' )
[2016-08-28 17:28:17] /shop/index.php ( act=repair&op=qxorder ) 
ERR: Db Error: You have an error in your SQL syntax; check the manual that corresponds to your MySQL server version for the right syntax to use near 'WHERE ( order_id = '586' ) AND ( buyer_id = '37' )' at line 1
UPDATE `zmkj_order` SET  WHERE ( order_id = '586' ) AND ( buyer_id = '37' )
[2016-08-28 17:28:17] /shop/index.php ( act=repair&op=qxorder ) 
ERR: Db Error: You have an error in your SQL syntax; check the manual that corresponds to your MySQL server version for the right syntax to use near 'WHERE ( order_id = '586' ) AND ( buyer_id = '37' )' at line 1
UPDATE `zmkj_order` SET  WHERE ( order_id = '586' ) AND ( buyer_id = '37' )
[2016-08-28 17:28:17] /shop/index.php ( act=repair&op=qxorder ) 
ERR: Db Error: You have an error in your SQL syntax; check the manual that corresponds to your MySQL server version for the right syntax to use near 'WHERE ( order_id = '586' ) AND ( buyer_id = '37' )' at line 1
UPDATE `zmkj_order` SET  WHERE ( order_id = '586' ) AND ( buyer_id = '37' )
[2016-08-28 17:28:20] /shop/index.php ( act=repair&op=setorder ) 
ERR: Db Error: Column 'buyer_id' cannot be null
INSERT  INTO `zmkj_order_pay` (pay_sn,buyer_id) VALUES ('520525720500088000',NULL)
[2016-08-28 17:28:20] /shop/index.php ( act=repair&op=setorder ) 
ERR: Db Error: Column 'buyer_id' cannot be null
INSERT  INTO `zmkj_order` (buyer_id,buyer_name,pay_sn,order_sn,nowtime,add_time,address,type,tel,scost,wxstate,is_master) VALUES (NULL,NULL,'520525720500088000','8000000000000001','1472376438','1472376500','厚底','给你们','1155654561','15.0','0','1')
[2016-08-28 17:28:20] /shop/index.php ( act=repair&op=qxorder ) 
ERR: Db Error: You have an error in your SQL syntax; check the manual that corresponds to your MySQL server version for the right syntax to use near 'WHERE ( order_id = '586' ) AND ( buyer_id = '37' )' at line 1
UPDATE `zmkj_order` SET  WHERE ( order_id = '586' ) AND ( buyer_id = '37' )
[2016-08-28 17:28:21] /shop/index.php ( act=repair&op=setorder ) 
ERR: Db Error: Column 'buyer_id' cannot be null
INSERT  INTO `zmkj_order_pay` (pay_sn,buyer_id) VALUES ('910525720501422000',NULL)
[2016-08-28 17:28:21] /shop/index.php ( act=repair&op=setorder ) 
ERR: Db Error: Column 'buyer_id' cannot be null
INSERT  INTO `zmkj_order` (buyer_id,buyer_name,pay_sn,order_sn,nowtime,add_time,address,type,tel,scost,wxstate,is_master) VALUES (NULL,NULL,'910525720501422000','8000000000000001','1472376438','1472376501','厚底','给你们','1155654561','15.0','0','1')
[2016-08-28 17:28:34] /shop/index.php ( act=repair&op=setorder ) 
ERR: Db Error: Column 'buyer_id' cannot be null
INSERT  INTO `zmkj_order_pay` (pay_sn,buyer_id) VALUES ('630525720514646000',NULL)
[2016-08-28 17:28:34] /shop/index.php ( act=repair&op=setorder ) 
ERR: Db Error: Column 'buyer_id' cannot be null
INSERT  INTO `zmkj_order` (buyer_id,buyer_name,pay_sn,order_sn,nowtime,add_time,address,type,tel,scost,wxstate,is_master) VALUES (NULL,NULL,'630525720514646000','8000000000000001','1472376438','1472376514','厚底','给你们','150922663','15.0','0','1')
[2016-08-28 17:28:41] /shop/index.php ( act=repair&op=setorder ) 
ERR: Db Error: Column 'buyer_id' cannot be null
INSERT  INTO `zmkj_order_pay` (pay_sn,buyer_id) VALUES ('350525720521349000',NULL)
[2016-08-28 17:28:41] /shop/index.php ( act=repair&op=setorder ) 
ERR: Db Error: Column 'buyer_id' cannot be null
INSERT  INTO `zmkj_order` (buyer_id,buyer_name,pay_sn,order_sn,nowtime,add_time,address,type,tel,scost,wxstate,is_master) VALUES (NULL,NULL,'350525720521349000','8000000000000001','1472376438','1472376521','厚底','给你们','150922663','0.0','0','1')
[2016-08-28 17:28:45] /shop/index.php ( act=repair&op=setorder ) 
ERR: Db Error: Column 'buyer_id' cannot be null
INSERT  INTO `zmkj_order_pay` (pay_sn,buyer_id) VALUES ('660525720525931000',NULL)
[2016-08-28 17:28:45] /shop/index.php ( act=repair&op=setorder ) 
ERR: Db Error: Column 'buyer_id' cannot be null
INSERT  INTO `zmkj_order` (buyer_id,buyer_name,pay_sn,order_sn,nowtime,add_time,address,type,tel,scost,wxstate,is_master) VALUES (NULL,NULL,'660525720525931000','8000000000000001','1472376438','1472376525','厚底','给你们','150922663','0.0','0','1')
[2016-08-28 17:28:51] /shop/index.php ( act=repair&op=setorder ) 
ERR: Db Error: Column 'buyer_id' cannot be null
INSERT  INTO `zmkj_order_pay` (pay_sn,buyer_id) VALUES ('230525720531942000',NULL)
[2016-08-28 17:28:51] /shop/index.php ( act=repair&op=setorder ) 
ERR: Db Error: Column 'buyer_id' cannot be null
INSERT  INTO `zmkj_order` (buyer_id,buyer_name,pay_sn,order_sn,nowtime,add_time,address,type,tel,scost,wxstate,is_master) VALUES (NULL,NULL,'230525720531942000','8000000000000001','1472376438','1472376531','厚底','给你们','150922663','0.0','0','1')
[2016-08-28 17:29:33] /shop/index.php ( act=repair&op=setorder ) 
ERR: Db Error: Column 'buyer_id' cannot be null
INSERT  INTO `zmkj_order_pay` (pay_sn,buyer_id) VALUES ('710525720573716000',NULL)
[2016-08-28 17:29:33] /shop/index.php ( act=repair&op=setorder ) 
ERR: Db Error: Column 'buyer_id' cannot be null
INSERT  INTO `zmkj_order` (buyer_id,buyer_name,pay_sn,order_sn,nowtime,add_time,address,type,tel,scost,wxstate,is_master) VALUES (NULL,NULL,'710525720573716000','8000000000000001','1472376394','1472376573','咖喱','老家','125664445544','15.0','0','1')
[2016-08-28 17:29:36] /shop/index.php ( act=repair&op=setorder ) 
ERR: Db Error: Column 'buyer_id' cannot be null
INSERT  INTO `zmkj_order_pay` (pay_sn,buyer_id) VALUES ('810525720576006000',NULL)
[2016-08-28 17:29:36] /shop/index.php ( act=repair&op=setorder ) 
ERR: Db Error: Column 'buyer_id' cannot be null
INSERT  INTO `zmkj_order` (buyer_id,buyer_name,pay_sn,order_sn,nowtime,add_time,address,type,tel,scost,wxstate,is_master) VALUES (NULL,NULL,'810525720576006000','8000000000000001','1472376394','1472376576','咖喱','老家','125664445544','15.0','0','1')
[2016-08-28 17:29:37] /shop/index.php ( act=repair&op=setorder ) 
ERR: Db Error: Column 'buyer_id' cannot be null
INSERT  INTO `zmkj_order_pay` (pay_sn,buyer_id) VALUES ('420525720577301000',NULL)
[2016-08-28 17:29:37] /shop/index.php ( act=repair&op=setorder ) 
ERR: Db Error: Column 'buyer_id' cannot be null
INSERT  INTO `zmkj_order` (buyer_id,buyer_name,pay_sn,order_sn,nowtime,add_time,address,type,tel,scost,wxstate,is_master) VALUES (NULL,NULL,'420525720577301000','8000000000000001','1472376394','1472376577','咖喱','老家','125664445544','15.0','0','1')
[2016-08-28 17:29:38] /shop/index.php ( act=repair&op=setorder ) 
ERR: Db Error: Column 'buyer_id' cannot be null
INSERT  INTO `zmkj_order_pay` (pay_sn,buyer_id) VALUES ('760525720578533000',NULL)
[2016-08-28 17:29:38] /shop/index.php ( act=repair&op=setorder ) 
ERR: Db Error: Column 'buyer_id' cannot be null
INSERT  INTO `zmkj_order` (buyer_id,buyer_name,pay_sn,order_sn,nowtime,add_time,address,type,tel,scost,wxstate,is_master) VALUES (NULL,NULL,'760525720578533000','8000000000000001','1472376394','1472376578','咖喱','老家','125664445544','15.0','0','1')
[2016-08-28 17:29:49] /shop/index.php ( act=repair&op=qxorder ) 
ERR: Db Error: You have an error in your SQL syntax; check the manual that corresponds to your MySQL server version for the right syntax to use near 'WHERE ( order_id = '587' ) AND ( buyer_id = '37' )' at line 1
UPDATE `zmkj_order` SET  WHERE ( order_id = '587' ) AND ( buyer_id = '37' )
[2016-08-28 17:29:51] /shop/index.php ( act=repair&op=qxorder ) 
ERR: Db Error: You have an error in your SQL syntax; check the manual that corresponds to your MySQL server version for the right syntax to use near 'WHERE ( order_id = '587' ) AND ( buyer_id = '37' )' at line 1
UPDATE `zmkj_order` SET  WHERE ( order_id = '587' ) AND ( buyer_id = '37' )
[2016-08-28 17:30:23] /shop/index.php ( act=repair&op=setorder ) 
ERR: Db Error: Column 'buyer_id' cannot be null
INSERT  INTO `zmkj_order_pay` (pay_sn,buyer_id) VALUES ('630525720623594000',NULL)
[2016-08-28 17:30:23] /shop/index.php ( act=repair&op=setorder ) 
ERR: Db Error: Column 'buyer_id' cannot be null
INSERT  INTO `zmkj_order` (buyer_id,buyer_name,pay_sn,order_sn,nowtime,add_time,address,type,tel,scost,wxstate,is_master) VALUES (NULL,NULL,'630525720623594000','8000000000000001','1472376394','1472376623','咖喱','老家','125664445544','15.0','0','1')
[2016-08-28 17:30:24] /shop/index.php ( act=repair&op=setorder ) 
ERR: Db Error: Column 'buyer_id' cannot be null
INSERT  INTO `zmkj_order_pay` (pay_sn,buyer_id) VALUES ('800525720624280000',NULL)
[2016-08-28 17:30:24] /shop/index.php ( act=repair&op=setorder ) 
ERR: Db Error: Column 'buyer_id' cannot be null
INSERT  INTO `zmkj_order` (buyer_id,buyer_name,pay_sn,order_sn,nowtime,add_time,address,type,tel,scost,wxstate,is_master) VALUES (NULL,NULL,'800525720624280000','8000000000000001','1472376394','1472376624','咖喱','老家','125664445544','15.0','0','1')
[2016-08-28 17:30:25] /shop/index.php ( act=repair&op=setorder ) 
ERR: Db Error: Column 'buyer_id' cannot be null
INSERT  INTO `zmkj_order_pay` (pay_sn,buyer_id) VALUES ('520525720625604000',NULL)
[2016-08-28 17:30:25] /shop/index.php ( act=repair&op=setorder ) 
ERR: Db Error: Column 'buyer_id' cannot be null
INSERT  INTO `zmkj_order` (buyer_id,buyer_name,pay_sn,order_sn,nowtime,add_time,address,type,tel,scost,wxstate,is_master) VALUES (NULL,NULL,'520525720625604000','8000000000000001','1472376394','1472376625','咖喱','老家','125664445544','15.0','0','1')
[2016-08-28 17:30:31] /shop/index.php?act=master&op=myinfo ( act=master&op=myinfo ) 
ERR: Db Error: You have an error in your SQL syntax; check the manual that corresponds to your MySQL server version for the right syntax to use near 'LIMIT 1' at line 1
SELECT member_name,member_avatar,moneycard,member_mobile,member_truename FROM `zmkj_member` WHERE member_id= LIMIT 1  
[2016-08-28 17:30:31] /shop/index.php?act=master&op=orderlist ( act=master&op=orderlist ) 
ERR: Db Error: You have an error in your SQL syntax; check the manual that corresponds to your MySQL server version for the right syntax to use near 'LIMIT 1000' at line 1
SELECT order_id,order_sn,pay_sn,buyer_name,buyer_id,add_time,master_id,scost,tel,type,address,nowtime,apptime,wxstate,jdtime,cftime,wxtime,finnshed_time,payment_code FROM `zmkj_order` WHERE master_id= LIMIT 1000  
[2016-08-28 17:30:48] /shop/index.php?act=master&op=myinfo ( act=master&op=myinfo ) 
ERR: Db Error: You have an error in your SQL syntax; check the manual that corresponds to your MySQL server version for the right syntax to use near 'LIMIT 1' at line 1
SELECT member_name,member_avatar,moneycard,member_mobile,member_truename FROM `zmkj_member` WHERE member_id= LIMIT 1  
[2016-08-28 17:30:48] /shop/index.php?act=master&op=orderlist ( act=master&op=orderlist ) 
ERR: Db Error: You have an error in your SQL syntax; check the manual that corresponds to your MySQL server version for the right syntax to use near 'LIMIT 1000' at line 1
SELECT order_id,order_sn,pay_sn,buyer_name,buyer_id,add_time,master_id,scost,tel,type,address,nowtime,apptime,wxstate,jdtime,cftime,wxtime,finnshed_time,payment_code FROM `zmkj_order` WHERE master_id= LIMIT 1000  
[2016-08-28 17:38:41] /shop/index.php?act=master&op=myinfo ( act=master&op=myinfo ) 
ERR: Db Error: You have an error in your SQL syntax; check the manual that corresponds to your MySQL server version for the right syntax to use near 'LIMIT 1' at line 1
SELECT member_name,member_avatar,moneycard,member_mobile,member_truename FROM `zmkj_member` WHERE member_id= LIMIT 1  
[2016-08-28 17:38:41] /shop/index.php?act=master&op=orderlist ( act=master&op=orderlist ) 
ERR: Db Error: You have an error in your SQL syntax; check the manual that corresponds to your MySQL server version for the right syntax to use near 'LIMIT 1000' at line 1
SELECT order_id,order_sn,pay_sn,buyer_name,buyer_id,add_time,master_id,scost,tel,type,address,nowtime,apptime,wxstate,jdtime,cftime,wxtime,finnshed_time,payment_code FROM `zmkj_order` WHERE master_id= LIMIT 1000  
[2016-08-28 17:38:47] /shop/index.php?act=master&op=myinfo ( act=master&op=myinfo ) 
ERR: Db Error: You have an error in your SQL syntax; check the manual that corresponds to your MySQL server version for the right syntax to use near 'LIMIT 1' at line 1
SELECT member_name,member_avatar,moneycard,member_mobile,member_truename FROM `zmkj_member` WHERE member_id= LIMIT 1  
[2016-08-28 17:38:47] /shop/index.php?act=master&op=orderlist ( act=master&op=orderlist ) 
ERR: Db Error: You have an error in your SQL syntax; check the manual that corresponds to your MySQL server version for the right syntax to use near 'LIMIT 1000' at line 1
SELECT order_id,order_sn,pay_sn,buyer_name,buyer_id,add_time,master_id,scost,tel,type,address,nowtime,apptime,wxstate,jdtime,cftime,wxtime,finnshed_time,payment_code FROM `zmkj_order` WHERE master_id= LIMIT 1000  
