[2016-11-07 00:14:11] /shop/index.php?act=goods&goods_id=100083 ( act=goods&op=index ) 
ERR: Db Error: Unknown column 'geval_image_again' in 'where clause'
SELECT COUNT(*) AS nc_count FROM `zmkj_evaluate_goods` WHERE ( geval_goodsid = '100083' ) AND ( (geval_image <> '') OR (geval_image_again <> '') ) LIMIT 1  
[2016-11-07 01:00:06] /shop/index.php?act=goods&goods_id=100153&op=index ( act=goods&op=index ) 
ERR: Db Error: Unknown column 'geval_image_again' in 'where clause'
SELECT COUNT(*) AS nc_count FROM `zmkj_evaluate_goods` WHERE ( geval_goodsid = '100153' ) AND ( (geval_image <> '') OR (geval_image_again <> '') ) LIMIT 1  
[2016-11-07 01:59:25] /shop/index.php?act=goods&op=index&goods_id=100049 ( act=goods&op=index ) 
ERR: Db Error: Unknown column 'geval_image_again' in 'where clause'
SELECT COUNT(*) AS nc_count FROM `zmkj_evaluate_goods` WHERE ( geval_goodsid = '100049' ) AND ( (geval_image <> '') OR (geval_image_again <> '') ) LIMIT 1  
[2016-11-07 03:16:04] /shop/index.php?act=goods&op=index&goods_id=100038 ( act=goods&op=index ) 
ERR: Db Error: Unknown column 'geval_image_again' in 'where clause'
SELECT COUNT(*) AS nc_count FROM `zmkj_evaluate_goods` WHERE ( geval_goodsid = '100038' ) AND ( (geval_image <> '') OR (geval_image_again <> '') ) LIMIT 1  
[2016-11-07 03:30:17] /shop/index.php?act=pointshop&op=index ( act=pointshop&op=index ) 
ERR: Db Error: Unknown column 'voucher_t_gettype' in 'where clause'
SELECT * FROM `zmkj_voucher_template` WHERE ( voucher_t_state = '1' ) AND ( voucher_t_gettype = '1' ) AND ( voucher_t_end_date > '1478460617' ) ORDER BY voucher_t_recommend desc,voucher_t_id desc LIMIT 1000  
[2016-11-07 04:47:34] /shop/index.php?act=goods&op=index&goods_id=100066 ( act=goods&op=index ) 
ERR: Db Error: Unknown column 'geval_image_again' in 'where clause'
SELECT COUNT(*) AS nc_count FROM `zmkj_evaluate_goods` WHERE ( geval_goodsid = '100066' ) AND ( (geval_image <> '') OR (geval_image_again <> '') ) LIMIT 1  
[2016-11-07 05:22:48] /shop/index.php?act=goods&goods_id=100150&op=comments_list ( act=goods&op=comments_list ) 
ERR: Db Error: Unknown column 'geval_image_again' in 'where clause'
SELECT COUNT(*) AS nc_count FROM `zmkj_evaluate_goods` WHERE ( geval_goodsid = '100150' ) AND ( (geval_image <> '') OR (geval_image_again <> '') ) LIMIT 1  
[2016-11-07 07:30:24] /shop/index.php?act=goods&op=index&goods_id=100063 ( act=goods&op=index ) 
ERR: Db Error: Unknown column 'geval_image_again' in 'where clause'
SELECT COUNT(*) AS nc_count FROM `zmkj_evaluate_goods` WHERE ( geval_goodsid = '100063' ) AND ( (geval_image <> '') OR (geval_image_again <> '') ) LIMIT 1  
[2016-11-07 08:02:55] /shop/index.php ( act=mobile&op=addbrowse ) 
ERR: Db Error: Duplicate entry '100145-148' for key 'PRIMARY'
INSERT  INTO `zmkj_goods_browse` (goods_id,member_id,browsetime,gc_id,gc_id_1,gc_id_2,gc_id_3) VALUES ('100145','148','1478476975','1126','1124','1125','1126')
[2016-11-07 08:03:35] /shop/index.php ( act=mobile&op=addbrowse ) 
ERR: Db Error: Duplicate entry '100144-148' for key 'PRIMARY'
INSERT  INTO `zmkj_goods_browse` (goods_id,member_id,browsetime,gc_id,gc_id_1,gc_id_2,gc_id_3) VALUES ('100144','148','1478477015','1126','1124','1125','1126')
[2016-11-07 08:10:41] /shop/index.php ( act=mobile&op=addbrowse ) 
ERR: Db Error: Duplicate entry '100127-148' for key 'PRIMARY'
INSERT  INTO `zmkj_goods_browse` (goods_id,member_id,browsetime,gc_id,gc_id_1,gc_id_2,gc_id_3) VALUES ('100127','148','1478477441','1126','1124','1125','1126')
[2016-11-07 08:11:12] /shop/index.php ( act=mobile&op=addbrowse ) 
ERR: Db Error: Duplicate entry '100143-148' for key 'PRIMARY'
INSERT  INTO `zmkj_goods_browse` (goods_id,member_id,browsetime,gc_id,gc_id_1,gc_id_2,gc_id_3) VALUES ('100143','148','1478477472','1135','1124','1125','1135')
[2016-11-07 08:14:39] /shop/index.php ( act=mobile&op=addbrowse ) 
ERR: Db Error: Duplicate entry '100140-130' for key 'PRIMARY'
INSERT  INTO `zmkj_goods_browse` (goods_id,member_id,browsetime,gc_id,gc_id_1,gc_id_2,gc_id_3) VALUES ('100140','130','1478477679','1126','1124','1125','1126')
[2016-11-07 08:25:44] /shop/index.php?act=goods&op=index&goods_id=100059 ( act=goods&op=index ) 
ERR: Db Error: Unknown column 'geval_image_again' in 'where clause'
SELECT COUNT(*) AS nc_count FROM `zmkj_evaluate_goods` WHERE ( geval_goodsid = '100059' ) AND ( (geval_image <> '') OR (geval_image_again <> '') ) LIMIT 1  
[2016-11-07 08:36:14] /shop/index.php ( act=mobile&op=addbrowse ) 
ERR: Db Error: Duplicate entry '100143-130' for key 'PRIMARY'
INSERT  INTO `zmkj_goods_browse` (goods_id,member_id,browsetime,gc_id,gc_id_1,gc_id_2,gc_id_3) VALUES ('100143','130','1478478974','1135','1124','1125','1135')
[2016-11-07 08:51:23] /shop/index.php?act=goods&op=index&goods_id=100057 ( act=goods&op=index ) 
ERR: Db Error: Unknown column 'geval_image_again' in 'where clause'
SELECT COUNT(*) AS nc_count FROM `zmkj_evaluate_goods` WHERE ( geval_goodsid = '100057' ) AND ( (geval_image <> '') OR (geval_image_again <> '') ) LIMIT 1  
[2016-11-07 09:05:37] /shop/index.php ( act=mobile&op=addbrowse ) 
ERR: Db Error: Duplicate entry '100151-130' for key 'PRIMARY'
INSERT  INTO `zmkj_goods_browse` (goods_id,member_id,browsetime,gc_id,gc_id_1,gc_id_2,gc_id_3) VALUES ('100151','130','1478480737','1126','1124','1125','1126')
[2016-11-07 09:05:44] /shop/index.php ( act=mobile&op=addbrowse ) 
ERR: Db Error: Duplicate entry '100151-130' for key 'PRIMARY'
INSERT  INTO `zmkj_goods_browse` (goods_id,member_id,browsetime,gc_id,gc_id_1,gc_id_2,gc_id_3) VALUES ('100151','130','1478480744','1126','1124','1125','1126')
[2016-11-07 09:05:47] /shop/index.php ( act=mobile&op=addbrowse ) 
ERR: Db Error: Duplicate entry '100145-130' for key 'PRIMARY'
INSERT  INTO `zmkj_goods_browse` (goods_id,member_id,browsetime,gc_id,gc_id_1,gc_id_2,gc_id_3) VALUES ('100145','130','1478480747','1126','1124','1125','1126')
[2016-11-07 09:06:02] /shop/index.php ( act=mobile&op=addbrowse ) 
ERR: Db Error: Duplicate entry '100144-130' for key 'PRIMARY'
INSERT  INTO `zmkj_goods_browse` (goods_id,member_id,browsetime,gc_id,gc_id_1,gc_id_2,gc_id_3) VALUES ('100144','130','1478480762','1126','1124','1125','1126')
[2016-11-07 09:06:14] /shop/index.php ( act=mobile&op=addbrowse ) 
ERR: Db Error: Duplicate entry '100151-130' for key 'PRIMARY'
INSERT  INTO `zmkj_goods_browse` (goods_id,member_id,browsetime,gc_id,gc_id_1,gc_id_2,gc_id_3) VALUES ('100151','130','1478480774','1126','1124','1125','1126')
[2016-11-07 09:06:21] /shop/index.php ( act=mobile&op=addbrowse ) 
ERR: Db Error: Duplicate entry '100139-130' for key 'PRIMARY'
INSERT  INTO `zmkj_goods_browse` (goods_id,member_id,browsetime,gc_id,gc_id_1,gc_id_2,gc_id_3) VALUES ('100139','130','1478480781','1126','1124','1125','1126')
[2016-11-07 09:07:57] /shop/index.php ( act=mobile&op=addbrowse ) 
ERR: Db Error: Duplicate entry '100151-130' for key 'PRIMARY'
INSERT  INTO `zmkj_goods_browse` (goods_id,member_id,browsetime,gc_id,gc_id_1,gc_id_2,gc_id_3) VALUES ('100151','130','1478480877','1126','1124','1125','1126')
[2016-11-07 09:08:02] /shop/index.php?act=goods&goods_id=100059&op=index ( act=goods&op=index ) 
ERR: Db Error: Unknown column 'geval_image_again' in 'where clause'
SELECT COUNT(*) AS nc_count FROM `zmkj_evaluate_goods` WHERE ( geval_goodsid = '100059' ) AND ( (geval_image <> '') OR (geval_image_again <> '') ) LIMIT 1  
[2016-11-07 09:20:54] /shop/index.php?act=goods&op=index&goods_id=100125 ( act=goods&op=index ) 
ERR: Db Error: Unknown column 'geval_image_again' in 'where clause'
SELECT COUNT(*) AS nc_count FROM `zmkj_evaluate_goods` WHERE ( geval_goodsid = '100125' ) AND ( (geval_image <> '') OR (geval_image_again <> '') ) LIMIT 1  
[2016-11-07 09:28:27] /shop/index.php?act=mobile&op=addbrowse ( act=mobile&op=addbrowse ) 
ERR: Db Error: Duplicate entry '100125-55' for key 'PRIMARY'
INSERT  INTO `zmkj_goods_browse` (goods_id,member_id,browsetime,gc_id,gc_id_1,gc_id_2,gc_id_3) VALUES ('100125','55','1478482107','1099','888','1094','1099')
[2016-11-07 09:28:31] /shop/index.php?act=mobile&op=addbrowse ( act=mobile&op=addbrowse ) 
ERR: Db Error: Duplicate entry '100125-55' for key 'PRIMARY'
INSERT  INTO `zmkj_goods_browse` (goods_id,member_id,browsetime,gc_id,gc_id_1,gc_id_2,gc_id_3) VALUES ('100125','55','1478482111','1099','888','1094','1099')
[2016-11-07 09:40:54] /mobile/index.php?act=index&op=shebeiinfo&goods_id=100075 ( act=index&op=shebeiinfo ) 
ERR: Db Error: Table 'bangongshi.zmkj_table' doesn't exist
SELECT * FROM `zmkj_table` WHERE ( store_id = '1' ) LIMIT 1  
[2016-11-07 09:41:04] /mobile/index.php?act=goods&op=goods_list&b_id=192&page=10&curpage=1&b_id=192 ( act=goods&op=goods_list ) 
ERR: Db Error: Unknown column 'goods_id' in 'order clause'
SELECT COUNT(*) AS nc_count FROM `zmkj_goods_common` WHERE ( store_id = '5' ) AND ( goods_state = '1' ) AND ( goods_verify = '1' ) GROUP BY nc_distinct ORDER BY is_own_shop desc,goods_id desc LIMIT 1  
[2016-11-07 09:41:06] /mobile/index.php?act=goods&op=goods_detail&goods_id=100150&key=edbd960b94853740a73767bfa8755160 ( act=goods&op=goods_detail ) 
ERR: Db Error: Unknown column 'voucher_t_gettype' in 'where clause'
SELECT * FROM `zmkj_voucher_template` WHERE ( voucher_t_gettype = '3' ) AND ( voucher_t_state = '1' ) AND ( voucher_t_end_date > '1478482866' ) AND ( voucher_t_store_id IN ('5') ) LIMIT 1000  
[2016-11-07 09:41:06] /mobile/index.php?act=goods&op=goods_detail&goods_id=100150&key=edbd960b94853740a73767bfa8755160 ( act=goods&op=goods_detail ) 
ERR: Db Error: Unknown column 'geval_image_again' in 'where clause'
SELECT COUNT(*) AS nc_count FROM `zmkj_evaluate_goods` WHERE ( geval_goodsid = '100150' ) AND ( (geval_image <> '') OR (geval_image_again <> '') ) LIMIT 1  
[2016-11-07 09:41:21] /mobile/index.php?act=goods&op=goods_list&keyword=%E5%BE%97&page=10&curpage=1&keyword=%E5%BE%97 ( act=goods&op=goods_list ) 
ERR: Db Error: Unknown column 'goods_id' in 'order clause'
SELECT COUNT(*) AS nc_count FROM `zmkj_goods_common` WHERE ( store_id = '1' ) AND ( goods_state = '1' ) AND ( goods_verify = '1' ) GROUP BY nc_distinct ORDER BY is_own_shop desc,goods_id desc LIMIT 1  
[2016-11-07 09:41:22] /mobile/index.php?act=goods&op=goods_detail&goods_id=100125&key=edbd960b94853740a73767bfa8755160 ( act=goods&op=goods_detail ) 
ERR: Db Error: Unknown column 'voucher_t_gettype' in 'where clause'
SELECT * FROM `zmkj_voucher_template` WHERE ( voucher_t_gettype = '3' ) AND ( voucher_t_state = '1' ) AND ( voucher_t_end_date > '1478482882' ) AND ( voucher_t_store_id IN ('1') ) LIMIT 1000  
[2016-11-07 09:41:22] /mobile/index.php?act=goods&op=goods_detail&goods_id=100125&key=edbd960b94853740a73767bfa8755160 ( act=goods&op=goods_detail ) 
ERR: Db Error: Unknown column 'geval_image_again' in 'where clause'
SELECT COUNT(*) AS nc_count FROM `zmkj_evaluate_goods` WHERE ( geval_goodsid = '100125' ) AND ( (geval_image <> '') OR (geval_image_again <> '') ) LIMIT 1  
[2016-11-07 09:42:31] /shop/index.php?act=goods&op=index&goods_id=100155 ( act=goods&op=index ) 
ERR: Db Error: Unknown column 'geval_image_again' in 'where clause'
SELECT COUNT(*) AS nc_count FROM `zmkj_evaluate_goods` WHERE ( geval_goodsid = '100155' ) AND ( (geval_image <> '') OR (geval_image_again <> '') ) LIMIT 1  
[2016-11-07 09:43:41] /shop/index.php?act=goods&op=index&goods_id=100155 ( act=goods&op=index ) 
ERR: Db Error: Unknown column 'geval_image_again' in 'where clause'
SELECT COUNT(*) AS nc_count FROM `zmkj_evaluate_goods` WHERE ( geval_goodsid = '100155' ) AND ( (geval_image <> '') OR (geval_image_again <> '') ) LIMIT 1  
[2016-11-07 09:44:50] /shop/index.php ( act=mobile&op=addbrowse ) 
ERR: Db Error: Duplicate entry '100155-130' for key 'PRIMARY'
INSERT  INTO `zmkj_goods_browse` (goods_id,member_id,browsetime,gc_id,gc_id_1,gc_id_2,gc_id_3) VALUES ('100155','130','1478483090','1064','1','1063','1064')
[2016-11-07 09:45:12] /shop/index.php?act=goods&op=index&goods_id=100155 ( act=goods&op=index ) 
ERR: Db Error: Unknown column 'geval_image_again' in 'where clause'
SELECT COUNT(*) AS nc_count FROM `zmkj_evaluate_goods` WHERE ( geval_goodsid = '100155' ) AND ( (geval_image <> '') OR (geval_image_again <> '') ) LIMIT 1  
[2016-11-07 09:52:03] /shop/index.php?act=goods&op=index&goods_id=100125 ( act=goods&op=index ) 
ERR: Db Error: Unknown column 'geval_image_again' in 'where clause'
SELECT COUNT(*) AS nc_count FROM `zmkj_evaluate_goods` WHERE ( geval_goodsid = '100125' ) AND ( (geval_image <> '') OR (geval_image_again <> '') ) LIMIT 1  
[2016-11-07 09:52:03] /shop/index.php?act=goods&op=index&goods_id=100125 ( act=goods&op=index ) 
ERR: Db Error: Unknown column 'geval_image_again' in 'where clause'
SELECT COUNT(*) AS nc_count FROM `zmkj_evaluate_goods` WHERE ( geval_goodsid = '100125' ) AND ( (geval_image <> '') OR (geval_image_again <> '') ) LIMIT 1  
[2016-11-07 10:04:00] /shop/index.php?act=store_order&op=change_state&state_type=order_cancel&order_id=145&inajax=1 ( act=store_order&op=change_state ) 
ERR: Db Error: You have an error in your SQL syntax; check the manual that corresponds to your MySQL server version for the right syntax to use near 'goods_salenum=goods_salenum-,goods_edittime='1478484240' WHERE ( goods_id IN ('1' at line 1
UPDATE `zmkj_goods` SET goods_storage=goods_storage+,goods_salenum=goods_salenum-,goods_edittime='1478484240' WHERE ( goods_id IN ('100100') )
[2016-11-07 10:05:37] /shop/index.php?act=store_order&op=change_state&state_type=order_cancel&order_id=125&inajax=1 ( act=store_order&op=change_state ) 
ERR: Db Error: BIGINT UNSIGNED value is out of range in '(`bangongshi`.`zmkj_goods`.`goods_salenum` - 1)'
UPDATE `zmkj_goods` SET goods_storage=goods_storage+1,goods_salenum=goods_salenum-1,goods_edittime='1478484337' WHERE ( goods_id IN ('100100') )
[2016-11-07 10:11:13] /shop/index.php?act=goods&op=index&goods_id=100155 ( act=goods&op=index ) 
ERR: Db Error: Unknown column 'geval_image_again' in 'where clause'
SELECT COUNT(*) AS nc_count FROM `zmkj_evaluate_goods` WHERE ( geval_goodsid = '100155' ) AND ( (geval_image <> '') OR (geval_image_again <> '') ) LIMIT 1  
[2016-11-07 10:11:14] /shop/index.php?act=goods&op=index&goods_id=100155 ( act=goods&op=index ) 
ERR: Db Error: Unknown column 'geval_image_again' in 'where clause'
SELECT COUNT(*) AS nc_count FROM `zmkj_evaluate_goods` WHERE ( geval_goodsid = '100155' ) AND ( (geval_image <> '') OR (geval_image_again <> '') ) LIMIT 1  
[2016-11-07 10:12:59] /shop/index.php?act=goods&op=index&goods_id=100151 ( act=goods&op=index ) 
ERR: Db Error: Unknown column 'geval_image_again' in 'where clause'
SELECT COUNT(*) AS nc_count FROM `zmkj_evaluate_goods` WHERE ( geval_goodsid = '100151' ) AND ( (geval_image <> '') OR (geval_image_again <> '') ) LIMIT 1  
[2016-11-07 10:13:04] /shop/index.php?act=goods&op=index&goods_id=100145 ( act=goods&op=index ) 
ERR: Db Error: Unknown column 'geval_image_again' in 'where clause'
SELECT COUNT(*) AS nc_count FROM `zmkj_evaluate_goods` WHERE ( geval_goodsid = '100145' ) AND ( (geval_image <> '') OR (geval_image_again <> '') ) LIMIT 1  
[2016-11-07 10:13:47] /shop/index.php?act=goods&op=index&goods_id=100155 ( act=goods&op=index ) 
ERR: Db Error: Unknown column 'geval_image_again' in 'where clause'
SELECT COUNT(*) AS nc_count FROM `zmkj_evaluate_goods` WHERE ( geval_goodsid = '100155' ) AND ( (geval_image <> '') OR (geval_image_again <> '') ) LIMIT 1  
[2016-11-07 10:18:07] /shop/index.php?act=goods&op=index&goods_id=100155 ( act=goods&op=index ) 
ERR: Db Error: Unknown column 'geval_image_again' in 'where clause'
SELECT COUNT(*) AS nc_count FROM `zmkj_evaluate_goods` WHERE ( geval_goodsid = '100155' ) AND ( (geval_image <> '') OR (geval_image_again <> '') ) LIMIT 1  
[2016-11-07 10:19:47] /shop/index.php?act=mobile&op=addbrowse ( act=mobile&op=addbrowse ) 
ERR: Db Error: Duplicate entry '100124-55' for key 'PRIMARY'
INSERT  INTO `zmkj_goods_browse` (goods_id,member_id,browsetime,gc_id,gc_id_1,gc_id_2,gc_id_3) VALUES ('100124','55','1478485187','1098','888','1094','1098')
[2016-11-07 10:32:54] /shop/index.php?act=goods&op=index&goods_id=100155 ( act=goods&op=index ) 
ERR: Db Error: Unknown column 'geval_image_again' in 'where clause'
SELECT COUNT(*) AS nc_count FROM `zmkj_evaluate_goods` WHERE ( geval_goodsid = '100155' ) AND ( (geval_image <> '') OR (geval_image_again <> '') ) LIMIT 1  
[2016-11-07 10:46:59] /shop/index.php?act=goods&goods_id=100155 ( act=goods&op=index ) 
ERR: Db Error: Unknown column 'geval_image_again' in 'where clause'
SELECT COUNT(*) AS nc_count FROM `zmkj_evaluate_goods` WHERE ( geval_goodsid = '100155' ) AND ( (geval_image <> '') OR (geval_image_again <> '') ) LIMIT 1  
[2016-11-07 10:47:35] /shop/index.php?act=goods&op=index&goods_id=100125 ( act=goods&op=index ) 
ERR: Db Error: Unknown column 'geval_image_again' in 'where clause'
SELECT COUNT(*) AS nc_count FROM `zmkj_evaluate_goods` WHERE ( geval_goodsid = '100125' ) AND ( (geval_image <> '') OR (geval_image_again <> '') ) LIMIT 1  
[2016-11-07 10:49:57] /shop/index.php?act=goods&goods_id=100155 ( act=goods&op=index ) 
ERR: Db Error: Unknown column 'geval_image_again' in 'where clause'
SELECT COUNT(*) AS nc_count FROM `zmkj_evaluate_goods` WHERE ( geval_goodsid = '100155' ) AND ( (geval_image <> '') OR (geval_image_again <> '') ) LIMIT 1  
[2016-11-07 11:09:51] /shop/index.php?act=goods&op=index&goods_id=100155 ( act=goods&op=index ) 
ERR: Db Error: Unknown column 'geval_image_again' in 'where clause'
SELECT COUNT(*) AS nc_count FROM `zmkj_evaluate_goods` WHERE ( geval_goodsid = '100155' ) AND ( (geval_image <> '') OR (geval_image_again <> '') ) LIMIT 1  
[2016-11-07 11:09:52] /shop/index.php?act=goods&op=index&goods_id=100155 ( act=goods&op=index ) 
ERR: Db Error: Unknown column 'geval_image_again' in 'where clause'
SELECT COUNT(*) AS nc_count FROM `zmkj_evaluate_goods` WHERE ( geval_goodsid = '100155' ) AND ( (geval_image <> '') OR (geval_image_again <> '') ) LIMIT 1  
[2016-11-07 11:14:16] /shop/index.php?act=goods&op=index&goods_id=100155 ( act=goods&op=index ) 
ERR: Db Error: Unknown column 'geval_image_again' in 'where clause'
SELECT COUNT(*) AS nc_count FROM `zmkj_evaluate_goods` WHERE ( geval_goodsid = '100155' ) AND ( (geval_image <> '') OR (geval_image_again <> '') ) LIMIT 1  
[2016-11-07 11:24:59] /shop/index.php?act=goods&goods_id=100155 ( act=goods&op=index ) 
ERR: Db Error: Unknown column 'geval_image_again' in 'where clause'
SELECT COUNT(*) AS nc_count FROM `zmkj_evaluate_goods` WHERE ( geval_goodsid = '100155' ) AND ( (geval_image <> '') OR (geval_image_again <> '') ) LIMIT 1  
[2016-11-07 11:25:00] /shop/index.php?act=goods&goods_id=100155 ( act=goods&op=index ) 
ERR: Db Error: Unknown column 'geval_image_again' in 'where clause'
SELECT COUNT(*) AS nc_count FROM `zmkj_evaluate_goods` WHERE ( geval_goodsid = '100155' ) AND ( (geval_image <> '') OR (geval_image_again <> '') ) LIMIT 1  
[2016-11-07 11:37:53] /shop/index.php?act=goods&op=index&goods_id=100157 ( act=goods&op=index ) 
ERR: Db Error: Unknown column 'geval_image_again' in 'where clause'
SELECT COUNT(*) AS nc_count FROM `zmkj_evaluate_goods` WHERE ( geval_goodsid = '100157' ) AND ( (geval_image <> '') OR (geval_image_again <> '') ) LIMIT 1  
[2016-11-07 11:42:58] /shop/index.php?act=goods&op=index&goods_id=100158 ( act=goods&op=index ) 
ERR: Db Error: Unknown column 'geval_image_again' in 'where clause'
SELECT COUNT(*) AS nc_count FROM `zmkj_evaluate_goods` WHERE ( geval_goodsid = '100158' ) AND ( (geval_image <> '') OR (geval_image_again <> '') ) LIMIT 1  
[2016-11-07 12:05:29] /shop/index.php?act=goods&op=index&goods_id=100155 ( act=goods&op=index ) 
ERR: Db Error: Unknown column 'geval_image_again' in 'where clause'
SELECT COUNT(*) AS nc_count FROM `zmkj_evaluate_goods` WHERE ( geval_goodsid = '100155' ) AND ( (geval_image <> '') OR (geval_image_again <> '') ) LIMIT 1  
[2016-11-07 12:05:29] /shop/index.php?act=goods&op=index&goods_id=100155 ( act=goods&op=index ) 
ERR: Db Error: Unknown column 'geval_image_again' in 'where clause'
SELECT COUNT(*) AS nc_count FROM `zmkj_evaluate_goods` WHERE ( geval_goodsid = '100155' ) AND ( (geval_image <> '') OR (geval_image_again <> '') ) LIMIT 1  
[2016-11-07 12:06:18] /shop/index.php?act=goods&goods_id=100125 ( act=goods&op=index ) 
ERR: Db Error: Unknown column 'geval_image_again' in 'where clause'
SELECT COUNT(*) AS nc_count FROM `zmkj_evaluate_goods` WHERE ( geval_goodsid = '100125' ) AND ( (geval_image <> '') OR (geval_image_again <> '') ) LIMIT 1  
[2016-11-07 12:14:54] /shop/index.php?act=goods&op=index&goods_id=100067 ( act=goods&op=index ) 
ERR: Db Error: Unknown column 'geval_image_again' in 'where clause'
SELECT COUNT(*) AS nc_count FROM `zmkj_evaluate_goods` WHERE ( geval_goodsid = '100067' ) AND ( (geval_image <> '') OR (geval_image_again <> '') ) LIMIT 1  
[2016-11-07 12:24:43] /shop/index.php?act=goods&op=index&goods_id=100158 ( act=goods&op=index ) 
ERR: Db Error: Unknown column 'geval_image_again' in 'where clause'
SELECT COUNT(*) AS nc_count FROM `zmkj_evaluate_goods` WHERE ( geval_goodsid = '100158' ) AND ( (geval_image <> '') OR (geval_image_again <> '') ) LIMIT 1  
[2016-11-07 12:24:43] /shop/index.php?act=goods&op=index&goods_id=100158 ( act=goods&op=index ) 
ERR: Db Error: Unknown column 'geval_image_again' in 'where clause'
SELECT COUNT(*) AS nc_count FROM `zmkj_evaluate_goods` WHERE ( geval_goodsid = '100158' ) AND ( (geval_image <> '') OR (geval_image_again <> '') ) LIMIT 1  
[2016-11-07 12:28:54] /shop/index.php?act=goods&op=index&goods_id=100157 ( act=goods&op=index ) 
ERR: Db Error: Unknown column 'geval_image_again' in 'where clause'
SELECT COUNT(*) AS nc_count FROM `zmkj_evaluate_goods` WHERE ( geval_goodsid = '100157' ) AND ( (geval_image <> '') OR (geval_image_again <> '') ) LIMIT 1  
[2016-11-07 12:28:55] /shop/index.php?act=goods&op=index&goods_id=100157 ( act=goods&op=index ) 
ERR: Db Error: Unknown column 'geval_image_again' in 'where clause'
SELECT COUNT(*) AS nc_count FROM `zmkj_evaluate_goods` WHERE ( geval_goodsid = '100157' ) AND ( (geval_image <> '') OR (geval_image_again <> '') ) LIMIT 1  
[2016-11-07 13:37:06] /circle/index.php?act=circle&op=membcircle ( act=circle&op=membcircle ) 
ERR: Db Error: Unknown column 'el_itemid' in 'where clause'
SELECT * FROM `zmkj_circle_theme` WHERE ( el_itemid LIKE '%3%' ) AND ( member_id = '55' ) LIMIT 1000  
[2016-11-07 14:03:40] /shop/index.php?act=goods&op=index&goods_id=100159 ( act=goods&op=index ) 
ERR: Db Error: Unknown column 'geval_image_again' in 'where clause'
SELECT COUNT(*) AS nc_count FROM `zmkj_evaluate_goods` WHERE ( geval_goodsid = '100159' ) AND ( (geval_image <> '') OR (geval_image_again <> '') ) LIMIT 1  
[2016-11-07 14:11:44] /shop/index.php?act=goods&op=index&goods_id=100059 ( act=goods&op=index ) 
ERR: Db Error: Unknown column 'geval_image_again' in 'where clause'
SELECT COUNT(*) AS nc_count FROM `zmkj_evaluate_goods` WHERE ( geval_goodsid = '100059' ) AND ( (geval_image <> '') OR (geval_image_again <> '') ) LIMIT 1  
[2016-11-07 14:14:50] /circle/index.php?act=circle&op=membcircle ( act=circle&op=membcircle ) 
ERR: Db Error: Unknown column 'el_itemid' in 'where clause'
SELECT * FROM `zmkj_circle_theme` WHERE ( el_itemid LIKE '%3%' ) AND ( member_id = '55' ) LIMIT 1000  
[2016-11-07 14:18:57] /shop/index.php?act=goods&op=index&goods_id=100160 ( act=goods&op=index ) 
ERR: Db Error: Unknown column 'geval_image_again' in 'where clause'
SELECT COUNT(*) AS nc_count FROM `zmkj_evaluate_goods` WHERE ( geval_goodsid = '100160' ) AND ( (geval_image <> '') OR (geval_image_again <> '') ) LIMIT 1  
[2016-11-07 14:23:28] /circle/index.php?act=circle&op=membcircle ( act=circle&op=membcircle ) 
ERR: Db Error: Unknown column 'el_itemid' in 'where clause'
SELECT * FROM `zmkj_circle_theme` WHERE ( el_itemid LIKE '%3%' ) AND ( member_id = '55' ) LIMIT 1000  
[2016-11-07 14:27:44] /shop/index.php?act=mobile&op=addbrowse ( act=mobile&op=addbrowse ) 
ERR: Db Error: Duplicate entry '100011-55' for key 'PRIMARY'
INSERT  INTO `zmkj_goods_browse` (goods_id,member_id,browsetime,gc_id,gc_id_1,gc_id_2,gc_id_3) VALUES ('100011','55','1478500064','265','256','258','265')
[2016-11-07 14:35:27] /shop/index.php?act=mobile&op=addbrowse ( act=mobile&op=addbrowse ) 
ERR: Db Error: Duplicate entry '100125-55' for key 'PRIMARY'
INSERT  INTO `zmkj_goods_browse` (goods_id,member_id,browsetime,gc_id,gc_id_1,gc_id_2,gc_id_3) VALUES ('100125','55','1478500527','1099','888','1094','1099')
[2016-11-07 14:35:53] /shop/index.php?act=mobile&op=addbrowse ( act=mobile&op=addbrowse ) 
ERR: Db Error: Duplicate entry '100125-55' for key 'PRIMARY'
INSERT  INTO `zmkj_goods_browse` (goods_id,member_id,browsetime,gc_id,gc_id_1,gc_id_2,gc_id_3) VALUES ('100125','55','1478500553','1099','888','1094','1099')
[2016-11-07 14:39:00] /shop/index.php ( act=mobile&op=addbrowse ) 
ERR: Db Error: Duplicate entry '100154-4' for key 'PRIMARY'
INSERT  INTO `zmkj_goods_browse` (goods_id,member_id,browsetime,gc_id,gc_id_1,gc_id_2,gc_id_3) VALUES ('100154','4','1478500740','1126','1124','1125','1126')
[2016-11-07 14:40:27] /shop/index.php ( act=mobile&op=addbrowse ) 
ERR: Db Error: Duplicate entry '100154-4' for key 'PRIMARY'
INSERT  INTO `zmkj_goods_browse` (goods_id,member_id,browsetime,gc_id,gc_id_1,gc_id_2,gc_id_3) VALUES ('100154','4','1478500827','1126','1124','1125','1126')
[2016-11-07 14:41:51] /shop/index.php?act=goods&goods_id=100155 ( act=goods&op=index ) 
ERR: Db Error: Unknown column 'geval_image_again' in 'where clause'
SELECT COUNT(*) AS nc_count FROM `zmkj_evaluate_goods` WHERE ( geval_goodsid = '100155' ) AND ( (geval_image <> '') OR (geval_image_again <> '') ) LIMIT 1  
[2016-11-07 14:43:16] /shop/index.php?act=goods&op=index&goods_id=100155 ( act=goods&op=index ) 
ERR: Db Error: Unknown column 'geval_image_again' in 'where clause'
SELECT COUNT(*) AS nc_count FROM `zmkj_evaluate_goods` WHERE ( geval_goodsid = '100155' ) AND ( (geval_image <> '') OR (geval_image_again <> '') ) LIMIT 1  
[2016-11-07 14:49:32] /shop/index.php?act=goods&op=index&goods_id=100159 ( act=goods&op=index ) 
ERR: Db Error: Unknown column 'geval_image_again' in 'where clause'
SELECT COUNT(*) AS nc_count FROM `zmkj_evaluate_goods` WHERE ( geval_goodsid = '100159' ) AND ( (geval_image <> '') OR (geval_image_again <> '') ) LIMIT 1  
[2016-11-07 14:49:32] /shop/index.php?act=goods&op=index&goods_id=100159 ( act=goods&op=index ) 
ERR: Db Error: Unknown column 'geval_image_again' in 'where clause'
SELECT COUNT(*) AS nc_count FROM `zmkj_evaluate_goods` WHERE ( geval_goodsid = '100159' ) AND ( (geval_image <> '') OR (geval_image_again <> '') ) LIMIT 1  
[2016-11-07 14:56:59] /shop/index.php?act=mobile&op=addbrowse ( act=mobile&op=addbrowse ) 
ERR: Db Error: Duplicate entry '100154-55' for key 'PRIMARY'
INSERT  INTO `zmkj_goods_browse` (goods_id,member_id,browsetime,gc_id,gc_id_1,gc_id_2,gc_id_3) VALUES ('100154','55','1478501819','1126','1124','1125','1126')
[2016-11-07 15:02:06] /shop/index.php?act=goods&op=index&goods_id=100037 ( act=goods&op=index ) 
ERR: Db Error: Unknown column 'geval_image_again' in 'where clause'
SELECT COUNT(*) AS nc_count FROM `zmkj_evaluate_goods` WHERE ( geval_goodsid = '100037' ) AND ( (geval_image <> '') OR (geval_image_again <> '') ) LIMIT 1  
[2016-11-07 15:02:07] /shop/index.php?act=goods&op=index&goods_id=100037 ( act=goods&op=index ) 
ERR: Db Error: Unknown column 'geval_image_again' in 'where clause'
SELECT COUNT(*) AS nc_count FROM `zmkj_evaluate_goods` WHERE ( geval_goodsid = '100037' ) AND ( (geval_image <> '') OR (geval_image_again <> '') ) LIMIT 1  
[2016-11-07 15:11:03] /shop/index.php?act=goods&op=index&goods_id=100153 ( act=goods&op=index ) 
ERR: Db Error: Unknown column 'geval_image_again' in 'where clause'
SELECT COUNT(*) AS nc_count FROM `zmkj_evaluate_goods` WHERE ( geval_goodsid = '100153' ) AND ( (geval_image <> '') OR (geval_image_again <> '') ) LIMIT 1  
[2016-11-07 15:11:20] /shop/index.php?act=goods&op=index&goods_id=100047 ( act=goods&op=index ) 
ERR: Db Error: Unknown column 'geval_image_again' in 'where clause'
SELECT COUNT(*) AS nc_count FROM `zmkj_evaluate_goods` WHERE ( geval_goodsid = '100047' ) AND ( (geval_image <> '') OR (geval_image_again <> '') ) LIMIT 1  
[2016-11-07 15:11:44] /circle/index.php?act=circle&op=membcircle ( act=circle&op=membcircle ) 
ERR: Db Error: Unknown column 'el_itemid' in 'where clause'
SELECT * FROM `zmkj_circle_theme` WHERE ( el_itemid LIKE '%3%' ) AND ( member_id = '55' ) LIMIT 1000  
[2016-11-07 15:14:51] /circle/index.php?act=circle&op=membcircle ( act=circle&op=membcircle ) 
ERR: Db Error: Unknown column 'el_itemid' in 'where clause'
SELECT * FROM `zmkj_circle_theme` WHERE ( el_itemid LIKE '%3%' ) AND ( member_id = '55' ) LIMIT 1000  
[2016-11-07 15:14:57] /circle/index.php?act=circle&op=membcircle ( act=circle&op=membcircle ) 
ERR: Db Error: Unknown column 'el_itemid' in 'where clause'
SELECT * FROM `zmkj_circle_theme` WHERE ( el_itemid LIKE '%3%' ) AND ( member_id = '55' ) LIMIT 1000  
[2016-11-07 15:15:57] /shop/index.php?act=goods&op=index&goods_id=100160 ( act=goods&op=index ) 
ERR: Db Error: Unknown column 'geval_image_again' in 'where clause'
SELECT COUNT(*) AS nc_count FROM `zmkj_evaluate_goods` WHERE ( geval_goodsid = '100160' ) AND ( (geval_image <> '') OR (geval_image_again <> '') ) LIMIT 1  
[2016-11-07 15:15:58] /shop/index.php?act=goods&op=index&goods_id=100160 ( act=goods&op=index ) 
ERR: Db Error: Unknown column 'geval_image_again' in 'where clause'
SELECT COUNT(*) AS nc_count FROM `zmkj_evaluate_goods` WHERE ( geval_goodsid = '100160' ) AND ( (geval_image <> '') OR (geval_image_again <> '') ) LIMIT 1  
[2016-11-07 15:20:44] /shop/index.php?act=goods&op=index&goods_id=100111 ( act=goods&op=index ) 
ERR: Db Error: Unknown column 'geval_image_again' in 'where clause'
SELECT COUNT(*) AS nc_count FROM `zmkj_evaluate_goods` WHERE ( geval_goodsid = '100111' ) AND ( (geval_image <> '') OR (geval_image_again <> '') ) LIMIT 1  
[2016-11-07 15:20:47] /shop/index.php?act=goods&op=comments_list&goods_id=100153 ( act=goods&op=comments_list ) 
ERR: Db Error: Unknown column 'geval_image_again' in 'where clause'
SELECT COUNT(*) AS nc_count FROM `zmkj_evaluate_goods` WHERE ( geval_goodsid = '100153' ) AND ( (geval_image <> '') OR (geval_image_again <> '') ) LIMIT 1  
[2016-11-07 15:20:57] /shop/index.php?act=goods&op=index&goods_id=100125 ( act=goods&op=index ) 
ERR: Db Error: Unknown column 'geval_image_again' in 'where clause'
SELECT COUNT(*) AS nc_count FROM `zmkj_evaluate_goods` WHERE ( geval_goodsid = '100125' ) AND ( (geval_image <> '') OR (geval_image_again <> '') ) LIMIT 1  
[2016-11-07 15:21:52] /shop/index.php?act=goods&op=index&goods_id=100124 ( act=goods&op=index ) 
ERR: Db Error: Unknown column 'geval_image_again' in 'where clause'
SELECT COUNT(*) AS nc_count FROM `zmkj_evaluate_goods` WHERE ( geval_goodsid = '100124' ) AND ( (geval_image <> '') OR (geval_image_again <> '') ) LIMIT 1  
[2016-11-07 15:24:42] /circle/index.php?act=circle&op=membcircle ( act=circle&op=membcircle ) 
ERR: Db Error: Unknown column 'el_itemid' in 'where clause'
SELECT * FROM `zmkj_circle_theme` WHERE ( el_itemid LIKE '%3%' ) AND ( member_id = '55' ) LIMIT 1000  
[2016-11-07 15:26:57] /admin/index.php?act=refund&op=edit&refund_id=22 ( act=refund&op=edit ) 
ERR: Db Error: BIGINT UNSIGNED value is out of range in '(`bangongshi`.`zmkj_goods`.`goods_salenum` - 1)'
UPDATE `zmkj_goods` SET goods_storage=goods_storage+1,goods_salenum=goods_salenum-1,goods_edittime='1478503617' WHERE ( goods_id IN ('100154') )
[2016-11-07 15:36:02] /circle/index.php?act=circle&op=membcircle ( act=circle&op=membcircle ) 
ERR: Db Error: Unknown column 'el_itemid' in 'where clause'
SELECT * FROM `zmkj_circle_theme` WHERE ( el_itemid LIKE '%3%' ) AND ( member_id = '55' ) LIMIT 1000  
[2016-11-07 15:41:59] /shop/index.php?act=goods&op=index&goods_id=100108 ( act=goods&op=index ) 
ERR: Db Error: Unknown column 'geval_image_again' in 'where clause'
SELECT COUNT(*) AS nc_count FROM `zmkj_evaluate_goods` WHERE ( geval_goodsid = '100108' ) AND ( (geval_image <> '') OR (geval_image_again <> '') ) LIMIT 1  
[2016-11-07 15:42:30] /shop/index.php ( act=mobile&op=addbrowse ) 
ERR: Db Error: Duplicate entry '100153-107' for key 'PRIMARY'
INSERT  INTO `zmkj_goods_browse` (goods_id,member_id,browsetime,gc_id,gc_id_1,gc_id_2,gc_id_3) VALUES ('100153','107','1478504550','1126','1124','1125','1126')
[2016-11-07 16:02:39] /shop/index.php ( act=mobile&op=addbrowse ) 
ERR: Db Error: Duplicate entry '100154-4' for key 'PRIMARY'
INSERT  INTO `zmkj_goods_browse` (goods_id,member_id,browsetime,gc_id,gc_id_1,gc_id_2,gc_id_3) VALUES ('100154','4','1478505759','1126','1124','1125','1126')
[2016-11-07 16:04:20] /shop/index.php ( act=mobile&op=addbrowse ) 
ERR: Db Error: Duplicate entry '100154-4' for key 'PRIMARY'
INSERT  INTO `zmkj_goods_browse` (goods_id,member_id,browsetime,gc_id,gc_id_1,gc_id_2,gc_id_3) VALUES ('100154','4','1478505860','1126','1124','1125','1126')
[2016-11-07 16:06:43] /shop/index.php?act=goods&op=index&goods_id=100163 ( act=goods&op=index ) 
ERR: Db Error: Unknown column 'geval_image_again' in 'where clause'
SELECT COUNT(*) AS nc_count FROM `zmkj_evaluate_goods` WHERE ( geval_goodsid = '100163' ) AND ( (geval_image <> '') OR (geval_image_again <> '') ) LIMIT 1  
[2016-11-07 16:13:53] /shop/index.php?act=goods&op=index&goods_id=100057 ( act=goods&op=index ) 
ERR: Db Error: Unknown column 'geval_image_again' in 'where clause'
SELECT COUNT(*) AS nc_count FROM `zmkj_evaluate_goods` WHERE ( geval_goodsid = '100057' ) AND ( (geval_image <> '') OR (geval_image_again <> '') ) LIMIT 1  
[2016-11-07 16:18:35] /shop/index.php ( act=mobile&op=addbrowse ) 
ERR: Db Error: Duplicate entry '100154-4' for key 'PRIMARY'
INSERT  INTO `zmkj_goods_browse` (goods_id,member_id,browsetime,gc_id,gc_id_1,gc_id_2,gc_id_3) VALUES ('100154','4','1478506715','1126','1124','1125','1126')
[2016-11-07 16:26:35] /shop/index.php ( act=mobile&op=addbrowse ) 
ERR: Db Error: Duplicate entry '100153-185' for key 'PRIMARY'
INSERT  INTO `zmkj_goods_browse` (goods_id,member_id,browsetime,gc_id,gc_id_1,gc_id_2,gc_id_3) VALUES ('100153','185','1478507195','1126','1124','1125','1126')
[2016-11-07 16:28:10] /shop/index.php ( act=mobile&op=addbrowse ) 
ERR: Db Error: Duplicate entry '100153-185' for key 'PRIMARY'
INSERT  INTO `zmkj_goods_browse` (goods_id,member_id,browsetime,gc_id,gc_id_1,gc_id_2,gc_id_3) VALUES ('100153','185','1478507290','1126','1124','1125','1126')
[2016-11-07 16:29:05] /shop/index.php ( act=mobile&op=addbrowse ) 
ERR: Db Error: Duplicate entry '100154-185' for key 'PRIMARY'
INSERT  INTO `zmkj_goods_browse` (goods_id,member_id,browsetime,gc_id,gc_id_1,gc_id_2,gc_id_3) VALUES ('100154','185','1478507345','1126','1124','1125','1126')
[2016-11-07 16:31:42] /shop/index.php ( act=mobile&op=addbrowse ) 
ERR: Db Error: Duplicate entry '100153-185' for key 'PRIMARY'
INSERT  INTO `zmkj_goods_browse` (goods_id,member_id,browsetime,gc_id,gc_id_1,gc_id_2,gc_id_3) VALUES ('100153','185','1478507502','1126','1124','1125','1126')
[2016-11-07 16:34:47] /shop/index.php?act=goods&op=index&goods_id=100124 ( act=goods&op=index ) 
ERR: Db Error: Unknown column 'geval_image_again' in 'where clause'
SELECT COUNT(*) AS nc_count FROM `zmkj_evaluate_goods` WHERE ( geval_goodsid = '100124' ) AND ( (geval_image <> '') OR (geval_image_again <> '') ) LIMIT 1  
[2016-11-07 16:34:47] /shop/index.php?act=goods&op=index&goods_id=100124 ( act=goods&op=index ) 
ERR: Db Error: Unknown column 'geval_image_again' in 'where clause'
SELECT COUNT(*) AS nc_count FROM `zmkj_evaluate_goods` WHERE ( geval_goodsid = '100124' ) AND ( (geval_image <> '') OR (geval_image_again <> '') ) LIMIT 1  
[2016-11-07 16:38:42] /shop/index.php ( act=mobile&op=addbrowse ) 
ERR: Db Error: Duplicate entry '100165-185' for key 'PRIMARY'
INSERT  INTO `zmkj_goods_browse` (goods_id,member_id,browsetime,gc_id,gc_id_1,gc_id_2,gc_id_3) VALUES ('100165','185','1478507922','1126','1124','1125','1126')
[2016-11-07 16:40:32] /shop/index.php ( act=mobile&op=addbrowse ) 
ERR: Db Error: Duplicate entry '100165-185' for key 'PRIMARY'
INSERT  INTO `zmkj_goods_browse` (goods_id,member_id,browsetime,gc_id,gc_id_1,gc_id_2,gc_id_3) VALUES ('100165','185','1478508032','1126','1124','1125','1126')
[2016-11-07 16:43:37] /shop/index.php?act=store_order&op=change_state&state_type=order_cancel&order_id=200&inajax=1 ( act=store_order&op=change_state ) 
ERR: Db Error: BIGINT UNSIGNED value is out of range in '(`bangongshi`.`zmkj_goods`.`goods_salenum` - 1)'
UPDATE `zmkj_goods` SET goods_storage=goods_storage+1,goods_salenum=goods_salenum-1,goods_edittime='1478508217' WHERE ( goods_id IN ('100154') )
[2016-11-07 16:43:42] /shop/index.php?act=store_order&op=change_state&state_type=order_cancel&order_id=199&inajax=1 ( act=store_order&op=change_state ) 
ERR: Db Error: BIGINT UNSIGNED value is out of range in '(`bangongshi`.`zmkj_goods`.`goods_salenum` - 2)'
UPDATE `zmkj_goods` SET goods_storage=goods_storage+2,goods_salenum=goods_salenum-2,goods_edittime='1478508222' WHERE ( goods_id IN ('100154') )
[2016-11-07 16:43:46] /shop/index.php?act=store_order&op=change_state&state_type=order_cancel&order_id=195&inajax=1 ( act=store_order&op=change_state ) 
ERR: Db Error: BIGINT UNSIGNED value is out of range in '(`bangongshi`.`zmkj_goods`.`goods_salenum` - 1)'
UPDATE `zmkj_goods` SET goods_storage=goods_storage+1,goods_salenum=goods_salenum-1,goods_edittime='1478508226' WHERE ( goods_id IN ('100154') )
[2016-11-07 16:44:10] /shop/index.php?act=store_order&op=change_state&state_type=order_cancel&order_id=144&inajax=1 ( act=store_order&op=change_state ) 
ERR: Db Error: You have an error in your SQL syntax; check the manual that corresponds to your MySQL server version for the right syntax to use near 'goods_salenum=goods_salenum-,goods_edittime='1478508250' WHERE ( goods_id IN ('1' at line 1
UPDATE `zmkj_goods` SET goods_storage=goods_storage+,goods_salenum=goods_salenum-,goods_edittime='1478508250' WHERE ( goods_id IN ('100100') )
[2016-11-07 16:44:13] /shop/index.php?act=store_order&op=change_state&state_type=order_cancel&order_id=143&inajax=1 ( act=store_order&op=change_state ) 
ERR: Db Error: You have an error in your SQL syntax; check the manual that corresponds to your MySQL server version for the right syntax to use near 'goods_salenum=goods_salenum-,goods_edittime='1478508253' WHERE ( goods_id IN ('1' at line 1
UPDATE `zmkj_goods` SET goods_storage=goods_storage+,goods_salenum=goods_salenum-,goods_edittime='1478508253' WHERE ( goods_id IN ('100100') )
[2016-11-07 16:44:18] /shop/index.php?act=store_order&op=change_state&state_type=order_cancel&order_id=142&inajax=1 ( act=store_order&op=change_state ) 
ERR: Db Error: You have an error in your SQL syntax; check the manual that corresponds to your MySQL server version for the right syntax to use near 'goods_salenum=goods_salenum-,goods_edittime='1478508258' WHERE ( goods_id IN ('1' at line 1
UPDATE `zmkj_goods` SET goods_storage=goods_storage+,goods_salenum=goods_salenum-,goods_edittime='1478508258' WHERE ( goods_id IN ('100100') )
[2016-11-07 16:44:21] /shop/index.php?act=store_order&op=change_state&state_type=order_cancel&order_id=141&inajax=1 ( act=store_order&op=change_state ) 
ERR: Db Error: You have an error in your SQL syntax; check the manual that corresponds to your MySQL server version for the right syntax to use near 'goods_salenum=goods_salenum-,goods_edittime='1478508261' WHERE ( goods_id IN ('1' at line 1
UPDATE `zmkj_goods` SET goods_storage=goods_storage+,goods_salenum=goods_salenum-,goods_edittime='1478508261' WHERE ( goods_id IN ('100100') )
[2016-11-07 16:44:26] /shop/index.php?act=store_order&op=change_state&state_type=order_cancel&order_id=139&inajax=1 ( act=store_order&op=change_state ) 
ERR: Db Error: You have an error in your SQL syntax; check the manual that corresponds to your MySQL server version for the right syntax to use near 'goods_salenum=goods_salenum-,goods_edittime='1478508266' WHERE ( goods_id IN ('1' at line 1
UPDATE `zmkj_goods` SET goods_storage=goods_storage+,goods_salenum=goods_salenum-,goods_edittime='1478508266' WHERE ( goods_id IN ('100100') )
[2016-11-07 16:44:30] /shop/index.php?act=store_order&op=change_state&state_type=order_cancel&order_id=138&inajax=1 ( act=store_order&op=change_state ) 
ERR: Db Error: You have an error in your SQL syntax; check the manual that corresponds to your MySQL server version for the right syntax to use near 'goods_salenum=goods_salenum-,goods_edittime='1478508270' WHERE ( goods_id IN ('1' at line 1
UPDATE `zmkj_goods` SET goods_storage=goods_storage+,goods_salenum=goods_salenum-,goods_edittime='1478508270' WHERE ( goods_id IN ('100100') )
[2016-11-07 16:44:34] /shop/index.php?act=store_order&op=change_state&state_type=order_cancel&order_id=137&inajax=1 ( act=store_order&op=change_state ) 
ERR: Db Error: You have an error in your SQL syntax; check the manual that corresponds to your MySQL server version for the right syntax to use near 'goods_salenum=goods_salenum-,goods_edittime='1478508274' WHERE ( goods_id IN ('1' at line 1
UPDATE `zmkj_goods` SET goods_storage=goods_storage+,goods_salenum=goods_salenum-,goods_edittime='1478508274' WHERE ( goods_id IN ('100100') )
[2016-11-07 16:45:03] /shop/index.php?act=store_order&op=change_state&state_type=order_cancel&order_id=136&inajax=1 ( act=store_order&op=change_state ) 
ERR: Db Error: You have an error in your SQL syntax; check the manual that corresponds to your MySQL server version for the right syntax to use near 'goods_salenum=goods_salenum-,goods_edittime='1478508303' WHERE ( goods_id IN ('1' at line 1
UPDATE `zmkj_goods` SET goods_storage=goods_storage+,goods_salenum=goods_salenum-,goods_edittime='1478508303' WHERE ( goods_id IN ('100100') )
[2016-11-07 16:45:07] /shop/index.php?act=store_order&op=change_state&state_type=order_cancel&order_id=134&inajax=1 ( act=store_order&op=change_state ) 
ERR: Db Error: You have an error in your SQL syntax; check the manual that corresponds to your MySQL server version for the right syntax to use near 'goods_salenum=goods_salenum-,goods_edittime='1478508307' WHERE ( goods_id IN ('1' at line 1
UPDATE `zmkj_goods` SET goods_storage=goods_storage+,goods_salenum=goods_salenum-,goods_edittime='1478508307' WHERE ( goods_id IN ('100100') )
[2016-11-07 16:45:12] /shop/index.php?act=store_order&op=change_state&state_type=order_cancel&order_id=133&inajax=1 ( act=store_order&op=change_state ) 
ERR: Db Error: You have an error in your SQL syntax; check the manual that corresponds to your MySQL server version for the right syntax to use near 'goods_salenum=goods_salenum-,goods_edittime='1478508312' WHERE ( goods_id IN ('1' at line 1
UPDATE `zmkj_goods` SET goods_storage=goods_storage+,goods_salenum=goods_salenum-,goods_edittime='1478508312' WHERE ( goods_id IN ('100100') )
[2016-11-07 16:45:16] /shop/index.php?act=store_order&op=change_state&state_type=order_cancel&order_id=132&inajax=1 ( act=store_order&op=change_state ) 
ERR: Db Error: You have an error in your SQL syntax; check the manual that corresponds to your MySQL server version for the right syntax to use near 'goods_salenum=goods_salenum-,goods_edittime='1478508316' WHERE ( goods_id IN ('1' at line 1
UPDATE `zmkj_goods` SET goods_storage=goods_storage+,goods_salenum=goods_salenum-,goods_edittime='1478508316' WHERE ( goods_id IN ('100100') )
[2016-11-07 16:46:39] /shop/index.php ( act=mobile&op=addbrowse ) 
ERR: Db Error: Duplicate entry '100155-185' for key 'PRIMARY'
INSERT  INTO `zmkj_goods_browse` (goods_id,member_id,browsetime,gc_id,gc_id_1,gc_id_2,gc_id_3) VALUES ('100155','185','1478508399','1064','1','1063','1064')
[2016-11-07 16:47:05] /shop/index.php?act=store_order&op=change_state&state_type=order_cancel&order_id=130&inajax=1 ( act=store_order&op=change_state ) 
ERR: Db Error: You have an error in your SQL syntax; check the manual that corresponds to your MySQL server version for the right syntax to use near 'goods_salenum=goods_salenum-,goods_edittime='1478508425' WHERE ( goods_id IN ('1' at line 1
UPDATE `zmkj_goods` SET goods_storage=goods_storage+,goods_salenum=goods_salenum-,goods_edittime='1478508425' WHERE ( goods_id IN ('100100') )
[2016-11-07 16:47:10] /shop/index.php?act=store_order&op=change_state&state_type=order_cancel&order_id=129&inajax=1 ( act=store_order&op=change_state ) 
ERR: Db Error: You have an error in your SQL syntax; check the manual that corresponds to your MySQL server version for the right syntax to use near 'goods_salenum=goods_salenum-,goods_edittime='1478508430' WHERE ( goods_id IN ('1' at line 1
UPDATE `zmkj_goods` SET goods_storage=goods_storage+,goods_salenum=goods_salenum-,goods_edittime='1478508430' WHERE ( goods_id IN ('100100') )
[2016-11-07 16:47:14] /shop/index.php?act=store_order&op=change_state&state_type=order_cancel&order_id=127&inajax=1 ( act=store_order&op=change_state ) 
ERR: Db Error: You have an error in your SQL syntax; check the manual that corresponds to your MySQL server version for the right syntax to use near 'goods_salenum=goods_salenum-,goods_edittime='1478508434' WHERE ( goods_id IN ('1' at line 1
UPDATE `zmkj_goods` SET goods_storage=goods_storage+,goods_salenum=goods_salenum-,goods_edittime='1478508434' WHERE ( goods_id IN ('100100') )
[2016-11-07 16:48:49] /shop/index.php?act=store_order&op=change_state&state_type=order_cancel&order_id=78&inajax=1 ( act=store_order&op=change_state ) 
ERR: Db Error: BIGINT UNSIGNED value is out of range in '(`bangongshi`.`zmkj_goods`.`goods_salenum` - 6)'
UPDATE `zmkj_goods` SET goods_storage=goods_storage+6,goods_salenum=goods_salenum-6,goods_edittime='1478508529' WHERE ( goods_id IN ('100123') )
[2016-11-07 16:49:08] /shop/index.php?act=store_order&op=change_state&state_type=order_cancel&order_id=85&inajax=1 ( act=store_order&op=change_state ) 
ERR: Db Error: You have an error in your SQL syntax; check the manual that corresponds to your MySQL server version for the right syntax to use near 'goods_salenum=goods_salenum-,goods_edittime='1478508548' WHERE ( goods_id IN ('1' at line 1
UPDATE `zmkj_goods` SET goods_storage=goods_storage+,goods_salenum=goods_salenum-,goods_edittime='1478508548' WHERE ( goods_id IN ('100123') )
[2016-11-07 16:49:21] /shop/index.php?act=store_order&op=change_state&state_type=order_cancel&order_id=91&inajax=1 ( act=store_order&op=change_state ) 
ERR: Db Error: You have an error in your SQL syntax; check the manual that corresponds to your MySQL server version for the right syntax to use near 'goods_salenum=goods_salenum-,goods_edittime='1478508561' WHERE ( goods_id IN ('1' at line 1
UPDATE `zmkj_goods` SET goods_storage=goods_storage+,goods_salenum=goods_salenum-,goods_edittime='1478508561' WHERE ( goods_id IN ('100123') )
[2016-11-07 16:49:25] /shop/index.php?act=store_order&op=change_state&state_type=order_cancel&order_id=92&inajax=1 ( act=store_order&op=change_state ) 
ERR: Db Error: BIGINT UNSIGNED value is out of range in '(`bangongshi`.`zmkj_goods`.`goods_salenum` - 1)'
UPDATE `zmkj_goods` SET goods_storage=goods_storage+1,goods_salenum=goods_salenum-1,goods_edittime='1478508565' WHERE ( goods_id IN ('100109') )
[2016-11-07 16:49:29] /shop/index.php?act=store_order&op=change_state&state_type=order_cancel&order_id=94&inajax=1 ( act=store_order&op=change_state ) 
ERR: Db Error: You have an error in your SQL syntax; check the manual that corresponds to your MySQL server version for the right syntax to use near 'goods_salenum=goods_salenum-,goods_edittime='1478508569' WHERE ( goods_id IN ('1' at line 1
UPDATE `zmkj_goods` SET goods_storage=goods_storage+,goods_salenum=goods_salenum-,goods_edittime='1478508569' WHERE ( goods_id IN ('100123') )
[2016-11-07 16:49:34] /shop/index.php?act=store_order&op=change_state&state_type=order_cancel&order_id=95&inajax=1 ( act=store_order&op=change_state ) 
ERR: Db Error: BIGINT UNSIGNED value is out of range in '(`bangongshi`.`zmkj_goods`.`goods_salenum` - 1)'
UPDATE `zmkj_goods` SET goods_storage=goods_storage+1,goods_salenum=goods_salenum-1,goods_edittime='1478508573' WHERE ( goods_id IN ('100109') )
[2016-11-07 16:56:31] /shop/index.php?act=goods&op=index&goods_id=100125 ( act=goods&op=index ) 
ERR: Db Error: Unknown column 'geval_image_again' in 'where clause'
SELECT COUNT(*) AS nc_count FROM `zmkj_evaluate_goods` WHERE ( geval_goodsid = '100125' ) AND ( (geval_image <> '') OR (geval_image_again <> '') ) LIMIT 1  
[2016-11-07 16:56:32] /shop/index.php?act=goods&op=index&goods_id=100125 ( act=goods&op=index ) 
ERR: Db Error: Unknown column 'geval_image_again' in 'where clause'
SELECT COUNT(*) AS nc_count FROM `zmkj_evaluate_goods` WHERE ( geval_goodsid = '100125' ) AND ( (geval_image <> '') OR (geval_image_again <> '') ) LIMIT 1  
[2016-11-07 16:57:11] /shop/index.php?act=goods&op=index&goods_id=100111 ( act=goods&op=index ) 
ERR: Db Error: Unknown column 'geval_image_again' in 'where clause'
SELECT COUNT(*) AS nc_count FROM `zmkj_evaluate_goods` WHERE ( geval_goodsid = '100111' ) AND ( (geval_image <> '') OR (geval_image_again <> '') ) LIMIT 1  
[2016-11-07 16:57:12] /shop/index.php?act=goods&op=index&goods_id=100111 ( act=goods&op=index ) 
ERR: Db Error: Unknown column 'geval_image_again' in 'where clause'
SELECT COUNT(*) AS nc_count FROM `zmkj_evaluate_goods` WHERE ( geval_goodsid = '100111' ) AND ( (geval_image <> '') OR (geval_image_again <> '') ) LIMIT 1  
[2016-11-07 17:32:36] /shop/index.php?act=goods&op=index&goods_id=100163 ( act=goods&op=index ) 
ERR: Db Error: Unknown column 'geval_image_again' in 'where clause'
SELECT COUNT(*) AS nc_count FROM `zmkj_evaluate_goods` WHERE ( geval_goodsid = '100163' ) AND ( (geval_image <> '') OR (geval_image_again <> '') ) LIMIT 1  
[2016-11-07 17:32:36] /shop/index.php?act=goods&op=index&goods_id=100163 ( act=goods&op=index ) 
ERR: Db Error: Unknown column 'geval_image_again' in 'where clause'
SELECT COUNT(*) AS nc_count FROM `zmkj_evaluate_goods` WHERE ( geval_goodsid = '100163' ) AND ( (geval_image <> '') OR (geval_image_again <> '') ) LIMIT 1  
[2016-11-07 17:34:45] /shop/index.php ( act=mobile&op=addbrowse ) 
ERR: Db Error: Duplicate entry '100124-148' for key 'PRIMARY'
INSERT  INTO `zmkj_goods_browse` (goods_id,member_id,browsetime,gc_id,gc_id_1,gc_id_2,gc_id_3) VALUES ('100124','148','1478511285','1098','888','1094','1098')
[2016-11-07 17:34:55] /shop/index.php ( act=mobile&op=addbrowse ) 
ERR: Db Error: Duplicate entry '100153-148' for key 'PRIMARY'
INSERT  INTO `zmkj_goods_browse` (goods_id,member_id,browsetime,gc_id,gc_id_1,gc_id_2,gc_id_3) VALUES ('100153','148','1478511295','1126','1124','1125','1126')
[2016-11-07 18:47:40] /shop/index.php?act=goods&op=index&goods_id=100124 ( act=goods&op=index ) 
ERR: Db Error: Unknown column 'geval_image_again' in 'where clause'
SELECT COUNT(*) AS nc_count FROM `zmkj_evaluate_goods` WHERE ( geval_goodsid = '100124' ) AND ( (geval_image <> '') OR (geval_image_again <> '') ) LIMIT 1  
[2016-11-07 18:47:41] /shop/index.php?act=goods&op=index&goods_id=100124 ( act=goods&op=index ) 
ERR: Db Error: Unknown column 'geval_image_again' in 'where clause'
SELECT COUNT(*) AS nc_count FROM `zmkj_evaluate_goods` WHERE ( geval_goodsid = '100124' ) AND ( (geval_image <> '') OR (geval_image_again <> '') ) LIMIT 1  
[2016-11-07 19:04:25] /shop/index.php?act=goods&op=index&goods_id=100168 ( act=goods&op=index ) 
ERR: Db Error: Unknown column 'geval_image_again' in 'where clause'
SELECT COUNT(*) AS nc_count FROM `zmkj_evaluate_goods` WHERE ( geval_goodsid = '100168' ) AND ( (geval_image <> '') OR (geval_image_again <> '') ) LIMIT 1  
[2016-11-07 19:07:05] /shop/index.php?act=goods&op=index&goods_id=100020 ( act=goods&op=index ) 
ERR: Db Error: Unknown column 'geval_image_again' in 'where clause'
SELECT COUNT(*) AS nc_count FROM `zmkj_evaluate_goods` WHERE ( geval_goodsid = '100020' ) AND ( (geval_image <> '') OR (geval_image_again <> '') ) LIMIT 1  
[2016-11-07 19:10:17] /shop/index.php?act=goods&op=index&goods_id=100165 ( act=goods&op=index ) 
ERR: Db Error: Unknown column 'geval_image_again' in 'where clause'
SELECT COUNT(*) AS nc_count FROM `zmkj_evaluate_goods` WHERE ( geval_goodsid = '100165' ) AND ( (geval_image <> '') OR (geval_image_again <> '') ) LIMIT 1  
[2016-11-07 19:22:20] /shop/index.php?act=goods&op=index&goods_id=100026 ( act=goods&op=index ) 
ERR: Db Error: Unknown column 'geval_image_again' in 'where clause'
SELECT COUNT(*) AS nc_count FROM `zmkj_evaluate_goods` WHERE ( geval_goodsid = '100026' ) AND ( (geval_image <> '') OR (geval_image_again <> '') ) LIMIT 1  
[2016-11-07 19:54:51] /shop/index.php?act=goods&op=index&goods_id=100093 ( act=goods&op=index ) 
ERR: Db Error: Unknown column 'geval_image_again' in 'where clause'
SELECT COUNT(*) AS nc_count FROM `zmkj_evaluate_goods` WHERE ( geval_goodsid = '100093' ) AND ( (geval_image <> '') OR (geval_image_again <> '') ) LIMIT 1  
[2016-11-07 20:37:29] /shop/index.php?act=goods&op=index&goods_id=100083 ( act=goods&op=index ) 
ERR: Db Error: Unknown column 'geval_image_again' in 'where clause'
SELECT COUNT(*) AS nc_count FROM `zmkj_evaluate_goods` WHERE ( geval_goodsid = '100083' ) AND ( (geval_image <> '') OR (geval_image_again <> '') ) LIMIT 1  
[2016-11-07 20:37:36] /shop/index.php?act=goods&op=index&goods_id=100124 ( act=goods&op=index ) 
ERR: Db Error: Unknown column 'geval_image_again' in 'where clause'
SELECT COUNT(*) AS nc_count FROM `zmkj_evaluate_goods` WHERE ( geval_goodsid = '100124' ) AND ( (geval_image <> '') OR (geval_image_again <> '') ) LIMIT 1  
[2016-11-07 20:37:41] /shop/index.php?act=goods&op=index&goods_id=100107 ( act=goods&op=index ) 
ERR: Db Error: Unknown column 'geval_image_again' in 'where clause'
SELECT COUNT(*) AS nc_count FROM `zmkj_evaluate_goods` WHERE ( geval_goodsid = '100107' ) AND ( (geval_image <> '') OR (geval_image_again <> '') ) LIMIT 1  
[2016-11-07 21:04:05] /shop/index.php?act=goods&op=index&goods_id=100174 ( act=goods&op=index ) 
ERR: Db Error: Unknown column 'geval_image_again' in 'where clause'
SELECT COUNT(*) AS nc_count FROM `zmkj_evaluate_goods` WHERE ( geval_goodsid = '100174' ) AND ( (geval_image <> '') OR (geval_image_again <> '') ) LIMIT 1  
[2016-11-07 21:04:07] /shop/index.php?act=goods&goods_id=100150 ( act=goods&op=index ) 
ERR: Db Error: Unknown column 'geval_image_again' in 'where clause'
SELECT COUNT(*) AS nc_count FROM `zmkj_evaluate_goods` WHERE ( geval_goodsid = '100150' ) AND ( (geval_image <> '') OR (geval_image_again <> '') ) LIMIT 1  
[2016-11-07 21:04:09] /shop/index.php?act=goods&goods_id=100153 ( act=goods&op=index ) 
ERR: Db Error: Unknown column 'geval_image_again' in 'where clause'
SELECT COUNT(*) AS nc_count FROM `zmkj_evaluate_goods` WHERE ( geval_goodsid = '100153' ) AND ( (geval_image <> '') OR (geval_image_again <> '') ) LIMIT 1  
[2016-11-07 21:04:12] /shop/index.php?act=goods&goods_id=100177 ( act=goods&op=index ) 
ERR: Db Error: Unknown column 'geval_image_again' in 'where clause'
SELECT COUNT(*) AS nc_count FROM `zmkj_evaluate_goods` WHERE ( geval_goodsid = '100177' ) AND ( (geval_image <> '') OR (geval_image_again <> '') ) LIMIT 1  
[2016-11-07 21:04:14] /shop/index.php?act=goods&goods_id=100138 ( act=goods&op=index ) 
ERR: Db Error: Unknown column 'geval_image_again' in 'where clause'
SELECT COUNT(*) AS nc_count FROM `zmkj_evaluate_goods` WHERE ( geval_goodsid = '100138' ) AND ( (geval_image <> '') OR (geval_image_again <> '') ) LIMIT 1  
[2016-11-07 21:04:17] /shop/index.php?act=goods&goods_id=100164 ( act=goods&op=index ) 
ERR: Db Error: Unknown column 'geval_image_again' in 'where clause'
SELECT COUNT(*) AS nc_count FROM `zmkj_evaluate_goods` WHERE ( geval_goodsid = '100164' ) AND ( (geval_image <> '') OR (geval_image_again <> '') ) LIMIT 1  
[2016-11-07 21:04:22] /shop/index.php?act=goods&goods_id=100139 ( act=goods&op=index ) 
ERR: Db Error: Unknown column 'geval_image_again' in 'where clause'
SELECT COUNT(*) AS nc_count FROM `zmkj_evaluate_goods` WHERE ( geval_goodsid = '100139' ) AND ( (geval_image <> '') OR (geval_image_again <> '') ) LIMIT 1  
[2016-11-07 21:04:27] /shop/index.php?act=goods&goods_id=100152 ( act=goods&op=index ) 
ERR: Db Error: Unknown column 'geval_image_again' in 'where clause'
SELECT COUNT(*) AS nc_count FROM `zmkj_evaluate_goods` WHERE ( geval_goodsid = '100152' ) AND ( (geval_image <> '') OR (geval_image_again <> '') ) LIMIT 1  
[2016-11-07 21:04:32] /shop/index.php?act=goods&goods_id=100011 ( act=goods&op=index ) 
ERR: Db Error: Unknown column 'geval_image_again' in 'where clause'
SELECT COUNT(*) AS nc_count FROM `zmkj_evaluate_goods` WHERE ( geval_goodsid = '100011' ) AND ( (geval_image <> '') OR (geval_image_again <> '') ) LIMIT 1  
[2016-11-07 21:04:36] /shop/index.php?act=goods&goods_id=100154 ( act=goods&op=index ) 
ERR: Db Error: Unknown column 'geval_image_again' in 'where clause'
SELECT COUNT(*) AS nc_count FROM `zmkj_evaluate_goods` WHERE ( geval_goodsid = '100154' ) AND ( (geval_image <> '') OR (geval_image_again <> '') ) LIMIT 1  
[2016-11-07 21:04:41] /shop/index.php?act=goods&goods_id=100163 ( act=goods&op=index ) 
ERR: Db Error: Unknown column 'geval_image_again' in 'where clause'
SELECT COUNT(*) AS nc_count FROM `zmkj_evaluate_goods` WHERE ( geval_goodsid = '100163' ) AND ( (geval_image <> '') OR (geval_image_again <> '') ) LIMIT 1  
[2016-11-07 21:04:46] /shop/index.php?act=goods&goods_id=100172 ( act=goods&op=index ) 
ERR: Db Error: Unknown column 'geval_image_again' in 'where clause'
SELECT COUNT(*) AS nc_count FROM `zmkj_evaluate_goods` WHERE ( geval_goodsid = '100172' ) AND ( (geval_image <> '') OR (geval_image_again <> '') ) LIMIT 1  
[2016-11-07 21:04:51] /shop/index.php?act=goods&goods_id=100155 ( act=goods&op=index ) 
ERR: Db Error: Unknown column 'geval_image_again' in 'where clause'
SELECT COUNT(*) AS nc_count FROM `zmkj_evaluate_goods` WHERE ( geval_goodsid = '100155' ) AND ( (geval_image <> '') OR (geval_image_again <> '') ) LIMIT 1  
[2016-11-07 21:04:56] /shop/index.php?act=goods&goods_id=100151 ( act=goods&op=index ) 
ERR: Db Error: Unknown column 'geval_image_again' in 'where clause'
SELECT COUNT(*) AS nc_count FROM `zmkj_evaluate_goods` WHERE ( geval_goodsid = '100151' ) AND ( (geval_image <> '') OR (geval_image_again <> '') ) LIMIT 1  
[2016-11-07 21:05:01] /shop/index.php?act=goods&goods_id=100127 ( act=goods&op=index ) 
ERR: Db Error: Unknown column 'geval_image_again' in 'where clause'
SELECT COUNT(*) AS nc_count FROM `zmkj_evaluate_goods` WHERE ( geval_goodsid = '100127' ) AND ( (geval_image <> '') OR (geval_image_again <> '') ) LIMIT 1  
[2016-11-07 21:05:06] /shop/index.php?act=goods&goods_id=100142 ( act=goods&op=index ) 
ERR: Db Error: Unknown column 'geval_image_again' in 'where clause'
SELECT COUNT(*) AS nc_count FROM `zmkj_evaluate_goods` WHERE ( geval_goodsid = '100142' ) AND ( (geval_image <> '') OR (geval_image_again <> '') ) LIMIT 1  
[2016-11-07 21:05:10] /shop/index.php?act=goods&goods_id=100165 ( act=goods&op=index ) 
ERR: Db Error: Unknown column 'geval_image_again' in 'where clause'
SELECT COUNT(*) AS nc_count FROM `zmkj_evaluate_goods` WHERE ( geval_goodsid = '100165' ) AND ( (geval_image <> '') OR (geval_image_again <> '') ) LIMIT 1  
[2016-11-07 21:05:15] /shop/index.php?act=goods&goods_id=100126 ( act=goods&op=index ) 
ERR: Db Error: Unknown column 'geval_image_again' in 'where clause'
SELECT COUNT(*) AS nc_count FROM `zmkj_evaluate_goods` WHERE ( geval_goodsid = '100126' ) AND ( (geval_image <> '') OR (geval_image_again <> '') ) LIMIT 1  
[2016-11-07 21:05:20] /shop/index.php?act=goods&goods_id=100174 ( act=goods&op=index ) 
ERR: Db Error: Unknown column 'geval_image_again' in 'where clause'
SELECT COUNT(*) AS nc_count FROM `zmkj_evaluate_goods` WHERE ( geval_goodsid = '100174' ) AND ( (geval_image <> '') OR (geval_image_again <> '') ) LIMIT 1  
[2016-11-07 21:05:25] /shop/index.php?act=goods&goods_id=100176 ( act=goods&op=index ) 
ERR: Db Error: Unknown column 'geval_image_again' in 'where clause'
SELECT COUNT(*) AS nc_count FROM `zmkj_evaluate_goods` WHERE ( geval_goodsid = '100176' ) AND ( (geval_image <> '') OR (geval_image_again <> '') ) LIMIT 1  
[2016-11-07 21:05:30] /shop/index.php?act=goods&goods_id=100144 ( act=goods&op=index ) 
ERR: Db Error: Unknown column 'geval_image_again' in 'where clause'
SELECT COUNT(*) AS nc_count FROM `zmkj_evaluate_goods` WHERE ( geval_goodsid = '100144' ) AND ( (geval_image <> '') OR (geval_image_again <> '') ) LIMIT 1  
[2016-11-07 21:05:35] /shop/index.php?act=goods&goods_id=100140 ( act=goods&op=index ) 
ERR: Db Error: Unknown column 'geval_image_again' in 'where clause'
SELECT COUNT(*) AS nc_count FROM `zmkj_evaluate_goods` WHERE ( geval_goodsid = '100140' ) AND ( (geval_image <> '') OR (geval_image_again <> '') ) LIMIT 1  
[2016-11-07 21:05:40] /shop/index.php?act=goods&goods_id=100175 ( act=goods&op=index ) 
ERR: Db Error: Unknown column 'geval_image_again' in 'where clause'
SELECT COUNT(*) AS nc_count FROM `zmkj_evaluate_goods` WHERE ( geval_goodsid = '100175' ) AND ( (geval_image <> '') OR (geval_image_again <> '') ) LIMIT 1  
[2016-11-07 21:05:45] /shop/index.php?act=goods&goods_id=100143 ( act=goods&op=index ) 
ERR: Db Error: Unknown column 'geval_image_again' in 'where clause'
SELECT COUNT(*) AS nc_count FROM `zmkj_evaluate_goods` WHERE ( geval_goodsid = '100143' ) AND ( (geval_image <> '') OR (geval_image_again <> '') ) LIMIT 1  
[2016-11-07 21:05:49] /shop/index.php?act=goods&goods_id=100173 ( act=goods&op=index ) 
ERR: Db Error: Unknown column 'geval_image_again' in 'where clause'
SELECT COUNT(*) AS nc_count FROM `zmkj_evaluate_goods` WHERE ( geval_goodsid = '100173' ) AND ( (geval_image <> '') OR (geval_image_again <> '') ) LIMIT 1  
[2016-11-07 21:05:54] /shop/index.php?act=goods&goods_id=100166 ( act=goods&op=index ) 
ERR: Db Error: Unknown column 'geval_image_again' in 'where clause'
SELECT COUNT(*) AS nc_count FROM `zmkj_evaluate_goods` WHERE ( geval_goodsid = '100166' ) AND ( (geval_image <> '') OR (geval_image_again <> '') ) LIMIT 1  
[2016-11-07 21:05:59] /shop/index.php?act=goods&goods_id=100178 ( act=goods&op=index ) 
ERR: Db Error: Unknown column 'geval_image_again' in 'where clause'
SELECT COUNT(*) AS nc_count FROM `zmkj_evaluate_goods` WHERE ( geval_goodsid = '100178' ) AND ( (geval_image <> '') OR (geval_image_again <> '') ) LIMIT 1  
[2016-11-07 21:06:09] /shop/index.php?act=goods&op=index&goods_id=100178 ( act=goods&op=index ) 
ERR: Db Error: Unknown column 'geval_image_again' in 'where clause'
SELECT COUNT(*) AS nc_count FROM `zmkj_evaluate_goods` WHERE ( geval_goodsid = '100178' ) AND ( (geval_image <> '') OR (geval_image_again <> '') ) LIMIT 1  
[2016-11-07 21:06:14] /shop/index.php?act=goods&op=index&goods_id=100173 ( act=goods&op=index ) 
ERR: Db Error: Unknown column 'geval_image_again' in 'where clause'
SELECT COUNT(*) AS nc_count FROM `zmkj_evaluate_goods` WHERE ( geval_goodsid = '100173' ) AND ( (geval_image <> '') OR (geval_image_again <> '') ) LIMIT 1  
[2016-11-07 21:06:19] /shop/index.php?act=goods&op=index&goods_id=100164 ( act=goods&op=index ) 
ERR: Db Error: Unknown column 'geval_image_again' in 'where clause'
SELECT COUNT(*) AS nc_count FROM `zmkj_evaluate_goods` WHERE ( geval_goodsid = '100164' ) AND ( (geval_image <> '') OR (geval_image_again <> '') ) LIMIT 1  
[2016-11-07 21:06:24] /shop/index.php?act=goods&op=index&goods_id=100175 ( act=goods&op=index ) 
ERR: Db Error: Unknown column 'geval_image_again' in 'where clause'
SELECT COUNT(*) AS nc_count FROM `zmkj_evaluate_goods` WHERE ( geval_goodsid = '100175' ) AND ( (geval_image <> '') OR (geval_image_again <> '') ) LIMIT 1  
[2016-11-07 21:06:43] /shop/index.php?act=goods&op=index&goods_id=100176 ( act=goods&op=index ) 
ERR: Db Error: Unknown column 'geval_image_again' in 'where clause'
SELECT COUNT(*) AS nc_count FROM `zmkj_evaluate_goods` WHERE ( geval_goodsid = '100176' ) AND ( (geval_image <> '') OR (geval_image_again <> '') ) LIMIT 1  
[2016-11-07 21:06:53] /shop/index.php?act=goods&op=index&goods_id=100177 ( act=goods&op=index ) 
ERR: Db Error: Unknown column 'geval_image_again' in 'where clause'
SELECT COUNT(*) AS nc_count FROM `zmkj_evaluate_goods` WHERE ( geval_goodsid = '100177' ) AND ( (geval_image <> '') OR (geval_image_again <> '') ) LIMIT 1  
[2016-11-07 21:07:08] /shop/index.php?act=goods&op=index&goods_id=100166 ( act=goods&op=index ) 
ERR: Db Error: Unknown column 'geval_image_again' in 'where clause'
SELECT COUNT(*) AS nc_count FROM `zmkj_evaluate_goods` WHERE ( geval_goodsid = '100166' ) AND ( (geval_image <> '') OR (geval_image_again <> '') ) LIMIT 1  
[2016-11-07 21:07:42] /shop/index.php?act=goods&op=index&goods_id=100163 ( act=goods&op=index ) 
ERR: Db Error: Unknown column 'geval_image_again' in 'where clause'
SELECT COUNT(*) AS nc_count FROM `zmkj_evaluate_goods` WHERE ( geval_goodsid = '100163' ) AND ( (geval_image <> '') OR (geval_image_again <> '') ) LIMIT 1  
[2016-11-07 21:07:57] /shop/index.php?act=goods&op=index&goods_id=100172 ( act=goods&op=index ) 
ERR: Db Error: Unknown column 'geval_image_again' in 'where clause'
SELECT COUNT(*) AS nc_count FROM `zmkj_evaluate_goods` WHERE ( geval_goodsid = '100172' ) AND ( (geval_image <> '') OR (geval_image_again <> '') ) LIMIT 1  
[2016-11-07 21:08:32] /shop/index.php?act=goods&op=index&goods_id=100158 ( act=goods&op=index ) 
ERR: Db Error: Unknown column 'geval_image_again' in 'where clause'
SELECT COUNT(*) AS nc_count FROM `zmkj_evaluate_goods` WHERE ( geval_goodsid = '100158' ) AND ( (geval_image <> '') OR (geval_image_again <> '') ) LIMIT 1  
[2016-11-07 21:09:01] /shop/index.php?act=goods&op=index&goods_id=100157 ( act=goods&op=index ) 
ERR: Db Error: Unknown column 'geval_image_again' in 'where clause'
SELECT COUNT(*) AS nc_count FROM `zmkj_evaluate_goods` WHERE ( geval_goodsid = '100157' ) AND ( (geval_image <> '') OR (geval_image_again <> '') ) LIMIT 1  
[2016-11-07 21:09:24] /shop/index.php?act=goods&op=index&goods_id=100159 ( act=goods&op=index ) 
ERR: Db Error: Unknown column 'geval_image_again' in 'where clause'
SELECT COUNT(*) AS nc_count FROM `zmkj_evaluate_goods` WHERE ( geval_goodsid = '100159' ) AND ( (geval_image <> '') OR (geval_image_again <> '') ) LIMIT 1  
[2016-11-07 21:09:32] /shop/index.php?act=goods&op=index&goods_id=100180 ( act=goods&op=index ) 
ERR: Db Error: Unknown column 'geval_image_again' in 'where clause'
SELECT COUNT(*) AS nc_count FROM `zmkj_evaluate_goods` WHERE ( geval_goodsid = '100180' ) AND ( (geval_image <> '') OR (geval_image_again <> '') ) LIMIT 1  
[2016-11-07 21:09:36] /shop/index.php?act=goods&op=index&goods_id=100156 ( act=goods&op=index ) 
ERR: Db Error: Unknown column 'geval_image_again' in 'where clause'
SELECT COUNT(*) AS nc_count FROM `zmkj_evaluate_goods` WHERE ( geval_goodsid = '100156' ) AND ( (geval_image <> '') OR (geval_image_again <> '') ) LIMIT 1  
[2016-11-07 21:09:59] /shop/index.php?act=goods&op=index&goods_id=100179 ( act=goods&op=index ) 
ERR: Db Error: Unknown column 'geval_image_again' in 'where clause'
SELECT COUNT(*) AS nc_count FROM `zmkj_evaluate_goods` WHERE ( geval_goodsid = '100179' ) AND ( (geval_image <> '') OR (geval_image_again <> '') ) LIMIT 1  
[2016-11-07 21:10:18] /shop/index.php?act=goods&op=index&goods_id=100181 ( act=goods&op=index ) 
ERR: Db Error: Unknown column 'geval_image_again' in 'where clause'
SELECT COUNT(*) AS nc_count FROM `zmkj_evaluate_goods` WHERE ( geval_goodsid = '100181' ) AND ( (geval_image <> '') OR (geval_image_again <> '') ) LIMIT 1  
[2016-11-07 21:10:25] /shop/index.php?act=goods&op=index&goods_id=100170 ( act=goods&op=index ) 
ERR: Db Error: Unknown column 'geval_image_again' in 'where clause'
SELECT COUNT(*) AS nc_count FROM `zmkj_evaluate_goods` WHERE ( geval_goodsid = '100170' ) AND ( (geval_image <> '') OR (geval_image_again <> '') ) LIMIT 1  
[2016-11-07 21:10:31] /shop/index.php?act=goods&op=index&goods_id=100171 ( act=goods&op=index ) 
ERR: Db Error: Unknown column 'geval_image_again' in 'where clause'
SELECT COUNT(*) AS nc_count FROM `zmkj_evaluate_goods` WHERE ( geval_goodsid = '100171' ) AND ( (geval_image <> '') OR (geval_image_again <> '') ) LIMIT 1  
[2016-11-07 21:11:23] /shop/index.php?act=goods&op=index&goods_id=100168 ( act=goods&op=index ) 
ERR: Db Error: Unknown column 'geval_image_again' in 'where clause'
SELECT COUNT(*) AS nc_count FROM `zmkj_evaluate_goods` WHERE ( geval_goodsid = '100168' ) AND ( (geval_image <> '') OR (geval_image_again <> '') ) LIMIT 1  
[2016-11-07 21:11:30] /shop/index.php?act=goods&op=index&goods_id=100162 ( act=goods&op=index ) 
ERR: Db Error: Unknown column 'geval_image_again' in 'where clause'
SELECT COUNT(*) AS nc_count FROM `zmkj_evaluate_goods` WHERE ( geval_goodsid = '100162' ) AND ( (geval_image <> '') OR (geval_image_again <> '') ) LIMIT 1  
[2016-11-07 21:11:36] /shop/index.php?act=goods&op=index&goods_id=100160 ( act=goods&op=index ) 
ERR: Db Error: Unknown column 'geval_image_again' in 'where clause'
SELECT COUNT(*) AS nc_count FROM `zmkj_evaluate_goods` WHERE ( geval_goodsid = '100160' ) AND ( (geval_image <> '') OR (geval_image_again <> '') ) LIMIT 1  
[2016-11-07 21:11:49] /shop/index.php?act=goods&op=index&goods_id=100169 ( act=goods&op=index ) 
ERR: Db Error: Unknown column 'geval_image_again' in 'where clause'
SELECT COUNT(*) AS nc_count FROM `zmkj_evaluate_goods` WHERE ( geval_goodsid = '100169' ) AND ( (geval_image <> '') OR (geval_image_again <> '') ) LIMIT 1  
[2016-11-07 21:12:09] /shop/index.php?act=goods&op=index&goods_id=100167 ( act=goods&op=index ) 
ERR: Db Error: Unknown column 'geval_image_again' in 'where clause'
SELECT COUNT(*) AS nc_count FROM `zmkj_evaluate_goods` WHERE ( geval_goodsid = '100167' ) AND ( (geval_image <> '') OR (geval_image_again <> '') ) LIMIT 1  
[2016-11-07 21:12:15] /shop/index.php?act=goods&op=index&goods_id=100161 ( act=goods&op=index ) 
ERR: Db Error: Unknown column 'geval_image_again' in 'where clause'
SELECT COUNT(*) AS nc_count FROM `zmkj_evaluate_goods` WHERE ( geval_goodsid = '100161' ) AND ( (geval_image <> '') OR (geval_image_again <> '') ) LIMIT 1  
[2016-11-07 21:36:41] /shop/index.php?act=goods&op=index&goods_id=100083 ( act=goods&op=index ) 
ERR: Db Error: Unknown column 'geval_image_again' in 'where clause'
SELECT COUNT(*) AS nc_count FROM `zmkj_evaluate_goods` WHERE ( geval_goodsid = '100083' ) AND ( (geval_image <> '') OR (geval_image_again <> '') ) LIMIT 1  
[2016-11-07 21:36:41] /shop/index.php?act=goods&op=index&goods_id=100083 ( act=goods&op=index ) 
ERR: Db Error: Unknown column 'geval_image_again' in 'where clause'
SELECT COUNT(*) AS nc_count FROM `zmkj_evaluate_goods` WHERE ( geval_goodsid = '100083' ) AND ( (geval_image <> '') OR (geval_image_again <> '') ) LIMIT 1  
[2016-11-07 21:41:52] /shop/index.php?act=goods&op=comments_list&goods_id=100126 ( act=goods&op=comments_list ) 
ERR: Db Error: Unknown column 'geval_image_again' in 'where clause'
SELECT COUNT(*) AS nc_count FROM `zmkj_evaluate_goods` WHERE ( geval_goodsid = '100126' ) AND ( (geval_image <> '') OR (geval_image_again <> '') ) LIMIT 1  
[2016-11-07 21:42:04] /shop/index.php?act=goods&op=comments_list&goods_id=100127 ( act=goods&op=comments_list ) 
ERR: Db Error: Unknown column 'geval_image_again' in 'where clause'
SELECT COUNT(*) AS nc_count FROM `zmkj_evaluate_goods` WHERE ( geval_goodsid = '100127' ) AND ( (geval_image <> '') OR (geval_image_again <> '') ) LIMIT 1  
[2016-11-07 21:42:07] /shop/index.php?act=goods&op=comments_list&goods_id=100128 ( act=goods&op=comments_list ) 
ERR: Db Error: Unknown column 'geval_image_again' in 'where clause'
SELECT COUNT(*) AS nc_count FROM `zmkj_evaluate_goods` WHERE ( geval_goodsid = '100128' ) AND ( (geval_image <> '') OR (geval_image_again <> '') ) LIMIT 1  
[2016-11-07 21:42:19] /shop/index.php?act=goods&op=comments_list&goods_id=100129 ( act=goods&op=comments_list ) 
ERR: Db Error: Unknown column 'geval_image_again' in 'where clause'
SELECT COUNT(*) AS nc_count FROM `zmkj_evaluate_goods` WHERE ( geval_goodsid = '100129' ) AND ( (geval_image <> '') OR (geval_image_again <> '') ) LIMIT 1  
[2016-11-07 21:42:35] /shop/index.php?act=goods&op=comments_list&goods_id=100130 ( act=goods&op=comments_list ) 
ERR: Db Error: Unknown column 'geval_image_again' in 'where clause'
SELECT COUNT(*) AS nc_count FROM `zmkj_evaluate_goods` WHERE ( geval_goodsid = '100130' ) AND ( (geval_image <> '') OR (geval_image_again <> '') ) LIMIT 1  
[2016-11-07 21:42:47] /shop/index.php?act=goods&op=comments_list&goods_id=100131 ( act=goods&op=comments_list ) 
ERR: Db Error: Unknown column 'geval_image_again' in 'where clause'
SELECT COUNT(*) AS nc_count FROM `zmkj_evaluate_goods` WHERE ( geval_goodsid = '100131' ) AND ( (geval_image <> '') OR (geval_image_again <> '') ) LIMIT 1  
[2016-11-07 21:43:00] /shop/index.php?act=goods&op=comments_list&goods_id=100132 ( act=goods&op=comments_list ) 
ERR: Db Error: Unknown column 'geval_image_again' in 'where clause'
SELECT COUNT(*) AS nc_count FROM `zmkj_evaluate_goods` WHERE ( geval_goodsid = '100132' ) AND ( (geval_image <> '') OR (geval_image_again <> '') ) LIMIT 1  
[2016-11-07 21:43:07] /shop/index.php?act=goods&op=comments_list&goods_id=100133 ( act=goods&op=comments_list ) 
ERR: Db Error: Unknown column 'geval_image_again' in 'where clause'
SELECT COUNT(*) AS nc_count FROM `zmkj_evaluate_goods` WHERE ( geval_goodsid = '100133' ) AND ( (geval_image <> '') OR (geval_image_again <> '') ) LIMIT 1  
[2016-11-07 21:43:15] /shop/index.php?act=goods&op=comments_list&goods_id=100134 ( act=goods&op=comments_list ) 
ERR: Db Error: Unknown column 'geval_image_again' in 'where clause'
SELECT COUNT(*) AS nc_count FROM `zmkj_evaluate_goods` WHERE ( geval_goodsid = '100134' ) AND ( (geval_image <> '') OR (geval_image_again <> '') ) LIMIT 1  
[2016-11-07 21:43:18] /shop/index.php?act=goods&op=comments_list&goods_id=100135 ( act=goods&op=comments_list ) 
ERR: Db Error: Unknown column 'geval_image_again' in 'where clause'
SELECT COUNT(*) AS nc_count FROM `zmkj_evaluate_goods` WHERE ( geval_goodsid = '100135' ) AND ( (geval_image <> '') OR (geval_image_again <> '') ) LIMIT 1  
[2016-11-07 21:43:21] /shop/index.php?act=goods&op=comments_list&goods_id=100136 ( act=goods&op=comments_list ) 
ERR: Db Error: Unknown column 'geval_image_again' in 'where clause'
SELECT COUNT(*) AS nc_count FROM `zmkj_evaluate_goods` WHERE ( geval_goodsid = '100136' ) AND ( (geval_image <> '') OR (geval_image_again <> '') ) LIMIT 1  
[2016-11-07 21:43:24] /shop/index.php?act=goods&op=comments_list&goods_id=100137 ( act=goods&op=comments_list ) 
ERR: Db Error: Unknown column 'geval_image_again' in 'where clause'
SELECT COUNT(*) AS nc_count FROM `zmkj_evaluate_goods` WHERE ( geval_goodsid = '100137' ) AND ( (geval_image <> '') OR (geval_image_again <> '') ) LIMIT 1  
[2016-11-07 21:43:47] /shop/index.php?act=goods&op=comments_list&goods_id=100138 ( act=goods&op=comments_list ) 
ERR: Db Error: Unknown column 'geval_image_again' in 'where clause'
SELECT COUNT(*) AS nc_count FROM `zmkj_evaluate_goods` WHERE ( geval_goodsid = '100138' ) AND ( (geval_image <> '') OR (geval_image_again <> '') ) LIMIT 1  
[2016-11-07 21:43:56] /shop/index.php?act=goods&op=comments_list&goods_id=100139 ( act=goods&op=comments_list ) 
ERR: Db Error: Unknown column 'geval_image_again' in 'where clause'
SELECT COUNT(*) AS nc_count FROM `zmkj_evaluate_goods` WHERE ( geval_goodsid = '100139' ) AND ( (geval_image <> '') OR (geval_image_again <> '') ) LIMIT 1  
[2016-11-07 21:44:00] /shop/index.php?act=goods&op=comments_list&goods_id=100140 ( act=goods&op=comments_list ) 
ERR: Db Error: Unknown column 'geval_image_again' in 'where clause'
SELECT COUNT(*) AS nc_count FROM `zmkj_evaluate_goods` WHERE ( geval_goodsid = '100140' ) AND ( (geval_image <> '') OR (geval_image_again <> '') ) LIMIT 1  
[2016-11-07 21:44:15] /shop/index.php?act=goods&op=comments_list&goods_id=100142 ( act=goods&op=comments_list ) 
ERR: Db Error: Unknown column 'geval_image_again' in 'where clause'
SELECT COUNT(*) AS nc_count FROM `zmkj_evaluate_goods` WHERE ( geval_goodsid = '100142' ) AND ( (geval_image <> '') OR (geval_image_again <> '') ) LIMIT 1  
[2016-11-07 21:44:21] /shop/index.php?act=goods&op=comments_list&goods_id=100143 ( act=goods&op=comments_list ) 
ERR: Db Error: Unknown column 'geval_image_again' in 'where clause'
SELECT COUNT(*) AS nc_count FROM `zmkj_evaluate_goods` WHERE ( geval_goodsid = '100143' ) AND ( (geval_image <> '') OR (geval_image_again <> '') ) LIMIT 1  
[2016-11-07 21:44:27] /shop/index.php?act=goods&op=comments_list&goods_id=100144 ( act=goods&op=comments_list ) 
ERR: Db Error: Unknown column 'geval_image_again' in 'where clause'
SELECT COUNT(*) AS nc_count FROM `zmkj_evaluate_goods` WHERE ( geval_goodsid = '100144' ) AND ( (geval_image <> '') OR (geval_image_again <> '') ) LIMIT 1  
[2016-11-07 21:44:31] /shop/index.php?act=goods&op=comments_list&goods_id=100145 ( act=goods&op=comments_list ) 
ERR: Db Error: Unknown column 'geval_image_again' in 'where clause'
SELECT COUNT(*) AS nc_count FROM `zmkj_evaluate_goods` WHERE ( geval_goodsid = '100145' ) AND ( (geval_image <> '') OR (geval_image_again <> '') ) LIMIT 1  
[2016-11-07 21:44:38] /shop/index.php?act=goods&op=comments_list&goods_id=100146 ( act=goods&op=comments_list ) 
ERR: Db Error: Unknown column 'geval_image_again' in 'where clause'
SELECT COUNT(*) AS nc_count FROM `zmkj_evaluate_goods` WHERE ( geval_goodsid = '100146' ) AND ( (geval_image <> '') OR (geval_image_again <> '') ) LIMIT 1  
[2016-11-07 21:44:45] /shop/index.php?act=goods&op=comments_list&goods_id=100148 ( act=goods&op=comments_list ) 
ERR: Db Error: Unknown column 'geval_image_again' in 'where clause'
SELECT COUNT(*) AS nc_count FROM `zmkj_evaluate_goods` WHERE ( geval_goodsid = '100148' ) AND ( (geval_image <> '') OR (geval_image_again <> '') ) LIMIT 1  
[2016-11-07 21:44:58] /shop/index.php?act=goods&op=comments_list&goods_id=100150 ( act=goods&op=comments_list ) 
ERR: Db Error: Unknown column 'geval_image_again' in 'where clause'
SELECT COUNT(*) AS nc_count FROM `zmkj_evaluate_goods` WHERE ( geval_goodsid = '100150' ) AND ( (geval_image <> '') OR (geval_image_again <> '') ) LIMIT 1  
[2016-11-07 21:45:17] /shop/index.php?act=goods&op=comments_list&goods_id=100151 ( act=goods&op=comments_list ) 
ERR: Db Error: Unknown column 'geval_image_again' in 'where clause'
SELECT COUNT(*) AS nc_count FROM `zmkj_evaluate_goods` WHERE ( geval_goodsid = '100151' ) AND ( (geval_image <> '') OR (geval_image_again <> '') ) LIMIT 1  
[2016-11-07 21:45:24] /shop/index.php?act=goods&op=comments_list&goods_id=100152 ( act=goods&op=comments_list ) 
ERR: Db Error: Unknown column 'geval_image_again' in 'where clause'
SELECT COUNT(*) AS nc_count FROM `zmkj_evaluate_goods` WHERE ( geval_goodsid = '100152' ) AND ( (geval_image <> '') OR (geval_image_again <> '') ) LIMIT 1  
[2016-11-07 21:45:46] /shop/index.php?act=goods&op=comments_list&goods_id=100153 ( act=goods&op=comments_list ) 
ERR: Db Error: Unknown column 'geval_image_again' in 'where clause'
SELECT COUNT(*) AS nc_count FROM `zmkj_evaluate_goods` WHERE ( geval_goodsid = '100153' ) AND ( (geval_image <> '') OR (geval_image_again <> '') ) LIMIT 1  
[2016-11-07 21:46:29] /shop/index.php?act=goods&op=comments_list&goods_id=100154 ( act=goods&op=comments_list ) 
ERR: Db Error: Unknown column 'geval_image_again' in 'where clause'
SELECT COUNT(*) AS nc_count FROM `zmkj_evaluate_goods` WHERE ( geval_goodsid = '100154' ) AND ( (geval_image <> '') OR (geval_image_again <> '') ) LIMIT 1  
[2016-11-07 21:47:23] /shop/index.php?act=goods&op=comments_list&goods_id=100155 ( act=goods&op=comments_list ) 
ERR: Db Error: Unknown column 'geval_image_again' in 'where clause'
SELECT COUNT(*) AS nc_count FROM `zmkj_evaluate_goods` WHERE ( geval_goodsid = '100155' ) AND ( (geval_image <> '') OR (geval_image_again <> '') ) LIMIT 1  
[2016-11-07 21:47:40] /shop/index.php?act=goods&op=index&goods_id=100126 ( act=goods&op=index ) 
ERR: Db Error: Unknown column 'geval_image_again' in 'where clause'
SELECT COUNT(*) AS nc_count FROM `zmkj_evaluate_goods` WHERE ( geval_goodsid = '100126' ) AND ( (geval_image <> '') OR (geval_image_again <> '') ) LIMIT 1  
[2016-11-07 21:48:52] /shop/index.php?act=goods&op=index&goods_id=100127 ( act=goods&op=index ) 
ERR: Db Error: Unknown column 'geval_image_again' in 'where clause'
SELECT COUNT(*) AS nc_count FROM `zmkj_evaluate_goods` WHERE ( geval_goodsid = '100127' ) AND ( (geval_image <> '') OR (geval_image_again <> '') ) LIMIT 1  
[2016-11-07 21:49:35] /shop/index.php?act=goods&op=index&goods_id=100128 ( act=goods&op=index ) 
ERR: Db Error: Unknown column 'geval_image_again' in 'where clause'
SELECT COUNT(*) AS nc_count FROM `zmkj_evaluate_goods` WHERE ( geval_goodsid = '100128' ) AND ( (geval_image <> '') OR (geval_image_again <> '') ) LIMIT 1  
[2016-11-07 21:50:14] /shop/index.php?act=goods&op=index&goods_id=100129 ( act=goods&op=index ) 
ERR: Db Error: Unknown column 'geval_image_again' in 'where clause'
SELECT COUNT(*) AS nc_count FROM `zmkj_evaluate_goods` WHERE ( geval_goodsid = '100129' ) AND ( (geval_image <> '') OR (geval_image_again <> '') ) LIMIT 1  
[2016-11-07 21:50:53] /shop/index.php?act=goods&op=index&goods_id=100130 ( act=goods&op=index ) 
ERR: Db Error: Unknown column 'geval_image_again' in 'where clause'
SELECT COUNT(*) AS nc_count FROM `zmkj_evaluate_goods` WHERE ( geval_goodsid = '100130' ) AND ( (geval_image <> '') OR (geval_image_again <> '') ) LIMIT 1  
[2016-11-07 21:51:46] /shop/index.php?act=goods&op=index&goods_id=100131 ( act=goods&op=index ) 
ERR: Db Error: Unknown column 'geval_image_again' in 'where clause'
SELECT COUNT(*) AS nc_count FROM `zmkj_evaluate_goods` WHERE ( geval_goodsid = '100131' ) AND ( (geval_image <> '') OR (geval_image_again <> '') ) LIMIT 1  
[2016-11-07 21:52:04] /shop/index.php?act=goods&op=index&goods_id=100132 ( act=goods&op=index ) 
ERR: Db Error: Unknown column 'geval_image_again' in 'where clause'
SELECT COUNT(*) AS nc_count FROM `zmkj_evaluate_goods` WHERE ( geval_goodsid = '100132' ) AND ( (geval_image <> '') OR (geval_image_again <> '') ) LIMIT 1  
[2016-11-07 21:52:10] /shop/index.php?act=goods&op=index&goods_id=100133 ( act=goods&op=index ) 
ERR: Db Error: Unknown column 'geval_image_again' in 'where clause'
SELECT COUNT(*) AS nc_count FROM `zmkj_evaluate_goods` WHERE ( geval_goodsid = '100133' ) AND ( (geval_image <> '') OR (geval_image_again <> '') ) LIMIT 1  
[2016-11-07 21:52:16] /shop/index.php?act=goods&op=index&goods_id=100134 ( act=goods&op=index ) 
ERR: Db Error: Unknown column 'geval_image_again' in 'where clause'
SELECT COUNT(*) AS nc_count FROM `zmkj_evaluate_goods` WHERE ( geval_goodsid = '100134' ) AND ( (geval_image <> '') OR (geval_image_again <> '') ) LIMIT 1  
[2016-11-07 21:52:19] /shop/index.php?act=goods&op=index&goods_id=100135 ( act=goods&op=index ) 
ERR: Db Error: Unknown column 'geval_image_again' in 'where clause'
SELECT COUNT(*) AS nc_count FROM `zmkj_evaluate_goods` WHERE ( geval_goodsid = '100135' ) AND ( (geval_image <> '') OR (geval_image_again <> '') ) LIMIT 1  
[2016-11-07 21:52:31] /shop/index.php?act=goods&op=index&goods_id=100136 ( act=goods&op=index ) 
ERR: Db Error: Unknown column 'geval_image_again' in 'where clause'
SELECT COUNT(*) AS nc_count FROM `zmkj_evaluate_goods` WHERE ( geval_goodsid = '100136' ) AND ( (geval_image <> '') OR (geval_image_again <> '') ) LIMIT 1  
[2016-11-07 21:52:37] /shop/index.php?act=goods&op=index&goods_id=100137 ( act=goods&op=index ) 
ERR: Db Error: Unknown column 'geval_image_again' in 'where clause'
SELECT COUNT(*) AS nc_count FROM `zmkj_evaluate_goods` WHERE ( geval_goodsid = '100137' ) AND ( (geval_image <> '') OR (geval_image_again <> '') ) LIMIT 1  
[2016-11-07 21:52:43] /shop/index.php?act=goods&op=index&goods_id=100138 ( act=goods&op=index ) 
ERR: Db Error: Unknown column 'geval_image_again' in 'where clause'
SELECT COUNT(*) AS nc_count FROM `zmkj_evaluate_goods` WHERE ( geval_goodsid = '100138' ) AND ( (geval_image <> '') OR (geval_image_again <> '') ) LIMIT 1  
[2016-11-07 21:52:58] /shop/index.php?act=goods&op=index&goods_id=100139 ( act=goods&op=index ) 
ERR: Db Error: Unknown column 'geval_image_again' in 'where clause'
SELECT COUNT(*) AS nc_count FROM `zmkj_evaluate_goods` WHERE ( geval_goodsid = '100139' ) AND ( (geval_image <> '') OR (geval_image_again <> '') ) LIMIT 1  
[2016-11-07 21:53:03] /shop/index.php?act=goods&op=index&goods_id=100140 ( act=goods&op=index ) 
ERR: Db Error: Unknown column 'geval_image_again' in 'where clause'
SELECT COUNT(*) AS nc_count FROM `zmkj_evaluate_goods` WHERE ( geval_goodsid = '100140' ) AND ( (geval_image <> '') OR (geval_image_again <> '') ) LIMIT 1  
[2016-11-07 21:53:16] /shop/index.php?act=goods&op=index&goods_id=100142 ( act=goods&op=index ) 
ERR: Db Error: Unknown column 'geval_image_again' in 'where clause'
SELECT COUNT(*) AS nc_count FROM `zmkj_evaluate_goods` WHERE ( geval_goodsid = '100142' ) AND ( (geval_image <> '') OR (geval_image_again <> '') ) LIMIT 1  
[2016-11-07 21:53:20] /shop/index.php?act=goods&op=index&goods_id=100143 ( act=goods&op=index ) 
ERR: Db Error: Unknown column 'geval_image_again' in 'where clause'
SELECT COUNT(*) AS nc_count FROM `zmkj_evaluate_goods` WHERE ( geval_goodsid = '100143' ) AND ( (geval_image <> '') OR (geval_image_again <> '') ) LIMIT 1  
[2016-11-07 21:53:32] /shop/index.php?act=goods&op=index&goods_id=100144 ( act=goods&op=index ) 
ERR: Db Error: Unknown column 'geval_image_again' in 'where clause'
SELECT COUNT(*) AS nc_count FROM `zmkj_evaluate_goods` WHERE ( geval_goodsid = '100144' ) AND ( (geval_image <> '') OR (geval_image_again <> '') ) LIMIT 1  
[2016-11-07 21:53:59] /shop/index.php?act=goods&op=index&goods_id=100145 ( act=goods&op=index ) 
ERR: Db Error: Unknown column 'geval_image_again' in 'where clause'
SELECT COUNT(*) AS nc_count FROM `zmkj_evaluate_goods` WHERE ( geval_goodsid = '100145' ) AND ( (geval_image <> '') OR (geval_image_again <> '') ) LIMIT 1  
[2016-11-07 21:54:12] /shop/index.php?act=goods&op=index&goods_id=100146 ( act=goods&op=index ) 
ERR: Db Error: Unknown column 'geval_image_again' in 'where clause'
SELECT COUNT(*) AS nc_count FROM `zmkj_evaluate_goods` WHERE ( geval_goodsid = '100146' ) AND ( (geval_image <> '') OR (geval_image_again <> '') ) LIMIT 1  
[2016-11-07 21:54:17] /shop/index.php?act=goods&op=index&goods_id=100148 ( act=goods&op=index ) 
ERR: Db Error: Unknown column 'geval_image_again' in 'where clause'
SELECT COUNT(*) AS nc_count FROM `zmkj_evaluate_goods` WHERE ( geval_goodsid = '100148' ) AND ( (geval_image <> '') OR (geval_image_again <> '') ) LIMIT 1  
[2016-11-07 21:54:29] /shop/index.php?act=goods&op=index&goods_id=100150 ( act=goods&op=index ) 
ERR: Db Error: Unknown column 'geval_image_again' in 'where clause'
SELECT COUNT(*) AS nc_count FROM `zmkj_evaluate_goods` WHERE ( geval_goodsid = '100150' ) AND ( (geval_image <> '') OR (geval_image_again <> '') ) LIMIT 1  
[2016-11-07 21:54:43] /shop/index.php?act=goods&op=index&goods_id=100151 ( act=goods&op=index ) 
ERR: Db Error: Unknown column 'geval_image_again' in 'where clause'
SELECT COUNT(*) AS nc_count FROM `zmkj_evaluate_goods` WHERE ( geval_goodsid = '100151' ) AND ( (geval_image <> '') OR (geval_image_again <> '') ) LIMIT 1  
[2016-11-07 21:55:10] /shop/index.php?act=goods&op=index&goods_id=100152 ( act=goods&op=index ) 
ERR: Db Error: Unknown column 'geval_image_again' in 'where clause'
SELECT COUNT(*) AS nc_count FROM `zmkj_evaluate_goods` WHERE ( geval_goodsid = '100152' ) AND ( (geval_image <> '') OR (geval_image_again <> '') ) LIMIT 1  
[2016-11-07 21:55:22] /shop/index.php?act=goods&op=index&goods_id=100153 ( act=goods&op=index ) 
ERR: Db Error: Unknown column 'geval_image_again' in 'where clause'
SELECT COUNT(*) AS nc_count FROM `zmkj_evaluate_goods` WHERE ( geval_goodsid = '100153' ) AND ( (geval_image <> '') OR (geval_image_again <> '') ) LIMIT 1  
[2016-11-07 21:55:49] /shop/index.php?act=goods&op=index&goods_id=100154 ( act=goods&op=index ) 
ERR: Db Error: Unknown column 'geval_image_again' in 'where clause'
SELECT COUNT(*) AS nc_count FROM `zmkj_evaluate_goods` WHERE ( geval_goodsid = '100154' ) AND ( (geval_image <> '') OR (geval_image_again <> '') ) LIMIT 1  
[2016-11-07 21:56:11] /shop/index.php?act=goods&op=index&goods_id=100155 ( act=goods&op=index ) 
ERR: Db Error: Unknown column 'geval_image_again' in 'where clause'
SELECT COUNT(*) AS nc_count FROM `zmkj_evaluate_goods` WHERE ( geval_goodsid = '100155' ) AND ( (geval_image <> '') OR (geval_image_again <> '') ) LIMIT 1  
[2016-11-07 22:12:09] /shop/index.php?act=goods&op=index&goods_id=100124 ( act=goods&op=index ) 
ERR: Db Error: Unknown column 'geval_image_again' in 'where clause'
SELECT COUNT(*) AS nc_count FROM `zmkj_evaluate_goods` WHERE ( geval_goodsid = '100124' ) AND ( (geval_image <> '') OR (geval_image_again <> '') ) LIMIT 1  
[2016-11-07 22:12:09] /shop/index.php?act=goods&op=index&goods_id=100124 ( act=goods&op=index ) 
ERR: Db Error: Unknown column 'geval_image_again' in 'where clause'
SELECT COUNT(*) AS nc_count FROM `zmkj_evaluate_goods` WHERE ( geval_goodsid = '100124' ) AND ( (geval_image <> '') OR (geval_image_again <> '') ) LIMIT 1  
[2016-11-07 22:12:19] /shop/index.php?act=goods&op=index&goods_id=100107 ( act=goods&op=index ) 
ERR: Db Error: Unknown column 'geval_image_again' in 'where clause'
SELECT COUNT(*) AS nc_count FROM `zmkj_evaluate_goods` WHERE ( geval_goodsid = '100107' ) AND ( (geval_image <> '') OR (geval_image_again <> '') ) LIMIT 1  
[2016-11-07 22:12:19] /shop/index.php?act=goods&op=index&goods_id=100107 ( act=goods&op=index ) 
ERR: Db Error: Unknown column 'geval_image_again' in 'where clause'
SELECT COUNT(*) AS nc_count FROM `zmkj_evaluate_goods` WHERE ( geval_goodsid = '100107' ) AND ( (geval_image <> '') OR (geval_image_again <> '') ) LIMIT 1  
[2016-11-07 22:20:18] /shop/index.php?act=goods&op=index&goods_id=100025 ( act=goods&op=index ) 
ERR: Db Error: Unknown column 'geval_image_again' in 'where clause'
SELECT COUNT(*) AS nc_count FROM `zmkj_evaluate_goods` WHERE ( geval_goodsid = '100025' ) AND ( (geval_image <> '') OR (geval_image_again <> '') ) LIMIT 1  
[2016-11-07 23:26:27] /shop/index.php?act=goods&op=index&goods_id=100059 ( act=goods&op=index ) 
ERR: Db Error: Unknown column 'geval_image_again' in 'where clause'
SELECT COUNT(*) AS nc_count FROM `zmkj_evaluate_goods` WHERE ( geval_goodsid = '100059' ) AND ( (geval_image <> '') OR (geval_image_again <> '') ) LIMIT 1  
[2016-11-07 23:51:39] /shop/index.php?act=goods&op=index&goods_id=39 ( act=goods&op=index ) 
ERR: Db Error: Unknown column 'geval_image_again' in 'where clause'
SELECT COUNT(*) AS nc_count FROM `zmkj_evaluate_goods` WHERE ( geval_goodsid = '39' ) AND ( (geval_image <> '') OR (geval_image_again <> '') ) LIMIT 1  
[2016-11-07 23:53:57] /shop/index.php?act=goods&op=index&goods_id=46 ( act=goods&op=index ) 
ERR: Db Error: Unknown column 'geval_image_again' in 'where clause'
SELECT COUNT(*) AS nc_count FROM `zmkj_evaluate_goods` WHERE ( geval_goodsid = '46' ) AND ( (geval_image <> '') OR (geval_image_again <> '') ) LIMIT 1  
[2016-11-07 23:54:32] /shop/index.php?act=goods&op=index&goods_id=54 ( act=goods&op=index ) 
ERR: Db Error: Unknown column 'geval_image_again' in 'where clause'
SELECT COUNT(*) AS nc_count FROM `zmkj_evaluate_goods` WHERE ( geval_goodsid = '54' ) AND ( (geval_image <> '') OR (geval_image_again <> '') ) LIMIT 1  
[2016-11-07 23:55:03] /shop/index.php?act=goods&op=index&goods_id=49 ( act=goods&op=index ) 
ERR: Db Error: Unknown column 'geval_image_again' in 'where clause'
SELECT COUNT(*) AS nc_count FROM `zmkj_evaluate_goods` WHERE ( geval_goodsid = '49' ) AND ( (geval_image <> '') OR (geval_image_again <> '') ) LIMIT 1  
[2016-11-07 23:55:35] /shop/index.php?act=goods&op=index&goods_id=44 ( act=goods&op=index ) 
ERR: Db Error: Unknown column 'geval_image_again' in 'where clause'
SELECT COUNT(*) AS nc_count FROM `zmkj_evaluate_goods` WHERE ( geval_goodsid = '44' ) AND ( (geval_image <> '') OR (geval_image_again <> '') ) LIMIT 1  
[2016-11-07 23:56:07] /shop/index.php?act=goods&op=index&goods_id=42 ( act=goods&op=index ) 
ERR: Db Error: Unknown column 'geval_image_again' in 'where clause'
SELECT COUNT(*) AS nc_count FROM `zmkj_evaluate_goods` WHERE ( geval_goodsid = '42' ) AND ( (geval_image <> '') OR (geval_image_again <> '') ) LIMIT 1  
[2016-11-07 23:56:39] /shop/index.php?act=goods&op=index&goods_id=53 ( act=goods&op=index ) 
ERR: Db Error: Unknown column 'geval_image_again' in 'where clause'
SELECT COUNT(*) AS nc_count FROM `zmkj_evaluate_goods` WHERE ( geval_goodsid = '53' ) AND ( (geval_image <> '') OR (geval_image_again <> '') ) LIMIT 1  
[2016-11-07 23:57:13] /shop/index.php?act=goods&op=index&goods_id=51 ( act=goods&op=index ) 
ERR: Db Error: Unknown column 'geval_image_again' in 'where clause'
SELECT COUNT(*) AS nc_count FROM `zmkj_evaluate_goods` WHERE ( geval_goodsid = '51' ) AND ( (geval_image <> '') OR (geval_image_again <> '') ) LIMIT 1  
[2016-11-07 23:57:52] /shop/index.php?act=goods&op=index&goods_id=47 ( act=goods&op=index ) 
ERR: Db Error: Unknown column 'geval_image_again' in 'where clause'
SELECT COUNT(*) AS nc_count FROM `zmkj_evaluate_goods` WHERE ( geval_goodsid = '47' ) AND ( (geval_image <> '') OR (geval_image_again <> '') ) LIMIT 1  
[2016-11-07 23:58:57] /shop/index.php?act=goods&op=index&goods_id=43 ( act=goods&op=index ) 
ERR: Db Error: Unknown column 'geval_image_again' in 'where clause'
SELECT COUNT(*) AS nc_count FROM `zmkj_evaluate_goods` WHERE ( geval_goodsid = '43' ) AND ( (geval_image <> '') OR (geval_image_again <> '') ) LIMIT 1  
[2016-11-07 23:59:08] /shop/index.php?act=goods&op=index&goods_id=48 ( act=goods&op=index ) 
ERR: Db Error: Unknown column 'geval_image_again' in 'where clause'
SELECT COUNT(*) AS nc_count FROM `zmkj_evaluate_goods` WHERE ( geval_goodsid = '48' ) AND ( (geval_image <> '') OR (geval_image_again <> '') ) LIMIT 1  
[2016-11-07 23:59:20] /shop/index.php?act=goods&op=index&goods_id=52 ( act=goods&op=index ) 
ERR: Db Error: Unknown column 'geval_image_again' in 'where clause'
SELECT COUNT(*) AS nc_count FROM `zmkj_evaluate_goods` WHERE ( geval_goodsid = '52' ) AND ( (geval_image <> '') OR (geval_image_again <> '') ) LIMIT 1  
[2016-11-07 23:59:33] /shop/index.php?act=goods&op=index&goods_id=50 ( act=goods&op=index ) 
ERR: Db Error: Unknown column 'geval_image_again' in 'where clause'
SELECT COUNT(*) AS nc_count FROM `zmkj_evaluate_goods` WHERE ( geval_goodsid = '50' ) AND ( (geval_image <> '') OR (geval_image_again <> '') ) LIMIT 1  
[2016-11-07 23:59:47] /shop/index.php?act=goods&op=index&goods_id=41 ( act=goods&op=index ) 
ERR: Db Error: Unknown column 'geval_image_again' in 'where clause'
SELECT COUNT(*) AS nc_count FROM `zmkj_evaluate_goods` WHERE ( geval_goodsid = '41' ) AND ( (geval_image <> '') OR (geval_image_again <> '') ) LIMIT 1  
