[2016-05-02 09:19:12] /mobile/index.php?act=goods&op=goods_list&gc_id=265&page=10&curpage=1&gc_id=265 ( act=goods&op=goods_list ) 
ERR: Db Error: Unknown column 'goods_id' in 'order clause'
SELECT COUNT(*) AS nc_count FROM `zmkj_goods_common` WHERE ( store_id = '1' ) AND ( goods_state = '1' ) AND ( goods_verify = '1' ) GROUP BY nc_distinct ORDER BY is_own_shop desc,goods_id desc LIMIT 1  
[2016-05-02 14:17:05] /mobile/index.php?act=goods&op=goods_list&gc_id=265&page=10&curpage=1&gc_id=265 ( act=goods&op=goods_list ) 
ERR: Db Error: Unknown column 'goods_id' in 'order clause'
SELECT COUNT(*) AS nc_count FROM `zmkj_goods_common` WHERE ( store_id = '1' ) AND ( goods_state = '1' ) AND ( goods_verify = '1' ) GROUP BY nc_distinct ORDER BY is_own_shop desc,goods_id desc LIMIT 1  
[2016-05-02 14:18:53] /mobile/index.php?act=goods&op=goods_list&gc_id=265&page=10&curpage=1&gc_id=265 ( act=goods&op=goods_list ) 
ERR: Db Error: Unknown column 'goods_id' in 'order clause'
SELECT COUNT(*) AS nc_count FROM `zmkj_goods_common` WHERE ( store_id = '1' ) AND ( goods_state = '1' ) AND ( goods_verify = '1' ) GROUP BY nc_distinct ORDER BY is_own_shop desc,goods_id desc LIMIT 1  
[2016-05-02 14:19:20] /mobile/index.php?act=goods&op=goods_list&gc_id=265&page=10&curpage=1&gc_id=265 ( act=goods&op=goods_list ) 
ERR: Db Error: Unknown column 'goods_id' in 'order clause'
SELECT COUNT(*) AS nc_count FROM `zmkj_goods_common` WHERE ( store_id = '1' ) AND ( goods_state = '1' ) AND ( goods_verify = '1' ) GROUP BY nc_distinct ORDER BY is_own_shop desc,goods_id desc LIMIT 1  
[2016-05-02 14:22:16] /mobile/index.php?act=goods&op=goods_list&gc_id=265&page=10&curpage=1&gc_id=265 ( act=goods&op=goods_list ) 
ERR: Db Error: Unknown column 'goods_id' in 'order clause'
SELECT COUNT(*) AS nc_count FROM `zmkj_goods_common` WHERE ( store_id = '1' ) AND ( goods_state = '1' ) AND ( goods_verify = '1' ) GROUP BY nc_distinct ORDER BY is_own_shop desc,goods_id desc LIMIT 1  
[2016-05-02 14:22:26] /mobile/index.php?act=goods&op=goods_list&gc_id=265&page=10&curpage=1&gc_id=265 ( act=goods&op=goods_list ) 
ERR: Db Error: Unknown column 'goods_id' in 'order clause'
SELECT COUNT(*) AS nc_count FROM `zmkj_goods_common` WHERE ( store_id = '1' ) AND ( goods_state = '1' ) AND ( goods_verify = '1' ) GROUP BY nc_distinct ORDER BY is_own_shop desc,goods_id desc LIMIT 1  
[2016-05-02 14:36:41] /mobile/index.php?act=goods&op=goods_list&gc_id=265&page=10&curpage=1&gc_id=265 ( act=goods&op=goods_list ) 
ERR: Db Error: Unknown column 'goods_id' in 'order clause'
SELECT COUNT(*) AS nc_count FROM `zmkj_goods_common` WHERE ( store_id = '1' ) AND ( goods_state = '1' ) AND ( goods_verify = '1' ) GROUP BY nc_distinct ORDER BY is_own_shop desc,goods_id desc LIMIT 1  
[2016-05-02 14:53:55] /mobile/index.php?act=goods&op=goods_list&gc_id=265&page=10&curpage=1&gc_id=265 ( act=goods&op=goods_list ) 
ERR: Db Error: Unknown column 'goods_id' in 'order clause'
SELECT COUNT(*) AS nc_count FROM `zmkj_goods_common` WHERE ( store_id = '1' ) AND ( goods_state = '1' ) AND ( goods_verify = '1' ) GROUP BY nc_distinct ORDER BY is_own_shop desc,goods_id desc LIMIT 1  
[2016-05-02 14:58:46] /mobile/index.php?act=goods&op=goods_list&gc_id=265&page=10&curpage=1&gc_id=265&key=1&order=2 ( act=goods&op=goods_list ) 
ERR: Db Error: Unknown column 'goods_salenum' in 'order clause'
SELECT COUNT(*) AS nc_count FROM `zmkj_goods_common` WHERE ( store_id = '1' ) AND ( goods_state = '1' ) AND ( goods_verify = '1' ) GROUP BY nc_distinct ORDER BY goods_salenum desc LIMIT 1  
[2016-05-02 15:02:02] /mobile/index.php?act=goods&op=goods_list&gc_id=265&page=10&curpage=1&gc_id=265 ( act=goods&op=goods_list ) 
ERR: Db Error: Unknown column 'goods_id' in 'order clause'
SELECT COUNT(*) AS nc_count FROM `zmkj_goods_common` WHERE ( store_id = '1' ) AND ( goods_state = '1' ) AND ( goods_verify = '1' ) GROUP BY nc_distinct ORDER BY is_own_shop desc,goods_id desc LIMIT 1  
[2016-05-02 15:09:10] /mobile/index.php?act=goods&op=goods_list&gc_id=265&page=10&curpage=1&gc_id=265 ( act=goods&op=goods_list ) 
ERR: Db Error: Unknown column 'goods_id' in 'order clause'
SELECT COUNT(*) AS nc_count FROM `zmkj_goods_common` WHERE ( store_id = '1' ) AND ( goods_state = '1' ) AND ( goods_verify = '1' ) GROUP BY nc_distinct ORDER BY is_own_shop desc,goods_id desc LIMIT 1  
[2016-05-02 15:09:15] /mobile/index.php?act=goods&op=goods_list&gc_id=265&page=10&curpage=1&gc_id=265&key=1&order=2 ( act=goods&op=goods_list ) 
ERR: Db Error: Unknown column 'goods_salenum' in 'order clause'
SELECT COUNT(*) AS nc_count FROM `zmkj_goods_common` WHERE ( store_id = '1' ) AND ( goods_state = '1' ) AND ( goods_verify = '1' ) GROUP BY nc_distinct ORDER BY goods_salenum desc LIMIT 1  
[2016-05-02 15:10:21] /mobile/index.php?act=goods&op=goods_list&gc_id=269&page=10&curpage=1&gc_id=269 ( act=goods&op=goods_list ) 
ERR: Db Error: Unknown column 'goods_id' in 'order clause'
SELECT COUNT(*) AS nc_count FROM `zmkj_goods_common` WHERE ( store_id = '1' ) AND ( goods_state = '1' ) AND ( goods_verify = '1' ) GROUP BY nc_distinct ORDER BY is_own_shop desc,goods_id desc LIMIT 1  
[2016-05-02 15:10:24] /mobile/index.php?act=goods&op=goods_list&gc_id=269&page=10&curpage=1&gc_id=269&key=1&order=2 ( act=goods&op=goods_list ) 
ERR: Db Error: Unknown column 'goods_salenum' in 'order clause'
SELECT COUNT(*) AS nc_count FROM `zmkj_goods_common` WHERE ( store_id = '1' ) AND ( goods_state = '1' ) AND ( goods_verify = '1' ) GROUP BY nc_distinct ORDER BY goods_salenum desc LIMIT 1  
[2016-05-02 17:26:17] /mobile/index.php?act=goods&op=goods_list&gc_id=265&page=10&curpage=1&gc_id=265 ( act=goods&op=goods_list ) 
ERR: Db Error: Unknown column 'goods_id' in 'order clause'
SELECT COUNT(*) AS nc_count FROM `zmkj_goods_common` WHERE ( store_id = '1' ) AND ( goods_state = '1' ) AND ( goods_verify = '1' ) GROUP BY nc_distinct ORDER BY is_own_shop desc,goods_id desc LIMIT 1  
