[2016-11-22 00:10:24] /shop/index.php?act=goods&op=index&goods_id=100029 ( act=goods&op=index ) 
ERR: Db Error: Unknown column 'geval_image_again' in 'where clause'
SELECT COUNT(*) AS nc_count FROM `zmkj_evaluate_goods` WHERE ( geval_goodsid = '100029' ) AND ( (geval_image <> '') OR (geval_image_again <> '') ) LIMIT 1  
[2016-11-22 00:35:40] /shop/index.php?act=goods&op=index&goods_id=100049 ( act=goods&op=index ) 
ERR: Db Error: Unknown column 'geval_image_again' in 'where clause'
SELECT COUNT(*) AS nc_count FROM `zmkj_evaluate_goods` WHERE ( geval_goodsid = '100049' ) AND ( (geval_image <> '') OR (geval_image_again <> '') ) LIMIT 1  
[2016-11-22 00:39:58] /shop/index.php?act=goods&goods_id=100220&op=index ( act=goods&op=index ) 
ERR: Db Error: Unknown column 'geval_image_again' in 'where clause'
SELECT COUNT(*) AS nc_count FROM `zmkj_evaluate_goods` WHERE ( geval_goodsid = '100220' ) AND ( (geval_image <> '') OR (geval_image_again <> '') ) LIMIT 1  
[2016-11-22 02:26:58] /shop/index.php?act=goods&goods_id=100295&op=comments_list ( act=goods&op=comments_list ) 
ERR: Db Error: Unknown column 'geval_image_again' in 'where clause'
SELECT COUNT(*) AS nc_count FROM `zmkj_evaluate_goods` WHERE ( geval_goodsid = '100295' ) AND ( (geval_image <> '') OR (geval_image_again <> '') ) LIMIT 1  
[2016-11-22 02:37:50] /shop/index.php?act=goods&op=index&goods_id=100012 ( act=goods&op=index ) 
ERR: Db Error: Unknown column 'geval_image_again' in 'where clause'
SELECT COUNT(*) AS nc_count FROM `zmkj_evaluate_goods` WHERE ( geval_goodsid = '100012' ) AND ( (geval_image <> '') OR (geval_image_again <> '') ) LIMIT 1  
[2016-11-22 03:19:33] /shop/index.php?act=pointshop&op=index ( act=pointshop&op=index ) 
ERR: Db Error: Unknown column 'voucher_t_gettype' in 'where clause'
SELECT * FROM `zmkj_voucher_template` WHERE ( voucher_t_state = '1' ) AND ( voucher_t_gettype = '1' ) AND ( voucher_t_end_date > '1479755973' ) ORDER BY voucher_t_recommend desc,voucher_t_id desc LIMIT 1000  
[2016-11-22 03:33:13] /shop/index.php?act=goods&op=index&goods_id=100049 ( act=goods&op=index ) 
ERR: Db Error: Unknown column 'geval_image_again' in 'where clause'
SELECT COUNT(*) AS nc_count FROM `zmkj_evaluate_goods` WHERE ( geval_goodsid = '100049' ) AND ( (geval_image <> '') OR (geval_image_again <> '') ) LIMIT 1  
[2016-11-22 04:25:02] /shop/index.php?act=goods&goods_id=100308&op=index ( act=goods&op=index ) 
ERR: Db Error: Unknown column 'geval_image_again' in 'where clause'
SELECT COUNT(*) AS nc_count FROM `zmkj_evaluate_goods` WHERE ( geval_goodsid = '100308' ) AND ( (geval_image <> '') OR (geval_image_again <> '') ) LIMIT 1  
[2016-11-22 04:44:41] /shop/index.php?act=goods&op=index&goods_id=100177 ( act=goods&op=index ) 
ERR: Db Error: Unknown column 'geval_image_again' in 'where clause'
SELECT COUNT(*) AS nc_count FROM `zmkj_evaluate_goods` WHERE ( geval_goodsid = '100177' ) AND ( (geval_image <> '') OR (geval_image_again <> '') ) LIMIT 1  
[2016-11-22 05:00:00] /shop/index.php?act=goods&op=index&goods_id=100012 ( act=goods&op=index ) 
ERR: Db Error: Unknown column 'geval_image_again' in 'where clause'
SELECT COUNT(*) AS nc_count FROM `zmkj_evaluate_goods` WHERE ( geval_goodsid = '100012' ) AND ( (geval_image <> '') OR (geval_image_again <> '') ) LIMIT 1  
[2016-11-22 05:00:01] /shop/index.php?act=goods&goods_id=100257&op=comments_list ( act=goods&op=comments_list ) 
ERR: Db Error: Unknown column 'geval_image_again' in 'where clause'
SELECT COUNT(*) AS nc_count FROM `zmkj_evaluate_goods` WHERE ( geval_goodsid = '100257' ) AND ( (geval_image <> '') OR (geval_image_again <> '') ) LIMIT 1  
[2016-11-22 05:10:21] /shop/index.php?act=goods&op=index&goods_id=100025 ( act=goods&op=index ) 
ERR: Db Error: Unknown column 'geval_image_again' in 'where clause'
SELECT COUNT(*) AS nc_count FROM `zmkj_evaluate_goods` WHERE ( geval_goodsid = '100025' ) AND ( (geval_image <> '') OR (geval_image_again <> '') ) LIMIT 1  
[2016-11-22 05:19:42] /shop/index.php?act=goods&goods_id=100285&op=index ( act=goods&op=index ) 
ERR: Db Error: Unknown column 'geval_image_again' in 'where clause'
SELECT COUNT(*) AS nc_count FROM `zmkj_evaluate_goods` WHERE ( geval_goodsid = '100285' ) AND ( (geval_image <> '') OR (geval_image_again <> '') ) LIMIT 1  
[2016-11-22 05:30:26] /shop/index.php?act=goods&goods_id=100266&op=index ( act=goods&op=index ) 
ERR: Db Error: Unknown column 'geval_image_again' in 'where clause'
SELECT COUNT(*) AS nc_count FROM `zmkj_evaluate_goods` WHERE ( geval_goodsid = '100266' ) AND ( (geval_image <> '') OR (geval_image_again <> '') ) LIMIT 1  
[2016-11-22 05:30:41] /shop/index.php?act=goods&op=index&goods_id=100031 ( act=goods&op=index ) 
ERR: Db Error: Unknown column 'geval_image_again' in 'where clause'
SELECT COUNT(*) AS nc_count FROM `zmkj_evaluate_goods` WHERE ( geval_goodsid = '100031' ) AND ( (geval_image <> '') OR (geval_image_again <> '') ) LIMIT 1  
[2016-11-22 06:13:42] /shop/index.php?act=goods&goods_id=100181&op=index ( act=goods&op=index ) 
ERR: Db Error: Unknown column 'geval_image_again' in 'where clause'
SELECT COUNT(*) AS nc_count FROM `zmkj_evaluate_goods` WHERE ( geval_goodsid = '100181' ) AND ( (geval_image <> '') OR (geval_image_again <> '') ) LIMIT 1  
[2016-11-22 06:28:42] /shop/index.php?act=goods&goods_id=100189&op=index ( act=goods&op=index ) 
ERR: Db Error: Unknown column 'geval_image_again' in 'where clause'
SELECT COUNT(*) AS nc_count FROM `zmkj_evaluate_goods` WHERE ( geval_goodsid = '100189' ) AND ( (geval_image <> '') OR (geval_image_again <> '') ) LIMIT 1  
[2016-11-22 07:01:23] /shop/index.php?act=goods&goods_id=100207&op=index ( act=goods&op=index ) 
ERR: Db Error: Unknown column 'geval_image_again' in 'where clause'
SELECT COUNT(*) AS nc_count FROM `zmkj_evaluate_goods` WHERE ( geval_goodsid = '100207' ) AND ( (geval_image <> '') OR (geval_image_again <> '') ) LIMIT 1  
[2016-11-22 07:12:42] /shop/index.php?act=goods&goods_id=100281&op=index ( act=goods&op=index ) 
ERR: Db Error: Unknown column 'geval_image_again' in 'where clause'
SELECT COUNT(*) AS nc_count FROM `zmkj_evaluate_goods` WHERE ( geval_goodsid = '100281' ) AND ( (geval_image <> '') OR (geval_image_again <> '') ) LIMIT 1  
[2016-11-22 07:13:00] /shop/index.php?act=goods&op=index&goods_id=100025 ( act=goods&op=index ) 
ERR: Db Error: Unknown column 'geval_image_again' in 'where clause'
SELECT COUNT(*) AS nc_count FROM `zmkj_evaluate_goods` WHERE ( geval_goodsid = '100025' ) AND ( (geval_image <> '') OR (geval_image_again <> '') ) LIMIT 1  
[2016-11-22 07:38:55] /shop/index.php?act=goods&op=index&goods_id=100042 ( act=goods&op=index ) 
ERR: Db Error: Unknown column 'geval_image_again' in 'where clause'
SELECT COUNT(*) AS nc_count FROM `zmkj_evaluate_goods` WHERE ( geval_goodsid = '100042' ) AND ( (geval_image <> '') OR (geval_image_again <> '') ) LIMIT 1  
[2016-11-22 07:58:40] /shop/index.php?act=goods&op=index&goods_id=100047 ( act=goods&op=index ) 
ERR: Db Error: Unknown column 'geval_image_again' in 'where clause'
SELECT COUNT(*) AS nc_count FROM `zmkj_evaluate_goods` WHERE ( geval_goodsid = '100047' ) AND ( (geval_image <> '') OR (geval_image_again <> '') ) LIMIT 1  
[2016-11-22 08:08:43] /shop/index.php?act=goods&goods_id=100244&op=index ( act=goods&op=index ) 
ERR: Db Error: Unknown column 'geval_image_again' in 'where clause'
SELECT COUNT(*) AS nc_count FROM `zmkj_evaluate_goods` WHERE ( geval_goodsid = '100244' ) AND ( (geval_image <> '') OR (geval_image_again <> '') ) LIMIT 1  
[2016-11-22 08:09:03] /shop/index.php?act=goods&op=index&goods_id=100014 ( act=goods&op=index ) 
ERR: Db Error: Unknown column 'geval_image_again' in 'where clause'
SELECT COUNT(*) AS nc_count FROM `zmkj_evaluate_goods` WHERE ( geval_goodsid = '100014' ) AND ( (geval_image <> '') OR (geval_image_again <> '') ) LIMIT 1  
[2016-11-22 08:47:44] /shop/index.php?act=goods&op=index&goods_id=100011 ( act=goods&op=index ) 
ERR: Db Error: Unknown column 'geval_image_again' in 'where clause'
SELECT COUNT(*) AS nc_count FROM `zmkj_evaluate_goods` WHERE ( geval_goodsid = '100011' ) AND ( (geval_image <> '') OR (geval_image_again <> '') ) LIMIT 1  
[2016-11-22 08:49:46] /shop/index.php?act=pointshop&op=index ( act=pointshop&op=index ) 
ERR: Db Error: Unknown column 'voucher_t_gettype' in 'where clause'
SELECT * FROM `zmkj_voucher_template` WHERE ( voucher_t_state = '1' ) AND ( voucher_t_gettype = '1' ) AND ( voucher_t_end_date > '1479775786' ) ORDER BY voucher_t_recommend desc,voucher_t_id desc LIMIT 1000  
[2016-11-22 08:50:00] /shop/index.php?act=goods&goods_id=100313 ( act=goods&op=index ) 
ERR: Db Error: Unknown column 'geval_image_again' in 'where clause'
SELECT COUNT(*) AS nc_count FROM `zmkj_evaluate_goods` WHERE ( geval_goodsid = '100313' ) AND ( (geval_image <> '') OR (geval_image_again <> '') ) LIMIT 1  
[2016-11-22 09:14:58] /shop/index.php?act=goods&op=index&goods_id=100422 ( act=goods&op=index ) 
ERR: Db Error: Unknown column 'geval_image_again' in 'where clause'
SELECT COUNT(*) AS nc_count FROM `zmkj_evaluate_goods` WHERE ( geval_goodsid = '100422' ) AND ( (geval_image <> '') OR (geval_image_again <> '') ) LIMIT 1  
[2016-11-22 09:27:16] /shop/index.php?act=pointshop&op=index ( act=pointshop&op=index ) 
ERR: Db Error: Unknown column 'voucher_t_gettype' in 'where clause'
SELECT * FROM `zmkj_voucher_template` WHERE ( voucher_t_state = '1' ) AND ( voucher_t_gettype = '1' ) AND ( voucher_t_end_date > '1479778036' ) ORDER BY voucher_t_recommend desc,voucher_t_id desc LIMIT 1000  
[2016-11-22 09:27:32] /shop/index.php?act=pointshop&op=index ( act=pointshop&op=index ) 
ERR: Db Error: Unknown column 'voucher_t_gettype' in 'where clause'
SELECT * FROM `zmkj_voucher_template` WHERE ( voucher_t_state = '1' ) AND ( voucher_t_gettype = '1' ) AND ( voucher_t_end_date > '1479778052' ) ORDER BY voucher_t_recommend desc,voucher_t_id desc LIMIT 1000  
[2016-11-22 09:41:14] /shop/index.php ( act=mobile&op=goods_evaluate ) 
ERR: Db Error: Unknown column 'geval_image_again' in 'where clause'
SELECT * FROM `zmkj_evaluate_goods` WHERE ( geval_goodsid = '100229' ) AND ( (geval_image <> '') OR (geval_image_again <> '') ) ORDER BY geval_id desc LIMIT 1000  
[2016-11-22 09:41:15] /shop/index.php ( act=mobile&op=goods_evaluate ) 
ERR: Db Error: Unknown column 'geval_image_again' in 'where clause'
SELECT * FROM `zmkj_evaluate_goods` WHERE ( geval_goodsid = '100229' ) AND ( (geval_image <> '') OR (geval_image_again <> '') ) ORDER BY geval_id desc LIMIT 1000  
[2016-11-22 09:41:59] /shop/index.php ( act=mobile&op=addbrowse ) 
ERR: Db Error: Duplicate entry '100154-214' for key 'PRIMARY'
INSERT  INTO `zmkj_goods_browse` (goods_id,member_id,browsetime,gc_id,gc_id_1,gc_id_2,gc_id_3) VALUES ('100154','214','1479778919','1126','1124','1125','1126')
[2016-11-22 09:42:09] /shop/index.php ( act=mobile&op=addbrowse ) 
ERR: Db Error: Duplicate entry '100154-214' for key 'PRIMARY'
INSERT  INTO `zmkj_goods_browse` (goods_id,member_id,browsetime,gc_id,gc_id_1,gc_id_2,gc_id_3) VALUES ('100154','214','1479778929','1126','1124','1125','1126')
[2016-11-22 09:42:11] /shop/index.php ( act=mobile&op=addbrowse ) 
ERR: Db Error: Duplicate entry '100154-214' for key 'PRIMARY'
INSERT  INTO `zmkj_goods_browse` (goods_id,member_id,browsetime,gc_id,gc_id_1,gc_id_2,gc_id_3) VALUES ('100154','214','1479778931','1126','1124','1125','1126')
[2016-11-22 09:42:14] /shop/index.php ( act=mobile&op=addbrowse ) 
ERR: Db Error: Duplicate entry '100154-214' for key 'PRIMARY'
INSERT  INTO `zmkj_goods_browse` (goods_id,member_id,browsetime,gc_id,gc_id_1,gc_id_2,gc_id_3) VALUES ('100154','214','1479778934','1126','1124','1125','1126')
[2016-11-22 09:42:16] /shop/index.php ( act=mobile&op=addbrowse ) 
ERR: Db Error: Duplicate entry '100154-214' for key 'PRIMARY'
INSERT  INTO `zmkj_goods_browse` (goods_id,member_id,browsetime,gc_id,gc_id_1,gc_id_2,gc_id_3) VALUES ('100154','214','1479778936','1126','1124','1125','1126')
[2016-11-22 09:45:01] /circle/index.php ( act=circle&op=membcircle ) 
ERR: Db Error: Unknown column 'el_itemid' in 'where clause'
SELECT * FROM `zmkj_circle_theme` WHERE ( el_itemid LIKE '%3%' ) AND ( member_id = '214' ) LIMIT 1000  
[2016-11-22 09:52:33] /mobile/index.php?act=index&op=shebeiinfo&goods_id=100054 ( act=index&op=shebeiinfo ) 
ERR: Db Error: Table 'bangongshi.zmkj_table' doesn't exist
SELECT * FROM `zmkj_table` WHERE ( store_id = '1' ) LIMIT 1  
[2016-11-22 09:52:49] /mobile/index.php?act=index&op=shebeiinfo&goods_id=100038 ( act=index&op=shebeiinfo ) 
ERR: Db Error: Table 'bangongshi.zmkj_table' doesn't exist
SELECT * FROM `zmkj_table` WHERE ( store_id = '1' ) LIMIT 1  
[2016-11-22 10:15:34] /shop/index.php ( act=mobile&op=addbrowse ) 
ERR: Db Error: Duplicate entry '100126-214' for key 'PRIMARY'
INSERT  INTO `zmkj_goods_browse` (goods_id,member_id,browsetime,gc_id,gc_id_1,gc_id_2,gc_id_3) VALUES ('100126','214','1479780934','1126','1124','1125','1126')
[2016-11-22 10:15:45] /shop/index.php?act=goods&goods_id=100169&op=index ( act=goods&op=index ) 
ERR: Db Error: Unknown column 'geval_image_again' in 'where clause'
SELECT COUNT(*) AS nc_count FROM `zmkj_evaluate_goods` WHERE ( geval_goodsid = '100169' ) AND ( (geval_image <> '') OR (geval_image_again <> '') ) LIMIT 1  
[2016-11-22 10:15:51] /shop/index.php ( act=mobile&op=addbrowse ) 
ERR: Db Error: Duplicate entry '100154-214' for key 'PRIMARY'
INSERT  INTO `zmkj_goods_browse` (goods_id,member_id,browsetime,gc_id,gc_id_1,gc_id_2,gc_id_3) VALUES ('100154','214','1479780951','1126','1124','1125','1126')
[2016-11-22 10:20:48] /shop/index.php ( act=mobile&op=addbrowse ) 
ERR: Db Error: Duplicate entry '100154-214' for key 'PRIMARY'
INSERT  INTO `zmkj_goods_browse` (goods_id,member_id,browsetime,gc_id,gc_id_1,gc_id_2,gc_id_3) VALUES ('100154','214','1479781248','1126','1124','1125','1126')
[2016-11-22 10:20:52] /shop/index.php ( act=mobile&op=addbrowse ) 
ERR: Db Error: Duplicate entry '100154-4' for key 'PRIMARY'
INSERT  INTO `zmkj_goods_browse` (goods_id,member_id,browsetime,gc_id,gc_id_1,gc_id_2,gc_id_3) VALUES ('100154','4','1479781252','1126','1124','1125','1126')
[2016-11-22 10:20:55] /shop/index.php ( act=mobile&op=addbrowse ) 
ERR: Db Error: Duplicate entry '100154-4' for key 'PRIMARY'
INSERT  INTO `zmkj_goods_browse` (goods_id,member_id,browsetime,gc_id,gc_id_1,gc_id_2,gc_id_3) VALUES ('100154','4','1479781255','1126','1124','1125','1126')
[2016-11-22 10:21:19] /mobile/api/alipay/notify_url.php ( act=index&op=index ) 
ERR: Db Error: You have an error in your SQL syntax; check the manual that corresponds to your MySQL server version for the right syntax to use near ')' at line 1
update zmkj_goods set `goods_salenum`=`goods_salenum`+1 where goods_id in ()
[2016-11-22 10:31:14] /shop/index.php?act=goods&op=index&goods_id=100049 ( act=goods&op=index ) 
ERR: Db Error: Unknown column 'geval_image_again' in 'where clause'
SELECT COUNT(*) AS nc_count FROM `zmkj_evaluate_goods` WHERE ( geval_goodsid = '100049' ) AND ( (geval_image <> '') OR (geval_image_again <> '') ) LIMIT 1  
[2016-11-22 10:32:32] /mobile/api/alipay/notify_url.php ( act=index&op=index ) 
ERR: Db Error: You have an error in your SQL syntax; check the manual that corresponds to your MySQL server version for the right syntax to use near ')' at line 1
update zmkj_goods set `goods_salenum`=`goods_salenum`+1 where goods_id in ()
[2016-11-22 10:40:09] /shop/index.php?act=goods&op=index&goods_id=100153 ( act=goods&op=index ) 
ERR: Db Error: Unknown column 'geval_image_again' in 'where clause'
SELECT COUNT(*) AS nc_count FROM `zmkj_evaluate_goods` WHERE ( geval_goodsid = '100153' ) AND ( (geval_image <> '') OR (geval_image_again <> '') ) LIMIT 1  
[2016-11-22 10:41:03] /mobile/api/alipay/notify_url.php ( act=index&op=index ) 
ERR: Db Error: You have an error in your SQL syntax; check the manual that corresponds to your MySQL server version for the right syntax to use near ')' at line 1
update zmkj_goods set `goods_salenum`=`goods_salenum`+1 where goods_id in ()
[2016-11-22 10:42:04] /shop/index.php?act=goods&goods_id=100292&op=index ( act=goods&op=index ) 
ERR: Db Error: Unknown column 'geval_image_again' in 'where clause'
SELECT COUNT(*) AS nc_count FROM `zmkj_evaluate_goods` WHERE ( geval_goodsid = '100292' ) AND ( (geval_image <> '') OR (geval_image_again <> '') ) LIMIT 1  
[2016-11-22 10:45:27] /mobile/index.php?act=index&op=shebeiinfo&goods_id=100017 ( act=index&op=shebeiinfo ) 
ERR: Db Error: Table 'bangongshi.zmkj_table' doesn't exist
SELECT * FROM `zmkj_table` WHERE ( store_id = '1' ) LIMIT 1  
[2016-11-22 10:49:01] /mobile/index.php?act=index&op=shebeiinfo&goods_id=100017 ( act=index&op=shebeiinfo ) 
ERR: Db Error: Table 'bangongshi.zmkj_table' doesn't exist
SELECT * FROM `zmkj_table` WHERE ( store_id = '1' ) LIMIT 1  
[2016-11-22 10:49:03] /mobile/index.php?act=index&op=shebeiinfo&goods_id=100075 ( act=index&op=shebeiinfo ) 
ERR: Db Error: Table 'bangongshi.zmkj_table' doesn't exist
SELECT * FROM `zmkj_table` WHERE ( store_id = '1' ) LIMIT 1  
[2016-11-22 10:49:05] /mobile/index.php?act=index&op=shebeiinfo&goods_id=100067 ( act=index&op=shebeiinfo ) 
ERR: Db Error: Table 'bangongshi.zmkj_table' doesn't exist
SELECT * FROM `zmkj_table` WHERE ( store_id = '1' ) LIMIT 1  
[2016-11-22 10:49:25] /mobile/index.php?act=index&op=shebeiinfo&goods_id=100075 ( act=index&op=shebeiinfo ) 
ERR: Db Error: Table 'bangongshi.zmkj_table' doesn't exist
SELECT * FROM `zmkj_table` WHERE ( store_id = '1' ) LIMIT 1  
[2016-11-22 10:51:08] /mobile/api/alipay/notify_url.php ( act=index&op=index ) 
ERR: Db Error: You have an error in your SQL syntax; check the manual that corresponds to your MySQL server version for the right syntax to use near ')' at line 1
update zmkj_goods set `goods_salenum`=`goods_salenum`+1 where goods_id in ()
[2016-11-22 10:51:31] /shop/index.php?act=goods&op=index&goods_id=100337 ( act=goods&op=index ) 
ERR: Db Error: Unknown column 'geval_image_again' in 'where clause'
SELECT COUNT(*) AS nc_count FROM `zmkj_evaluate_goods` WHERE ( geval_goodsid = '100337' ) AND ( (geval_image <> '') OR (geval_image_again <> '') ) LIMIT 1  
[2016-11-22 10:51:38] /mobile/api/alipay/notify_url.php ( act=index&op=index ) 
ERR: Db Error: You have an error in your SQL syntax; check the manual that corresponds to your MySQL server version for the right syntax to use near ')' at line 1
update zmkj_goods set `goods_salenum`=`goods_salenum`+1 where goods_id in ()
[2016-11-22 10:57:24] /shop/index.php?act=goods&op=index&goods_id=100339 ( act=goods&op=index ) 
ERR: Db Error: Unknown column 'geval_image_again' in 'where clause'
SELECT COUNT(*) AS nc_count FROM `zmkj_evaluate_goods` WHERE ( geval_goodsid = '100339' ) AND ( (geval_image <> '') OR (geval_image_again <> '') ) LIMIT 1  
[2016-11-22 11:00:45] /shop/index.php?act=goods&op=index&goods_id=100421 ( act=goods&op=index ) 
ERR: Db Error: Unknown column 'geval_image_again' in 'where clause'
SELECT COUNT(*) AS nc_count FROM `zmkj_evaluate_goods` WHERE ( geval_goodsid = '100421' ) AND ( (geval_image <> '') OR (geval_image_again <> '') ) LIMIT 1  
[2016-11-22 11:10:16] /mobile/index.php?act=goods&op=goods_list&keyword=%E6%8A%95%E5%BD%B1%E4%BB%AA&page=10&curpage=1&keyword=%E6%8A%95%E5%BD%B1%E4%BB%AA ( act=goods&op=goods_list ) 
ERR: Db Error: Unknown column 'goods_id' in 'order clause'
SELECT COUNT(*) AS nc_count FROM `zmkj_goods_common` WHERE ( store_id = '16' ) AND ( goods_state = '1' ) AND ( goods_verify = '1' ) GROUP BY nc_distinct ORDER BY is_own_shop desc,goods_id desc LIMIT 1  
[2016-11-22 11:10:20] /mobile/index.php?act=goods&op=goods_detail&goods_id=100421&key=433091f75b83210b6f24c7c94b3a7282 ( act=goods&op=goods_detail ) 
ERR: Db Error: Unknown column 'voucher_t_gettype' in 'where clause'
SELECT * FROM `zmkj_voucher_template` WHERE ( voucher_t_gettype = '3' ) AND ( voucher_t_state = '1' ) AND ( voucher_t_end_date > '1479784220' ) AND ( voucher_t_store_id IN ('26') ) LIMIT 1000  
[2016-11-22 11:10:20] /mobile/index.php?act=goods&op=goods_detail&goods_id=100421&key=433091f75b83210b6f24c7c94b3a7282 ( act=goods&op=goods_detail ) 
ERR: Db Error: Unknown column 'geval_image_again' in 'where clause'
SELECT COUNT(*) AS nc_count FROM `zmkj_evaluate_goods` WHERE ( geval_goodsid = '100421' ) AND ( (geval_image <> '') OR (geval_image_again <> '') ) LIMIT 1  
[2016-11-22 11:10:22] /mobile/index.php?act=goods&op=goods_list&keyword=%E6%8A%95%E5%BD%B1%E4%BB%AA&page=10&curpage=1&keyword=%E6%8A%95%E5%BD%B1%E4%BB%AA ( act=goods&op=goods_list ) 
ERR: Db Error: Unknown column 'goods_id' in 'order clause'
SELECT COUNT(*) AS nc_count FROM `zmkj_goods_common` WHERE ( store_id = '16' ) AND ( goods_state = '1' ) AND ( goods_verify = '1' ) GROUP BY nc_distinct ORDER BY is_own_shop desc,goods_id desc LIMIT 1  
[2016-11-22 11:12:58] /shop/index.php ( act=mobile&op=addbrowse ) 
ERR: Db Error: Duplicate entry '100313-214' for key 'PRIMARY'
INSERT  INTO `zmkj_goods_browse` (goods_id,member_id,browsetime,gc_id,gc_id_1,gc_id_2,gc_id_3) VALUES ('100313','214','1479784378','1126','1124','1125','1126')
[2016-11-22 11:14:11] /mobile/index.php?act=goods&op=goods_list&gc_id=1126&page=10&curpage=1&gc_id=1126 ( act=goods&op=goods_list ) 
ERR: Db Error: Unknown column 'goods_id' in 'order clause'
SELECT COUNT(*) AS nc_count FROM `zmkj_goods_common` WHERE ( store_id = '1' ) AND ( goods_state = '1' ) AND ( goods_verify = '1' ) GROUP BY nc_distinct ORDER BY is_own_shop desc,goods_id desc LIMIT 1  
[2016-11-22 11:14:13] /mobile/index.php?act=goods&op=goods_list&gc_id=1126&page=10&curpage=2&gc_id=1126 ( act=goods&op=goods_list ) 
ERR: Db Error: Unknown column 'goods_id' in 'order clause'
SELECT COUNT(*) AS nc_count FROM `zmkj_goods_common` WHERE ( store_id = '12' ) AND ( goods_state = '1' ) AND ( goods_verify = '1' ) GROUP BY nc_distinct ORDER BY is_own_shop desc,goods_id desc LIMIT 1  
[2016-11-22 11:14:15] /mobile/index.php?act=goods&op=goods_detail&goods_id=100314&key=433091f75b83210b6f24c7c94b3a7282 ( act=goods&op=goods_detail ) 
ERR: Db Error: Unknown column 'voucher_t_gettype' in 'where clause'
SELECT * FROM `zmkj_voucher_template` WHERE ( voucher_t_gettype = '3' ) AND ( voucher_t_state = '1' ) AND ( voucher_t_end_date > '1479784455' ) AND ( voucher_t_store_id IN ('1') ) LIMIT 1000  
[2016-11-22 11:14:15] /mobile/index.php?act=goods&op=goods_detail&goods_id=100314&key=433091f75b83210b6f24c7c94b3a7282 ( act=goods&op=goods_detail ) 
ERR: Db Error: Unknown column 'geval_image_again' in 'where clause'
SELECT COUNT(*) AS nc_count FROM `zmkj_evaluate_goods` WHERE ( geval_goodsid = '100314' ) AND ( (geval_image <> '') OR (geval_image_again <> '') ) LIMIT 1  
[2016-11-22 11:14:35] /mobile/index.php?act=goods&op=goods_detail&goods_id=100314&key=433091f75b83210b6f24c7c94b3a7282 ( act=goods&op=goods_detail ) 
ERR: Db Error: Unknown column 'voucher_t_gettype' in 'where clause'
SELECT * FROM `zmkj_voucher_template` WHERE ( voucher_t_gettype = '3' ) AND ( voucher_t_state = '1' ) AND ( voucher_t_end_date > '1479784475' ) AND ( voucher_t_store_id IN ('1') ) LIMIT 1000  
[2016-11-22 11:14:35] /mobile/index.php?act=goods&op=goods_detail&goods_id=100314&key=433091f75b83210b6f24c7c94b3a7282 ( act=goods&op=goods_detail ) 
ERR: Db Error: Unknown column 'geval_image_again' in 'where clause'
SELECT COUNT(*) AS nc_count FROM `zmkj_evaluate_goods` WHERE ( geval_goodsid = '100314' ) AND ( (geval_image <> '') OR (geval_image_again <> '') ) LIMIT 1  
[2016-11-22 11:14:37] /mobile/index.php?act=goods&op=goods_list&gc_id=1126&page=10&curpage=1&gc_id=1126 ( act=goods&op=goods_list ) 
ERR: Db Error: Unknown column 'goods_id' in 'order clause'
SELECT COUNT(*) AS nc_count FROM `zmkj_goods_common` WHERE ( store_id = '1' ) AND ( goods_state = '1' ) AND ( goods_verify = '1' ) GROUP BY nc_distinct ORDER BY is_own_shop desc,goods_id desc LIMIT 1  
[2016-11-22 11:17:10] /shop/index.php?act=goods&op=index&goods_id=100138 ( act=goods&op=index ) 
ERR: Db Error: Unknown column 'geval_image_again' in 'where clause'
SELECT COUNT(*) AS nc_count FROM `zmkj_evaluate_goods` WHERE ( geval_goodsid = '100138' ) AND ( (geval_image <> '') OR (geval_image_again <> '') ) LIMIT 1  
[2016-11-22 11:24:48] /mobile/index.php?act=goods&op=goods_detail&goods_id=100153&key= ( act=goods&op=goods_detail ) 
ERR: Db Error: Unknown column 'geval_image_again' in 'where clause'
SELECT COUNT(*) AS nc_count FROM `zmkj_evaluate_goods` WHERE ( geval_goodsid = '100153' ) AND ( (geval_image <> '') OR (geval_image_again <> '') ) LIMIT 1  
[2016-11-22 11:26:46] /shop/index.php?act=goods&op=index&goods_id=100433 ( act=goods&op=index ) 
ERR: Db Error: Unknown column 'geval_image_again' in 'where clause'
SELECT COUNT(*) AS nc_count FROM `zmkj_evaluate_goods` WHERE ( geval_goodsid = '100433' ) AND ( (geval_image <> '') OR (geval_image_again <> '') ) LIMIT 1  
[2016-11-22 11:27:06] /shop/index.php?act=pointshop&op=index ( act=pointshop&op=index ) 
ERR: Db Error: Unknown column 'voucher_t_gettype' in 'where clause'
SELECT * FROM `zmkj_voucher_template` WHERE ( voucher_t_state = '1' ) AND ( voucher_t_gettype = '1' ) AND ( voucher_t_end_date > '1479785226' ) ORDER BY voucher_t_recommend desc,voucher_t_id desc LIMIT 1000  
[2016-11-22 11:28:02] /shop/index.php?act=goods&op=index&goods_id=100423 ( act=goods&op=index ) 
ERR: Db Error: Unknown column 'geval_image_again' in 'where clause'
SELECT COUNT(*) AS nc_count FROM `zmkj_evaluate_goods` WHERE ( geval_goodsid = '100423' ) AND ( (geval_image <> '') OR (geval_image_again <> '') ) LIMIT 1  
[2016-11-22 11:28:10] /shop/index.php?act=goods&op=index&goods_id=100422 ( act=goods&op=index ) 
ERR: Db Error: Unknown column 'geval_image_again' in 'where clause'
SELECT COUNT(*) AS nc_count FROM `zmkj_evaluate_goods` WHERE ( geval_goodsid = '100422' ) AND ( (geval_image <> '') OR (geval_image_again <> '') ) LIMIT 1  
[2016-11-22 11:28:18] /shop/index.php?act=goods&op=index&goods_id=100419 ( act=goods&op=index ) 
ERR: Db Error: Unknown column 'geval_image_again' in 'where clause'
SELECT COUNT(*) AS nc_count FROM `zmkj_evaluate_goods` WHERE ( geval_goodsid = '100419' ) AND ( (geval_image <> '') OR (geval_image_again <> '') ) LIMIT 1  
[2016-11-22 11:31:40] /shop/index.php?act=goods&op=index&goods_id=100421 ( act=goods&op=index ) 
ERR: Db Error: Unknown column 'geval_image_again' in 'where clause'
SELECT COUNT(*) AS nc_count FROM `zmkj_evaluate_goods` WHERE ( geval_goodsid = '100421' ) AND ( (geval_image <> '') OR (geval_image_again <> '') ) LIMIT 1  
[2016-11-22 11:31:40] /shop/index.php?act=goods&op=index&goods_id=100421 ( act=goods&op=index ) 
ERR: Db Error: Unknown column 'geval_image_again' in 'where clause'
SELECT COUNT(*) AS nc_count FROM `zmkj_evaluate_goods` WHERE ( geval_goodsid = '100421' ) AND ( (geval_image <> '') OR (geval_image_again <> '') ) LIMIT 1  
[2016-11-22 11:31:43] /shop/index.php?act=goods&op=index&goods_id=100421 ( act=goods&op=index ) 
ERR: Db Error: Unknown column 'geval_image_again' in 'where clause'
SELECT COUNT(*) AS nc_count FROM `zmkj_evaluate_goods` WHERE ( geval_goodsid = '100421' ) AND ( (geval_image <> '') OR (geval_image_again <> '') ) LIMIT 1  
[2016-11-22 11:31:44] /shop/index.php?act=goods&op=index&goods_id=100421 ( act=goods&op=index ) 
ERR: Db Error: Unknown column 'geval_image_again' in 'where clause'
SELECT COUNT(*) AS nc_count FROM `zmkj_evaluate_goods` WHERE ( geval_goodsid = '100421' ) AND ( (geval_image <> '') OR (geval_image_again <> '') ) LIMIT 1  
[2016-11-22 11:43:53] /shop/index.php?act=goods&op=index&goods_id=100339 ( act=goods&op=index ) 
ERR: Db Error: Unknown column 'geval_image_again' in 'where clause'
SELECT COUNT(*) AS nc_count FROM `zmkj_evaluate_goods` WHERE ( geval_goodsid = '100339' ) AND ( (geval_image <> '') OR (geval_image_again <> '') ) LIMIT 1  
[2016-11-22 11:43:54] /shop/index.php?act=goods&op=index&goods_id=100339 ( act=goods&op=index ) 
ERR: Db Error: Unknown column 'geval_image_again' in 'where clause'
SELECT COUNT(*) AS nc_count FROM `zmkj_evaluate_goods` WHERE ( geval_goodsid = '100339' ) AND ( (geval_image <> '') OR (geval_image_again <> '') ) LIMIT 1  
[2016-11-22 11:47:09] /mobile/api/alipay/notify_url.php ( act=index&op=index ) 
ERR: Db Error: You have an error in your SQL syntax; check the manual that corresponds to your MySQL server version for the right syntax to use near ')' at line 1
update zmkj_goods set `goods_salenum`=`goods_salenum`+1 where goods_id in ()
[2016-11-22 12:01:10] /shop/index.php?act=goods&op=index&goods_id=100423 ( act=goods&op=index ) 
ERR: Db Error: Unknown column 'geval_image_again' in 'where clause'
SELECT COUNT(*) AS nc_count FROM `zmkj_evaluate_goods` WHERE ( geval_goodsid = '100423' ) AND ( (geval_image <> '') OR (geval_image_again <> '') ) LIMIT 1  
[2016-11-22 12:01:10] /shop/index.php?act=goods&op=index&goods_id=100423 ( act=goods&op=index ) 
ERR: Db Error: Unknown column 'geval_image_again' in 'where clause'
SELECT COUNT(*) AS nc_count FROM `zmkj_evaluate_goods` WHERE ( geval_goodsid = '100423' ) AND ( (geval_image <> '') OR (geval_image_again <> '') ) LIMIT 1  
[2016-11-22 12:01:13] /shop/index.php?act=goods&op=index&goods_id=100423 ( act=goods&op=index ) 
ERR: Db Error: Unknown column 'geval_image_again' in 'where clause'
SELECT COUNT(*) AS nc_count FROM `zmkj_evaluate_goods` WHERE ( geval_goodsid = '100423' ) AND ( (geval_image <> '') OR (geval_image_again <> '') ) LIMIT 1  
[2016-11-22 12:01:13] /shop/index.php?act=goods&op=index&goods_id=100423 ( act=goods&op=index ) 
ERR: Db Error: Unknown column 'geval_image_again' in 'where clause'
SELECT COUNT(*) AS nc_count FROM `zmkj_evaluate_goods` WHERE ( geval_goodsid = '100423' ) AND ( (geval_image <> '') OR (geval_image_again <> '') ) LIMIT 1  
[2016-11-22 12:15:56] /shop/index.php ( act=mobile&op=goods_evaluate ) 
ERR: Db Error: Unknown column 'geval_image_again' in 'where clause'
SELECT * FROM `zmkj_evaluate_goods` WHERE ( geval_goodsid = '100314' ) AND ( (geval_image <> '') OR (geval_image_again <> '') ) ORDER BY geval_id desc LIMIT 1000  
[2016-11-22 12:19:00] /shop/index.php?act=goods&op=index&goods_id=100433 ( act=goods&op=index ) 
ERR: Db Error: Unknown column 'geval_image_again' in 'where clause'
SELECT COUNT(*) AS nc_count FROM `zmkj_evaluate_goods` WHERE ( geval_goodsid = '100433' ) AND ( (geval_image <> '') OR (geval_image_again <> '') ) LIMIT 1  
[2016-11-22 12:19:00] /shop/index.php?act=goods&op=index&goods_id=100433 ( act=goods&op=index ) 
ERR: Db Error: Unknown column 'geval_image_again' in 'where clause'
SELECT COUNT(*) AS nc_count FROM `zmkj_evaluate_goods` WHERE ( geval_goodsid = '100433' ) AND ( (geval_image <> '') OR (geval_image_again <> '') ) LIMIT 1  
[2016-11-22 12:20:52] /mobile/index.php?act=goods&op=goods_detail&goods_id=100422&key= ( act=goods&op=goods_detail ) 
ERR: Db Error: Unknown column 'geval_image_again' in 'where clause'
SELECT COUNT(*) AS nc_count FROM `zmkj_evaluate_goods` WHERE ( geval_goodsid = '100422' ) AND ( (geval_image <> '') OR (geval_image_again <> '') ) LIMIT 1  
[2016-11-22 12:22:53] /shop/index.php?act=goods&op=index&goods_id=100012 ( act=goods&op=index ) 
ERR: Db Error: Unknown column 'geval_image_again' in 'where clause'
SELECT COUNT(*) AS nc_count FROM `zmkj_evaluate_goods` WHERE ( geval_goodsid = '100012' ) AND ( (geval_image <> '') OR (geval_image_again <> '') ) LIMIT 1  
[2016-11-22 12:38:49] /shop/index.php?act=pointshop&op=index ( act=pointshop&op=index ) 
ERR: Db Error: Unknown column 'voucher_t_gettype' in 'where clause'
SELECT * FROM `zmkj_voucher_template` WHERE ( voucher_t_state = '1' ) AND ( voucher_t_gettype = '1' ) AND ( voucher_t_end_date > '1479789529' ) ORDER BY voucher_t_recommend desc,voucher_t_id desc LIMIT 1000  
[2016-11-22 13:03:49] /shop/index.php?act=goods&op=index&goods_id=100049 ( act=goods&op=index ) 
ERR: Db Error: Unknown column 'geval_image_again' in 'where clause'
SELECT COUNT(*) AS nc_count FROM `zmkj_evaluate_goods` WHERE ( geval_goodsid = '100049' ) AND ( (geval_image <> '') OR (geval_image_again <> '') ) LIMIT 1  
[2016-11-22 13:23:53] /shop/index.php?act=goods&op=index&goods_id=100012 ( act=goods&op=index ) 
ERR: Db Error: Unknown column 'geval_image_again' in 'where clause'
SELECT COUNT(*) AS nc_count FROM `zmkj_evaluate_goods` WHERE ( geval_goodsid = '100012' ) AND ( (geval_image <> '') OR (geval_image_again <> '') ) LIMIT 1  
[2016-11-22 13:29:07] /shop/index.php?act=goods&goods_id=100295&op=index ( act=goods&op=index ) 
ERR: Db Error: Unknown column 'geval_image_again' in 'where clause'
SELECT COUNT(*) AS nc_count FROM `zmkj_evaluate_goods` WHERE ( geval_goodsid = '100295' ) AND ( (geval_image <> '') OR (geval_image_again <> '') ) LIMIT 1  
[2016-11-22 13:49:30] /shop/index.php?act=goods&op=index&goods_id=100025 ( act=goods&op=index ) 
ERR: Db Error: Unknown column 'geval_image_again' in 'where clause'
SELECT COUNT(*) AS nc_count FROM `zmkj_evaluate_goods` WHERE ( geval_goodsid = '100025' ) AND ( (geval_image <> '') OR (geval_image_again <> '') ) LIMIT 1  
[2016-11-22 13:49:33] /shop/index.php?act=goods&op=index&goods_id=100314 ( act=goods&op=index ) 
ERR: Db Error: Unknown column 'is_default' in 'where clause'
SELECT * FROM `zmkj_transport_extend` WHERE ( transport_id = '1' ) AND ( is_default = '1' ) LIMIT 1000  
[2016-11-22 13:49:33] /shop/index.php?act=goods&op=index&goods_id=100314 ( act=goods&op=index ) 
ERR: Db Error: Unknown column 'geval_image_again' in 'where clause'
SELECT COUNT(*) AS nc_count FROM `zmkj_evaluate_goods` WHERE ( geval_goodsid = '100314' ) AND ( (geval_image <> '') OR (geval_image_again <> '') ) LIMIT 1  
[2016-11-22 13:49:39] /mobile/api/alipay/notify_url.php ( act=index&op=index ) 
ERR: Db Error: You have an error in your SQL syntax; check the manual that corresponds to your MySQL server version for the right syntax to use near ')' at line 1
update zmkj_goods set `goods_salenum`=`goods_salenum`+1 where goods_id in ()
[2016-11-22 13:49:45] /shop/index.php?act=goods&op=index&goods_id=100314 ( act=goods&op=index ) 
ERR: Db Error: Unknown column 'is_default' in 'where clause'
SELECT * FROM `zmkj_transport_extend` WHERE ( transport_id = '1' ) AND ( is_default = '1' ) LIMIT 1000  
[2016-11-22 13:49:45] /shop/index.php?act=goods&op=index&goods_id=100314 ( act=goods&op=index ) 
ERR: Db Error: Unknown column 'geval_image_again' in 'where clause'
SELECT COUNT(*) AS nc_count FROM `zmkj_evaluate_goods` WHERE ( geval_goodsid = '100314' ) AND ( (geval_image <> '') OR (geval_image_again <> '') ) LIMIT 1  
[2016-11-22 13:49:51] /shop/index.php?act=goods&op=index&goods_id=100153 ( act=goods&op=index ) 
ERR: Db Error: Unknown column 'geval_image_again' in 'where clause'
SELECT COUNT(*) AS nc_count FROM `zmkj_evaluate_goods` WHERE ( geval_goodsid = '100153' ) AND ( (geval_image <> '') OR (geval_image_again <> '') ) LIMIT 1  
[2016-11-22 13:51:09] /shop/index.php?act=goods&op=index&goods_id=100154 ( act=goods&op=index ) 
ERR: Db Error: Unknown column 'geval_image_again' in 'where clause'
SELECT COUNT(*) AS nc_count FROM `zmkj_evaluate_goods` WHERE ( geval_goodsid = '100154' ) AND ( (geval_image <> '') OR (geval_image_again <> '') ) LIMIT 1  
[2016-11-22 13:59:54] /mobile/api/weixin/respond.php ( act=index&op=index ) 
ERR: Db Error: You have an error in your SQL syntax; check the manual that corresponds to your MySQL server version for the right syntax to use near ')' at line 1
update zmkj_goods set `goods_salenum`=`goods_salenum`+1 where goods_id in ()
[2016-11-22 14:00:06] /mobile/api/weixin/respond.php ( act=index&op=index ) 
ERR: Db Error: You have an error in your SQL syntax; check the manual that corresponds to your MySQL server version for the right syntax to use near ')' at line 1
update zmkj_goods set `goods_salenum`=`goods_salenum`+1 where goods_id in ()
[2016-11-22 14:00:07] /mobile/api/alipay/notify_url.php ( act=index&op=index ) 
ERR: Db Error: You have an error in your SQL syntax; check the manual that corresponds to your MySQL server version for the right syntax to use near ')' at line 1
update zmkj_goods set `goods_salenum`=`goods_salenum`+1 where goods_id in ()
[2016-11-22 14:00:23] /mobile/api/weixin/respond.php ( act=index&op=index ) 
ERR: Db Error: You have an error in your SQL syntax; check the manual that corresponds to your MySQL server version for the right syntax to use near ')' at line 1
update zmkj_goods set `goods_salenum`=`goods_salenum`+1 where goods_id in ()
[2016-11-22 14:00:55] /mobile/api/weixin/respond.php ( act=index&op=index ) 
ERR: Db Error: You have an error in your SQL syntax; check the manual that corresponds to your MySQL server version for the right syntax to use near ')' at line 1
update zmkj_goods set `goods_salenum`=`goods_salenum`+1 where goods_id in ()
[2016-11-22 14:07:17] /shop/index.php ( act=mobile&op=addbrowse ) 
ERR: Db Error: Duplicate entry '100434-60' for key 'PRIMARY'
INSERT  INTO `zmkj_goods_browse` (goods_id,member_id,browsetime,gc_id,gc_id_1,gc_id_2,gc_id_3) VALUES ('100434','60','1479794837','1126','1124','1125','1126')
[2016-11-22 14:07:29] /mobile/api/weixin/respond.php ( act=index&op=index ) 
ERR: Db Error: You have an error in your SQL syntax; check the manual that corresponds to your MySQL server version for the right syntax to use near ')' at line 1
update zmkj_goods set `goods_salenum`=`goods_salenum`+1 where goods_id in ()
[2016-11-22 14:07:40] /shop/index.php ( act=mobile&op=addbrowse ) 
ERR: Db Error: Duplicate entry '100434-60' for key 'PRIMARY'
INSERT  INTO `zmkj_goods_browse` (goods_id,member_id,browsetime,gc_id,gc_id_1,gc_id_2,gc_id_3) VALUES ('100434','60','1479794860','1126','1124','1125','1126')
[2016-11-22 14:07:41] /mobile/api/weixin/respond.php ( act=index&op=index ) 
ERR: Db Error: You have an error in your SQL syntax; check the manual that corresponds to your MySQL server version for the right syntax to use near ')' at line 1
update zmkj_goods set `goods_salenum`=`goods_salenum`+1 where goods_id in ()
[2016-11-22 14:07:59] /mobile/api/weixin/respond.php ( act=index&op=index ) 
ERR: Db Error: You have an error in your SQL syntax; check the manual that corresponds to your MySQL server version for the right syntax to use near ')' at line 1
update zmkj_goods set `goods_salenum`=`goods_salenum`+1 where goods_id in ()
[2016-11-22 14:08:30] /mobile/api/weixin/respond.php ( act=index&op=index ) 
ERR: Db Error: You have an error in your SQL syntax; check the manual that corresponds to your MySQL server version for the right syntax to use near ')' at line 1
update zmkj_goods set `goods_salenum`=`goods_salenum`+1 where goods_id in ()
[2016-11-22 14:08:40] /shop/index.php?act=master&op=myinfo ( act=master&op=myinfo ) 
ERR: Db Error: You have an error in your SQL syntax; check the manual that corresponds to your MySQL server version for the right syntax to use near 'LIMIT 1' at line 1
SELECT member_name,member_avatar,moneycard,member_mobile,member_truename,amount FROM `zmkj_member` WHERE member_id= LIMIT 1  
[2016-11-22 14:09:01] /shop/index.php?act=master&op=myinfo ( act=master&op=myinfo ) 
ERR: Db Error: You have an error in your SQL syntax; check the manual that corresponds to your MySQL server version for the right syntax to use near 'LIMIT 1' at line 1
SELECT member_name,member_avatar,moneycard,member_mobile,member_truename,amount FROM `zmkj_member` WHERE member_id= LIMIT 1  
[2016-11-22 14:10:36] /mobile/api/alipay/notify_url.php ( act=index&op=index ) 
ERR: Db Error: You have an error in your SQL syntax; check the manual that corresponds to your MySQL server version for the right syntax to use near ')' at line 1
update zmkj_goods set `goods_salenum`=`goods_salenum`+1 where goods_id in ()
[2016-11-22 14:15:08] /shop/index.php ( act=mobile&op=addbrowse ) 
ERR: Db Error: Duplicate entry '100314-60' for key 'PRIMARY'
INSERT  INTO `zmkj_goods_browse` (goods_id,member_id,browsetime,gc_id,gc_id_1,gc_id_2,gc_id_3) VALUES ('100314','60','1479795308','1126','1124','1125','1126')
[2016-11-22 14:16:08] /shop/index.php?act=goods&goods_id=100161&op=index ( act=goods&op=index ) 
ERR: Db Error: Unknown column 'geval_image_again' in 'where clause'
SELECT COUNT(*) AS nc_count FROM `zmkj_evaluate_goods` WHERE ( geval_goodsid = '100161' ) AND ( (geval_image <> '') OR (geval_image_again <> '') ) LIMIT 1  
[2016-11-22 14:24:04] /mobile/api/alipay/notify_url.php ( act=index&op=index ) 
ERR: Db Error: You have an error in your SQL syntax; check the manual that corresponds to your MySQL server version for the right syntax to use near ')' at line 1
update zmkj_goods set `goods_salenum`=`goods_salenum`+1 where goods_id in ()
[2016-11-22 14:25:28] /shop/index.php ( act=mobile&op=addbrowse ) 
ERR: Db Error: Duplicate entry '100174-148' for key 'PRIMARY'
INSERT  INTO `zmkj_goods_browse` (goods_id,member_id,browsetime,gc_id,gc_id_1,gc_id_2,gc_id_3) VALUES ('100174','148','1479795928','1072','308','1071','1072')
[2016-11-22 14:28:11] /mobile/api/alipay/notify_url.php ( act=index&op=index ) 
ERR: Db Error: You have an error in your SQL syntax; check the manual that corresponds to your MySQL server version for the right syntax to use near ')' at line 1
update zmkj_goods set `goods_salenum`=`goods_salenum`+1 where goods_id in ()
[2016-11-22 14:33:21] /mobile/api/alipay/notify_url.php ( act=index&op=index ) 
ERR: Db Error: You have an error in your SQL syntax; check the manual that corresponds to your MySQL server version for the right syntax to use near ')' at line 1
update zmkj_goods set `goods_salenum`=`goods_salenum`+1 where goods_id in ()
[2016-11-22 14:41:03] /mobile/api/alipay/notify_url.php ( act=index&op=index ) 
ERR: Db Error: You have an error in your SQL syntax; check the manual that corresponds to your MySQL server version for the right syntax to use near ')' at line 1
update zmkj_goods set `goods_salenum`=`goods_salenum`+1 where goods_id in ()
[2016-11-22 14:41:09] /shop/index.php?act=goods&op=index&goods_id=100013 ( act=goods&op=index ) 
ERR: Db Error: Unknown column 'geval_image_again' in 'where clause'
SELECT COUNT(*) AS nc_count FROM `zmkj_evaluate_goods` WHERE ( geval_goodsid = '100013' ) AND ( (geval_image <> '') OR (geval_image_again <> '') ) LIMIT 1  
[2016-11-22 14:41:35] /shop/index.php?act=goods&op=index&goods_id=100209 ( act=goods&op=index ) 
ERR: Db Error: Unknown column 'geval_image_again' in 'where clause'
SELECT COUNT(*) AS nc_count FROM `zmkj_evaluate_goods` WHERE ( geval_goodsid = '100209' ) AND ( (geval_image <> '') OR (geval_image_again <> '') ) LIMIT 1  
[2016-11-22 14:42:33] /shop/index.php ( act=mobile&op=addbrowse ) 
ERR: Db Error: Duplicate entry '100205-148' for key 'PRIMARY'
INSERT  INTO `zmkj_goods_browse` (goods_id,member_id,browsetime,gc_id,gc_id_1,gc_id_2,gc_id_3) VALUES ('100205','148','1479796953','1081','308','1071','1081')
[2016-11-22 14:45:20] /mobile/api/alipay/notify_url.php ( act=index&op=index ) 
ERR: Db Error: You have an error in your SQL syntax; check the manual that corresponds to your MySQL server version for the right syntax to use near ')' at line 1
update zmkj_goods set `goods_salenum`=`goods_salenum`+1 where goods_id in ()
[2016-11-22 14:45:24] /shop/index.php ( act=mobile&op=goods_evaluate ) 
ERR: Db Error: Unknown column 'geval_image_again' in 'where clause'
SELECT * FROM `zmkj_evaluate_goods` WHERE ( geval_goodsid = '100314' ) AND ( (geval_image <> '') OR (geval_image_again <> '') ) ORDER BY geval_id desc LIMIT 1000  
[2016-11-22 14:45:39] /shop/index.php?act=goods&op=index&goods_id=100012 ( act=goods&op=index ) 
ERR: Db Error: Unknown column 'geval_image_again' in 'where clause'
SELECT COUNT(*) AS nc_count FROM `zmkj_evaluate_goods` WHERE ( geval_goodsid = '100012' ) AND ( (geval_image <> '') OR (geval_image_again <> '') ) LIMIT 1  
[2016-11-22 14:47:37] /shop/index.php ( act=mobile&op=addbrowse ) 
ERR: Db Error: Duplicate entry '100168-60' for key 'PRIMARY'
INSERT  INTO `zmkj_goods_browse` (goods_id,member_id,browsetime,gc_id,gc_id_1,gc_id_2,gc_id_3) VALUES ('100168','60','1479797257','1096','888','1094','1096')
[2016-11-22 14:47:56] /mobile/api/alipay/notify_url.php ( act=index&op=index ) 
ERR: Db Error: You have an error in your SQL syntax; check the manual that corresponds to your MySQL server version for the right syntax to use near ')' at line 1
update zmkj_goods set `goods_salenum`=`goods_salenum`+1 where goods_id in ()
[2016-11-22 14:50:50] /shop/index.php?act=goods&op=index&goods_id=100025 ( act=goods&op=index ) 
ERR: Db Error: Unknown column 'geval_image_again' in 'where clause'
SELECT COUNT(*) AS nc_count FROM `zmkj_evaluate_goods` WHERE ( geval_goodsid = '100025' ) AND ( (geval_image <> '') OR (geval_image_again <> '') ) LIMIT 1  
[2016-11-22 14:50:51] /mobile/api/alipay/notify_url.php ( act=index&op=index ) 
ERR: Db Error: You have an error in your SQL syntax; check the manual that corresponds to your MySQL server version for the right syntax to use near ')' at line 1
update zmkj_goods set `goods_salenum`=`goods_salenum`+1 where goods_id in ()
[2016-11-22 14:54:41] /mobile/api/alipay/notify_url.php ( act=index&op=index ) 
ERR: Db Error: You have an error in your SQL syntax; check the manual that corresponds to your MySQL server version for the right syntax to use near ')' at line 1
update zmkj_goods set `goods_salenum`=`goods_salenum`+1 where goods_id in ()
[2016-11-22 14:57:26] /mobile/api/alipay/notify_url.php ( act=index&op=index ) 
ERR: Db Error: You have an error in your SQL syntax; check the manual that corresponds to your MySQL server version for the right syntax to use near ')' at line 1
update zmkj_goods set `goods_salenum`=`goods_salenum`+1 where goods_id in ()
[2016-11-22 15:01:02] /shop/index.php?act=goods&op=index&goods_id=100170 ( act=goods&op=index ) 
ERR: Db Error: Unknown column 'geval_image_again' in 'where clause'
SELECT COUNT(*) AS nc_count FROM `zmkj_evaluate_goods` WHERE ( geval_goodsid = '100170' ) AND ( (geval_image <> '') OR (geval_image_again <> '') ) LIMIT 1  
[2016-11-22 15:02:24] /mobile/api/alipay/notify_url.php ( act=index&op=index ) 
ERR: Db Error: You have an error in your SQL syntax; check the manual that corresponds to your MySQL server version for the right syntax to use near ')' at line 1
update zmkj_goods set `goods_salenum`=`goods_salenum`+1 where goods_id in ()
[2016-11-22 15:05:17] /mobile/api/alipay/notify_url.php ( act=index&op=index ) 
ERR: Db Error: You have an error in your SQL syntax; check the manual that corresponds to your MySQL server version for the right syntax to use near ')' at line 1
update zmkj_goods set `goods_salenum`=`goods_salenum`+1 where goods_id in ()
[2016-11-22 15:08:18] /mobile/api/alipay/notify_url.php ( act=index&op=index ) 
ERR: Db Error: You have an error in your SQL syntax; check the manual that corresponds to your MySQL server version for the right syntax to use near ')' at line 1
update zmkj_goods set `goods_salenum`=`goods_salenum`+1 where goods_id in ()
[2016-11-22 15:11:28] /mobile/api/alipay/notify_url.php ( act=index&op=index ) 
ERR: Db Error: You have an error in your SQL syntax; check the manual that corresponds to your MySQL server version for the right syntax to use near ')' at line 1
update zmkj_goods set `goods_salenum`=`goods_salenum`+1 where goods_id in ()
[2016-11-22 15:13:10] /shop/index.php ( act=mobile&op=addbrowse ) 
ERR: Db Error: Duplicate entry '100174-57' for key 'PRIMARY'
INSERT  INTO `zmkj_goods_browse` (goods_id,member_id,browsetime,gc_id,gc_id_1,gc_id_2,gc_id_3) VALUES ('100174','57','1479798790','1072','308','1071','1072')
[2016-11-22 15:14:03] /mobile/api/alipay/notify_url.php ( act=index&op=index ) 
ERR: Db Error: You have an error in your SQL syntax; check the manual that corresponds to your MySQL server version for the right syntax to use near ')' at line 1
update zmkj_goods set `goods_salenum`=`goods_salenum`+1 where goods_id in ()
[2016-11-22 15:18:12] /mobile/api/alipay/notify_url.php ( act=index&op=index ) 
ERR: Db Error: You have an error in your SQL syntax; check the manual that corresponds to your MySQL server version for the right syntax to use near ')' at line 1
update zmkj_goods set `goods_salenum`=`goods_salenum`+1 where goods_id in ()
[2016-11-22 15:24:27] /mobile/api/alipay/notify_url.php ( act=index&op=index ) 
ERR: Db Error: You have an error in your SQL syntax; check the manual that corresponds to your MySQL server version for the right syntax to use near ')' at line 1
update zmkj_goods set `goods_salenum`=`goods_salenum`+1 where goods_id in ()
[2016-11-22 15:26:34] /mobile/api/alipay/notify_url.php ( act=index&op=index ) 
ERR: Db Error: You have an error in your SQL syntax; check the manual that corresponds to your MySQL server version for the right syntax to use near ')' at line 1
update zmkj_goods set `goods_salenum`=`goods_salenum`+1 where goods_id in ()
[2016-11-22 15:29:50] /shop/index.php ( act=mobile&op=addbrowse ) 
ERR: Db Error: Duplicate entry '100174-57' for key 'PRIMARY'
INSERT  INTO `zmkj_goods_browse` (goods_id,member_id,browsetime,gc_id,gc_id_1,gc_id_2,gc_id_3) VALUES ('100174','57','1479799790','1072','308','1071','1072')
[2016-11-22 15:31:18] /shop/index.php ( act=mobile&op=addbrowse ) 
ERR: Db Error: Duplicate entry '100174-57' for key 'PRIMARY'
INSERT  INTO `zmkj_goods_browse` (goods_id,member_id,browsetime,gc_id,gc_id_1,gc_id_2,gc_id_3) VALUES ('100174','57','1479799878','1072','308','1071','1072')
[2016-11-22 15:33:12] /shop/index.php ( act=mobile&op=addbrowse ) 
ERR: Db Error: Duplicate entry '100174-57' for key 'PRIMARY'
INSERT  INTO `zmkj_goods_browse` (goods_id,member_id,browsetime,gc_id,gc_id_1,gc_id_2,gc_id_3) VALUES ('100174','57','1479799992','1072','308','1071','1072')
[2016-11-22 15:33:30] /shop/index.php ( act=mobile&op=addbrowse ) 
ERR: Db Error: Duplicate entry '100174-57' for key 'PRIMARY'
INSERT  INTO `zmkj_goods_browse` (goods_id,member_id,browsetime,gc_id,gc_id_1,gc_id_2,gc_id_3) VALUES ('100174','57','1479800010','1072','308','1071','1072')
[2016-11-22 15:34:33] /mobile/index.php?act=goods&op=goods_detail&goods_id=100209&key= ( act=goods&op=goods_detail ) 
ERR: Db Error: Unknown column 'geval_image_again' in 'where clause'
SELECT COUNT(*) AS nc_count FROM `zmkj_evaluate_goods` WHERE ( geval_goodsid = '100209' ) AND ( (geval_image <> '') OR (geval_image_again <> '') ) LIMIT 1  
[2016-11-22 15:34:37] /mobile/index.php?act=goods&op=goods_detail&goods_id=100209&key= ( act=goods&op=goods_detail ) 
ERR: Db Error: Unknown column 'geval_image_again' in 'where clause'
SELECT COUNT(*) AS nc_count FROM `zmkj_evaluate_goods` WHERE ( geval_goodsid = '100209' ) AND ( (geval_image <> '') OR (geval_image_again <> '') ) LIMIT 1  
[2016-11-22 15:35:02] /mobile/api/alipay/notify_url.php ( act=index&op=index ) 
ERR: Db Error: You have an error in your SQL syntax; check the manual that corresponds to your MySQL server version for the right syntax to use near ')' at line 1
update zmkj_goods set `goods_salenum`=`goods_salenum`+1 where goods_id in ()
[2016-11-22 15:43:40] /shop/index.php ( act=mobile&op=addbrowse ) 
ERR: Db Error: Duplicate entry '100174-57' for key 'PRIMARY'
INSERT  INTO `zmkj_goods_browse` (goods_id,member_id,browsetime,gc_id,gc_id_1,gc_id_2,gc_id_3) VALUES ('100174','57','1479800620','1072','308','1071','1072')
[2016-11-22 15:48:57] /mobile/api/alipay/notify_url.php ( act=index&op=index ) 
ERR: Db Error: You have an error in your SQL syntax; check the manual that corresponds to your MySQL server version for the right syntax to use near ')' at line 1
update zmkj_goods set `goods_salenum`=`goods_salenum`+1 where goods_id in ()
[2016-11-22 15:49:23] /mobile/api/alipay/notify_url.php ( act=index&op=index ) 
ERR: Db Error: You have an error in your SQL syntax; check the manual that corresponds to your MySQL server version for the right syntax to use near ')' at line 1
update zmkj_goods set `goods_salenum`=`goods_salenum`+1 where goods_id in ()
[2016-11-22 15:53:09] /shop/index.php?act=goods&goods_id=100311&op=index ( act=goods&op=index ) 
ERR: Db Error: Unknown column 'geval_image_again' in 'where clause'
SELECT COUNT(*) AS nc_count FROM `zmkj_evaluate_goods` WHERE ( geval_goodsid = '100311' ) AND ( (geval_image <> '') OR (geval_image_again <> '') ) LIMIT 1  
[2016-11-22 15:55:17] /mobile/api/alipay/notify_url.php ( act=index&op=index ) 
ERR: Db Error: You have an error in your SQL syntax; check the manual that corresponds to your MySQL server version for the right syntax to use near ')' at line 1
update zmkj_goods set `goods_salenum`=`goods_salenum`+1 where goods_id in ()
[2016-11-22 15:58:25] /shop/index.php ( act=mobile&op=addbrowse ) 
ERR: Db Error: Duplicate entry '100174-57' for key 'PRIMARY'
INSERT  INTO `zmkj_goods_browse` (goods_id,member_id,browsetime,gc_id,gc_id_1,gc_id_2,gc_id_3) VALUES ('100174','57','1479801505','1072','308','1071','1072')
[2016-11-22 15:58:35] /mobile/api/alipay/notify_url.php ( act=index&op=index ) 
ERR: Db Error: You have an error in your SQL syntax; check the manual that corresponds to your MySQL server version for the right syntax to use near ')' at line 1
update zmkj_goods set `goods_salenum`=`goods_salenum`+1 where goods_id in ()
[2016-11-22 15:59:15] /mobile/api/alipay/notify_url.php ( act=index&op=index ) 
ERR: Db Error: You have an error in your SQL syntax; check the manual that corresponds to your MySQL server version for the right syntax to use near ')' at line 1
update zmkj_goods set `goods_salenum`=`goods_salenum`+1 where goods_id in ()
[2016-11-22 16:04:28] /mobile/api/alipay/notify_url.php ( act=index&op=index ) 
ERR: Db Error: You have an error in your SQL syntax; check the manual that corresponds to your MySQL server version for the right syntax to use near ')' at line 1
update zmkj_goods set `goods_salenum`=`goods_salenum`+1 where goods_id in ()
[2016-11-22 16:06:40] /mobile/api/alipay/notify_url.php ( act=index&op=index ) 
ERR: Db Error: You have an error in your SQL syntax; check the manual that corresponds to your MySQL server version for the right syntax to use near ')' at line 1
update zmkj_goods set `goods_salenum`=`goods_salenum`+1 where goods_id in ()
[2016-11-22 16:09:48] /mobile/api/alipay/notify_url.php ( act=index&op=index ) 
ERR: Db Error: You have an error in your SQL syntax; check the manual that corresponds to your MySQL server version for the right syntax to use near ')' at line 1
update zmkj_goods set `goods_salenum`=`goods_salenum`+1 where goods_id in ()
[2016-11-22 16:11:20] /shop/index.php ( act=mobile&op=addbrowse ) 
ERR: Db Error: Duplicate entry '100174-57' for key 'PRIMARY'
INSERT  INTO `zmkj_goods_browse` (goods_id,member_id,browsetime,gc_id,gc_id_1,gc_id_2,gc_id_3) VALUES ('100174','57','1479802280','1072','308','1071','1072')
[2016-11-22 16:11:30] /mobile/api/alipay/notify_url.php ( act=index&op=index ) 
ERR: Db Error: You have an error in your SQL syntax; check the manual that corresponds to your MySQL server version for the right syntax to use near ')' at line 1
update zmkj_goods set `goods_salenum`=`goods_salenum`+1 where goods_id in ()
[2016-11-22 16:12:05] /mobile/api/weixin/respond.php ( act=index&op=index ) 
ERR: Db Error: You have an error in your SQL syntax; check the manual that corresponds to your MySQL server version for the right syntax to use near ')' at line 1
update zmkj_goods set `goods_salenum`=`goods_salenum`+1 where goods_id in ()
[2016-11-22 16:12:23] /mobile/api/weixin/respond.php ( act=index&op=index ) 
ERR: Db Error: You have an error in your SQL syntax; check the manual that corresponds to your MySQL server version for the right syntax to use near ')' at line 1
update zmkj_goods set `goods_salenum`=`goods_salenum`+1 where goods_id in ()
[2016-11-22 16:12:42] /mobile/api/weixin/respond.php ( act=index&op=index ) 
ERR: Db Error: You have an error in your SQL syntax; check the manual that corresponds to your MySQL server version for the right syntax to use near ')' at line 1
update zmkj_goods set `goods_salenum`=`goods_salenum`+1 where goods_id in ()
[2016-11-22 16:13:15] /mobile/api/weixin/respond.php ( act=index&op=index ) 
ERR: Db Error: You have an error in your SQL syntax; check the manual that corresponds to your MySQL server version for the right syntax to use near ')' at line 1
update zmkj_goods set `goods_salenum`=`goods_salenum`+1 where goods_id in ()
[2016-11-22 16:13:34] /mobile/api/alipay/notify_url.php ( act=index&op=index ) 
ERR: Db Error: You have an error in your SQL syntax; check the manual that corresponds to your MySQL server version for the right syntax to use near ')' at line 1
update zmkj_goods set `goods_salenum`=`goods_salenum`+1 where goods_id in ()
[2016-11-22 16:14:37] /mobile/api/alipay/notify_url.php ( act=index&op=index ) 
ERR: Db Error: You have an error in your SQL syntax; check the manual that corresponds to your MySQL server version for the right syntax to use near ')' at line 1
update zmkj_goods set `goods_salenum`=`goods_salenum`+1 where goods_id in ()
[2016-11-22 16:15:32] /mobile/api/alipay/notify_url.php ( act=index&op=index ) 
ERR: Db Error: You have an error in your SQL syntax; check the manual that corresponds to your MySQL server version for the right syntax to use near ')' at line 1
update zmkj_goods set `goods_salenum`=`goods_salenum`+1 where goods_id in ()
[2016-11-22 16:16:17] /mobile/api/weixin/respond.php ( act=index&op=index ) 
ERR: Db Error: You have an error in your SQL syntax; check the manual that corresponds to your MySQL server version for the right syntax to use near ')' at line 1
update zmkj_goods set `goods_salenum`=`goods_salenum`+1 where goods_id in ()
[2016-11-22 16:17:09] /mobile/api/alipay/notify_url.php ( act=index&op=index ) 
ERR: Db Error: You have an error in your SQL syntax; check the manual that corresponds to your MySQL server version for the right syntax to use near ')' at line 1
update zmkj_goods set `goods_salenum`=`goods_salenum`+1 where goods_id in ()
[2016-11-22 16:18:14] /shop/index.php ( act=mobile&op=addbrowse ) 
ERR: Db Error: Duplicate entry '100174-57' for key 'PRIMARY'
INSERT  INTO `zmkj_goods_browse` (goods_id,member_id,browsetime,gc_id,gc_id_1,gc_id_2,gc_id_3) VALUES ('100174','57','1479802694','1072','308','1071','1072')
[2016-11-22 16:18:42] /mobile/api/alipay/notify_url.php ( act=index&op=index ) 
ERR: Db Error: You have an error in your SQL syntax; check the manual that corresponds to your MySQL server version for the right syntax to use near ')' at line 1
update zmkj_goods set `goods_salenum`=`goods_salenum`+1 where goods_id in ()
[2016-11-22 16:19:17] /shop/index.php ( act=mobile&op=addbrowse ) 
ERR: Db Error: Duplicate entry '100126-138' for key 'PRIMARY'
INSERT  INTO `zmkj_goods_browse` (goods_id,member_id,browsetime,gc_id,gc_id_1,gc_id_2,gc_id_3) VALUES ('100126','138','1479802757','1126','1124','1125','1126')
[2016-11-22 16:21:16] /mobile/api/alipay/notify_url.php ( act=index&op=index ) 
ERR: Db Error: You have an error in your SQL syntax; check the manual that corresponds to your MySQL server version for the right syntax to use near ')' at line 1
update zmkj_goods set `goods_salenum`=`goods_salenum`+1 where goods_id in ()
[2016-11-22 16:24:31] /shop/index.php?act=goods&op=index&goods_id=100012 ( act=goods&op=index ) 
ERR: Db Error: Unknown column 'geval_image_again' in 'where clause'
SELECT COUNT(*) AS nc_count FROM `zmkj_evaluate_goods` WHERE ( geval_goodsid = '100012' ) AND ( (geval_image <> '') OR (geval_image_again <> '') ) LIMIT 1  
[2016-11-22 16:26:40] /mobile/api/alipay/notify_url.php ( act=index&op=index ) 
ERR: Db Error: You have an error in your SQL syntax; check the manual that corresponds to your MySQL server version for the right syntax to use near ')' at line 1
update zmkj_goods set `goods_salenum`=`goods_salenum`+1 where goods_id in ()
[2016-11-22 16:28:26] /mobile/api/alipay/notify_url.php ( act=index&op=index ) 
ERR: Db Error: You have an error in your SQL syntax; check the manual that corresponds to your MySQL server version for the right syntax to use near ')' at line 1
update zmkj_goods set `goods_salenum`=`goods_salenum`+1 where goods_id in ()
[2016-11-22 16:35:51] /mobile/api/alipay/notify_url.php ( act=index&op=index ) 
ERR: Db Error: You have an error in your SQL syntax; check the manual that corresponds to your MySQL server version for the right syntax to use near ')' at line 1
update zmkj_goods set `goods_salenum`=`goods_salenum`+1 where goods_id in ()
[2016-11-22 16:36:06] /mobile/api/alipay/notify_url.php ( act=index&op=index ) 
ERR: Db Error: You have an error in your SQL syntax; check the manual that corresponds to your MySQL server version for the right syntax to use near ')' at line 1
update zmkj_goods set `goods_salenum`=`goods_salenum`+1 where goods_id in ()
[2016-11-22 16:45:35] /mobile/api/alipay/notify_url.php ( act=index&op=index ) 
ERR: Db Error: You have an error in your SQL syntax; check the manual that corresponds to your MySQL server version for the right syntax to use near ')' at line 1
update zmkj_goods set `goods_salenum`=`goods_salenum`+1 where goods_id in ()
[2016-11-22 16:51:38] /shop/index.php ( act=mobile&op=addbrowse ) 
ERR: Db Error: Duplicate entry '100314-60' for key 'PRIMARY'
INSERT  INTO `zmkj_goods_browse` (goods_id,member_id,browsetime,gc_id,gc_id_1,gc_id_2,gc_id_3) VALUES ('100314','60','1479804698','1126','1124','1125','1126')
[2016-11-22 16:53:23] /shop/index.php?act=goods&op=index&goods_id=100063 ( act=goods&op=index ) 
ERR: Db Error: Unknown column 'geval_image_again' in 'where clause'
SELECT COUNT(*) AS nc_count FROM `zmkj_evaluate_goods` WHERE ( geval_goodsid = '100063' ) AND ( (geval_image <> '') OR (geval_image_again <> '') ) LIMIT 1  
[2016-11-22 16:54:10] /shop/index.php?act=goods&op=index&goods_id=100354 ( act=goods&op=index ) 
ERR: Db Error: Unknown column 'geval_image_again' in 'where clause'
SELECT COUNT(*) AS nc_count FROM `zmkj_evaluate_goods` WHERE ( geval_goodsid = '100354' ) AND ( (geval_image <> '') OR (geval_image_again <> '') ) LIMIT 1  
[2016-11-22 17:14:05] /mobile/api/alipay/notify_url.php ( act=index&op=index ) 
ERR: Db Error: You have an error in your SQL syntax; check the manual that corresponds to your MySQL server version for the right syntax to use near ')' at line 1
update zmkj_goods set `goods_salenum`=`goods_salenum`+1 where goods_id in ()
[2016-11-22 17:14:33] /shop/index.php?act=goods&op=index&goods_id=100468 ( act=goods&op=index ) 
ERR: Db Error: Unknown column 'geval_image_again' in 'where clause'
SELECT COUNT(*) AS nc_count FROM `zmkj_evaluate_goods` WHERE ( geval_goodsid = '100468' ) AND ( (geval_image <> '') OR (geval_image_again <> '') ) LIMIT 1  
[2016-11-22 17:21:34] /mobile/api/alipay/notify_url.php ( act=index&op=index ) 
ERR: Db Error: You have an error in your SQL syntax; check the manual that corresponds to your MySQL server version for the right syntax to use near ')' at line 1
update zmkj_goods set `goods_salenum`=`goods_salenum`+1 where goods_id in ()
[2016-11-22 17:25:04] /mobile/api/alipay/notify_url.php ( act=index&op=index ) 
ERR: Db Error: You have an error in your SQL syntax; check the manual that corresponds to your MySQL server version for the right syntax to use near ')' at line 1
update zmkj_goods set `goods_salenum`=`goods_salenum`+1 where goods_id in ()
[2016-11-22 17:25:56] /mobile/index.php?act=index&op=shebeiinfo&goods_id=100017 ( act=index&op=shebeiinfo ) 
ERR: Db Error: Table 'bangongshi.zmkj_table' doesn't exist
SELECT * FROM `zmkj_table` WHERE ( store_id = '1' ) LIMIT 1  
[2016-11-22 17:30:13] /mobile/api/alipay/notify_url.php ( act=index&op=index ) 
ERR: Db Error: You have an error in your SQL syntax; check the manual that corresponds to your MySQL server version for the right syntax to use near ')' at line 1
update zmkj_goods set `goods_salenum`=`goods_salenum`+1 where goods_id in ()
[2016-11-22 17:45:51] /mobile/api/alipay/notify_url.php ( act=index&op=index ) 
ERR: Db Error: You have an error in your SQL syntax; check the manual that corresponds to your MySQL server version for the right syntax to use near ')' at line 1
update zmkj_goods set `goods_salenum`=`goods_salenum`+1 where goods_id in ()
[2016-11-22 17:48:52] /mobile/api/alipay/notify_url.php ( act=index&op=index ) 
ERR: Db Error: You have an error in your SQL syntax; check the manual that corresponds to your MySQL server version for the right syntax to use near ')' at line 1
update zmkj_goods set `goods_salenum`=`goods_salenum`+1 where goods_id in ()
[2016-11-22 18:10:45] /mobile/api/alipay/notify_url.php ( act=index&op=index ) 
ERR: Db Error: You have an error in your SQL syntax; check the manual that corresponds to your MySQL server version for the right syntax to use near ')' at line 1
update zmkj_goods set `goods_salenum`=`goods_salenum`+1 where goods_id in ()
[2016-11-22 18:13:47] /mobile/api/alipay/notify_url.php ( act=index&op=index ) 
ERR: Db Error: You have an error in your SQL syntax; check the manual that corresponds to your MySQL server version for the right syntax to use near ')' at line 1
update zmkj_goods set `goods_salenum`=`goods_salenum`+1 where goods_id in ()
[2016-11-22 18:34:05] /mobile/api/alipay/notify_url.php ( act=index&op=index ) 
ERR: Db Error: You have an error in your SQL syntax; check the manual that corresponds to your MySQL server version for the right syntax to use near ')' at line 1
update zmkj_goods set `goods_salenum`=`goods_salenum`+1 where goods_id in ()
[2016-11-22 18:40:32] /shop/index.php?act=goods&op=comments_list&goods_id=100237 ( act=goods&op=comments_list ) 
ERR: Db Error: Unknown column 'geval_image_again' in 'where clause'
SELECT COUNT(*) AS nc_count FROM `zmkj_evaluate_goods` WHERE ( geval_goodsid = '100237' ) AND ( (geval_image <> '') OR (geval_image_again <> '') ) LIMIT 1  
[2016-11-22 19:14:33] /mobile/api/alipay/notify_url.php ( act=index&op=index ) 
ERR: Db Error: You have an error in your SQL syntax; check the manual that corresponds to your MySQL server version for the right syntax to use near ')' at line 1
update zmkj_goods set `goods_salenum`=`goods_salenum`+1 where goods_id in ()
[2016-11-22 19:16:01] /shop/index.php?act=goods&op=index&goods_id=100337 ( act=goods&op=index ) 
ERR: Db Error: Unknown column 'geval_image_again' in 'where clause'
SELECT COUNT(*) AS nc_count FROM `zmkj_evaluate_goods` WHERE ( geval_goodsid = '100337' ) AND ( (geval_image <> '') OR (geval_image_again <> '') ) LIMIT 1  
[2016-11-22 19:20:27] /mobile/api/alipay/notify_url.php ( act=index&op=index ) 
ERR: Db Error: You have an error in your SQL syntax; check the manual that corresponds to your MySQL server version for the right syntax to use near ')' at line 1
update zmkj_goods set `goods_salenum`=`goods_salenum`+1 where goods_id in ()
[2016-11-22 19:25:24] /mobile/api/alipay/notify_url.php ( act=index&op=index ) 
ERR: Db Error: You have an error in your SQL syntax; check the manual that corresponds to your MySQL server version for the right syntax to use near ')' at line 1
update zmkj_goods set `goods_salenum`=`goods_salenum`+1 where goods_id in ()
[2016-11-22 19:44:32] /mobile/api/alipay/notify_url.php ( act=index&op=index ) 
ERR: Db Error: You have an error in your SQL syntax; check the manual that corresponds to your MySQL server version for the right syntax to use near ')' at line 1
update zmkj_goods set `goods_salenum`=`goods_salenum`+1 where goods_id in ()
[2016-11-22 19:50:32] /mobile/api/alipay/notify_url.php ( act=index&op=index ) 
ERR: Db Error: You have an error in your SQL syntax; check the manual that corresponds to your MySQL server version for the right syntax to use near ')' at line 1
update zmkj_goods set `goods_salenum`=`goods_salenum`+1 where goods_id in ()
[2016-11-22 20:42:32] /shop/index.php?act=goods&goods_id=100227&op=index ( act=goods&op=index ) 
ERR: Db Error: Unknown column 'geval_image_again' in 'where clause'
SELECT COUNT(*) AS nc_count FROM `zmkj_evaluate_goods` WHERE ( geval_goodsid = '100227' ) AND ( (geval_image <> '') OR (geval_image_again <> '') ) LIMIT 1  
[2016-11-22 20:47:49] /shop/index.php?act=goods&goods_id=100234&op=index ( act=goods&op=index ) 
ERR: Db Error: Unknown column 'geval_image_again' in 'where clause'
SELECT COUNT(*) AS nc_count FROM `zmkj_evaluate_goods` WHERE ( geval_goodsid = '100234' ) AND ( (geval_image <> '') OR (geval_image_again <> '') ) LIMIT 1  
[2016-11-22 21:02:33] /shop/index.php?act=goods&goods_id=100265&op=comments_list ( act=goods&op=comments_list ) 
ERR: Db Error: Unknown column 'geval_image_again' in 'where clause'
SELECT COUNT(*) AS nc_count FROM `zmkj_evaluate_goods` WHERE ( geval_goodsid = '100265' ) AND ( (geval_image <> '') OR (geval_image_again <> '') ) LIMIT 1  
[2016-11-22 21:18:28] /shop/index.php?act=goods&goods_id=100354&op=index ( act=goods&op=index ) 
ERR: Db Error: Unknown column 'geval_image_again' in 'where clause'
SELECT COUNT(*) AS nc_count FROM `zmkj_evaluate_goods` WHERE ( geval_goodsid = '100354' ) AND ( (geval_image <> '') OR (geval_image_again <> '') ) LIMIT 1  
[2016-11-22 23:31:45] /mobile/api/alipay/notify_url.php ( act=index&op=index ) 
ERR: Db Error: You have an error in your SQL syntax; check the manual that corresponds to your MySQL server version for the right syntax to use near ')' at line 1
update zmkj_goods set `goods_salenum`=`goods_salenum`+1 where goods_id in ()
[2016-11-22 23:48:14] /mobile/api/alipay/notify_url.php ( act=index&op=index ) 
ERR: Db Error: You have an error in your SQL syntax; check the manual that corresponds to your MySQL server version for the right syntax to use near ')' at line 1
update zmkj_goods set `goods_salenum`=`goods_salenum`+1 where goods_id in ()
