[2016-11-13 02:28:50] /shop/index.php?act=goods&goods_id=100236&op=comments_list ( act=goods&op=comments_list ) 
ERR: Db Error: Unknown column 'geval_image_again' in 'where clause'
SELECT COUNT(*) AS nc_count FROM `zmkj_evaluate_goods` WHERE ( geval_goodsid = '100236' ) AND ( (geval_image <> '') OR (geval_image_again <> '') ) LIMIT 1  
[2016-11-13 05:27:09] /shop/index.php?act=goods&op=comments_list&goods_id=100208 ( act=goods&op=comments_list ) 
ERR: Db Error: Unknown column 'geval_image_again' in 'where clause'
SELECT COUNT(*) AS nc_count FROM `zmkj_evaluate_goods` WHERE ( geval_goodsid = '100208' ) AND ( (geval_image <> '') OR (geval_image_again <> '') ) LIMIT 1  
[2016-11-13 05:27:58] /shop/index.php?act=goods&op=comments_list&goods_id=100174 ( act=goods&op=comments_list ) 
ERR: Db Error: Unknown column 'geval_image_again' in 'where clause'
SELECT COUNT(*) AS nc_count FROM `zmkj_evaluate_goods` WHERE ( geval_goodsid = '100174' ) AND ( (geval_image <> '') OR (geval_image_again <> '') ) LIMIT 1  
[2016-11-13 06:53:01] /shop/index.php?act=goods&goods_id=100235&op=index ( act=goods&op=index ) 
ERR: Db Error: Unknown column 'geval_image_again' in 'where clause'
SELECT COUNT(*) AS nc_count FROM `zmkj_evaluate_goods` WHERE ( geval_goodsid = '100235' ) AND ( (geval_image <> '') OR (geval_image_again <> '') ) LIMIT 1  
[2016-11-13 07:45:36] /shop/index.php?act=goods&goods_id=100235&op=comments_list ( act=goods&op=comments_list ) 
ERR: Db Error: Unknown column 'geval_image_again' in 'where clause'
SELECT COUNT(*) AS nc_count FROM `zmkj_evaluate_goods` WHERE ( geval_goodsid = '100235' ) AND ( (geval_image <> '') OR (geval_image_again <> '') ) LIMIT 1  
[2016-11-13 08:35:59] /shop/index.php?act=goods&goods_id=100160&op=comments_list ( act=goods&op=comments_list ) 
ERR: Db Error: Unknown column 'geval_image_again' in 'where clause'
SELECT COUNT(*) AS nc_count FROM `zmkj_evaluate_goods` WHERE ( geval_goodsid = '100160' ) AND ( (geval_image <> '') OR (geval_image_again <> '') ) LIMIT 1  
[2016-11-13 09:24:47] /mobile/api/weixin/respond.php ( act=index&op=index ) 
ERR: Db Error: You have an error in your SQL syntax; check the manual that corresponds to your MySQL server version for the right syntax to use near ')' at line 1
update zmkj_goods set `goods_salenum`=`goods_salenum`+1 where goods_id in ()
[2016-11-13 09:25:00] /mobile/api/weixin/respond.php ( act=index&op=index ) 
ERR: Db Error: You have an error in your SQL syntax; check the manual that corresponds to your MySQL server version for the right syntax to use near ')' at line 1
update zmkj_goods set `goods_salenum`=`goods_salenum`+1 where goods_id in ()
[2016-11-13 09:25:16] /mobile/api/weixin/respond.php ( act=index&op=index ) 
ERR: Db Error: You have an error in your SQL syntax; check the manual that corresponds to your MySQL server version for the right syntax to use near ')' at line 1
update zmkj_goods set `goods_salenum`=`goods_salenum`+1 where goods_id in ()
[2016-11-13 09:25:48] /mobile/api/weixin/respond.php ( act=index&op=index ) 
ERR: Db Error: You have an error in your SQL syntax; check the manual that corresponds to your MySQL server version for the right syntax to use near ')' at line 1
update zmkj_goods set `goods_salenum`=`goods_salenum`+1 where goods_id in ()
[2016-11-13 09:25:54] /shop/index.php?act=goods&op=index&goods_id=100037 ( act=goods&op=index ) 
ERR: Db Error: Unknown column 'geval_image_again' in 'where clause'
SELECT COUNT(*) AS nc_count FROM `zmkj_evaluate_goods` WHERE ( geval_goodsid = '100037' ) AND ( (geval_image <> '') OR (geval_image_again <> '') ) LIMIT 1  
[2016-11-13 09:28:52] /mobile/api/weixin/respond.php ( act=index&op=index ) 
ERR: Db Error: You have an error in your SQL syntax; check the manual that corresponds to your MySQL server version for the right syntax to use near ')' at line 1
update zmkj_goods set `goods_salenum`=`goods_salenum`+1 where goods_id in ()
[2016-11-13 09:58:55] /mobile/api/weixin/respond.php ( act=index&op=index ) 
ERR: Db Error: You have an error in your SQL syntax; check the manual that corresponds to your MySQL server version for the right syntax to use near ')' at line 1
update zmkj_goods set `goods_salenum`=`goods_salenum`+1 where goods_id in ()
[2016-11-13 10:28:57] /mobile/api/weixin/respond.php ( act=index&op=index ) 
ERR: Db Error: You have an error in your SQL syntax; check the manual that corresponds to your MySQL server version for the right syntax to use near ')' at line 1
update zmkj_goods set `goods_salenum`=`goods_salenum`+1 where goods_id in ()
[2016-11-13 10:59:01] /mobile/api/weixin/respond.php ( act=index&op=index ) 
ERR: Db Error: You have an error in your SQL syntax; check the manual that corresponds to your MySQL server version for the right syntax to use near ')' at line 1
update zmkj_goods set `goods_salenum`=`goods_salenum`+1 where goods_id in ()
[2016-11-13 11:06:22] /shop/index.php?act=goods&op=index&goods_id=100311 ( act=goods&op=index ) 
ERR: Db Error: Unknown column 'geval_image_again' in 'where clause'
SELECT COUNT(*) AS nc_count FROM `zmkj_evaluate_goods` WHERE ( geval_goodsid = '100311' ) AND ( (geval_image <> '') OR (geval_image_again <> '') ) LIMIT 1  
[2016-11-13 11:06:35] /shop/index.php?act=goods&op=comments_list&goods_id=100313 ( act=goods&op=comments_list ) 
ERR: Db Error: Unknown column 'geval_image_again' in 'where clause'
SELECT COUNT(*) AS nc_count FROM `zmkj_evaluate_goods` WHERE ( geval_goodsid = '100313' ) AND ( (geval_image <> '') OR (geval_image_again <> '') ) LIMIT 1  
[2016-11-13 11:06:55] /shop/index.php?act=goods&op=comments_list&goods_id=100312 ( act=goods&op=comments_list ) 
ERR: Db Error: Unknown column 'geval_image_again' in 'where clause'
SELECT COUNT(*) AS nc_count FROM `zmkj_evaluate_goods` WHERE ( geval_goodsid = '100312' ) AND ( (geval_image <> '') OR (geval_image_again <> '') ) LIMIT 1  
[2016-11-13 11:06:56] /shop/index.php?act=goods&op=index&goods_id=100304 ( act=goods&op=index ) 
ERR: Db Error: Unknown column 'geval_image_again' in 'where clause'
SELECT COUNT(*) AS nc_count FROM `zmkj_evaluate_goods` WHERE ( geval_goodsid = '100304' ) AND ( (geval_image <> '') OR (geval_image_again <> '') ) LIMIT 1  
[2016-11-13 11:06:58] /shop/index.php?act=goods&op=comments_list&goods_id=100304 ( act=goods&op=comments_list ) 
ERR: Db Error: Unknown column 'geval_image_again' in 'where clause'
SELECT COUNT(*) AS nc_count FROM `zmkj_evaluate_goods` WHERE ( geval_goodsid = '100304' ) AND ( (geval_image <> '') OR (geval_image_again <> '') ) LIMIT 1  
[2016-11-13 11:06:59] /shop/index.php?act=goods&op=index&goods_id=100312 ( act=goods&op=index ) 
ERR: Db Error: Unknown column 'geval_image_again' in 'where clause'
SELECT COUNT(*) AS nc_count FROM `zmkj_evaluate_goods` WHERE ( geval_goodsid = '100312' ) AND ( (geval_image <> '') OR (geval_image_again <> '') ) LIMIT 1  
[2016-11-13 11:07:01] /shop/index.php?act=goods&op=index&goods_id=100306 ( act=goods&op=index ) 
ERR: Db Error: Unknown column 'geval_image_again' in 'where clause'
SELECT COUNT(*) AS nc_count FROM `zmkj_evaluate_goods` WHERE ( geval_goodsid = '100306' ) AND ( (geval_image <> '') OR (geval_image_again <> '') ) LIMIT 1  
[2016-11-13 11:07:02] /shop/index.php?act=goods&op=comments_list&goods_id=100306 ( act=goods&op=comments_list ) 
ERR: Db Error: Unknown column 'geval_image_again' in 'where clause'
SELECT COUNT(*) AS nc_count FROM `zmkj_evaluate_goods` WHERE ( geval_goodsid = '100306' ) AND ( (geval_image <> '') OR (geval_image_again <> '') ) LIMIT 1  
[2016-11-13 11:07:03] /shop/index.php?act=goods&op=index&goods_id=100307 ( act=goods&op=index ) 
ERR: Db Error: Unknown column 'geval_image_again' in 'where clause'
SELECT COUNT(*) AS nc_count FROM `zmkj_evaluate_goods` WHERE ( geval_goodsid = '100307' ) AND ( (geval_image <> '') OR (geval_image_again <> '') ) LIMIT 1  
[2016-11-13 11:07:05] /shop/index.php?act=goods&op=comments_list&goods_id=100307 ( act=goods&op=comments_list ) 
ERR: Db Error: Unknown column 'geval_image_again' in 'where clause'
SELECT COUNT(*) AS nc_count FROM `zmkj_evaluate_goods` WHERE ( geval_goodsid = '100307' ) AND ( (geval_image <> '') OR (geval_image_again <> '') ) LIMIT 1  
[2016-11-13 11:07:07] /shop/index.php?act=goods&op=comments_list&goods_id=100302 ( act=goods&op=comments_list ) 
ERR: Db Error: Unknown column 'geval_image_again' in 'where clause'
SELECT COUNT(*) AS nc_count FROM `zmkj_evaluate_goods` WHERE ( geval_goodsid = '100302' ) AND ( (geval_image <> '') OR (geval_image_again <> '') ) LIMIT 1  
[2016-11-13 11:07:09] /shop/index.php?act=goods&op=index&goods_id=100302 ( act=goods&op=index ) 
ERR: Db Error: Unknown column 'geval_image_again' in 'where clause'
SELECT COUNT(*) AS nc_count FROM `zmkj_evaluate_goods` WHERE ( geval_goodsid = '100302' ) AND ( (geval_image <> '') OR (geval_image_again <> '') ) LIMIT 1  
[2016-11-13 11:07:12] /shop/index.php?act=goods&op=comments_list&goods_id=100303 ( act=goods&op=comments_list ) 
ERR: Db Error: Unknown column 'geval_image_again' in 'where clause'
SELECT COUNT(*) AS nc_count FROM `zmkj_evaluate_goods` WHERE ( geval_goodsid = '100303' ) AND ( (geval_image <> '') OR (geval_image_again <> '') ) LIMIT 1  
[2016-11-13 11:07:14] /shop/index.php?act=goods&op=index&goods_id=100308 ( act=goods&op=index ) 
ERR: Db Error: Unknown column 'geval_image_again' in 'where clause'
SELECT COUNT(*) AS nc_count FROM `zmkj_evaluate_goods` WHERE ( geval_goodsid = '100308' ) AND ( (geval_image <> '') OR (geval_image_again <> '') ) LIMIT 1  
[2016-11-13 11:07:16] /shop/index.php?act=goods&op=index&goods_id=100303 ( act=goods&op=index ) 
ERR: Db Error: Unknown column 'geval_image_again' in 'where clause'
SELECT COUNT(*) AS nc_count FROM `zmkj_evaluate_goods` WHERE ( geval_goodsid = '100303' ) AND ( (geval_image <> '') OR (geval_image_again <> '') ) LIMIT 1  
[2016-11-13 11:07:18] /shop/index.php?act=goods&op=comments_list&goods_id=100311 ( act=goods&op=comments_list ) 
ERR: Db Error: Unknown column 'geval_image_again' in 'where clause'
SELECT COUNT(*) AS nc_count FROM `zmkj_evaluate_goods` WHERE ( geval_goodsid = '100311' ) AND ( (geval_image <> '') OR (geval_image_again <> '') ) LIMIT 1  
[2016-11-13 11:07:20] /shop/index.php?act=goods&op=index&goods_id=100305 ( act=goods&op=index ) 
ERR: Db Error: Unknown column 'geval_image_again' in 'where clause'
SELECT COUNT(*) AS nc_count FROM `zmkj_evaluate_goods` WHERE ( geval_goodsid = '100305' ) AND ( (geval_image <> '') OR (geval_image_again <> '') ) LIMIT 1  
[2016-11-13 11:07:22] /shop/index.php?act=goods&op=comments_list&goods_id=100305 ( act=goods&op=comments_list ) 
ERR: Db Error: Unknown column 'geval_image_again' in 'where clause'
SELECT COUNT(*) AS nc_count FROM `zmkj_evaluate_goods` WHERE ( geval_goodsid = '100305' ) AND ( (geval_image <> '') OR (geval_image_again <> '') ) LIMIT 1  
[2016-11-13 11:07:24] /shop/index.php?act=goods&op=comments_list&goods_id=100308 ( act=goods&op=comments_list ) 
ERR: Db Error: Unknown column 'geval_image_again' in 'where clause'
SELECT COUNT(*) AS nc_count FROM `zmkj_evaluate_goods` WHERE ( geval_goodsid = '100308' ) AND ( (geval_image <> '') OR (geval_image_again <> '') ) LIMIT 1  
[2016-11-13 11:07:26] /shop/index.php?act=goods&op=index&goods_id=100313 ( act=goods&op=index ) 
ERR: Db Error: Unknown column 'geval_image_again' in 'where clause'
SELECT COUNT(*) AS nc_count FROM `zmkj_evaluate_goods` WHERE ( geval_goodsid = '100313' ) AND ( (geval_image <> '') OR (geval_image_again <> '') ) LIMIT 1  
[2016-11-13 11:07:29] /shop/index.php?act=goods&op=comments_list&goods_id=100290 ( act=goods&op=comments_list ) 
ERR: Db Error: Unknown column 'geval_image_again' in 'where clause'
SELECT COUNT(*) AS nc_count FROM `zmkj_evaluate_goods` WHERE ( geval_goodsid = '100290' ) AND ( (geval_image <> '') OR (geval_image_again <> '') ) LIMIT 1  
[2016-11-13 11:07:31] /shop/index.php?act=goods&op=index&goods_id=100284 ( act=goods&op=index ) 
ERR: Db Error: Unknown column 'geval_image_again' in 'where clause'
SELECT COUNT(*) AS nc_count FROM `zmkj_evaluate_goods` WHERE ( geval_goodsid = '100284' ) AND ( (geval_image <> '') OR (geval_image_again <> '') ) LIMIT 1  
[2016-11-13 11:07:33] /shop/index.php?act=goods&op=comments_list&goods_id=100284 ( act=goods&op=comments_list ) 
ERR: Db Error: Unknown column 'geval_image_again' in 'where clause'
SELECT COUNT(*) AS nc_count FROM `zmkj_evaluate_goods` WHERE ( geval_goodsid = '100284' ) AND ( (geval_image <> '') OR (geval_image_again <> '') ) LIMIT 1  
[2016-11-13 11:07:35] /shop/index.php?act=goods&op=index&goods_id=100285 ( act=goods&op=index ) 
ERR: Db Error: Unknown column 'geval_image_again' in 'where clause'
SELECT COUNT(*) AS nc_count FROM `zmkj_evaluate_goods` WHERE ( geval_goodsid = '100285' ) AND ( (geval_image <> '') OR (geval_image_again <> '') ) LIMIT 1  
[2016-11-13 11:07:37] /shop/index.php?act=goods&op=index&goods_id=100288 ( act=goods&op=index ) 
ERR: Db Error: Unknown column 'geval_image_again' in 'where clause'
SELECT COUNT(*) AS nc_count FROM `zmkj_evaluate_goods` WHERE ( geval_goodsid = '100288' ) AND ( (geval_image <> '') OR (geval_image_again <> '') ) LIMIT 1  
[2016-11-13 11:07:39] /shop/index.php?act=goods&op=index&goods_id=100292 ( act=goods&op=index ) 
ERR: Db Error: Unknown column 'geval_image_again' in 'where clause'
SELECT COUNT(*) AS nc_count FROM `zmkj_evaluate_goods` WHERE ( geval_goodsid = '100292' ) AND ( (geval_image <> '') OR (geval_image_again <> '') ) LIMIT 1  
[2016-11-13 11:07:42] /shop/index.php?act=goods&op=index&goods_id=100289 ( act=goods&op=index ) 
ERR: Db Error: Unknown column 'geval_image_again' in 'where clause'
SELECT COUNT(*) AS nc_count FROM `zmkj_evaluate_goods` WHERE ( geval_goodsid = '100289' ) AND ( (geval_image <> '') OR (geval_image_again <> '') ) LIMIT 1  
[2016-11-13 11:07:44] /shop/index.php?act=goods&op=comments_list&goods_id=100288 ( act=goods&op=comments_list ) 
ERR: Db Error: Unknown column 'geval_image_again' in 'where clause'
SELECT COUNT(*) AS nc_count FROM `zmkj_evaluate_goods` WHERE ( geval_goodsid = '100288' ) AND ( (geval_image <> '') OR (geval_image_again <> '') ) LIMIT 1  
[2016-11-13 11:07:45] /shop/index.php?act=goods&op=comments_list&goods_id=100291 ( act=goods&op=comments_list ) 
ERR: Db Error: Unknown column 'geval_image_again' in 'where clause'
SELECT COUNT(*) AS nc_count FROM `zmkj_evaluate_goods` WHERE ( geval_goodsid = '100291' ) AND ( (geval_image <> '') OR (geval_image_again <> '') ) LIMIT 1  
[2016-11-13 11:07:48] /shop/index.php?act=goods&op=index&goods_id=100291 ( act=goods&op=index ) 
ERR: Db Error: Unknown column 'geval_image_again' in 'where clause'
SELECT COUNT(*) AS nc_count FROM `zmkj_evaluate_goods` WHERE ( geval_goodsid = '100291' ) AND ( (geval_image <> '') OR (geval_image_again <> '') ) LIMIT 1  
[2016-11-13 11:07:50] /shop/index.php?act=goods&op=comments_list&goods_id=100289 ( act=goods&op=comments_list ) 
ERR: Db Error: Unknown column 'geval_image_again' in 'where clause'
SELECT COUNT(*) AS nc_count FROM `zmkj_evaluate_goods` WHERE ( geval_goodsid = '100289' ) AND ( (geval_image <> '') OR (geval_image_again <> '') ) LIMIT 1  
[2016-11-13 11:07:52] /shop/index.php?act=goods&op=comments_list&goods_id=100285 ( act=goods&op=comments_list ) 
ERR: Db Error: Unknown column 'geval_image_again' in 'where clause'
SELECT COUNT(*) AS nc_count FROM `zmkj_evaluate_goods` WHERE ( geval_goodsid = '100285' ) AND ( (geval_image <> '') OR (geval_image_again <> '') ) LIMIT 1  
[2016-11-13 11:07:54] /shop/index.php?act=goods&op=comments_list&goods_id=100292 ( act=goods&op=comments_list ) 
ERR: Db Error: Unknown column 'geval_image_again' in 'where clause'
SELECT COUNT(*) AS nc_count FROM `zmkj_evaluate_goods` WHERE ( geval_goodsid = '100292' ) AND ( (geval_image <> '') OR (geval_image_again <> '') ) LIMIT 1  
[2016-11-13 11:07:56] /shop/index.php?act=goods&op=index&goods_id=100287 ( act=goods&op=index ) 
ERR: Db Error: Unknown column 'geval_image_again' in 'where clause'
SELECT COUNT(*) AS nc_count FROM `zmkj_evaluate_goods` WHERE ( geval_goodsid = '100287' ) AND ( (geval_image <> '') OR (geval_image_again <> '') ) LIMIT 1  
[2016-11-13 11:07:59] /shop/index.php?act=goods&op=index&goods_id=100286 ( act=goods&op=index ) 
ERR: Db Error: Unknown column 'geval_image_again' in 'where clause'
SELECT COUNT(*) AS nc_count FROM `zmkj_evaluate_goods` WHERE ( geval_goodsid = '100286' ) AND ( (geval_image <> '') OR (geval_image_again <> '') ) LIMIT 1  
[2016-11-13 11:08:01] /shop/index.php?act=goods&op=comments_list&goods_id=100286 ( act=goods&op=comments_list ) 
ERR: Db Error: Unknown column 'geval_image_again' in 'where clause'
SELECT COUNT(*) AS nc_count FROM `zmkj_evaluate_goods` WHERE ( geval_goodsid = '100286' ) AND ( (geval_image <> '') OR (geval_image_again <> '') ) LIMIT 1  
[2016-11-13 11:08:03] /shop/index.php?act=goods&op=index&goods_id=100290 ( act=goods&op=index ) 
ERR: Db Error: Unknown column 'geval_image_again' in 'where clause'
SELECT COUNT(*) AS nc_count FROM `zmkj_evaluate_goods` WHERE ( geval_goodsid = '100290' ) AND ( (geval_image <> '') OR (geval_image_again <> '') ) LIMIT 1  
[2016-11-13 11:08:06] /shop/index.php?act=goods&op=comments_list&goods_id=100287 ( act=goods&op=comments_list ) 
ERR: Db Error: Unknown column 'geval_image_again' in 'where clause'
SELECT COUNT(*) AS nc_count FROM `zmkj_evaluate_goods` WHERE ( geval_goodsid = '100287' ) AND ( (geval_image <> '') OR (geval_image_again <> '') ) LIMIT 1  
[2016-11-13 11:10:05] /shop/index.php?act=goods&op=index&goods_id=100298 ( act=goods&op=index ) 
ERR: Db Error: Unknown column 'geval_image_again' in 'where clause'
SELECT COUNT(*) AS nc_count FROM `zmkj_evaluate_goods` WHERE ( geval_goodsid = '100298' ) AND ( (geval_image <> '') OR (geval_image_again <> '') ) LIMIT 1  
[2016-11-13 11:10:30] /shop/index.php?act=goods&op=comments_list&goods_id=100305&type=2 ( act=goods&op=comments_list ) 
ERR: Db Error: Unknown column 'geval_image_again' in 'where clause'
SELECT COUNT(*) AS nc_count FROM `zmkj_evaluate_goods` WHERE ( geval_goodsid = '100305' ) AND ( (geval_image <> '') OR (geval_image_again <> '') ) LIMIT 1  
[2016-11-13 11:10:41] /shop/index.php?act=goods&op=index&goods_id=100300 ( act=goods&op=index ) 
ERR: Db Error: Unknown column 'geval_image_again' in 'where clause'
SELECT COUNT(*) AS nc_count FROM `zmkj_evaluate_goods` WHERE ( geval_goodsid = '100300' ) AND ( (geval_image <> '') OR (geval_image_again <> '') ) LIMIT 1  
[2016-11-13 11:10:58] /shop/index.php?act=goods&op=index&goods_id=100309 ( act=goods&op=index ) 
ERR: Db Error: Unknown column 'geval_image_again' in 'where clause'
SELECT COUNT(*) AS nc_count FROM `zmkj_evaluate_goods` WHERE ( geval_goodsid = '100309' ) AND ( (geval_image <> '') OR (geval_image_again <> '') ) LIMIT 1  
[2016-11-13 11:11:03] /shop/index.php?act=goods&op=index&goods_id=100299 ( act=goods&op=index ) 
ERR: Db Error: Unknown column 'geval_image_again' in 'where clause'
SELECT COUNT(*) AS nc_count FROM `zmkj_evaluate_goods` WHERE ( geval_goodsid = '100299' ) AND ( (geval_image <> '') OR (geval_image_again <> '') ) LIMIT 1  
[2016-11-13 11:11:09] /shop/index.php?act=goods&op=index&goods_id=100296 ( act=goods&op=index ) 
ERR: Db Error: Unknown column 'geval_image_again' in 'where clause'
SELECT COUNT(*) AS nc_count FROM `zmkj_evaluate_goods` WHERE ( geval_goodsid = '100296' ) AND ( (geval_image <> '') OR (geval_image_again <> '') ) LIMIT 1  
[2016-11-13 11:11:23] /shop/index.php?act=goods&op=comments_list&goods_id=100305&type=1 ( act=goods&op=comments_list ) 
ERR: Db Error: Unknown column 'geval_image_again' in 'where clause'
SELECT COUNT(*) AS nc_count FROM `zmkj_evaluate_goods` WHERE ( geval_goodsid = '100305' ) AND ( (geval_image <> '') OR (geval_image_again <> '') ) LIMIT 1  
[2016-11-13 11:11:32] /shop/index.php?act=goods&op=index&goods_id=100301 ( act=goods&op=index ) 
ERR: Db Error: Unknown column 'geval_image_again' in 'where clause'
SELECT COUNT(*) AS nc_count FROM `zmkj_evaluate_goods` WHERE ( geval_goodsid = '100301' ) AND ( (geval_image <> '') OR (geval_image_again <> '') ) LIMIT 1  
[2016-11-13 11:11:43] /shop/index.php?act=goods&op=index&goods_id=100294 ( act=goods&op=index ) 
ERR: Db Error: Unknown column 'geval_image_again' in 'where clause'
SELECT COUNT(*) AS nc_count FROM `zmkj_evaluate_goods` WHERE ( geval_goodsid = '100294' ) AND ( (geval_image <> '') OR (geval_image_again <> '') ) LIMIT 1  
[2016-11-13 11:11:54] /shop/index.php?act=goods&op=index&goods_id=100295 ( act=goods&op=index ) 
ERR: Db Error: Unknown column 'geval_image_again' in 'where clause'
SELECT COUNT(*) AS nc_count FROM `zmkj_evaluate_goods` WHERE ( geval_goodsid = '100295' ) AND ( (geval_image <> '') OR (geval_image_again <> '') ) LIMIT 1  
[2016-11-13 11:12:00] /shop/index.php?act=goods&op=index&goods_id=100297 ( act=goods&op=index ) 
ERR: Db Error: Unknown column 'geval_image_again' in 'where clause'
SELECT COUNT(*) AS nc_count FROM `zmkj_evaluate_goods` WHERE ( geval_goodsid = '100297' ) AND ( (geval_image <> '') OR (geval_image_again <> '') ) LIMIT 1  
[2016-11-13 11:12:57] /shop/index.php?act=goods&op=index&goods_id=100310 ( act=goods&op=index ) 
ERR: Db Error: Unknown column 'geval_image_again' in 'where clause'
SELECT COUNT(*) AS nc_count FROM `zmkj_evaluate_goods` WHERE ( geval_goodsid = '100310' ) AND ( (geval_image <> '') OR (geval_image_again <> '') ) LIMIT 1  
[2016-11-13 11:13:07] /shop/index.php?act=goods&op=comments_list&goods_id=100305&type=3 ( act=goods&op=comments_list ) 
ERR: Db Error: Unknown column 'geval_image_again' in 'where clause'
SELECT COUNT(*) AS nc_count FROM `zmkj_evaluate_goods` WHERE ( geval_goodsid = '100305' ) AND ( (geval_image <> '') OR (geval_image_again <> '') ) LIMIT 1  
[2016-11-13 11:16:01] /shop/index.php?act=goods&op=index&goods_id=100293 ( act=goods&op=index ) 
ERR: Db Error: Unknown column 'geval_image_again' in 'where clause'
SELECT COUNT(*) AS nc_count FROM `zmkj_evaluate_goods` WHERE ( geval_goodsid = '100293' ) AND ( (geval_image <> '') OR (geval_image_again <> '') ) LIMIT 1  
[2016-11-13 11:26:51] /shop/index.php?act=goods&op=index&goods_id=100037 ( act=goods&op=index ) 
ERR: Db Error: Unknown column 'geval_image_again' in 'where clause'
SELECT COUNT(*) AS nc_count FROM `zmkj_evaluate_goods` WHERE ( geval_goodsid = '100037' ) AND ( (geval_image <> '') OR (geval_image_again <> '') ) LIMIT 1  
[2016-11-13 11:29:05] /mobile/api/weixin/respond.php ( act=index&op=index ) 
ERR: Db Error: You have an error in your SQL syntax; check the manual that corresponds to your MySQL server version for the right syntax to use near ')' at line 1
update zmkj_goods set `goods_salenum`=`goods_salenum`+1 where goods_id in ()
[2016-11-13 12:14:40] /shop/index.php?act=goods&goods_id=100163&op=comments_list ( act=goods&op=comments_list ) 
ERR: Db Error: Unknown column 'geval_image_again' in 'where clause'
SELECT COUNT(*) AS nc_count FROM `zmkj_evaluate_goods` WHERE ( geval_goodsid = '100163' ) AND ( (geval_image <> '') OR (geval_image_again <> '') ) LIMIT 1  
[2016-11-13 12:29:06] /mobile/api/weixin/respond.php ( act=index&op=index ) 
ERR: Db Error: You have an error in your SQL syntax; check the manual that corresponds to your MySQL server version for the right syntax to use near ')' at line 1
update zmkj_goods set `goods_salenum`=`goods_salenum`+1 where goods_id in ()
[2016-11-13 13:25:19] /shop/index.php?act=goods&goods_id=100154&op=index ( act=goods&op=index ) 
ERR: Db Error: Unknown column 'geval_image_again' in 'where clause'
SELECT COUNT(*) AS nc_count FROM `zmkj_evaluate_goods` WHERE ( geval_goodsid = '100154' ) AND ( (geval_image <> '') OR (geval_image_again <> '') ) LIMIT 1  
[2016-11-13 13:43:21] /shop/index.php?act=goods&op=index&goods_id=100037 ( act=goods&op=index ) 
ERR: Db Error: Unknown column 'geval_image_again' in 'where clause'
SELECT COUNT(*) AS nc_count FROM `zmkj_evaluate_goods` WHERE ( geval_goodsid = '100037' ) AND ( (geval_image <> '') OR (geval_image_again <> '') ) LIMIT 1  
[2016-11-13 14:30:44] /shop/index.php?act=goods&op=comments_list&goods_id=100309 ( act=goods&op=comments_list ) 
ERR: Db Error: Unknown column 'geval_image_again' in 'where clause'
SELECT COUNT(*) AS nc_count FROM `zmkj_evaluate_goods` WHERE ( geval_goodsid = '100309' ) AND ( (geval_image <> '') OR (geval_image_again <> '') ) LIMIT 1  
[2016-11-13 14:31:02] /shop/index.php?act=goods&op=comments_list&goods_id=100300 ( act=goods&op=comments_list ) 
ERR: Db Error: Unknown column 'geval_image_again' in 'where clause'
SELECT COUNT(*) AS nc_count FROM `zmkj_evaluate_goods` WHERE ( geval_goodsid = '100300' ) AND ( (geval_image <> '') OR (geval_image_again <> '') ) LIMIT 1  
[2016-11-13 14:31:20] /shop/index.php?act=goods&op=comments_list&goods_id=100299 ( act=goods&op=comments_list ) 
ERR: Db Error: Unknown column 'geval_image_again' in 'where clause'
SELECT COUNT(*) AS nc_count FROM `zmkj_evaluate_goods` WHERE ( geval_goodsid = '100299' ) AND ( (geval_image <> '') OR (geval_image_again <> '') ) LIMIT 1  
[2016-11-13 14:39:10] /shop/index.php?act=goods&op=index&goods_id=100248 ( act=goods&op=index ) 
ERR: Db Error: Unknown column 'geval_image_again' in 'where clause'
SELECT COUNT(*) AS nc_count FROM `zmkj_evaluate_goods` WHERE ( geval_goodsid = '100248' ) AND ( (geval_image <> '') OR (geval_image_again <> '') ) LIMIT 1  
[2016-11-13 15:21:00] /mobile/api/alipay/notify_url.php ( act=index&op=index ) 
ERR: Db Error: You have an error in your SQL syntax; check the manual that corresponds to your MySQL server version for the right syntax to use near ')' at line 1
update zmkj_goods set `goods_salenum`=`goods_salenum`+1 where goods_id in ()
[2016-11-13 15:30:46] /mobile/api/alipay/notify_url.php ( act=index&op=index ) 
ERR: Db Error: You have an error in your SQL syntax; check the manual that corresponds to your MySQL server version for the right syntax to use near ')' at line 1
update zmkj_goods set `goods_salenum`=`goods_salenum`+1 where goods_id in ()
[2016-11-13 15:38:21] /mobile/api/alipay/notify_url.php ( act=index&op=index ) 
ERR: Db Error: You have an error in your SQL syntax; check the manual that corresponds to your MySQL server version for the right syntax to use near ')' at line 1
update zmkj_goods set `goods_salenum`=`goods_salenum`+1 where goods_id in ()
[2016-11-13 15:47:34] /mobile/api/alipay/notify_url.php ( act=index&op=index ) 
ERR: Db Error: You have an error in your SQL syntax; check the manual that corresponds to your MySQL server version for the right syntax to use near ')' at line 1
update zmkj_goods set `goods_salenum`=`goods_salenum`+1 where goods_id in ()
[2016-11-13 16:19:48] /shop/index.php?act=goods&op=index&goods_id=100125 ( act=goods&op=index ) 
ERR: Db Error: Unknown column 'geval_image_again' in 'where clause'
SELECT COUNT(*) AS nc_count FROM `zmkj_evaluate_goods` WHERE ( geval_goodsid = '100125' ) AND ( (geval_image <> '') OR (geval_image_again <> '') ) LIMIT 1  
[2016-11-13 16:22:50] /shop/index.php?act=goods&goods_id=100236&op=index ( act=goods&op=index ) 
ERR: Db Error: Unknown column 'geval_image_again' in 'where clause'
SELECT COUNT(*) AS nc_count FROM `zmkj_evaluate_goods` WHERE ( geval_goodsid = '100236' ) AND ( (geval_image <> '') OR (geval_image_again <> '') ) LIMIT 1  
[2016-11-13 16:46:12] /mobile/api/alipay/notify_url.php ( act=index&op=index ) 
ERR: Db Error: You have an error in your SQL syntax; check the manual that corresponds to your MySQL server version for the right syntax to use near ')' at line 1
update zmkj_goods set `goods_salenum`=`goods_salenum`+1 where goods_id in ()
[2016-11-13 18:45:11] /mobile/api/alipay/notify_url.php ( act=index&op=index ) 
ERR: Db Error: You have an error in your SQL syntax; check the manual that corresponds to your MySQL server version for the right syntax to use near ')' at line 1
update zmkj_goods set `goods_salenum`=`goods_salenum`+1 where goods_id in ()
[2016-11-13 20:34:12] /shop/index.php?act=goods&op=comments_list&goods_id=100195 ( act=goods&op=comments_list ) 
ERR: Db Error: Unknown column 'geval_image_again' in 'where clause'
SELECT COUNT(*) AS nc_count FROM `zmkj_evaluate_goods` WHERE ( geval_goodsid = '100195' ) AND ( (geval_image <> '') OR (geval_image_again <> '') ) LIMIT 1  
[2016-11-13 20:34:36] /shop/index.php?act=goods&op=index&goods_id=100178 ( act=goods&op=index ) 
ERR: Db Error: Unknown column 'geval_image_again' in 'where clause'
SELECT COUNT(*) AS nc_count FROM `zmkj_evaluate_goods` WHERE ( geval_goodsid = '100178' ) AND ( (geval_image <> '') OR (geval_image_again <> '') ) LIMIT 1  
[2016-11-13 20:35:04] /shop/index.php?act=goods&op=comments_list&goods_id=100178 ( act=goods&op=comments_list ) 
ERR: Db Error: Unknown column 'geval_image_again' in 'where clause'
SELECT COUNT(*) AS nc_count FROM `zmkj_evaluate_goods` WHERE ( geval_goodsid = '100178' ) AND ( (geval_image <> '') OR (geval_image_again <> '') ) LIMIT 1  
[2016-11-13 20:35:39] /shop/index.php?act=goods&op=index&goods_id=100195 ( act=goods&op=index ) 
ERR: Db Error: Unknown column 'geval_image_again' in 'where clause'
SELECT COUNT(*) AS nc_count FROM `zmkj_evaluate_goods` WHERE ( geval_goodsid = '100195' ) AND ( (geval_image <> '') OR (geval_image_again <> '') ) LIMIT 1  
