[2018-02-21 01:24:56] /shop/index.php?act=goods&op=index&goods_id=100798 ( act=goods&op=index ) 
ERR: Db Error: Unknown column 'geval_image_again' in 'where clause'
SELECT COUNT(*) AS nc_count FROM `zmkj_evaluate_goods` WHERE ( geval_goodsid = '100798' ) AND ( (geval_image <> '') OR (geval_image_again <> '') ) LIMIT 1  
[2018-02-21 02:31:36] /shop/index.php?act=goods&op=index&goods_id=101363 ( act=goods&op=index ) 
ERR: Db Error: Unknown column 'geval_image_again' in 'where clause'
SELECT COUNT(*) AS nc_count FROM `zmkj_evaluate_goods` WHERE ( geval_goodsid = '101363' ) AND ( (geval_image <> '') OR (geval_image_again <> '') ) LIMIT 1  
[2018-02-21 02:50:53] /shop/index.php?act=goods&goods_id=101314&op=index ( act=goods&op=index ) 
ERR: Db Error: Unknown column 'geval_image_again' in 'where clause'
SELECT COUNT(*) AS nc_count FROM `zmkj_evaluate_goods` WHERE ( geval_goodsid = '101314' ) AND ( (geval_image <> '') OR (geval_image_again <> '') ) LIMIT 1  
[2018-02-21 14:12:08] /shop/index.php?act=goods&goods_id=101307&op=comments_list ( act=goods&op=comments_list ) 
ERR: Db Error: Unknown column 'geval_image_again' in 'where clause'
SELECT COUNT(*) AS nc_count FROM `zmkj_evaluate_goods` WHERE ( geval_goodsid = '101307' ) AND ( (geval_image <> '') OR (geval_image_again <> '') ) LIMIT 1  
[2018-02-21 14:12:09] /shop/index.php?act=goods&goods_id=100879&op=comments_list ( act=goods&op=comments_list ) 
ERR: Db Error: Unknown column 'geval_image_again' in 'where clause'
SELECT COUNT(*) AS nc_count FROM `zmkj_evaluate_goods` WHERE ( geval_goodsid = '100879' ) AND ( (geval_image <> '') OR (geval_image_again <> '') ) LIMIT 1  
[2018-02-21 14:12:09] /shop/index.php?act=goods&goods_id=100772&op=index ( act=goods&op=index ) 
ERR: Db Error: Unknown column 'geval_image_again' in 'where clause'
SELECT COUNT(*) AS nc_count FROM `zmkj_evaluate_goods` WHERE ( geval_goodsid = '100772' ) AND ( (geval_image <> '') OR (geval_image_again <> '') ) LIMIT 1  
[2018-02-21 14:13:03] /shop/index.php?act=goods&goods_id=101239&op=comments_list ( act=goods&op=comments_list ) 
ERR: Db Error: Unknown column 'geval_image_again' in 'where clause'
SELECT COUNT(*) AS nc_count FROM `zmkj_evaluate_goods` WHERE ( geval_goodsid = '101239' ) AND ( (geval_image <> '') OR (geval_image_again <> '') ) LIMIT 1  
[2018-02-21 14:13:19] /shop/index.php?act=goods&goods_id=100570&op=comments_list ( act=goods&op=comments_list ) 
ERR: Db Error: Unknown column 'geval_image_again' in 'where clause'
SELECT COUNT(*) AS nc_count FROM `zmkj_evaluate_goods` WHERE ( geval_goodsid = '100570' ) AND ( (geval_image <> '') OR (geval_image_again <> '') ) LIMIT 1  
