[2018-02-07 05:33:43] /shop/index.php?act=goods&goods_id=100208&op=comments_list ( act=goods&op=comments_list ) 
ERR: Db Error: Unknown column 'geval_image_again' in 'where clause'
SELECT COUNT(*) AS nc_count FROM `zmkj_evaluate_goods` WHERE ( geval_goodsid = '100208' ) AND ( (geval_image <> '') OR (geval_image_again <> '') ) LIMIT 1  
[2018-02-07 05:33:57] /shop/index.php?act=goods&goods_id=100836&op=comments_list ( act=goods&op=comments_list ) 
ERR: Db Error: Unknown column 'geval_image_again' in 'where clause'
SELECT COUNT(*) AS nc_count FROM `zmkj_evaluate_goods` WHERE ( geval_goodsid = '100836' ) AND ( (geval_image <> '') OR (geval_image_again <> '') ) LIMIT 1  
[2018-02-07 05:34:40] /shop/index.php?act=goods&goods_id=100727&op=comments_list ( act=goods&op=comments_list ) 
ERR: Db Error: Unknown column 'geval_image_again' in 'where clause'
SELECT COUNT(*) AS nc_count FROM `zmkj_evaluate_goods` WHERE ( geval_goodsid = '100727' ) AND ( (geval_image <> '') OR (geval_image_again <> '') ) LIMIT 1  
[2018-02-07 05:34:48] /shop/index.php?act=goods&goods_id=100007&op=index ( act=goods&op=index ) 
ERR: Db Error: Unknown column 'geval_image_again' in 'where clause'
SELECT COUNT(*) AS nc_count FROM `zmkj_evaluate_goods` WHERE ( geval_goodsid = '100007' ) AND ( (geval_image <> '') OR (geval_image_again <> '') ) LIMIT 1  
[2018-02-07 05:35:23] /shop/index.php?act=goods&goods_id=100879&op=comments_list ( act=goods&op=comments_list ) 
ERR: Db Error: Unknown column 'geval_image_again' in 'where clause'
SELECT COUNT(*) AS nc_count FROM `zmkj_evaluate_goods` WHERE ( geval_goodsid = '100879' ) AND ( (geval_image <> '') OR (geval_image_again <> '') ) LIMIT 1  
[2018-02-07 05:35:42] /shop/index.php?act=goods&goods_id=100020&op=index ( act=goods&op=index ) 
ERR: Db Error: Unknown column 'geval_image_again' in 'where clause'
SELECT COUNT(*) AS nc_count FROM `zmkj_evaluate_goods` WHERE ( geval_goodsid = '100020' ) AND ( (geval_image <> '') OR (geval_image_again <> '') ) LIMIT 1  
[2018-02-07 05:36:02] /shop/index.php?act=goods&goods_id=100024&op=index ( act=goods&op=index ) 
ERR: Db Error: Unknown column 'geval_image_again' in 'where clause'
SELECT COUNT(*) AS nc_count FROM `zmkj_evaluate_goods` WHERE ( geval_goodsid = '100024' ) AND ( (geval_image <> '') OR (geval_image_again <> '') ) LIMIT 1  
[2018-02-07 05:36:03] /shop/index.php?act=goods&goods_id=100980&op=index ( act=goods&op=index ) 
ERR: Db Error: Unknown column 'geval_image_again' in 'where clause'
SELECT COUNT(*) AS nc_count FROM `zmkj_evaluate_goods` WHERE ( geval_goodsid = '100980' ) AND ( (geval_image <> '') OR (geval_image_again <> '') ) LIMIT 1  
[2018-02-07 05:36:23] /shop/index.php?act=goods&goods_id=101069&op=comments_list ( act=goods&op=comments_list ) 
ERR: Db Error: Unknown column 'geval_image_again' in 'where clause'
SELECT COUNT(*) AS nc_count FROM `zmkj_evaluate_goods` WHERE ( geval_goodsid = '101069' ) AND ( (geval_image <> '') OR (geval_image_again <> '') ) LIMIT 1  
[2018-02-07 05:36:58] /shop/index.php?act=goods&goods_id=100752&op=comments_list ( act=goods&op=comments_list ) 
ERR: Db Error: Unknown column 'geval_image_again' in 'where clause'
SELECT COUNT(*) AS nc_count FROM `zmkj_evaluate_goods` WHERE ( geval_goodsid = '100752' ) AND ( (geval_image <> '') OR (geval_image_again <> '') ) LIMIT 1  
[2018-02-07 05:37:18] /shop/index.php?act=goods&goods_id=100510 ( act=goods&op=index ) 
ERR: Db Error: Unknown column 'geval_image_again' in 'where clause'
SELECT COUNT(*) AS nc_count FROM `zmkj_evaluate_goods` WHERE ( geval_goodsid = '100510' ) AND ( (geval_image <> '') OR (geval_image_again <> '') ) LIMIT 1  
[2018-02-07 08:36:40] /shop/index.php?act=goods&op=index&goods_id=100487 ( act=goods&op=index ) 
ERR: Db Error: Unknown column 'geval_image_again' in 'where clause'
SELECT COUNT(*) AS nc_count FROM `zmkj_evaluate_goods` WHERE ( geval_goodsid = '100487' ) AND ( (geval_image <> '') OR (geval_image_again <> '') ) LIMIT 1  
[2018-02-07 08:36:52] /shop/index.php?act=goods&op=index&goods_id=100487 ( act=goods&op=index ) 
ERR: Db Error: Unknown column 'geval_image_again' in 'where clause'
SELECT COUNT(*) AS nc_count FROM `zmkj_evaluate_goods` WHERE ( geval_goodsid = '100487' ) AND ( (geval_image <> '') OR (geval_image_again <> '') ) LIMIT 1  
[2018-02-07 08:37:40] /shop/index.php?act=goods&op=index&goods_id=100487 ( act=goods&op=index ) 
ERR: Db Error: Unknown column 'geval_image_again' in 'where clause'
SELECT COUNT(*) AS nc_count FROM `zmkj_evaluate_goods` WHERE ( geval_goodsid = '100487' ) AND ( (geval_image <> '') OR (geval_image_again <> '') ) LIMIT 1  
[2018-02-07 09:52:38] /shop/index.php?act=goods&op=index&goods_id=101117 ( act=goods&op=index ) 
ERR: Db Error: Unknown column 'geval_image_again' in 'where clause'
SELECT COUNT(*) AS nc_count FROM `zmkj_evaluate_goods` WHERE ( geval_goodsid = '101117' ) AND ( (geval_image <> '') OR (geval_image_again <> '') ) LIMIT 1  
[2018-02-07 10:04:40] /shop/index.php?act=goods&op=index&goods_id=101118 ( act=goods&op=index ) 
ERR: Db Error: Unknown column 'geval_image_again' in 'where clause'
SELECT COUNT(*) AS nc_count FROM `zmkj_evaluate_goods` WHERE ( geval_goodsid = '101118' ) AND ( (geval_image <> '') OR (geval_image_again <> '') ) LIMIT 1  
[2018-02-07 10:15:51] /shop/index.php?act=goods&op=index&goods_id=101122 ( act=goods&op=index ) 
ERR: Db Error: Unknown column 'geval_image_again' in 'where clause'
SELECT COUNT(*) AS nc_count FROM `zmkj_evaluate_goods` WHERE ( geval_goodsid = '101122' ) AND ( (geval_image <> '') OR (geval_image_again <> '') ) LIMIT 1  
[2018-02-07 10:23:21] /shop/index.php?act=goods&op=index&goods_id=101125 ( act=goods&op=index ) 
ERR: Db Error: Unknown column 'geval_image_again' in 'where clause'
SELECT COUNT(*) AS nc_count FROM `zmkj_evaluate_goods` WHERE ( geval_goodsid = '101125' ) AND ( (geval_image <> '') OR (geval_image_again <> '') ) LIMIT 1  
[2018-02-07 10:32:44] /shop/index.php?act=goods&op=index&goods_id=100929 ( act=goods&op=index ) 
ERR: Db Error: Unknown column 'geval_image_again' in 'where clause'
SELECT COUNT(*) AS nc_count FROM `zmkj_evaluate_goods` WHERE ( geval_goodsid = '100929' ) AND ( (geval_image <> '') OR (geval_image_again <> '') ) LIMIT 1  
[2018-02-07 10:32:51] /shop/index.php?act=goods&op=index&goods_id=101126 ( act=goods&op=index ) 
ERR: Db Error: Unknown column 'geval_image_again' in 'where clause'
SELECT COUNT(*) AS nc_count FROM `zmkj_evaluate_goods` WHERE ( geval_goodsid = '101126' ) AND ( (geval_image <> '') OR (geval_image_again <> '') ) LIMIT 1  
[2018-02-07 10:42:07] /shop/index.php?act=goods&op=index&goods_id=101128 ( act=goods&op=index ) 
ERR: Db Error: Unknown column 'geval_image_again' in 'where clause'
SELECT COUNT(*) AS nc_count FROM `zmkj_evaluate_goods` WHERE ( geval_goodsid = '101128' ) AND ( (geval_image <> '') OR (geval_image_again <> '') ) LIMIT 1  
[2018-02-07 10:48:18] /shop/index.php?act=goods&op=index&goods_id=101129 ( act=goods&op=index ) 
ERR: Db Error: Unknown column 'geval_image_again' in 'where clause'
SELECT COUNT(*) AS nc_count FROM `zmkj_evaluate_goods` WHERE ( geval_goodsid = '101129' ) AND ( (geval_image <> '') OR (geval_image_again <> '') ) LIMIT 1  
[2018-02-07 10:52:35] /shop/index.php?act=goods&op=index&goods_id=101071 ( act=goods&op=index ) 
ERR: Db Error: Unknown column 'geval_image_again' in 'where clause'
SELECT COUNT(*) AS nc_count FROM `zmkj_evaluate_goods` WHERE ( geval_goodsid = '101071' ) AND ( (geval_image <> '') OR (geval_image_again <> '') ) LIMIT 1  
[2018-02-07 10:52:45] /shop/index.php?act=goods&op=index&goods_id=101133 ( act=goods&op=index ) 
ERR: Db Error: Unknown column 'geval_image_again' in 'where clause'
SELECT COUNT(*) AS nc_count FROM `zmkj_evaluate_goods` WHERE ( geval_goodsid = '101133' ) AND ( (geval_image <> '') OR (geval_image_again <> '') ) LIMIT 1  
[2018-02-07 10:53:31] /shop/index.php?act=goods&op=index&goods_id=101065 ( act=goods&op=index ) 
ERR: Db Error: Unknown column 'geval_image_again' in 'where clause'
SELECT COUNT(*) AS nc_count FROM `zmkj_evaluate_goods` WHERE ( geval_goodsid = '101065' ) AND ( (geval_image <> '') OR (geval_image_again <> '') ) LIMIT 1  
[2018-02-07 10:53:35] /shop/index.php?act=goods&op=index&goods_id=101071 ( act=goods&op=index ) 
ERR: Db Error: Unknown column 'geval_image_again' in 'where clause'
SELECT COUNT(*) AS nc_count FROM `zmkj_evaluate_goods` WHERE ( geval_goodsid = '101071' ) AND ( (geval_image <> '') OR (geval_image_again <> '') ) LIMIT 1  
[2018-02-07 10:53:37] /shop/index.php?act=goods&op=index&goods_id=101058 ( act=goods&op=index ) 
ERR: Db Error: Unknown column 'geval_image_again' in 'where clause'
SELECT COUNT(*) AS nc_count FROM `zmkj_evaluate_goods` WHERE ( geval_goodsid = '101058' ) AND ( (geval_image <> '') OR (geval_image_again <> '') ) LIMIT 1  
[2018-02-07 10:54:31] /shop/index.php?act=goods&op=index&goods_id=101065 ( act=goods&op=index ) 
ERR: Db Error: Unknown column 'geval_image_again' in 'where clause'
SELECT COUNT(*) AS nc_count FROM `zmkj_evaluate_goods` WHERE ( geval_goodsid = '101065' ) AND ( (geval_image <> '') OR (geval_image_again <> '') ) LIMIT 1  
[2018-02-07 10:54:37] /shop/index.php?act=goods&op=index&goods_id=101058 ( act=goods&op=index ) 
ERR: Db Error: Unknown column 'geval_image_again' in 'where clause'
SELECT COUNT(*) AS nc_count FROM `zmkj_evaluate_goods` WHERE ( geval_goodsid = '101058' ) AND ( (geval_image <> '') OR (geval_image_again <> '') ) LIMIT 1  
[2018-02-07 10:54:45] /shop/index.php?act=goods&op=index&goods_id=101059 ( act=goods&op=index ) 
ERR: Db Error: Unknown column 'geval_image_again' in 'where clause'
SELECT COUNT(*) AS nc_count FROM `zmkj_evaluate_goods` WHERE ( geval_goodsid = '101059' ) AND ( (geval_image <> '') OR (geval_image_again <> '') ) LIMIT 1  
[2018-02-07 10:54:52] /shop/index.php?act=goods&op=index&goods_id=101060 ( act=goods&op=index ) 
ERR: Db Error: Unknown column 'geval_image_again' in 'where clause'
SELECT COUNT(*) AS nc_count FROM `zmkj_evaluate_goods` WHERE ( geval_goodsid = '101060' ) AND ( (geval_image <> '') OR (geval_image_again <> '') ) LIMIT 1  
[2018-02-07 10:55:18] /shop/index.php?act=goods&op=index&goods_id=101058 ( act=goods&op=index ) 
ERR: Db Error: Unknown column 'geval_image_again' in 'where clause'
SELECT COUNT(*) AS nc_count FROM `zmkj_evaluate_goods` WHERE ( geval_goodsid = '101058' ) AND ( (geval_image <> '') OR (geval_image_again <> '') ) LIMIT 1  
[2018-02-07 10:55:25] /shop/index.php?act=goods&op=index&goods_id=101059 ( act=goods&op=index ) 
ERR: Db Error: Unknown column 'geval_image_again' in 'where clause'
SELECT COUNT(*) AS nc_count FROM `zmkj_evaluate_goods` WHERE ( geval_goodsid = '101059' ) AND ( (geval_image <> '') OR (geval_image_again <> '') ) LIMIT 1  
[2018-02-07 10:55:27] /shop/index.php?act=goods&op=index&goods_id=101058 ( act=goods&op=index ) 
ERR: Db Error: Unknown column 'geval_image_again' in 'where clause'
SELECT COUNT(*) AS nc_count FROM `zmkj_evaluate_goods` WHERE ( geval_goodsid = '101058' ) AND ( (geval_image <> '') OR (geval_image_again <> '') ) LIMIT 1  
[2018-02-07 10:55:31] /shop/index.php?act=goods&op=index&goods_id=101059 ( act=goods&op=index ) 
ERR: Db Error: Unknown column 'geval_image_again' in 'where clause'
SELECT COUNT(*) AS nc_count FROM `zmkj_evaluate_goods` WHERE ( geval_goodsid = '101059' ) AND ( (geval_image <> '') OR (geval_image_again <> '') ) LIMIT 1  
[2018-02-07 10:55:32] /shop/index.php?act=goods&op=index&goods_id=101060 ( act=goods&op=index ) 
ERR: Db Error: Unknown column 'geval_image_again' in 'where clause'
SELECT COUNT(*) AS nc_count FROM `zmkj_evaluate_goods` WHERE ( geval_goodsid = '101060' ) AND ( (geval_image <> '') OR (geval_image_again <> '') ) LIMIT 1  
[2018-02-07 10:55:40] /shop/index.php?act=goods&op=index&goods_id=101058 ( act=goods&op=index ) 
ERR: Db Error: Unknown column 'geval_image_again' in 'where clause'
SELECT COUNT(*) AS nc_count FROM `zmkj_evaluate_goods` WHERE ( geval_goodsid = '101058' ) AND ( (geval_image <> '') OR (geval_image_again <> '') ) LIMIT 1  
[2018-02-07 10:55:52] /shop/index.php?act=goods&op=index&goods_id=101060 ( act=goods&op=index ) 
ERR: Db Error: Unknown column 'geval_image_again' in 'where clause'
SELECT COUNT(*) AS nc_count FROM `zmkj_evaluate_goods` WHERE ( geval_goodsid = '101060' ) AND ( (geval_image <> '') OR (geval_image_again <> '') ) LIMIT 1  
[2018-02-07 10:57:06] /shop/index.php?act=goods&op=index&goods_id=101071 ( act=goods&op=index ) 
ERR: Db Error: Unknown column 'geval_image_again' in 'where clause'
SELECT COUNT(*) AS nc_count FROM `zmkj_evaluate_goods` WHERE ( geval_goodsid = '101071' ) AND ( (geval_image <> '') OR (geval_image_again <> '') ) LIMIT 1  
[2018-02-07 10:59:12] /shop/index.php?act=goods&op=index&goods_id=101060 ( act=goods&op=index ) 
ERR: Db Error: Unknown column 'geval_image_again' in 'where clause'
SELECT COUNT(*) AS nc_count FROM `zmkj_evaluate_goods` WHERE ( geval_goodsid = '101060' ) AND ( (geval_image <> '') OR (geval_image_again <> '') ) LIMIT 1  
[2018-02-07 11:22:30] /shop/index.php?act=goods&op=index&goods_id=100541 ( act=goods&op=index ) 
ERR: Db Error: Unknown column 'geval_image_again' in 'where clause'
SELECT COUNT(*) AS nc_count FROM `zmkj_evaluate_goods` WHERE ( geval_goodsid = '100541' ) AND ( (geval_image <> '') OR (geval_image_again <> '') ) LIMIT 1  
[2018-02-07 11:23:17] /shop/index.php?act=store_sns&op=setting&inajax=1 ( act=store_sns&op=setting ) 
ERR: Db Error: Duplicate entry '52' for key 'PRIMARY'
INSERT  INTO `zmkj_store_sns_setting` (sauto_storeid,sauto_new,sauto_newtitle,sauto_coupon,sauto_coupontitle,sauto_xianshi,sauto_xianshititle,sauto_mansong,sauto_mansongtitle,sauto_bundling,sauto_bundlingtitle,sauto_groupbuy) VALUES ('52','0','','0','','0','','0','','0','','0')
[2018-02-07 11:24:49] /shop/index.php?act=store_sns&op=setting&inajax=1 ( act=store_sns&op=setting ) 
ERR: Db Error: Duplicate entry '52' for key 'PRIMARY'
INSERT  INTO `zmkj_store_sns_setting` (sauto_storeid,sauto_new,sauto_newtitle,sauto_coupon,sauto_coupontitle,sauto_xianshi,sauto_xianshititle,sauto_mansong,sauto_mansongtitle,sauto_bundling,sauto_bundlingtitle,sauto_groupbuy) VALUES ('52','0','','0','','0','','0','','0','','0')
[2018-02-07 11:25:00] /shop/index.php?act=store_sns&op=setting&inajax=1 ( act=store_sns&op=setting ) 
ERR: Db Error: Duplicate entry '52' for key 'PRIMARY'
INSERT  INTO `zmkj_store_sns_setting` (sauto_storeid,sauto_new,sauto_newtitle,sauto_coupon,sauto_coupontitle,sauto_xianshi,sauto_xianshititle,sauto_mansong,sauto_mansongtitle,sauto_bundling,sauto_bundlingtitle,sauto_groupbuy) VALUES ('52','0','','0','','1','','1','','1','','1')
[2018-02-07 11:27:09] /shop/index.php?act=store_sns&op=setting&inajax=1 ( act=store_sns&op=setting ) 
ERR: Db Error: Duplicate entry '52' for key 'PRIMARY'
INSERT  INTO `zmkj_store_sns_setting` (sauto_storeid,sauto_new,sauto_newtitle,sauto_coupon,sauto_coupontitle,sauto_xianshi,sauto_xianshititle,sauto_mansong,sauto_mansongtitle,sauto_bundling,sauto_bundlingtitle,sauto_groupbuy) VALUES ('52','0','','0','','0','','1','','1','','1')
[2018-02-07 11:27:16] /shop/index.php?act=store_sns&op=setting&inajax=1 ( act=store_sns&op=setting ) 
ERR: Db Error: Duplicate entry '52' for key 'PRIMARY'
INSERT  INTO `zmkj_store_sns_setting` (sauto_storeid,sauto_new,sauto_newtitle,sauto_coupon,sauto_coupontitle,sauto_xianshi,sauto_xianshititle,sauto_mansong,sauto_mansongtitle,sauto_bundling,sauto_bundlingtitle,sauto_groupbuy) VALUES ('52','1','','0','','1','','1','','1','','0')
[2018-02-07 11:36:39] /shop/index.php?act=goods&op=index&goods_id=100592 ( act=goods&op=index ) 
ERR: Db Error: Unknown column 'geval_image_again' in 'where clause'
SELECT COUNT(*) AS nc_count FROM `zmkj_evaluate_goods` WHERE ( geval_goodsid = '100592' ) AND ( (geval_image <> '') OR (geval_image_again <> '') ) LIMIT 1  
[2018-02-07 11:37:42] /shop/index.php?act=goods&op=index&goods_id=100590 ( act=goods&op=index ) 
ERR: Db Error: Unknown column 'geval_image_again' in 'where clause'
SELECT COUNT(*) AS nc_count FROM `zmkj_evaluate_goods` WHERE ( geval_goodsid = '100590' ) AND ( (geval_image <> '') OR (geval_image_again <> '') ) LIMIT 1  
[2018-02-07 11:40:43] /shop/index.php?act=store_sns&op=setting&inajax=1 ( act=store_sns&op=setting ) 
ERR: Db Error: Duplicate entry '52' for key 'PRIMARY'
INSERT  INTO `zmkj_store_sns_setting` (sauto_storeid,sauto_new,sauto_newtitle,sauto_coupon,sauto_coupontitle,sauto_xianshi,sauto_xianshititle,sauto_mansong,sauto_mansongtitle,sauto_bundling,sauto_bundlingtitle,sauto_groupbuy) VALUES ('52','1','','0','','0','','0','','0','','1')
[2018-02-07 11:40:54] /shop/index.php?act=store_sns&op=setting&inajax=1 ( act=store_sns&op=setting ) 
ERR: Db Error: Duplicate entry '52' for key 'PRIMARY'
INSERT  INTO `zmkj_store_sns_setting` (sauto_storeid,sauto_new,sauto_newtitle,sauto_coupon,sauto_coupontitle,sauto_xianshi,sauto_xianshititle,sauto_mansong,sauto_mansongtitle,sauto_bundling,sauto_bundlingtitle,sauto_groupbuy) VALUES ('52','0','','0','','1','','1','','1','','1')
[2018-02-07 11:41:52] /shop/index.php?act=store_sns&op=setting&inajax=1 ( act=store_sns&op=setting ) 
ERR: Db Error: Duplicate entry '52' for key 'PRIMARY'
INSERT  INTO `zmkj_store_sns_setting` (sauto_storeid,sauto_new,sauto_newtitle,sauto_coupon,sauto_coupontitle,sauto_xianshi,sauto_xianshititle,sauto_mansong,sauto_mansongtitle,sauto_bundling,sauto_bundlingtitle,sauto_groupbuy) VALUES ('52','0','','0','','0','','1','','1','','1')
[2018-02-07 11:54:43] /shop/index.php?act=store_sns&op=setting&inajax=1 ( act=store_sns&op=setting ) 
ERR: Db Error: Duplicate entry '51' for key 'PRIMARY'
INSERT  INTO `zmkj_store_sns_setting` (sauto_storeid,sauto_new,sauto_newtitle,sauto_coupon,sauto_coupontitle,sauto_xianshi,sauto_xianshititle,sauto_mansong,sauto_mansongtitle,sauto_bundling,sauto_bundlingtitle,sauto_groupbuy) VALUES ('51','1','','0','','1','','1','','1','','1')
[2018-02-07 11:54:46] /shop/index.php?act=store_sns&op=setting&inajax=1 ( act=store_sns&op=setting ) 
ERR: Db Error: Duplicate entry '51' for key 'PRIMARY'
INSERT  INTO `zmkj_store_sns_setting` (sauto_storeid,sauto_new,sauto_newtitle,sauto_coupon,sauto_coupontitle,sauto_xianshi,sauto_xianshititle,sauto_mansong,sauto_mansongtitle,sauto_bundling,sauto_bundlingtitle,sauto_groupbuy) VALUES ('51','1','','0','','1','','1','','1','','1')
[2018-02-07 11:58:58] /shop/index.php?act=store_sns&op=setting&inajax=1 ( act=store_sns&op=setting ) 
ERR: Db Error: Duplicate entry '51' for key 'PRIMARY'
INSERT  INTO `zmkj_store_sns_setting` (sauto_storeid,sauto_new,sauto_newtitle,sauto_coupon,sauto_coupontitle,sauto_xianshi,sauto_xianshititle,sauto_mansong,sauto_mansongtitle,sauto_bundling,sauto_bundlingtitle,sauto_groupbuy) VALUES ('51','1','','0','','1','','1','','1','','1')
[2018-02-07 11:59:03] /shop/index.php?act=store_sns&op=setting&inajax=1 ( act=store_sns&op=setting ) 
ERR: Db Error: Duplicate entry '51' for key 'PRIMARY'
INSERT  INTO `zmkj_store_sns_setting` (sauto_storeid,sauto_new,sauto_newtitle,sauto_coupon,sauto_coupontitle,sauto_xianshi,sauto_xianshititle,sauto_mansong,sauto_mansongtitle,sauto_bundling,sauto_bundlingtitle,sauto_groupbuy) VALUES ('51','1','','0','','1','','1','','1','','1')
[2018-02-07 11:59:06] /shop/index.php?act=store_sns&op=setting&inajax=1 ( act=store_sns&op=setting ) 
ERR: Db Error: Duplicate entry '51' for key 'PRIMARY'
INSERT  INTO `zmkj_store_sns_setting` (sauto_storeid,sauto_new,sauto_newtitle,sauto_coupon,sauto_coupontitle,sauto_xianshi,sauto_xianshititle,sauto_mansong,sauto_mansongtitle,sauto_bundling,sauto_bundlingtitle,sauto_groupbuy) VALUES ('51','1','','0','','1','','1','','1','','1')
[2018-02-07 12:00:04] /shop/index.php?act=store_sns&op=setting&inajax=1 ( act=store_sns&op=setting ) 
ERR: Db Error: Duplicate entry '51' for key 'PRIMARY'
INSERT  INTO `zmkj_store_sns_setting` (sauto_storeid,sauto_new,sauto_newtitle,sauto_coupon,sauto_coupontitle,sauto_xianshi,sauto_xianshititle,sauto_mansong,sauto_mansongtitle,sauto_bundling,sauto_bundlingtitle,sauto_groupbuy) VALUES ('51','1','','0','','1','','1','','1','','1')
[2018-02-07 13:33:16] /shop/index.php?act=goods&op=index&goods_id=100541 ( act=goods&op=index ) 
ERR: Db Error: Unknown column 'geval_image_again' in 'where clause'
SELECT COUNT(*) AS nc_count FROM `zmkj_evaluate_goods` WHERE ( geval_goodsid = '100541' ) AND ( (geval_image <> '') OR (geval_image_again <> '') ) LIMIT 1  
[2018-02-07 13:34:41] /shop/index.php?act=store_sns&op=setting&inajax=1 ( act=store_sns&op=setting ) 
ERR: Db Error: Duplicate entry '52' for key 'PRIMARY'
INSERT  INTO `zmkj_store_sns_setting` (sauto_storeid,sauto_new,sauto_newtitle,sauto_coupon,sauto_coupontitle,sauto_xianshi,sauto_xianshititle,sauto_mansong,sauto_mansongtitle,sauto_bundling,sauto_bundlingtitle,sauto_groupbuy) VALUES ('52','1','','0','','1','','1','','1','','1')
[2018-02-07 13:38:22] /shop/index.php?act=store_sns&op=setting&inajax=1 ( act=store_sns&op=setting ) 
ERR: Db Error: Duplicate entry '52' for key 'PRIMARY'
INSERT  INTO `zmkj_store_sns_setting` (sauto_storeid,sauto_new,sauto_newtitle,sauto_coupon,sauto_coupontitle,sauto_xianshi,sauto_xianshititle,sauto_mansong,sauto_mansongtitle,sauto_bundling,sauto_bundlingtitle,sauto_groupbuy) VALUES ('52','1','','0','','1','','1','','1','','0')
[2018-02-07 13:38:40] /shop/index.php?act=store_sns&op=setting&inajax=1 ( act=store_sns&op=setting ) 
ERR: Db Error: Duplicate entry '52' for key 'PRIMARY'
INSERT  INTO `zmkj_store_sns_setting` (sauto_storeid,sauto_new,sauto_newtitle,sauto_coupon,sauto_coupontitle,sauto_xianshi,sauto_xianshititle,sauto_mansong,sauto_mansongtitle,sauto_bundling,sauto_bundlingtitle,sauto_groupbuy) VALUES ('52','0','','0','','0','','0','','0','','1')
[2018-02-07 13:38:48] /shop/index.php?act=store_sns&op=setting&inajax=1 ( act=store_sns&op=setting ) 
ERR: Db Error: Duplicate entry '51' for key 'PRIMARY'
INSERT  INTO `zmkj_store_sns_setting` (sauto_storeid,sauto_new,sauto_newtitle,sauto_coupon,sauto_coupontitle,sauto_xianshi,sauto_xianshititle,sauto_mansong,sauto_mansongtitle,sauto_bundling,sauto_bundlingtitle,sauto_groupbuy) VALUES ('51','1','','0','','1','','1','','1','','1')
[2018-02-07 13:38:51] /shop/index.php?act=store_sns&op=setting&inajax=1 ( act=store_sns&op=setting ) 
ERR: Db Error: Duplicate entry '51' for key 'PRIMARY'
INSERT  INTO `zmkj_store_sns_setting` (sauto_storeid,sauto_new,sauto_newtitle,sauto_coupon,sauto_coupontitle,sauto_xianshi,sauto_xianshititle,sauto_mansong,sauto_mansongtitle,sauto_bundling,sauto_bundlingtitle,sauto_groupbuy) VALUES ('51','1','','0','','1','','1','','1','','1')
[2018-02-07 13:38:57] /shop/index.php?act=store_sns&op=setting&inajax=1 ( act=store_sns&op=setting ) 
ERR: Db Error: Duplicate entry '51' for key 'PRIMARY'
INSERT  INTO `zmkj_store_sns_setting` (sauto_storeid,sauto_new,sauto_newtitle,sauto_coupon,sauto_coupontitle,sauto_xianshi,sauto_xianshititle,sauto_mansong,sauto_mansongtitle,sauto_bundling,sauto_bundlingtitle,sauto_groupbuy) VALUES ('51','1','','0','','0','','0','','0','','0')
[2018-02-07 13:39:10] /shop/index.php?act=store_sns&op=setting&inajax=1 ( act=store_sns&op=setting ) 
ERR: Db Error: Duplicate entry '52' for key 'PRIMARY'
INSERT  INTO `zmkj_store_sns_setting` (sauto_storeid,sauto_new,sauto_newtitle,sauto_coupon,sauto_coupontitle,sauto_xianshi,sauto_xianshititle,sauto_mansong,sauto_mansongtitle,sauto_bundling,sauto_bundlingtitle,sauto_groupbuy) VALUES ('52','0','','0','','0','','1','','1','','1')
[2018-02-07 13:42:24] /shop/index.php?act=store_sns&op=setting&inajax=1 ( act=store_sns&op=setting ) 
ERR: Db Error: Duplicate entry '53' for key 'PRIMARY'
INSERT  INTO `zmkj_store_sns_setting` (sauto_storeid,sauto_new,sauto_newtitle,sauto_coupon,sauto_coupontitle,sauto_xianshi,sauto_xianshititle,sauto_mansong,sauto_mansongtitle,sauto_bundling,sauto_bundlingtitle,sauto_groupbuy) VALUES ('53','1','','0','','1','','1','','1','','0')
[2018-02-07 13:42:46] /shop/index.php?act=store_sns&op=setting&inajax=1 ( act=store_sns&op=setting ) 
ERR: Db Error: Duplicate entry '53' for key 'PRIMARY'
INSERT  INTO `zmkj_store_sns_setting` (sauto_storeid,sauto_new,sauto_newtitle,sauto_coupon,sauto_coupontitle,sauto_xianshi,sauto_xianshititle,sauto_mansong,sauto_mansongtitle,sauto_bundling,sauto_bundlingtitle,sauto_groupbuy) VALUES ('53','1','','0','','1','','1','','1','','0')
[2018-02-07 13:47:07] /shop/index.php?act=store_sns&op=setting&inajax=1 ( act=store_sns&op=setting ) 
ERR: Db Error: Duplicate entry '55' for key 'PRIMARY'
INSERT  INTO `zmkj_store_sns_setting` (sauto_storeid,sauto_new,sauto_newtitle,sauto_coupon,sauto_coupontitle,sauto_xianshi,sauto_xianshititle,sauto_mansong,sauto_mansongtitle,sauto_bundling,sauto_bundlingtitle,sauto_groupbuy) VALUES ('55','1','','0','','1','','0','','0','','0')
[2018-02-07 13:47:28] /shop/index.php?act=store_sns&op=setting&inajax=1 ( act=store_sns&op=setting ) 
ERR: Db Error: Duplicate entry '55' for key 'PRIMARY'
INSERT  INTO `zmkj_store_sns_setting` (sauto_storeid,sauto_new,sauto_newtitle,sauto_coupon,sauto_coupontitle,sauto_xianshi,sauto_xianshititle,sauto_mansong,sauto_mansongtitle,sauto_bundling,sauto_bundlingtitle,sauto_groupbuy) VALUES ('55','1','','0','','0','','1','','1','','0')
[2018-02-07 13:47:32] /shop/index.php?act=store_sns&op=setting&inajax=1 ( act=store_sns&op=setting ) 
ERR: Db Error: Duplicate entry '55' for key 'PRIMARY'
INSERT  INTO `zmkj_store_sns_setting` (sauto_storeid,sauto_new,sauto_newtitle,sauto_coupon,sauto_coupontitle,sauto_xianshi,sauto_xianshititle,sauto_mansong,sauto_mansongtitle,sauto_bundling,sauto_bundlingtitle,sauto_groupbuy) VALUES ('55','1','','0','','0','','1','','1','','0')
[2018-02-07 13:47:37] /shop/index.php?act=store_sns&op=setting&inajax=1 ( act=store_sns&op=setting ) 
ERR: Db Error: Duplicate entry '55' for key 'PRIMARY'
INSERT  INTO `zmkj_store_sns_setting` (sauto_storeid,sauto_new,sauto_newtitle,sauto_coupon,sauto_coupontitle,sauto_xianshi,sauto_xianshititle,sauto_mansong,sauto_mansongtitle,sauto_bundling,sauto_bundlingtitle,sauto_groupbuy) VALUES ('55','1','','0','','0','','1','','1','','0')
[2018-02-07 13:47:46] /shop/index.php?act=store_sns&op=setting&inajax=1 ( act=store_sns&op=setting ) 
ERR: Db Error: Duplicate entry '55' for key 'PRIMARY'
INSERT  INTO `zmkj_store_sns_setting` (sauto_storeid,sauto_new,sauto_newtitle,sauto_coupon,sauto_coupontitle,sauto_xianshi,sauto_xianshititle,sauto_mansong,sauto_mansongtitle,sauto_bundling,sauto_bundlingtitle,sauto_groupbuy) VALUES ('55','1','','0','','0','','0','','0','','0')
[2018-02-07 13:47:58] /shop/index.php?act=store_sns&op=setting&inajax=1 ( act=store_sns&op=setting ) 
ERR: Db Error: Duplicate entry '55' for key 'PRIMARY'
INSERT  INTO `zmkj_store_sns_setting` (sauto_storeid,sauto_new,sauto_newtitle,sauto_coupon,sauto_coupontitle,sauto_xianshi,sauto_xianshititle,sauto_mansong,sauto_mansongtitle,sauto_bundling,sauto_bundlingtitle,sauto_groupbuy) VALUES ('55','1','','0','','1','','1','','0','','0')
[2018-02-07 13:49:31] /shop/index.php?act=goods&op=index&goods_id=100541 ( act=goods&op=index ) 
ERR: Db Error: Unknown column 'geval_image_again' in 'where clause'
SELECT COUNT(*) AS nc_count FROM `zmkj_evaluate_goods` WHERE ( geval_goodsid = '100541' ) AND ( (geval_image <> '') OR (geval_image_again <> '') ) LIMIT 1  
[2018-02-07 13:51:02] /shop/index.php?act=goods&op=index&goods_id=100530 ( act=goods&op=index ) 
ERR: Db Error: Unknown column 'geval_image_again' in 'where clause'
SELECT COUNT(*) AS nc_count FROM `zmkj_evaluate_goods` WHERE ( geval_goodsid = '100530' ) AND ( (geval_image <> '') OR (geval_image_again <> '') ) LIMIT 1  
[2018-02-07 13:51:53] /shop/index.php?act=goods&op=index&goods_id=100530 ( act=goods&op=index ) 
ERR: Db Error: Unknown column 'geval_image_again' in 'where clause'
SELECT COUNT(*) AS nc_count FROM `zmkj_evaluate_goods` WHERE ( geval_goodsid = '100530' ) AND ( (geval_image <> '') OR (geval_image_again <> '') ) LIMIT 1  
[2018-02-07 13:52:09] /shop/index.php?act=goods&op=index&goods_id=100530 ( act=goods&op=index ) 
ERR: Db Error: Unknown column 'geval_image_again' in 'where clause'
SELECT COUNT(*) AS nc_count FROM `zmkj_evaluate_goods` WHERE ( geval_goodsid = '100530' ) AND ( (geval_image <> '') OR (geval_image_again <> '') ) LIMIT 1  
[2018-02-07 13:52:53] /shop/index.php?act=goods&op=index&goods_id=101134 ( act=goods&op=index ) 
ERR: Db Error: Unknown column 'geval_image_again' in 'where clause'
SELECT COUNT(*) AS nc_count FROM `zmkj_evaluate_goods` WHERE ( geval_goodsid = '101134' ) AND ( (geval_image <> '') OR (geval_image_again <> '') ) LIMIT 1  
[2018-02-07 13:52:59] /shop/index.php?act=goods&op=index&goods_id=100530 ( act=goods&op=index ) 
ERR: Db Error: Unknown column 'geval_image_again' in 'where clause'
SELECT COUNT(*) AS nc_count FROM `zmkj_evaluate_goods` WHERE ( geval_goodsid = '100530' ) AND ( (geval_image <> '') OR (geval_image_again <> '') ) LIMIT 1  
[2018-02-07 13:55:29] /shop/index.php?act=goods&op=index&goods_id=100541 ( act=goods&op=index ) 
ERR: Db Error: Unknown column 'geval_image_again' in 'where clause'
SELECT COUNT(*) AS nc_count FROM `zmkj_evaluate_goods` WHERE ( geval_goodsid = '100541' ) AND ( (geval_image <> '') OR (geval_image_again <> '') ) LIMIT 1  
[2018-02-07 13:55:41] /shop/index.php?act=goods&op=index&goods_id=100541 ( act=goods&op=index ) 
ERR: Db Error: Unknown column 'geval_image_again' in 'where clause'
SELECT COUNT(*) AS nc_count FROM `zmkj_evaluate_goods` WHERE ( geval_goodsid = '100541' ) AND ( (geval_image <> '') OR (geval_image_again <> '') ) LIMIT 1  
[2018-02-07 13:56:25] /shop/index.php?act=goods&op=index&goods_id=100541 ( act=goods&op=index ) 
ERR: Db Error: Unknown column 'geval_image_again' in 'where clause'
SELECT COUNT(*) AS nc_count FROM `zmkj_evaluate_goods` WHERE ( geval_goodsid = '100541' ) AND ( (geval_image <> '') OR (geval_image_again <> '') ) LIMIT 1  
[2018-02-07 13:57:09] /shop/index.php?act=goods&op=index&goods_id=101125 ( act=goods&op=index ) 
ERR: Db Error: Unknown column 'geval_image_again' in 'where clause'
SELECT COUNT(*) AS nc_count FROM `zmkj_evaluate_goods` WHERE ( geval_goodsid = '101125' ) AND ( (geval_image <> '') OR (geval_image_again <> '') ) LIMIT 1  
[2018-02-07 14:05:08] /shop/index.php?act=goods&op=index&goods_id=100624 ( act=goods&op=index ) 
ERR: Db Error: Unknown column 'geval_image_again' in 'where clause'
SELECT COUNT(*) AS nc_count FROM `zmkj_evaluate_goods` WHERE ( geval_goodsid = '100624' ) AND ( (geval_image <> '') OR (geval_image_again <> '') ) LIMIT 1  
[2018-02-07 14:29:42] /shop/index.php?act=goods&goods_id=101023&op=index ( act=goods&op=index ) 
ERR: Db Error: Unknown column 'geval_image_again' in 'where clause'
SELECT COUNT(*) AS nc_count FROM `zmkj_evaluate_goods` WHERE ( geval_goodsid = '101023' ) AND ( (geval_image <> '') OR (geval_image_again <> '') ) LIMIT 1  
[2018-02-07 14:56:28] /shop/index.php?act=goods&op=index&goods_id=100541 ( act=goods&op=index ) 
ERR: Db Error: Unknown column 'geval_image_again' in 'where clause'
SELECT COUNT(*) AS nc_count FROM `zmkj_evaluate_goods` WHERE ( geval_goodsid = '100541' ) AND ( (geval_image <> '') OR (geval_image_again <> '') ) LIMIT 1  
[2018-02-07 15:16:29] /shop/index.php?act=goods&op=index&goods_id=100511 ( act=goods&op=index ) 
ERR: Db Error: Unknown column 'geval_image_again' in 'where clause'
SELECT COUNT(*) AS nc_count FROM `zmkj_evaluate_goods` WHERE ( geval_goodsid = '100511' ) AND ( (geval_image <> '') OR (geval_image_again <> '') ) LIMIT 1  
[2018-02-07 15:16:37] /shop/index.php?act=goods&op=index&goods_id=100511 ( act=goods&op=index ) 
ERR: Db Error: Unknown column 'geval_image_again' in 'where clause'
SELECT COUNT(*) AS nc_count FROM `zmkj_evaluate_goods` WHERE ( geval_goodsid = '100511' ) AND ( (geval_image <> '') OR (geval_image_again <> '') ) LIMIT 1  
[2018-02-07 16:18:08] /shop/index.php?act=goods&goods_id=100578 ( act=goods&op=index ) 
ERR: Db Error: Unknown column 'geval_image_again' in 'where clause'
SELECT COUNT(*) AS nc_count FROM `zmkj_evaluate_goods` WHERE ( geval_goodsid = '100578' ) AND ( (geval_image <> '') OR (geval_image_again <> '') ) LIMIT 1  
[2018-02-07 17:14:24] /shop/index.php?act=goods&op=index&goods_id=100913 ( act=goods&op=index ) 
ERR: Db Error: Unknown column 'geval_image_again' in 'where clause'
SELECT COUNT(*) AS nc_count FROM `zmkj_evaluate_goods` WHERE ( geval_goodsid = '100913' ) AND ( (geval_image <> '') OR (geval_image_again <> '') ) LIMIT 1  
[2018-02-07 18:20:52] /shop/index.php?act=goods&op=index&goods_id=101135 ( act=goods&op=index ) 
ERR: Db Error: Unknown column 'geval_image_again' in 'where clause'
SELECT COUNT(*) AS nc_count FROM `zmkj_evaluate_goods` WHERE ( geval_goodsid = '101135' ) AND ( (geval_image <> '') OR (geval_image_again <> '') ) LIMIT 1  
[2018-02-07 18:22:59] /shop/index.php?act=goods&op=index&goods_id=101136 ( act=goods&op=index ) 
ERR: Db Error: Unknown column 'geval_image_again' in 'where clause'
SELECT COUNT(*) AS nc_count FROM `zmkj_evaluate_goods` WHERE ( geval_goodsid = '101136' ) AND ( (geval_image <> '') OR (geval_image_again <> '') ) LIMIT 1  
[2018-02-07 18:23:15] /shop/index.php?act=goods&op=index&goods_id=101136 ( act=goods&op=index ) 
ERR: Db Error: Unknown column 'geval_image_again' in 'where clause'
SELECT COUNT(*) AS nc_count FROM `zmkj_evaluate_goods` WHERE ( geval_goodsid = '101136' ) AND ( (geval_image <> '') OR (geval_image_again <> '') ) LIMIT 1  
[2018-02-07 18:23:50] /shop/index.php?act=goods&op=index&goods_id=101136 ( act=goods&op=index ) 
ERR: Db Error: Unknown column 'geval_image_again' in 'where clause'
SELECT COUNT(*) AS nc_count FROM `zmkj_evaluate_goods` WHERE ( geval_goodsid = '101136' ) AND ( (geval_image <> '') OR (geval_image_again <> '') ) LIMIT 1  
[2018-02-07 18:28:42] /shop/index.php?act=goods&op=index&goods_id=101136 ( act=goods&op=index ) 
ERR: Db Error: Unknown column 'geval_image_again' in 'where clause'
SELECT COUNT(*) AS nc_count FROM `zmkj_evaluate_goods` WHERE ( geval_goodsid = '101136' ) AND ( (geval_image <> '') OR (geval_image_again <> '') ) LIMIT 1  
[2018-02-07 18:29:35] /shop/index.php?act=goods&op=index&goods_id=101136 ( act=goods&op=index ) 
ERR: Db Error: Unknown column 'geval_image_again' in 'where clause'
SELECT COUNT(*) AS nc_count FROM `zmkj_evaluate_goods` WHERE ( geval_goodsid = '101136' ) AND ( (geval_image <> '') OR (geval_image_again <> '') ) LIMIT 1  
[2018-02-07 18:30:20] /shop/index.php?act=goods&op=index&goods_id=101136 ( act=goods&op=index ) 
ERR: Db Error: Unknown column 'geval_image_again' in 'where clause'
SELECT COUNT(*) AS nc_count FROM `zmkj_evaluate_goods` WHERE ( geval_goodsid = '101136' ) AND ( (geval_image <> '') OR (geval_image_again <> '') ) LIMIT 1  
[2018-02-07 22:53:45] /shop/index.php?act=goods&op=index&goods_id=101136 ( act=goods&op=index ) 
ERR: Db Error: Unknown column 'geval_image_again' in 'where clause'
SELECT COUNT(*) AS nc_count FROM `zmkj_evaluate_goods` WHERE ( geval_goodsid = '101136' ) AND ( (geval_image <> '') OR (geval_image_again <> '') ) LIMIT 1  
[2018-02-07 22:57:24] /shop/index.php?act=goods&op=index&goods_id=100504 ( act=goods&op=index ) 
ERR: Db Error: Unknown column 'geval_image_again' in 'where clause'
SELECT COUNT(*) AS nc_count FROM `zmkj_evaluate_goods` WHERE ( geval_goodsid = '100504' ) AND ( (geval_image <> '') OR (geval_image_again <> '') ) LIMIT 1  
[2018-02-07 22:58:24] /shop/index.php?act=goods&op=index&goods_id=100504 ( act=goods&op=index ) 
ERR: Db Error: Unknown column 'geval_image_again' in 'where clause'
SELECT COUNT(*) AS nc_count FROM `zmkj_evaluate_goods` WHERE ( geval_goodsid = '100504' ) AND ( (geval_image <> '') OR (geval_image_again <> '') ) LIMIT 1  
[2018-02-07 22:59:29] /shop/index.php?act=goods&op=index&goods_id=101136 ( act=goods&op=index ) 
ERR: Db Error: Unknown column 'geval_image_again' in 'where clause'
SELECT COUNT(*) AS nc_count FROM `zmkj_evaluate_goods` WHERE ( geval_goodsid = '101136' ) AND ( (geval_image <> '') OR (geval_image_again <> '') ) LIMIT 1  
[2018-02-07 23:00:21] /shop/index.php?act=goods&op=index&goods_id=101136 ( act=goods&op=index ) 
ERR: Db Error: Unknown column 'geval_image_again' in 'where clause'
SELECT COUNT(*) AS nc_count FROM `zmkj_evaluate_goods` WHERE ( geval_goodsid = '101136' ) AND ( (geval_image <> '') OR (geval_image_again <> '') ) LIMIT 1  
[2018-02-07 23:00:31] /shop/index.php?act=goods&goods_id=100518 ( act=goods&op=index ) 
ERR: Db Error: Unknown column 'geval_image_again' in 'where clause'
SELECT COUNT(*) AS nc_count FROM `zmkj_evaluate_goods` WHERE ( geval_goodsid = '100518' ) AND ( (geval_image <> '') OR (geval_image_again <> '') ) LIMIT 1  
[2018-02-07 23:00:50] /shop/index.php?act=goods&op=index&goods_id=100570 ( act=goods&op=index ) 
ERR: Db Error: Unknown column 'geval_image_again' in 'where clause'
SELECT COUNT(*) AS nc_count FROM `zmkj_evaluate_goods` WHERE ( geval_goodsid = '100570' ) AND ( (geval_image <> '') OR (geval_image_again <> '') ) LIMIT 1  
[2018-02-07 23:01:22] /shop/index.php?act=goods&op=index&goods_id=101136 ( act=goods&op=index ) 
ERR: Db Error: Unknown column 'geval_image_again' in 'where clause'
SELECT COUNT(*) AS nc_count FROM `zmkj_evaluate_goods` WHERE ( geval_goodsid = '101136' ) AND ( (geval_image <> '') OR (geval_image_again <> '') ) LIMIT 1  
[2018-02-07 23:01:31] /shop/index.php?act=goods&goods_id=100518 ( act=goods&op=index ) 
ERR: Db Error: Unknown column 'geval_image_again' in 'where clause'
SELECT COUNT(*) AS nc_count FROM `zmkj_evaluate_goods` WHERE ( geval_goodsid = '100518' ) AND ( (geval_image <> '') OR (geval_image_again <> '') ) LIMIT 1  
[2018-02-07 23:01:32] /shop/index.php?act=goods&op=index&goods_id=101136 ( act=goods&op=index ) 
ERR: Db Error: Unknown column 'geval_image_again' in 'where clause'
SELECT COUNT(*) AS nc_count FROM `zmkj_evaluate_goods` WHERE ( geval_goodsid = '101136' ) AND ( (geval_image <> '') OR (geval_image_again <> '') ) LIMIT 1  
[2018-02-07 23:01:50] /shop/index.php?act=goods&op=index&goods_id=100570 ( act=goods&op=index ) 
ERR: Db Error: Unknown column 'geval_image_again' in 'where clause'
SELECT COUNT(*) AS nc_count FROM `zmkj_evaluate_goods` WHERE ( geval_goodsid = '100570' ) AND ( (geval_image <> '') OR (geval_image_again <> '') ) LIMIT 1  
[2018-02-07 23:02:01] /shop/index.php?act=goods&op=index&goods_id=100531 ( act=goods&op=index ) 
ERR: Db Error: Unknown column 'geval_image_again' in 'where clause'
SELECT COUNT(*) AS nc_count FROM `zmkj_evaluate_goods` WHERE ( geval_goodsid = '100531' ) AND ( (geval_image <> '') OR (geval_image_again <> '') ) LIMIT 1  
[2018-02-07 23:02:56] /shop/index.php?act=goods&op=index&goods_id=101107 ( act=goods&op=index ) 
ERR: Db Error: Unknown column 'geval_image_again' in 'where clause'
SELECT COUNT(*) AS nc_count FROM `zmkj_evaluate_goods` WHERE ( geval_goodsid = '101107' ) AND ( (geval_image <> '') OR (geval_image_again <> '') ) LIMIT 1  
[2018-02-07 23:03:01] /shop/index.php?act=goods&op=index&goods_id=100531 ( act=goods&op=index ) 
ERR: Db Error: Unknown column 'geval_image_again' in 'where clause'
SELECT COUNT(*) AS nc_count FROM `zmkj_evaluate_goods` WHERE ( geval_goodsid = '100531' ) AND ( (geval_image <> '') OR (geval_image_again <> '') ) LIMIT 1  
