[2018-03-10 01:17:31] /shop/index.php?act=goods&goods_id=100624&op=index ( act=goods&op=index ) 
ERR: Db Error: Unknown column 'geval_image_again' in 'where clause'
SELECT COUNT(*) AS nc_count FROM `zmkj_evaluate_goods` WHERE ( geval_goodsid = '100624' ) AND ( (geval_image <> '') OR (geval_image_again <> '') ) LIMIT 1  
[2018-03-10 03:23:11] /shop/index.php?act=goods&op=index&goods_id=102184 ( act=goods&op=index ) 
ERR: Db Error: Unknown column 'geval_image_again' in 'where clause'
SELECT COUNT(*) AS nc_count FROM `zmkj_evaluate_goods` WHERE ( geval_goodsid = '102184' ) AND ( (geval_image <> '') OR (geval_image_again <> '') ) LIMIT 1  
[2018-03-10 05:33:21] /shop/index.php?act=goods&op=index&goods_id=101599 ( act=goods&op=index ) 
ERR: Db Error: Unknown column 'geval_image_again' in 'where clause'
SELECT COUNT(*) AS nc_count FROM `zmkj_evaluate_goods` WHERE ( geval_goodsid = '101599' ) AND ( (geval_image <> '') OR (geval_image_again <> '') ) LIMIT 1  
[2018-03-10 08:41:53] /shop/index.php?act=goods&op=index&goods_id=102208 ( act=goods&op=index ) 
ERR: Db Error: Unknown column 'geval_image_again' in 'where clause'
SELECT COUNT(*) AS nc_count FROM `zmkj_evaluate_goods` WHERE ( geval_goodsid = '102208' ) AND ( (geval_image <> '') OR (geval_image_again <> '') ) LIMIT 1  
[2018-03-10 08:44:24] /shop/index.php?act=goods&op=index&goods_id=102224 ( act=goods&op=index ) 
ERR: Db Error: Unknown column 'geval_image_again' in 'where clause'
SELECT COUNT(*) AS nc_count FROM `zmkj_evaluate_goods` WHERE ( geval_goodsid = '102224' ) AND ( (geval_image <> '') OR (geval_image_again <> '') ) LIMIT 1  
[2018-03-10 08:44:27] /shop/index.php?act=goods&op=index&goods_id=102208 ( act=goods&op=index ) 
ERR: Db Error: Unknown column 'geval_image_again' in 'where clause'
SELECT COUNT(*) AS nc_count FROM `zmkj_evaluate_goods` WHERE ( geval_goodsid = '102208' ) AND ( (geval_image <> '') OR (geval_image_again <> '') ) LIMIT 1  
[2018-03-10 08:44:30] /shop/index.php?act=goods&op=index&goods_id=102223 ( act=goods&op=index ) 
ERR: Db Error: Unknown column 'geval_image_again' in 'where clause'
SELECT COUNT(*) AS nc_count FROM `zmkj_evaluate_goods` WHERE ( geval_goodsid = '102223' ) AND ( (geval_image <> '') OR (geval_image_again <> '') ) LIMIT 1  
[2018-03-10 08:45:49] /shop/index.php?act=goods&op=index&goods_id=101242 ( act=goods&op=index ) 
ERR: Db Error: Unknown column 'geval_image_again' in 'where clause'
SELECT COUNT(*) AS nc_count FROM `zmkj_evaluate_goods` WHERE ( geval_goodsid = '101242' ) AND ( (geval_image <> '') OR (geval_image_again <> '') ) LIMIT 1  
[2018-03-10 08:46:49] /shop/index.php?act=goods&op=index&goods_id=101242 ( act=goods&op=index ) 
ERR: Db Error: Unknown column 'geval_image_again' in 'where clause'
SELECT COUNT(*) AS nc_count FROM `zmkj_evaluate_goods` WHERE ( geval_goodsid = '101242' ) AND ( (geval_image <> '') OR (geval_image_again <> '') ) LIMIT 1  
[2018-03-10 08:48:43] /shop/index.php?act=goods&op=index&goods_id=102225 ( act=goods&op=index ) 
ERR: Db Error: Unknown column 'geval_image_again' in 'where clause'
SELECT COUNT(*) AS nc_count FROM `zmkj_evaluate_goods` WHERE ( geval_goodsid = '102225' ) AND ( (geval_image <> '') OR (geval_image_again <> '') ) LIMIT 1  
[2018-03-10 08:55:51] /shop/index.php?act=goods&op=index&goods_id=102226 ( act=goods&op=index ) 
ERR: Db Error: Unknown column 'geval_image_again' in 'where clause'
SELECT COUNT(*) AS nc_count FROM `zmkj_evaluate_goods` WHERE ( geval_goodsid = '102226' ) AND ( (geval_image <> '') OR (geval_image_again <> '') ) LIMIT 1  
[2018-03-10 08:55:53] /shop/index.php?act=goods&op=index&goods_id=102227 ( act=goods&op=index ) 
ERR: Db Error: Unknown column 'geval_image_again' in 'where clause'
SELECT COUNT(*) AS nc_count FROM `zmkj_evaluate_goods` WHERE ( geval_goodsid = '102227' ) AND ( (geval_image <> '') OR (geval_image_again <> '') ) LIMIT 1  
[2018-03-10 08:55:58] /shop/index.php?act=goods&op=index&goods_id=102226 ( act=goods&op=index ) 
ERR: Db Error: Unknown column 'geval_image_again' in 'where clause'
SELECT COUNT(*) AS nc_count FROM `zmkj_evaluate_goods` WHERE ( geval_goodsid = '102226' ) AND ( (geval_image <> '') OR (geval_image_again <> '') ) LIMIT 1  
[2018-03-10 08:58:50] /shop/index.php?act=goods&op=index&goods_id=102229 ( act=goods&op=index ) 
ERR: Db Error: Unknown column 'geval_image_again' in 'where clause'
SELECT COUNT(*) AS nc_count FROM `zmkj_evaluate_goods` WHERE ( geval_goodsid = '102229' ) AND ( (geval_image <> '') OR (geval_image_again <> '') ) LIMIT 1  
[2018-03-10 08:59:14] /shop/index.php?act=goods&op=index&goods_id=102228 ( act=goods&op=index ) 
ERR: Db Error: Unknown column 'geval_image_again' in 'where clause'
SELECT COUNT(*) AS nc_count FROM `zmkj_evaluate_goods` WHERE ( geval_goodsid = '102228' ) AND ( (geval_image <> '') OR (geval_image_again <> '') ) LIMIT 1  
[2018-03-10 09:01:37] /shop/index.php?act=goods&op=index&goods_id=102227 ( act=goods&op=index ) 
ERR: Db Error: Unknown column 'geval_image_again' in 'where clause'
SELECT COUNT(*) AS nc_count FROM `zmkj_evaluate_goods` WHERE ( geval_goodsid = '102227' ) AND ( (geval_image <> '') OR (geval_image_again <> '') ) LIMIT 1  
[2018-03-10 09:01:41] /shop/index.php?act=goods&op=index&goods_id=102226 ( act=goods&op=index ) 
ERR: Db Error: Unknown column 'geval_image_again' in 'where clause'
SELECT COUNT(*) AS nc_count FROM `zmkj_evaluate_goods` WHERE ( geval_goodsid = '102226' ) AND ( (geval_image <> '') OR (geval_image_again <> '') ) LIMIT 1  
[2018-03-10 09:08:09] /shop/index.php?act=goods&op=index&goods_id=102230 ( act=goods&op=index ) 
ERR: Db Error: Unknown column 'geval_image_again' in 'where clause'
SELECT COUNT(*) AS nc_count FROM `zmkj_evaluate_goods` WHERE ( geval_goodsid = '102230' ) AND ( (geval_image <> '') OR (geval_image_again <> '') ) LIMIT 1  
[2018-03-10 09:08:25] /shop/index.php?act=goods&op=index&goods_id=102230 ( act=goods&op=index ) 
ERR: Db Error: Unknown column 'geval_image_again' in 'where clause'
SELECT COUNT(*) AS nc_count FROM `zmkj_evaluate_goods` WHERE ( geval_goodsid = '102230' ) AND ( (geval_image <> '') OR (geval_image_again <> '') ) LIMIT 1  
[2018-03-10 09:08:31] /shop/index.php?act=goods&op=index&goods_id=102232 ( act=goods&op=index ) 
ERR: Db Error: Unknown column 'geval_image_again' in 'where clause'
SELECT COUNT(*) AS nc_count FROM `zmkj_evaluate_goods` WHERE ( geval_goodsid = '102232' ) AND ( (geval_image <> '') OR (geval_image_again <> '') ) LIMIT 1  
[2018-03-10 09:09:25] /shop/index.php?act=goods&op=index&goods_id=102230 ( act=goods&op=index ) 
ERR: Db Error: Unknown column 'geval_image_again' in 'where clause'
SELECT COUNT(*) AS nc_count FROM `zmkj_evaluate_goods` WHERE ( geval_goodsid = '102230' ) AND ( (geval_image <> '') OR (geval_image_again <> '') ) LIMIT 1  
[2018-03-10 09:09:31] /shop/index.php?act=goods&op=index&goods_id=102232 ( act=goods&op=index ) 
ERR: Db Error: Unknown column 'geval_image_again' in 'where clause'
SELECT COUNT(*) AS nc_count FROM `zmkj_evaluate_goods` WHERE ( geval_goodsid = '102232' ) AND ( (geval_image <> '') OR (geval_image_again <> '') ) LIMIT 1  
[2018-03-10 09:10:02] /shop/index.php?act=goods&op=index&goods_id=101335 ( act=goods&op=index ) 
ERR: Db Error: Unknown column 'geval_image_again' in 'where clause'
SELECT COUNT(*) AS nc_count FROM `zmkj_evaluate_goods` WHERE ( geval_goodsid = '101335' ) AND ( (geval_image <> '') OR (geval_image_again <> '') ) LIMIT 1  
[2018-03-10 09:18:37] /shop/index.php?act=goods&op=index&goods_id=102234 ( act=goods&op=index ) 
ERR: Db Error: Unknown column 'geval_image_again' in 'where clause'
SELECT COUNT(*) AS nc_count FROM `zmkj_evaluate_goods` WHERE ( geval_goodsid = '102234' ) AND ( (geval_image <> '') OR (geval_image_again <> '') ) LIMIT 1  
[2018-03-10 09:19:14] /shop/index.php?act=goods&op=index&goods_id=102234 ( act=goods&op=index ) 
ERR: Db Error: Unknown column 'geval_image_again' in 'where clause'
SELECT COUNT(*) AS nc_count FROM `zmkj_evaluate_goods` WHERE ( geval_goodsid = '102234' ) AND ( (geval_image <> '') OR (geval_image_again <> '') ) LIMIT 1  
[2018-03-10 09:25:28] /shop/index.php?act=goods&op=index&goods_id=102235 ( act=goods&op=index ) 
ERR: Db Error: Unknown column 'geval_image_again' in 'where clause'
SELECT COUNT(*) AS nc_count FROM `zmkj_evaluate_goods` WHERE ( geval_goodsid = '102235' ) AND ( (geval_image <> '') OR (geval_image_again <> '') ) LIMIT 1  
[2018-03-10 09:27:34] /shop/index.php?act=goods&op=index&goods_id=101166 ( act=goods&op=index ) 
ERR: Db Error: Unknown column 'geval_image_again' in 'where clause'
SELECT COUNT(*) AS nc_count FROM `zmkj_evaluate_goods` WHERE ( geval_goodsid = '101166' ) AND ( (geval_image <> '') OR (geval_image_again <> '') ) LIMIT 1  
[2018-03-10 09:27:44] /shop/index.php?act=goods&op=index&goods_id=101592 ( act=goods&op=index ) 
ERR: Db Error: Unknown column 'geval_image_again' in 'where clause'
SELECT COUNT(*) AS nc_count FROM `zmkj_evaluate_goods` WHERE ( geval_goodsid = '101592' ) AND ( (geval_image <> '') OR (geval_image_again <> '') ) LIMIT 1  
[2018-03-10 09:27:57] /shop/index.php?act=goods&op=index&goods_id=100624 ( act=goods&op=index ) 
ERR: Db Error: Unknown column 'geval_image_again' in 'where clause'
SELECT COUNT(*) AS nc_count FROM `zmkj_evaluate_goods` WHERE ( geval_goodsid = '100624' ) AND ( (geval_image <> '') OR (geval_image_again <> '') ) LIMIT 1  
[2018-03-10 09:36:03] /shop/index.php?act=goods&op=index&goods_id=100530 ( act=goods&op=index ) 
ERR: Db Error: Unknown column 'geval_image_again' in 'where clause'
SELECT COUNT(*) AS nc_count FROM `zmkj_evaluate_goods` WHERE ( geval_goodsid = '100530' ) AND ( (geval_image <> '') OR (geval_image_again <> '') ) LIMIT 1  
[2018-03-10 09:36:09] /shop/index.php?act=goods&op=index&goods_id=100554 ( act=goods&op=index ) 
ERR: Db Error: Unknown column 'geval_image_again' in 'where clause'
SELECT COUNT(*) AS nc_count FROM `zmkj_evaluate_goods` WHERE ( geval_goodsid = '100554' ) AND ( (geval_image <> '') OR (geval_image_again <> '') ) LIMIT 1  
[2018-03-10 09:36:23] /shop/index.php?act=goods&op=index&goods_id=101117 ( act=goods&op=index ) 
ERR: Db Error: Unknown column 'geval_image_again' in 'where clause'
SELECT COUNT(*) AS nc_count FROM `zmkj_evaluate_goods` WHERE ( geval_goodsid = '101117' ) AND ( (geval_image <> '') OR (geval_image_again <> '') ) LIMIT 1  
[2018-03-10 09:36:27] /shop/index.php?act=goods&op=index&goods_id=100474 ( act=goods&op=index ) 
ERR: Db Error: Unknown column 'geval_image_again' in 'where clause'
SELECT COUNT(*) AS nc_count FROM `zmkj_evaluate_goods` WHERE ( geval_goodsid = '100474' ) AND ( (geval_image <> '') OR (geval_image_again <> '') ) LIMIT 1  
[2018-03-10 09:36:30] /shop/index.php?act=goods&op=index&goods_id=102017 ( act=goods&op=index ) 
ERR: Db Error: Unknown column 'geval_image_again' in 'where clause'
SELECT COUNT(*) AS nc_count FROM `zmkj_evaluate_goods` WHERE ( geval_goodsid = '102017' ) AND ( (geval_image <> '') OR (geval_image_again <> '') ) LIMIT 1  
[2018-03-10 09:36:34] /shop/index.php?act=goods&op=index&goods_id=101571 ( act=goods&op=index ) 
ERR: Db Error: Unknown column 'geval_image_again' in 'where clause'
SELECT COUNT(*) AS nc_count FROM `zmkj_evaluate_goods` WHERE ( geval_goodsid = '101571' ) AND ( (geval_image <> '') OR (geval_image_again <> '') ) LIMIT 1  
[2018-03-10 09:36:37] /shop/index.php?act=goods&op=index&goods_id=101792 ( act=goods&op=index ) 
ERR: Db Error: Unknown column 'geval_image_again' in 'where clause'
SELECT COUNT(*) AS nc_count FROM `zmkj_evaluate_goods` WHERE ( geval_goodsid = '101792' ) AND ( (geval_image <> '') OR (geval_image_again <> '') ) LIMIT 1  
[2018-03-10 09:36:43] /shop/index.php?act=goods&op=index&goods_id=101052 ( act=goods&op=index ) 
ERR: Db Error: Unknown column 'geval_image_again' in 'where clause'
SELECT COUNT(*) AS nc_count FROM `zmkj_evaluate_goods` WHERE ( geval_goodsid = '101052' ) AND ( (geval_image <> '') OR (geval_image_again <> '') ) LIMIT 1  
[2018-03-10 09:36:46] /shop/index.php?act=goods&op=index&goods_id=100589 ( act=goods&op=index ) 
ERR: Db Error: Unknown column 'geval_image_again' in 'where clause'
SELECT COUNT(*) AS nc_count FROM `zmkj_evaluate_goods` WHERE ( geval_goodsid = '100589' ) AND ( (geval_image <> '') OR (geval_image_again <> '') ) LIMIT 1  
[2018-03-10 09:36:50] /shop/index.php?act=goods&op=index&goods_id=101201 ( act=goods&op=index ) 
ERR: Db Error: Unknown column 'geval_image_again' in 'where clause'
SELECT COUNT(*) AS nc_count FROM `zmkj_evaluate_goods` WHERE ( geval_goodsid = '101201' ) AND ( (geval_image <> '') OR (geval_image_again <> '') ) LIMIT 1  
[2018-03-10 09:36:53] /shop/index.php?act=goods&op=index&goods_id=101367 ( act=goods&op=index ) 
ERR: Db Error: Unknown column 'geval_image_again' in 'where clause'
SELECT COUNT(*) AS nc_count FROM `zmkj_evaluate_goods` WHERE ( geval_goodsid = '101367' ) AND ( (geval_image <> '') OR (geval_image_again <> '') ) LIMIT 1  
[2018-03-10 09:36:56] /shop/index.php?act=goods&op=index&goods_id=101795 ( act=goods&op=index ) 
ERR: Db Error: Unknown column 'geval_image_again' in 'where clause'
SELECT COUNT(*) AS nc_count FROM `zmkj_evaluate_goods` WHERE ( geval_goodsid = '101795' ) AND ( (geval_image <> '') OR (geval_image_again <> '') ) LIMIT 1  
[2018-03-10 09:36:59] /shop/index.php?act=goods&op=index&goods_id=101214 ( act=goods&op=index ) 
ERR: Db Error: Unknown column 'geval_image_again' in 'where clause'
SELECT COUNT(*) AS nc_count FROM `zmkj_evaluate_goods` WHERE ( geval_goodsid = '101214' ) AND ( (geval_image <> '') OR (geval_image_again <> '') ) LIMIT 1  
[2018-03-10 09:37:02] /shop/index.php?act=goods&op=index&goods_id=100903 ( act=goods&op=index ) 
ERR: Db Error: Unknown column 'geval_image_again' in 'where clause'
SELECT COUNT(*) AS nc_count FROM `zmkj_evaluate_goods` WHERE ( geval_goodsid = '100903' ) AND ( (geval_image <> '') OR (geval_image_again <> '') ) LIMIT 1  
[2018-03-10 09:37:05] /shop/index.php?act=goods&op=index&goods_id=100602 ( act=goods&op=index ) 
ERR: Db Error: Unknown column 'geval_image_again' in 'where clause'
SELECT COUNT(*) AS nc_count FROM `zmkj_evaluate_goods` WHERE ( geval_goodsid = '100602' ) AND ( (geval_image <> '') OR (geval_image_again <> '') ) LIMIT 1  
[2018-03-10 09:37:08] /shop/index.php?act=goods&op=index&goods_id=101061 ( act=goods&op=index ) 
ERR: Db Error: Unknown column 'geval_image_again' in 'where clause'
SELECT COUNT(*) AS nc_count FROM `zmkj_evaluate_goods` WHERE ( geval_goodsid = '101061' ) AND ( (geval_image <> '') OR (geval_image_again <> '') ) LIMIT 1  
[2018-03-10 09:37:10] /shop/index.php?act=goods&op=index&goods_id=101657 ( act=goods&op=index ) 
ERR: Db Error: Unknown column 'geval_image_again' in 'where clause'
SELECT COUNT(*) AS nc_count FROM `zmkj_evaluate_goods` WHERE ( geval_goodsid = '101657' ) AND ( (geval_image <> '') OR (geval_image_again <> '') ) LIMIT 1  
[2018-03-10 09:37:16] /shop/index.php?act=goods&op=index&goods_id=100590 ( act=goods&op=index ) 
ERR: Db Error: Unknown column 'geval_image_again' in 'where clause'
SELECT COUNT(*) AS nc_count FROM `zmkj_evaluate_goods` WHERE ( geval_goodsid = '100590' ) AND ( (geval_image <> '') OR (geval_image_again <> '') ) LIMIT 1  
[2018-03-10 09:37:18] /shop/index.php?act=goods&op=index&goods_id=100683 ( act=goods&op=index ) 
ERR: Db Error: Unknown column 'geval_image_again' in 'where clause'
SELECT COUNT(*) AS nc_count FROM `zmkj_evaluate_goods` WHERE ( geval_goodsid = '100683' ) AND ( (geval_image <> '') OR (geval_image_again <> '') ) LIMIT 1  
[2018-03-10 09:38:02] /shop/index.php?act=goods&op=index&goods_id=101651 ( act=goods&op=index ) 
ERR: Db Error: Unknown column 'geval_image_again' in 'where clause'
SELECT COUNT(*) AS nc_count FROM `zmkj_evaluate_goods` WHERE ( geval_goodsid = '101651' ) AND ( (geval_image <> '') OR (geval_image_again <> '') ) LIMIT 1  
[2018-03-10 09:38:23] /shop/index.php?act=goods&op=index&goods_id=101152 ( act=goods&op=index ) 
ERR: Db Error: Unknown column 'geval_image_again' in 'where clause'
SELECT COUNT(*) AS nc_count FROM `zmkj_evaluate_goods` WHERE ( geval_goodsid = '101152' ) AND ( (geval_image <> '') OR (geval_image_again <> '') ) LIMIT 1  
[2018-03-10 09:38:25] /shop/index.php?act=goods&op=index&goods_id=101166 ( act=goods&op=index ) 
ERR: Db Error: Unknown column 'geval_image_again' in 'where clause'
SELECT COUNT(*) AS nc_count FROM `zmkj_evaluate_goods` WHERE ( geval_goodsid = '101166' ) AND ( (geval_image <> '') OR (geval_image_again <> '') ) LIMIT 1  
[2018-03-10 09:38:45] /shop/index.php?act=goods&op=index&goods_id=101501 ( act=goods&op=index ) 
ERR: Db Error: Unknown column 'geval_image_again' in 'where clause'
SELECT COUNT(*) AS nc_count FROM `zmkj_evaluate_goods` WHERE ( geval_goodsid = '101501' ) AND ( (geval_image <> '') OR (geval_image_again <> '') ) LIMIT 1  
[2018-03-10 09:38:49] /shop/index.php?act=goods&op=index&goods_id=101588 ( act=goods&op=index ) 
ERR: Db Error: Unknown column 'geval_image_again' in 'where clause'
SELECT COUNT(*) AS nc_count FROM `zmkj_evaluate_goods` WHERE ( geval_goodsid = '101588' ) AND ( (geval_image <> '') OR (geval_image_again <> '') ) LIMIT 1  
[2018-03-10 09:38:52] /shop/index.php?act=goods&op=index&goods_id=101592 ( act=goods&op=index ) 
ERR: Db Error: Unknown column 'geval_image_again' in 'where clause'
SELECT COUNT(*) AS nc_count FROM `zmkj_evaluate_goods` WHERE ( geval_goodsid = '101592' ) AND ( (geval_image <> '') OR (geval_image_again <> '') ) LIMIT 1  
[2018-03-10 09:38:55] /shop/index.php?act=goods&op=index&goods_id=101575 ( act=goods&op=index ) 
ERR: Db Error: Unknown column 'geval_image_again' in 'where clause'
SELECT COUNT(*) AS nc_count FROM `zmkj_evaluate_goods` WHERE ( geval_goodsid = '101575' ) AND ( (geval_image <> '') OR (geval_image_again <> '') ) LIMIT 1  
[2018-03-10 09:38:57] /shop/index.php?act=goods&op=index&goods_id=101232 ( act=goods&op=index ) 
ERR: Db Error: Unknown column 'geval_image_again' in 'where clause'
SELECT COUNT(*) AS nc_count FROM `zmkj_evaluate_goods` WHERE ( geval_goodsid = '101232' ) AND ( (geval_image <> '') OR (geval_image_again <> '') ) LIMIT 1  
[2018-03-10 09:39:02] /shop/index.php?act=goods&op=index&goods_id=101884 ( act=goods&op=index ) 
ERR: Db Error: Unknown column 'geval_image_again' in 'where clause'
SELECT COUNT(*) AS nc_count FROM `zmkj_evaluate_goods` WHERE ( geval_goodsid = '101884' ) AND ( (geval_image <> '') OR (geval_image_again <> '') ) LIMIT 1  
[2018-03-10 09:39:04] /shop/index.php?act=goods&op=index&goods_id=101871 ( act=goods&op=index ) 
ERR: Db Error: Unknown column 'geval_image_again' in 'where clause'
SELECT COUNT(*) AS nc_count FROM `zmkj_evaluate_goods` WHERE ( geval_goodsid = '101871' ) AND ( (geval_image <> '') OR (geval_image_again <> '') ) LIMIT 1  
[2018-03-10 09:39:08] /shop/index.php?act=goods&op=index&goods_id=101835 ( act=goods&op=index ) 
ERR: Db Error: Unknown column 'geval_image_again' in 'where clause'
SELECT COUNT(*) AS nc_count FROM `zmkj_evaluate_goods` WHERE ( geval_goodsid = '101835' ) AND ( (geval_image <> '') OR (geval_image_again <> '') ) LIMIT 1  
[2018-03-10 09:39:21] /shop/index.php?act=goods&op=index&goods_id=102101 ( act=goods&op=index ) 
ERR: Db Error: Unknown column 'geval_image_again' in 'where clause'
SELECT COUNT(*) AS nc_count FROM `zmkj_evaluate_goods` WHERE ( geval_goodsid = '102101' ) AND ( (geval_image <> '') OR (geval_image_again <> '') ) LIMIT 1  
[2018-03-10 09:39:23] /shop/index.php?act=goods&op=index&goods_id=102147 ( act=goods&op=index ) 
ERR: Db Error: Unknown column 'geval_image_again' in 'where clause'
SELECT COUNT(*) AS nc_count FROM `zmkj_evaluate_goods` WHERE ( geval_goodsid = '102147' ) AND ( (geval_image <> '') OR (geval_image_again <> '') ) LIMIT 1  
[2018-03-10 09:39:26] /shop/index.php?act=goods&op=index&goods_id=102141 ( act=goods&op=index ) 
ERR: Db Error: Unknown column 'geval_image_again' in 'where clause'
SELECT COUNT(*) AS nc_count FROM `zmkj_evaluate_goods` WHERE ( geval_goodsid = '102141' ) AND ( (geval_image <> '') OR (geval_image_again <> '') ) LIMIT 1  
[2018-03-10 09:39:28] /shop/index.php?act=goods&op=index&goods_id=101347 ( act=goods&op=index ) 
ERR: Db Error: Unknown column 'geval_image_again' in 'where clause'
SELECT COUNT(*) AS nc_count FROM `zmkj_evaluate_goods` WHERE ( geval_goodsid = '101347' ) AND ( (geval_image <> '') OR (geval_image_again <> '') ) LIMIT 1  
[2018-03-10 09:39:31] /shop/index.php?act=goods&op=index&goods_id=101324 ( act=goods&op=index ) 
ERR: Db Error: Unknown column 'geval_image_again' in 'where clause'
SELECT COUNT(*) AS nc_count FROM `zmkj_evaluate_goods` WHERE ( geval_goodsid = '101324' ) AND ( (geval_image <> '') OR (geval_image_again <> '') ) LIMIT 1  
[2018-03-10 09:39:37] /shop/index.php?act=goods&op=index&goods_id=101323 ( act=goods&op=index ) 
ERR: Db Error: Unknown column 'geval_image_again' in 'where clause'
SELECT COUNT(*) AS nc_count FROM `zmkj_evaluate_goods` WHERE ( geval_goodsid = '101323' ) AND ( (geval_image <> '') OR (geval_image_again <> '') ) LIMIT 1  
[2018-03-10 09:39:46] /shop/index.php?act=goods&op=index&goods_id=101329 ( act=goods&op=index ) 
ERR: Db Error: Unknown column 'geval_image_again' in 'where clause'
SELECT COUNT(*) AS nc_count FROM `zmkj_evaluate_goods` WHERE ( geval_goodsid = '101329' ) AND ( (geval_image <> '') OR (geval_image_again <> '') ) LIMIT 1  
[2018-03-10 09:39:50] /shop/index.php?act=goods&op=index&goods_id=101333 ( act=goods&op=index ) 
ERR: Db Error: Unknown column 'geval_image_again' in 'where clause'
SELECT COUNT(*) AS nc_count FROM `zmkj_evaluate_goods` WHERE ( geval_goodsid = '101333' ) AND ( (geval_image <> '') OR (geval_image_again <> '') ) LIMIT 1  
[2018-03-10 09:39:53] /shop/index.php?act=goods&op=index&goods_id=101330 ( act=goods&op=index ) 
ERR: Db Error: Unknown column 'geval_image_again' in 'where clause'
SELECT COUNT(*) AS nc_count FROM `zmkj_evaluate_goods` WHERE ( geval_goodsid = '101330' ) AND ( (geval_image <> '') OR (geval_image_again <> '') ) LIMIT 1  
[2018-03-10 09:39:56] /shop/index.php?act=goods&op=index&goods_id=101332 ( act=goods&op=index ) 
ERR: Db Error: Unknown column 'geval_image_again' in 'where clause'
SELECT COUNT(*) AS nc_count FROM `zmkj_evaluate_goods` WHERE ( geval_goodsid = '101332' ) AND ( (geval_image <> '') OR (geval_image_again <> '') ) LIMIT 1  
[2018-03-10 09:39:59] /shop/index.php?act=goods&op=index&goods_id=101335 ( act=goods&op=index ) 
ERR: Db Error: Unknown column 'geval_image_again' in 'where clause'
SELECT COUNT(*) AS nc_count FROM `zmkj_evaluate_goods` WHERE ( geval_goodsid = '101335' ) AND ( (geval_image <> '') OR (geval_image_again <> '') ) LIMIT 1  
[2018-03-10 09:40:08] /shop/index.php?act=goods&op=index&goods_id=101360 ( act=goods&op=index ) 
ERR: Db Error: Unknown column 'geval_image_again' in 'where clause'
SELECT COUNT(*) AS nc_count FROM `zmkj_evaluate_goods` WHERE ( geval_goodsid = '101360' ) AND ( (geval_image <> '') OR (geval_image_again <> '') ) LIMIT 1  
[2018-03-10 09:40:15] /shop/index.php?act=goods&op=index&goods_id=100600 ( act=goods&op=index ) 
ERR: Db Error: Unknown column 'geval_image_again' in 'where clause'
SELECT COUNT(*) AS nc_count FROM `zmkj_evaluate_goods` WHERE ( geval_goodsid = '100600' ) AND ( (geval_image <> '') OR (geval_image_again <> '') ) LIMIT 1  
[2018-03-10 09:40:22] /shop/index.php?act=goods&op=index&goods_id=100602 ( act=goods&op=index ) 
ERR: Db Error: Unknown column 'geval_image_again' in 'where clause'
SELECT COUNT(*) AS nc_count FROM `zmkj_evaluate_goods` WHERE ( geval_goodsid = '100602' ) AND ( (geval_image <> '') OR (geval_image_again <> '') ) LIMIT 1  
[2018-03-10 09:40:30] /shop/index.php?act=goods&op=index&goods_id=100604 ( act=goods&op=index ) 
ERR: Db Error: Unknown column 'geval_image_again' in 'where clause'
SELECT COUNT(*) AS nc_count FROM `zmkj_evaluate_goods` WHERE ( geval_goodsid = '100604' ) AND ( (geval_image <> '') OR (geval_image_again <> '') ) LIMIT 1  
[2018-03-10 09:40:34] /shop/index.php?act=goods&op=index&goods_id=100624 ( act=goods&op=index ) 
ERR: Db Error: Unknown column 'geval_image_again' in 'where clause'
SELECT COUNT(*) AS nc_count FROM `zmkj_evaluate_goods` WHERE ( geval_goodsid = '100624' ) AND ( (geval_image <> '') OR (geval_image_again <> '') ) LIMIT 1  
[2018-03-10 09:40:37] /shop/index.php?act=goods&op=index&goods_id=100626 ( act=goods&op=index ) 
ERR: Db Error: Unknown column 'geval_image_again' in 'where clause'
SELECT COUNT(*) AS nc_count FROM `zmkj_evaluate_goods` WHERE ( geval_goodsid = '100626' ) AND ( (geval_image <> '') OR (geval_image_again <> '') ) LIMIT 1  
[2018-03-10 09:40:44] /shop/index.php?act=goods&op=index&goods_id=100627 ( act=goods&op=index ) 
ERR: Db Error: Unknown column 'geval_image_again' in 'where clause'
SELECT COUNT(*) AS nc_count FROM `zmkj_evaluate_goods` WHERE ( geval_goodsid = '100627' ) AND ( (geval_image <> '') OR (geval_image_again <> '') ) LIMIT 1  
[2018-03-10 09:40:56] /shop/index.php?act=goods&op=index&goods_id=100626 ( act=goods&op=index ) 
ERR: Db Error: Unknown column 'geval_image_again' in 'where clause'
SELECT COUNT(*) AS nc_count FROM `zmkj_evaluate_goods` WHERE ( geval_goodsid = '100626' ) AND ( (geval_image <> '') OR (geval_image_again <> '') ) LIMIT 1  
[2018-03-10 09:41:02] /shop/index.php?act=goods&op=index&goods_id=100626 ( act=goods&op=index ) 
ERR: Db Error: Unknown column 'geval_image_again' in 'where clause'
SELECT COUNT(*) AS nc_count FROM `zmkj_evaluate_goods` WHERE ( geval_goodsid = '100626' ) AND ( (geval_image <> '') OR (geval_image_again <> '') ) LIMIT 1  
[2018-03-10 09:43:04] /shop/index.php?act=goods&op=index&goods_id=102239 ( act=goods&op=index ) 
ERR: Db Error: Unknown column 'geval_image_again' in 'where clause'
SELECT COUNT(*) AS nc_count FROM `zmkj_evaluate_goods` WHERE ( geval_goodsid = '102239' ) AND ( (geval_image <> '') OR (geval_image_again <> '') ) LIMIT 1  
[2018-03-10 09:44:04] /shop/index.php?act=goods&op=index&goods_id=102239 ( act=goods&op=index ) 
ERR: Db Error: Unknown column 'geval_image_again' in 'where clause'
SELECT COUNT(*) AS nc_count FROM `zmkj_evaluate_goods` WHERE ( geval_goodsid = '102239' ) AND ( (geval_image <> '') OR (geval_image_again <> '') ) LIMIT 1  
[2018-03-10 09:55:29] /shop/index.php?act=goods&goods_id=101665&op=comments_list ( act=goods&op=comments_list ) 
ERR: Db Error: Unknown column 'geval_image_again' in 'where clause'
SELECT COUNT(*) AS nc_count FROM `zmkj_evaluate_goods` WHERE ( geval_goodsid = '101665' ) AND ( (geval_image <> '') OR (geval_image_again <> '') ) LIMIT 1  
[2018-03-10 09:55:30] /shop/index.php?act=goods&goods_id=101064&op=index ( act=goods&op=index ) 
ERR: Db Error: Unknown column 'geval_image_again' in 'where clause'
SELECT COUNT(*) AS nc_count FROM `zmkj_evaluate_goods` WHERE ( geval_goodsid = '101064' ) AND ( (geval_image <> '') OR (geval_image_again <> '') ) LIMIT 1  
[2018-03-10 09:59:49] /shop/index.php?act=goods&op=index&goods_id=102240 ( act=goods&op=index ) 
ERR: Db Error: Unknown column 'geval_image_again' in 'where clause'
SELECT COUNT(*) AS nc_count FROM `zmkj_evaluate_goods` WHERE ( geval_goodsid = '102240' ) AND ( (geval_image <> '') OR (geval_image_again <> '') ) LIMIT 1  
[2018-03-10 10:02:07] /shop/index.php?act=goods&op=index&goods_id=102243 ( act=goods&op=index ) 
ERR: Db Error: Unknown column 'geval_image_again' in 'where clause'
SELECT COUNT(*) AS nc_count FROM `zmkj_evaluate_goods` WHERE ( geval_goodsid = '102243' ) AND ( (geval_image <> '') OR (geval_image_again <> '') ) LIMIT 1  
[2018-03-10 10:04:15] /shop/index.php?act=goods&op=index&goods_id=101793 ( act=goods&op=index ) 
ERR: Db Error: Unknown column 'geval_image_again' in 'where clause'
SELECT COUNT(*) AS nc_count FROM `zmkj_evaluate_goods` WHERE ( geval_goodsid = '101793' ) AND ( (geval_image <> '') OR (geval_image_again <> '') ) LIMIT 1  
[2018-03-10 10:04:26] /shop/index.php?act=goods&op=index&goods_id=101768 ( act=goods&op=index ) 
ERR: Db Error: Unknown column 'geval_image_again' in 'where clause'
SELECT COUNT(*) AS nc_count FROM `zmkj_evaluate_goods` WHERE ( geval_goodsid = '101768' ) AND ( (geval_image <> '') OR (geval_image_again <> '') ) LIMIT 1  
[2018-03-10 10:04:27] /shop/index.php?act=goods&op=index&goods_id=101762 ( act=goods&op=index ) 
ERR: Db Error: Unknown column 'geval_image_again' in 'where clause'
SELECT COUNT(*) AS nc_count FROM `zmkj_evaluate_goods` WHERE ( geval_goodsid = '101762' ) AND ( (geval_image <> '') OR (geval_image_again <> '') ) LIMIT 1  
[2018-03-10 10:05:15] /shop/index.php?act=goods&op=index&goods_id=101438 ( act=goods&op=index ) 
ERR: Db Error: Unknown column 'geval_image_again' in 'where clause'
SELECT COUNT(*) AS nc_count FROM `zmkj_evaluate_goods` WHERE ( geval_goodsid = '101438' ) AND ( (geval_image <> '') OR (geval_image_again <> '') ) LIMIT 1  
[2018-03-10 10:05:27] /shop/index.php?act=goods&op=index&goods_id=101417 ( act=goods&op=index ) 
ERR: Db Error: Unknown column 'geval_image_again' in 'where clause'
SELECT COUNT(*) AS nc_count FROM `zmkj_evaluate_goods` WHERE ( geval_goodsid = '101417' ) AND ( (geval_image <> '') OR (geval_image_again <> '') ) LIMIT 1  
[2018-03-10 10:06:54] /shop/index.php?act=goods&op=index&goods_id=100554 ( act=goods&op=index ) 
ERR: Db Error: Unknown column 'geval_image_again' in 'where clause'
SELECT COUNT(*) AS nc_count FROM `zmkj_evaluate_goods` WHERE ( geval_goodsid = '100554' ) AND ( (geval_image <> '') OR (geval_image_again <> '') ) LIMIT 1  
[2018-03-10 10:07:02] /shop/index.php?act=goods&op=index&goods_id=100530 ( act=goods&op=index ) 
ERR: Db Error: Unknown column 'geval_image_again' in 'where clause'
SELECT COUNT(*) AS nc_count FROM `zmkj_evaluate_goods` WHERE ( geval_goodsid = '100530' ) AND ( (geval_image <> '') OR (geval_image_again <> '') ) LIMIT 1  
[2018-03-10 10:08:35] /shop/index.php?act=goods&op=index&goods_id=100592 ( act=goods&op=index ) 
ERR: Db Error: Unknown column 'geval_image_again' in 'where clause'
SELECT COUNT(*) AS nc_count FROM `zmkj_evaluate_goods` WHERE ( geval_goodsid = '100592' ) AND ( (geval_image <> '') OR (geval_image_again <> '') ) LIMIT 1  
[2018-03-10 10:08:45] /shop/index.php?act=goods&op=index&goods_id=100490 ( act=goods&op=index ) 
ERR: Db Error: Unknown column 'geval_image_again' in 'where clause'
SELECT COUNT(*) AS nc_count FROM `zmkj_evaluate_goods` WHERE ( geval_goodsid = '100490' ) AND ( (geval_image <> '') OR (geval_image_again <> '') ) LIMIT 1  
[2018-03-10 10:10:21] /shop/index.php?act=goods&op=index&goods_id=100482 ( act=goods&op=index ) 
ERR: Db Error: Unknown column 'geval_image_again' in 'where clause'
SELECT COUNT(*) AS nc_count FROM `zmkj_evaluate_goods` WHERE ( geval_goodsid = '100482' ) AND ( (geval_image <> '') OR (geval_image_again <> '') ) LIMIT 1  
[2018-03-10 10:10:36] /shop/index.php?act=goods&op=index&goods_id=100478 ( act=goods&op=index ) 
ERR: Db Error: Unknown column 'geval_image_again' in 'where clause'
SELECT COUNT(*) AS nc_count FROM `zmkj_evaluate_goods` WHERE ( geval_goodsid = '100478' ) AND ( (geval_image <> '') OR (geval_image_again <> '') ) LIMIT 1  
[2018-03-10 10:10:44] /shop/index.php?act=goods&op=index&goods_id=100451 ( act=goods&op=index ) 
ERR: Db Error: Unknown column 'geval_image_again' in 'where clause'
SELECT COUNT(*) AS nc_count FROM `zmkj_evaluate_goods` WHERE ( geval_goodsid = '100451' ) AND ( (geval_image <> '') OR (geval_image_again <> '') ) LIMIT 1  
[2018-03-10 10:13:22] /shop/index.php?act=goods&op=index&goods_id=102206 ( act=goods&op=index ) 
ERR: Db Error: Unknown column 'geval_image_again' in 'where clause'
SELECT COUNT(*) AS nc_count FROM `zmkj_evaluate_goods` WHERE ( geval_goodsid = '102206' ) AND ( (geval_image <> '') OR (geval_image_again <> '') ) LIMIT 1  
[2018-03-10 10:13:25] /shop/index.php?act=goods&op=index&goods_id=102189 ( act=goods&op=index ) 
ERR: Db Error: Unknown column 'geval_image_again' in 'where clause'
SELECT COUNT(*) AS nc_count FROM `zmkj_evaluate_goods` WHERE ( geval_goodsid = '102189' ) AND ( (geval_image <> '') OR (geval_image_again <> '') ) LIMIT 1  
[2018-03-10 10:13:28] /shop/index.php?act=goods&op=index&goods_id=102184 ( act=goods&op=index ) 
ERR: Db Error: Unknown column 'geval_image_again' in 'where clause'
SELECT COUNT(*) AS nc_count FROM `zmkj_evaluate_goods` WHERE ( geval_goodsid = '102184' ) AND ( (geval_image <> '') OR (geval_image_again <> '') ) LIMIT 1  
[2018-03-10 10:13:31] /shop/index.php?act=goods&op=index&goods_id=102194 ( act=goods&op=index ) 
ERR: Db Error: Unknown column 'geval_image_again' in 'where clause'
SELECT COUNT(*) AS nc_count FROM `zmkj_evaluate_goods` WHERE ( geval_goodsid = '102194' ) AND ( (geval_image <> '') OR (geval_image_again <> '') ) LIMIT 1  
[2018-03-10 10:13:33] /shop/index.php?act=goods&op=index&goods_id=101981 ( act=goods&op=index ) 
ERR: Db Error: Unknown column 'geval_image_again' in 'where clause'
SELECT COUNT(*) AS nc_count FROM `zmkj_evaluate_goods` WHERE ( geval_goodsid = '101981' ) AND ( (geval_image <> '') OR (geval_image_again <> '') ) LIMIT 1  
[2018-03-10 10:13:36] /shop/index.php?act=goods&op=index&goods_id=102010 ( act=goods&op=index ) 
ERR: Db Error: Unknown column 'geval_image_again' in 'where clause'
SELECT COUNT(*) AS nc_count FROM `zmkj_evaluate_goods` WHERE ( geval_goodsid = '102010' ) AND ( (geval_image <> '') OR (geval_image_again <> '') ) LIMIT 1  
[2018-03-10 10:13:38] /shop/index.php?act=goods&op=index&goods_id=102220 ( act=goods&op=index ) 
ERR: Db Error: Unknown column 'geval_image_again' in 'where clause'
SELECT COUNT(*) AS nc_count FROM `zmkj_evaluate_goods` WHERE ( geval_goodsid = '102220' ) AND ( (geval_image <> '') OR (geval_image_again <> '') ) LIMIT 1  
[2018-03-10 10:13:51] /shop/index.php?act=goods&op=index&goods_id=102026 ( act=goods&op=index ) 
ERR: Db Error: Unknown column 'geval_image_again' in 'where clause'
SELECT COUNT(*) AS nc_count FROM `zmkj_evaluate_goods` WHERE ( geval_goodsid = '102026' ) AND ( (geval_image <> '') OR (geval_image_again <> '') ) LIMIT 1  
[2018-03-10 10:13:55] /shop/index.php?act=goods&op=index&goods_id=102048 ( act=goods&op=index ) 
ERR: Db Error: Unknown column 'geval_image_again' in 'where clause'
SELECT COUNT(*) AS nc_count FROM `zmkj_evaluate_goods` WHERE ( geval_goodsid = '102048' ) AND ( (geval_image <> '') OR (geval_image_again <> '') ) LIMIT 1  
[2018-03-10 10:13:57] /shop/index.php?act=goods&op=index&goods_id=102051 ( act=goods&op=index ) 
ERR: Db Error: Unknown column 'geval_image_again' in 'where clause'
SELECT COUNT(*) AS nc_count FROM `zmkj_evaluate_goods` WHERE ( geval_goodsid = '102051' ) AND ( (geval_image <> '') OR (geval_image_again <> '') ) LIMIT 1  
[2018-03-10 10:13:59] /shop/index.php?act=goods&op=index&goods_id=102031 ( act=goods&op=index ) 
ERR: Db Error: Unknown column 'geval_image_again' in 'where clause'
SELECT COUNT(*) AS nc_count FROM `zmkj_evaluate_goods` WHERE ( geval_goodsid = '102031' ) AND ( (geval_image <> '') OR (geval_image_again <> '') ) LIMIT 1  
[2018-03-10 10:14:04] /shop/index.php?act=goods&op=index&goods_id=100011 ( act=goods&op=index ) 
ERR: Db Error: Unknown column 'geval_image_again' in 'where clause'
SELECT COUNT(*) AS nc_count FROM `zmkj_evaluate_goods` WHERE ( geval_goodsid = '100011' ) AND ( (geval_image <> '') OR (geval_image_again <> '') ) LIMIT 1  
[2018-03-10 10:14:10] /shop/index.php?act=goods&op=index&goods_id=101447 ( act=goods&op=index ) 
ERR: Db Error: Unknown column 'geval_image_again' in 'where clause'
SELECT COUNT(*) AS nc_count FROM `zmkj_evaluate_goods` WHERE ( geval_goodsid = '101447' ) AND ( (geval_image <> '') OR (geval_image_again <> '') ) LIMIT 1  
[2018-03-10 10:15:16] /shop/index.php?act=goods&op=index&goods_id=102209 ( act=goods&op=index ) 
ERR: Db Error: Unknown column 'geval_image_again' in 'where clause'
SELECT COUNT(*) AS nc_count FROM `zmkj_evaluate_goods` WHERE ( geval_goodsid = '102209' ) AND ( (geval_image <> '') OR (geval_image_again <> '') ) LIMIT 1  
[2018-03-10 10:15:19] /shop/index.php?act=goods&op=index&goods_id=102213 ( act=goods&op=index ) 
ERR: Db Error: Unknown column 'geval_image_again' in 'where clause'
SELECT COUNT(*) AS nc_count FROM `zmkj_evaluate_goods` WHERE ( geval_goodsid = '102213' ) AND ( (geval_image <> '') OR (geval_image_again <> '') ) LIMIT 1  
[2018-03-10 10:15:23] /shop/index.php?act=goods&op=index&goods_id=102198 ( act=goods&op=index ) 
ERR: Db Error: Unknown column 'geval_image_again' in 'where clause'
SELECT COUNT(*) AS nc_count FROM `zmkj_evaluate_goods` WHERE ( geval_goodsid = '102198' ) AND ( (geval_image <> '') OR (geval_image_again <> '') ) LIMIT 1  
[2018-03-10 10:15:26] /shop/index.php?act=goods&op=index&goods_id=101774 ( act=goods&op=index ) 
ERR: Db Error: Unknown column 'geval_image_again' in 'where clause'
SELECT COUNT(*) AS nc_count FROM `zmkj_evaluate_goods` WHERE ( geval_goodsid = '101774' ) AND ( (geval_image <> '') OR (geval_image_again <> '') ) LIMIT 1  
[2018-03-10 10:15:29] /shop/index.php?act=goods&op=index&goods_id=101722 ( act=goods&op=index ) 
ERR: Db Error: Unknown column 'geval_image_again' in 'where clause'
SELECT COUNT(*) AS nc_count FROM `zmkj_evaluate_goods` WHERE ( geval_goodsid = '101722' ) AND ( (geval_image <> '') OR (geval_image_again <> '') ) LIMIT 1  
[2018-03-10 10:19:26] /shop/index.php?act=goods&op=index&goods_id=101586 ( act=goods&op=index ) 
ERR: Db Error: Unknown column 'geval_image_again' in 'where clause'
SELECT COUNT(*) AS nc_count FROM `zmkj_evaluate_goods` WHERE ( geval_goodsid = '101586' ) AND ( (geval_image <> '') OR (geval_image_again <> '') ) LIMIT 1  
[2018-03-10 10:20:10] /shop/index.php?act=goods&op=index&goods_id=102007 ( act=goods&op=index ) 
ERR: Db Error: Unknown column 'geval_image_again' in 'where clause'
SELECT COUNT(*) AS nc_count FROM `zmkj_evaluate_goods` WHERE ( geval_goodsid = '102007' ) AND ( (geval_image <> '') OR (geval_image_again <> '') ) LIMIT 1  
[2018-03-10 10:22:26] /shop/index.php?act=goods&op=index&goods_id=102250 ( act=goods&op=index ) 
ERR: Db Error: Unknown column 'geval_image_again' in 'where clause'
SELECT COUNT(*) AS nc_count FROM `zmkj_evaluate_goods` WHERE ( geval_goodsid = '102250' ) AND ( (geval_image <> '') OR (geval_image_again <> '') ) LIMIT 1  
[2018-03-10 10:25:23] /shop/index.php?act=goods&op=index&goods_id=102249 ( act=goods&op=index ) 
ERR: Db Error: Unknown column 'geval_image_again' in 'where clause'
SELECT COUNT(*) AS nc_count FROM `zmkj_evaluate_goods` WHERE ( geval_goodsid = '102249' ) AND ( (geval_image <> '') OR (geval_image_again <> '') ) LIMIT 1  
[2018-03-10 10:25:30] /shop/index.php?act=goods&op=index&goods_id=102259 ( act=goods&op=index ) 
ERR: Db Error: Unknown column 'geval_image_again' in 'where clause'
SELECT COUNT(*) AS nc_count FROM `zmkj_evaluate_goods` WHERE ( geval_goodsid = '102259' ) AND ( (geval_image <> '') OR (geval_image_again <> '') ) LIMIT 1  
[2018-03-10 10:25:36] /shop/index.php?act=goods&op=index&goods_id=102251 ( act=goods&op=index ) 
ERR: Db Error: Unknown column 'geval_image_again' in 'where clause'
SELECT COUNT(*) AS nc_count FROM `zmkj_evaluate_goods` WHERE ( geval_goodsid = '102251' ) AND ( (geval_image <> '') OR (geval_image_again <> '') ) LIMIT 1  
[2018-03-10 10:25:47] /shop/index.php?act=goods&op=index&goods_id=102253 ( act=goods&op=index ) 
ERR: Db Error: Unknown column 'geval_image_again' in 'where clause'
SELECT COUNT(*) AS nc_count FROM `zmkj_evaluate_goods` WHERE ( geval_goodsid = '102253' ) AND ( (geval_image <> '') OR (geval_image_again <> '') ) LIMIT 1  
[2018-03-10 10:26:23] /shop/index.php?act=goods&op=index&goods_id=102249 ( act=goods&op=index ) 
ERR: Db Error: Unknown column 'geval_image_again' in 'where clause'
SELECT COUNT(*) AS nc_count FROM `zmkj_evaluate_goods` WHERE ( geval_goodsid = '102249' ) AND ( (geval_image <> '') OR (geval_image_again <> '') ) LIMIT 1  
[2018-03-10 10:34:10] /shop/index.php?act=goods&op=index&goods_id=102272 ( act=goods&op=index ) 
ERR: Db Error: Unknown column 'geval_image_again' in 'where clause'
SELECT COUNT(*) AS nc_count FROM `zmkj_evaluate_goods` WHERE ( geval_goodsid = '102272' ) AND ( (geval_image <> '') OR (geval_image_again <> '') ) LIMIT 1  
[2018-03-10 10:35:55] /shop/index.php?act=goods&op=index&goods_id=102272 ( act=goods&op=index ) 
ERR: Db Error: Unknown column 'geval_image_again' in 'where clause'
SELECT COUNT(*) AS nc_count FROM `zmkj_evaluate_goods` WHERE ( geval_goodsid = '102272' ) AND ( (geval_image <> '') OR (geval_image_again <> '') ) LIMIT 1  
[2018-03-10 10:37:58] /shop/index.php?act=goods&op=index&goods_id=102273 ( act=goods&op=index ) 
ERR: Db Error: Unknown column 'geval_image_again' in 'where clause'
SELECT COUNT(*) AS nc_count FROM `zmkj_evaluate_goods` WHERE ( geval_goodsid = '102273' ) AND ( (geval_image <> '') OR (geval_image_again <> '') ) LIMIT 1  
[2018-03-10 10:37:59] /shop/index.php?act=goods&op=index&goods_id=102272 ( act=goods&op=index ) 
ERR: Db Error: Unknown column 'geval_image_again' in 'where clause'
SELECT COUNT(*) AS nc_count FROM `zmkj_evaluate_goods` WHERE ( geval_goodsid = '102272' ) AND ( (geval_image <> '') OR (geval_image_again <> '') ) LIMIT 1  
[2018-03-10 10:48:57] /shop/index.php?act=goods&op=index&goods_id=102291 ( act=goods&op=index ) 
ERR: Db Error: Unknown column 'geval_image_again' in 'where clause'
SELECT COUNT(*) AS nc_count FROM `zmkj_evaluate_goods` WHERE ( geval_goodsid = '102291' ) AND ( (geval_image <> '') OR (geval_image_again <> '') ) LIMIT 1  
[2018-03-10 10:49:50] /shop/index.php?act=goods&op=index&goods_id=102272 ( act=goods&op=index ) 
ERR: Db Error: Unknown column 'geval_image_again' in 'where clause'
SELECT COUNT(*) AS nc_count FROM `zmkj_evaluate_goods` WHERE ( geval_goodsid = '102272' ) AND ( (geval_image <> '') OR (geval_image_again <> '') ) LIMIT 1  
[2018-03-10 10:54:37] /shop/index.php?act=goods&op=index&goods_id=102272 ( act=goods&op=index ) 
ERR: Db Error: Unknown column 'geval_image_again' in 'where clause'
SELECT COUNT(*) AS nc_count FROM `zmkj_evaluate_goods` WHERE ( geval_goodsid = '102272' ) AND ( (geval_image <> '') OR (geval_image_again <> '') ) LIMIT 1  
[2018-03-10 10:57:58] /shop/index.php?act=goods&op=index&goods_id=102293 ( act=goods&op=index ) 
ERR: Db Error: Unknown column 'geval_image_again' in 'where clause'
SELECT COUNT(*) AS nc_count FROM `zmkj_evaluate_goods` WHERE ( geval_goodsid = '102293' ) AND ( (geval_image <> '') OR (geval_image_again <> '') ) LIMIT 1  
[2018-03-10 10:59:48] /shop/index.php?act=goods&op=index&goods_id=102272 ( act=goods&op=index ) 
ERR: Db Error: Unknown column 'geval_image_again' in 'where clause'
SELECT COUNT(*) AS nc_count FROM `zmkj_evaluate_goods` WHERE ( geval_goodsid = '102272' ) AND ( (geval_image <> '') OR (geval_image_again <> '') ) LIMIT 1  
[2018-03-10 11:04:12] /shop/index.php?act=goods&op=index&goods_id=102303 ( act=goods&op=index ) 
ERR: Db Error: Unknown column 'geval_image_again' in 'where clause'
SELECT COUNT(*) AS nc_count FROM `zmkj_evaluate_goods` WHERE ( geval_goodsid = '102303' ) AND ( (geval_image <> '') OR (geval_image_again <> '') ) LIMIT 1  
[2018-03-10 11:04:17] /shop/index.php?act=goods&op=index&goods_id=102291 ( act=goods&op=index ) 
ERR: Db Error: Unknown column 'geval_image_again' in 'where clause'
SELECT COUNT(*) AS nc_count FROM `zmkj_evaluate_goods` WHERE ( geval_goodsid = '102291' ) AND ( (geval_image <> '') OR (geval_image_again <> '') ) LIMIT 1  
[2018-03-10 11:04:35] /shop/index.php?act=goods&op=index&goods_id=102301 ( act=goods&op=index ) 
ERR: Db Error: Unknown column 'geval_image_again' in 'where clause'
SELECT COUNT(*) AS nc_count FROM `zmkj_evaluate_goods` WHERE ( geval_goodsid = '102301' ) AND ( (geval_image <> '') OR (geval_image_again <> '') ) LIMIT 1  
[2018-03-10 11:04:43] /shop/index.php?act=goods&op=index&goods_id=102302 ( act=goods&op=index ) 
ERR: Db Error: Unknown column 'geval_image_again' in 'where clause'
SELECT COUNT(*) AS nc_count FROM `zmkj_evaluate_goods` WHERE ( geval_goodsid = '102302' ) AND ( (geval_image <> '') OR (geval_image_again <> '') ) LIMIT 1  
[2018-03-10 11:04:47] /shop/index.php?act=goods&op=index&goods_id=102301 ( act=goods&op=index ) 
ERR: Db Error: Unknown column 'geval_image_again' in 'where clause'
SELECT COUNT(*) AS nc_count FROM `zmkj_evaluate_goods` WHERE ( geval_goodsid = '102301' ) AND ( (geval_image <> '') OR (geval_image_again <> '') ) LIMIT 1  
[2018-03-10 11:04:49] /shop/index.php?act=goods&op=index&goods_id=102272 ( act=goods&op=index ) 
ERR: Db Error: Unknown column 'geval_image_again' in 'where clause'
SELECT COUNT(*) AS nc_count FROM `zmkj_evaluate_goods` WHERE ( geval_goodsid = '102272' ) AND ( (geval_image <> '') OR (geval_image_again <> '') ) LIMIT 1  
[2018-03-10 11:05:15] /shop/index.php?act=goods&op=index&goods_id=102303 ( act=goods&op=index ) 
ERR: Db Error: Unknown column 'geval_image_again' in 'where clause'
SELECT COUNT(*) AS nc_count FROM `zmkj_evaluate_goods` WHERE ( geval_goodsid = '102303' ) AND ( (geval_image <> '') OR (geval_image_again <> '') ) LIMIT 1  
[2018-03-10 11:05:32] /shop/index.php?act=goods&op=index&goods_id=102291 ( act=goods&op=index ) 
ERR: Db Error: Unknown column 'geval_image_again' in 'where clause'
SELECT COUNT(*) AS nc_count FROM `zmkj_evaluate_goods` WHERE ( geval_goodsid = '102291' ) AND ( (geval_image <> '') OR (geval_image_again <> '') ) LIMIT 1  
[2018-03-10 11:06:30] /shop/index.php?act=goods&op=index&goods_id=102304 ( act=goods&op=index ) 
ERR: Db Error: Unknown column 'geval_image_again' in 'where clause'
SELECT COUNT(*) AS nc_count FROM `zmkj_evaluate_goods` WHERE ( geval_goodsid = '102304' ) AND ( (geval_image <> '') OR (geval_image_again <> '') ) LIMIT 1  
[2018-03-10 11:06:38] /shop/index.php?act=goods&op=index&goods_id=102303 ( act=goods&op=index ) 
ERR: Db Error: Unknown column 'geval_image_again' in 'where clause'
SELECT COUNT(*) AS nc_count FROM `zmkj_evaluate_goods` WHERE ( geval_goodsid = '102303' ) AND ( (geval_image <> '') OR (geval_image_again <> '') ) LIMIT 1  
[2018-03-10 11:06:44] /shop/index.php?act=goods&op=index&goods_id=102302 ( act=goods&op=index ) 
ERR: Db Error: Unknown column 'geval_image_again' in 'where clause'
SELECT COUNT(*) AS nc_count FROM `zmkj_evaluate_goods` WHERE ( geval_goodsid = '102302' ) AND ( (geval_image <> '') OR (geval_image_again <> '') ) LIMIT 1  
[2018-03-10 11:07:26] /shop/index.php?act=goods&op=index&goods_id=101592 ( act=goods&op=index ) 
ERR: Db Error: Unknown column 'geval_image_again' in 'where clause'
SELECT COUNT(*) AS nc_count FROM `zmkj_evaluate_goods` WHERE ( geval_goodsid = '101592' ) AND ( (geval_image <> '') OR (geval_image_again <> '') ) LIMIT 1  
[2018-03-10 11:07:54] /shop/index.php?act=goods&op=index&goods_id=101592 ( act=goods&op=index ) 
ERR: Db Error: Unknown column 'geval_image_again' in 'where clause'
SELECT COUNT(*) AS nc_count FROM `zmkj_evaluate_goods` WHERE ( geval_goodsid = '101592' ) AND ( (geval_image <> '') OR (geval_image_again <> '') ) LIMIT 1  
[2018-03-10 11:12:26] /shop/index.php?act=goods&op=index&goods_id=102306 ( act=goods&op=index ) 
ERR: Db Error: Unknown column 'geval_image_again' in 'where clause'
SELECT COUNT(*) AS nc_count FROM `zmkj_evaluate_goods` WHERE ( geval_goodsid = '102306' ) AND ( (geval_image <> '') OR (geval_image_again <> '') ) LIMIT 1  
[2018-03-10 11:13:21] /shop/index.php?act=goods&op=index&goods_id=102305 ( act=goods&op=index ) 
ERR: Db Error: Unknown column 'geval_image_again' in 'where clause'
SELECT COUNT(*) AS nc_count FROM `zmkj_evaluate_goods` WHERE ( geval_goodsid = '102305' ) AND ( (geval_image <> '') OR (geval_image_again <> '') ) LIMIT 1  
[2018-03-10 11:13:37] /shop/index.php?act=goods&op=index&goods_id=102305 ( act=goods&op=index ) 
ERR: Db Error: Unknown column 'geval_image_again' in 'where clause'
SELECT COUNT(*) AS nc_count FROM `zmkj_evaluate_goods` WHERE ( geval_goodsid = '102305' ) AND ( (geval_image <> '') OR (geval_image_again <> '') ) LIMIT 1  
[2018-03-10 11:14:21] /shop/index.php?act=goods&op=index&goods_id=102305 ( act=goods&op=index ) 
ERR: Db Error: Unknown column 'geval_image_again' in 'where clause'
SELECT COUNT(*) AS nc_count FROM `zmkj_evaluate_goods` WHERE ( geval_goodsid = '102305' ) AND ( (geval_image <> '') OR (geval_image_again <> '') ) LIMIT 1  
[2018-03-10 11:14:25] /shop/index.php?act=goods&op=index&goods_id=102305&from=singlemessage ( act=goods&op=index ) 
ERR: Db Error: Unknown column 'geval_image_again' in 'where clause'
SELECT COUNT(*) AS nc_count FROM `zmkj_evaluate_goods` WHERE ( geval_goodsid = '102305' ) AND ( (geval_image <> '') OR (geval_image_again <> '') ) LIMIT 1  
[2018-03-10 11:16:22] /shop/index.php?act=goods&op=index&goods_id=102304 ( act=goods&op=index ) 
ERR: Db Error: Unknown column 'geval_image_again' in 'where clause'
SELECT COUNT(*) AS nc_count FROM `zmkj_evaluate_goods` WHERE ( geval_goodsid = '102304' ) AND ( (geval_image <> '') OR (geval_image_again <> '') ) LIMIT 1  
[2018-03-10 11:18:44] /shop/index.php?act=goods&op=index&goods_id=102311 ( act=goods&op=index ) 
ERR: Db Error: Unknown column 'geval_image_again' in 'where clause'
SELECT COUNT(*) AS nc_count FROM `zmkj_evaluate_goods` WHERE ( geval_goodsid = '102311' ) AND ( (geval_image <> '') OR (geval_image_again <> '') ) LIMIT 1  
[2018-03-10 11:18:55] /shop/index.php?act=goods&op=index&goods_id=102310 ( act=goods&op=index ) 
ERR: Db Error: Unknown column 'geval_image_again' in 'where clause'
SELECT COUNT(*) AS nc_count FROM `zmkj_evaluate_goods` WHERE ( geval_goodsid = '102310' ) AND ( (geval_image <> '') OR (geval_image_again <> '') ) LIMIT 1  
[2018-03-10 11:26:34] /shop/index.php?act=goods&op=index&goods_id=102313 ( act=goods&op=index ) 
ERR: Db Error: Unknown column 'geval_image_again' in 'where clause'
SELECT COUNT(*) AS nc_count FROM `zmkj_evaluate_goods` WHERE ( geval_goodsid = '102313' ) AND ( (geval_image <> '') OR (geval_image_again <> '') ) LIMIT 1  
[2018-03-10 11:26:45] /shop/index.php?act=goods&op=index&goods_id=102313 ( act=goods&op=index ) 
ERR: Db Error: Unknown column 'geval_image_again' in 'where clause'
SELECT COUNT(*) AS nc_count FROM `zmkj_evaluate_goods` WHERE ( geval_goodsid = '102313' ) AND ( (geval_image <> '') OR (geval_image_again <> '') ) LIMIT 1  
[2018-03-10 11:26:55] /shop/index.php?act=goods&op=index&goods_id=102312 ( act=goods&op=index ) 
ERR: Db Error: Unknown column 'geval_image_again' in 'where clause'
SELECT COUNT(*) AS nc_count FROM `zmkj_evaluate_goods` WHERE ( geval_goodsid = '102312' ) AND ( (geval_image <> '') OR (geval_image_again <> '') ) LIMIT 1  
[2018-03-10 11:45:22] /shop/index.php?act=goods&op=index&goods_id=102317 ( act=goods&op=index ) 
ERR: Db Error: Unknown column 'geval_image_again' in 'where clause'
SELECT COUNT(*) AS nc_count FROM `zmkj_evaluate_goods` WHERE ( geval_goodsid = '102317' ) AND ( (geval_image <> '') OR (geval_image_again <> '') ) LIMIT 1  
[2018-03-10 11:45:34] /shop/index.php?act=goods&op=index&goods_id=102324 ( act=goods&op=index ) 
ERR: Db Error: Unknown column 'geval_image_again' in 'where clause'
SELECT COUNT(*) AS nc_count FROM `zmkj_evaluate_goods` WHERE ( geval_goodsid = '102324' ) AND ( (geval_image <> '') OR (geval_image_again <> '') ) LIMIT 1  
[2018-03-10 11:45:41] /shop/index.php?act=goods&op=index&goods_id=102323 ( act=goods&op=index ) 
ERR: Db Error: Unknown column 'geval_image_again' in 'where clause'
SELECT COUNT(*) AS nc_count FROM `zmkj_evaluate_goods` WHERE ( geval_goodsid = '102323' ) AND ( (geval_image <> '') OR (geval_image_again <> '') ) LIMIT 1  
[2018-03-10 11:45:53] /shop/index.php?act=goods&op=index&goods_id=102317 ( act=goods&op=index ) 
ERR: Db Error: Unknown column 'geval_image_again' in 'where clause'
SELECT COUNT(*) AS nc_count FROM `zmkj_evaluate_goods` WHERE ( geval_goodsid = '102317' ) AND ( (geval_image <> '') OR (geval_image_again <> '') ) LIMIT 1  
[2018-03-10 11:45:59] /shop/index.php?act=goods&op=index&goods_id=102316 ( act=goods&op=index ) 
ERR: Db Error: Unknown column 'geval_image_again' in 'where clause'
SELECT COUNT(*) AS nc_count FROM `zmkj_evaluate_goods` WHERE ( geval_goodsid = '102316' ) AND ( (geval_image <> '') OR (geval_image_again <> '') ) LIMIT 1  
[2018-03-10 11:46:06] /shop/index.php?act=goods&op=index&goods_id=102315 ( act=goods&op=index ) 
ERR: Db Error: Unknown column 'geval_image_again' in 'where clause'
SELECT COUNT(*) AS nc_count FROM `zmkj_evaluate_goods` WHERE ( geval_goodsid = '102315' ) AND ( (geval_image <> '') OR (geval_image_again <> '') ) LIMIT 1  
[2018-03-10 11:46:16] /shop/index.php?act=goods&op=index&goods_id=102308 ( act=goods&op=index ) 
ERR: Db Error: Unknown column 'geval_image_again' in 'where clause'
SELECT COUNT(*) AS nc_count FROM `zmkj_evaluate_goods` WHERE ( geval_goodsid = '102308' ) AND ( (geval_image <> '') OR (geval_image_again <> '') ) LIMIT 1  
[2018-03-10 11:46:26] /shop/index.php?act=goods&op=index&goods_id=102307 ( act=goods&op=index ) 
ERR: Db Error: Unknown column 'geval_image_again' in 'where clause'
SELECT COUNT(*) AS nc_count FROM `zmkj_evaluate_goods` WHERE ( geval_goodsid = '102307' ) AND ( (geval_image <> '') OR (geval_image_again <> '') ) LIMIT 1  
[2018-03-10 11:53:34] /shop/index.php?act=goods&op=index&goods_id=102325 ( act=goods&op=index ) 
ERR: Db Error: Unknown column 'geval_image_again' in 'where clause'
SELECT COUNT(*) AS nc_count FROM `zmkj_evaluate_goods` WHERE ( geval_goodsid = '102325' ) AND ( (geval_image <> '') OR (geval_image_again <> '') ) LIMIT 1  
[2018-03-10 11:54:18] /shop/index.php?act=goods&op=index&goods_id=102249 ( act=goods&op=index ) 
ERR: Db Error: Unknown column 'geval_image_again' in 'where clause'
SELECT COUNT(*) AS nc_count FROM `zmkj_evaluate_goods` WHERE ( geval_goodsid = '102249' ) AND ( (geval_image <> '') OR (geval_image_again <> '') ) LIMIT 1  
[2018-03-10 11:58:29] /shop/index.php?act=goods&op=index&goods_id=102305 ( act=goods&op=index ) 
ERR: Db Error: Unknown column 'geval_image_again' in 'where clause'
SELECT COUNT(*) AS nc_count FROM `zmkj_evaluate_goods` WHERE ( geval_goodsid = '102305' ) AND ( (geval_image <> '') OR (geval_image_again <> '') ) LIMIT 1  
[2018-03-10 12:10:23] /shop/index.php?act=goods&op=index&goods_id=102305 ( act=goods&op=index ) 
ERR: Db Error: Unknown column 'geval_image_again' in 'where clause'
SELECT COUNT(*) AS nc_count FROM `zmkj_evaluate_goods` WHERE ( geval_goodsid = '102305' ) AND ( (geval_image <> '') OR (geval_image_again <> '') ) LIMIT 1  
[2018-03-10 12:11:04] /shop/index.php?act=goods&op=index&goods_id=102305 ( act=goods&op=index ) 
ERR: Db Error: Unknown column 'geval_image_again' in 'where clause'
SELECT COUNT(*) AS nc_count FROM `zmkj_evaluate_goods` WHERE ( geval_goodsid = '102305' ) AND ( (geval_image <> '') OR (geval_image_again <> '') ) LIMIT 1  
[2018-03-10 12:11:04] /shop/index.php?act=goods&op=index&goods_id=102305 ( act=goods&op=index ) 
ERR: Db Error: Unknown column 'geval_image_again' in 'where clause'
SELECT COUNT(*) AS nc_count FROM `zmkj_evaluate_goods` WHERE ( geval_goodsid = '102305' ) AND ( (geval_image <> '') OR (geval_image_again <> '') ) LIMIT 1  
[2018-03-10 13:37:25] /shop/index.php?act=goods&op=index&goods_id=102314 ( act=goods&op=index ) 
ERR: Db Error: Unknown column 'geval_image_again' in 'where clause'
SELECT COUNT(*) AS nc_count FROM `zmkj_evaluate_goods` WHERE ( geval_goodsid = '102314' ) AND ( (geval_image <> '') OR (geval_image_again <> '') ) LIMIT 1  
[2018-03-10 13:38:21] /shop/index.php?act=goods&op=index&goods_id=102333 ( act=goods&op=index ) 
ERR: Db Error: Unknown column 'geval_image_again' in 'where clause'
SELECT COUNT(*) AS nc_count FROM `zmkj_evaluate_goods` WHERE ( geval_goodsid = '102333' ) AND ( (geval_image <> '') OR (geval_image_again <> '') ) LIMIT 1  
[2018-03-10 13:39:27] /shop/index.php?act=goods&op=index&goods_id=102333 ( act=goods&op=index ) 
ERR: Db Error: Unknown column 'geval_image_again' in 'where clause'
SELECT COUNT(*) AS nc_count FROM `zmkj_evaluate_goods` WHERE ( geval_goodsid = '102333' ) AND ( (geval_image <> '') OR (geval_image_again <> '') ) LIMIT 1  
[2018-03-10 13:49:49] /shop/index.php?act=goods&op=index&goods_id=102314 ( act=goods&op=index ) 
ERR: Db Error: Unknown column 'geval_image_again' in 'where clause'
SELECT COUNT(*) AS nc_count FROM `zmkj_evaluate_goods` WHERE ( geval_goodsid = '102314' ) AND ( (geval_image <> '') OR (geval_image_again <> '') ) LIMIT 1  
[2018-03-10 13:50:51] /shop/index.php?act=goods&op=index&goods_id=102314 ( act=goods&op=index ) 
ERR: Db Error: Unknown column 'geval_image_again' in 'where clause'
SELECT COUNT(*) AS nc_count FROM `zmkj_evaluate_goods` WHERE ( geval_goodsid = '102314' ) AND ( (geval_image <> '') OR (geval_image_again <> '') ) LIMIT 1  
[2018-03-10 13:51:24] /shop/index.php?act=goods&op=index&goods_id=102306 ( act=goods&op=index ) 
ERR: Db Error: Unknown column 'geval_image_again' in 'where clause'
SELECT COUNT(*) AS nc_count FROM `zmkj_evaluate_goods` WHERE ( geval_goodsid = '102306' ) AND ( (geval_image <> '') OR (geval_image_again <> '') ) LIMIT 1  
[2018-03-10 13:58:29] /shop/index.php?act=goods&op=index&goods_id=102338 ( act=goods&op=index ) 
ERR: Db Error: Unknown column 'geval_image_again' in 'where clause'
SELECT COUNT(*) AS nc_count FROM `zmkj_evaluate_goods` WHERE ( geval_goodsid = '102338' ) AND ( (geval_image <> '') OR (geval_image_again <> '') ) LIMIT 1  
[2018-03-10 14:05:30] /shop/index.php?act=goods&op=index&goods_id=102296 ( act=goods&op=index ) 
ERR: Db Error: Unknown column 'geval_image_again' in 'where clause'
SELECT COUNT(*) AS nc_count FROM `zmkj_evaluate_goods` WHERE ( geval_goodsid = '102296' ) AND ( (geval_image <> '') OR (geval_image_again <> '') ) LIMIT 1  
[2018-03-10 14:08:05] /shop/index.php?act=goods&op=index&goods_id=102342 ( act=goods&op=index ) 
ERR: Db Error: Unknown column 'geval_image_again' in 'where clause'
SELECT COUNT(*) AS nc_count FROM `zmkj_evaluate_goods` WHERE ( geval_goodsid = '102342' ) AND ( (geval_image <> '') OR (geval_image_again <> '') ) LIMIT 1  
[2018-03-10 14:23:11] /shop/index.php?act=goods&op=index&goods_id=102354 ( act=goods&op=index ) 
ERR: Db Error: Unknown column 'geval_image_again' in 'where clause'
SELECT COUNT(*) AS nc_count FROM `zmkj_evaluate_goods` WHERE ( geval_goodsid = '102354' ) AND ( (geval_image <> '') OR (geval_image_again <> '') ) LIMIT 1  
[2018-03-10 14:23:49] /shop/index.php?act=goods&op=index&goods_id=101105 ( act=goods&op=index ) 
ERR: Db Error: Unknown column 'geval_image_again' in 'where clause'
SELECT COUNT(*) AS nc_count FROM `zmkj_evaluate_goods` WHERE ( geval_goodsid = '101105' ) AND ( (geval_image <> '') OR (geval_image_again <> '') ) LIMIT 1  
[2018-03-10 14:24:16] /shop/index.php?act=goods&op=index&goods_id=100491 ( act=goods&op=index ) 
ERR: Db Error: Unknown column 'geval_image_again' in 'where clause'
SELECT COUNT(*) AS nc_count FROM `zmkj_evaluate_goods` WHERE ( geval_goodsid = '100491' ) AND ( (geval_image <> '') OR (geval_image_again <> '') ) LIMIT 1  
[2018-03-10 14:24:46] /shop/index.php?act=goods&op=index&goods_id=101105 ( act=goods&op=index ) 
ERR: Db Error: Unknown column 'geval_image_again' in 'where clause'
SELECT COUNT(*) AS nc_count FROM `zmkj_evaluate_goods` WHERE ( geval_goodsid = '101105' ) AND ( (geval_image <> '') OR (geval_image_again <> '') ) LIMIT 1  
[2018-03-10 14:25:14] /shop/index.php?act=goods&op=index&goods_id=100491 ( act=goods&op=index ) 
ERR: Db Error: Unknown column 'geval_image_again' in 'where clause'
SELECT COUNT(*) AS nc_count FROM `zmkj_evaluate_goods` WHERE ( geval_goodsid = '100491' ) AND ( (geval_image <> '') OR (geval_image_again <> '') ) LIMIT 1  
[2018-03-10 14:38:04] /shop/index.php?act=goods&op=index&goods_id=102364 ( act=goods&op=index ) 
ERR: Db Error: Unknown column 'geval_image_again' in 'where clause'
SELECT COUNT(*) AS nc_count FROM `zmkj_evaluate_goods` WHERE ( geval_goodsid = '102364' ) AND ( (geval_image <> '') OR (geval_image_again <> '') ) LIMIT 1  
[2018-03-10 14:46:45] /shop/index.php?act=goods&op=index&goods_id=102366 ( act=goods&op=index ) 
ERR: Db Error: Unknown column 'geval_image_again' in 'where clause'
SELECT COUNT(*) AS nc_count FROM `zmkj_evaluate_goods` WHERE ( geval_goodsid = '102366' ) AND ( (geval_image <> '') OR (geval_image_again <> '') ) LIMIT 1  
[2018-03-10 14:53:31] /shop/index.php?act=goods&op=index&goods_id=102366 ( act=goods&op=index ) 
ERR: Db Error: Unknown column 'geval_image_again' in 'where clause'
SELECT COUNT(*) AS nc_count FROM `zmkj_evaluate_goods` WHERE ( geval_goodsid = '102366' ) AND ( (geval_image <> '') OR (geval_image_again <> '') ) LIMIT 1  
[2018-03-10 14:54:29] /shop/index.php?act=goods&op=index&goods_id=102366 ( act=goods&op=index ) 
ERR: Db Error: Unknown column 'geval_image_again' in 'where clause'
SELECT COUNT(*) AS nc_count FROM `zmkj_evaluate_goods` WHERE ( geval_goodsid = '102366' ) AND ( (geval_image <> '') OR (geval_image_again <> '') ) LIMIT 1  
[2018-03-10 15:14:22] /shop/index.php?act=goods&op=index&goods_id=101459 ( act=goods&op=index ) 
ERR: Db Error: Unknown column 'geval_image_again' in 'where clause'
SELECT COUNT(*) AS nc_count FROM `zmkj_evaluate_goods` WHERE ( geval_goodsid = '101459' ) AND ( (geval_image <> '') OR (geval_image_again <> '') ) LIMIT 1  
[2018-03-10 15:25:10] /shop/index.php?act=goods&op=index&goods_id=102305 ( act=goods&op=index ) 
ERR: Db Error: Unknown column 'geval_image_again' in 'where clause'
SELECT COUNT(*) AS nc_count FROM `zmkj_evaluate_goods` WHERE ( geval_goodsid = '102305' ) AND ( (geval_image <> '') OR (geval_image_again <> '') ) LIMIT 1  
[2018-03-10 15:29:06] /shop/index.php?act=goods&op=index&goods_id=102370 ( act=goods&op=index ) 
ERR: Db Error: Unknown column 'geval_image_again' in 'where clause'
SELECT COUNT(*) AS nc_count FROM `zmkj_evaluate_goods` WHERE ( geval_goodsid = '102370' ) AND ( (geval_image <> '') OR (geval_image_again <> '') ) LIMIT 1  
[2018-03-10 16:02:35] /shop/index.php?act=goods&op=index&goods_id=102141 ( act=goods&op=index ) 
ERR: Db Error: Unknown column 'geval_image_again' in 'where clause'
SELECT COUNT(*) AS nc_count FROM `zmkj_evaluate_goods` WHERE ( geval_goodsid = '102141' ) AND ( (geval_image <> '') OR (geval_image_again <> '') ) LIMIT 1  
[2018-03-10 16:07:50] /shop/index.php?act=goods&goods_id=100990&op=index ( act=goods&op=index ) 
ERR: Db Error: Unknown column 'geval_image_again' in 'where clause'
SELECT COUNT(*) AS nc_count FROM `zmkj_evaluate_goods` WHERE ( geval_goodsid = '100990' ) AND ( (geval_image <> '') OR (geval_image_again <> '') ) LIMIT 1  
[2018-03-10 16:07:52] /shop/index.php?act=goods&goods_id=101499&op=index ( act=goods&op=index ) 
ERR: Db Error: Unknown column 'geval_image_again' in 'where clause'
SELECT COUNT(*) AS nc_count FROM `zmkj_evaluate_goods` WHERE ( geval_goodsid = '101499' ) AND ( (geval_image <> '') OR (geval_image_again <> '') ) LIMIT 1  
[2018-03-10 16:08:42] /shop/index.php?act=goods&goods_id=101111&op=comments_list ( act=goods&op=comments_list ) 
ERR: Db Error: Unknown column 'geval_image_again' in 'where clause'
SELECT COUNT(*) AS nc_count FROM `zmkj_evaluate_goods` WHERE ( geval_goodsid = '101111' ) AND ( (geval_image <> '') OR (geval_image_again <> '') ) LIMIT 1  
[2018-03-10 16:08:45] /shop/index.php?act=goods&goods_id=100967&op=comments_list ( act=goods&op=comments_list ) 
ERR: Db Error: Unknown column 'geval_image_again' in 'where clause'
SELECT COUNT(*) AS nc_count FROM `zmkj_evaluate_goods` WHERE ( geval_goodsid = '100967' ) AND ( (geval_image <> '') OR (geval_image_again <> '') ) LIMIT 1  
[2018-03-10 16:09:21] /shop/index.php?act=goods&goods_id=101773&op=index ( act=goods&op=index ) 
ERR: Db Error: Unknown column 'geval_image_again' in 'where clause'
SELECT COUNT(*) AS nc_count FROM `zmkj_evaluate_goods` WHERE ( geval_goodsid = '101773' ) AND ( (geval_image <> '') OR (geval_image_again <> '') ) LIMIT 1  
[2018-03-10 16:09:28] /shop/index.php?act=goods&goods_id=100648&op=comments_list ( act=goods&op=comments_list ) 
ERR: Db Error: Unknown column 'geval_image_again' in 'where clause'
SELECT COUNT(*) AS nc_count FROM `zmkj_evaluate_goods` WHERE ( geval_goodsid = '100648' ) AND ( (geval_image <> '') OR (geval_image_again <> '') ) LIMIT 1  
[2018-03-10 16:09:38] /shop/index.php?act=goods&goods_id=101360&op=comments_list ( act=goods&op=comments_list ) 
ERR: Db Error: Unknown column 'geval_image_again' in 'where clause'
SELECT COUNT(*) AS nc_count FROM `zmkj_evaluate_goods` WHERE ( geval_goodsid = '101360' ) AND ( (geval_image <> '') OR (geval_image_again <> '') ) LIMIT 1  
[2018-03-10 16:10:27] /shop/index.php?act=goods&goods_id=101177&op=comments_list ( act=goods&op=comments_list ) 
ERR: Db Error: Unknown column 'geval_image_again' in 'where clause'
SELECT COUNT(*) AS nc_count FROM `zmkj_evaluate_goods` WHERE ( geval_goodsid = '101177' ) AND ( (geval_image <> '') OR (geval_image_again <> '') ) LIMIT 1  
[2018-03-10 16:44:27] /shop/index.php?act=goods&op=index&goods_id=102375 ( act=goods&op=index ) 
ERR: Db Error: Unknown column 'geval_image_again' in 'where clause'
SELECT COUNT(*) AS nc_count FROM `zmkj_evaluate_goods` WHERE ( geval_goodsid = '102375' ) AND ( (geval_image <> '') OR (geval_image_again <> '') ) LIMIT 1  
[2018-03-10 17:10:56] /shop/index.php?act=goods&op=index&goods_id=101537 ( act=goods&op=index ) 
ERR: Db Error: Unknown column 'geval_image_again' in 'where clause'
SELECT COUNT(*) AS nc_count FROM `zmkj_evaluate_goods` WHERE ( geval_goodsid = '101537' ) AND ( (geval_image <> '') OR (geval_image_again <> '') ) LIMIT 1  
[2018-03-10 17:27:07] /shop/index.php?act=goods&op=index&goods_id=102228 ( act=goods&op=index ) 
ERR: Db Error: Unknown column 'geval_image_again' in 'where clause'
SELECT COUNT(*) AS nc_count FROM `zmkj_evaluate_goods` WHERE ( geval_goodsid = '102228' ) AND ( (geval_image <> '') OR (geval_image_again <> '') ) LIMIT 1  
[2018-03-10 17:28:54] /shop/index.php?act=goods&op=index&goods_id=101661 ( act=goods&op=index ) 
ERR: Db Error: Unknown column 'geval_image_again' in 'where clause'
SELECT COUNT(*) AS nc_count FROM `zmkj_evaluate_goods` WHERE ( geval_goodsid = '101661' ) AND ( (geval_image <> '') OR (geval_image_again <> '') ) LIMIT 1  
[2018-03-10 17:29:01] /shop/index.php?act=goods&op=index&goods_id=101661 ( act=goods&op=index ) 
ERR: Db Error: Unknown column 'geval_image_again' in 'where clause'
SELECT COUNT(*) AS nc_count FROM `zmkj_evaluate_goods` WHERE ( geval_goodsid = '101661' ) AND ( (geval_image <> '') OR (geval_image_again <> '') ) LIMIT 1  
[2018-03-10 17:29:37] /shop/index.php?act=goods&op=index&goods_id=102208 ( act=goods&op=index ) 
ERR: Db Error: Unknown column 'geval_image_again' in 'where clause'
SELECT COUNT(*) AS nc_count FROM `zmkj_evaluate_goods` WHERE ( geval_goodsid = '102208' ) AND ( (geval_image <> '') OR (geval_image_again <> '') ) LIMIT 1  
[2018-03-10 17:29:54] /shop/index.php?act=goods&op=index&goods_id=101661 ( act=goods&op=index ) 
ERR: Db Error: Unknown column 'geval_image_again' in 'where clause'
SELECT COUNT(*) AS nc_count FROM `zmkj_evaluate_goods` WHERE ( geval_goodsid = '101661' ) AND ( (geval_image <> '') OR (geval_image_again <> '') ) LIMIT 1  
[2018-03-10 17:30:07] /shop/index.php?act=goods&op=index&goods_id=102208 ( act=goods&op=index ) 
ERR: Db Error: Unknown column 'geval_image_again' in 'where clause'
SELECT COUNT(*) AS nc_count FROM `zmkj_evaluate_goods` WHERE ( geval_goodsid = '102208' ) AND ( (geval_image <> '') OR (geval_image_again <> '') ) LIMIT 1  
[2018-03-10 17:30:24] /shop/index.php?act=goods&op=index&goods_id=102223 ( act=goods&op=index ) 
ERR: Db Error: Unknown column 'geval_image_again' in 'where clause'
SELECT COUNT(*) AS nc_count FROM `zmkj_evaluate_goods` WHERE ( geval_goodsid = '102223' ) AND ( (geval_image <> '') OR (geval_image_again <> '') ) LIMIT 1  
[2018-03-10 17:30:28] /shop/index.php?act=goods&op=index&goods_id=102224 ( act=goods&op=index ) 
ERR: Db Error: Unknown column 'geval_image_again' in 'where clause'
SELECT COUNT(*) AS nc_count FROM `zmkj_evaluate_goods` WHERE ( geval_goodsid = '102224' ) AND ( (geval_image <> '') OR (geval_image_again <> '') ) LIMIT 1  
[2018-03-10 17:30:34] /shop/index.php?act=goods&op=index&goods_id=102224 ( act=goods&op=index ) 
ERR: Db Error: Unknown column 'geval_image_again' in 'where clause'
SELECT COUNT(*) AS nc_count FROM `zmkj_evaluate_goods` WHERE ( geval_goodsid = '102224' ) AND ( (geval_image <> '') OR (geval_image_again <> '') ) LIMIT 1  
[2018-03-10 17:30:37] /shop/index.php?act=goods&op=index&goods_id=102208 ( act=goods&op=index ) 
ERR: Db Error: Unknown column 'geval_image_again' in 'where clause'
SELECT COUNT(*) AS nc_count FROM `zmkj_evaluate_goods` WHERE ( geval_goodsid = '102208' ) AND ( (geval_image <> '') OR (geval_image_again <> '') ) LIMIT 1  
[2018-03-10 17:31:28] /shop/index.php?act=goods&op=index&goods_id=102224 ( act=goods&op=index ) 
ERR: Db Error: Unknown column 'geval_image_again' in 'where clause'
SELECT COUNT(*) AS nc_count FROM `zmkj_evaluate_goods` WHERE ( geval_goodsid = '102224' ) AND ( (geval_image <> '') OR (geval_image_again <> '') ) LIMIT 1  
[2018-03-10 17:31:32] /shop/index.php?act=goods&op=index&goods_id=101661&from=singlemessage ( act=goods&op=index ) 
ERR: Db Error: Unknown column 'geval_image_again' in 'where clause'
SELECT COUNT(*) AS nc_count FROM `zmkj_evaluate_goods` WHERE ( geval_goodsid = '101661' ) AND ( (geval_image <> '') OR (geval_image_again <> '') ) LIMIT 1  
[2018-03-10 17:31:57] /shop/index.php?act=goods&op=index&goods_id=102224&from=singlemessage ( act=goods&op=index ) 
ERR: Db Error: Unknown column 'geval_image_again' in 'where clause'
SELECT COUNT(*) AS nc_count FROM `zmkj_evaluate_goods` WHERE ( geval_goodsid = '102224' ) AND ( (geval_image <> '') OR (geval_image_again <> '') ) LIMIT 1  
[2018-03-10 17:32:32] /shop/index.php?act=goods&op=index&goods_id=101661&from=singlemessage ( act=goods&op=index ) 
ERR: Db Error: Unknown column 'geval_image_again' in 'where clause'
SELECT COUNT(*) AS nc_count FROM `zmkj_evaluate_goods` WHERE ( geval_goodsid = '101661' ) AND ( (geval_image <> '') OR (geval_image_again <> '') ) LIMIT 1  
[2018-03-10 17:32:57] /shop/index.php?act=goods&op=index&goods_id=102224&from=singlemessage ( act=goods&op=index ) 
ERR: Db Error: Unknown column 'geval_image_again' in 'where clause'
SELECT COUNT(*) AS nc_count FROM `zmkj_evaluate_goods` WHERE ( geval_goodsid = '102224' ) AND ( (geval_image <> '') OR (geval_image_again <> '') ) LIMIT 1  
[2018-03-10 17:39:00] /shop/index.php?act=goods&op=index&goods_id=102374 ( act=goods&op=index ) 
ERR: Db Error: Unknown column 'geval_image_again' in 'where clause'
SELECT COUNT(*) AS nc_count FROM `zmkj_evaluate_goods` WHERE ( geval_goodsid = '102374' ) AND ( (geval_image <> '') OR (geval_image_again <> '') ) LIMIT 1  
[2018-03-10 17:39:04] /shop/index.php?act=goods&op=index&goods_id=101112 ( act=goods&op=index ) 
ERR: Db Error: Unknown column 'geval_image_again' in 'where clause'
SELECT COUNT(*) AS nc_count FROM `zmkj_evaluate_goods` WHERE ( geval_goodsid = '101112' ) AND ( (geval_image <> '') OR (geval_image_again <> '') ) LIMIT 1  
[2018-03-10 17:46:37] /shop/index.php?act=goods&op=index&goods_id=101661&from=singlemessage ( act=goods&op=index ) 
ERR: Db Error: Unknown column 'geval_image_again' in 'where clause'
SELECT COUNT(*) AS nc_count FROM `zmkj_evaluate_goods` WHERE ( geval_goodsid = '101661' ) AND ( (geval_image <> '') OR (geval_image_again <> '') ) LIMIT 1  
[2018-03-10 17:47:03] /shop/index.php?act=goods&op=index&goods_id=101781 ( act=goods&op=index ) 
ERR: Db Error: Unknown column 'geval_image_again' in 'where clause'
SELECT COUNT(*) AS nc_count FROM `zmkj_evaluate_goods` WHERE ( geval_goodsid = '101781' ) AND ( (geval_image <> '') OR (geval_image_again <> '') ) LIMIT 1  
[2018-03-10 17:47:13] /shop/index.php?act=goods&op=index&goods_id=101661&from=singlemessage ( act=goods&op=index ) 
ERR: Db Error: Unknown column 'geval_image_again' in 'where clause'
SELECT COUNT(*) AS nc_count FROM `zmkj_evaluate_goods` WHERE ( geval_goodsid = '101661' ) AND ( (geval_image <> '') OR (geval_image_again <> '') ) LIMIT 1  
[2018-03-10 17:47:23] /shop/index.php?act=goods&op=index&goods_id=101661&from=singlemessage ( act=goods&op=index ) 
ERR: Db Error: Unknown column 'geval_image_again' in 'where clause'
SELECT COUNT(*) AS nc_count FROM `zmkj_evaluate_goods` WHERE ( geval_goodsid = '101661' ) AND ( (geval_image <> '') OR (geval_image_again <> '') ) LIMIT 1  
[2018-03-10 17:48:03] /shop/index.php?act=goods&op=index&goods_id=101781 ( act=goods&op=index ) 
ERR: Db Error: Unknown column 'geval_image_again' in 'where clause'
SELECT COUNT(*) AS nc_count FROM `zmkj_evaluate_goods` WHERE ( geval_goodsid = '101781' ) AND ( (geval_image <> '') OR (geval_image_again <> '') ) LIMIT 1  
[2018-03-10 17:49:04] /shop/index.php?act=goods&op=index&goods_id=101781 ( act=goods&op=index ) 
ERR: Db Error: Unknown column 'geval_image_again' in 'where clause'
SELECT COUNT(*) AS nc_count FROM `zmkj_evaluate_goods` WHERE ( geval_goodsid = '101781' ) AND ( (geval_image <> '') OR (geval_image_again <> '') ) LIMIT 1  
[2018-03-10 17:49:09] /shop/index.php?act=goods&op=index&goods_id=101781 ( act=goods&op=index ) 
ERR: Db Error: Unknown column 'geval_image_again' in 'where clause'
SELECT COUNT(*) AS nc_count FROM `zmkj_evaluate_goods` WHERE ( geval_goodsid = '101781' ) AND ( (geval_image <> '') OR (geval_image_again <> '') ) LIMIT 1  
[2018-03-10 17:51:17] /shop/index.php?act=goods&op=index&goods_id=101614 ( act=goods&op=index ) 
ERR: Db Error: Unknown column 'geval_image_again' in 'where clause'
SELECT COUNT(*) AS nc_count FROM `zmkj_evaluate_goods` WHERE ( geval_goodsid = '101614' ) AND ( (geval_image <> '') OR (geval_image_again <> '') ) LIMIT 1  
