[2018-10-22 03:38:25] /shop/index.php?act=goods&op=comments_list&goods_id=101419 ( act=goods&op=comments_list ) 
ERR: Db Error: Unknown column 'geval_image_again' in 'where clause'
SELECT COUNT(*) AS nc_count FROM `zmkj_evaluate_goods` WHERE ( geval_goodsid = '101419' ) AND ( (geval_image <> '') OR (geval_image_again <> '') ) LIMIT 1  
[2018-10-22 05:33:17] /shop/index.php?act=goods&op=comments_list&goods_id=105839 ( act=goods&op=comments_list ) 
ERR: Db Error: Unknown column 'geval_image_again' in 'where clause'
SELECT COUNT(*) AS nc_count FROM `zmkj_evaluate_goods` WHERE ( geval_goodsid = '105839' ) AND ( (geval_image <> '') OR (geval_image_again <> '') ) LIMIT 1  
[2018-10-22 08:09:53] /shop/index.php?act=goods&op=comments_list&goods_id=103571&type=1 ( act=goods&op=comments_list ) 
ERR: Db Error: Unknown column 'geval_image_again' in 'where clause'
SELECT COUNT(*) AS nc_count FROM `zmkj_evaluate_goods` WHERE ( geval_goodsid = '103571' ) AND ( (geval_image <> '') OR (geval_image_again <> '') ) LIMIT 1  
[2018-10-22 09:25:38] /shop/index.php?act=goods&op=comments_list&goods_id=102880&type=1 ( act=goods&op=comments_list ) 
ERR: Db Error: Unknown column 'geval_image_again' in 'where clause'
SELECT COUNT(*) AS nc_count FROM `zmkj_evaluate_goods` WHERE ( geval_goodsid = '102880' ) AND ( (geval_image <> '') OR (geval_image_again <> '') ) LIMIT 1  
[2018-10-22 10:41:23] /shop/index.php?act=goods&op=comments_list&goods_id=104180 ( act=goods&op=comments_list ) 
ERR: Db Error: Unknown column 'geval_image_again' in 'where clause'
SELECT COUNT(*) AS nc_count FROM `zmkj_evaluate_goods` WHERE ( geval_goodsid = '104180' ) AND ( (geval_image <> '') OR (geval_image_again <> '') ) LIMIT 1  
[2018-10-22 11:21:59] /shop/index.php?act=goods&op=comments_list&goods_id=104217 ( act=goods&op=comments_list ) 
ERR: Db Error: Unknown column 'geval_image_again' in 'where clause'
SELECT COUNT(*) AS nc_count FROM `zmkj_evaluate_goods` WHERE ( geval_goodsid = '104217' ) AND ( (geval_image <> '') OR (geval_image_again <> '') ) LIMIT 1  
[2018-10-22 11:32:08] /shop/index.php?act=goods&op=comments_list&goods_id=104215 ( act=goods&op=comments_list ) 
ERR: Db Error: Unknown column 'geval_image_again' in 'where clause'
SELECT COUNT(*) AS nc_count FROM `zmkj_evaluate_goods` WHERE ( geval_goodsid = '104215' ) AND ( (geval_image <> '') OR (geval_image_again <> '') ) LIMIT 1  
[2018-10-22 11:52:06] /shop/index.php?act=search&op=index&cate_id=1593 ( act=search&op=index ) 
ERR: Db Error: Unknown column 'gc_id_' in 'where clause'
SELECT count(distinct CONCAT(goods_commonid)) AS nc_count FROM `zmkj_goods` WHERE ( gc_id_ = '1593' ) AND ( goods_state = '1' ) AND ( goods_verify = '1' ) LIMIT 1  
[2018-10-22 12:07:14] /shop/index.php?act=search&op=index&cate_id=2193 ( act=search&op=index ) 
ERR: Db Error: Unknown column 'gc_id_' in 'where clause'
SELECT count(distinct CONCAT(goods_commonid)) AS nc_count FROM `zmkj_goods` WHERE ( gc_id_ = '2193' ) AND ( goods_state = '1' ) AND ( goods_verify = '1' ) LIMIT 1  
[2018-10-22 12:22:23] /shop/index.php?act=goods&op=comments_list&goods_id=101701 ( act=goods&op=comments_list ) 
ERR: Db Error: Unknown column 'geval_image_again' in 'where clause'
SELECT COUNT(*) AS nc_count FROM `zmkj_evaluate_goods` WHERE ( geval_goodsid = '101701' ) AND ( (geval_image <> '') OR (geval_image_again <> '') ) LIMIT 1  
[2018-10-22 12:37:32] /shop/index.php?act=goods&op=comments_list&goods_id=104172 ( act=goods&op=comments_list ) 
ERR: Db Error: Unknown column 'geval_image_again' in 'where clause'
SELECT COUNT(*) AS nc_count FROM `zmkj_evaluate_goods` WHERE ( geval_goodsid = '104172' ) AND ( (geval_image <> '') OR (geval_image_again <> '') ) LIMIT 1  
[2018-10-22 12:42:35] /shop/index.php?act=goods&op=comments_list&goods_id=104177 ( act=goods&op=comments_list ) 
ERR: Db Error: Unknown column 'geval_image_again' in 'where clause'
SELECT COUNT(*) AS nc_count FROM `zmkj_evaluate_goods` WHERE ( geval_goodsid = '104177' ) AND ( (geval_image <> '') OR (geval_image_again <> '') ) LIMIT 1  
[2018-10-22 12:52:41] /shop/index.php?act=search&op=index&cate_id=2144 ( act=search&op=index ) 
ERR: Db Error: Unknown column 'gc_id_' in 'where clause'
SELECT count(distinct CONCAT(goods_commonid)) AS nc_count FROM `zmkj_goods` WHERE ( gc_id_ = '2144' ) AND ( goods_state = '1' ) AND ( goods_verify = '1' ) LIMIT 1  
[2018-10-22 12:58:49] /shop/index.php?act=search&op=index&cate_id=1696 ( act=search&op=index ) 
ERR: Db Error: Unknown column 'gc_id_' in 'where clause'
SELECT count(distinct CONCAT(goods_commonid)) AS nc_count FROM `zmkj_goods` WHERE ( gc_id_ = '1696' ) AND ( goods_state = '1' ) AND ( goods_verify = '1' ) LIMIT 1  
[2018-10-22 12:59:00] /shop/index.php?act=search&op=index&cate_id=1600 ( act=search&op=index ) 
ERR: Db Error: Unknown column 'gc_id_' in 'where clause'
SELECT count(distinct CONCAT(goods_commonid)) AS nc_count FROM `zmkj_goods` WHERE ( gc_id_ = '1600' ) AND ( goods_state = '1' ) AND ( goods_verify = '1' ) LIMIT 1  
[2018-10-22 12:59:01] /shop/index.php?act=search&op=index&cate_id=1583 ( act=search&op=index ) 
ERR: Db Error: Unknown column 'gc_id_' in 'where clause'
SELECT count(distinct CONCAT(goods_commonid)) AS nc_count FROM `zmkj_goods` WHERE ( gc_id_ = '1583' ) AND ( goods_state = '1' ) AND ( goods_verify = '1' ) LIMIT 1  
[2018-10-22 12:59:01] /shop/index.php?act=search&op=index&cate_id=1578 ( act=search&op=index ) 
ERR: Db Error: Unknown column 'gc_id_' in 'where clause'
SELECT count(distinct CONCAT(goods_commonid)) AS nc_count FROM `zmkj_goods` WHERE ( gc_id_ = '1578' ) AND ( goods_state = '1' ) AND ( goods_verify = '1' ) LIMIT 1  
[2018-10-22 12:59:02] /shop/index.php?act=search&op=index&cate_id=1574 ( act=search&op=index ) 
ERR: Db Error: Unknown column 'gc_id_' in 'where clause'
SELECT count(distinct CONCAT(goods_commonid)) AS nc_count FROM `zmkj_goods` WHERE ( gc_id_ = '1574' ) AND ( goods_state = '1' ) AND ( goods_verify = '1' ) LIMIT 1  
[2018-10-22 12:59:03] /shop/index.php?act=search&op=index&cate_id=1573 ( act=search&op=index ) 
ERR: Db Error: Unknown column 'gc_id_' in 'where clause'
SELECT count(distinct CONCAT(goods_commonid)) AS nc_count FROM `zmkj_goods` WHERE ( gc_id_ = '1573' ) AND ( goods_state = '1' ) AND ( goods_verify = '1' ) LIMIT 1  
[2018-10-22 12:59:24] /shop/index.php?act=search&op=index&cate_id=1581 ( act=search&op=index ) 
ERR: Db Error: Unknown column 'gc_id_' in 'where clause'
SELECT count(distinct CONCAT(goods_commonid)) AS nc_count FROM `zmkj_goods` WHERE ( gc_id_ = '1581' ) AND ( goods_state = '1' ) AND ( goods_verify = '1' ) LIMIT 1  
[2018-10-22 13:07:50] /shop/index.php?act=goods&op=comments_list&goods_id=101702 ( act=goods&op=comments_list ) 
ERR: Db Error: Unknown column 'geval_image_again' in 'where clause'
SELECT COUNT(*) AS nc_count FROM `zmkj_evaluate_goods` WHERE ( geval_goodsid = '101702' ) AND ( (geval_image <> '') OR (geval_image_again <> '') ) LIMIT 1  
[2018-10-22 13:17:56] /shop/index.php?act=search&op=index&cate_id=2177 ( act=search&op=index ) 
ERR: Db Error: Unknown column 'gc_id_' in 'where clause'
SELECT count(distinct CONCAT(goods_commonid)) AS nc_count FROM `zmkj_goods` WHERE ( gc_id_ = '2177' ) AND ( goods_state = '1' ) AND ( goods_verify = '1' ) LIMIT 1  
[2018-10-22 13:43:11] /shop/index.php?act=goods&op=comments_list&goods_id=102114 ( act=goods&op=comments_list ) 
ERR: Db Error: Unknown column 'geval_image_again' in 'where clause'
SELECT COUNT(*) AS nc_count FROM `zmkj_evaluate_goods` WHERE ( geval_goodsid = '102114' ) AND ( (geval_image <> '') OR (geval_image_again <> '') ) LIMIT 1  
[2018-10-22 13:48:14] /shop/index.php?act=search&op=index&cate_id=2123 ( act=search&op=index ) 
ERR: Db Error: Unknown column 'gc_id_' in 'where clause'
SELECT count(distinct CONCAT(goods_commonid)) AS nc_count FROM `zmkj_goods` WHERE ( gc_id_ = '2123' ) AND ( goods_state = '1' ) AND ( goods_verify = '1' ) LIMIT 1  
[2018-10-22 16:39:56] /shop/index.php?act=search&op=index&cate_id=2191 ( act=search&op=index ) 
ERR: Db Error: Unknown column 'gc_id_' in 'where clause'
SELECT count(distinct CONCAT(goods_commonid)) AS nc_count FROM `zmkj_goods` WHERE ( gc_id_ = '2191' ) AND ( goods_state = '1' ) AND ( goods_verify = '1' ) LIMIT 1  
[2018-10-22 16:44:59] /shop/index.php?act=search&op=index&cate_id=1577 ( act=search&op=index ) 
ERR: Db Error: Unknown column 'gc_id_' in 'where clause'
SELECT count(distinct CONCAT(goods_commonid)) AS nc_count FROM `zmkj_goods` WHERE ( gc_id_ = '1577' ) AND ( goods_state = '1' ) AND ( goods_verify = '1' ) LIMIT 1  
[2018-10-22 18:05:47] /shop/index.php?act=search&op=index&cate_id=2204 ( act=search&op=index ) 
ERR: Db Error: Unknown column 'gc_id_' in 'where clause'
SELECT count(distinct CONCAT(goods_commonid)) AS nc_count FROM `zmkj_goods` WHERE ( gc_id_ = '2204' ) AND ( goods_state = '1' ) AND ( goods_verify = '1' ) LIMIT 1  
[2018-10-22 18:20:56] /shop/index.php?act=search&op=index&cate_id=1598 ( act=search&op=index ) 
ERR: Db Error: Unknown column 'gc_id_' in 'where clause'
SELECT count(distinct CONCAT(goods_commonid)) AS nc_count FROM `zmkj_goods` WHERE ( gc_id_ = '1598' ) AND ( goods_state = '1' ) AND ( goods_verify = '1' ) LIMIT 1  
[2018-10-22 19:06:23] /shop/index.php?act=search&op=index&cate_id=2155 ( act=search&op=index ) 
ERR: Db Error: Unknown column 'gc_id_' in 'where clause'
SELECT count(distinct CONCAT(goods_commonid)) AS nc_count FROM `zmkj_goods` WHERE ( gc_id_ = '2155' ) AND ( goods_state = '1' ) AND ( goods_verify = '1' ) LIMIT 1  
[2018-10-22 19:41:47] /shop/index.php?act=search&op=index&cate_id=2134 ( act=search&op=index ) 
ERR: Db Error: Unknown column 'gc_id_' in 'where clause'
SELECT count(distinct CONCAT(goods_commonid)) AS nc_count FROM `zmkj_goods` WHERE ( gc_id_ = '2134' ) AND ( goods_state = '1' ) AND ( goods_verify = '1' ) LIMIT 1  
[2018-10-22 20:27:11] /shop/index.php?act=search&op=index&cate_id=2125 ( act=search&op=index ) 
ERR: Db Error: Unknown column 'gc_id_' in 'where clause'
SELECT count(distinct CONCAT(goods_commonid)) AS nc_count FROM `zmkj_goods` WHERE ( gc_id_ = '2125' ) AND ( goods_state = '1' ) AND ( goods_verify = '1' ) LIMIT 1  
[2018-10-22 20:52:26] /shop/index.php?act=search&op=index&cate_id=2175 ( act=search&op=index ) 
ERR: Db Error: Unknown column 'gc_id_' in 'where clause'
SELECT count(distinct CONCAT(goods_commonid)) AS nc_count FROM `zmkj_goods` WHERE ( gc_id_ = '2175' ) AND ( goods_state = '1' ) AND ( goods_verify = '1' ) LIMIT 1  
[2018-10-22 21:17:41] /shop/index.php?act=goods&op=comments_list&goods_id=101703 ( act=goods&op=comments_list ) 
ERR: Db Error: Unknown column 'geval_image_again' in 'where clause'
SELECT COUNT(*) AS nc_count FROM `zmkj_evaluate_goods` WHERE ( geval_goodsid = '101703' ) AND ( (geval_image <> '') OR (geval_image_again <> '') ) LIMIT 1  
[2018-10-22 21:29:11] /shop/index.php?act=search&area_id=14&cate_id=1581&op=index ( act=search&op=index ) 
ERR: Db Error: Unknown column 'gc_id_' in 'where clause'
SELECT count(distinct CONCAT(goods_commonid)) AS nc_count FROM `zmkj_goods` WHERE ( gc_id_ = '1581' ) AND ( areaid_1 = '14' ) AND ( goods_state = '1' ) AND ( goods_verify = '1' ) LIMIT 1  
[2018-10-22 21:29:11] /shop/index.php?act=search&area_id=7&cate_id=2197&op=index ( act=search&op=index ) 
ERR: Db Error: Unknown column 'gc_id_' in 'where clause'
SELECT count(distinct CONCAT(goods_commonid)) AS nc_count FROM `zmkj_goods` WHERE ( gc_id_ = '2197' ) AND ( areaid_1 = '7' ) AND ( goods_state = '1' ) AND ( goods_verify = '1' ) LIMIT 1  
[2018-10-22 21:29:12] /shop/index.php?act=goods&goods_id=102391&op=comments_list&type=1 ( act=goods&op=comments_list ) 
ERR: Db Error: Unknown column 'geval_image_again' in 'where clause'
SELECT COUNT(*) AS nc_count FROM `zmkj_evaluate_goods` WHERE ( geval_goodsid = '102391' ) AND ( (geval_image <> '') OR (geval_image_again <> '') ) LIMIT 1  
[2018-10-22 21:29:26] /shop/index.php?act=search&area_id=12&cate_id=1581&op=index ( act=search&op=index ) 
ERR: Db Error: Unknown column 'gc_id_' in 'where clause'
SELECT count(distinct CONCAT(goods_commonid)) AS nc_count FROM `zmkj_goods` WHERE ( gc_id_ = '1581' ) AND ( areaid_1 = '12' ) AND ( goods_state = '1' ) AND ( goods_verify = '1' ) LIMIT 1  
[2018-10-22 21:29:26] /shop/index.php?act=goods&goods_id=103953&op=comments_list ( act=goods&op=comments_list ) 
ERR: Db Error: Unknown column 'geval_image_again' in 'where clause'
SELECT COUNT(*) AS nc_count FROM `zmkj_evaluate_goods` WHERE ( geval_goodsid = '103953' ) AND ( (geval_image <> '') OR (geval_image_again <> '') ) LIMIT 1  
[2018-10-22 21:29:35] /shop/index.php?act=goods&goods_id=106048&op=comments_list ( act=goods&op=comments_list ) 
ERR: Db Error: Unknown column 'geval_image_again' in 'where clause'
SELECT COUNT(*) AS nc_count FROM `zmkj_evaluate_goods` WHERE ( geval_goodsid = '106048' ) AND ( (geval_image <> '') OR (geval_image_again <> '') ) LIMIT 1  
[2018-10-22 21:29:37] /shop/index.php?act=goods&goods_id=100602&op=comments_list&type=2 ( act=goods&op=comments_list ) 
ERR: Db Error: Unknown column 'geval_image_again' in 'where clause'
SELECT COUNT(*) AS nc_count FROM `zmkj_evaluate_goods` WHERE ( geval_goodsid = '100602' ) AND ( (geval_image <> '') OR (geval_image_again <> '') ) LIMIT 1  
[2018-10-22 21:29:41] /shop/index.php?act=goods&goods_id=100772&op=comments_list ( act=goods&op=comments_list ) 
ERR: Db Error: Unknown column 'geval_image_again' in 'where clause'
SELECT COUNT(*) AS nc_count FROM `zmkj_evaluate_goods` WHERE ( geval_goodsid = '100772' ) AND ( (geval_image <> '') OR (geval_image_again <> '') ) LIMIT 1  
[2018-10-22 21:29:42] /shop/index.php?act=search&area_id=2&cate_id=1581&op=index ( act=search&op=index ) 
ERR: Db Error: Unknown column 'gc_id_' in 'where clause'
SELECT count(distinct CONCAT(goods_commonid)) AS nc_count FROM `zmkj_goods` WHERE ( gc_id_ = '1581' ) AND ( areaid_1 = '2' ) AND ( goods_state = '1' ) AND ( goods_verify = '1' ) LIMIT 1  
[2018-10-22 21:29:53] /shop/index.php?act=goods&goods_id=100626&op=comments_list ( act=goods&op=comments_list ) 
ERR: Db Error: Unknown column 'geval_image_again' in 'where clause'
SELECT COUNT(*) AS nc_count FROM `zmkj_evaluate_goods` WHERE ( geval_goodsid = '100626' ) AND ( (geval_image <> '') OR (geval_image_again <> '') ) LIMIT 1  
[2018-10-22 21:29:55] /shop/index.php?act=goods&goods_id=101164&op=comments_list&type=2 ( act=goods&op=comments_list ) 
ERR: Db Error: Unknown column 'geval_image_again' in 'where clause'
SELECT COUNT(*) AS nc_count FROM `zmkj_evaluate_goods` WHERE ( geval_goodsid = '101164' ) AND ( (geval_image <> '') OR (geval_image_again <> '') ) LIMIT 1  
[2018-10-22 21:29:57] /shop/index.php?act=goods&goods_id=103292&op=comments_list ( act=goods&op=comments_list ) 
ERR: Db Error: Unknown column 'geval_image_again' in 'where clause'
SELECT COUNT(*) AS nc_count FROM `zmkj_evaluate_goods` WHERE ( geval_goodsid = '103292' ) AND ( (geval_image <> '') OR (geval_image_again <> '') ) LIMIT 1  
[2018-10-22 21:30:02] /shop/index.php?act=search&area_id=15&cate_id=1577&gift=1&op=index ( act=search&op=index ) 
ERR: Db Error: Unknown column 'gc_id_' in 'where clause'
SELECT count(distinct CONCAT(goods_commonid)) AS nc_count FROM `zmkj_goods` WHERE ( gc_id_ = '1577' ) AND ( areaid_1 = '15' ) AND ( have_gift = '1' ) AND ( goods_state = '1' ) AND ( goods_verify = '1' ) LIMIT 1  
[2018-10-22 21:30:05] /shop/index.php?act=goods&goods_id=100463&op=comments_list&type=1 ( act=goods&op=comments_list ) 
ERR: Db Error: Unknown column 'geval_image_again' in 'where clause'
SELECT COUNT(*) AS nc_count FROM `zmkj_evaluate_goods` WHERE ( geval_goodsid = '100463' ) AND ( (geval_image <> '') OR (geval_image_again <> '') ) LIMIT 1  
[2018-10-22 21:42:56] /shop/index.php?act=goods&op=comments_list&goods_id=106374 ( act=goods&op=comments_list ) 
ERR: Db Error: Unknown column 'geval_image_again' in 'where clause'
SELECT COUNT(*) AS nc_count FROM `zmkj_evaluate_goods` WHERE ( geval_goodsid = '106374' ) AND ( (geval_image <> '') OR (geval_image_again <> '') ) LIMIT 1  
[2018-10-22 21:53:02] /shop/index.php?act=search&op=index&cate_id=2168 ( act=search&op=index ) 
ERR: Db Error: Unknown column 'gc_id_' in 'where clause'
SELECT count(distinct CONCAT(goods_commonid)) AS nc_count FROM `zmkj_goods` WHERE ( gc_id_ = '2168' ) AND ( goods_state = '1' ) AND ( goods_verify = '1' ) LIMIT 1  
[2018-10-22 23:03:44] /shop/index.php?act=goods&op=comments_list&goods_id=101792 ( act=goods&op=comments_list ) 
ERR: Db Error: Unknown column 'geval_image_again' in 'where clause'
SELECT COUNT(*) AS nc_count FROM `zmkj_evaluate_goods` WHERE ( geval_goodsid = '101792' ) AND ( (geval_image <> '') OR (geval_image_again <> '') ) LIMIT 1  
[2018-10-22 23:28:59] /shop/index.php?act=goods&op=comments_list&goods_id=101845 ( act=goods&op=comments_list ) 
ERR: Db Error: Unknown column 'geval_image_again' in 'where clause'
SELECT COUNT(*) AS nc_count FROM `zmkj_evaluate_goods` WHERE ( geval_goodsid = '101845' ) AND ( (geval_image <> '') OR (geval_image_again <> '') ) LIMIT 1  
[2018-10-22 23:49:11] /shop/index.php?act=goods&op=comments_list&goods_id=101750 ( act=goods&op=comments_list ) 
ERR: Db Error: Unknown column 'geval_image_again' in 'where clause'
SELECT COUNT(*) AS nc_count FROM `zmkj_evaluate_goods` WHERE ( geval_goodsid = '101750' ) AND ( (geval_image <> '') OR (geval_image_again <> '') ) LIMIT 1  
[2018-10-22 23:59:17] /shop/index.php?act=goods&op=comments_list&goods_id=101737 ( act=goods&op=comments_list ) 
ERR: Db Error: Unknown column 'geval_image_again' in 'where clause'
SELECT COUNT(*) AS nc_count FROM `zmkj_evaluate_goods` WHERE ( geval_goodsid = '101737' ) AND ( (geval_image <> '') OR (geval_image_again <> '') ) LIMIT 1  
