[2018-02-09 00:42:21] /shop/index.php?act=goods&goods_id=101094&op=index ( act=goods&op=index ) 
ERR: Db Error: Unknown column 'geval_image_again' in 'where clause'
SELECT COUNT(*) AS nc_count FROM `zmkj_evaluate_goods` WHERE ( geval_goodsid = '101094' ) AND ( (geval_image <> '') OR (geval_image_again <> '') ) LIMIT 1  
[2018-02-09 05:44:58] /shop/index.php?act=goods&op=index&goods_id=100895 ( act=goods&op=index ) 
ERR: Db Error: Unknown column 'geval_image_again' in 'where clause'
SELECT COUNT(*) AS nc_count FROM `zmkj_evaluate_goods` WHERE ( geval_goodsid = '100895' ) AND ( (geval_image <> '') OR (geval_image_again <> '') ) LIMIT 1  
[2018-02-09 08:34:41] /shop/index.php?act=goods&op=index&goods_id=100445 ( act=goods&op=index ) 
ERR: Db Error: Unknown column 'geval_image_again' in 'where clause'
SELECT COUNT(*) AS nc_count FROM `zmkj_evaluate_goods` WHERE ( geval_goodsid = '100445' ) AND ( (geval_image <> '') OR (geval_image_again <> '') ) LIMIT 1  
[2018-02-09 08:46:30] /shop/index.php?act=goods&op=index&goods_id=100174 ( act=goods&op=index ) 
ERR: Db Error: Unknown column 'geval_image_again' in 'where clause'
SELECT COUNT(*) AS nc_count FROM `zmkj_evaluate_goods` WHERE ( geval_goodsid = '100174' ) AND ( (geval_image <> '') OR (geval_image_again <> '') ) LIMIT 1  
[2018-02-09 08:47:00] /shop/index.php?act=goods&op=index&goods_id=100552 ( act=goods&op=index ) 
ERR: Db Error: Unknown column 'geval_image_again' in 'where clause'
SELECT COUNT(*) AS nc_count FROM `zmkj_evaluate_goods` WHERE ( geval_goodsid = '100552' ) AND ( (geval_image <> '') OR (geval_image_again <> '') ) LIMIT 1  
[2018-02-09 08:47:10] /shop/index.php?act=goods&op=index&goods_id=100552 ( act=goods&op=index ) 
ERR: Db Error: Unknown column 'geval_image_again' in 'where clause'
SELECT COUNT(*) AS nc_count FROM `zmkj_evaluate_goods` WHERE ( geval_goodsid = '100552' ) AND ( (geval_image <> '') OR (geval_image_again <> '') ) LIMIT 1  
[2018-02-09 08:47:21] /shop/index.php?act=goods&op=index&goods_id=101074 ( act=goods&op=index ) 
ERR: Db Error: Unknown column 'geval_image_again' in 'where clause'
SELECT COUNT(*) AS nc_count FROM `zmkj_evaluate_goods` WHERE ( geval_goodsid = '101074' ) AND ( (geval_image <> '') OR (geval_image_again <> '') ) LIMIT 1  
[2018-02-09 09:04:00] /shop/index.php?act=goods&op=index&goods_id=101155 ( act=goods&op=index ) 
ERR: Db Error: Unknown column 'geval_image_again' in 'where clause'
SELECT COUNT(*) AS nc_count FROM `zmkj_evaluate_goods` WHERE ( geval_goodsid = '101155' ) AND ( (geval_image <> '') OR (geval_image_again <> '') ) LIMIT 1  
[2018-02-09 09:04:58] /shop/index.php?act=goods&op=index&goods_id=101155 ( act=goods&op=index ) 
ERR: Db Error: Unknown column 'geval_image_again' in 'where clause'
SELECT COUNT(*) AS nc_count FROM `zmkj_evaluate_goods` WHERE ( geval_goodsid = '101155' ) AND ( (geval_image <> '') OR (geval_image_again <> '') ) LIMIT 1  
[2018-02-09 09:05:16] /shop/index.php?act=goods&op=index&goods_id=101164 ( act=goods&op=index ) 
ERR: Db Error: Unknown column 'geval_image_again' in 'where clause'
SELECT COUNT(*) AS nc_count FROM `zmkj_evaluate_goods` WHERE ( geval_goodsid = '101164' ) AND ( (geval_image <> '') OR (geval_image_again <> '') ) LIMIT 1  
[2018-02-09 09:06:13] /shop/index.php?act=goods&op=index&goods_id=101164 ( act=goods&op=index ) 
ERR: Db Error: Unknown column 'geval_image_again' in 'where clause'
SELECT COUNT(*) AS nc_count FROM `zmkj_evaluate_goods` WHERE ( geval_goodsid = '101164' ) AND ( (geval_image <> '') OR (geval_image_again <> '') ) LIMIT 1  
[2018-02-09 09:06:24] /shop/index.php?act=goods&op=index&goods_id=101165 ( act=goods&op=index ) 
ERR: Db Error: Unknown column 'geval_image_again' in 'where clause'
SELECT COUNT(*) AS nc_count FROM `zmkj_evaluate_goods` WHERE ( geval_goodsid = '101165' ) AND ( (geval_image <> '') OR (geval_image_again <> '') ) LIMIT 1  
[2018-02-09 09:07:22] /shop/index.php?act=goods&op=index&goods_id=101165 ( act=goods&op=index ) 
ERR: Db Error: Unknown column 'geval_image_again' in 'where clause'
SELECT COUNT(*) AS nc_count FROM `zmkj_evaluate_goods` WHERE ( geval_goodsid = '101165' ) AND ( (geval_image <> '') OR (geval_image_again <> '') ) LIMIT 1  
[2018-02-09 09:08:04] /shop/index.php?act=goods&op=index&goods_id=101170 ( act=goods&op=index ) 
ERR: Db Error: Unknown column 'geval_image_again' in 'where clause'
SELECT COUNT(*) AS nc_count FROM `zmkj_evaluate_goods` WHERE ( geval_goodsid = '101170' ) AND ( (geval_image <> '') OR (geval_image_again <> '') ) LIMIT 1  
[2018-02-09 09:08:34] /shop/index.php?act=goods&op=index&goods_id=101174 ( act=goods&op=index ) 
ERR: Db Error: Unknown column 'geval_image_again' in 'where clause'
SELECT COUNT(*) AS nc_count FROM `zmkj_evaluate_goods` WHERE ( geval_goodsid = '101174' ) AND ( (geval_image <> '') OR (geval_image_again <> '') ) LIMIT 1  
[2018-02-09 09:09:02] /shop/index.php?act=goods&op=index&goods_id=101170 ( act=goods&op=index ) 
ERR: Db Error: Unknown column 'geval_image_again' in 'where clause'
SELECT COUNT(*) AS nc_count FROM `zmkj_evaluate_goods` WHERE ( geval_goodsid = '101170' ) AND ( (geval_image <> '') OR (geval_image_again <> '') ) LIMIT 1  
[2018-02-09 09:09:32] /shop/index.php?act=goods&op=index&goods_id=101174 ( act=goods&op=index ) 
ERR: Db Error: Unknown column 'geval_image_again' in 'where clause'
SELECT COUNT(*) AS nc_count FROM `zmkj_evaluate_goods` WHERE ( geval_goodsid = '101174' ) AND ( (geval_image <> '') OR (geval_image_again <> '') ) LIMIT 1  
[2018-02-09 09:10:11] /shop/index.php?act=goods&op=index&goods_id=101173 ( act=goods&op=index ) 
ERR: Db Error: Unknown column 'geval_image_again' in 'where clause'
SELECT COUNT(*) AS nc_count FROM `zmkj_evaluate_goods` WHERE ( geval_goodsid = '101173' ) AND ( (geval_image <> '') OR (geval_image_again <> '') ) LIMIT 1  
[2018-02-09 09:21:15] /shop/index.php?act=goods&op=index&goods_id=101175 ( act=goods&op=index ) 
ERR: Db Error: Unknown column 'geval_image_again' in 'where clause'
SELECT COUNT(*) AS nc_count FROM `zmkj_evaluate_goods` WHERE ( geval_goodsid = '101175' ) AND ( (geval_image <> '') OR (geval_image_again <> '') ) LIMIT 1  
[2018-02-09 09:22:13] /shop/index.php?act=goods&op=index&goods_id=101175 ( act=goods&op=index ) 
ERR: Db Error: Unknown column 'geval_image_again' in 'where clause'
SELECT COUNT(*) AS nc_count FROM `zmkj_evaluate_goods` WHERE ( geval_goodsid = '101175' ) AND ( (geval_image <> '') OR (geval_image_again <> '') ) LIMIT 1  
[2018-02-09 09:24:16] /shop/index.php?act=goods&op=index&goods_id=101176 ( act=goods&op=index ) 
ERR: Db Error: Unknown column 'geval_image_again' in 'where clause'
SELECT COUNT(*) AS nc_count FROM `zmkj_evaluate_goods` WHERE ( geval_goodsid = '101176' ) AND ( (geval_image <> '') OR (geval_image_again <> '') ) LIMIT 1  
[2018-02-09 09:24:51] /shop/index.php?act=goods&op=index&goods_id=101177 ( act=goods&op=index ) 
ERR: Db Error: Unknown column 'geval_image_again' in 'where clause'
SELECT COUNT(*) AS nc_count FROM `zmkj_evaluate_goods` WHERE ( geval_goodsid = '101177' ) AND ( (geval_image <> '') OR (geval_image_again <> '') ) LIMIT 1  
[2018-02-09 09:25:14] /shop/index.php?act=goods&op=index&goods_id=101176 ( act=goods&op=index ) 
ERR: Db Error: Unknown column 'geval_image_again' in 'where clause'
SELECT COUNT(*) AS nc_count FROM `zmkj_evaluate_goods` WHERE ( geval_goodsid = '101176' ) AND ( (geval_image <> '') OR (geval_image_again <> '') ) LIMIT 1  
[2018-02-09 09:25:17] /shop/index.php?act=goods&op=index&goods_id=101178 ( act=goods&op=index ) 
ERR: Db Error: Unknown column 'geval_image_again' in 'where clause'
SELECT COUNT(*) AS nc_count FROM `zmkj_evaluate_goods` WHERE ( geval_goodsid = '101178' ) AND ( (geval_image <> '') OR (geval_image_again <> '') ) LIMIT 1  
[2018-02-09 09:25:51] /shop/index.php?act=goods&op=index&goods_id=101177 ( act=goods&op=index ) 
ERR: Db Error: Unknown column 'geval_image_again' in 'where clause'
SELECT COUNT(*) AS nc_count FROM `zmkj_evaluate_goods` WHERE ( geval_goodsid = '101177' ) AND ( (geval_image <> '') OR (geval_image_again <> '') ) LIMIT 1  
[2018-02-09 09:26:50] /shop/index.php?act=goods&op=index&goods_id=101177 ( act=goods&op=index ) 
ERR: Db Error: Unknown column 'geval_image_again' in 'where clause'
SELECT COUNT(*) AS nc_count FROM `zmkj_evaluate_goods` WHERE ( geval_goodsid = '101177' ) AND ( (geval_image <> '') OR (geval_image_again <> '') ) LIMIT 1  
[2018-02-09 09:27:52] /shop/index.php?act=goods&op=index&goods_id=101179 ( act=goods&op=index ) 
ERR: Db Error: Unknown column 'geval_image_again' in 'where clause'
SELECT COUNT(*) AS nc_count FROM `zmkj_evaluate_goods` WHERE ( geval_goodsid = '101179' ) AND ( (geval_image <> '') OR (geval_image_again <> '') ) LIMIT 1  
[2018-02-09 09:28:11] /shop/index.php?act=goods&op=index&goods_id=101180 ( act=goods&op=index ) 
ERR: Db Error: Unknown column 'geval_image_again' in 'where clause'
SELECT COUNT(*) AS nc_count FROM `zmkj_evaluate_goods` WHERE ( geval_goodsid = '101180' ) AND ( (geval_image <> '') OR (geval_image_again <> '') ) LIMIT 1  
[2018-02-09 09:28:49] /shop/index.php?act=goods&op=index&goods_id=101179 ( act=goods&op=index ) 
ERR: Db Error: Unknown column 'geval_image_again' in 'where clause'
SELECT COUNT(*) AS nc_count FROM `zmkj_evaluate_goods` WHERE ( geval_goodsid = '101179' ) AND ( (geval_image <> '') OR (geval_image_again <> '') ) LIMIT 1  
[2018-02-09 09:29:09] /shop/index.php?act=goods&op=index&goods_id=101180 ( act=goods&op=index ) 
ERR: Db Error: Unknown column 'geval_image_again' in 'where clause'
SELECT COUNT(*) AS nc_count FROM `zmkj_evaluate_goods` WHERE ( geval_goodsid = '101180' ) AND ( (geval_image <> '') OR (geval_image_again <> '') ) LIMIT 1  
[2018-02-09 09:30:07] /shop/index.php?act=goods&op=index&goods_id=101179 ( act=goods&op=index ) 
ERR: Db Error: Unknown column 'geval_image_again' in 'where clause'
SELECT COUNT(*) AS nc_count FROM `zmkj_evaluate_goods` WHERE ( geval_goodsid = '101179' ) AND ( (geval_image <> '') OR (geval_image_again <> '') ) LIMIT 1  
[2018-02-09 09:30:18] /shop/index.php?act=goods&op=index&goods_id=101181 ( act=goods&op=index ) 
ERR: Db Error: Unknown column 'geval_image_again' in 'where clause'
SELECT COUNT(*) AS nc_count FROM `zmkj_evaluate_goods` WHERE ( geval_goodsid = '101181' ) AND ( (geval_image <> '') OR (geval_image_again <> '') ) LIMIT 1  
[2018-02-09 09:31:16] /shop/index.php?act=goods&op=index&goods_id=101181 ( act=goods&op=index ) 
ERR: Db Error: Unknown column 'geval_image_again' in 'where clause'
SELECT COUNT(*) AS nc_count FROM `zmkj_evaluate_goods` WHERE ( geval_goodsid = '101181' ) AND ( (geval_image <> '') OR (geval_image_again <> '') ) LIMIT 1  
[2018-02-09 09:31:21] /shop/index.php?act=goods&op=index&goods_id=101182 ( act=goods&op=index ) 
ERR: Db Error: Unknown column 'geval_image_again' in 'where clause'
SELECT COUNT(*) AS nc_count FROM `zmkj_evaluate_goods` WHERE ( geval_goodsid = '101182' ) AND ( (geval_image <> '') OR (geval_image_again <> '') ) LIMIT 1  
[2018-02-09 09:31:37] /shop/index.php?act=goods&op=index&goods_id=101180 ( act=goods&op=index ) 
ERR: Db Error: Unknown column 'geval_image_again' in 'where clause'
SELECT COUNT(*) AS nc_count FROM `zmkj_evaluate_goods` WHERE ( geval_goodsid = '101180' ) AND ( (geval_image <> '') OR (geval_image_again <> '') ) LIMIT 1  
[2018-02-09 09:31:45] /shop/index.php?act=goods&op=index&goods_id=101181 ( act=goods&op=index ) 
ERR: Db Error: Unknown column 'geval_image_again' in 'where clause'
SELECT COUNT(*) AS nc_count FROM `zmkj_evaluate_goods` WHERE ( geval_goodsid = '101181' ) AND ( (geval_image <> '') OR (geval_image_again <> '') ) LIMIT 1  
[2018-02-09 09:32:19] /shop/index.php?act=goods&op=index&goods_id=101182 ( act=goods&op=index ) 
ERR: Db Error: Unknown column 'geval_image_again' in 'where clause'
SELECT COUNT(*) AS nc_count FROM `zmkj_evaluate_goods` WHERE ( geval_goodsid = '101182' ) AND ( (geval_image <> '') OR (geval_image_again <> '') ) LIMIT 1  
[2018-02-09 09:33:25] /shop/index.php?act=goods&op=index&goods_id=101182 ( act=goods&op=index ) 
ERR: Db Error: Unknown column 'geval_image_again' in 'where clause'
SELECT COUNT(*) AS nc_count FROM `zmkj_evaluate_goods` WHERE ( geval_goodsid = '101182' ) AND ( (geval_image <> '') OR (geval_image_again <> '') ) LIMIT 1  
[2018-02-09 09:33:38] /shop/index.php?act=goods&op=index&goods_id=101180 ( act=goods&op=index ) 
ERR: Db Error: Unknown column 'geval_image_again' in 'where clause'
SELECT COUNT(*) AS nc_count FROM `zmkj_evaluate_goods` WHERE ( geval_goodsid = '101180' ) AND ( (geval_image <> '') OR (geval_image_again <> '') ) LIMIT 1  
[2018-02-09 09:40:12] /shop/index.php?act=goods&op=index&goods_id=100174 ( act=goods&op=index ) 
ERR: Db Error: Unknown column 'geval_image_again' in 'where clause'
SELECT COUNT(*) AS nc_count FROM `zmkj_evaluate_goods` WHERE ( geval_goodsid = '100174' ) AND ( (geval_image <> '') OR (geval_image_again <> '') ) LIMIT 1  
[2018-02-09 09:42:00] /shop/index.php?act=goods&op=index&goods_id=101112 ( act=goods&op=index ) 
ERR: Db Error: Unknown column 'geval_image_again' in 'where clause'
SELECT COUNT(*) AS nc_count FROM `zmkj_evaluate_goods` WHERE ( geval_goodsid = '101112' ) AND ( (geval_image <> '') OR (geval_image_again <> '') ) LIMIT 1  
[2018-02-09 09:42:19] /shop/index.php?act=goods&op=index&goods_id=101112 ( act=goods&op=index ) 
ERR: Db Error: Unknown column 'geval_image_again' in 'where clause'
SELECT COUNT(*) AS nc_count FROM `zmkj_evaluate_goods` WHERE ( geval_goodsid = '101112' ) AND ( (geval_image <> '') OR (geval_image_again <> '') ) LIMIT 1  
[2018-02-09 09:45:16] /shop/index.php?act=goods&op=index&goods_id=101112 ( act=goods&op=index ) 
ERR: Db Error: Unknown column 'geval_image_again' in 'where clause'
SELECT COUNT(*) AS nc_count FROM `zmkj_evaluate_goods` WHERE ( geval_goodsid = '101112' ) AND ( (geval_image <> '') OR (geval_image_again <> '') ) LIMIT 1  
[2018-02-09 09:45:49] /shop/index.php?act=goods&op=index&goods_id=100174 ( act=goods&op=index ) 
ERR: Db Error: Unknown column 'geval_image_again' in 'where clause'
SELECT COUNT(*) AS nc_count FROM `zmkj_evaluate_goods` WHERE ( geval_goodsid = '100174' ) AND ( (geval_image <> '') OR (geval_image_again <> '') ) LIMIT 1  
[2018-02-09 10:00:39] /shop/index.php?act=goods&op=index&goods_id=101183 ( act=goods&op=index ) 
ERR: Db Error: Unknown column 'geval_image_again' in 'where clause'
SELECT COUNT(*) AS nc_count FROM `zmkj_evaluate_goods` WHERE ( geval_goodsid = '101183' ) AND ( (geval_image <> '') OR (geval_image_again <> '') ) LIMIT 1  
[2018-02-09 10:02:19] /shop/index.php?act=goods&op=index&goods_id=101183 ( act=goods&op=index ) 
ERR: Db Error: Unknown column 'geval_image_again' in 'where clause'
SELECT COUNT(*) AS nc_count FROM `zmkj_evaluate_goods` WHERE ( geval_goodsid = '101183' ) AND ( (geval_image <> '') OR (geval_image_again <> '') ) LIMIT 1  
[2018-02-09 10:03:42] /shop/index.php?act=goods&op=index&goods_id=101183 ( act=goods&op=index ) 
ERR: Db Error: Unknown column 'geval_image_again' in 'where clause'
SELECT COUNT(*) AS nc_count FROM `zmkj_evaluate_goods` WHERE ( geval_goodsid = '101183' ) AND ( (geval_image <> '') OR (geval_image_again <> '') ) LIMIT 1  
[2018-02-09 10:04:33] /shop/index.php?act=goods&op=index&goods_id=101183 ( act=goods&op=index ) 
ERR: Db Error: Unknown column 'geval_image_again' in 'where clause'
SELECT COUNT(*) AS nc_count FROM `zmkj_evaluate_goods` WHERE ( geval_goodsid = '101183' ) AND ( (geval_image <> '') OR (geval_image_again <> '') ) LIMIT 1  
[2018-02-09 10:08:49] /shop/index.php?act=goods&op=index&goods_id=101183 ( act=goods&op=index ) 
ERR: Db Error: Unknown column 'geval_image_again' in 'where clause'
SELECT COUNT(*) AS nc_count FROM `zmkj_evaluate_goods` WHERE ( geval_goodsid = '101183' ) AND ( (geval_image <> '') OR (geval_image_again <> '') ) LIMIT 1  
[2018-02-09 10:08:52] /shop/index.php?act=goods&op=index&goods_id=101183 ( act=goods&op=index ) 
ERR: Db Error: Unknown column 'geval_image_again' in 'where clause'
SELECT COUNT(*) AS nc_count FROM `zmkj_evaluate_goods` WHERE ( geval_goodsid = '101183' ) AND ( (geval_image <> '') OR (geval_image_again <> '') ) LIMIT 1  
[2018-02-09 10:08:55] /shop/index.php?act=goods&op=index&goods_id=101183 ( act=goods&op=index ) 
ERR: Db Error: Unknown column 'geval_image_again' in 'where clause'
SELECT COUNT(*) AS nc_count FROM `zmkj_evaluate_goods` WHERE ( geval_goodsid = '101183' ) AND ( (geval_image <> '') OR (geval_image_again <> '') ) LIMIT 1  
[2018-02-09 10:09:29] /shop/index.php?act=goods&op=index&goods_id=101183 ( act=goods&op=index ) 
ERR: Db Error: Unknown column 'geval_image_again' in 'where clause'
SELECT COUNT(*) AS nc_count FROM `zmkj_evaluate_goods` WHERE ( geval_goodsid = '101183' ) AND ( (geval_image <> '') OR (geval_image_again <> '') ) LIMIT 1  
[2018-02-09 10:10:09] /shop/index.php?act=goods&op=index&goods_id=101183 ( act=goods&op=index ) 
ERR: Db Error: Unknown column 'geval_image_again' in 'where clause'
SELECT COUNT(*) AS nc_count FROM `zmkj_evaluate_goods` WHERE ( geval_goodsid = '101183' ) AND ( (geval_image <> '') OR (geval_image_again <> '') ) LIMIT 1  
[2018-02-09 10:26:04] /shop/index.php?act=goods&op=index&goods_id=101183 ( act=goods&op=index ) 
ERR: Db Error: Unknown column 'geval_image_again' in 'where clause'
SELECT COUNT(*) AS nc_count FROM `zmkj_evaluate_goods` WHERE ( geval_goodsid = '101183' ) AND ( (geval_image <> '') OR (geval_image_again <> '') ) LIMIT 1  
[2018-02-09 10:38:27] /shop/index.php?act=goods&op=index&goods_id=101178 ( act=goods&op=index ) 
ERR: Db Error: Unknown column 'geval_image_again' in 'where clause'
SELECT COUNT(*) AS nc_count FROM `zmkj_evaluate_goods` WHERE ( geval_goodsid = '101178' ) AND ( (geval_image <> '') OR (geval_image_again <> '') ) LIMIT 1  
[2018-02-09 10:40:02] /shop/index.php?act=goods&op=index&goods_id=101178 ( act=goods&op=index ) 
ERR: Db Error: Unknown column 'geval_image_again' in 'where clause'
SELECT COUNT(*) AS nc_count FROM `zmkj_evaluate_goods` WHERE ( geval_goodsid = '101178' ) AND ( (geval_image <> '') OR (geval_image_again <> '') ) LIMIT 1  
[2018-02-09 10:40:57] /shop/index.php?act=goods&op=index&goods_id=101178 ( act=goods&op=index ) 
ERR: Db Error: Unknown column 'geval_image_again' in 'where clause'
SELECT COUNT(*) AS nc_count FROM `zmkj_evaluate_goods` WHERE ( geval_goodsid = '101178' ) AND ( (geval_image <> '') OR (geval_image_again <> '') ) LIMIT 1  
[2018-02-09 10:41:10] /shop/index.php?act=goods&op=index&goods_id=101177 ( act=goods&op=index ) 
ERR: Db Error: Unknown column 'geval_image_again' in 'where clause'
SELECT COUNT(*) AS nc_count FROM `zmkj_evaluate_goods` WHERE ( geval_goodsid = '101177' ) AND ( (geval_image <> '') OR (geval_image_again <> '') ) LIMIT 1  
[2018-02-09 10:42:41] /shop/index.php?act=goods&op=index&goods_id=101177 ( act=goods&op=index ) 
ERR: Db Error: Unknown column 'geval_image_again' in 'where clause'
SELECT COUNT(*) AS nc_count FROM `zmkj_evaluate_goods` WHERE ( geval_goodsid = '101177' ) AND ( (geval_image <> '') OR (geval_image_again <> '') ) LIMIT 1  
[2018-02-09 10:43:53] /shop/index.php?act=goods&op=index&goods_id=101177 ( act=goods&op=index ) 
ERR: Db Error: Unknown column 'geval_image_again' in 'where clause'
SELECT COUNT(*) AS nc_count FROM `zmkj_evaluate_goods` WHERE ( geval_goodsid = '101177' ) AND ( (geval_image <> '') OR (geval_image_again <> '') ) LIMIT 1  
[2018-02-09 10:44:27] /shop/index.php?act=goods&op=index&goods_id=101177 ( act=goods&op=index ) 
ERR: Db Error: Unknown column 'geval_image_again' in 'where clause'
SELECT COUNT(*) AS nc_count FROM `zmkj_evaluate_goods` WHERE ( geval_goodsid = '101177' ) AND ( (geval_image <> '') OR (geval_image_again <> '') ) LIMIT 1  
[2018-02-09 10:44:47] /shop/index.php?act=goods&op=index&goods_id=101177 ( act=goods&op=index ) 
ERR: Db Error: Unknown column 'geval_image_again' in 'where clause'
SELECT COUNT(*) AS nc_count FROM `zmkj_evaluate_goods` WHERE ( geval_goodsid = '101177' ) AND ( (geval_image <> '') OR (geval_image_again <> '') ) LIMIT 1  
[2018-02-09 10:48:39] /shop/index.php?act=goods&op=index&goods_id=101189 ( act=goods&op=index ) 
ERR: Db Error: Unknown column 'geval_image_again' in 'where clause'
SELECT COUNT(*) AS nc_count FROM `zmkj_evaluate_goods` WHERE ( geval_goodsid = '101189' ) AND ( (geval_image <> '') OR (geval_image_again <> '') ) LIMIT 1  
[2018-02-09 10:50:31] /shop/index.php?act=goods&op=index&goods_id=101194 ( act=goods&op=index ) 
ERR: Db Error: Unknown column 'geval_image_again' in 'where clause'
SELECT COUNT(*) AS nc_count FROM `zmkj_evaluate_goods` WHERE ( geval_goodsid = '101194' ) AND ( (geval_image <> '') OR (geval_image_again <> '') ) LIMIT 1  
[2018-02-09 10:50:34] /shop/index.php?act=goods&op=index&goods_id=101193 ( act=goods&op=index ) 
ERR: Db Error: Unknown column 'geval_image_again' in 'where clause'
SELECT COUNT(*) AS nc_count FROM `zmkj_evaluate_goods` WHERE ( geval_goodsid = '101193' ) AND ( (geval_image <> '') OR (geval_image_again <> '') ) LIMIT 1  
[2018-02-09 10:50:44] /shop/index.php?act=goods&op=index&goods_id=101194 ( act=goods&op=index ) 
ERR: Db Error: Unknown column 'geval_image_again' in 'where clause'
SELECT COUNT(*) AS nc_count FROM `zmkj_evaluate_goods` WHERE ( geval_goodsid = '101194' ) AND ( (geval_image <> '') OR (geval_image_again <> '') ) LIMIT 1  
[2018-02-09 10:51:29] /shop/index.php?act=goods&op=index&goods_id=101194 ( act=goods&op=index ) 
ERR: Db Error: Unknown column 'geval_image_again' in 'where clause'
SELECT COUNT(*) AS nc_count FROM `zmkj_evaluate_goods` WHERE ( geval_goodsid = '101194' ) AND ( (geval_image <> '') OR (geval_image_again <> '') ) LIMIT 1  
[2018-02-09 10:51:37] /shop/index.php?act=goods&op=index&goods_id=101193 ( act=goods&op=index ) 
ERR: Db Error: Unknown column 'geval_image_again' in 'where clause'
SELECT COUNT(*) AS nc_count FROM `zmkj_evaluate_goods` WHERE ( geval_goodsid = '101193' ) AND ( (geval_image <> '') OR (geval_image_again <> '') ) LIMIT 1  
[2018-02-09 10:51:39] /shop/index.php?act=goods&op=index&goods_id=101190 ( act=goods&op=index ) 
ERR: Db Error: Unknown column 'geval_image_again' in 'where clause'
SELECT COUNT(*) AS nc_count FROM `zmkj_evaluate_goods` WHERE ( geval_goodsid = '101190' ) AND ( (geval_image <> '') OR (geval_image_again <> '') ) LIMIT 1  
[2018-02-09 10:52:15] /shop/index.php?act=goods&op=index&goods_id=101190 ( act=goods&op=index ) 
ERR: Db Error: Unknown column 'geval_image_again' in 'where clause'
SELECT COUNT(*) AS nc_count FROM `zmkj_evaluate_goods` WHERE ( geval_goodsid = '101190' ) AND ( (geval_image <> '') OR (geval_image_again <> '') ) LIMIT 1  
[2018-02-09 10:52:20] /shop/index.php?act=goods&op=index&goods_id=101191 ( act=goods&op=index ) 
ERR: Db Error: Unknown column 'geval_image_again' in 'where clause'
SELECT COUNT(*) AS nc_count FROM `zmkj_evaluate_goods` WHERE ( geval_goodsid = '101191' ) AND ( (geval_image <> '') OR (geval_image_again <> '') ) LIMIT 1  
[2018-02-09 10:52:23] /shop/index.php?act=goods&op=index&goods_id=101192 ( act=goods&op=index ) 
ERR: Db Error: Unknown column 'geval_image_again' in 'where clause'
SELECT COUNT(*) AS nc_count FROM `zmkj_evaluate_goods` WHERE ( geval_goodsid = '101192' ) AND ( (geval_image <> '') OR (geval_image_again <> '') ) LIMIT 1  
[2018-02-09 10:52:35] /shop/index.php?act=goods&op=index&goods_id=101193 ( act=goods&op=index ) 
ERR: Db Error: Unknown column 'geval_image_again' in 'where clause'
SELECT COUNT(*) AS nc_count FROM `zmkj_evaluate_goods` WHERE ( geval_goodsid = '101193' ) AND ( (geval_image <> '') OR (geval_image_again <> '') ) LIMIT 1  
[2018-02-09 10:52:38] /shop/index.php?act=goods&op=index&goods_id=101194 ( act=goods&op=index ) 
ERR: Db Error: Unknown column 'geval_image_again' in 'where clause'
SELECT COUNT(*) AS nc_count FROM `zmkj_evaluate_goods` WHERE ( geval_goodsid = '101194' ) AND ( (geval_image <> '') OR (geval_image_again <> '') ) LIMIT 1  
[2018-02-09 10:52:41] /shop/index.php?act=goods&op=index&goods_id=101191 ( act=goods&op=index ) 
ERR: Db Error: Unknown column 'geval_image_again' in 'where clause'
SELECT COUNT(*) AS nc_count FROM `zmkj_evaluate_goods` WHERE ( geval_goodsid = '101191' ) AND ( (geval_image <> '') OR (geval_image_again <> '') ) LIMIT 1  
[2018-02-09 10:52:43] /shop/index.php?act=goods&op=index&goods_id=101192 ( act=goods&op=index ) 
ERR: Db Error: Unknown column 'geval_image_again' in 'where clause'
SELECT COUNT(*) AS nc_count FROM `zmkj_evaluate_goods` WHERE ( geval_goodsid = '101192' ) AND ( (geval_image <> '') OR (geval_image_again <> '') ) LIMIT 1  
[2018-02-09 11:09:42] /shop/index.php?act=goods&op=index&goods_id=101195 ( act=goods&op=index ) 
ERR: Db Error: Unknown column 'geval_image_again' in 'where clause'
SELECT COUNT(*) AS nc_count FROM `zmkj_evaluate_goods` WHERE ( geval_goodsid = '101195' ) AND ( (geval_image <> '') OR (geval_image_again <> '') ) LIMIT 1  
[2018-02-09 11:15:36] /shop/index.php?act=goods&op=index&goods_id=101195 ( act=goods&op=index ) 
ERR: Db Error: Unknown column 'geval_image_again' in 'where clause'
SELECT COUNT(*) AS nc_count FROM `zmkj_evaluate_goods` WHERE ( geval_goodsid = '101195' ) AND ( (geval_image <> '') OR (geval_image_again <> '') ) LIMIT 1  
[2018-02-09 11:19:07] /shop/index.php?act=goods&op=index&goods_id=101195 ( act=goods&op=index ) 
ERR: Db Error: Unknown column 'geval_image_again' in 'where clause'
SELECT COUNT(*) AS nc_count FROM `zmkj_evaluate_goods` WHERE ( geval_goodsid = '101195' ) AND ( (geval_image <> '') OR (geval_image_again <> '') ) LIMIT 1  
[2018-02-09 11:24:08] /shop/index.php?act=goods&op=index&goods_id=101194 ( act=goods&op=index ) 
ERR: Db Error: Unknown column 'geval_image_again' in 'where clause'
SELECT COUNT(*) AS nc_count FROM `zmkj_evaluate_goods` WHERE ( geval_goodsid = '101194' ) AND ( (geval_image <> '') OR (geval_image_again <> '') ) LIMIT 1  
[2018-02-09 11:24:14] /shop/index.php?act=goods&op=index&goods_id=101195 ( act=goods&op=index ) 
ERR: Db Error: Unknown column 'geval_image_again' in 'where clause'
SELECT COUNT(*) AS nc_count FROM `zmkj_evaluate_goods` WHERE ( geval_goodsid = '101195' ) AND ( (geval_image <> '') OR (geval_image_again <> '') ) LIMIT 1  
[2018-02-09 11:53:08] /shop/index.php?act=goods&op=index&goods_id=101195 ( act=goods&op=index ) 
ERR: Db Error: Unknown column 'geval_image_again' in 'where clause'
SELECT COUNT(*) AS nc_count FROM `zmkj_evaluate_goods` WHERE ( geval_goodsid = '101195' ) AND ( (geval_image <> '') OR (geval_image_again <> '') ) LIMIT 1  
[2018-02-09 11:53:51] /shop/index.php?act=goods&op=index&goods_id=100570 ( act=goods&op=index ) 
ERR: Db Error: Unknown column 'geval_image_again' in 'where clause'
SELECT COUNT(*) AS nc_count FROM `zmkj_evaluate_goods` WHERE ( geval_goodsid = '100570' ) AND ( (geval_image <> '') OR (geval_image_again <> '') ) LIMIT 1  
[2018-02-09 11:54:49] /shop/index.php?act=goods&op=index&goods_id=100570 ( act=goods&op=index ) 
ERR: Db Error: Unknown column 'geval_image_again' in 'where clause'
SELECT COUNT(*) AS nc_count FROM `zmkj_evaluate_goods` WHERE ( geval_goodsid = '100570' ) AND ( (geval_image <> '') OR (geval_image_again <> '') ) LIMIT 1  
[2018-02-09 11:59:59] /shop/index.php?act=goods&op=index&goods_id=101197 ( act=goods&op=index ) 
ERR: Db Error: Unknown column 'geval_image_again' in 'where clause'
SELECT COUNT(*) AS nc_count FROM `zmkj_evaluate_goods` WHERE ( geval_goodsid = '101197' ) AND ( (geval_image <> '') OR (geval_image_again <> '') ) LIMIT 1  
[2018-02-09 12:14:45] /shop/index.php?act=goods&op=index&goods_id=101198 ( act=goods&op=index ) 
ERR: Db Error: Unknown column 'geval_image_again' in 'where clause'
SELECT COUNT(*) AS nc_count FROM `zmkj_evaluate_goods` WHERE ( geval_goodsid = '101198' ) AND ( (geval_image <> '') OR (geval_image_again <> '') ) LIMIT 1  
[2018-02-09 12:28:14] /shop/index.php?act=goods&op=index&goods_id=101199 ( act=goods&op=index ) 
ERR: Db Error: Unknown column 'geval_image_again' in 'where clause'
SELECT COUNT(*) AS nc_count FROM `zmkj_evaluate_goods` WHERE ( geval_goodsid = '101199' ) AND ( (geval_image <> '') OR (geval_image_again <> '') ) LIMIT 1  
[2018-02-09 14:14:41] /shop/index.php?act=goods&op=index&goods_id=101200 ( act=goods&op=index ) 
ERR: Db Error: Unknown column 'geval_image_again' in 'where clause'
SELECT COUNT(*) AS nc_count FROM `zmkj_evaluate_goods` WHERE ( geval_goodsid = '101200' ) AND ( (geval_image <> '') OR (geval_image_again <> '') ) LIMIT 1  
[2018-02-09 14:16:01] /shop/index.php?act=goods&op=index&goods_id=101200 ( act=goods&op=index ) 
ERR: Db Error: Unknown column 'geval_image_again' in 'where clause'
SELECT COUNT(*) AS nc_count FROM `zmkj_evaluate_goods` WHERE ( geval_goodsid = '101200' ) AND ( (geval_image <> '') OR (geval_image_again <> '') ) LIMIT 1  
[2018-02-09 14:17:32] /shop/index.php?act=goods&op=index&goods_id=101200 ( act=goods&op=index ) 
ERR: Db Error: Unknown column 'geval_image_again' in 'where clause'
SELECT COUNT(*) AS nc_count FROM `zmkj_evaluate_goods` WHERE ( geval_goodsid = '101200' ) AND ( (geval_image <> '') OR (geval_image_again <> '') ) LIMIT 1  
[2018-02-09 14:19:37] /shop/index.php?act=goods&op=index&goods_id=101200 ( act=goods&op=index ) 
ERR: Db Error: Unknown column 'geval_image_again' in 'where clause'
SELECT COUNT(*) AS nc_count FROM `zmkj_evaluate_goods` WHERE ( geval_goodsid = '101200' ) AND ( (geval_image <> '') OR (geval_image_again <> '') ) LIMIT 1  
[2018-02-09 14:23:15] /shop/index.php?act=goods&op=index&goods_id=101202 ( act=goods&op=index ) 
ERR: Db Error: Unknown column 'geval_image_again' in 'where clause'
SELECT COUNT(*) AS nc_count FROM `zmkj_evaluate_goods` WHERE ( geval_goodsid = '101202' ) AND ( (geval_image <> '') OR (geval_image_again <> '') ) LIMIT 1  
[2018-02-09 14:23:17] /shop/index.php?act=goods&op=index&goods_id=101201 ( act=goods&op=index ) 
ERR: Db Error: Unknown column 'geval_image_again' in 'where clause'
SELECT COUNT(*) AS nc_count FROM `zmkj_evaluate_goods` WHERE ( geval_goodsid = '101201' ) AND ( (geval_image <> '') OR (geval_image_again <> '') ) LIMIT 1  
[2018-02-09 14:23:20] /shop/index.php?act=goods&op=index&goods_id=101202 ( act=goods&op=index ) 
ERR: Db Error: Unknown column 'geval_image_again' in 'where clause'
SELECT COUNT(*) AS nc_count FROM `zmkj_evaluate_goods` WHERE ( geval_goodsid = '101202' ) AND ( (geval_image <> '') OR (geval_image_again <> '') ) LIMIT 1  
[2018-02-09 14:23:46] /shop/index.php?act=goods&op=index&goods_id=101202 ( act=goods&op=index ) 
ERR: Db Error: Unknown column 'geval_image_again' in 'where clause'
SELECT COUNT(*) AS nc_count FROM `zmkj_evaluate_goods` WHERE ( geval_goodsid = '101202' ) AND ( (geval_image <> '') OR (geval_image_again <> '') ) LIMIT 1  
[2018-02-09 14:23:51] /shop/index.php?act=goods&op=index&goods_id=101201 ( act=goods&op=index ) 
ERR: Db Error: Unknown column 'geval_image_again' in 'where clause'
SELECT COUNT(*) AS nc_count FROM `zmkj_evaluate_goods` WHERE ( geval_goodsid = '101201' ) AND ( (geval_image <> '') OR (geval_image_again <> '') ) LIMIT 1  
[2018-02-09 14:26:58] /shop/index.php?act=goods&op=index&goods_id=101202 ( act=goods&op=index ) 
ERR: Db Error: Unknown column 'geval_image_again' in 'where clause'
SELECT COUNT(*) AS nc_count FROM `zmkj_evaluate_goods` WHERE ( geval_goodsid = '101202' ) AND ( (geval_image <> '') OR (geval_image_again <> '') ) LIMIT 1  
[2018-02-09 14:27:02] /shop/index.php?act=goods&op=index&goods_id=101201 ( act=goods&op=index ) 
ERR: Db Error: Unknown column 'geval_image_again' in 'where clause'
SELECT COUNT(*) AS nc_count FROM `zmkj_evaluate_goods` WHERE ( geval_goodsid = '101201' ) AND ( (geval_image <> '') OR (geval_image_again <> '') ) LIMIT 1  
[2018-02-09 14:29:13] /shop/index.php?act=goods&op=index&goods_id=101202 ( act=goods&op=index ) 
ERR: Db Error: Unknown column 'geval_image_again' in 'where clause'
SELECT COUNT(*) AS nc_count FROM `zmkj_evaluate_goods` WHERE ( geval_goodsid = '101202' ) AND ( (geval_image <> '') OR (geval_image_again <> '') ) LIMIT 1  
[2018-02-09 14:31:59] /shop/index.php?act=goods&op=index&goods_id=101203 ( act=goods&op=index ) 
ERR: Db Error: Unknown column 'geval_image_again' in 'where clause'
SELECT COUNT(*) AS nc_count FROM `zmkj_evaluate_goods` WHERE ( geval_goodsid = '101203' ) AND ( (geval_image <> '') OR (geval_image_again <> '') ) LIMIT 1  
[2018-02-09 14:32:12] /shop/index.php?act=goods&op=index&goods_id=101203 ( act=goods&op=index ) 
ERR: Db Error: Unknown column 'geval_image_again' in 'where clause'
SELECT COUNT(*) AS nc_count FROM `zmkj_evaluate_goods` WHERE ( geval_goodsid = '101203' ) AND ( (geval_image <> '') OR (geval_image_again <> '') ) LIMIT 1  
[2018-02-09 14:32:52] /shop/index.php?act=goods&op=index&goods_id=101203 ( act=goods&op=index ) 
ERR: Db Error: Unknown column 'geval_image_again' in 'where clause'
SELECT COUNT(*) AS nc_count FROM `zmkj_evaluate_goods` WHERE ( geval_goodsid = '101203' ) AND ( (geval_image <> '') OR (geval_image_again <> '') ) LIMIT 1  
[2018-02-09 14:32:59] /shop/index.php?act=goods&op=index&goods_id=101202 ( act=goods&op=index ) 
ERR: Db Error: Unknown column 'geval_image_again' in 'where clause'
SELECT COUNT(*) AS nc_count FROM `zmkj_evaluate_goods` WHERE ( geval_goodsid = '101202' ) AND ( (geval_image <> '') OR (geval_image_again <> '') ) LIMIT 1  
[2018-02-09 14:33:11] /shop/index.php?act=goods&op=index&goods_id=101195 ( act=goods&op=index ) 
ERR: Db Error: Unknown column 'geval_image_again' in 'where clause'
SELECT COUNT(*) AS nc_count FROM `zmkj_evaluate_goods` WHERE ( geval_goodsid = '101195' ) AND ( (geval_image <> '') OR (geval_image_again <> '') ) LIMIT 1  
[2018-02-09 14:33:18] /shop/index.php?act=goods&op=index&goods_id=101194 ( act=goods&op=index ) 
ERR: Db Error: Unknown column 'geval_image_again' in 'where clause'
SELECT COUNT(*) AS nc_count FROM `zmkj_evaluate_goods` WHERE ( geval_goodsid = '101194' ) AND ( (geval_image <> '') OR (geval_image_again <> '') ) LIMIT 1  
[2018-02-09 14:33:29] /shop/index.php?act=goods&op=index&goods_id=101202 ( act=goods&op=index ) 
ERR: Db Error: Unknown column 'geval_image_again' in 'where clause'
SELECT COUNT(*) AS nc_count FROM `zmkj_evaluate_goods` WHERE ( geval_goodsid = '101202' ) AND ( (geval_image <> '') OR (geval_image_again <> '') ) LIMIT 1  
[2018-02-09 14:38:45] /shop/index.php?act=goods&op=index&goods_id=101202 ( act=goods&op=index ) 
ERR: Db Error: Unknown column 'geval_image_again' in 'where clause'
SELECT COUNT(*) AS nc_count FROM `zmkj_evaluate_goods` WHERE ( geval_goodsid = '101202' ) AND ( (geval_image <> '') OR (geval_image_again <> '') ) LIMIT 1  
[2018-02-09 14:38:55] /shop/index.php?act=goods&op=index&goods_id=101203 ( act=goods&op=index ) 
ERR: Db Error: Unknown column 'geval_image_again' in 'where clause'
SELECT COUNT(*) AS nc_count FROM `zmkj_evaluate_goods` WHERE ( geval_goodsid = '101203' ) AND ( (geval_image <> '') OR (geval_image_again <> '') ) LIMIT 1  
[2018-02-09 14:39:03] /shop/index.php?act=goods&op=index&goods_id=101195 ( act=goods&op=index ) 
ERR: Db Error: Unknown column 'geval_image_again' in 'where clause'
SELECT COUNT(*) AS nc_count FROM `zmkj_evaluate_goods` WHERE ( geval_goodsid = '101195' ) AND ( (geval_image <> '') OR (geval_image_again <> '') ) LIMIT 1  
[2018-02-09 14:41:55] /shop/index.php?act=goods&op=index&goods_id=101194 ( act=goods&op=index ) 
ERR: Db Error: Unknown column 'geval_image_again' in 'where clause'
SELECT COUNT(*) AS nc_count FROM `zmkj_evaluate_goods` WHERE ( geval_goodsid = '101194' ) AND ( (geval_image <> '') OR (geval_image_again <> '') ) LIMIT 1  
[2018-02-09 14:42:03] /shop/index.php?act=goods&op=index&goods_id=101195 ( act=goods&op=index ) 
ERR: Db Error: Unknown column 'geval_image_again' in 'where clause'
SELECT COUNT(*) AS nc_count FROM `zmkj_evaluate_goods` WHERE ( geval_goodsid = '101195' ) AND ( (geval_image <> '') OR (geval_image_again <> '') ) LIMIT 1  
[2018-02-09 14:42:10] /shop/index.php?act=goods&op=index&goods_id=101202 ( act=goods&op=index ) 
ERR: Db Error: Unknown column 'geval_image_again' in 'where clause'
SELECT COUNT(*) AS nc_count FROM `zmkj_evaluate_goods` WHERE ( geval_goodsid = '101202' ) AND ( (geval_image <> '') OR (geval_image_again <> '') ) LIMIT 1  
[2018-02-09 14:42:17] /shop/index.php?act=goods&op=index&goods_id=101203 ( act=goods&op=index ) 
ERR: Db Error: Unknown column 'geval_image_again' in 'where clause'
SELECT COUNT(*) AS nc_count FROM `zmkj_evaluate_goods` WHERE ( geval_goodsid = '101203' ) AND ( (geval_image <> '') OR (geval_image_again <> '') ) LIMIT 1  
[2018-02-09 14:42:54] /shop/index.php?act=goods&op=index&goods_id=101194 ( act=goods&op=index ) 
ERR: Db Error: Unknown column 'geval_image_again' in 'where clause'
SELECT COUNT(*) AS nc_count FROM `zmkj_evaluate_goods` WHERE ( geval_goodsid = '101194' ) AND ( (geval_image <> '') OR (geval_image_again <> '') ) LIMIT 1  
[2018-02-09 14:46:58] /shop/index.php?act=goods&op=index&goods_id=101074 ( act=goods&op=index ) 
ERR: Db Error: Unknown column 'geval_image_again' in 'where clause'
SELECT COUNT(*) AS nc_count FROM `zmkj_evaluate_goods` WHERE ( geval_goodsid = '101074' ) AND ( (geval_image <> '') OR (geval_image_again <> '') ) LIMIT 1  
[2018-02-09 14:47:59] /shop/index.php?act=goods&op=index&goods_id=101074 ( act=goods&op=index ) 
ERR: Db Error: Unknown column 'geval_image_again' in 'where clause'
SELECT COUNT(*) AS nc_count FROM `zmkj_evaluate_goods` WHERE ( geval_goodsid = '101074' ) AND ( (geval_image <> '') OR (geval_image_again <> '') ) LIMIT 1  
[2018-02-09 14:53:16] /shop/index.php?act=goods&op=index&goods_id=101074 ( act=goods&op=index ) 
ERR: Db Error: Unknown column 'geval_image_again' in 'where clause'
SELECT COUNT(*) AS nc_count FROM `zmkj_evaluate_goods` WHERE ( geval_goodsid = '101074' ) AND ( (geval_image <> '') OR (geval_image_again <> '') ) LIMIT 1  
[2018-02-09 14:53:44] /shop/index.php?act=goods&op=index&goods_id=101074 ( act=goods&op=index ) 
ERR: Db Error: Unknown column 'geval_image_again' in 'where clause'
SELECT COUNT(*) AS nc_count FROM `zmkj_evaluate_goods` WHERE ( geval_goodsid = '101074' ) AND ( (geval_image <> '') OR (geval_image_again <> '') ) LIMIT 1  
[2018-02-09 14:54:02] /shop/index.php?act=goods&op=index&goods_id=101204 ( act=goods&op=index ) 
ERR: Db Error: Unknown column 'geval_image_again' in 'where clause'
SELECT COUNT(*) AS nc_count FROM `zmkj_evaluate_goods` WHERE ( geval_goodsid = '101204' ) AND ( (geval_image <> '') OR (geval_image_again <> '') ) LIMIT 1  
[2018-02-09 14:55:51] /shop/index.php?act=goods&op=index&goods_id=101203 ( act=goods&op=index ) 
ERR: Db Error: Unknown column 'geval_image_again' in 'where clause'
SELECT COUNT(*) AS nc_count FROM `zmkj_evaluate_goods` WHERE ( geval_goodsid = '101203' ) AND ( (geval_image <> '') OR (geval_image_again <> '') ) LIMIT 1  
[2018-02-09 14:56:17] /shop/index.php?act=goods&op=index&goods_id=101202 ( act=goods&op=index ) 
ERR: Db Error: Unknown column 'geval_image_again' in 'where clause'
SELECT COUNT(*) AS nc_count FROM `zmkj_evaluate_goods` WHERE ( geval_goodsid = '101202' ) AND ( (geval_image <> '') OR (geval_image_again <> '') ) LIMIT 1  
[2018-02-09 14:56:24] /shop/index.php?act=goods&op=index&goods_id=101195 ( act=goods&op=index ) 
ERR: Db Error: Unknown column 'geval_image_again' in 'where clause'
SELECT COUNT(*) AS nc_count FROM `zmkj_evaluate_goods` WHERE ( geval_goodsid = '101195' ) AND ( (geval_image <> '') OR (geval_image_again <> '') ) LIMIT 1  
[2018-02-09 15:07:56] /shop/index.php?act=goods&op=index&goods_id=101213 ( act=goods&op=index ) 
ERR: Db Error: Unknown column 'geval_image_again' in 'where clause'
SELECT COUNT(*) AS nc_count FROM `zmkj_evaluate_goods` WHERE ( geval_goodsid = '101213' ) AND ( (geval_image <> '') OR (geval_image_again <> '') ) LIMIT 1  
[2018-02-09 15:08:14] /shop/index.php?act=goods&op=index&goods_id=101209 ( act=goods&op=index ) 
ERR: Db Error: Unknown column 'geval_image_again' in 'where clause'
SELECT COUNT(*) AS nc_count FROM `zmkj_evaluate_goods` WHERE ( geval_goodsid = '101209' ) AND ( (geval_image <> '') OR (geval_image_again <> '') ) LIMIT 1  
[2018-02-09 15:08:16] /shop/index.php?act=goods&op=index&goods_id=101210 ( act=goods&op=index ) 
ERR: Db Error: Unknown column 'geval_image_again' in 'where clause'
SELECT COUNT(*) AS nc_count FROM `zmkj_evaluate_goods` WHERE ( geval_goodsid = '101210' ) AND ( (geval_image <> '') OR (geval_image_again <> '') ) LIMIT 1  
[2018-02-09 15:08:17] /shop/index.php?act=goods&op=index&goods_id=101211 ( act=goods&op=index ) 
ERR: Db Error: Unknown column 'geval_image_again' in 'where clause'
SELECT COUNT(*) AS nc_count FROM `zmkj_evaluate_goods` WHERE ( geval_goodsid = '101211' ) AND ( (geval_image <> '') OR (geval_image_again <> '') ) LIMIT 1  
[2018-02-09 15:08:54] /shop/index.php?act=goods&op=index&goods_id=100591 ( act=goods&op=index ) 
ERR: Db Error: Unknown column 'geval_image_again' in 'where clause'
SELECT COUNT(*) AS nc_count FROM `zmkj_evaluate_goods` WHERE ( geval_goodsid = '100591' ) AND ( (geval_image <> '') OR (geval_image_again <> '') ) LIMIT 1  
[2018-02-09 15:09:08] /shop/index.php?act=goods&op=index&goods_id=101203 ( act=goods&op=index ) 
ERR: Db Error: Unknown column 'geval_image_again' in 'where clause'
SELECT COUNT(*) AS nc_count FROM `zmkj_evaluate_goods` WHERE ( geval_goodsid = '101203' ) AND ( (geval_image <> '') OR (geval_image_again <> '') ) LIMIT 1  
[2018-02-09 15:09:15] /shop/index.php?act=goods&op=index&goods_id=101202 ( act=goods&op=index ) 
ERR: Db Error: Unknown column 'geval_image_again' in 'where clause'
SELECT COUNT(*) AS nc_count FROM `zmkj_evaluate_goods` WHERE ( geval_goodsid = '101202' ) AND ( (geval_image <> '') OR (geval_image_again <> '') ) LIMIT 1  
[2018-02-09 15:09:41] /shop/index.php?act=goods&op=index&goods_id=100591 ( act=goods&op=index ) 
ERR: Db Error: Unknown column 'geval_image_again' in 'where clause'
SELECT COUNT(*) AS nc_count FROM `zmkj_evaluate_goods` WHERE ( geval_goodsid = '100591' ) AND ( (geval_image <> '') OR (geval_image_again <> '') ) LIMIT 1  
[2018-02-09 15:09:45] /shop/index.php?act=goods&op=index&goods_id=100589 ( act=goods&op=index ) 
ERR: Db Error: Unknown column 'geval_image_again' in 'where clause'
SELECT COUNT(*) AS nc_count FROM `zmkj_evaluate_goods` WHERE ( geval_goodsid = '100589' ) AND ( (geval_image <> '') OR (geval_image_again <> '') ) LIMIT 1  
[2018-02-09 15:10:22] /shop/index.php?act=goods&op=index&goods_id=100592 ( act=goods&op=index ) 
ERR: Db Error: Unknown column 'geval_image_again' in 'where clause'
SELECT COUNT(*) AS nc_count FROM `zmkj_evaluate_goods` WHERE ( geval_goodsid = '100592' ) AND ( (geval_image <> '') OR (geval_image_again <> '') ) LIMIT 1  
[2018-02-09 15:10:33] /shop/index.php?act=goods&op=index&goods_id=101202 ( act=goods&op=index ) 
ERR: Db Error: Unknown column 'geval_image_again' in 'where clause'
SELECT COUNT(*) AS nc_count FROM `zmkj_evaluate_goods` WHERE ( geval_goodsid = '101202' ) AND ( (geval_image <> '') OR (geval_image_again <> '') ) LIMIT 1  
[2018-02-09 15:10:43] /shop/index.php?act=goods&op=index&goods_id=101203 ( act=goods&op=index ) 
ERR: Db Error: Unknown column 'geval_image_again' in 'where clause'
SELECT COUNT(*) AS nc_count FROM `zmkj_evaluate_goods` WHERE ( geval_goodsid = '101203' ) AND ( (geval_image <> '') OR (geval_image_again <> '') ) LIMIT 1  
[2018-02-09 15:10:46] /shop/index.php?act=goods&op=index&goods_id=101213 ( act=goods&op=index ) 
ERR: Db Error: Unknown column 'geval_image_again' in 'where clause'
SELECT COUNT(*) AS nc_count FROM `zmkj_evaluate_goods` WHERE ( geval_goodsid = '101213' ) AND ( (geval_image <> '') OR (geval_image_again <> '') ) LIMIT 1  
[2018-02-09 15:10:58] /shop/index.php?act=goods&op=index&goods_id=100590 ( act=goods&op=index ) 
ERR: Db Error: Unknown column 'geval_image_again' in 'where clause'
SELECT COUNT(*) AS nc_count FROM `zmkj_evaluate_goods` WHERE ( geval_goodsid = '100590' ) AND ( (geval_image <> '') OR (geval_image_again <> '') ) LIMIT 1  
[2018-02-09 15:11:39] /shop/index.php?act=goods&op=index&goods_id=100602 ( act=goods&op=index ) 
ERR: Db Error: Unknown column 'geval_image_again' in 'where clause'
SELECT COUNT(*) AS nc_count FROM `zmkj_evaluate_goods` WHERE ( geval_goodsid = '100602' ) AND ( (geval_image <> '') OR (geval_image_again <> '') ) LIMIT 1  
[2018-02-09 15:11:46] /shop/index.php?act=goods&op=index&goods_id=100601 ( act=goods&op=index ) 
ERR: Db Error: Unknown column 'geval_image_again' in 'where clause'
SELECT COUNT(*) AS nc_count FROM `zmkj_evaluate_goods` WHERE ( geval_goodsid = '100601' ) AND ( (geval_image <> '') OR (geval_image_again <> '') ) LIMIT 1  
[2018-02-09 15:12:14] /shop/index.php?act=goods&op=index&goods_id=100600 ( act=goods&op=index ) 
ERR: Db Error: Unknown column 'geval_image_again' in 'where clause'
SELECT COUNT(*) AS nc_count FROM `zmkj_evaluate_goods` WHERE ( geval_goodsid = '100600' ) AND ( (geval_image <> '') OR (geval_image_again <> '') ) LIMIT 1  
[2018-02-09 15:12:36] /shop/index.php?act=goods&op=index&goods_id=100592 ( act=goods&op=index ) 
ERR: Db Error: Unknown column 'geval_image_again' in 'where clause'
SELECT COUNT(*) AS nc_count FROM `zmkj_evaluate_goods` WHERE ( geval_goodsid = '100592' ) AND ( (geval_image <> '') OR (geval_image_again <> '') ) LIMIT 1  
[2018-02-09 15:12:50] /shop/index.php?act=goods&op=index&goods_id=100602 ( act=goods&op=index ) 
ERR: Db Error: Unknown column 'geval_image_again' in 'where clause'
SELECT COUNT(*) AS nc_count FROM `zmkj_evaluate_goods` WHERE ( geval_goodsid = '100602' ) AND ( (geval_image <> '') OR (geval_image_again <> '') ) LIMIT 1  
[2018-02-09 15:13:15] /shop/index.php?act=goods&op=index&goods_id=100591 ( act=goods&op=index ) 
ERR: Db Error: Unknown column 'geval_image_again' in 'where clause'
SELECT COUNT(*) AS nc_count FROM `zmkj_evaluate_goods` WHERE ( geval_goodsid = '100591' ) AND ( (geval_image <> '') OR (geval_image_again <> '') ) LIMIT 1  
[2018-02-09 15:14:18] /shop/index.php?act=goods&op=index&goods_id=101213 ( act=goods&op=index ) 
ERR: Db Error: Unknown column 'geval_image_again' in 'where clause'
SELECT COUNT(*) AS nc_count FROM `zmkj_evaluate_goods` WHERE ( geval_goodsid = '101213' ) AND ( (geval_image <> '') OR (geval_image_again <> '') ) LIMIT 1  
[2018-02-09 15:14:49] /shop/index.php?act=goods&op=index&goods_id=101214 ( act=goods&op=index ) 
ERR: Db Error: Unknown column 'geval_image_again' in 'where clause'
SELECT COUNT(*) AS nc_count FROM `zmkj_evaluate_goods` WHERE ( geval_goodsid = '101214' ) AND ( (geval_image <> '') OR (geval_image_again <> '') ) LIMIT 1  
[2018-02-09 15:21:28] /shop/index.php?act=goods&op=index&goods_id=101202 ( act=goods&op=index ) 
ERR: Db Error: Unknown column 'geval_image_again' in 'where clause'
SELECT COUNT(*) AS nc_count FROM `zmkj_evaluate_goods` WHERE ( geval_goodsid = '101202' ) AND ( (geval_image <> '') OR (geval_image_again <> '') ) LIMIT 1  
[2018-02-09 15:21:37] /shop/index.php?act=goods&op=index&goods_id=101195 ( act=goods&op=index ) 
ERR: Db Error: Unknown column 'geval_image_again' in 'where clause'
SELECT COUNT(*) AS nc_count FROM `zmkj_evaluate_goods` WHERE ( geval_goodsid = '101195' ) AND ( (geval_image <> '') OR (geval_image_again <> '') ) LIMIT 1  
[2018-02-09 15:21:43] /shop/index.php?act=goods&op=index&goods_id=101194 ( act=goods&op=index ) 
ERR: Db Error: Unknown column 'geval_image_again' in 'where clause'
SELECT COUNT(*) AS nc_count FROM `zmkj_evaluate_goods` WHERE ( geval_goodsid = '101194' ) AND ( (geval_image <> '') OR (geval_image_again <> '') ) LIMIT 1  
[2018-02-09 15:21:49] /shop/index.php?act=goods&op=index&goods_id=101183 ( act=goods&op=index ) 
ERR: Db Error: Unknown column 'geval_image_again' in 'where clause'
SELECT COUNT(*) AS nc_count FROM `zmkj_evaluate_goods` WHERE ( geval_goodsid = '101183' ) AND ( (geval_image <> '') OR (geval_image_again <> '') ) LIMIT 1  
[2018-02-09 15:26:41] /shop/index.php?act=goods&op=index&goods_id=101216 ( act=goods&op=index ) 
ERR: Db Error: Unknown column 'geval_image_again' in 'where clause'
SELECT COUNT(*) AS nc_count FROM `zmkj_evaluate_goods` WHERE ( geval_goodsid = '101216' ) AND ( (geval_image <> '') OR (geval_image_again <> '') ) LIMIT 1  
[2018-02-09 15:27:45] /shop/index.php?act=goods&op=index&goods_id=101183 ( act=goods&op=index ) 
ERR: Db Error: Unknown column 'geval_image_again' in 'where clause'
SELECT COUNT(*) AS nc_count FROM `zmkj_evaluate_goods` WHERE ( geval_goodsid = '101183' ) AND ( (geval_image <> '') OR (geval_image_again <> '') ) LIMIT 1  
[2018-02-09 15:28:07] /shop/index.php?act=goods&op=index&goods_id=101194 ( act=goods&op=index ) 
ERR: Db Error: Unknown column 'geval_image_again' in 'where clause'
SELECT COUNT(*) AS nc_count FROM `zmkj_evaluate_goods` WHERE ( geval_goodsid = '101194' ) AND ( (geval_image <> '') OR (geval_image_again <> '') ) LIMIT 1  
[2018-02-09 15:28:15] /shop/index.php?act=goods&op=index&goods_id=101190 ( act=goods&op=index ) 
ERR: Db Error: Unknown column 'geval_image_again' in 'where clause'
SELECT COUNT(*) AS nc_count FROM `zmkj_evaluate_goods` WHERE ( geval_goodsid = '101190' ) AND ( (geval_image <> '') OR (geval_image_again <> '') ) LIMIT 1  
[2018-02-09 15:28:28] /shop/index.php?act=goods&op=index&goods_id=101195 ( act=goods&op=index ) 
ERR: Db Error: Unknown column 'geval_image_again' in 'where clause'
SELECT COUNT(*) AS nc_count FROM `zmkj_evaluate_goods` WHERE ( geval_goodsid = '101195' ) AND ( (geval_image <> '') OR (geval_image_again <> '') ) LIMIT 1  
[2018-02-09 15:28:34] /shop/index.php?act=goods&op=index&goods_id=101202 ( act=goods&op=index ) 
ERR: Db Error: Unknown column 'geval_image_again' in 'where clause'
SELECT COUNT(*) AS nc_count FROM `zmkj_evaluate_goods` WHERE ( geval_goodsid = '101202' ) AND ( (geval_image <> '') OR (geval_image_again <> '') ) LIMIT 1  
[2018-02-09 15:28:45] /shop/index.php?act=goods&op=index&goods_id=101203 ( act=goods&op=index ) 
ERR: Db Error: Unknown column 'geval_image_again' in 'where clause'
SELECT COUNT(*) AS nc_count FROM `zmkj_evaluate_goods` WHERE ( geval_goodsid = '101203' ) AND ( (geval_image <> '') OR (geval_image_again <> '') ) LIMIT 1  
[2018-02-09 15:28:58] /shop/index.php?act=goods&op=index&goods_id=101213 ( act=goods&op=index ) 
ERR: Db Error: Unknown column 'geval_image_again' in 'where clause'
SELECT COUNT(*) AS nc_count FROM `zmkj_evaluate_goods` WHERE ( geval_goodsid = '101213' ) AND ( (geval_image <> '') OR (geval_image_again <> '') ) LIMIT 1  
[2018-02-09 15:36:05] /shop/index.php?act=goods&op=index&goods_id=101202 ( act=goods&op=index ) 
ERR: Db Error: Unknown column 'geval_image_again' in 'where clause'
SELECT COUNT(*) AS nc_count FROM `zmkj_evaluate_goods` WHERE ( geval_goodsid = '101202' ) AND ( (geval_image <> '') OR (geval_image_again <> '') ) LIMIT 1  
[2018-02-09 15:37:42] /shop/index.php?act=goods&op=index&goods_id=101217 ( act=goods&op=index ) 
ERR: Db Error: Unknown column 'geval_image_again' in 'where clause'
SELECT COUNT(*) AS nc_count FROM `zmkj_evaluate_goods` WHERE ( geval_goodsid = '101217' ) AND ( (geval_image <> '') OR (geval_image_again <> '') ) LIMIT 1  
[2018-02-09 15:49:30] /shop/index.php?act=goods&op=index&goods_id=101220 ( act=goods&op=index ) 
ERR: Db Error: Unknown column 'geval_image_again' in 'where clause'
SELECT COUNT(*) AS nc_count FROM `zmkj_evaluate_goods` WHERE ( geval_goodsid = '101220' ) AND ( (geval_image <> '') OR (geval_image_again <> '') ) LIMIT 1  
[2018-02-09 15:57:02] /shop/index.php?act=goods&op=index&goods_id=101074 ( act=goods&op=index ) 
ERR: Db Error: Unknown column 'geval_image_again' in 'where clause'
SELECT COUNT(*) AS nc_count FROM `zmkj_evaluate_goods` WHERE ( geval_goodsid = '101074' ) AND ( (geval_image <> '') OR (geval_image_again <> '') ) LIMIT 1  
[2018-02-09 15:57:35] /shop/index.php?act=goods&op=index&goods_id=101074 ( act=goods&op=index ) 
ERR: Db Error: Unknown column 'geval_image_again' in 'where clause'
SELECT COUNT(*) AS nc_count FROM `zmkj_evaluate_goods` WHERE ( geval_goodsid = '101074' ) AND ( (geval_image <> '') OR (geval_image_again <> '') ) LIMIT 1  
[2018-02-09 16:01:45] /shop/index.php?act=goods&op=index&goods_id=101221 ( act=goods&op=index ) 
ERR: Db Error: Unknown column 'geval_image_again' in 'where clause'
SELECT COUNT(*) AS nc_count FROM `zmkj_evaluate_goods` WHERE ( geval_goodsid = '101221' ) AND ( (geval_image <> '') OR (geval_image_again <> '') ) LIMIT 1  
[2018-02-09 16:07:35] /shop/index.php?act=goods&op=index&goods_id=101227 ( act=goods&op=index ) 
ERR: Db Error: Unknown column 'geval_image_again' in 'where clause'
SELECT COUNT(*) AS nc_count FROM `zmkj_evaluate_goods` WHERE ( geval_goodsid = '101227' ) AND ( (geval_image <> '') OR (geval_image_again <> '') ) LIMIT 1  
[2018-02-09 16:10:10] /shop/index.php?act=goods&op=index&goods_id=100545 ( act=goods&op=index ) 
ERR: Db Error: Unknown column 'geval_image_again' in 'where clause'
SELECT COUNT(*) AS nc_count FROM `zmkj_evaluate_goods` WHERE ( geval_goodsid = '100545' ) AND ( (geval_image <> '') OR (geval_image_again <> '') ) LIMIT 1  
[2018-02-09 16:11:33] /shop/index.php?act=goods&op=index&goods_id=101228 ( act=goods&op=index ) 
ERR: Db Error: Unknown column 'geval_image_again' in 'where clause'
SELECT COUNT(*) AS nc_count FROM `zmkj_evaluate_goods` WHERE ( geval_goodsid = '101228' ) AND ( (geval_image <> '') OR (geval_image_again <> '') ) LIMIT 1  
[2018-02-09 16:21:53] /shop/index.php?act=goods&op=index&goods_id=101229 ( act=goods&op=index ) 
ERR: Db Error: Unknown column 'geval_image_again' in 'where clause'
SELECT COUNT(*) AS nc_count FROM `zmkj_evaluate_goods` WHERE ( geval_goodsid = '101229' ) AND ( (geval_image <> '') OR (geval_image_again <> '') ) LIMIT 1  
[2018-02-09 16:22:55] /shop/index.php?act=goods&op=index&goods_id=101065 ( act=goods&op=index ) 
ERR: Db Error: Unknown column 'geval_image_again' in 'where clause'
SELECT COUNT(*) AS nc_count FROM `zmkj_evaluate_goods` WHERE ( geval_goodsid = '101065' ) AND ( (geval_image <> '') OR (geval_image_again <> '') ) LIMIT 1  
[2018-02-09 16:22:55] /shop/index.php?act=goods&op=index&goods_id=101065 ( act=goods&op=index ) 
ERR: Db Error: Unknown column 'geval_image_again' in 'where clause'
SELECT COUNT(*) AS nc_count FROM `zmkj_evaluate_goods` WHERE ( geval_goodsid = '101065' ) AND ( (geval_image <> '') OR (geval_image_again <> '') ) LIMIT 1  
[2018-02-09 16:28:27] /shop/index.php?act=goods&op=index&goods_id=101074 ( act=goods&op=index ) 
ERR: Db Error: Unknown column 'geval_image_again' in 'where clause'
SELECT COUNT(*) AS nc_count FROM `zmkj_evaluate_goods` WHERE ( geval_goodsid = '101074' ) AND ( (geval_image <> '') OR (geval_image_again <> '') ) LIMIT 1  
[2018-02-09 16:31:07] /shop/index.php?act=goods&op=index&goods_id=101229 ( act=goods&op=index ) 
ERR: Db Error: Unknown column 'geval_image_again' in 'where clause'
SELECT COUNT(*) AS nc_count FROM `zmkj_evaluate_goods` WHERE ( geval_goodsid = '101229' ) AND ( (geval_image <> '') OR (geval_image_again <> '') ) LIMIT 1  
[2018-02-09 16:43:02] /shop/index.php?act=goods&op=index&goods_id=101074 ( act=goods&op=index ) 
ERR: Db Error: Unknown column 'geval_image_again' in 'where clause'
SELECT COUNT(*) AS nc_count FROM `zmkj_evaluate_goods` WHERE ( geval_goodsid = '101074' ) AND ( (geval_image <> '') OR (geval_image_again <> '') ) LIMIT 1  
[2018-02-09 16:50:19] /shop/index.php?act=goods&op=index&goods_id=101229 ( act=goods&op=index ) 
ERR: Db Error: Unknown column 'geval_image_again' in 'where clause'
SELECT COUNT(*) AS nc_count FROM `zmkj_evaluate_goods` WHERE ( geval_goodsid = '101229' ) AND ( (geval_image <> '') OR (geval_image_again <> '') ) LIMIT 1  
[2018-02-09 16:58:12] /shop/index.php?act=goods&op=index&goods_id=101230 ( act=goods&op=index ) 
ERR: Db Error: Unknown column 'geval_image_again' in 'where clause'
SELECT COUNT(*) AS nc_count FROM `zmkj_evaluate_goods` WHERE ( geval_goodsid = '101230' ) AND ( (geval_image <> '') OR (geval_image_again <> '') ) LIMIT 1  
[2018-02-09 17:04:09] /shop/index.php?act=goods&op=index&goods_id=101231 ( act=goods&op=index ) 
ERR: Db Error: Unknown column 'geval_image_again' in 'where clause'
SELECT COUNT(*) AS nc_count FROM `zmkj_evaluate_goods` WHERE ( geval_goodsid = '101231' ) AND ( (geval_image <> '') OR (geval_image_again <> '') ) LIMIT 1  
[2018-02-09 17:05:30] /shop/index.php?act=goods&op=index&goods_id=101074 ( act=goods&op=index ) 
ERR: Db Error: Unknown column 'geval_image_again' in 'where clause'
SELECT COUNT(*) AS nc_count FROM `zmkj_evaluate_goods` WHERE ( geval_goodsid = '101074' ) AND ( (geval_image <> '') OR (geval_image_again <> '') ) LIMIT 1  
[2018-02-09 17:09:05] /shop/index.php?act=goods&op=index&goods_id=101074 ( act=goods&op=index ) 
ERR: Db Error: Unknown column 'geval_image_again' in 'where clause'
SELECT COUNT(*) AS nc_count FROM `zmkj_evaluate_goods` WHERE ( geval_goodsid = '101074' ) AND ( (geval_image <> '') OR (geval_image_again <> '') ) LIMIT 1  
[2018-02-09 17:10:13] /shop/index.php?act=goods&op=index&goods_id=101074 ( act=goods&op=index ) 
ERR: Db Error: Unknown column 'geval_image_again' in 'where clause'
SELECT COUNT(*) AS nc_count FROM `zmkj_evaluate_goods` WHERE ( geval_goodsid = '101074' ) AND ( (geval_image <> '') OR (geval_image_again <> '') ) LIMIT 1  
[2018-02-09 17:12:14] /shop/index.php?act=goods&op=index&goods_id=101074 ( act=goods&op=index ) 
ERR: Db Error: Unknown column 'geval_image_again' in 'where clause'
SELECT COUNT(*) AS nc_count FROM `zmkj_evaluate_goods` WHERE ( geval_goodsid = '101074' ) AND ( (geval_image <> '') OR (geval_image_again <> '') ) LIMIT 1  
[2018-02-09 17:27:37] /shop/index.php?act=goods&op=index&goods_id=101233 ( act=goods&op=index ) 
ERR: Db Error: Unknown column 'geval_image_again' in 'where clause'
SELECT COUNT(*) AS nc_count FROM `zmkj_evaluate_goods` WHERE ( geval_goodsid = '101233' ) AND ( (geval_image <> '') OR (geval_image_again <> '') ) LIMIT 1  
[2018-02-09 17:28:28] /shop/index.php?act=goods&op=index&goods_id=101183 ( act=goods&op=index ) 
ERR: Db Error: Unknown column 'geval_image_again' in 'where clause'
SELECT COUNT(*) AS nc_count FROM `zmkj_evaluate_goods` WHERE ( geval_goodsid = '101183' ) AND ( (geval_image <> '') OR (geval_image_again <> '') ) LIMIT 1  
[2018-02-09 17:29:18] /shop/index.php?act=goods&op=index&goods_id=101194 ( act=goods&op=index ) 
ERR: Db Error: Unknown column 'geval_image_again' in 'where clause'
SELECT COUNT(*) AS nc_count FROM `zmkj_evaluate_goods` WHERE ( geval_goodsid = '101194' ) AND ( (geval_image <> '') OR (geval_image_again <> '') ) LIMIT 1  
[2018-02-09 17:29:25] /shop/index.php?act=goods&op=index&goods_id=101183 ( act=goods&op=index ) 
ERR: Db Error: Unknown column 'geval_image_again' in 'where clause'
SELECT COUNT(*) AS nc_count FROM `zmkj_evaluate_goods` WHERE ( geval_goodsid = '101183' ) AND ( (geval_image <> '') OR (geval_image_again <> '') ) LIMIT 1  
[2018-02-09 17:29:26] /shop/index.php?act=goods&op=index&goods_id=101190 ( act=goods&op=index ) 
ERR: Db Error: Unknown column 'geval_image_again' in 'where clause'
SELECT COUNT(*) AS nc_count FROM `zmkj_evaluate_goods` WHERE ( geval_goodsid = '101190' ) AND ( (geval_image <> '') OR (geval_image_again <> '') ) LIMIT 1  
[2018-02-09 17:29:36] /shop/index.php?act=goods&op=index&goods_id=101191 ( act=goods&op=index ) 
ERR: Db Error: Unknown column 'geval_image_again' in 'where clause'
SELECT COUNT(*) AS nc_count FROM `zmkj_evaluate_goods` WHERE ( geval_goodsid = '101191' ) AND ( (geval_image <> '') OR (geval_image_again <> '') ) LIMIT 1  
[2018-02-09 17:29:57] /shop/index.php?act=goods&op=index&goods_id=101195 ( act=goods&op=index ) 
ERR: Db Error: Unknown column 'geval_image_again' in 'where clause'
SELECT COUNT(*) AS nc_count FROM `zmkj_evaluate_goods` WHERE ( geval_goodsid = '101195' ) AND ( (geval_image <> '') OR (geval_image_again <> '') ) LIMIT 1  
[2018-02-09 17:30:21] /shop/index.php?act=goods&op=index&goods_id=101196 ( act=goods&op=index ) 
ERR: Db Error: Unknown column 'geval_image_again' in 'where clause'
SELECT COUNT(*) AS nc_count FROM `zmkj_evaluate_goods` WHERE ( geval_goodsid = '101196' ) AND ( (geval_image <> '') OR (geval_image_again <> '') ) LIMIT 1  
[2018-02-09 17:30:51] /shop/index.php?act=goods&op=index&goods_id=101198 ( act=goods&op=index ) 
ERR: Db Error: Unknown column 'geval_image_again' in 'where clause'
SELECT COUNT(*) AS nc_count FROM `zmkj_evaluate_goods` WHERE ( geval_goodsid = '101198' ) AND ( (geval_image <> '') OR (geval_image_again <> '') ) LIMIT 1  
[2018-02-09 17:30:54] /shop/index.php?act=goods&op=index&goods_id=101195 ( act=goods&op=index ) 
ERR: Db Error: Unknown column 'geval_image_again' in 'where clause'
SELECT COUNT(*) AS nc_count FROM `zmkj_evaluate_goods` WHERE ( geval_goodsid = '101195' ) AND ( (geval_image <> '') OR (geval_image_again <> '') ) LIMIT 1  
[2018-02-09 17:31:37] /shop/index.php?act=goods&op=index&goods_id=101199 ( act=goods&op=index ) 
ERR: Db Error: Unknown column 'geval_image_again' in 'where clause'
SELECT COUNT(*) AS nc_count FROM `zmkj_evaluate_goods` WHERE ( geval_goodsid = '101199' ) AND ( (geval_image <> '') OR (geval_image_again <> '') ) LIMIT 1  
[2018-02-09 17:32:04] /shop/index.php?act=goods&op=index&goods_id=101202 ( act=goods&op=index ) 
ERR: Db Error: Unknown column 'geval_image_again' in 'where clause'
SELECT COUNT(*) AS nc_count FROM `zmkj_evaluate_goods` WHERE ( geval_goodsid = '101202' ) AND ( (geval_image <> '') OR (geval_image_again <> '') ) LIMIT 1  
[2018-02-09 17:32:16] /shop/index.php?act=goods&op=index&goods_id=101233 ( act=goods&op=index ) 
ERR: Db Error: Unknown column 'geval_image_again' in 'where clause'
SELECT COUNT(*) AS nc_count FROM `zmkj_evaluate_goods` WHERE ( geval_goodsid = '101233' ) AND ( (geval_image <> '') OR (geval_image_again <> '') ) LIMIT 1  
[2018-02-09 17:32:34] /shop/index.php?act=goods&op=index&goods_id=101199 ( act=goods&op=index ) 
ERR: Db Error: Unknown column 'geval_image_again' in 'where clause'
SELECT COUNT(*) AS nc_count FROM `zmkj_evaluate_goods` WHERE ( geval_goodsid = '101199' ) AND ( (geval_image <> '') OR (geval_image_again <> '') ) LIMIT 1  
[2018-02-09 17:32:48] /shop/index.php?act=goods&op=index&goods_id=101203 ( act=goods&op=index ) 
ERR: Db Error: Unknown column 'geval_image_again' in 'where clause'
SELECT COUNT(*) AS nc_count FROM `zmkj_evaluate_goods` WHERE ( geval_goodsid = '101203' ) AND ( (geval_image <> '') OR (geval_image_again <> '') ) LIMIT 1  
[2018-02-09 17:33:02] /shop/index.php?act=goods&op=index&goods_id=101202 ( act=goods&op=index ) 
ERR: Db Error: Unknown column 'geval_image_again' in 'where clause'
SELECT COUNT(*) AS nc_count FROM `zmkj_evaluate_goods` WHERE ( geval_goodsid = '101202' ) AND ( (geval_image <> '') OR (geval_image_again <> '') ) LIMIT 1  
[2018-02-09 17:33:09] /shop/index.php?act=goods&op=index&goods_id=101213 ( act=goods&op=index ) 
ERR: Db Error: Unknown column 'geval_image_again' in 'where clause'
SELECT COUNT(*) AS nc_count FROM `zmkj_evaluate_goods` WHERE ( geval_goodsid = '101213' ) AND ( (geval_image <> '') OR (geval_image_again <> '') ) LIMIT 1  
[2018-02-09 17:33:21] /shop/index.php?act=goods&op=index&goods_id=101215 ( act=goods&op=index ) 
ERR: Db Error: Unknown column 'geval_image_again' in 'where clause'
SELECT COUNT(*) AS nc_count FROM `zmkj_evaluate_goods` WHERE ( geval_goodsid = '101215' ) AND ( (geval_image <> '') OR (geval_image_again <> '') ) LIMIT 1  
[2018-02-09 17:33:46] /shop/index.php?act=goods&op=index&goods_id=101203 ( act=goods&op=index ) 
ERR: Db Error: Unknown column 'geval_image_again' in 'where clause'
SELECT COUNT(*) AS nc_count FROM `zmkj_evaluate_goods` WHERE ( geval_goodsid = '101203' ) AND ( (geval_image <> '') OR (geval_image_again <> '') ) LIMIT 1  
[2018-02-09 17:34:07] /shop/index.php?act=goods&op=index&goods_id=101213 ( act=goods&op=index ) 
ERR: Db Error: Unknown column 'geval_image_again' in 'where clause'
SELECT COUNT(*) AS nc_count FROM `zmkj_evaluate_goods` WHERE ( geval_goodsid = '101213' ) AND ( (geval_image <> '') OR (geval_image_again <> '') ) LIMIT 1  
[2018-02-09 17:37:06] /shop/index.php?act=goods&goods_id=100747 ( act=goods&op=index ) 
ERR: Db Error: Unknown column 'geval_image_again' in 'where clause'
SELECT COUNT(*) AS nc_count FROM `zmkj_evaluate_goods` WHERE ( geval_goodsid = '100747' ) AND ( (geval_image <> '') OR (geval_image_again <> '') ) LIMIT 1  
[2018-02-09 17:51:57] /shop/index.php?act=goods&op=index&goods_id=101233 ( act=goods&op=index ) 
ERR: Db Error: Unknown column 'geval_image_again' in 'where clause'
SELECT COUNT(*) AS nc_count FROM `zmkj_evaluate_goods` WHERE ( geval_goodsid = '101233' ) AND ( (geval_image <> '') OR (geval_image_again <> '') ) LIMIT 1  
[2018-02-09 17:54:22] /shop/index.php?act=goods&op=index&goods_id=101233 ( act=goods&op=index ) 
ERR: Db Error: Unknown column 'geval_image_again' in 'where clause'
SELECT COUNT(*) AS nc_count FROM `zmkj_evaluate_goods` WHERE ( geval_goodsid = '101233' ) AND ( (geval_image <> '') OR (geval_image_again <> '') ) LIMIT 1  
[2018-02-09 18:05:51] /shop/index.php?act=goods&op=index&goods_id=101234 ( act=goods&op=index ) 
ERR: Db Error: Unknown column 'geval_image_again' in 'where clause'
SELECT COUNT(*) AS nc_count FROM `zmkj_evaluate_goods` WHERE ( geval_goodsid = '101234' ) AND ( (geval_image <> '') OR (geval_image_again <> '') ) LIMIT 1  
[2018-02-09 18:16:22] /shop/index.php?act=goods&op=index&goods_id=101235 ( act=goods&op=index ) 
ERR: Db Error: Unknown column 'geval_image_again' in 'where clause'
SELECT COUNT(*) AS nc_count FROM `zmkj_evaluate_goods` WHERE ( geval_goodsid = '101235' ) AND ( (geval_image <> '') OR (geval_image_again <> '') ) LIMIT 1  
[2018-02-09 18:17:42] /shop/index.php?act=goods&op=index&goods_id=101233 ( act=goods&op=index ) 
ERR: Db Error: Unknown column 'geval_image_again' in 'where clause'
SELECT COUNT(*) AS nc_count FROM `zmkj_evaluate_goods` WHERE ( geval_goodsid = '101233' ) AND ( (geval_image <> '') OR (geval_image_again <> '') ) LIMIT 1  
[2018-02-09 18:18:00] /shop/index.php?act=goods&op=index&goods_id=101231 ( act=goods&op=index ) 
ERR: Db Error: Unknown column 'geval_image_again' in 'where clause'
SELECT COUNT(*) AS nc_count FROM `zmkj_evaluate_goods` WHERE ( geval_goodsid = '101231' ) AND ( (geval_image <> '') OR (geval_image_again <> '') ) LIMIT 1  
[2018-02-09 18:18:10] /shop/index.php?act=goods&op=index&goods_id=101229 ( act=goods&op=index ) 
ERR: Db Error: Unknown column 'geval_image_again' in 'where clause'
SELECT COUNT(*) AS nc_count FROM `zmkj_evaluate_goods` WHERE ( geval_goodsid = '101229' ) AND ( (geval_image <> '') OR (geval_image_again <> '') ) LIMIT 1  
[2018-02-09 18:18:16] /shop/index.php?act=goods&op=index&goods_id=101228 ( act=goods&op=index ) 
ERR: Db Error: Unknown column 'geval_image_again' in 'where clause'
SELECT COUNT(*) AS nc_count FROM `zmkj_evaluate_goods` WHERE ( geval_goodsid = '101228' ) AND ( (geval_image <> '') OR (geval_image_again <> '') ) LIMIT 1  
[2018-02-09 18:35:46] /shop/index.php?act=goods&op=index&goods_id=101236 ( act=goods&op=index ) 
ERR: Db Error: Unknown column 'geval_image_again' in 'where clause'
SELECT COUNT(*) AS nc_count FROM `zmkj_evaluate_goods` WHERE ( geval_goodsid = '101236' ) AND ( (geval_image <> '') OR (geval_image_again <> '') ) LIMIT 1  
[2018-02-09 23:07:48] /shop/index.php?act=goods&op=index&goods_id=100648 ( act=goods&op=index ) 
ERR: Db Error: Unknown column 'geval_image_again' in 'where clause'
SELECT COUNT(*) AS nc_count FROM `zmkj_evaluate_goods` WHERE ( geval_goodsid = '100648' ) AND ( (geval_image <> '') OR (geval_image_again <> '') ) LIMIT 1  
