[2018-08-27 01:07:52] /shop/index.php?act=goods&op=comments_list&goods_id=102545 ( act=goods&op=comments_list ) 
ERR: Db Error: Unknown column 'geval_image_again' in 'where clause'
SELECT COUNT(*) AS nc_count FROM `zmkj_evaluate_goods` WHERE ( geval_goodsid = '102545' ) AND ( (geval_image <> '') OR (geval_image_again <> '') ) LIMIT 1  
[2018-08-27 01:30:38] /shop/index.php?act=goods&op=comments_list&goods_id=103607 ( act=goods&op=comments_list ) 
ERR: Db Error: Unknown column 'geval_image_again' in 'where clause'
SELECT COUNT(*) AS nc_count FROM `zmkj_evaluate_goods` WHERE ( geval_goodsid = '103607' ) AND ( (geval_image <> '') OR (geval_image_again <> '') ) LIMIT 1  
[2018-08-27 05:25:24] /shop/index.php?act=search&op=index&cate_id=1581&gift=0&key=3&order=2 ( act=search&op=index ) 
ERR: Db Error: Unknown column 'gc_id_' in 'where clause'
SELECT count(distinct CONCAT(goods_commonid)) AS nc_count FROM `zmkj_goods` WHERE ( gc_id_ = '1581' ) AND ( goods_state = '1' ) AND ( goods_verify = '1' ) LIMIT 1  
[2018-08-27 07:37:43] /shop/index.php?act=search&op=index&cate_id=1581&gift=1&key=0&order=0 ( act=search&op=index ) 
ERR: Db Error: Unknown column 'gc_id_' in 'where clause'
SELECT count(distinct CONCAT(goods_commonid)) AS nc_count FROM `zmkj_goods` WHERE ( gc_id_ = '1581' ) AND ( have_gift = '1' ) AND ( goods_state = '1' ) AND ( goods_verify = '1' ) LIMIT 1  
[2018-08-27 07:40:27] /shop/index.php?act=goods&op=comments_list&goods_id=105866 ( act=goods&op=comments_list ) 
ERR: Db Error: Unknown column 'geval_image_again' in 'where clause'
SELECT COUNT(*) AS nc_count FROM `zmkj_evaluate_goods` WHERE ( geval_goodsid = '105866' ) AND ( (geval_image <> '') OR (geval_image_again <> '') ) LIMIT 1  
[2018-08-27 08:17:01] /shop/index.php?act=goods&op=comments_list&goods_id=104910&type=2 ( act=goods&op=comments_list ) 
ERR: Db Error: Unknown column 'geval_image_again' in 'where clause'
SELECT COUNT(*) AS nc_count FROM `zmkj_evaluate_goods` WHERE ( geval_goodsid = '104910' ) AND ( (geval_image <> '') OR (geval_image_again <> '') ) LIMIT 1  
[2018-08-27 09:02:49] /shop/index.php?act=search&op=index&cate_id=1581&gift=1&key=2&order=2 ( act=search&op=index ) 
ERR: Db Error: Unknown column 'gc_id_' in 'where clause'
SELECT count(distinct CONCAT(goods_commonid)) AS nc_count FROM `zmkj_goods` WHERE ( gc_id_ = '1581' ) AND ( have_gift = '1' ) AND ( goods_state = '1' ) AND ( goods_verify = '1' ) LIMIT 1  
[2018-08-27 09:37:55] /shop/index.php?act=search&op=index&cate_id=1581&gift=1&key=3&order=2&type=1 ( act=search&op=index ) 
ERR: Db Error: Unknown column 'gc_id_' in 'where clause'
SELECT count(distinct CONCAT(goods_commonid)) AS nc_count FROM `zmkj_goods` WHERE ( gc_id_ = '1581' ) AND ( is_own_shop = '1' ) AND ( have_gift = '1' ) AND ( goods_state = '1' ) AND ( goods_verify = '1' ) LIMIT 1  
[2018-08-27 18:19:58] /admin/index.php?act=goods_orm&op=edit&id=511 ( act=goods_orm&op=edit ) 
ERR: Db Error: Unknown column 'goods_id' in 'field list'
select goods_id from zmkj_goods_orm where productId='d9faef3e-1322-4922-9135-1666770aeee5 and id !=511'
