[2018-10-18 05:38:46] /shop/index.php?act=goods&op=comments_list&goods_id=105839 ( act=goods&op=comments_list ) 
ERR: Db Error: Unknown column 'geval_image_again' in 'where clause'
SELECT COUNT(*) AS nc_count FROM `zmkj_evaluate_goods` WHERE ( geval_goodsid = '105839' ) AND ( (geval_image <> '') OR (geval_image_again <> '') ) LIMIT 1  
[2018-10-18 05:46:24] /shop/index.php?act=goods&op=comments_list&goods_id=102980 ( act=goods&op=comments_list ) 
ERR: Db Error: Unknown column 'geval_image_again' in 'where clause'
SELECT COUNT(*) AS nc_count FROM `zmkj_evaluate_goods` WHERE ( geval_goodsid = '102980' ) AND ( (geval_image <> '') OR (geval_image_again <> '') ) LIMIT 1  
[2018-10-18 05:48:47] /shop/index.php?act=search&op=index&cate_id=1580 ( act=search&op=index ) 
ERR: Db Error: Unknown column 'gc_id_' in 'where clause'
SELECT count(distinct CONCAT(goods_commonid)) AS nc_count FROM `zmkj_goods` WHERE ( gc_id_ = '1580' ) AND ( goods_state = '1' ) AND ( goods_verify = '1' ) LIMIT 1  
[2018-10-18 06:21:53] /shop/index.php?act=goods&op=comments_list&goods_id=103334 ( act=goods&op=comments_list ) 
ERR: Db Error: Unknown column 'geval_image_again' in 'where clause'
SELECT COUNT(*) AS nc_count FROM `zmkj_evaluate_goods` WHERE ( geval_goodsid = '103334' ) AND ( (geval_image <> '') OR (geval_image_again <> '') ) LIMIT 1  
[2018-10-18 07:52:40] /shop/index.php?act=goods&op=comments_list&goods_id=102886 ( act=goods&op=comments_list ) 
ERR: Db Error: Unknown column 'geval_image_again' in 'where clause'
SELECT COUNT(*) AS nc_count FROM `zmkj_evaluate_goods` WHERE ( geval_goodsid = '102886' ) AND ( (geval_image <> '') OR (geval_image_again <> '') ) LIMIT 1  
[2018-10-18 08:43:10] /shop/index.php?act=goods&op=comments_list&goods_id=102894 ( act=goods&op=comments_list ) 
ERR: Db Error: Unknown column 'geval_image_again' in 'where clause'
SELECT COUNT(*) AS nc_count FROM `zmkj_evaluate_goods` WHERE ( geval_goodsid = '102894' ) AND ( (geval_image <> '') OR (geval_image_again <> '') ) LIMIT 1  
[2018-10-18 12:00:07] /shop/index.php?act=goods&op=comments_list&goods_id=103272 ( act=goods&op=comments_list ) 
ERR: Db Error: Unknown column 'geval_image_again' in 'where clause'
SELECT COUNT(*) AS nc_count FROM `zmkj_evaluate_goods` WHERE ( geval_goodsid = '103272' ) AND ( (geval_image <> '') OR (geval_image_again <> '') ) LIMIT 1  
[2018-10-18 14:31:36] /shop/index.php?act=goods&op=comments_list&goods_id=102970 ( act=goods&op=comments_list ) 
ERR: Db Error: Unknown column 'geval_image_again' in 'where clause'
SELECT COUNT(*) AS nc_count FROM `zmkj_evaluate_goods` WHERE ( geval_goodsid = '102970' ) AND ( (geval_image <> '') OR (geval_image_again <> '') ) LIMIT 1  
[2018-10-18 19:23:11] /shop/index.php?act=goods&op=comments_list&goods_id=101419 ( act=goods&op=comments_list ) 
ERR: Db Error: Unknown column 'geval_image_again' in 'where clause'
SELECT COUNT(*) AS nc_count FROM `zmkj_evaluate_goods` WHERE ( geval_goodsid = '101419' ) AND ( (geval_image <> '') OR (geval_image_again <> '') ) LIMIT 1  
[2018-10-18 20:20:03] /shop/index.php?act=goods&op=comments_list&goods_id=103751 ( act=goods&op=comments_list ) 
ERR: Db Error: Unknown column 'geval_image_again' in 'where clause'
SELECT COUNT(*) AS nc_count FROM `zmkj_evaluate_goods` WHERE ( geval_goodsid = '103751' ) AND ( (geval_image <> '') OR (geval_image_again <> '') ) LIMIT 1  
[2018-10-18 21:00:27] /shop/index.php?act=goods&op=comments_list&goods_id=103337 ( act=goods&op=comments_list ) 
ERR: Db Error: Unknown column 'geval_image_again' in 'where clause'
SELECT COUNT(*) AS nc_count FROM `zmkj_evaluate_goods` WHERE ( geval_goodsid = '103337' ) AND ( (geval_image <> '') OR (geval_image_again <> '') ) LIMIT 1  
[2018-10-18 23:01:39] /shop/index.php?act=goods&op=comments_list&goods_id=102898 ( act=goods&op=comments_list ) 
ERR: Db Error: Unknown column 'geval_image_again' in 'where clause'
SELECT COUNT(*) AS nc_count FROM `zmkj_evaluate_goods` WHERE ( geval_goodsid = '102898' ) AND ( (geval_image <> '') OR (geval_image_again <> '') ) LIMIT 1  
