[2018-09-22 00:23:23] /shop/index.php?act=search&op=index&cate_id=2193 ( act=search&op=index ) 
ERR: Db Error: Unknown column 'gc_id_' in 'where clause'
SELECT count(distinct CONCAT(goods_commonid)) AS nc_count FROM `zmkj_goods` WHERE ( gc_id_ = '2193' ) AND ( goods_state = '1' ) AND ( goods_verify = '1' ) LIMIT 1  
[2018-09-22 01:15:09] /shop/index.php?act=goods&op=comments_list&goods_id=105927 ( act=goods&op=comments_list ) 
ERR: Db Error: Unknown column 'geval_image_again' in 'where clause'
SELECT COUNT(*) AS nc_count FROM `zmkj_evaluate_goods` WHERE ( geval_goodsid = '105927' ) AND ( (geval_image <> '') OR (geval_image_again <> '') ) LIMIT 1  
[2018-09-22 02:58:59] /shop/index.php?act=goods&op=comments_list&goods_id=104263&type=1 ( act=goods&op=comments_list ) 
ERR: Db Error: Unknown column 'geval_image_again' in 'where clause'
SELECT COUNT(*) AS nc_count FROM `zmkj_evaluate_goods` WHERE ( geval_goodsid = '104263' ) AND ( (geval_image <> '') OR (geval_image_again <> '') ) LIMIT 1  
[2018-09-22 03:00:49] /shop/index.php?act=goods&op=comments_list&goods_id=104271&type=3 ( act=goods&op=comments_list ) 
ERR: Db Error: Unknown column 'geval_image_again' in 'where clause'
SELECT COUNT(*) AS nc_count FROM `zmkj_evaluate_goods` WHERE ( geval_goodsid = '104271' ) AND ( (geval_image <> '') OR (geval_image_again <> '') ) LIMIT 1  
[2018-09-22 03:02:39] /shop/index.php?act=goods&op=comments_list&goods_id=103800&type=2 ( act=goods&op=comments_list ) 
ERR: Db Error: Unknown column 'geval_image_again' in 'where clause'
SELECT COUNT(*) AS nc_count FROM `zmkj_evaluate_goods` WHERE ( geval_goodsid = '103800' ) AND ( (geval_image <> '') OR (geval_image_again <> '') ) LIMIT 1  
[2018-09-22 03:08:24] /shop/index.php?act=goods&op=comments_list&goods_id=104260&type=3 ( act=goods&op=comments_list ) 
ERR: Db Error: Unknown column 'geval_image_again' in 'where clause'
SELECT COUNT(*) AS nc_count FROM `zmkj_evaluate_goods` WHERE ( geval_goodsid = '104260' ) AND ( (geval_image <> '') OR (geval_image_again <> '') ) LIMIT 1  
[2018-09-22 03:37:06] /shop/index.php?act=goods&op=comments_list&goods_id=100659&type=2 ( act=goods&op=comments_list ) 
ERR: Db Error: Unknown column 'geval_image_again' in 'where clause'
SELECT COUNT(*) AS nc_count FROM `zmkj_evaluate_goods` WHERE ( geval_goodsid = '100659' ) AND ( (geval_image <> '') OR (geval_image_again <> '') ) LIMIT 1  
[2018-09-22 03:41:49] /shop/index.php?act=goods&op=comments_list&goods_id=101419 ( act=goods&op=comments_list ) 
ERR: Db Error: Unknown column 'geval_image_again' in 'where clause'
SELECT COUNT(*) AS nc_count FROM `zmkj_evaluate_goods` WHERE ( geval_goodsid = '101419' ) AND ( (geval_image <> '') OR (geval_image_again <> '') ) LIMIT 1  
[2018-09-22 03:46:39] /shop/index.php?act=goods&op=comments_list&goods_id=100679&type=2 ( act=goods&op=comments_list ) 
ERR: Db Error: Unknown column 'geval_image_again' in 'where clause'
SELECT COUNT(*) AS nc_count FROM `zmkj_evaluate_goods` WHERE ( geval_goodsid = '100679' ) AND ( (geval_image <> '') OR (geval_image_again <> '') ) LIMIT 1  
[2018-09-22 03:51:35] /shop/index.php?act=goods&op=comments_list&goods_id=105944&type=3 ( act=goods&op=comments_list ) 
ERR: Db Error: Unknown column 'geval_image_again' in 'where clause'
SELECT COUNT(*) AS nc_count FROM `zmkj_evaluate_goods` WHERE ( geval_goodsid = '105944' ) AND ( (geval_image <> '') OR (geval_image_again <> '') ) LIMIT 1  
[2018-09-22 04:12:03] /shop/index.php?act=goods&op=comments_list&goods_id=103046&type=2 ( act=goods&op=comments_list ) 
ERR: Db Error: Unknown column 'geval_image_again' in 'where clause'
SELECT COUNT(*) AS nc_count FROM `zmkj_evaluate_goods` WHERE ( geval_goodsid = '103046' ) AND ( (geval_image <> '') OR (geval_image_again <> '') ) LIMIT 1  
[2018-09-22 04:25:17] /shop/index.php?act=goods&op=comments_list&goods_id=106052 ( act=goods&op=comments_list ) 
ERR: Db Error: Unknown column 'geval_image_again' in 'where clause'
SELECT COUNT(*) AS nc_count FROM `zmkj_evaluate_goods` WHERE ( geval_goodsid = '106052' ) AND ( (geval_image <> '') OR (geval_image_again <> '') ) LIMIT 1  
[2018-09-22 04:31:18] /shop/index.php?act=goods&op=comments_list&goods_id=106024&type=3 ( act=goods&op=comments_list ) 
ERR: Db Error: Unknown column 'geval_image_again' in 'where clause'
SELECT COUNT(*) AS nc_count FROM `zmkj_evaluate_goods` WHERE ( geval_goodsid = '106024' ) AND ( (geval_image <> '') OR (geval_image_again <> '') ) LIMIT 1  
[2018-09-22 04:37:25] /shop/index.php?act=goods&op=comments_list&goods_id=105769&type=2 ( act=goods&op=comments_list ) 
ERR: Db Error: Unknown column 'geval_image_again' in 'where clause'
SELECT COUNT(*) AS nc_count FROM `zmkj_evaluate_goods` WHERE ( geval_goodsid = '105769' ) AND ( (geval_image <> '') OR (geval_image_again <> '') ) LIMIT 1  
[2018-09-22 05:01:00] /shop/index.php?act=goods&op=comments_list&goods_id=104636&type=3 ( act=goods&op=comments_list ) 
ERR: Db Error: Unknown column 'geval_image_again' in 'where clause'
SELECT COUNT(*) AS nc_count FROM `zmkj_evaluate_goods` WHERE ( geval_goodsid = '104636' ) AND ( (geval_image <> '') OR (geval_image_again <> '') ) LIMIT 1  
[2018-09-22 05:03:17] /shop/index.php?act=goods&op=comments_list&goods_id=103217&type=1 ( act=goods&op=comments_list ) 
ERR: Db Error: Unknown column 'geval_image_again' in 'where clause'
SELECT COUNT(*) AS nc_count FROM `zmkj_evaluate_goods` WHERE ( geval_goodsid = '103217' ) AND ( (geval_image <> '') OR (geval_image_again <> '') ) LIMIT 1  
[2018-09-22 05:23:36] /shop/index.php?act=goods&op=comments_list&goods_id=104572&type=1 ( act=goods&op=comments_list ) 
ERR: Db Error: Unknown column 'geval_image_again' in 'where clause'
SELECT COUNT(*) AS nc_count FROM `zmkj_evaluate_goods` WHERE ( geval_goodsid = '104572' ) AND ( (geval_image <> '') OR (geval_image_again <> '') ) LIMIT 1  
[2018-09-22 05:23:39] /shop/index.php?act=goods&op=comments_list&goods_id=100659&type=1 ( act=goods&op=comments_list ) 
ERR: Db Error: Unknown column 'geval_image_again' in 'where clause'
SELECT COUNT(*) AS nc_count FROM `zmkj_evaluate_goods` WHERE ( geval_goodsid = '100659' ) AND ( (geval_image <> '') OR (geval_image_again <> '') ) LIMIT 1  
[2018-09-22 05:26:17] /shop/index.php?act=goods&op=comments_list&goods_id=104279 ( act=goods&op=comments_list ) 
ERR: Db Error: Unknown column 'geval_image_again' in 'where clause'
SELECT COUNT(*) AS nc_count FROM `zmkj_evaluate_goods` WHERE ( geval_goodsid = '104279' ) AND ( (geval_image <> '') OR (geval_image_again <> '') ) LIMIT 1  
[2018-09-22 05:28:04] /shop/index.php?act=goods&op=comments_list&goods_id=104271 ( act=goods&op=comments_list ) 
ERR: Db Error: Unknown column 'geval_image_again' in 'where clause'
SELECT COUNT(*) AS nc_count FROM `zmkj_evaluate_goods` WHERE ( geval_goodsid = '104271' ) AND ( (geval_image <> '') OR (geval_image_again <> '') ) LIMIT 1  
[2018-09-22 05:37:45] /shop/index.php?act=goods&op=comments_list&goods_id=100703&type=2 ( act=goods&op=comments_list ) 
ERR: Db Error: Unknown column 'geval_image_again' in 'where clause'
SELECT COUNT(*) AS nc_count FROM `zmkj_evaluate_goods` WHERE ( geval_goodsid = '100703' ) AND ( (geval_image <> '') OR (geval_image_again <> '') ) LIMIT 1  
[2018-09-22 06:10:08] /shop/index.php?act=goods&op=comments_list&goods_id=106053 ( act=goods&op=comments_list ) 
ERR: Db Error: Unknown column 'geval_image_again' in 'where clause'
SELECT COUNT(*) AS nc_count FROM `zmkj_evaluate_goods` WHERE ( geval_goodsid = '106053' ) AND ( (geval_image <> '') OR (geval_image_again <> '') ) LIMIT 1  
[2018-09-22 06:11:27] /shop/index.php?act=goods&op=comments_list&goods_id=104020 ( act=goods&op=comments_list ) 
ERR: Db Error: Unknown column 'geval_image_again' in 'where clause'
SELECT COUNT(*) AS nc_count FROM `zmkj_evaluate_goods` WHERE ( geval_goodsid = '104020' ) AND ( (geval_image <> '') OR (geval_image_again <> '') ) LIMIT 1  
[2018-09-22 06:32:19] /shop/index.php?act=goods&op=comments_list&goods_id=103455&type=1 ( act=goods&op=comments_list ) 
ERR: Db Error: Unknown column 'geval_image_again' in 'where clause'
SELECT COUNT(*) AS nc_count FROM `zmkj_evaluate_goods` WHERE ( geval_goodsid = '103455' ) AND ( (geval_image <> '') OR (geval_image_again <> '') ) LIMIT 1  
[2018-09-22 06:35:56] /shop/index.php?act=goods&op=comments_list&goods_id=105906&type=1 ( act=goods&op=comments_list ) 
ERR: Db Error: Unknown column 'geval_image_again' in 'where clause'
SELECT COUNT(*) AS nc_count FROM `zmkj_evaluate_goods` WHERE ( geval_goodsid = '105906' ) AND ( (geval_image <> '') OR (geval_image_again <> '') ) LIMIT 1  
[2018-09-22 06:51:44] /shop/index.php?act=goods&op=comments_list&goods_id=102843&type=1 ( act=goods&op=comments_list ) 
ERR: Db Error: Unknown column 'geval_image_again' in 'where clause'
SELECT COUNT(*) AS nc_count FROM `zmkj_evaluate_goods` WHERE ( geval_goodsid = '102843' ) AND ( (geval_image <> '') OR (geval_image_again <> '') ) LIMIT 1  
[2018-09-22 06:58:28] /shop/index.php?act=goods&op=comments_list&goods_id=106059 ( act=goods&op=comments_list ) 
ERR: Db Error: Unknown column 'geval_image_again' in 'where clause'
SELECT COUNT(*) AS nc_count FROM `zmkj_evaluate_goods` WHERE ( geval_goodsid = '106059' ) AND ( (geval_image <> '') OR (geval_image_again <> '') ) LIMIT 1  
[2018-09-22 07:13:43] /shop/index.php?act=goods&op=comments_list&goods_id=103992 ( act=goods&op=comments_list ) 
ERR: Db Error: Unknown column 'geval_image_again' in 'where clause'
SELECT COUNT(*) AS nc_count FROM `zmkj_evaluate_goods` WHERE ( geval_goodsid = '103992' ) AND ( (geval_image <> '') OR (geval_image_again <> '') ) LIMIT 1  
[2018-09-22 07:15:26] /shop/index.php?act=goods&op=comments_list&goods_id=105969&type=1 ( act=goods&op=comments_list ) 
ERR: Db Error: Unknown column 'geval_image_again' in 'where clause'
SELECT COUNT(*) AS nc_count FROM `zmkj_evaluate_goods` WHERE ( geval_goodsid = '105969' ) AND ( (geval_image <> '') OR (geval_image_again <> '') ) LIMIT 1  
[2018-09-22 07:18:18] /shop/index.php?act=goods&op=comments_list&goods_id=104779&type=1 ( act=goods&op=comments_list ) 
ERR: Db Error: Unknown column 'geval_image_again' in 'where clause'
SELECT COUNT(*) AS nc_count FROM `zmkj_evaluate_goods` WHERE ( geval_goodsid = '104779' ) AND ( (geval_image <> '') OR (geval_image_again <> '') ) LIMIT 1  
[2018-09-22 07:47:01] /shop/index.php?act=goods&op=comments_list&goods_id=104657&type=3 ( act=goods&op=comments_list ) 
ERR: Db Error: Unknown column 'geval_image_again' in 'where clause'
SELECT COUNT(*) AS nc_count FROM `zmkj_evaluate_goods` WHERE ( geval_goodsid = '104657' ) AND ( (geval_image <> '') OR (geval_image_again <> '') ) LIMIT 1  
[2018-09-22 07:53:45] /shop/index.php?act=goods&op=comments_list&goods_id=104255&type=1 ( act=goods&op=comments_list ) 
ERR: Db Error: Unknown column 'geval_image_again' in 'where clause'
SELECT COUNT(*) AS nc_count FROM `zmkj_evaluate_goods` WHERE ( geval_goodsid = '104255' ) AND ( (geval_image <> '') OR (geval_image_again <> '') ) LIMIT 1  
[2018-09-22 07:56:45] /shop/index.php?act=goods&op=comments_list&goods_id=104080&type=1 ( act=goods&op=comments_list ) 
ERR: Db Error: Unknown column 'geval_image_again' in 'where clause'
SELECT COUNT(*) AS nc_count FROM `zmkj_evaluate_goods` WHERE ( geval_goodsid = '104080' ) AND ( (geval_image <> '') OR (geval_image_again <> '') ) LIMIT 1  
[2018-09-22 08:12:12] /shop/index.php?act=goods&op=comments_list&goods_id=104260 ( act=goods&op=comments_list ) 
ERR: Db Error: Unknown column 'geval_image_again' in 'where clause'
SELECT COUNT(*) AS nc_count FROM `zmkj_evaluate_goods` WHERE ( geval_goodsid = '104260' ) AND ( (geval_image <> '') OR (geval_image_again <> '') ) LIMIT 1  
[2018-09-22 08:14:38] /shop/index.php?act=goods&op=comments_list&goods_id=100698&type=2 ( act=goods&op=comments_list ) 
ERR: Db Error: Unknown column 'geval_image_again' in 'where clause'
SELECT COUNT(*) AS nc_count FROM `zmkj_evaluate_goods` WHERE ( geval_goodsid = '100698' ) AND ( (geval_image <> '') OR (geval_image_again <> '') ) LIMIT 1  
[2018-09-22 08:27:12] /shop/index.php?act=search&op=index&cate_id=2185&type=1 ( act=search&op=index ) 
ERR: Db Error: Unknown column 'gc_id_' in 'where clause'
SELECT count(distinct CONCAT(goods_commonid)) AS nc_count FROM `zmkj_goods` WHERE ( gc_id_ = '2185' ) AND ( is_own_shop = '1' ) AND ( goods_state = '1' ) AND ( goods_verify = '1' ) LIMIT 1  
[2018-09-22 08:33:23] /shop/index.php?act=goods&op=comments_list&goods_id=104586&type=2 ( act=goods&op=comments_list ) 
ERR: Db Error: Unknown column 'geval_image_again' in 'where clause'
SELECT COUNT(*) AS nc_count FROM `zmkj_evaluate_goods` WHERE ( geval_goodsid = '104586' ) AND ( (geval_image <> '') OR (geval_image_again <> '') ) LIMIT 1  
[2018-09-22 08:38:40] /shop/index.php?act=goods&op=comments_list&goods_id=102835&type=3 ( act=goods&op=comments_list ) 
ERR: Db Error: Unknown column 'geval_image_again' in 'where clause'
SELECT COUNT(*) AS nc_count FROM `zmkj_evaluate_goods` WHERE ( geval_goodsid = '102835' ) AND ( (geval_image <> '') OR (geval_image_again <> '') ) LIMIT 1  
[2018-09-22 09:21:51] /shop/index.php?act=goods&op=comments_list&goods_id=104365 ( act=goods&op=comments_list ) 
ERR: Db Error: Unknown column 'geval_image_again' in 'where clause'
SELECT COUNT(*) AS nc_count FROM `zmkj_evaluate_goods` WHERE ( geval_goodsid = '104365' ) AND ( (geval_image <> '') OR (geval_image_again <> '') ) LIMIT 1  
[2018-09-22 09:39:53] /shop/index.php?act=goods&op=comments_list&goods_id=103983 ( act=goods&op=comments_list ) 
ERR: Db Error: Unknown column 'geval_image_again' in 'where clause'
SELECT COUNT(*) AS nc_count FROM `zmkj_evaluate_goods` WHERE ( geval_goodsid = '103983' ) AND ( (geval_image <> '') OR (geval_image_again <> '') ) LIMIT 1  
[2018-09-22 09:59:05] /shop/index.php?act=goods&op=comments_list&goods_id=104355 ( act=goods&op=comments_list ) 
ERR: Db Error: Unknown column 'geval_image_again' in 'where clause'
SELECT COUNT(*) AS nc_count FROM `zmkj_evaluate_goods` WHERE ( geval_goodsid = '104355' ) AND ( (geval_image <> '') OR (geval_image_again <> '') ) LIMIT 1  
[2018-09-22 10:03:16] /shop/index.php?act=goods&op=comments_list&goods_id=104276 ( act=goods&op=comments_list ) 
ERR: Db Error: Unknown column 'geval_image_again' in 'where clause'
SELECT COUNT(*) AS nc_count FROM `zmkj_evaluate_goods` WHERE ( geval_goodsid = '104276' ) AND ( (geval_image <> '') OR (geval_image_again <> '') ) LIMIT 1  
[2018-09-22 10:07:12] /shop/index.php?act=goods&op=comments_list&goods_id=106019&type=2 ( act=goods&op=comments_list ) 
ERR: Db Error: Unknown column 'geval_image_again' in 'where clause'
SELECT COUNT(*) AS nc_count FROM `zmkj_evaluate_goods` WHERE ( geval_goodsid = '106019' ) AND ( (geval_image <> '') OR (geval_image_again <> '') ) LIMIT 1  
[2018-09-22 10:13:45] /shop/index.php?act=goods&op=comments_list&goods_id=105974&type=3 ( act=goods&op=comments_list ) 
ERR: Db Error: Unknown column 'geval_image_again' in 'where clause'
SELECT COUNT(*) AS nc_count FROM `zmkj_evaluate_goods` WHERE ( geval_goodsid = '105974' ) AND ( (geval_image <> '') OR (geval_image_again <> '') ) LIMIT 1  
[2018-09-22 10:21:47] /shop/index.php?act=goods&op=comments_list&goods_id=104292 ( act=goods&op=comments_list ) 
ERR: Db Error: Unknown column 'geval_image_again' in 'where clause'
SELECT COUNT(*) AS nc_count FROM `zmkj_evaluate_goods` WHERE ( geval_goodsid = '104292' ) AND ( (geval_image <> '') OR (geval_image_again <> '') ) LIMIT 1  
[2018-09-22 10:29:47] /shop/index.php?act=goods&op=comments_list&goods_id=103825&type=1 ( act=goods&op=comments_list ) 
ERR: Db Error: Unknown column 'geval_image_again' in 'where clause'
SELECT COUNT(*) AS nc_count FROM `zmkj_evaluate_goods` WHERE ( geval_goodsid = '103825' ) AND ( (geval_image <> '') OR (geval_image_again <> '') ) LIMIT 1  
[2018-09-22 10:39:16] /shop/index.php?act=goods&op=comments_list&goods_id=104360 ( act=goods&op=comments_list ) 
ERR: Db Error: Unknown column 'geval_image_again' in 'where clause'
SELECT COUNT(*) AS nc_count FROM `zmkj_evaluate_goods` WHERE ( geval_goodsid = '104360' ) AND ( (geval_image <> '') OR (geval_image_again <> '') ) LIMIT 1  
[2018-09-22 10:40:41] /shop/index.php?act=goods&op=comments_list&goods_id=104377&type=1 ( act=goods&op=comments_list ) 
ERR: Db Error: Unknown column 'geval_image_again' in 'where clause'
SELECT COUNT(*) AS nc_count FROM `zmkj_evaluate_goods` WHERE ( geval_goodsid = '104377' ) AND ( (geval_image <> '') OR (geval_image_again <> '') ) LIMIT 1  
[2018-09-22 10:45:36] /shop/index.php?act=goods&op=comments_list&goods_id=103871 ( act=goods&op=comments_list ) 
ERR: Db Error: Unknown column 'geval_image_again' in 'where clause'
SELECT COUNT(*) AS nc_count FROM `zmkj_evaluate_goods` WHERE ( geval_goodsid = '103871' ) AND ( (geval_image <> '') OR (geval_image_again <> '') ) LIMIT 1  
[2018-09-22 10:47:53] /shop/index.php?act=goods&op=comments_list&goods_id=104385 ( act=goods&op=comments_list ) 
ERR: Db Error: Unknown column 'geval_image_again' in 'where clause'
SELECT COUNT(*) AS nc_count FROM `zmkj_evaluate_goods` WHERE ( geval_goodsid = '104385' ) AND ( (geval_image <> '') OR (geval_image_again <> '') ) LIMIT 1  
[2018-09-22 10:49:33] /shop/index.php?act=goods&op=comments_list&goods_id=104021 ( act=goods&op=comments_list ) 
ERR: Db Error: Unknown column 'geval_image_again' in 'where clause'
SELECT COUNT(*) AS nc_count FROM `zmkj_evaluate_goods` WHERE ( geval_goodsid = '104021' ) AND ( (geval_image <> '') OR (geval_image_again <> '') ) LIMIT 1  
[2018-09-22 11:28:04] /shop/index.php?act=goods&op=comments_list&goods_id=104370 ( act=goods&op=comments_list ) 
ERR: Db Error: Unknown column 'geval_image_again' in 'where clause'
SELECT COUNT(*) AS nc_count FROM `zmkj_evaluate_goods` WHERE ( geval_goodsid = '104370' ) AND ( (geval_image <> '') OR (geval_image_again <> '') ) LIMIT 1  
[2018-09-22 12:22:41] /shop/index.php?act=search&op=index&cate_id=2166 ( act=search&op=index ) 
ERR: Db Error: Unknown column 'gc_id_' in 'where clause'
SELECT count(distinct CONCAT(goods_commonid)) AS nc_count FROM `zmkj_goods` WHERE ( gc_id_ = '2166' ) AND ( goods_state = '1' ) AND ( goods_verify = '1' ) LIMIT 1  
[2018-09-22 12:31:19] /shop/index.php?act=goods&op=comments_list&goods_id=103014&type=3 ( act=goods&op=comments_list ) 
ERR: Db Error: Unknown column 'geval_image_again' in 'where clause'
SELECT COUNT(*) AS nc_count FROM `zmkj_evaluate_goods` WHERE ( geval_goodsid = '103014' ) AND ( (geval_image <> '') OR (geval_image_again <> '') ) LIMIT 1  
[2018-09-22 12:34:11] /shop/index.php?act=goods&op=comments_list&goods_id=103014&type=2 ( act=goods&op=comments_list ) 
ERR: Db Error: Unknown column 'geval_image_again' in 'where clause'
SELECT COUNT(*) AS nc_count FROM `zmkj_evaluate_goods` WHERE ( geval_goodsid = '103014' ) AND ( (geval_image <> '') OR (geval_image_again <> '') ) LIMIT 1  
[2018-09-22 13:31:22] /shop/index.php?act=goods&op=comments_list&goods_id=105942 ( act=goods&op=comments_list ) 
ERR: Db Error: Unknown column 'geval_image_again' in 'where clause'
SELECT COUNT(*) AS nc_count FROM `zmkj_evaluate_goods` WHERE ( geval_goodsid = '105942' ) AND ( (geval_image <> '') OR (geval_image_again <> '') ) LIMIT 1  
[2018-09-22 13:31:36] /shop/index.php?act=goods&op=comments_list&goods_id=103014&type=1 ( act=goods&op=comments_list ) 
ERR: Db Error: Unknown column 'geval_image_again' in 'where clause'
SELECT COUNT(*) AS nc_count FROM `zmkj_evaluate_goods` WHERE ( geval_goodsid = '103014' ) AND ( (geval_image <> '') OR (geval_image_again <> '') ) LIMIT 1  
[2018-09-22 13:43:01] /shop/index.php?act=goods&op=comments_list&goods_id=105840 ( act=goods&op=comments_list ) 
ERR: Db Error: Unknown column 'geval_image_again' in 'where clause'
SELECT COUNT(*) AS nc_count FROM `zmkj_evaluate_goods` WHERE ( geval_goodsid = '105840' ) AND ( (geval_image <> '') OR (geval_image_again <> '') ) LIMIT 1  
[2018-09-22 15:49:25] /shop/index.php?act=goods&op=comments_list&goods_id=104463 ( act=goods&op=comments_list ) 
ERR: Db Error: Unknown column 'geval_image_again' in 'where clause'
SELECT COUNT(*) AS nc_count FROM `zmkj_evaluate_goods` WHERE ( geval_goodsid = '104463' ) AND ( (geval_image <> '') OR (geval_image_again <> '') ) LIMIT 1  
[2018-09-22 18:35:56] /shop/index.php?act=goods&op=comments_list&goods_id=104574&type=3 ( act=goods&op=comments_list ) 
ERR: Db Error: Unknown column 'geval_image_again' in 'where clause'
SELECT COUNT(*) AS nc_count FROM `zmkj_evaluate_goods` WHERE ( geval_goodsid = '104574' ) AND ( (geval_image <> '') OR (geval_image_again <> '') ) LIMIT 1  
[2018-09-22 18:59:47] /shop/index.php?act=search&op=index&cate_id=1588&area_id=30&key=1&order=2&type=0 ( act=search&op=index ) 
ERR: Db Error: Unknown column 'gc_id_' in 'where clause'
SELECT count(distinct CONCAT(goods_commonid)) AS nc_count FROM `zmkj_goods` WHERE ( gc_id_ = '1588' ) AND ( areaid_1 = '30' ) AND ( goods_state = '1' ) AND ( goods_verify = '1' ) LIMIT 1  
[2018-09-22 19:33:20] /shop/index.php?act=goods&op=comments_list&goods_id=103567&type=3 ( act=goods&op=comments_list ) 
ERR: Db Error: Unknown column 'geval_image_again' in 'where clause'
SELECT COUNT(*) AS nc_count FROM `zmkj_evaluate_goods` WHERE ( geval_goodsid = '103567' ) AND ( (geval_image <> '') OR (geval_image_again <> '') ) LIMIT 1  
[2018-09-22 19:50:32] /shop/index.php?act=goods&op=comments_list&goods_id=104006&type=3 ( act=goods&op=comments_list ) 
ERR: Db Error: Unknown column 'geval_image_again' in 'where clause'
SELECT COUNT(*) AS nc_count FROM `zmkj_evaluate_goods` WHERE ( geval_goodsid = '104006' ) AND ( (geval_image <> '') OR (geval_image_again <> '') ) LIMIT 1  
[2018-09-22 19:59:42] /shop/index.php?act=search&op=index&cate_id=2155 ( act=search&op=index ) 
ERR: Db Error: Unknown column 'gc_id_' in 'where clause'
SELECT count(distinct CONCAT(goods_commonid)) AS nc_count FROM `zmkj_goods` WHERE ( gc_id_ = '2155' ) AND ( goods_state = '1' ) AND ( goods_verify = '1' ) LIMIT 1  
[2018-09-22 22:13:29] /shop/index.php?act=search&op=index&cate_id=1581&area_id=0 ( act=search&op=index ) 
ERR: Db Error: Unknown column 'gc_id_' in 'where clause'
SELECT count(distinct CONCAT(goods_commonid)) AS nc_count FROM `zmkj_goods` WHERE ( gc_id_ = '1581' ) AND ( goods_state = '1' ) AND ( goods_verify = '1' ) LIMIT 1  
