[2018-07-25 04:10:33] /shop/index.php?act=goods&op=comments_list&goods_id=104060 ( act=goods&op=comments_list ) 
ERR: Db Error: Unknown column 'geval_image_again' in 'where clause'
SELECT COUNT(*) AS nc_count FROM `zmkj_evaluate_goods` WHERE ( geval_goodsid = '104060' ) AND ( (geval_image <> '') OR (geval_image_again <> '') ) LIMIT 1  
[2018-07-25 05:04:25] /shop/index.php?act=search&op=index&cate_id=1696 ( act=search&op=index ) 
ERR: Db Error: Unknown column 'gc_id_' in 'where clause'
SELECT count(distinct CONCAT(goods_commonid)) AS nc_count FROM `zmkj_goods` WHERE ( gc_id_ = '1696' ) AND ( goods_state = '1' ) AND ( goods_verify = '1' ) LIMIT 1  
[2018-07-25 05:04:26] /shop/index.php?act=search&op=index&cate_id=1600 ( act=search&op=index ) 
ERR: Db Error: Unknown column 'gc_id_' in 'where clause'
SELECT count(distinct CONCAT(goods_commonid)) AS nc_count FROM `zmkj_goods` WHERE ( gc_id_ = '1600' ) AND ( goods_state = '1' ) AND ( goods_verify = '1' ) LIMIT 1  
[2018-07-25 05:04:28] /shop/index.php?act=search&op=index&cate_id=1598 ( act=search&op=index ) 
ERR: Db Error: Unknown column 'gc_id_' in 'where clause'
SELECT count(distinct CONCAT(goods_commonid)) AS nc_count FROM `zmkj_goods` WHERE ( gc_id_ = '1598' ) AND ( goods_state = '1' ) AND ( goods_verify = '1' ) LIMIT 1  
[2018-07-25 05:04:30] /shop/index.php?act=search&op=index&cate_id=1594 ( act=search&op=index ) 
ERR: Db Error: Unknown column 'gc_id_' in 'where clause'
SELECT count(distinct CONCAT(goods_commonid)) AS nc_count FROM `zmkj_goods` WHERE ( gc_id_ = '1594' ) AND ( goods_state = '1' ) AND ( goods_verify = '1' ) LIMIT 1  
[2018-07-25 05:04:32] /shop/index.php?act=search&op=index&cate_id=1588 ( act=search&op=index ) 
ERR: Db Error: Unknown column 'gc_id_' in 'where clause'
SELECT count(distinct CONCAT(goods_commonid)) AS nc_count FROM `zmkj_goods` WHERE ( gc_id_ = '1588' ) AND ( goods_state = '1' ) AND ( goods_verify = '1' ) LIMIT 1  
[2018-07-25 05:04:34] /shop/index.php?act=search&op=index&cate_id=1583 ( act=search&op=index ) 
ERR: Db Error: Unknown column 'gc_id_' in 'where clause'
SELECT count(distinct CONCAT(goods_commonid)) AS nc_count FROM `zmkj_goods` WHERE ( gc_id_ = '1583' ) AND ( goods_state = '1' ) AND ( goods_verify = '1' ) LIMIT 1  
[2018-07-25 05:04:36] /shop/index.php?act=search&op=index&cate_id=1578 ( act=search&op=index ) 
ERR: Db Error: Unknown column 'gc_id_' in 'where clause'
SELECT count(distinct CONCAT(goods_commonid)) AS nc_count FROM `zmkj_goods` WHERE ( gc_id_ = '1578' ) AND ( goods_state = '1' ) AND ( goods_verify = '1' ) LIMIT 1  
[2018-07-25 05:04:38] /shop/index.php?act=search&op=index&cate_id=1574 ( act=search&op=index ) 
ERR: Db Error: Unknown column 'gc_id_' in 'where clause'
SELECT count(distinct CONCAT(goods_commonid)) AS nc_count FROM `zmkj_goods` WHERE ( gc_id_ = '1574' ) AND ( goods_state = '1' ) AND ( goods_verify = '1' ) LIMIT 1  
[2018-07-25 05:04:39] /shop/index.php?act=search&op=index&cate_id=1586 ( act=search&op=index ) 
ERR: Db Error: Unknown column 'gc_id_' in 'where clause'
SELECT count(distinct CONCAT(goods_commonid)) AS nc_count FROM `zmkj_goods` WHERE ( gc_id_ = '1586' ) AND ( goods_state = '1' ) AND ( goods_verify = '1' ) LIMIT 1  
[2018-07-25 05:04:40] /shop/index.php?act=search&op=index&cate_id=1573 ( act=search&op=index ) 
ERR: Db Error: Unknown column 'gc_id_' in 'where clause'
SELECT count(distinct CONCAT(goods_commonid)) AS nc_count FROM `zmkj_goods` WHERE ( gc_id_ = '1573' ) AND ( goods_state = '1' ) AND ( goods_verify = '1' ) LIMIT 1  
[2018-07-25 05:04:41] /shop/index.php?act=search&op=index&cate_id=1571 ( act=search&op=index ) 
ERR: Db Error: Unknown column 'gc_id_' in 'where clause'
SELECT count(distinct CONCAT(goods_commonid)) AS nc_count FROM `zmkj_goods` WHERE ( gc_id_ = '1571' ) AND ( goods_state = '1' ) AND ( goods_verify = '1' ) LIMIT 1  
[2018-07-25 05:04:41] /shop/index.php?act=search&op=index&cate_id=1568 ( act=search&op=index ) 
ERR: Db Error: Unknown column 'gc_id_' in 'where clause'
SELECT count(distinct CONCAT(goods_commonid)) AS nc_count FROM `zmkj_goods` WHERE ( gc_id_ = '1568' ) AND ( goods_state = '1' ) AND ( goods_verify = '1' ) LIMIT 1  
[2018-07-25 05:04:43] /shop/index.php?act=search&op=index&cate_id=1566 ( act=search&op=index ) 
ERR: Db Error: Unknown column 'gc_id_' in 'where clause'
SELECT count(distinct CONCAT(goods_commonid)) AS nc_count FROM `zmkj_goods` WHERE ( gc_id_ = '1566' ) AND ( goods_state = '1' ) AND ( goods_verify = '1' ) LIMIT 1  
[2018-07-25 05:05:02] /shop/index.php?act=search&op=index&cate_id=1575 ( act=search&op=index ) 
ERR: Db Error: Unknown column 'gc_id_' in 'where clause'
SELECT count(distinct CONCAT(goods_commonid)) AS nc_count FROM `zmkj_goods` WHERE ( gc_id_ = '1575' ) AND ( goods_state = '1' ) AND ( goods_verify = '1' ) LIMIT 1  
[2018-07-25 10:03:15] /shop/index.php?act=goods&op=comments_list&goods_id=102044&type=1 ( act=goods&op=comments_list ) 
ERR: Db Error: Unknown column 'geval_image_again' in 'where clause'
SELECT COUNT(*) AS nc_count FROM `zmkj_evaluate_goods` WHERE ( geval_goodsid = '102044' ) AND ( (geval_image <> '') OR (geval_image_again <> '') ) LIMIT 1  
[2018-07-25 11:00:58] /shop/index.php?act=goods&op=comments_list&goods_id=104060&type=3 ( act=goods&op=comments_list ) 
ERR: Db Error: Unknown column 'geval_image_again' in 'where clause'
SELECT COUNT(*) AS nc_count FROM `zmkj_evaluate_goods` WHERE ( geval_goodsid = '104060' ) AND ( (geval_image <> '') OR (geval_image_again <> '') ) LIMIT 1  
[2018-07-25 11:07:34] /admin/index.php?act=goods_orm&op=edit&id=315 ( act=goods_orm&op=edit ) 
ERR: Db Error: Unknown column 'goods_id' in 'field list'
select goods_id from zmkj_goods_orm where productId='2f3684f5-935b-4a75-83a7-7a1c9002f639 and id !=315'
[2018-07-25 14:40:29] /shop/index.php?act=goods&op=comments_list&goods_id=102987 ( act=goods&op=comments_list ) 
ERR: Db Error: Unknown column 'geval_image_again' in 'where clause'
SELECT COUNT(*) AS nc_count FROM `zmkj_evaluate_goods` WHERE ( geval_goodsid = '102987' ) AND ( (geval_image <> '') OR (geval_image_again <> '') ) LIMIT 1  
[2018-07-25 14:43:48] /shop/index.php?act=goods&op=comments_list&goods_id=102987&type=3 ( act=goods&op=comments_list ) 
ERR: Db Error: Unknown column 'geval_image_again' in 'where clause'
SELECT COUNT(*) AS nc_count FROM `zmkj_evaluate_goods` WHERE ( geval_goodsid = '102987' ) AND ( (geval_image <> '') OR (geval_image_again <> '') ) LIMIT 1  
[2018-07-25 14:44:02] /shop/index.php?act=goods&op=comments_list&goods_id=102987&type=1 ( act=goods&op=comments_list ) 
ERR: Db Error: Unknown column 'geval_image_again' in 'where clause'
SELECT COUNT(*) AS nc_count FROM `zmkj_evaluate_goods` WHERE ( geval_goodsid = '102987' ) AND ( (geval_image <> '') OR (geval_image_again <> '') ) LIMIT 1  
[2018-07-25 14:44:16] /shop/index.php?act=goods&op=comments_list&goods_id=102987&type=2 ( act=goods&op=comments_list ) 
ERR: Db Error: Unknown column 'geval_image_again' in 'where clause'
SELECT COUNT(*) AS nc_count FROM `zmkj_evaluate_goods` WHERE ( geval_goodsid = '102987' ) AND ( (geval_image <> '') OR (geval_image_again <> '') ) LIMIT 1  
[2018-07-25 15:07:55] /shop/index.php?act=search&op=index&cate_id=2175 ( act=search&op=index ) 
ERR: Db Error: Unknown column 'gc_id_' in 'where clause'
SELECT count(distinct CONCAT(goods_commonid)) AS nc_count FROM `zmkj_goods` WHERE ( gc_id_ = '2175' ) AND ( goods_state = '1' ) AND ( goods_verify = '1' ) LIMIT 1  
[2018-07-25 15:11:58] /shop/index.php?act=search&op=index&cate_id=2198 ( act=search&op=index ) 
ERR: Db Error: Unknown column 'gc_id_' in 'where clause'
SELECT count(distinct CONCAT(goods_commonid)) AS nc_count FROM `zmkj_goods` WHERE ( gc_id_ = '2198' ) AND ( goods_state = '1' ) AND ( goods_verify = '1' ) LIMIT 1  
[2018-07-25 16:47:42] /admin/index.php?act=goods_orm&op=edit&id=406 ( act=goods_orm&op=edit ) 
ERR: Db Error: Unknown column 'goods_id' in 'field list'
select goods_id from zmkj_goods_orm where productId='bc033bec-3825-48fe-800e-5825e8a63de2 and id !=406'
[2018-07-25 20:52:00] /shop/index.php?act=search&area_id=2&cate_id=1596&op=index&type=1 ( act=search&op=index ) 
ERR: Db Error: Unknown column 'gc_id_' in 'where clause'
SELECT count(distinct CONCAT(goods_commonid)) AS nc_count FROM `zmkj_goods` WHERE ( gc_id_ = '1596' ) AND ( areaid_1 = '2' ) AND ( is_own_shop = '1' ) AND ( goods_state = '1' ) AND ( goods_verify = '1' ) LIMIT 1  
[2018-07-25 22:47:49] /shop/index.php?act=goods&op=comments_list&goods_id=105619 ( act=goods&op=comments_list ) 
ERR: Db Error: Unknown column 'geval_image_again' in 'where clause'
SELECT COUNT(*) AS nc_count FROM `zmkj_evaluate_goods` WHERE ( geval_goodsid = '105619' ) AND ( (geval_image <> '') OR (geval_image_again <> '') ) LIMIT 1  
[2018-07-25 22:48:02] /shop/index.php?act=goods&op=comments_list&goods_id=105617 ( act=goods&op=comments_list ) 
ERR: Db Error: Unknown column 'geval_image_again' in 'where clause'
SELECT COUNT(*) AS nc_count FROM `zmkj_evaluate_goods` WHERE ( geval_goodsid = '105617' ) AND ( (geval_image <> '') OR (geval_image_again <> '') ) LIMIT 1  
