[2018-09-14 00:11:57] /shop/index.php?act=goods&op=comments_list&goods_id=104449 ( act=goods&op=comments_list ) 
ERR: Db Error: Unknown column 'geval_image_again' in 'where clause'
SELECT COUNT(*) AS nc_count FROM `zmkj_evaluate_goods` WHERE ( geval_goodsid = '104449' ) AND ( (geval_image <> '') OR (geval_image_again <> '') ) LIMIT 1  
[2018-09-14 00:16:42] /shop/index.php?act=goods&op=comments_list&goods_id=104093 ( act=goods&op=comments_list ) 
ERR: Db Error: Unknown column 'geval_image_again' in 'where clause'
SELECT COUNT(*) AS nc_count FROM `zmkj_evaluate_goods` WHERE ( geval_goodsid = '104093' ) AND ( (geval_image <> '') OR (geval_image_again <> '') ) LIMIT 1  
[2018-09-14 00:17:29] /shop/index.php?act=goods&op=comments_list&goods_id=104114 ( act=goods&op=comments_list ) 
ERR: Db Error: Unknown column 'geval_image_again' in 'where clause'
SELECT COUNT(*) AS nc_count FROM `zmkj_evaluate_goods` WHERE ( geval_goodsid = '104114' ) AND ( (geval_image <> '') OR (geval_image_again <> '') ) LIMIT 1  
[2018-09-14 00:20:40] /shop/index.php?act=goods&op=comments_list&goods_id=104547 ( act=goods&op=comments_list ) 
ERR: Db Error: Unknown column 'geval_image_again' in 'where clause'
SELECT COUNT(*) AS nc_count FROM `zmkj_evaluate_goods` WHERE ( geval_goodsid = '104547' ) AND ( (geval_image <> '') OR (geval_image_again <> '') ) LIMIT 1  
[2018-09-14 00:53:34] /shop/index.php?act=goods&op=comments_list&goods_id=105968 ( act=goods&op=comments_list ) 
ERR: Db Error: Unknown column 'geval_image_again' in 'where clause'
SELECT COUNT(*) AS nc_count FROM `zmkj_evaluate_goods` WHERE ( geval_goodsid = '105968' ) AND ( (geval_image <> '') OR (geval_image_again <> '') ) LIMIT 1  
[2018-09-14 00:54:48] /shop/index.php?act=goods&op=comments_list&goods_id=106101 ( act=goods&op=comments_list ) 
ERR: Db Error: Unknown column 'geval_image_again' in 'where clause'
SELECT COUNT(*) AS nc_count FROM `zmkj_evaluate_goods` WHERE ( geval_goodsid = '106101' ) AND ( (geval_image <> '') OR (geval_image_again <> '') ) LIMIT 1  
[2018-09-14 00:57:21] /shop/index.php?act=goods&op=comments_list&goods_id=102692 ( act=goods&op=comments_list ) 
ERR: Db Error: Unknown column 'geval_image_again' in 'where clause'
SELECT COUNT(*) AS nc_count FROM `zmkj_evaluate_goods` WHERE ( geval_goodsid = '102692' ) AND ( (geval_image <> '') OR (geval_image_again <> '') ) LIMIT 1  
[2018-09-14 00:57:44] /shop/index.php?act=goods&op=comments_list&goods_id=105998 ( act=goods&op=comments_list ) 
ERR: Db Error: Unknown column 'geval_image_again' in 'where clause'
SELECT COUNT(*) AS nc_count FROM `zmkj_evaluate_goods` WHERE ( geval_goodsid = '105998' ) AND ( (geval_image <> '') OR (geval_image_again <> '') ) LIMIT 1  
[2018-09-14 00:57:55] /shop/index.php?act=goods&op=comments_list&goods_id=105603 ( act=goods&op=comments_list ) 
ERR: Db Error: Unknown column 'geval_image_again' in 'where clause'
SELECT COUNT(*) AS nc_count FROM `zmkj_evaluate_goods` WHERE ( geval_goodsid = '105603' ) AND ( (geval_image <> '') OR (geval_image_again <> '') ) LIMIT 1  
[2018-09-14 01:01:48] /shop/index.php?act=goods&op=comments_list&goods_id=104779 ( act=goods&op=comments_list ) 
ERR: Db Error: Unknown column 'geval_image_again' in 'where clause'
SELECT COUNT(*) AS nc_count FROM `zmkj_evaluate_goods` WHERE ( geval_goodsid = '104779' ) AND ( (geval_image <> '') OR (geval_image_again <> '') ) LIMIT 1  
[2018-09-14 01:12:47] /shop/index.php?act=goods&op=comments_list&goods_id=104453 ( act=goods&op=comments_list ) 
ERR: Db Error: Unknown column 'geval_image_again' in 'where clause'
SELECT COUNT(*) AS nc_count FROM `zmkj_evaluate_goods` WHERE ( geval_goodsid = '104453' ) AND ( (geval_image <> '') OR (geval_image_again <> '') ) LIMIT 1  
[2018-09-14 01:24:09] /shop/index.php?act=goods&op=comments_list&goods_id=106057 ( act=goods&op=comments_list ) 
ERR: Db Error: Unknown column 'geval_image_again' in 'where clause'
SELECT COUNT(*) AS nc_count FROM `zmkj_evaluate_goods` WHERE ( geval_goodsid = '106057' ) AND ( (geval_image <> '') OR (geval_image_again <> '') ) LIMIT 1  
[2018-09-14 01:30:26] /shop/index.php?act=goods&op=comments_list&goods_id=106010 ( act=goods&op=comments_list ) 
ERR: Db Error: Unknown column 'geval_image_again' in 'where clause'
SELECT COUNT(*) AS nc_count FROM `zmkj_evaluate_goods` WHERE ( geval_goodsid = '106010' ) AND ( (geval_image <> '') OR (geval_image_again <> '') ) LIMIT 1  
[2018-09-14 01:44:41] /shop/index.php?act=goods&op=comments_list&goods_id=104119 ( act=goods&op=comments_list ) 
ERR: Db Error: Unknown column 'geval_image_again' in 'where clause'
SELECT COUNT(*) AS nc_count FROM `zmkj_evaluate_goods` WHERE ( geval_goodsid = '104119' ) AND ( (geval_image <> '') OR (geval_image_again <> '') ) LIMIT 1  
[2018-09-14 01:46:29] /shop/index.php?act=goods&op=comments_list&goods_id=106056 ( act=goods&op=comments_list ) 
ERR: Db Error: Unknown column 'geval_image_again' in 'where clause'
SELECT COUNT(*) AS nc_count FROM `zmkj_evaluate_goods` WHERE ( geval_goodsid = '106056' ) AND ( (geval_image <> '') OR (geval_image_again <> '') ) LIMIT 1  
[2018-09-14 01:54:47] /shop/index.php?act=goods&op=comments_list&goods_id=105868 ( act=goods&op=comments_list ) 
ERR: Db Error: Unknown column 'geval_image_again' in 'where clause'
SELECT COUNT(*) AS nc_count FROM `zmkj_evaluate_goods` WHERE ( geval_goodsid = '105868' ) AND ( (geval_image <> '') OR (geval_image_again <> '') ) LIMIT 1  
[2018-09-14 01:55:08] /shop/index.php?act=goods&op=comments_list&goods_id=105334 ( act=goods&op=comments_list ) 
ERR: Db Error: Unknown column 'geval_image_again' in 'where clause'
SELECT COUNT(*) AS nc_count FROM `zmkj_evaluate_goods` WHERE ( geval_goodsid = '105334' ) AND ( (geval_image <> '') OR (geval_image_again <> '') ) LIMIT 1  
[2018-09-14 01:57:05] /shop/index.php?act=goods&op=comments_list&goods_id=104398 ( act=goods&op=comments_list ) 
ERR: Db Error: Unknown column 'geval_image_again' in 'where clause'
SELECT COUNT(*) AS nc_count FROM `zmkj_evaluate_goods` WHERE ( geval_goodsid = '104398' ) AND ( (geval_image <> '') OR (geval_image_again <> '') ) LIMIT 1  
[2018-09-14 02:15:01] /shop/index.php?act=goods&goods_id=102715&op=comments_list ( act=goods&op=comments_list ) 
ERR: Db Error: Unknown column 'geval_image_again' in 'where clause'
SELECT COUNT(*) AS nc_count FROM `zmkj_evaluate_goods` WHERE ( geval_goodsid = '102715' ) AND ( (geval_image <> '') OR (geval_image_again <> '') ) LIMIT 1  
[2018-09-14 02:15:02] /shop/index.php?act=goods&goods_id=101812&op=comments_list ( act=goods&op=comments_list ) 
ERR: Db Error: Unknown column 'geval_image_again' in 'where clause'
SELECT COUNT(*) AS nc_count FROM `zmkj_evaluate_goods` WHERE ( geval_goodsid = '101812' ) AND ( (geval_image <> '') OR (geval_image_again <> '') ) LIMIT 1  
[2018-09-14 02:15:04] /shop/index.php?act=goods&goods_id=101348&op=comments_list ( act=goods&op=comments_list ) 
ERR: Db Error: Unknown column 'geval_image_again' in 'where clause'
SELECT COUNT(*) AS nc_count FROM `zmkj_evaluate_goods` WHERE ( geval_goodsid = '101348' ) AND ( (geval_image <> '') OR (geval_image_again <> '') ) LIMIT 1  
[2018-09-14 02:15:06] /shop/index.php?act=goods&goods_id=100657&op=comments_list ( act=goods&op=comments_list ) 
ERR: Db Error: Unknown column 'geval_image_again' in 'where clause'
SELECT COUNT(*) AS nc_count FROM `zmkj_evaluate_goods` WHERE ( geval_goodsid = '100657' ) AND ( (geval_image <> '') OR (geval_image_again <> '') ) LIMIT 1  
[2018-09-14 02:15:30] /shop/index.php?act=goods&goods_id=103007&op=comments_list ( act=goods&op=comments_list ) 
ERR: Db Error: Unknown column 'geval_image_again' in 'where clause'
SELECT COUNT(*) AS nc_count FROM `zmkj_evaluate_goods` WHERE ( geval_goodsid = '103007' ) AND ( (geval_image <> '') OR (geval_image_again <> '') ) LIMIT 1  
[2018-09-14 02:22:32] /shop/index.php?act=goods&op=comments_list&goods_id=106126 ( act=goods&op=comments_list ) 
ERR: Db Error: Unknown column 'geval_image_again' in 'where clause'
SELECT COUNT(*) AS nc_count FROM `zmkj_evaluate_goods` WHERE ( geval_goodsid = '106126' ) AND ( (geval_image <> '') OR (geval_image_again <> '') ) LIMIT 1  
[2018-09-14 02:28:47] /shop/index.php?act=goods&op=comments_list&goods_id=102691 ( act=goods&op=comments_list ) 
ERR: Db Error: Unknown column 'geval_image_again' in 'where clause'
SELECT COUNT(*) AS nc_count FROM `zmkj_evaluate_goods` WHERE ( geval_goodsid = '102691' ) AND ( (geval_image <> '') OR (geval_image_again <> '') ) LIMIT 1  
[2018-09-14 02:40:08] /shop/index.php?act=goods&op=comments_list&goods_id=102705 ( act=goods&op=comments_list ) 
ERR: Db Error: Unknown column 'geval_image_again' in 'where clause'
SELECT COUNT(*) AS nc_count FROM `zmkj_evaluate_goods` WHERE ( geval_goodsid = '102705' ) AND ( (geval_image <> '') OR (geval_image_again <> '') ) LIMIT 1  
[2018-09-14 02:47:18] /shop/index.php?act=search&op=index&cate_id=1588&area_id=30&key=1&order=1 ( act=search&op=index ) 
ERR: Db Error: Unknown column 'gc_id_' in 'where clause'
SELECT count(distinct CONCAT(goods_commonid)) AS nc_count FROM `zmkj_goods` WHERE ( gc_id_ = '1588' ) AND ( areaid_1 = '30' ) AND ( goods_state = '1' ) AND ( goods_verify = '1' ) LIMIT 1  
[2018-09-14 03:04:42] /shop/index.php?act=goods&op=comments_list&goods_id=102702 ( act=goods&op=comments_list ) 
ERR: Db Error: Unknown column 'geval_image_again' in 'where clause'
SELECT COUNT(*) AS nc_count FROM `zmkj_evaluate_goods` WHERE ( geval_goodsid = '102702' ) AND ( (geval_image <> '') OR (geval_image_again <> '') ) LIMIT 1  
[2018-09-14 03:33:22] /shop/index.php?act=goods&op=comments_list&goods_id=104558 ( act=goods&op=comments_list ) 
ERR: Db Error: Unknown column 'geval_image_again' in 'where clause'
SELECT COUNT(*) AS nc_count FROM `zmkj_evaluate_goods` WHERE ( geval_goodsid = '104558' ) AND ( (geval_image <> '') OR (geval_image_again <> '') ) LIMIT 1  
[2018-09-14 03:41:02] /shop/index.php?act=goods&op=comments_list&goods_id=102701 ( act=goods&op=comments_list ) 
ERR: Db Error: Unknown column 'geval_image_again' in 'where clause'
SELECT COUNT(*) AS nc_count FROM `zmkj_evaluate_goods` WHERE ( geval_goodsid = '102701' ) AND ( (geval_image <> '') OR (geval_image_again <> '') ) LIMIT 1  
[2018-09-14 04:04:27] /shop/index.php?act=goods&op=comments_list&goods_id=102754 ( act=goods&op=comments_list ) 
ERR: Db Error: Unknown column 'geval_image_again' in 'where clause'
SELECT COUNT(*) AS nc_count FROM `zmkj_evaluate_goods` WHERE ( geval_goodsid = '102754' ) AND ( (geval_image <> '') OR (geval_image_again <> '') ) LIMIT 1  
[2018-09-14 04:16:48] /shop/index.php?act=goods&op=comments_list&goods_id=106036 ( act=goods&op=comments_list ) 
ERR: Db Error: Unknown column 'geval_image_again' in 'where clause'
SELECT COUNT(*) AS nc_count FROM `zmkj_evaluate_goods` WHERE ( geval_goodsid = '106036' ) AND ( (geval_image <> '') OR (geval_image_again <> '') ) LIMIT 1  
[2018-09-14 04:20:24] /shop/index.php?act=goods&op=comments_list&goods_id=102746 ( act=goods&op=comments_list ) 
ERR: Db Error: Unknown column 'geval_image_again' in 'where clause'
SELECT COUNT(*) AS nc_count FROM `zmkj_evaluate_goods` WHERE ( geval_goodsid = '102746' ) AND ( (geval_image <> '') OR (geval_image_again <> '') ) LIMIT 1  
[2018-09-14 04:36:14] /shop/index.php?act=search&op=index&cate_id=1696&key=2&order=2&type=1 ( act=search&op=index ) 
ERR: Db Error: Unknown column 'gc_id_' in 'where clause'
SELECT count(distinct CONCAT(goods_commonid)) AS nc_count FROM `zmkj_goods` WHERE ( gc_id_ = '1696' ) AND ( is_own_shop = '1' ) AND ( goods_state = '1' ) AND ( goods_verify = '1' ) LIMIT 1  
[2018-09-14 04:57:04] /shop/index.php?act=goods&op=comments_list&goods_id=104451 ( act=goods&op=comments_list ) 
ERR: Db Error: Unknown column 'geval_image_again' in 'where clause'
SELECT COUNT(*) AS nc_count FROM `zmkj_evaluate_goods` WHERE ( geval_goodsid = '104451' ) AND ( (geval_image <> '') OR (geval_image_again <> '') ) LIMIT 1  
[2018-09-14 05:20:34] /shop/index.php?act=goods&op=comments_list&goods_id=103784 ( act=goods&op=comments_list ) 
ERR: Db Error: Unknown column 'geval_image_again' in 'where clause'
SELECT COUNT(*) AS nc_count FROM `zmkj_evaluate_goods` WHERE ( geval_goodsid = '103784' ) AND ( (geval_image <> '') OR (geval_image_again <> '') ) LIMIT 1  
[2018-09-14 05:51:01] /shop/index.php?act=goods&op=comments_list&goods_id=102798 ( act=goods&op=comments_list ) 
ERR: Db Error: Unknown column 'geval_image_again' in 'where clause'
SELECT COUNT(*) AS nc_count FROM `zmkj_evaluate_goods` WHERE ( geval_goodsid = '102798' ) AND ( (geval_image <> '') OR (geval_image_again <> '') ) LIMIT 1  
[2018-09-14 05:51:30] /shop/index.php?act=goods&op=comments_list&goods_id=102806 ( act=goods&op=comments_list ) 
ERR: Db Error: Unknown column 'geval_image_again' in 'where clause'
SELECT COUNT(*) AS nc_count FROM `zmkj_evaluate_goods` WHERE ( geval_goodsid = '102806' ) AND ( (geval_image <> '') OR (geval_image_again <> '') ) LIMIT 1  
[2018-09-14 05:51:56] /shop/index.php?act=goods&op=comments_list&goods_id=105958 ( act=goods&op=comments_list ) 
ERR: Db Error: Unknown column 'geval_image_again' in 'where clause'
SELECT COUNT(*) AS nc_count FROM `zmkj_evaluate_goods` WHERE ( geval_goodsid = '105958' ) AND ( (geval_image <> '') OR (geval_image_again <> '') ) LIMIT 1  
[2018-09-14 05:51:59] /shop/index.php?act=goods&op=comments_list&goods_id=102803 ( act=goods&op=comments_list ) 
ERR: Db Error: Unknown column 'geval_image_again' in 'where clause'
SELECT COUNT(*) AS nc_count FROM `zmkj_evaluate_goods` WHERE ( geval_goodsid = '102803' ) AND ( (geval_image <> '') OR (geval_image_again <> '') ) LIMIT 1  
[2018-09-14 05:53:06] /shop/index.php?act=goods&op=comments_list&goods_id=102802 ( act=goods&op=comments_list ) 
ERR: Db Error: Unknown column 'geval_image_again' in 'where clause'
SELECT COUNT(*) AS nc_count FROM `zmkj_evaluate_goods` WHERE ( geval_goodsid = '102802' ) AND ( (geval_image <> '') OR (geval_image_again <> '') ) LIMIT 1  
[2018-09-14 07:04:29] /shop/index.php?act=goods&op=comments_list&goods_id=106094 ( act=goods&op=comments_list ) 
ERR: Db Error: Unknown column 'geval_image_again' in 'where clause'
SELECT COUNT(*) AS nc_count FROM `zmkj_evaluate_goods` WHERE ( geval_goodsid = '106094' ) AND ( (geval_image <> '') OR (geval_image_again <> '') ) LIMIT 1  
[2018-09-14 07:31:39] /shop/index.php?act=goods&op=comments_list&goods_id=106089 ( act=goods&op=comments_list ) 
ERR: Db Error: Unknown column 'geval_image_again' in 'where clause'
SELECT COUNT(*) AS nc_count FROM `zmkj_evaluate_goods` WHERE ( geval_goodsid = '106089' ) AND ( (geval_image <> '') OR (geval_image_again <> '') ) LIMIT 1  
[2018-09-14 07:42:23] /shop/index.php?act=goods&op=comments_list&goods_id=102750 ( act=goods&op=comments_list ) 
ERR: Db Error: Unknown column 'geval_image_again' in 'where clause'
SELECT COUNT(*) AS nc_count FROM `zmkj_evaluate_goods` WHERE ( geval_goodsid = '102750' ) AND ( (geval_image <> '') OR (geval_image_again <> '') ) LIMIT 1  
[2018-09-14 07:48:48] /shop/index.php?act=goods&op=comments_list&goods_id=104657 ( act=goods&op=comments_list ) 
ERR: Db Error: Unknown column 'geval_image_again' in 'where clause'
SELECT COUNT(*) AS nc_count FROM `zmkj_evaluate_goods` WHERE ( geval_goodsid = '104657' ) AND ( (geval_image <> '') OR (geval_image_again <> '') ) LIMIT 1  
[2018-09-14 08:06:42] /shop/index.php?act=goods&op=comments_list&goods_id=103250 ( act=goods&op=comments_list ) 
ERR: Db Error: Unknown column 'geval_image_again' in 'where clause'
SELECT COUNT(*) AS nc_count FROM `zmkj_evaluate_goods` WHERE ( geval_goodsid = '103250' ) AND ( (geval_image <> '') OR (geval_image_again <> '') ) LIMIT 1  
[2018-09-14 08:46:20] /shop/index.php?act=goods&op=comments_list&goods_id=101892 ( act=goods&op=comments_list ) 
ERR: Db Error: Unknown column 'geval_image_again' in 'where clause'
SELECT COUNT(*) AS nc_count FROM `zmkj_evaluate_goods` WHERE ( geval_goodsid = '101892' ) AND ( (geval_image <> '') OR (geval_image_again <> '') ) LIMIT 1  
[2018-09-14 09:50:49] /shop/index.php?act=goods&op=comments_list&goods_id=105873 ( act=goods&op=comments_list ) 
ERR: Db Error: Unknown column 'geval_image_again' in 'where clause'
SELECT COUNT(*) AS nc_count FROM `zmkj_evaluate_goods` WHERE ( geval_goodsid = '105873' ) AND ( (geval_image <> '') OR (geval_image_again <> '') ) LIMIT 1  
[2018-09-14 10:19:21] /shop/index.php?act=goods&op=comments_list&goods_id=106179 ( act=goods&op=comments_list ) 
ERR: Db Error: Unknown column 'geval_image_again' in 'where clause'
SELECT COUNT(*) AS nc_count FROM `zmkj_evaluate_goods` WHERE ( geval_goodsid = '106179' ) AND ( (geval_image <> '') OR (geval_image_again <> '') ) LIMIT 1  
[2018-09-14 10:29:02] /shop/index.php?act=goods&goods_id=101917&op=comments_list&type=1 ( act=goods&op=comments_list ) 
ERR: Db Error: Unknown column 'geval_image_again' in 'where clause'
SELECT COUNT(*) AS nc_count FROM `zmkj_evaluate_goods` WHERE ( geval_goodsid = '101917' ) AND ( (geval_image <> '') OR (geval_image_again <> '') ) LIMIT 1  
[2018-09-14 10:43:19] /shop/index.php?act=search&op=index&cate_id=1588&area_id=30&key=1&order=2&type=1 ( act=search&op=index ) 
ERR: Db Error: Unknown column 'gc_id_' in 'where clause'
SELECT count(distinct CONCAT(goods_commonid)) AS nc_count FROM `zmkj_goods` WHERE ( gc_id_ = '1588' ) AND ( areaid_1 = '30' ) AND ( is_own_shop = '1' ) AND ( goods_state = '1' ) AND ( goods_verify = '1' ) LIMIT 1  
[2018-09-14 11:51:06] /shop/index.php?act=goods&op=comments_list&goods_id=102725 ( act=goods&op=comments_list ) 
ERR: Db Error: Unknown column 'geval_image_again' in 'where clause'
SELECT COUNT(*) AS nc_count FROM `zmkj_evaluate_goods` WHERE ( geval_goodsid = '102725' ) AND ( (geval_image <> '') OR (geval_image_again <> '') ) LIMIT 1  
[2018-09-14 12:20:40] /shop/index.php?act=goods&op=comments_list&goods_id=105338 ( act=goods&op=comments_list ) 
ERR: Db Error: Unknown column 'geval_image_again' in 'where clause'
SELECT COUNT(*) AS nc_count FROM `zmkj_evaluate_goods` WHERE ( geval_goodsid = '105338' ) AND ( (geval_image <> '') OR (geval_image_again <> '') ) LIMIT 1  
[2018-09-14 13:01:00] /shop/index.php?act=goods&op=comments_list&goods_id=106031 ( act=goods&op=comments_list ) 
ERR: Db Error: Unknown column 'geval_image_again' in 'where clause'
SELECT COUNT(*) AS nc_count FROM `zmkj_evaluate_goods` WHERE ( geval_goodsid = '106031' ) AND ( (geval_image <> '') OR (geval_image_again <> '') ) LIMIT 1  
[2018-09-14 14:36:20] /shop/index.php?act=goods&op=comments_list&goods_id=104450 ( act=goods&op=comments_list ) 
ERR: Db Error: Unknown column 'geval_image_again' in 'where clause'
SELECT COUNT(*) AS nc_count FROM `zmkj_evaluate_goods` WHERE ( geval_goodsid = '104450' ) AND ( (geval_image <> '') OR (geval_image_again <> '') ) LIMIT 1  
[2018-09-14 15:05:42] /shop/index.php?act=goods&op=comments_list&goods_id=105912 ( act=goods&op=comments_list ) 
ERR: Db Error: Unknown column 'geval_image_again' in 'where clause'
SELECT COUNT(*) AS nc_count FROM `zmkj_evaluate_goods` WHERE ( geval_goodsid = '105912' ) AND ( (geval_image <> '') OR (geval_image_again <> '') ) LIMIT 1  
[2018-09-14 17:42:22] /shop/index.php?act=search&op=index&cate_id=1575 ( act=search&op=index ) 
ERR: Db Error: Unknown column 'gc_id_' in 'where clause'
SELECT count(distinct CONCAT(goods_commonid)) AS nc_count FROM `zmkj_goods` WHERE ( gc_id_ = '1575' ) AND ( goods_state = '1' ) AND ( goods_verify = '1' ) LIMIT 1  
[2018-09-14 17:42:39] /shop/index.php?act=search&op=index&cate_id=1594 ( act=search&op=index ) 
ERR: Db Error: Unknown column 'gc_id_' in 'where clause'
SELECT count(distinct CONCAT(goods_commonid)) AS nc_count FROM `zmkj_goods` WHERE ( gc_id_ = '1594' ) AND ( goods_state = '1' ) AND ( goods_verify = '1' ) LIMIT 1  
[2018-09-14 17:42:40] /shop/index.php?act=search&op=index&cate_id=1600 ( act=search&op=index ) 
ERR: Db Error: Unknown column 'gc_id_' in 'where clause'
SELECT count(distinct CONCAT(goods_commonid)) AS nc_count FROM `zmkj_goods` WHERE ( gc_id_ = '1600' ) AND ( goods_state = '1' ) AND ( goods_verify = '1' ) LIMIT 1  
[2018-09-14 17:42:43] /shop/index.php?act=search&op=index&cate_id=1696 ( act=search&op=index ) 
ERR: Db Error: Unknown column 'gc_id_' in 'where clause'
SELECT count(distinct CONCAT(goods_commonid)) AS nc_count FROM `zmkj_goods` WHERE ( gc_id_ = '1696' ) AND ( goods_state = '1' ) AND ( goods_verify = '1' ) LIMIT 1  
[2018-09-14 17:42:53] /shop/index.php?act=search&op=index&cate_id=1578 ( act=search&op=index ) 
ERR: Db Error: Unknown column 'gc_id_' in 'where clause'
SELECT count(distinct CONCAT(goods_commonid)) AS nc_count FROM `zmkj_goods` WHERE ( gc_id_ = '1578' ) AND ( goods_state = '1' ) AND ( goods_verify = '1' ) LIMIT 1  
[2018-09-14 17:42:57] /shop/index.php?act=search&op=index&cate_id=1567 ( act=search&op=index ) 
ERR: Db Error: Unknown column 'gc_id_' in 'where clause'
SELECT count(distinct CONCAT(goods_commonid)) AS nc_count FROM `zmkj_goods` WHERE ( gc_id_ = '1567' ) AND ( goods_state = '1' ) AND ( goods_verify = '1' ) LIMIT 1  
[2018-09-14 17:42:58] /shop/index.php?act=search&op=index&cate_id=1587 ( act=search&op=index ) 
ERR: Db Error: Unknown column 'gc_id_' in 'where clause'
SELECT count(distinct CONCAT(goods_commonid)) AS nc_count FROM `zmkj_goods` WHERE ( gc_id_ = '1587' ) AND ( goods_state = '1' ) AND ( goods_verify = '1' ) LIMIT 1  
[2018-09-14 17:43:08] /shop/index.php?act=search&op=index&cate_id=1573 ( act=search&op=index ) 
ERR: Db Error: Unknown column 'gc_id_' in 'where clause'
SELECT count(distinct CONCAT(goods_commonid)) AS nc_count FROM `zmkj_goods` WHERE ( gc_id_ = '1573' ) AND ( goods_state = '1' ) AND ( goods_verify = '1' ) LIMIT 1  
[2018-09-14 17:43:08] /shop/index.php?act=search&op=index&cate_id=1579 ( act=search&op=index ) 
ERR: Db Error: Unknown column 'gc_id_' in 'where clause'
SELECT count(distinct CONCAT(goods_commonid)) AS nc_count FROM `zmkj_goods` WHERE ( gc_id_ = '1579' ) AND ( goods_state = '1' ) AND ( goods_verify = '1' ) LIMIT 1  
[2018-09-14 17:43:10] /shop/index.php?act=search&op=index&cate_id=1574 ( act=search&op=index ) 
ERR: Db Error: Unknown column 'gc_id_' in 'where clause'
SELECT count(distinct CONCAT(goods_commonid)) AS nc_count FROM `zmkj_goods` WHERE ( gc_id_ = '1574' ) AND ( goods_state = '1' ) AND ( goods_verify = '1' ) LIMIT 1  
[2018-09-14 17:43:11] /shop/index.php?act=search&op=index&cate_id=1583 ( act=search&op=index ) 
ERR: Db Error: Unknown column 'gc_id_' in 'where clause'
SELECT count(distinct CONCAT(goods_commonid)) AS nc_count FROM `zmkj_goods` WHERE ( gc_id_ = '1583' ) AND ( goods_state = '1' ) AND ( goods_verify = '1' ) LIMIT 1  
[2018-09-14 17:43:12] /shop/index.php?act=search&op=index&cate_id=1588 ( act=search&op=index ) 
ERR: Db Error: Unknown column 'gc_id_' in 'where clause'
SELECT count(distinct CONCAT(goods_commonid)) AS nc_count FROM `zmkj_goods` WHERE ( gc_id_ = '1588' ) AND ( goods_state = '1' ) AND ( goods_verify = '1' ) LIMIT 1  
[2018-09-14 17:43:27] /shop/index.php?act=hot_sale&op=index ( act=hot_sale&op=index ) 
ERR: Db Error: You have an error in your SQL syntax; check the manual that corresponds to your MySQL server version for the right syntax to use near ') and goods_state=1' at line 1
select * from zmkj_goods where goods_id in () and goods_state=1
[2018-09-14 17:43:27] /shop/index.php?act=hot_sale&op=index ( act=hot_sale&op=index ) 
ERR: Db Error: You have an error in your SQL syntax; check the manual that corresponds to your MySQL server version for the right syntax to use near '' at line 1
select `member_id` from zmkj_store where store_id = 
[2018-09-14 17:43:43] /shop/index.php?act=search&op=index&cate_id=1566 ( act=search&op=index ) 
ERR: Db Error: Unknown column 'gc_id_' in 'where clause'
SELECT count(distinct CONCAT(goods_commonid)) AS nc_count FROM `zmkj_goods` WHERE ( gc_id_ = '1566' ) AND ( goods_state = '1' ) AND ( goods_verify = '1' ) LIMIT 1  
[2018-09-14 17:43:44] /shop/index.php?act=search&op=index&cate_id=1571 ( act=search&op=index ) 
ERR: Db Error: Unknown column 'gc_id_' in 'where clause'
SELECT count(distinct CONCAT(goods_commonid)) AS nc_count FROM `zmkj_goods` WHERE ( gc_id_ = '1571' ) AND ( goods_state = '1' ) AND ( goods_verify = '1' ) LIMIT 1  
[2018-09-14 17:43:45] /shop/index.php?act=search&op=index&cate_id=1586 ( act=search&op=index ) 
ERR: Db Error: Unknown column 'gc_id_' in 'where clause'
SELECT count(distinct CONCAT(goods_commonid)) AS nc_count FROM `zmkj_goods` WHERE ( gc_id_ = '1586' ) AND ( goods_state = '1' ) AND ( goods_verify = '1' ) LIMIT 1  
[2018-09-14 17:53:35] /admin/index.php?act=goods_orm&op=ajax_show&goods_id=105891 ( act=goods_orm&op=ajax_show ) 
ERR: Db Error: You have an error in your SQL syntax; check the manual that corresponds to your MySQL server version for the right syntax to use near '}' at line 1
select * from zmkj_goods_bind where goods_id={$goods_id}
[2018-09-14 17:55:48] /admin/index.php?act=goods_orm&op=ajax_show&goods_id=105903 ( act=goods_orm&op=ajax_show ) 
ERR: Db Error: You have an error in your SQL syntax; check the manual that corresponds to your MySQL server version for the right syntax to use near '}' at line 1
select * from zmkj_goods_bind where goods_id={$goods_id}
[2018-09-14 17:56:59] /shop/index.php?act=goods&op=comments_list&goods_id=104406 ( act=goods&op=comments_list ) 
ERR: Db Error: Unknown column 'geval_image_again' in 'where clause'
SELECT COUNT(*) AS nc_count FROM `zmkj_evaluate_goods` WHERE ( geval_goodsid = '104406' ) AND ( (geval_image <> '') OR (geval_image_again <> '') ) LIMIT 1  
[2018-09-14 18:34:41] /shop/index.php?act=goods&op=comments_list&goods_id=105925 ( act=goods&op=comments_list ) 
ERR: Db Error: Unknown column 'geval_image_again' in 'where clause'
SELECT COUNT(*) AS nc_count FROM `zmkj_evaluate_goods` WHERE ( geval_goodsid = '105925' ) AND ( (geval_image <> '') OR (geval_image_again <> '') ) LIMIT 1  
[2018-09-14 18:38:21] /shop/index.php?act=goods&op=comments_list&goods_id=104064 ( act=goods&op=comments_list ) 
ERR: Db Error: Unknown column 'geval_image_again' in 'where clause'
SELECT COUNT(*) AS nc_count FROM `zmkj_evaluate_goods` WHERE ( geval_goodsid = '104064' ) AND ( (geval_image <> '') OR (geval_image_again <> '') ) LIMIT 1  
[2018-09-14 18:56:41] /shop/index.php?act=goods&op=comments_list&goods_id=105790 ( act=goods&op=comments_list ) 
ERR: Db Error: Unknown column 'geval_image_again' in 'where clause'
SELECT COUNT(*) AS nc_count FROM `zmkj_evaluate_goods` WHERE ( geval_goodsid = '105790' ) AND ( (geval_image <> '') OR (geval_image_again <> '') ) LIMIT 1  
[2018-09-14 20:10:38] /shop/index.php?act=goods&op=comments_list&goods_id=104076 ( act=goods&op=comments_list ) 
ERR: Db Error: Unknown column 'geval_image_again' in 'where clause'
SELECT COUNT(*) AS nc_count FROM `zmkj_evaluate_goods` WHERE ( geval_goodsid = '104076' ) AND ( (geval_image <> '') OR (geval_image_again <> '') ) LIMIT 1  
[2018-09-14 20:17:21] /shop/index.php?act=goods&op=comments_list&goods_id=105807 ( act=goods&op=comments_list ) 
ERR: Db Error: Unknown column 'geval_image_again' in 'where clause'
SELECT COUNT(*) AS nc_count FROM `zmkj_evaluate_goods` WHERE ( geval_goodsid = '105807' ) AND ( (geval_image <> '') OR (geval_image_again <> '') ) LIMIT 1  
[2018-09-14 20:20:48] /shop/index.php?act=goods&op=comments_list&goods_id=103736&type=3 ( act=goods&op=comments_list ) 
ERR: Db Error: Unknown column 'geval_image_again' in 'where clause'
SELECT COUNT(*) AS nc_count FROM `zmkj_evaluate_goods` WHERE ( geval_goodsid = '103736' ) AND ( (geval_image <> '') OR (geval_image_again <> '') ) LIMIT 1  
[2018-09-14 21:08:41] /shop/index.php?act=goods&op=comments_list&goods_id=106035 ( act=goods&op=comments_list ) 
ERR: Db Error: Unknown column 'geval_image_again' in 'where clause'
SELECT COUNT(*) AS nc_count FROM `zmkj_evaluate_goods` WHERE ( geval_goodsid = '106035' ) AND ( (geval_image <> '') OR (geval_image_again <> '') ) LIMIT 1  
[2018-09-14 21:50:00] /shop/index.php?act=goods&op=comments_list&goods_id=104434&type=1 ( act=goods&op=comments_list ) 
ERR: Db Error: Unknown column 'geval_image_again' in 'where clause'
SELECT COUNT(*) AS nc_count FROM `zmkj_evaluate_goods` WHERE ( geval_goodsid = '104434' ) AND ( (geval_image <> '') OR (geval_image_again <> '') ) LIMIT 1  
[2018-09-14 22:11:02] /shop/index.php?act=goods&op=comments_list&goods_id=106101 ( act=goods&op=comments_list ) 
ERR: Db Error: Unknown column 'geval_image_again' in 'where clause'
SELECT COUNT(*) AS nc_count FROM `zmkj_evaluate_goods` WHERE ( geval_goodsid = '106101' ) AND ( (geval_image <> '') OR (geval_image_again <> '') ) LIMIT 1  
[2018-09-14 22:12:43] /shop/index.php?act=goods&op=comments_list&goods_id=106075&type=1 ( act=goods&op=comments_list ) 
ERR: Db Error: Unknown column 'geval_image_again' in 'where clause'
SELECT COUNT(*) AS nc_count FROM `zmkj_evaluate_goods` WHERE ( geval_goodsid = '106075' ) AND ( (geval_image <> '') OR (geval_image_again <> '') ) LIMIT 1  
[2018-09-14 22:36:04] /shop/index.php?act=goods&op=comments_list&goods_id=105974&type=2 ( act=goods&op=comments_list ) 
ERR: Db Error: Unknown column 'geval_image_again' in 'where clause'
SELECT COUNT(*) AS nc_count FROM `zmkj_evaluate_goods` WHERE ( geval_goodsid = '105974' ) AND ( (geval_image <> '') OR (geval_image_again <> '') ) LIMIT 1  
[2018-09-14 23:06:01] /shop/index.php?act=goods&op=comments_list&goods_id=103273 ( act=goods&op=comments_list ) 
ERR: Db Error: Unknown column 'geval_image_again' in 'where clause'
SELECT COUNT(*) AS nc_count FROM `zmkj_evaluate_goods` WHERE ( geval_goodsid = '103273' ) AND ( (geval_image <> '') OR (geval_image_again <> '') ) LIMIT 1  
[2018-09-14 23:10:45] /shop/index.php?act=goods&op=comments_list&goods_id=103273 ( act=goods&op=comments_list ) 
ERR: Db Error: Unknown column 'geval_image_again' in 'where clause'
SELECT COUNT(*) AS nc_count FROM `zmkj_evaluate_goods` WHERE ( geval_goodsid = '103273' ) AND ( (geval_image <> '') OR (geval_image_again <> '') ) LIMIT 1  
[2018-09-14 23:15:54] /shop/index.php?act=goods&op=comments_list&goods_id=104453&type=2 ( act=goods&op=comments_list ) 
ERR: Db Error: Unknown column 'geval_image_again' in 'where clause'
SELECT COUNT(*) AS nc_count FROM `zmkj_evaluate_goods` WHERE ( geval_goodsid = '104453' ) AND ( (geval_image <> '') OR (geval_image_again <> '') ) LIMIT 1  
