[2018-03-12 00:41:23] /shop/index.php?act=goods&op=index&goods_id=101871 ( act=goods&op=index ) 
ERR: Db Error: Unknown column 'geval_image_again' in 'where clause'
SELECT COUNT(*) AS nc_count FROM `zmkj_evaluate_goods` WHERE ( geval_goodsid = '101871' ) AND ( (geval_image <> '') OR (geval_image_again <> '') ) LIMIT 1  
[2018-03-12 01:06:23] /shop/index.php?act=goods&op=index&goods_id=100626 ( act=goods&op=index ) 
ERR: Db Error: Unknown column 'geval_image_again' in 'where clause'
SELECT COUNT(*) AS nc_count FROM `zmkj_evaluate_goods` WHERE ( geval_goodsid = '100626' ) AND ( (geval_image <> '') OR (geval_image_again <> '') ) LIMIT 1  
[2018-03-12 01:47:59] /shop/index.php?act=goods&op=index&goods_id=101651 ( act=goods&op=index ) 
ERR: Db Error: Unknown column 'geval_image_again' in 'where clause'
SELECT COUNT(*) AS nc_count FROM `zmkj_evaluate_goods` WHERE ( geval_goodsid = '101651' ) AND ( (geval_image <> '') OR (geval_image_again <> '') ) LIMIT 1  
[2018-03-12 01:58:09] /shop/index.php?act=goods&goods_id=100478 ( act=goods&op=index ) 
ERR: Db Error: Unknown column 'geval_image_again' in 'where clause'
SELECT COUNT(*) AS nc_count FROM `zmkj_evaluate_goods` WHERE ( geval_goodsid = '100478' ) AND ( (geval_image <> '') OR (geval_image_again <> '') ) LIMIT 1  
[2018-03-12 02:10:41] /shop/index.php?act=goods&op=index&goods_id=100490 ( act=goods&op=index ) 
ERR: Db Error: Unknown column 'geval_image_again' in 'where clause'
SELECT COUNT(*) AS nc_count FROM `zmkj_evaluate_goods` WHERE ( geval_goodsid = '100490' ) AND ( (geval_image <> '') OR (geval_image_again <> '') ) LIMIT 1  
[2018-03-12 02:13:29] /shop/index.php?act=goods&goods_id=100746 ( act=goods&op=index ) 
ERR: Db Error: Unknown column 'geval_image_again' in 'where clause'
SELECT COUNT(*) AS nc_count FROM `zmkj_evaluate_goods` WHERE ( geval_goodsid = '100746' ) AND ( (geval_image <> '') OR (geval_image_again <> '') ) LIMIT 1  
[2018-03-12 02:18:15] /shop/index.php?act=goods&op=index&goods_id=101768 ( act=goods&op=index ) 
ERR: Db Error: Unknown column 'geval_image_again' in 'where clause'
SELECT COUNT(*) AS nc_count FROM `zmkj_evaluate_goods` WHERE ( geval_goodsid = '101768' ) AND ( (geval_image <> '') OR (geval_image_again <> '') ) LIMIT 1  
[2018-03-12 02:30:12] /shop/index.php?act=goods&goods_id=101537 ( act=goods&op=index ) 
ERR: Db Error: Unknown column 'geval_image_again' in 'where clause'
SELECT COUNT(*) AS nc_count FROM `zmkj_evaluate_goods` WHERE ( geval_goodsid = '101537' ) AND ( (geval_image <> '') OR (geval_image_again <> '') ) LIMIT 1  
[2018-03-12 02:33:01] /shop/index.php?act=goods&op=index&goods_id=100858 ( act=goods&op=index ) 
ERR: Db Error: Unknown column 'geval_image_again' in 'where clause'
SELECT COUNT(*) AS nc_count FROM `zmkj_evaluate_goods` WHERE ( geval_goodsid = '100858' ) AND ( (geval_image <> '') OR (geval_image_again <> '') ) LIMIT 1  
[2018-03-12 02:44:05] /shop/index.php?act=goods&op=index&goods_id=100530 ( act=goods&op=index ) 
ERR: Db Error: Unknown column 'geval_image_again' in 'where clause'
SELECT COUNT(*) AS nc_count FROM `zmkj_evaluate_goods` WHERE ( geval_goodsid = '100530' ) AND ( (geval_image <> '') OR (geval_image_again <> '') ) LIMIT 1  
[2018-03-12 02:45:04] /shop/index.php?act=goods&op=index&goods_id=101611 ( act=goods&op=index ) 
ERR: Db Error: Unknown column 'geval_image_again' in 'where clause'
SELECT COUNT(*) AS nc_count FROM `zmkj_evaluate_goods` WHERE ( geval_goodsid = '101611' ) AND ( (geval_image <> '') OR (geval_image_again <> '') ) LIMIT 1  
[2018-03-12 02:59:34] /shop/index.php?act=goods&goods_id=100589 ( act=goods&op=index ) 
ERR: Db Error: Unknown column 'geval_image_again' in 'where clause'
SELECT COUNT(*) AS nc_count FROM `zmkj_evaluate_goods` WHERE ( geval_goodsid = '100589' ) AND ( (geval_image <> '') OR (geval_image_again <> '') ) LIMIT 1  
[2018-03-12 03:11:58] /shop/index.php?act=goods&op=index&goods_id=101501 ( act=goods&op=index ) 
ERR: Db Error: Unknown column 'geval_image_again' in 'where clause'
SELECT COUNT(*) AS nc_count FROM `zmkj_evaluate_goods` WHERE ( geval_goodsid = '101501' ) AND ( (geval_image <> '') OR (geval_image_again <> '') ) LIMIT 1  
[2018-03-12 03:14:14] /shop/index.php?act=goods&op=index&goods_id=100751 ( act=goods&op=index ) 
ERR: Db Error: Unknown column 'geval_image_again' in 'where clause'
SELECT COUNT(*) AS nc_count FROM `zmkj_evaluate_goods` WHERE ( geval_goodsid = '100751' ) AND ( (geval_image <> '') OR (geval_image_again <> '') ) LIMIT 1  
[2018-03-12 03:14:32] /shop/index.php?act=goods&op=index&goods_id=100751 ( act=goods&op=index ) 
ERR: Db Error: Unknown column 'geval_image_again' in 'where clause'
SELECT COUNT(*) AS nc_count FROM `zmkj_evaluate_goods` WHERE ( geval_goodsid = '100751' ) AND ( (geval_image <> '') OR (geval_image_again <> '') ) LIMIT 1  
[2018-03-12 03:14:38] /shop/index.php?act=goods&op=index&goods_id=100751 ( act=goods&op=index ) 
ERR: Db Error: Unknown column 'geval_image_again' in 'where clause'
SELECT COUNT(*) AS nc_count FROM `zmkj_evaluate_goods` WHERE ( geval_goodsid = '100751' ) AND ( (geval_image <> '') OR (geval_image_again <> '') ) LIMIT 1  
[2018-03-12 03:15:28] /shop/index.php?act=goods&op=index&goods_id=100683 ( act=goods&op=index ) 
ERR: Db Error: Unknown column 'geval_image_again' in 'where clause'
SELECT COUNT(*) AS nc_count FROM `zmkj_evaluate_goods` WHERE ( geval_goodsid = '100683' ) AND ( (geval_image <> '') OR (geval_image_again <> '') ) LIMIT 1  
[2018-03-12 03:26:39] /shop/index.php?act=goods&op=index&goods_id=101884 ( act=goods&op=index ) 
ERR: Db Error: Unknown column 'geval_image_again' in 'where clause'
SELECT COUNT(*) AS nc_count FROM `zmkj_evaluate_goods` WHERE ( geval_goodsid = '101884' ) AND ( (geval_image <> '') OR (geval_image_again <> '') ) LIMIT 1  
[2018-03-12 03:51:29] /shop/index.php?act=goods&goods_id=100518 ( act=goods&op=index ) 
ERR: Db Error: Unknown column 'geval_image_again' in 'where clause'
SELECT COUNT(*) AS nc_count FROM `zmkj_evaluate_goods` WHERE ( geval_goodsid = '100518' ) AND ( (geval_image <> '') OR (geval_image_again <> '') ) LIMIT 1  
[2018-03-12 03:56:38] /shop/index.php?act=goods&op=index&goods_id=101749 ( act=goods&op=index ) 
ERR: Db Error: Unknown column 'geval_image_again' in 'where clause'
SELECT COUNT(*) AS nc_count FROM `zmkj_evaluate_goods` WHERE ( geval_goodsid = '101749' ) AND ( (geval_image <> '') OR (geval_image_again <> '') ) LIMIT 1  
[2018-03-12 03:58:15] /shop/index.php?act=goods&goods_id=100591 ( act=goods&op=index ) 
ERR: Db Error: Unknown column 'geval_image_again' in 'where clause'
SELECT COUNT(*) AS nc_count FROM `zmkj_evaluate_goods` WHERE ( geval_goodsid = '100591' ) AND ( (geval_image <> '') OR (geval_image_again <> '') ) LIMIT 1  
[2018-03-12 03:59:22] /shop/index.php?act=goods&op=index&goods_id=100979 ( act=goods&op=index ) 
ERR: Db Error: Unknown column 'geval_image_again' in 'where clause'
SELECT COUNT(*) AS nc_count FROM `zmkj_evaluate_goods` WHERE ( geval_goodsid = '100979' ) AND ( (geval_image <> '') OR (geval_image_again <> '') ) LIMIT 1  
[2018-03-12 04:00:17] /shop/index.php?act=goods&op=index&goods_id=102078 ( act=goods&op=index ) 
ERR: Db Error: Unknown column 'geval_image_again' in 'where clause'
SELECT COUNT(*) AS nc_count FROM `zmkj_evaluate_goods` WHERE ( geval_goodsid = '102078' ) AND ( (geval_image <> '') OR (geval_image_again <> '') ) LIMIT 1  
[2018-03-12 04:00:32] /shop/index.php?act=goods&goods_id=100579 ( act=goods&op=index ) 
ERR: Db Error: Unknown column 'geval_image_again' in 'where clause'
SELECT COUNT(*) AS nc_count FROM `zmkj_evaluate_goods` WHERE ( geval_goodsid = '100579' ) AND ( (geval_image <> '') OR (geval_image_again <> '') ) LIMIT 1  
[2018-03-12 04:06:09] /shop/index.php?act=goods&goods_id=100463 ( act=goods&op=index ) 
ERR: Db Error: Unknown column 'geval_image_again' in 'where clause'
SELECT COUNT(*) AS nc_count FROM `zmkj_evaluate_goods` WHERE ( geval_goodsid = '100463' ) AND ( (geval_image <> '') OR (geval_image_again <> '') ) LIMIT 1  
[2018-03-12 04:07:16] /shop/index.php?act=goods&op=index&goods_id=101335 ( act=goods&op=index ) 
ERR: Db Error: Unknown column 'geval_image_again' in 'where clause'
SELECT COUNT(*) AS nc_count FROM `zmkj_evaluate_goods` WHERE ( geval_goodsid = '101335' ) AND ( (geval_image <> '') OR (geval_image_again <> '') ) LIMIT 1  
[2018-03-12 04:11:45] /shop/index.php?act=goods&op=index&goods_id=101329 ( act=goods&op=index ) 
ERR: Db Error: Unknown column 'geval_image_again' in 'where clause'
SELECT COUNT(*) AS nc_count FROM `zmkj_evaluate_goods` WHERE ( geval_goodsid = '101329' ) AND ( (geval_image <> '') OR (geval_image_again <> '') ) LIMIT 1  
[2018-03-12 04:11:52] /shop/index.php?act=goods&op=index&goods_id=101940 ( act=goods&op=index ) 
ERR: Db Error: Unknown column 'geval_image_again' in 'where clause'
SELECT COUNT(*) AS nc_count FROM `zmkj_evaluate_goods` WHERE ( geval_goodsid = '101940' ) AND ( (geval_image <> '') OR (geval_image_again <> '') ) LIMIT 1  
[2018-03-12 04:29:51] /shop/index.php?act=goods&op=index&goods_id=101225 ( act=goods&op=index ) 
ERR: Db Error: Unknown column 'geval_image_again' in 'where clause'
SELECT COUNT(*) AS nc_count FROM `zmkj_evaluate_goods` WHERE ( geval_goodsid = '101225' ) AND ( (geval_image <> '') OR (geval_image_again <> '') ) LIMIT 1  
[2018-03-12 04:30:40] /shop/index.php?act=goods&op=index&goods_id=102023 ( act=goods&op=index ) 
ERR: Db Error: Unknown column 'geval_image_again' in 'where clause'
SELECT COUNT(*) AS nc_count FROM `zmkj_evaluate_goods` WHERE ( geval_goodsid = '102023' ) AND ( (geval_image <> '') OR (geval_image_again <> '') ) LIMIT 1  
[2018-03-12 04:34:27] /shop/index.php?act=goods&op=index&goods_id=100888 ( act=goods&op=index ) 
ERR: Db Error: Unknown column 'geval_image_again' in 'where clause'
SELECT COUNT(*) AS nc_count FROM `zmkj_evaluate_goods` WHERE ( geval_goodsid = '100888' ) AND ( (geval_image <> '') OR (geval_image_again <> '') ) LIMIT 1  
[2018-03-12 04:38:14] /shop/index.php?act=goods&op=index&goods_id=101782 ( act=goods&op=index ) 
ERR: Db Error: Unknown column 'geval_image_again' in 'where clause'
SELECT COUNT(*) AS nc_count FROM `zmkj_evaluate_goods` WHERE ( geval_goodsid = '101782' ) AND ( (geval_image <> '') OR (geval_image_again <> '') ) LIMIT 1  
[2018-03-12 04:38:52] /shop/index.php?act=goods&goods_id=100464 ( act=goods&op=index ) 
ERR: Db Error: Unknown column 'geval_image_again' in 'where clause'
SELECT COUNT(*) AS nc_count FROM `zmkj_evaluate_goods` WHERE ( geval_goodsid = '100464' ) AND ( (geval_image <> '') OR (geval_image_again <> '') ) LIMIT 1  
[2018-03-12 04:42:01] /shop/index.php?act=goods&op=index&goods_id=101565 ( act=goods&op=index ) 
ERR: Db Error: Unknown column 'geval_image_again' in 'where clause'
SELECT COUNT(*) AS nc_count FROM `zmkj_evaluate_goods` WHERE ( geval_goodsid = '101565' ) AND ( (geval_image <> '') OR (geval_image_again <> '') ) LIMIT 1  
[2018-03-12 04:45:48] /shop/index.php?act=goods&op=index&goods_id=101099 ( act=goods&op=index ) 
ERR: Db Error: Unknown column 'geval_image_again' in 'where clause'
SELECT COUNT(*) AS nc_count FROM `zmkj_evaluate_goods` WHERE ( geval_goodsid = '101099' ) AND ( (geval_image <> '') OR (geval_image_again <> '') ) LIMIT 1  
[2018-03-12 04:49:01] /shop/index.php?act=goods&goods_id=102114 ( act=goods&op=index ) 
ERR: Db Error: Unknown column 'geval_image_again' in 'where clause'
SELECT COUNT(*) AS nc_count FROM `zmkj_evaluate_goods` WHERE ( geval_goodsid = '102114' ) AND ( (geval_image <> '') OR (geval_image_again <> '') ) LIMIT 1  
[2018-03-12 04:49:35] /shop/index.php?act=goods&op=index&goods_id=100903 ( act=goods&op=index ) 
ERR: Db Error: Unknown column 'geval_image_again' in 'where clause'
SELECT COUNT(*) AS nc_count FROM `zmkj_evaluate_goods` WHERE ( geval_goodsid = '100903' ) AND ( (geval_image <> '') OR (geval_image_again <> '') ) LIMIT 1  
[2018-03-12 04:50:09] /shop/index.php?act=goods&goods_id=101324 ( act=goods&op=index ) 
ERR: Db Error: Unknown column 'geval_image_again' in 'where clause'
SELECT COUNT(*) AS nc_count FROM `zmkj_evaluate_goods` WHERE ( geval_goodsid = '101324' ) AND ( (geval_image <> '') OR (geval_image_again <> '') ) LIMIT 1  
[2018-03-12 04:50:10] /shop/index.php?act=goods&goods_id=100591 ( act=goods&op=index ) 
ERR: Db Error: Unknown column 'geval_image_again' in 'where clause'
SELECT COUNT(*) AS nc_count FROM `zmkj_evaluate_goods` WHERE ( geval_goodsid = '100591' ) AND ( (geval_image <> '') OR (geval_image_again <> '') ) LIMIT 1  
[2018-03-12 04:52:25] /shop/index.php?act=goods&goods_id=101335 ( act=goods&op=index ) 
ERR: Db Error: Unknown column 'geval_image_again' in 'where clause'
SELECT COUNT(*) AS nc_count FROM `zmkj_evaluate_goods` WHERE ( geval_goodsid = '101335' ) AND ( (geval_image <> '') OR (geval_image_again <> '') ) LIMIT 1  
[2018-03-12 04:53:22] /shop/index.php?act=goods&op=index&goods_id=102021 ( act=goods&op=index ) 
ERR: Db Error: Unknown column 'geval_image_again' in 'where clause'
SELECT COUNT(*) AS nc_count FROM `zmkj_evaluate_goods` WHERE ( geval_goodsid = '102021' ) AND ( (geval_image <> '') OR (geval_image_again <> '') ) LIMIT 1  
[2018-03-12 04:54:40] /shop/index.php?act=goods&op=index&goods_id=101025 ( act=goods&op=index ) 
ERR: Db Error: Unknown column 'geval_image_again' in 'where clause'
SELECT COUNT(*) AS nc_count FROM `zmkj_evaluate_goods` WHERE ( geval_goodsid = '101025' ) AND ( (geval_image <> '') OR (geval_image_again <> '') ) LIMIT 1  
[2018-03-12 05:00:19] /shop/index.php?act=goods&goods_id=100505 ( act=goods&op=index ) 
ERR: Db Error: Unknown column 'geval_image_again' in 'where clause'
SELECT COUNT(*) AS nc_count FROM `zmkj_evaluate_goods` WHERE ( geval_goodsid = '100505' ) AND ( (geval_image <> '') OR (geval_image_again <> '') ) LIMIT 1  
[2018-03-12 05:00:20] /shop/index.php?act=goods&op=index&goods_id=101782 ( act=goods&op=index ) 
ERR: Db Error: Unknown column 'geval_image_again' in 'where clause'
SELECT COUNT(*) AS nc_count FROM `zmkj_evaluate_goods` WHERE ( geval_goodsid = '101782' ) AND ( (geval_image <> '') OR (geval_image_again <> '') ) LIMIT 1  
[2018-03-12 05:03:42] /shop/index.php?act=goods&op=index&goods_id=101499 ( act=goods&op=index ) 
ERR: Db Error: Unknown column 'geval_image_again' in 'where clause'
SELECT COUNT(*) AS nc_count FROM `zmkj_evaluate_goods` WHERE ( geval_goodsid = '101499' ) AND ( (geval_image <> '') OR (geval_image_again <> '') ) LIMIT 1  
[2018-03-12 05:08:47] /shop/index.php?act=goods&goods_id=101619 ( act=goods&op=index ) 
ERR: Db Error: Unknown column 'geval_image_again' in 'where clause'
SELECT COUNT(*) AS nc_count FROM `zmkj_evaluate_goods` WHERE ( geval_goodsid = '101619' ) AND ( (geval_image <> '') OR (geval_image_again <> '') ) LIMIT 1  
[2018-03-12 05:09:24] /shop/index.php?act=goods&goods_id=101112 ( act=goods&op=index ) 
ERR: Db Error: Unknown column 'geval_image_again' in 'where clause'
SELECT COUNT(*) AS nc_count FROM `zmkj_evaluate_goods` WHERE ( geval_goodsid = '101112' ) AND ( (geval_image <> '') OR (geval_image_again <> '') ) LIMIT 1  
[2018-03-12 05:19:30] /shop/index.php?act=goods&goods_id=100592 ( act=goods&op=index ) 
ERR: Db Error: Unknown column 'geval_image_again' in 'where clause'
SELECT COUNT(*) AS nc_count FROM `zmkj_evaluate_goods` WHERE ( geval_goodsid = '100592' ) AND ( (geval_image <> '') OR (geval_image_again <> '') ) LIMIT 1  
[2018-03-12 05:19:57] /shop/index.php?act=goods&op=index&goods_id=100570 ( act=goods&op=index ) 
ERR: Db Error: Unknown column 'geval_image_again' in 'where clause'
SELECT COUNT(*) AS nc_count FROM `zmkj_evaluate_goods` WHERE ( geval_goodsid = '100570' ) AND ( (geval_image <> '') OR (geval_image_again <> '') ) LIMIT 1  
[2018-03-12 05:25:05] /shop/index.php?act=goods&op=index&goods_id=101178 ( act=goods&op=index ) 
ERR: Db Error: Unknown column 'geval_image_again' in 'where clause'
SELECT COUNT(*) AS nc_count FROM `zmkj_evaluate_goods` WHERE ( geval_goodsid = '101178' ) AND ( (geval_image <> '') OR (geval_image_again <> '') ) LIMIT 1  
[2018-03-12 05:25:09] /shop/index.php?act=goods&op=index&goods_id=100679 ( act=goods&op=index ) 
ERR: Db Error: Unknown column 'geval_image_again' in 'where clause'
SELECT COUNT(*) AS nc_count FROM `zmkj_evaluate_goods` WHERE ( geval_goodsid = '100679' ) AND ( (geval_image <> '') OR (geval_image_again <> '') ) LIMIT 1  
[2018-03-12 05:27:20] /shop/index.php?act=goods&goods_id=100445 ( act=goods&op=index ) 
ERR: Db Error: Unknown column 'geval_image_again' in 'where clause'
SELECT COUNT(*) AS nc_count FROM `zmkj_evaluate_goods` WHERE ( geval_goodsid = '100445' ) AND ( (geval_image <> '') OR (geval_image_again <> '') ) LIMIT 1  
[2018-03-12 05:29:39] /shop/index.php?act=goods&op=index&goods_id=100859 ( act=goods&op=index ) 
ERR: Db Error: Unknown column 'geval_image_again' in 'where clause'
SELECT COUNT(*) AS nc_count FROM `zmkj_evaluate_goods` WHERE ( geval_goodsid = '100859' ) AND ( (geval_image <> '') OR (geval_image_again <> '') ) LIMIT 1  
[2018-03-12 05:30:47] /shop/index.php?act=goods&goods_id=101458 ( act=goods&op=index ) 
ERR: Db Error: Unknown column 'geval_image_again' in 'where clause'
SELECT COUNT(*) AS nc_count FROM `zmkj_evaluate_goods` WHERE ( geval_goodsid = '101458' ) AND ( (geval_image <> '') OR (geval_image_again <> '') ) LIMIT 1  
[2018-03-12 05:33:03] /shop/index.php?act=goods&op=index&goods_id=101630 ( act=goods&op=index ) 
ERR: Db Error: Unknown column 'geval_image_again' in 'where clause'
SELECT COUNT(*) AS nc_count FROM `zmkj_evaluate_goods` WHERE ( geval_goodsid = '101630' ) AND ( (geval_image <> '') OR (geval_image_again <> '') ) LIMIT 1  
[2018-03-12 05:33:45] /shop/index.php?act=goods&op=index&goods_id=101634 ( act=goods&op=index ) 
ERR: Db Error: Unknown column 'geval_image_again' in 'where clause'
SELECT COUNT(*) AS nc_count FROM `zmkj_evaluate_goods` WHERE ( geval_goodsid = '101634' ) AND ( (geval_image <> '') OR (geval_image_again <> '') ) LIMIT 1  
[2018-03-12 05:34:10] /shop/index.php?act=goods&op=index&goods_id=101640 ( act=goods&op=index ) 
ERR: Db Error: Unknown column 'geval_image_again' in 'where clause'
SELECT COUNT(*) AS nc_count FROM `zmkj_evaluate_goods` WHERE ( geval_goodsid = '101640' ) AND ( (geval_image <> '') OR (geval_image_again <> '') ) LIMIT 1  
[2018-03-12 05:36:26] /shop/index.php?act=goods&goods_id=100587 ( act=goods&op=index ) 
ERR: Db Error: Unknown column 'geval_image_again' in 'where clause'
SELECT COUNT(*) AS nc_count FROM `zmkj_evaluate_goods` WHERE ( geval_goodsid = '100587' ) AND ( (geval_image <> '') OR (geval_image_again <> '') ) LIMIT 1  
[2018-03-12 05:42:04] /shop/index.php?act=goods&op=index&goods_id=101525 ( act=goods&op=index ) 
ERR: Db Error: Unknown column 'geval_image_again' in 'where clause'
SELECT COUNT(*) AS nc_count FROM `zmkj_evaluate_goods` WHERE ( geval_goodsid = '101525' ) AND ( (geval_image <> '') OR (geval_image_again <> '') ) LIMIT 1  
[2018-03-12 05:55:37] /shop/index.php?act=goods&op=index&goods_id=102023 ( act=goods&op=index ) 
ERR: Db Error: Unknown column 'geval_image_again' in 'where clause'
SELECT COUNT(*) AS nc_count FROM `zmkj_evaluate_goods` WHERE ( geval_goodsid = '102023' ) AND ( (geval_image <> '') OR (geval_image_again <> '') ) LIMIT 1  
[2018-03-12 05:57:52] /shop/index.php?act=goods&op=index&goods_id=102099 ( act=goods&op=index ) 
ERR: Db Error: Unknown column 'geval_image_again' in 'where clause'
SELECT COUNT(*) AS nc_count FROM `zmkj_evaluate_goods` WHERE ( geval_goodsid = '102099' ) AND ( (geval_image <> '') OR (geval_image_again <> '') ) LIMIT 1  
[2018-03-12 06:09:02] /shop/index.php?act=goods&op=index&goods_id=100600 ( act=goods&op=index ) 
ERR: Db Error: Unknown column 'geval_image_again' in 'where clause'
SELECT COUNT(*) AS nc_count FROM `zmkj_evaluate_goods` WHERE ( geval_goodsid = '100600' ) AND ( (geval_image <> '') OR (geval_image_again <> '') ) LIMIT 1  
[2018-03-12 06:16:24] /shop/index.php?act=goods&op=index&goods_id=102189 ( act=goods&op=index ) 
ERR: Db Error: Unknown column 'geval_image_again' in 'where clause'
SELECT COUNT(*) AS nc_count FROM `zmkj_evaluate_goods` WHERE ( geval_goodsid = '102189' ) AND ( (geval_image <> '') OR (geval_image_again <> '') ) LIMIT 1  
[2018-03-12 06:21:34] /shop/index.php?act=goods&op=index&goods_id=102188 ( act=goods&op=index ) 
ERR: Db Error: Unknown column 'geval_image_again' in 'where clause'
SELECT COUNT(*) AS nc_count FROM `zmkj_evaluate_goods` WHERE ( geval_goodsid = '102188' ) AND ( (geval_image <> '') OR (geval_image_again <> '') ) LIMIT 1  
[2018-03-12 06:23:49] /shop/index.php?act=goods&op=index&goods_id=100490 ( act=goods&op=index ) 
ERR: Db Error: Unknown column 'geval_image_again' in 'where clause'
SELECT COUNT(*) AS nc_count FROM `zmkj_evaluate_goods` WHERE ( geval_goodsid = '100490' ) AND ( (geval_image <> '') OR (geval_image_again <> '') ) LIMIT 1  
[2018-03-12 06:28:23] /shop/index.php?act=goods&op=index&goods_id=100602 ( act=goods&op=index ) 
ERR: Db Error: Unknown column 'geval_image_again' in 'where clause'
SELECT COUNT(*) AS nc_count FROM `zmkj_evaluate_goods` WHERE ( geval_goodsid = '100602' ) AND ( (geval_image <> '') OR (geval_image_again <> '') ) LIMIT 1  
[2018-03-12 06:30:36] /shop/index.php?act=goods&op=index&goods_id=100903 ( act=goods&op=index ) 
ERR: Db Error: Unknown column 'geval_image_again' in 'where clause'
SELECT COUNT(*) AS nc_count FROM `zmkj_evaluate_goods` WHERE ( geval_goodsid = '100903' ) AND ( (geval_image <> '') OR (geval_image_again <> '') ) LIMIT 1  
[2018-03-12 06:36:10] /shop/index.php?act=goods&op=index&goods_id=101981 ( act=goods&op=index ) 
ERR: Db Error: Unknown column 'geval_image_again' in 'where clause'
SELECT COUNT(*) AS nc_count FROM `zmkj_evaluate_goods` WHERE ( geval_goodsid = '101981' ) AND ( (geval_image <> '') OR (geval_image_again <> '') ) LIMIT 1  
[2018-03-12 06:39:27] /shop/index.php?act=goods&goods_id=100913&op=comments_list ( act=goods&op=comments_list ) 
ERR: Db Error: Unknown column 'geval_image_again' in 'where clause'
SELECT COUNT(*) AS nc_count FROM `zmkj_evaluate_goods` WHERE ( geval_goodsid = '100913' ) AND ( (geval_image <> '') OR (geval_image_again <> '') ) LIMIT 1  
[2018-03-12 06:39:27] /shop/index.php?act=goods&goods_id=100562&op=comments_list ( act=goods&op=comments_list ) 
ERR: Db Error: Unknown column 'geval_image_again' in 'where clause'
SELECT COUNT(*) AS nc_count FROM `zmkj_evaluate_goods` WHERE ( geval_goodsid = '100562' ) AND ( (geval_image <> '') OR (geval_image_again <> '') ) LIMIT 1  
[2018-03-12 06:39:28] /shop/index.php?act=goods&goods_id=101429&op=comments_list ( act=goods&op=comments_list ) 
ERR: Db Error: Unknown column 'geval_image_again' in 'where clause'
SELECT COUNT(*) AS nc_count FROM `zmkj_evaluate_goods` WHERE ( geval_goodsid = '101429' ) AND ( (geval_image <> '') OR (geval_image_again <> '') ) LIMIT 1  
[2018-03-12 06:39:28] /shop/index.php?act=goods&goods_id=101143&op=comments_list ( act=goods&op=comments_list ) 
ERR: Db Error: Unknown column 'geval_image_again' in 'where clause'
SELECT COUNT(*) AS nc_count FROM `zmkj_evaluate_goods` WHERE ( geval_goodsid = '101143' ) AND ( (geval_image <> '') OR (geval_image_again <> '') ) LIMIT 1  
[2018-03-12 06:39:29] /shop/index.php?act=goods&goods_id=101777&op=comments_list ( act=goods&op=comments_list ) 
ERR: Db Error: Unknown column 'geval_image_again' in 'where clause'
SELECT COUNT(*) AS nc_count FROM `zmkj_evaluate_goods` WHERE ( geval_goodsid = '101777' ) AND ( (geval_image <> '') OR (geval_image_again <> '') ) LIMIT 1  
[2018-03-12 06:39:37] /shop/index.php?act=goods&op=index&goods_id=100952 ( act=goods&op=index ) 
ERR: Db Error: Unknown column 'geval_image_again' in 'where clause'
SELECT COUNT(*) AS nc_count FROM `zmkj_evaluate_goods` WHERE ( geval_goodsid = '100952' ) AND ( (geval_image <> '') OR (geval_image_again <> '') ) LIMIT 1  
[2018-03-12 06:40:36] /shop/index.php?act=goods&goods_id=101347&op=comments_list ( act=goods&op=comments_list ) 
ERR: Db Error: Unknown column 'geval_image_again' in 'where clause'
SELECT COUNT(*) AS nc_count FROM `zmkj_evaluate_goods` WHERE ( geval_goodsid = '101347' ) AND ( (geval_image <> '') OR (geval_image_again <> '') ) LIMIT 1  
[2018-03-12 06:54:26] /shop/index.php?act=goods&op=index&goods_id=100545 ( act=goods&op=index ) 
ERR: Db Error: Unknown column 'geval_image_again' in 'where clause'
SELECT COUNT(*) AS nc_count FROM `zmkj_evaluate_goods` WHERE ( geval_goodsid = '100545' ) AND ( (geval_image <> '') OR (geval_image_again <> '') ) LIMIT 1  
[2018-03-12 06:56:16] /shop/index.php?act=goods&op=index&goods_id=101901 ( act=goods&op=index ) 
ERR: Db Error: Unknown column 'geval_image_again' in 'where clause'
SELECT COUNT(*) AS nc_count FROM `zmkj_evaluate_goods` WHERE ( geval_goodsid = '101901' ) AND ( (geval_image <> '') OR (geval_image_again <> '') ) LIMIT 1  
[2018-03-12 06:57:41] /shop/index.php?act=goods&op=index&goods_id=101051 ( act=goods&op=index ) 
ERR: Db Error: Unknown column 'geval_image_again' in 'where clause'
SELECT COUNT(*) AS nc_count FROM `zmkj_evaluate_goods` WHERE ( geval_goodsid = '101051' ) AND ( (geval_image <> '') OR (geval_image_again <> '') ) LIMIT 1  
[2018-03-12 06:59:56] /shop/index.php?act=goods&op=index&goods_id=101825 ( act=goods&op=index ) 
ERR: Db Error: Unknown column 'geval_image_again' in 'where clause'
SELECT COUNT(*) AS nc_count FROM `zmkj_evaluate_goods` WHERE ( geval_goodsid = '101825' ) AND ( (geval_image <> '') OR (geval_image_again <> '') ) LIMIT 1  
[2018-03-12 07:04:27] /shop/index.php?act=goods&op=index&goods_id=100657 ( act=goods&op=index ) 
ERR: Db Error: Unknown column 'geval_image_again' in 'where clause'
SELECT COUNT(*) AS nc_count FROM `zmkj_evaluate_goods` WHERE ( geval_goodsid = '100657' ) AND ( (geval_image <> '') OR (geval_image_again <> '') ) LIMIT 1  
[2018-03-12 07:10:52] /shop/index.php?act=goods&goods_id=100474 ( act=goods&op=index ) 
ERR: Db Error: Unknown column 'geval_image_again' in 'where clause'
SELECT COUNT(*) AS nc_count FROM `zmkj_evaluate_goods` WHERE ( geval_goodsid = '100474' ) AND ( (geval_image <> '') OR (geval_image_again <> '') ) LIMIT 1  
[2018-03-12 07:12:21] /shop/index.php?act=goods&op=index&goods_id=100787 ( act=goods&op=index ) 
ERR: Db Error: Unknown column 'geval_image_again' in 'where clause'
SELECT COUNT(*) AS nc_count FROM `zmkj_evaluate_goods` WHERE ( geval_goodsid = '100787' ) AND ( (geval_image <> '') OR (geval_image_again <> '') ) LIMIT 1  
[2018-03-12 07:17:46] /shop/index.php?act=goods&op=index&goods_id=101573 ( act=goods&op=index ) 
ERR: Db Error: Unknown column 'geval_image_again' in 'where clause'
SELECT COUNT(*) AS nc_count FROM `zmkj_evaluate_goods` WHERE ( geval_goodsid = '101573' ) AND ( (geval_image <> '') OR (geval_image_again <> '') ) LIMIT 1  
[2018-03-12 07:39:26] /shop/index.php?act=goods&op=index&goods_id=100729 ( act=goods&op=index ) 
ERR: Db Error: Unknown column 'geval_image_again' in 'where clause'
SELECT COUNT(*) AS nc_count FROM `zmkj_evaluate_goods` WHERE ( geval_goodsid = '100729' ) AND ( (geval_image <> '') OR (geval_image_again <> '') ) LIMIT 1  
[2018-03-12 07:40:34] /shop/index.php?act=goods&op=index&goods_id=101534 ( act=goods&op=index ) 
ERR: Db Error: Unknown column 'geval_image_again' in 'where clause'
SELECT COUNT(*) AS nc_count FROM `zmkj_evaluate_goods` WHERE ( geval_goodsid = '101534' ) AND ( (geval_image <> '') OR (geval_image_again <> '') ) LIMIT 1  
[2018-03-12 07:42:49] /shop/index.php?act=goods&op=index&goods_id=101771 ( act=goods&op=index ) 
ERR: Db Error: Unknown column 'geval_image_again' in 'where clause'
SELECT COUNT(*) AS nc_count FROM `zmkj_evaluate_goods` WHERE ( geval_goodsid = '101771' ) AND ( (geval_image <> '') OR (geval_image_again <> '') ) LIMIT 1  
[2018-03-12 07:45:05] /shop/index.php?act=goods&goods_id=101332 ( act=goods&op=index ) 
ERR: Db Error: Unknown column 'geval_image_again' in 'where clause'
SELECT COUNT(*) AS nc_count FROM `zmkj_evaluate_goods` WHERE ( geval_goodsid = '101332' ) AND ( (geval_image <> '') OR (geval_image_again <> '') ) LIMIT 1  
[2018-03-12 07:50:47] /shop/index.php?act=goods&op=index&goods_id=101092 ( act=goods&op=index ) 
ERR: Db Error: Unknown column 'geval_image_again' in 'where clause'
SELECT COUNT(*) AS nc_count FROM `zmkj_evaluate_goods` WHERE ( geval_goodsid = '101092' ) AND ( (geval_image <> '') OR (geval_image_again <> '') ) LIMIT 1  
[2018-03-12 07:57:30] /shop/index.php?act=goods&op=index&goods_id=100600 ( act=goods&op=index ) 
ERR: Db Error: Unknown column 'geval_image_again' in 'where clause'
SELECT COUNT(*) AS nc_count FROM `zmkj_evaluate_goods` WHERE ( geval_goodsid = '100600' ) AND ( (geval_image <> '') OR (geval_image_again <> '') ) LIMIT 1  
[2018-03-12 08:00:53] /shop/index.php?act=goods&op=index&goods_id=100888 ( act=goods&op=index ) 
ERR: Db Error: Unknown column 'geval_image_again' in 'where clause'
SELECT COUNT(*) AS nc_count FROM `zmkj_evaluate_goods` WHERE ( geval_goodsid = '100888' ) AND ( (geval_image <> '') OR (geval_image_again <> '') ) LIMIT 1  
[2018-03-12 08:02:05] /shop/index.php?act=goods&op=index&goods_id=101197 ( act=goods&op=index ) 
ERR: Db Error: Unknown column 'geval_image_again' in 'where clause'
SELECT COUNT(*) AS nc_count FROM `zmkj_evaluate_goods` WHERE ( geval_goodsid = '101197' ) AND ( (geval_image <> '') OR (geval_image_again <> '') ) LIMIT 1  
[2018-03-12 08:03:08] /shop/index.php?act=goods&op=index&goods_id=101565 ( act=goods&op=index ) 
ERR: Db Error: Unknown column 'geval_image_again' in 'where clause'
SELECT COUNT(*) AS nc_count FROM `zmkj_evaluate_goods` WHERE ( geval_goodsid = '101565' ) AND ( (geval_image <> '') OR (geval_image_again <> '') ) LIMIT 1  
[2018-03-12 08:09:16] /shop/index.php?act=goods&op=index&goods_id=101756 ( act=goods&op=index ) 
ERR: Db Error: Unknown column 'geval_image_again' in 'where clause'
SELECT COUNT(*) AS nc_count FROM `zmkj_evaluate_goods` WHERE ( geval_goodsid = '101756' ) AND ( (geval_image <> '') OR (geval_image_again <> '') ) LIMIT 1  
[2018-03-12 08:12:10] /shop/index.php?act=goods&goods_id=100611 ( act=goods&op=index ) 
ERR: Db Error: Unknown column 'geval_image_again' in 'where clause'
SELECT COUNT(*) AS nc_count FROM `zmkj_evaluate_goods` WHERE ( geval_goodsid = '100611' ) AND ( (geval_image <> '') OR (geval_image_again <> '') ) LIMIT 1  
[2018-03-12 08:16:17] /shop/index.php?act=goods&op=index&goods_id=100794 ( act=goods&op=index ) 
ERR: Db Error: Unknown column 'geval_image_again' in 'where clause'
SELECT COUNT(*) AS nc_count FROM `zmkj_evaluate_goods` WHERE ( geval_goodsid = '100794' ) AND ( (geval_image <> '') OR (geval_image_again <> '') ) LIMIT 1  
[2018-03-12 08:17:11] /shop/index.php?act=goods&op=index&goods_id=100709 ( act=goods&op=index ) 
ERR: Db Error: Unknown column 'geval_image_again' in 'where clause'
SELECT COUNT(*) AS nc_count FROM `zmkj_evaluate_goods` WHERE ( geval_goodsid = '100709' ) AND ( (geval_image <> '') OR (geval_image_again <> '') ) LIMIT 1  
[2018-03-12 08:26:51] /shop/index.php?act=goods&op=index&goods_id=101651 ( act=goods&op=index ) 
ERR: Db Error: Unknown column 'geval_image_again' in 'where clause'
SELECT COUNT(*) AS nc_count FROM `zmkj_evaluate_goods` WHERE ( geval_goodsid = '101651' ) AND ( (geval_image <> '') OR (geval_image_again <> '') ) LIMIT 1  
[2018-03-12 08:27:16] /shop/index.php?act=goods&op=index&goods_id=102051 ( act=goods&op=index ) 
ERR: Db Error: Unknown column 'geval_image_again' in 'where clause'
SELECT COUNT(*) AS nc_count FROM `zmkj_evaluate_goods` WHERE ( geval_goodsid = '102051' ) AND ( (geval_image <> '') OR (geval_image_again <> '') ) LIMIT 1  
[2018-03-12 08:30:51] /shop/index.php?act=goods&op=index&goods_id=101025 ( act=goods&op=index ) 
ERR: Db Error: Unknown column 'geval_image_again' in 'where clause'
SELECT COUNT(*) AS nc_count FROM `zmkj_evaluate_goods` WHERE ( geval_goodsid = '101025' ) AND ( (geval_image <> '') OR (geval_image_again <> '') ) LIMIT 1  
[2018-03-12 08:33:36] /shop/index.php?act=goods&op=index&goods_id=102189 ( act=goods&op=index ) 
ERR: Db Error: Unknown column 'geval_image_again' in 'where clause'
SELECT COUNT(*) AS nc_count FROM `zmkj_evaluate_goods` WHERE ( geval_goodsid = '102189' ) AND ( (geval_image <> '') OR (geval_image_again <> '') ) LIMIT 1  
[2018-03-12 08:34:39] /shop/index.php?act=goods&op=index&goods_id=102021 ( act=goods&op=index ) 
ERR: Db Error: Unknown column 'geval_image_again' in 'where clause'
SELECT COUNT(*) AS nc_count FROM `zmkj_evaluate_goods` WHERE ( geval_goodsid = '102021' ) AND ( (geval_image <> '') OR (geval_image_again <> '') ) LIMIT 1  
[2018-03-12 08:40:17] /shop/index.php?act=goods&op=index&goods_id=102220 ( act=goods&op=index ) 
ERR: Db Error: Unknown column 'geval_image_again' in 'where clause'
SELECT COUNT(*) AS nc_count FROM `zmkj_evaluate_goods` WHERE ( geval_goodsid = '102220' ) AND ( (geval_image <> '') OR (geval_image_again <> '') ) LIMIT 1  
[2018-03-12 08:41:30] /shop/index.php?act=goods&op=index&goods_id=101030 ( act=goods&op=index ) 
ERR: Db Error: Unknown column 'geval_image_again' in 'where clause'
SELECT COUNT(*) AS nc_count FROM `zmkj_evaluate_goods` WHERE ( geval_goodsid = '101030' ) AND ( (geval_image <> '') OR (geval_image_again <> '') ) LIMIT 1  
[2018-03-12 08:44:54] /shop/index.php?act=goods&goods_id=101332 ( act=goods&op=index ) 
ERR: Db Error: Unknown column 'geval_image_again' in 'where clause'
SELECT COUNT(*) AS nc_count FROM `zmkj_evaluate_goods` WHERE ( geval_goodsid = '101332' ) AND ( (geval_image <> '') OR (geval_image_again <> '') ) LIMIT 1  
[2018-03-12 08:49:24] /shop/index.php?act=goods&op=index&goods_id=101835 ( act=goods&op=index ) 
ERR: Db Error: Unknown column 'geval_image_again' in 'where clause'
SELECT COUNT(*) AS nc_count FROM `zmkj_evaluate_goods` WHERE ( geval_goodsid = '101835' ) AND ( (geval_image <> '') OR (geval_image_again <> '') ) LIMIT 1  
[2018-03-12 08:51:40] /shop/index.php?act=goods&op=index&goods_id=102220 ( act=goods&op=index ) 
ERR: Db Error: Unknown column 'geval_image_again' in 'where clause'
SELECT COUNT(*) AS nc_count FROM `zmkj_evaluate_goods` WHERE ( geval_goodsid = '102220' ) AND ( (geval_image <> '') OR (geval_image_again <> '') ) LIMIT 1  
[2018-03-12 08:59:18] /shop/index.php?act=goods&op=index&goods_id=101328 ( act=goods&op=index ) 
ERR: Db Error: Unknown column 'geval_image_again' in 'where clause'
SELECT COUNT(*) AS nc_count FROM `zmkj_evaluate_goods` WHERE ( geval_goodsid = '101328' ) AND ( (geval_image <> '') OR (geval_image_again <> '') ) LIMIT 1  
[2018-03-12 09:01:49] /shop/index.php?act=goods&op=index&goods_id=102092 ( act=goods&op=index ) 
ERR: Db Error: Unknown column 'geval_image_again' in 'where clause'
SELECT COUNT(*) AS nc_count FROM `zmkj_evaluate_goods` WHERE ( geval_goodsid = '102092' ) AND ( (geval_image <> '') OR (geval_image_again <> '') ) LIMIT 1  
[2018-03-12 09:12:09] /shop/index.php?act=goods&op=index&goods_id=101227 ( act=goods&op=index ) 
ERR: Db Error: Unknown column 'geval_image_again' in 'where clause'
SELECT COUNT(*) AS nc_count FROM `zmkj_evaluate_goods` WHERE ( geval_goodsid = '101227' ) AND ( (geval_image <> '') OR (geval_image_again <> '') ) LIMIT 1  
[2018-03-12 09:27:47] /shop/index.php?act=goods&goods_id=100451 ( act=goods&op=index ) 
ERR: Db Error: Unknown column 'geval_image_again' in 'where clause'
SELECT COUNT(*) AS nc_count FROM `zmkj_evaluate_goods` WHERE ( geval_goodsid = '100451' ) AND ( (geval_image <> '') OR (geval_image_again <> '') ) LIMIT 1  
[2018-03-12 09:30:43] /mobile/index.php?act=goods&op=goods_list&page=10&curpage=1 ( act=goods&op=goods_list ) 
ERR: Db Error: Unknown column 'nc_distinct' in 'group statement'
SELECT COUNT(*) AS nc_count FROM `zmkj_goods_common` WHERE ( store_id = '1' ) AND ( goods_state = '1' ) AND ( goods_verify = '1' ) GROUP BY nc_distinct ORDER BY is_own_shop desc,goods_id desc LIMIT 1  
[2018-03-12 09:30:45] /shop/index.php?act=goods&op=index&goods_id=101988 ( act=goods&op=index ) 
ERR: Db Error: Unknown column 'geval_image_again' in 'where clause'
SELECT COUNT(*) AS nc_count FROM `zmkj_evaluate_goods` WHERE ( geval_goodsid = '101988' ) AND ( (geval_image <> '') OR (geval_image_again <> '') ) LIMIT 1  
[2018-03-12 09:41:46] /shop/index.php?act=goods&goods_id=100747 ( act=goods&op=index ) 
ERR: Db Error: Unknown column 'geval_image_again' in 'where clause'
SELECT COUNT(*) AS nc_count FROM `zmkj_evaluate_goods` WHERE ( geval_goodsid = '100747' ) AND ( (geval_image <> '') OR (geval_image_again <> '') ) LIMIT 1  
[2018-03-12 09:44:41] /shop/index.php?act=goods&op=index&goods_id=101793 ( act=goods&op=index ) 
ERR: Db Error: Unknown column 'geval_image_again' in 'where clause'
SELECT COUNT(*) AS nc_count FROM `zmkj_evaluate_goods` WHERE ( geval_goodsid = '101793' ) AND ( (geval_image <> '') OR (geval_image_again <> '') ) LIMIT 1  
[2018-03-12 09:46:58] /shop/index.php?act=goods&op=index&goods_id=101749 ( act=goods&op=index ) 
ERR: Db Error: Unknown column 'geval_image_again' in 'where clause'
SELECT COUNT(*) AS nc_count FROM `zmkj_evaluate_goods` WHERE ( geval_goodsid = '101749' ) AND ( (geval_image <> '') OR (geval_image_again <> '') ) LIMIT 1  
[2018-03-12 09:52:58] /shop/index.php?act=goods&op=index&goods_id=101599 ( act=goods&op=index ) 
ERR: Db Error: Unknown column 'geval_image_again' in 'where clause'
SELECT COUNT(*) AS nc_count FROM `zmkj_evaluate_goods` WHERE ( geval_goodsid = '101599' ) AND ( (geval_image <> '') OR (geval_image_again <> '') ) LIMIT 1  
[2018-03-12 09:54:52] /shop/index.php?act=goods&goods_id=100504 ( act=goods&op=index ) 
ERR: Db Error: Unknown column 'geval_image_again' in 'where clause'
SELECT COUNT(*) AS nc_count FROM `zmkj_evaluate_goods` WHERE ( geval_goodsid = '100504' ) AND ( (geval_image <> '') OR (geval_image_again <> '') ) LIMIT 1  
[2018-03-12 09:56:00] /shop/index.php?act=goods&goods_id=100538 ( act=goods&op=index ) 
ERR: Db Error: Unknown column 'geval_image_again' in 'where clause'
SELECT COUNT(*) AS nc_count FROM `zmkj_evaluate_goods` WHERE ( geval_goodsid = '100538' ) AND ( (geval_image <> '') OR (geval_image_again <> '') ) LIMIT 1  
[2018-03-12 10:00:32] /shop/index.php?act=goods&op=index&goods_id=101175 ( act=goods&op=index ) 
ERR: Db Error: Unknown column 'geval_image_again' in 'where clause'
SELECT COUNT(*) AS nc_count FROM `zmkj_evaluate_goods` WHERE ( geval_goodsid = '101175' ) AND ( (geval_image <> '') OR (geval_image_again <> '') ) LIMIT 1  
[2018-03-12 10:03:53] /shop/index.php?act=goods&op=index&goods_id=102021 ( act=goods&op=index ) 
ERR: Db Error: Unknown column 'geval_image_again' in 'where clause'
SELECT COUNT(*) AS nc_count FROM `zmkj_evaluate_goods` WHERE ( geval_goodsid = '102021' ) AND ( (geval_image <> '') OR (geval_image_again <> '') ) LIMIT 1  
[2018-03-12 10:04:03] /shop/index.php?act=goods&goods_id=100518 ( act=goods&op=index ) 
ERR: Db Error: Unknown column 'geval_image_again' in 'where clause'
SELECT COUNT(*) AS nc_count FROM `zmkj_evaluate_goods` WHERE ( geval_goodsid = '100518' ) AND ( (geval_image <> '') OR (geval_image_again <> '') ) LIMIT 1  
[2018-03-12 10:04:49] /shop/index.php?act=goods&op=index&goods_id=101793 ( act=goods&op=index ) 
ERR: Db Error: Unknown column 'geval_image_again' in 'where clause'
SELECT COUNT(*) AS nc_count FROM `zmkj_evaluate_goods` WHERE ( geval_goodsid = '101793' ) AND ( (geval_image <> '') OR (geval_image_again <> '') ) LIMIT 1  
[2018-03-12 10:06:09] /shop/index.php?act=goods&goods_id=101619 ( act=goods&op=index ) 
ERR: Db Error: Unknown column 'geval_image_again' in 'where clause'
SELECT COUNT(*) AS nc_count FROM `zmkj_evaluate_goods` WHERE ( geval_goodsid = '101619' ) AND ( (geval_image <> '') OR (geval_image_again <> '') ) LIMIT 1  
[2018-03-12 10:14:07] /shop/index.php?act=goods&op=index&goods_id=100751 ( act=goods&op=index ) 
ERR: Db Error: Unknown column 'geval_image_again' in 'where clause'
SELECT COUNT(*) AS nc_count FROM `zmkj_evaluate_goods` WHERE ( geval_goodsid = '100751' ) AND ( (geval_image <> '') OR (geval_image_again <> '') ) LIMIT 1  
[2018-03-12 10:14:52] /shop/index.php?act=goods&op=index&goods_id=101497 ( act=goods&op=index ) 
ERR: Db Error: Unknown column 'geval_image_again' in 'where clause'
SELECT COUNT(*) AS nc_count FROM `zmkj_evaluate_goods` WHERE ( geval_goodsid = '101497' ) AND ( (geval_image <> '') OR (geval_image_again <> '') ) LIMIT 1  
[2018-03-12 10:17:26] /shop/index.php?act=goods&op=index&goods_id=101328 ( act=goods&op=index ) 
ERR: Db Error: Unknown column 'geval_image_again' in 'where clause'
SELECT COUNT(*) AS nc_count FROM `zmkj_evaluate_goods` WHERE ( geval_goodsid = '101328' ) AND ( (geval_image <> '') OR (geval_image_again <> '') ) LIMIT 1  
[2018-03-12 10:27:46] /shop/index.php?act=goods&goods_id=101324 ( act=goods&op=index ) 
ERR: Db Error: Unknown column 'geval_image_again' in 'where clause'
SELECT COUNT(*) AS nc_count FROM `zmkj_evaluate_goods` WHERE ( geval_goodsid = '101324' ) AND ( (geval_image <> '') OR (geval_image_again <> '') ) LIMIT 1  
[2018-03-12 10:29:50] /shop/index.php?act=goods&goods_id=100545 ( act=goods&op=index ) 
ERR: Db Error: Unknown column 'geval_image_again' in 'where clause'
SELECT COUNT(*) AS nc_count FROM `zmkj_evaluate_goods` WHERE ( geval_goodsid = '100545' ) AND ( (geval_image <> '') OR (geval_image_again <> '') ) LIMIT 1  
[2018-03-12 10:36:34] /shop/index.php?act=goods&op=index&goods_id=101392 ( act=goods&op=index ) 
ERR: Db Error: Unknown column 'geval_image_again' in 'where clause'
SELECT COUNT(*) AS nc_count FROM `zmkj_evaluate_goods` WHERE ( geval_goodsid = '101392' ) AND ( (geval_image <> '') OR (geval_image_again <> '') ) LIMIT 1  
[2018-03-12 10:38:19] /shop/index.php?act=goods&goods_id=100590 ( act=goods&op=index ) 
ERR: Db Error: Unknown column 'geval_image_again' in 'where clause'
SELECT COUNT(*) AS nc_count FROM `zmkj_evaluate_goods` WHERE ( geval_goodsid = '100590' ) AND ( (geval_image <> '') OR (geval_image_again <> '') ) LIMIT 1  
[2018-03-12 10:43:23] /shop/index.php?act=goods&op=index&goods_id=101818 ( act=goods&op=index ) 
ERR: Db Error: Unknown column 'geval_image_again' in 'where clause'
SELECT COUNT(*) AS nc_count FROM `zmkj_evaluate_goods` WHERE ( geval_goodsid = '101818' ) AND ( (geval_image <> '') OR (geval_image_again <> '') ) LIMIT 1  
[2018-03-12 10:56:56] /shop/index.php?act=goods&goods_id=100541 ( act=goods&op=index ) 
ERR: Db Error: Unknown column 'geval_image_again' in 'where clause'
SELECT COUNT(*) AS nc_count FROM `zmkj_evaluate_goods` WHERE ( geval_goodsid = '100541' ) AND ( (geval_image <> '') OR (geval_image_again <> '') ) LIMIT 1  
[2018-03-12 10:58:59] /shop/index.php?act=goods&op=index&goods_id=101197 ( act=goods&op=index ) 
ERR: Db Error: Unknown column 'geval_image_again' in 'where clause'
SELECT COUNT(*) AS nc_count FROM `zmkj_evaluate_goods` WHERE ( geval_goodsid = '101197' ) AND ( (geval_image <> '') OR (geval_image_again <> '') ) LIMIT 1  
[2018-03-12 11:24:19] /shop/index.php?act=goods&op=index&goods_id=100487 ( act=goods&op=index ) 
ERR: Db Error: Unknown column 'geval_image_again' in 'where clause'
SELECT COUNT(*) AS nc_count FROM `zmkj_evaluate_goods` WHERE ( geval_goodsid = '100487' ) AND ( (geval_image <> '') OR (geval_image_again <> '') ) LIMIT 1  
[2018-03-12 11:24:52] /shop/index.php?act=goods&op=index&goods_id=101392 ( act=goods&op=index ) 
ERR: Db Error: Unknown column 'geval_image_again' in 'where clause'
SELECT COUNT(*) AS nc_count FROM `zmkj_evaluate_goods` WHERE ( geval_goodsid = '101392' ) AND ( (geval_image <> '') OR (geval_image_again <> '') ) LIMIT 1  
[2018-03-12 11:25:36] /shop/index.php?act=goods&goods_id=100504 ( act=goods&op=index ) 
ERR: Db Error: Unknown column 'geval_image_again' in 'where clause'
SELECT COUNT(*) AS nc_count FROM `zmkj_evaluate_goods` WHERE ( geval_goodsid = '100504' ) AND ( (geval_image <> '') OR (geval_image_again <> '') ) LIMIT 1  
[2018-03-12 11:30:37] /shop/index.php?act=goods&op=index&goods_id=102231 ( act=goods&op=index ) 
ERR: Db Error: Unknown column 'geval_image_again' in 'where clause'
SELECT COUNT(*) AS nc_count FROM `zmkj_evaluate_goods` WHERE ( geval_goodsid = '102231' ) AND ( (geval_image <> '') OR (geval_image_again <> '') ) LIMIT 1  
[2018-03-12 11:31:01] /shop/index.php?act=goods&op=index&goods_id=101871 ( act=goods&op=index ) 
ERR: Db Error: Unknown column 'geval_image_again' in 'where clause'
SELECT COUNT(*) AS nc_count FROM `zmkj_evaluate_goods` WHERE ( geval_goodsid = '101871' ) AND ( (geval_image <> '') OR (geval_image_again <> '') ) LIMIT 1  
[2018-03-12 11:48:36] /shop/index.php?act=goods&op=index&goods_id=101551 ( act=goods&op=index ) 
ERR: Db Error: Unknown column 'geval_image_again' in 'where clause'
SELECT COUNT(*) AS nc_count FROM `zmkj_evaluate_goods` WHERE ( geval_goodsid = '101551' ) AND ( (geval_image <> '') OR (geval_image_again <> '') ) LIMIT 1  
[2018-03-12 11:52:19] /shop/index.php?act=goods&op=index&goods_id=101835 ( act=goods&op=index ) 
ERR: Db Error: Unknown column 'geval_image_again' in 'where clause'
SELECT COUNT(*) AS nc_count FROM `zmkj_evaluate_goods` WHERE ( geval_goodsid = '101835' ) AND ( (geval_image <> '') OR (geval_image_again <> '') ) LIMIT 1  
[2018-03-12 11:52:46] /shop/index.php?act=goods&goods_id=100611 ( act=goods&op=index ) 
ERR: Db Error: Unknown column 'geval_image_again' in 'where clause'
SELECT COUNT(*) AS nc_count FROM `zmkj_evaluate_goods` WHERE ( geval_goodsid = '100611' ) AND ( (geval_image <> '') OR (geval_image_again <> '') ) LIMIT 1  
[2018-03-12 11:56:04] /shop/index.php?act=goods&op=index&goods_id=101255 ( act=goods&op=index ) 
ERR: Db Error: Unknown column 'geval_image_again' in 'where clause'
SELECT COUNT(*) AS nc_count FROM `zmkj_evaluate_goods` WHERE ( geval_goodsid = '101255' ) AND ( (geval_image <> '') OR (geval_image_again <> '') ) LIMIT 1  
[2018-03-12 12:00:46] /shop/index.php?act=goods&op=index&goods_id=100952 ( act=goods&op=index ) 
ERR: Db Error: Unknown column 'geval_image_again' in 'where clause'
SELECT COUNT(*) AS nc_count FROM `zmkj_evaluate_goods` WHERE ( geval_goodsid = '100952' ) AND ( (geval_image <> '') OR (geval_image_again <> '') ) LIMIT 1  
[2018-03-12 12:03:56] /shop/index.php?act=goods&op=index&goods_id=101227 ( act=goods&op=index ) 
ERR: Db Error: Unknown column 'geval_image_again' in 'where clause'
SELECT COUNT(*) AS nc_count FROM `zmkj_evaluate_goods` WHERE ( geval_goodsid = '101227' ) AND ( (geval_image <> '') OR (geval_image_again <> '') ) LIMIT 1  
[2018-03-12 12:09:09] /shop/index.php?act=goods&op=comments_list&goods_id=101332 ( act=goods&op=comments_list ) 
ERR: Db Error: Unknown column 'geval_image_again' in 'where clause'
SELECT COUNT(*) AS nc_count FROM `zmkj_evaluate_goods` WHERE ( geval_goodsid = '101332' ) AND ( (geval_image <> '') OR (geval_image_again <> '') ) LIMIT 1  
[2018-03-12 12:10:17] /shop/index.php?act=goods&op=index&goods_id=102100 ( act=goods&op=index ) 
ERR: Db Error: Unknown column 'geval_image_again' in 'where clause'
SELECT COUNT(*) AS nc_count FROM `zmkj_evaluate_goods` WHERE ( geval_goodsid = '102100' ) AND ( (geval_image <> '') OR (geval_image_again <> '') ) LIMIT 1  
[2018-03-12 12:18:11] /shop/index.php?act=goods&op=index&goods_id=102250 ( act=goods&op=index ) 
ERR: Db Error: Unknown column 'geval_image_again' in 'where clause'
SELECT COUNT(*) AS nc_count FROM `zmkj_evaluate_goods` WHERE ( geval_goodsid = '102250' ) AND ( (geval_image <> '') OR (geval_image_again <> '') ) LIMIT 1  
[2018-03-12 12:29:28] /shop/index.php?act=goods&op=index&goods_id=102141 ( act=goods&op=index ) 
ERR: Db Error: Unknown column 'geval_image_again' in 'where clause'
SELECT COUNT(*) AS nc_count FROM `zmkj_evaluate_goods` WHERE ( geval_goodsid = '102141' ) AND ( (geval_image <> '') OR (geval_image_again <> '') ) LIMIT 1  
[2018-03-12 12:31:43] /shop/index.php?act=goods&op=index&goods_id=102231 ( act=goods&op=index ) 
ERR: Db Error: Unknown column 'geval_image_again' in 'where clause'
SELECT COUNT(*) AS nc_count FROM `zmkj_evaluate_goods` WHERE ( geval_goodsid = '102231' ) AND ( (geval_image <> '') OR (geval_image_again <> '') ) LIMIT 1  
[2018-03-12 12:35:07] /shop/index.php?act=goods&op=index&goods_id=101573 ( act=goods&op=index ) 
ERR: Db Error: Unknown column 'geval_image_again' in 'where clause'
SELECT COUNT(*) AS nc_count FROM `zmkj_evaluate_goods` WHERE ( geval_goodsid = '101573' ) AND ( (geval_image <> '') OR (geval_image_again <> '') ) LIMIT 1  
[2018-03-12 12:44:40] /shop/index.php?act=goods&goods_id=101458 ( act=goods&op=index ) 
ERR: Db Error: Unknown column 'geval_image_again' in 'where clause'
SELECT COUNT(*) AS nc_count FROM `zmkj_evaluate_goods` WHERE ( geval_goodsid = '101458' ) AND ( (geval_image <> '') OR (geval_image_again <> '') ) LIMIT 1  
[2018-03-12 12:47:32] /shop/index.php?act=goods&goods_id=100579 ( act=goods&op=index ) 
ERR: Db Error: Unknown column 'geval_image_again' in 'where clause'
SELECT COUNT(*) AS nc_count FROM `zmkj_evaluate_goods` WHERE ( geval_goodsid = '100579' ) AND ( (geval_image <> '') OR (geval_image_again <> '') ) LIMIT 1  
[2018-03-12 12:51:13] /shop/index.php?act=goods&op=comments_list&goods_id=101332 ( act=goods&op=comments_list ) 
ERR: Db Error: Unknown column 'geval_image_again' in 'where clause'
SELECT COUNT(*) AS nc_count FROM `zmkj_evaluate_goods` WHERE ( geval_goodsid = '101332' ) AND ( (geval_image <> '') OR (geval_image_again <> '') ) LIMIT 1  
[2018-03-12 12:52:02] /shop/index.php?act=goods&op=index&goods_id=101097 ( act=goods&op=index ) 
ERR: Db Error: Unknown column 'geval_image_again' in 'where clause'
SELECT COUNT(*) AS nc_count FROM `zmkj_evaluate_goods` WHERE ( geval_goodsid = '101097' ) AND ( (geval_image <> '') OR (geval_image_again <> '') ) LIMIT 1  
[2018-03-12 12:53:02] /shop/index.php?act=goods&op=index&goods_id=101274 ( act=goods&op=index ) 
ERR: Db Error: Unknown column 'geval_image_again' in 'where clause'
SELECT COUNT(*) AS nc_count FROM `zmkj_evaluate_goods` WHERE ( geval_goodsid = '101274' ) AND ( (geval_image <> '') OR (geval_image_again <> '') ) LIMIT 1  
[2018-03-12 13:02:30] /shop/index.php?act=goods&op=index&goods_id=101232 ( act=goods&op=index ) 
ERR: Db Error: Unknown column 'geval_image_again' in 'where clause'
SELECT COUNT(*) AS nc_count FROM `zmkj_evaluate_goods` WHERE ( geval_goodsid = '101232' ) AND ( (geval_image <> '') OR (geval_image_again <> '') ) LIMIT 1  
[2018-03-12 13:03:30] /shop/index.php?act=goods&op=index&goods_id=101232 ( act=goods&op=index ) 
ERR: Db Error: Unknown column 'geval_image_again' in 'where clause'
SELECT COUNT(*) AS nc_count FROM `zmkj_evaluate_goods` WHERE ( geval_goodsid = '101232' ) AND ( (geval_image <> '') OR (geval_image_again <> '') ) LIMIT 1  
[2018-03-12 13:06:10] /shop/index.php?act=goods&op=index&goods_id=100787 ( act=goods&op=index ) 
ERR: Db Error: Unknown column 'geval_image_again' in 'where clause'
SELECT COUNT(*) AS nc_count FROM `zmkj_evaluate_goods` WHERE ( geval_goodsid = '100787' ) AND ( (geval_image <> '') OR (geval_image_again <> '') ) LIMIT 1  
[2018-03-12 13:12:48] /shop/index.php?act=goods&op=index&goods_id=101250 ( act=goods&op=index ) 
ERR: Db Error: Unknown column 'geval_image_again' in 'where clause'
SELECT COUNT(*) AS nc_count FROM `zmkj_evaluate_goods` WHERE ( geval_goodsid = '101250' ) AND ( (geval_image <> '') OR (geval_image_again <> '') ) LIMIT 1  
[2018-03-12 13:22:49] /shop/index.php?act=goods&op=index&goods_id=100677 ( act=goods&op=index ) 
ERR: Db Error: Unknown column 'geval_image_again' in 'where clause'
SELECT COUNT(*) AS nc_count FROM `zmkj_evaluate_goods` WHERE ( geval_goodsid = '100677' ) AND ( (geval_image <> '') OR (geval_image_again <> '') ) LIMIT 1  
[2018-03-12 13:26:58] /shop/index.php?act=goods&goods_id=102101 ( act=goods&op=index ) 
ERR: Db Error: Unknown column 'geval_image_again' in 'where clause'
SELECT COUNT(*) AS nc_count FROM `zmkj_evaluate_goods` WHERE ( geval_goodsid = '102101' ) AND ( (geval_image <> '') OR (geval_image_again <> '') ) LIMIT 1  
[2018-03-12 13:31:33] /shop/index.php?act=goods&op=index&goods_id=100619 ( act=goods&op=index ) 
ERR: Db Error: Unknown column 'geval_image_again' in 'where clause'
SELECT COUNT(*) AS nc_count FROM `zmkj_evaluate_goods` WHERE ( geval_goodsid = '100619' ) AND ( (geval_image <> '') OR (geval_image_again <> '') ) LIMIT 1  
[2018-03-12 13:33:47] /shop/index.php?act=goods&op=index&goods_id=101099 ( act=goods&op=index ) 
ERR: Db Error: Unknown column 'geval_image_again' in 'where clause'
SELECT COUNT(*) AS nc_count FROM `zmkj_evaluate_goods` WHERE ( geval_goodsid = '101099' ) AND ( (geval_image <> '') OR (geval_image_again <> '') ) LIMIT 1  
[2018-03-12 13:42:49] /shop/index.php?act=goods&goods_id=100478 ( act=goods&op=index ) 
ERR: Db Error: Unknown column 'geval_image_again' in 'where clause'
SELECT COUNT(*) AS nc_count FROM `zmkj_evaluate_goods` WHERE ( geval_goodsid = '100478' ) AND ( (geval_image <> '') OR (geval_image_again <> '') ) LIMIT 1  
[2018-03-12 13:46:33] /shop/index.php?act=goods&op=index&goods_id=101825 ( act=goods&op=index ) 
ERR: Db Error: Unknown column 'geval_image_again' in 'where clause'
SELECT COUNT(*) AS nc_count FROM `zmkj_evaluate_goods` WHERE ( geval_goodsid = '101825' ) AND ( (geval_image <> '') OR (geval_image_again <> '') ) LIMIT 1  
[2018-03-12 13:47:15] /shop/index.php?act=goods&op=index&goods_id=101051 ( act=goods&op=index ) 
ERR: Db Error: Unknown column 'geval_image_again' in 'where clause'
SELECT COUNT(*) AS nc_count FROM `zmkj_evaluate_goods` WHERE ( geval_goodsid = '101051' ) AND ( (geval_image <> '') OR (geval_image_again <> '') ) LIMIT 1  
[2018-03-12 13:49:35] /shop/index.php?act=goods&op=index&goods_id=100592 ( act=goods&op=index ) 
ERR: Db Error: Unknown column 'geval_image_again' in 'where clause'
SELECT COUNT(*) AS nc_count FROM `zmkj_evaluate_goods` WHERE ( geval_goodsid = '100592' ) AND ( (geval_image <> '') OR (geval_image_again <> '') ) LIMIT 1  
[2018-03-12 14:04:05] /shop/index.php?act=goods&op=index&goods_id=101576 ( act=goods&op=index ) 
ERR: Db Error: Unknown column 'geval_image_again' in 'where clause'
SELECT COUNT(*) AS nc_count FROM `zmkj_evaluate_goods` WHERE ( geval_goodsid = '101576' ) AND ( (geval_image <> '') OR (geval_image_again <> '') ) LIMIT 1  
[2018-03-12 14:05:24] /shop/index.php?act=goods&op=index&goods_id=101406 ( act=goods&op=index ) 
ERR: Db Error: Unknown column 'geval_image_again' in 'where clause'
SELECT COUNT(*) AS nc_count FROM `zmkj_evaluate_goods` WHERE ( geval_goodsid = '101406' ) AND ( (geval_image <> '') OR (geval_image_again <> '') ) LIMIT 1  
[2018-03-12 14:07:20] /shop/index.php?act=goods&op=index&goods_id=101255&wd=&eqid=834a3a02000025f4000000025aa5fa07 ( act=goods&op=index ) 
ERR: Db Error: Unknown column 'geval_image_again' in 'where clause'
SELECT COUNT(*) AS nc_count FROM `zmkj_evaluate_goods` WHERE ( geval_goodsid = '101255' ) AND ( (geval_image <> '') OR (geval_image_again <> '') ) LIMIT 1  
[2018-03-12 14:07:39] /shop/index.php?act=goods&op=index&goods_id=101497 ( act=goods&op=index ) 
ERR: Db Error: Unknown column 'geval_image_again' in 'where clause'
SELECT COUNT(*) AS nc_count FROM `zmkj_evaluate_goods` WHERE ( geval_goodsid = '101497' ) AND ( (geval_image <> '') OR (geval_image_again <> '') ) LIMIT 1  
[2018-03-12 14:11:21] /shop/index.php?act=goods&goods_id=100545 ( act=goods&op=index ) 
ERR: Db Error: Unknown column 'geval_image_again' in 'where clause'
SELECT COUNT(*) AS nc_count FROM `zmkj_evaluate_goods` WHERE ( geval_goodsid = '100545' ) AND ( (geval_image <> '') OR (geval_image_again <> '') ) LIMIT 1  
[2018-03-12 14:24:12] /shop/index.php?act=goods&goods_id=100624 ( act=goods&op=index ) 
ERR: Db Error: Unknown column 'geval_image_again' in 'where clause'
SELECT COUNT(*) AS nc_count FROM `zmkj_evaluate_goods` WHERE ( geval_goodsid = '100624' ) AND ( (geval_image <> '') OR (geval_image_again <> '') ) LIMIT 1  
[2018-03-12 14:27:40] /shop/index.php?act=goods&op=index&goods_id=101112 ( act=goods&op=index ) 
ERR: Db Error: Unknown column 'geval_image_again' in 'where clause'
SELECT COUNT(*) AS nc_count FROM `zmkj_evaluate_goods` WHERE ( geval_goodsid = '101112' ) AND ( (geval_image <> '') OR (geval_image_again <> '') ) LIMIT 1  
[2018-03-12 14:27:47] /shop/index.php?act=goods&op=index&goods_id=101818 ( act=goods&op=index ) 
ERR: Db Error: Unknown column 'geval_image_again' in 'where clause'
SELECT COUNT(*) AS nc_count FROM `zmkj_evaluate_goods` WHERE ( geval_goodsid = '101818' ) AND ( (geval_image <> '') OR (geval_image_again <> '') ) LIMIT 1  
[2018-03-12 14:28:38] /shop/index.php?act=goods&op=index&goods_id=101112 ( act=goods&op=index ) 
ERR: Db Error: Unknown column 'geval_image_again' in 'where clause'
SELECT COUNT(*) AS nc_count FROM `zmkj_evaluate_goods` WHERE ( geval_goodsid = '101112' ) AND ( (geval_image <> '') OR (geval_image_again <> '') ) LIMIT 1  
[2018-03-12 14:31:19] /mobile/index.php?act=goods&op=goods_list&page=10&curpage=1 ( act=goods&op=goods_list ) 
ERR: Db Error: Unknown column 'nc_distinct' in 'group statement'
SELECT COUNT(*) AS nc_count FROM `zmkj_goods_common` WHERE ( store_id = '1' ) AND ( goods_state = '1' ) AND ( goods_verify = '1' ) GROUP BY nc_distinct ORDER BY is_own_shop desc,goods_id desc LIMIT 1  
[2018-03-12 14:33:24] /shop/index.php?act=goods&op=index&goods_id=101112 ( act=goods&op=index ) 
ERR: Db Error: Unknown column 'geval_image_again' in 'where clause'
SELECT COUNT(*) AS nc_count FROM `zmkj_evaluate_goods` WHERE ( geval_goodsid = '101112' ) AND ( (geval_image <> '') OR (geval_image_again <> '') ) LIMIT 1  
[2018-03-12 14:33:52] /shop/index.php?act=goods&op=index&goods_id=101112 ( act=goods&op=index ) 
ERR: Db Error: Unknown column 'geval_image_again' in 'where clause'
SELECT COUNT(*) AS nc_count FROM `zmkj_evaluate_goods` WHERE ( geval_goodsid = '101112' ) AND ( (geval_image <> '') OR (geval_image_again <> '') ) LIMIT 1  
[2018-03-12 14:36:39] /shop/index.php?act=goods&op=index&goods_id=100821 ( act=goods&op=index ) 
ERR: Db Error: Unknown column 'geval_image_again' in 'where clause'
SELECT COUNT(*) AS nc_count FROM `zmkj_evaluate_goods` WHERE ( geval_goodsid = '100821' ) AND ( (geval_image <> '') OR (geval_image_again <> '') ) LIMIT 1  
[2018-03-12 14:37:22] /shop/index.php?act=goods&op=index&goods_id=100619 ( act=goods&op=index ) 
ERR: Db Error: Unknown column 'geval_image_again' in 'where clause'
SELECT COUNT(*) AS nc_count FROM `zmkj_evaluate_goods` WHERE ( geval_goodsid = '100619' ) AND ( (geval_image <> '') OR (geval_image_again <> '') ) LIMIT 1  
[2018-03-12 14:45:37] /shop/index.php?act=goods&op=index&goods_id=100554 ( act=goods&op=index ) 
ERR: Db Error: Unknown column 'geval_image_again' in 'where clause'
SELECT COUNT(*) AS nc_count FROM `zmkj_evaluate_goods` WHERE ( geval_goodsid = '100554' ) AND ( (geval_image <> '') OR (geval_image_again <> '') ) LIMIT 1  
[2018-03-12 14:56:49] /shop/index.php?act=goods&op=index&goods_id=101771 ( act=goods&op=index ) 
ERR: Db Error: Unknown column 'geval_image_again' in 'where clause'
SELECT COUNT(*) AS nc_count FROM `zmkj_evaluate_goods` WHERE ( geval_goodsid = '101771' ) AND ( (geval_image <> '') OR (geval_image_again <> '') ) LIMIT 1  
[2018-03-12 15:13:29] /shop/index.php?act=goods&op=index&goods_id=101525 ( act=goods&op=index ) 
ERR: Db Error: Unknown column 'geval_image_again' in 'where clause'
SELECT COUNT(*) AS nc_count FROM `zmkj_evaluate_goods` WHERE ( geval_goodsid = '101525' ) AND ( (geval_image <> '') OR (geval_image_again <> '') ) LIMIT 1  
[2018-03-12 15:21:53] /shop/index.php?act=goods&goods_id=100745 ( act=goods&op=index ) 
ERR: Db Error: Unknown column 'geval_image_again' in 'where clause'
SELECT COUNT(*) AS nc_count FROM `zmkj_evaluate_goods` WHERE ( geval_goodsid = '100745' ) AND ( (geval_image <> '') OR (geval_image_again <> '') ) LIMIT 1  
[2018-03-12 15:25:36] /shop/index.php?act=goods&op=index&goods_id=100592 ( act=goods&op=index ) 
ERR: Db Error: Unknown column 'geval_image_again' in 'where clause'
SELECT COUNT(*) AS nc_count FROM `zmkj_evaluate_goods` WHERE ( geval_goodsid = '100592' ) AND ( (geval_image <> '') OR (geval_image_again <> '') ) LIMIT 1  
[2018-03-12 15:37:24] /shop/index.php?act=goods&op=index&goods_id=100859 ( act=goods&op=index ) 
ERR: Db Error: Unknown column 'geval_image_again' in 'where clause'
SELECT COUNT(*) AS nc_count FROM `zmkj_evaluate_goods` WHERE ( geval_goodsid = '100859' ) AND ( (geval_image <> '') OR (geval_image_again <> '') ) LIMIT 1  
[2018-03-12 15:42:18] /shop/index.php?act=goods&op=index&goods_id=100591 ( act=goods&op=index ) 
ERR: Db Error: Unknown column 'geval_image_again' in 'where clause'
SELECT COUNT(*) AS nc_count FROM `zmkj_evaluate_goods` WHERE ( geval_goodsid = '100591' ) AND ( (geval_image <> '') OR (geval_image_again <> '') ) LIMIT 1  
[2018-03-12 15:42:36] /shop/index.php?act=goods&op=index&goods_id=100591 ( act=goods&op=index ) 
ERR: Db Error: Unknown column 'geval_image_again' in 'where clause'
SELECT COUNT(*) AS nc_count FROM `zmkj_evaluate_goods` WHERE ( geval_goodsid = '100591' ) AND ( (geval_image <> '') OR (geval_image_again <> '') ) LIMIT 1  
[2018-03-12 15:43:47] /shop/index.php?act=goods&goods_id=100445 ( act=goods&op=index ) 
ERR: Db Error: Unknown column 'geval_image_again' in 'where clause'
SELECT COUNT(*) AS nc_count FROM `zmkj_evaluate_goods` WHERE ( geval_goodsid = '100445' ) AND ( (geval_image <> '') OR (geval_image_again <> '') ) LIMIT 1  
[2018-03-12 15:43:58] /shop/index.php?act=goods&op=index&goods_id=102374 ( act=goods&op=index ) 
ERR: Db Error: Unknown column 'geval_image_again' in 'where clause'
SELECT COUNT(*) AS nc_count FROM `zmkj_evaluate_goods` WHERE ( geval_goodsid = '102374' ) AND ( (geval_image <> '') OR (geval_image_again <> '') ) LIMIT 1  
[2018-03-12 15:44:30] /shop/index.php?act=goods&op=index&goods_id=102374 ( act=goods&op=index ) 
ERR: Db Error: Unknown column 'geval_image_again' in 'where clause'
SELECT COUNT(*) AS nc_count FROM `zmkj_evaluate_goods` WHERE ( geval_goodsid = '102374' ) AND ( (geval_image <> '') OR (geval_image_again <> '') ) LIMIT 1  
[2018-03-12 15:52:41] /shop/index.php?act=goods&op=index&goods_id=101501 ( act=goods&op=index ) 
ERR: Db Error: Unknown column 'geval_image_again' in 'where clause'
SELECT COUNT(*) AS nc_count FROM `zmkj_evaluate_goods` WHERE ( geval_goodsid = '101501' ) AND ( (geval_image <> '') OR (geval_image_again <> '') ) LIMIT 1  
[2018-03-12 15:59:45] /shop/index.php?act=goods&op=index&goods_id=102374 ( act=goods&op=index ) 
ERR: Db Error: Unknown column 'geval_image_again' in 'where clause'
SELECT COUNT(*) AS nc_count FROM `zmkj_evaluate_goods` WHERE ( geval_goodsid = '102374' ) AND ( (geval_image <> '') OR (geval_image_again <> '') ) LIMIT 1  
[2018-03-12 16:06:25] /shop/index.php?act=goods&op=index&goods_id=102374 ( act=goods&op=index ) 
ERR: Db Error: Unknown column 'geval_image_again' in 'where clause'
SELECT COUNT(*) AS nc_count FROM `zmkj_evaluate_goods` WHERE ( geval_goodsid = '102374' ) AND ( (geval_image <> '') OR (geval_image_again <> '') ) LIMIT 1  
[2018-03-12 16:06:47] /shop/index.php?act=goods&op=index&goods_id=100554 ( act=goods&op=index ) 
ERR: Db Error: Unknown column 'geval_image_again' in 'where clause'
SELECT COUNT(*) AS nc_count FROM `zmkj_evaluate_goods` WHERE ( geval_goodsid = '100554' ) AND ( (geval_image <> '') OR (geval_image_again <> '') ) LIMIT 1  
[2018-03-12 16:20:59] /shop/index.php?act=goods&goods_id=100463 ( act=goods&op=index ) 
ERR: Db Error: Unknown column 'geval_image_again' in 'where clause'
SELECT COUNT(*) AS nc_count FROM `zmkj_evaluate_goods` WHERE ( geval_goodsid = '100463' ) AND ( (geval_image <> '') OR (geval_image_again <> '') ) LIMIT 1  
[2018-03-12 16:40:44] /shop/index.php?act=goods&goods_id=100794&op=comments_list ( act=goods&op=comments_list ) 
ERR: Db Error: Unknown column 'geval_image_again' in 'where clause'
SELECT COUNT(*) AS nc_count FROM `zmkj_evaluate_goods` WHERE ( geval_goodsid = '100794' ) AND ( (geval_image <> '') OR (geval_image_again <> '') ) LIMIT 1  
[2018-03-12 16:40:45] /shop/index.php?act=goods&goods_id=101000&op=index ( act=goods&op=index ) 
ERR: Db Error: Unknown column 'geval_image_again' in 'where clause'
SELECT COUNT(*) AS nc_count FROM `zmkj_evaluate_goods` WHERE ( geval_goodsid = '101000' ) AND ( (geval_image <> '') OR (geval_image_again <> '') ) LIMIT 1  
[2018-03-12 16:42:15] /shop/index.php?act=goods&op=index&goods_id=102374 ( act=goods&op=index ) 
ERR: Db Error: Unknown column 'geval_image_again' in 'where clause'
SELECT COUNT(*) AS nc_count FROM `zmkj_evaluate_goods` WHERE ( geval_goodsid = '102374' ) AND ( (geval_image <> '') OR (geval_image_again <> '') ) LIMIT 1  
[2018-03-12 16:47:19] /shop/index.php?act=goods&op=index&goods_id=100600 ( act=goods&op=index ) 
ERR: Db Error: Unknown column 'geval_image_again' in 'where clause'
SELECT COUNT(*) AS nc_count FROM `zmkj_evaluate_goods` WHERE ( geval_goodsid = '100600' ) AND ( (geval_image <> '') OR (geval_image_again <> '') ) LIMIT 1  
[2018-03-12 16:47:24] /shop/index.php?act=goods&op=index&goods_id=101871 ( act=goods&op=index ) 
ERR: Db Error: Unknown column 'geval_image_again' in 'where clause'
SELECT COUNT(*) AS nc_count FROM `zmkj_evaluate_goods` WHERE ( geval_goodsid = '101871' ) AND ( (geval_image <> '') OR (geval_image_again <> '') ) LIMIT 1  
[2018-03-12 16:47:26] /shop/index.php?act=goods&op=index&goods_id=101818 ( act=goods&op=index ) 
ERR: Db Error: Unknown column 'geval_image_again' in 'where clause'
SELECT COUNT(*) AS nc_count FROM `zmkj_evaluate_goods` WHERE ( geval_goodsid = '101818' ) AND ( (geval_image <> '') OR (geval_image_again <> '') ) LIMIT 1  
[2018-03-12 16:47:29] /shop/index.php?act=goods&op=index&goods_id=101762 ( act=goods&op=index ) 
ERR: Db Error: Unknown column 'geval_image_again' in 'where clause'
SELECT COUNT(*) AS nc_count FROM `zmkj_evaluate_goods` WHERE ( geval_goodsid = '101762' ) AND ( (geval_image <> '') OR (geval_image_again <> '') ) LIMIT 1  
[2018-03-12 16:50:01] /shop/index.php?act=goods&op=index&goods_id=101762 ( act=goods&op=index ) 
ERR: Db Error: Unknown column 'geval_image_again' in 'where clause'
SELECT COUNT(*) AS nc_count FROM `zmkj_evaluate_goods` WHERE ( geval_goodsid = '101762' ) AND ( (geval_image <> '') OR (geval_image_again <> '') ) LIMIT 1  
[2018-03-12 16:52:12] /shop/index.php?act=goods&op=index&goods_id=102204 ( act=goods&op=index ) 
ERR: Db Error: Unknown column 'geval_image_again' in 'where clause'
SELECT COUNT(*) AS nc_count FROM `zmkj_evaluate_goods` WHERE ( geval_goodsid = '102204' ) AND ( (geval_image <> '') OR (geval_image_again <> '') ) LIMIT 1  
[2018-03-12 16:55:59] /shop/index.php?act=goods&op=index&goods_id=101843 ( act=goods&op=index ) 
ERR: Db Error: Unknown column 'geval_image_again' in 'where clause'
SELECT COUNT(*) AS nc_count FROM `zmkj_evaluate_goods` WHERE ( geval_goodsid = '101843' ) AND ( (geval_image <> '') OR (geval_image_again <> '') ) LIMIT 1  
[2018-03-12 16:59:46] /shop/index.php?act=goods&op=index&goods_id=102215 ( act=goods&op=index ) 
ERR: Db Error: Unknown column 'geval_image_again' in 'where clause'
SELECT COUNT(*) AS nc_count FROM `zmkj_evaluate_goods` WHERE ( geval_goodsid = '102215' ) AND ( (geval_image <> '') OR (geval_image_again <> '') ) LIMIT 1  
[2018-03-12 17:07:52] /shop/index.php?act=goods&goods_id=100530 ( act=goods&op=index ) 
ERR: Db Error: Unknown column 'geval_image_again' in 'where clause'
SELECT COUNT(*) AS nc_count FROM `zmkj_evaluate_goods` WHERE ( geval_goodsid = '100530' ) AND ( (geval_image <> '') OR (geval_image_again <> '') ) LIMIT 1  
[2018-03-12 17:14:54] /shop/index.php?act=goods&op=index&goods_id=100885 ( act=goods&op=index ) 
ERR: Db Error: Unknown column 'geval_image_again' in 'where clause'
SELECT COUNT(*) AS nc_count FROM `zmkj_evaluate_goods` WHERE ( geval_goodsid = '100885' ) AND ( (geval_image <> '') OR (geval_image_again <> '') ) LIMIT 1  
[2018-03-12 17:18:33] /shop/index.php?act=goods&op=index&goods_id=101333 ( act=goods&op=index ) 
ERR: Db Error: Unknown column 'geval_image_again' in 'where clause'
SELECT COUNT(*) AS nc_count FROM `zmkj_evaluate_goods` WHERE ( geval_goodsid = '101333' ) AND ( (geval_image <> '') OR (geval_image_again <> '') ) LIMIT 1  
[2018-03-12 17:18:41] /shop/index.php?act=goods&op=index&goods_id=101921 ( act=goods&op=index ) 
ERR: Db Error: Unknown column 'geval_image_again' in 'where clause'
SELECT COUNT(*) AS nc_count FROM `zmkj_evaluate_goods` WHERE ( geval_goodsid = '101921' ) AND ( (geval_image <> '') OR (geval_image_again <> '') ) LIMIT 1  
[2018-03-12 17:20:15] /shop/index.php?act=goods&op=index&goods_id=102092 ( act=goods&op=index ) 
ERR: Db Error: Unknown column 'geval_image_again' in 'where clause'
SELECT COUNT(*) AS nc_count FROM `zmkj_evaluate_goods` WHERE ( geval_goodsid = '102092' ) AND ( (geval_image <> '') OR (geval_image_again <> '') ) LIMIT 1  
[2018-03-12 17:22:56] /shop/index.php?act=goods&op=index&goods_id=102099 ( act=goods&op=index ) 
ERR: Db Error: Unknown column 'geval_image_again' in 'where clause'
SELECT COUNT(*) AS nc_count FROM `zmkj_evaluate_goods` WHERE ( geval_goodsid = '102099' ) AND ( (geval_image <> '') OR (geval_image_again <> '') ) LIMIT 1  
[2018-03-12 17:24:26] /shop/index.php?act=goods&op=index&goods_id=101588 ( act=goods&op=index ) 
ERR: Db Error: Unknown column 'geval_image_again' in 'where clause'
SELECT COUNT(*) AS nc_count FROM `zmkj_evaluate_goods` WHERE ( geval_goodsid = '101588' ) AND ( (geval_image <> '') OR (geval_image_again <> '') ) LIMIT 1  
[2018-03-12 17:26:00] /shop/index.php?act=goods&goods_id=100589 ( act=goods&op=index ) 
ERR: Db Error: Unknown column 'geval_image_again' in 'where clause'
SELECT COUNT(*) AS nc_count FROM `zmkj_evaluate_goods` WHERE ( geval_goodsid = '100589' ) AND ( (geval_image <> '') OR (geval_image_again <> '') ) LIMIT 1  
[2018-03-12 17:26:53] /shop/index.php?act=goods&op=index&goods_id=102141 ( act=goods&op=index ) 
ERR: Db Error: Unknown column 'geval_image_again' in 'where clause'
SELECT COUNT(*) AS nc_count FROM `zmkj_evaluate_goods` WHERE ( geval_goodsid = '102141' ) AND ( (geval_image <> '') OR (geval_image_again <> '') ) LIMIT 1  
[2018-03-12 17:33:29] /shop/index.php?act=goods&goods_id=100742 ( act=goods&op=index ) 
ERR: Db Error: Unknown column 'geval_image_again' in 'where clause'
SELECT COUNT(*) AS nc_count FROM `zmkj_evaluate_goods` WHERE ( geval_goodsid = '100742' ) AND ( (geval_image <> '') OR (geval_image_again <> '') ) LIMIT 1  
[2018-03-12 17:33:52] /shop/index.php?act=goods&op=index&goods_id=101843 ( act=goods&op=index ) 
ERR: Db Error: Unknown column 'geval_image_again' in 'where clause'
SELECT COUNT(*) AS nc_count FROM `zmkj_evaluate_goods` WHERE ( geval_goodsid = '101843' ) AND ( (geval_image <> '') OR (geval_image_again <> '') ) LIMIT 1  
[2018-03-12 17:36:12] /shop/index.php?act=goods&op=index&goods_id=102204 ( act=goods&op=index ) 
ERR: Db Error: Unknown column 'geval_image_again' in 'where clause'
SELECT COUNT(*) AS nc_count FROM `zmkj_evaluate_goods` WHERE ( geval_goodsid = '102204' ) AND ( (geval_image <> '') OR (geval_image_again <> '') ) LIMIT 1  
[2018-03-12 17:37:22] /shop/index.php?act=goods&op=index&goods_id=102215 ( act=goods&op=index ) 
ERR: Db Error: Unknown column 'geval_image_again' in 'where clause'
SELECT COUNT(*) AS nc_count FROM `zmkj_evaluate_goods` WHERE ( geval_goodsid = '102215' ) AND ( (geval_image <> '') OR (geval_image_again <> '') ) LIMIT 1  
[2018-03-12 17:39:44] /shop/index.php?act=goods&op=index&goods_id=101921 ( act=goods&op=index ) 
ERR: Db Error: Unknown column 'geval_image_again' in 'where clause'
SELECT COUNT(*) AS nc_count FROM `zmkj_evaluate_goods` WHERE ( geval_goodsid = '101921' ) AND ( (geval_image <> '') OR (geval_image_again <> '') ) LIMIT 1  
[2018-03-12 17:40:54] /shop/index.php?act=goods&op=index&goods_id=101333 ( act=goods&op=index ) 
ERR: Db Error: Unknown column 'geval_image_again' in 'where clause'
SELECT COUNT(*) AS nc_count FROM `zmkj_evaluate_goods` WHERE ( geval_goodsid = '101333' ) AND ( (geval_image <> '') OR (geval_image_again <> '') ) LIMIT 1  
[2018-03-12 17:42:05] /shop/index.php?act=goods&op=index&goods_id=100885 ( act=goods&op=index ) 
ERR: Db Error: Unknown column 'geval_image_again' in 'where clause'
SELECT COUNT(*) AS nc_count FROM `zmkj_evaluate_goods` WHERE ( geval_goodsid = '100885' ) AND ( (geval_image <> '') OR (geval_image_again <> '') ) LIMIT 1  
[2018-03-12 17:42:09] /shop/index.php?act=goods&op=index&goods_id=100657 ( act=goods&op=index ) 
ERR: Db Error: Unknown column 'geval_image_again' in 'where clause'
SELECT COUNT(*) AS nc_count FROM `zmkj_evaluate_goods` WHERE ( geval_goodsid = '100657' ) AND ( (geval_image <> '') OR (geval_image_again <> '') ) LIMIT 1  
[2018-03-12 17:44:21] /shop/index.php?act=goods&op=index&goods_id=101588 ( act=goods&op=index ) 
ERR: Db Error: Unknown column 'geval_image_again' in 'where clause'
SELECT COUNT(*) AS nc_count FROM `zmkj_evaluate_goods` WHERE ( geval_goodsid = '101588' ) AND ( (geval_image <> '') OR (geval_image_again <> '') ) LIMIT 1  
[2018-03-12 17:48:57] /shop/index.php?act=goods&op=index&goods_id=101491 ( act=goods&op=index ) 
ERR: Db Error: Unknown column 'geval_image_again' in 'where clause'
SELECT COUNT(*) AS nc_count FROM `zmkj_evaluate_goods` WHERE ( geval_goodsid = '101491' ) AND ( (geval_image <> '') OR (geval_image_again <> '') ) LIMIT 1  
[2018-03-12 17:52:44] /shop/index.php?act=goods&op=index&goods_id=102198 ( act=goods&op=index ) 
ERR: Db Error: Unknown column 'geval_image_again' in 'where clause'
SELECT COUNT(*) AS nc_count FROM `zmkj_evaluate_goods` WHERE ( geval_goodsid = '102198' ) AND ( (geval_image <> '') OR (geval_image_again <> '') ) LIMIT 1  
[2018-03-12 17:55:39] /shop/index.php?act=goods&op=index&goods_id=101847 ( act=goods&op=index ) 
ERR: Db Error: Unknown column 'geval_image_again' in 'where clause'
SELECT COUNT(*) AS nc_count FROM `zmkj_evaluate_goods` WHERE ( geval_goodsid = '101847' ) AND ( (geval_image <> '') OR (geval_image_again <> '') ) LIMIT 1  
[2018-03-12 17:56:31] /shop/index.php?act=goods&op=index&goods_id=101563 ( act=goods&op=index ) 
ERR: Db Error: Unknown column 'geval_image_again' in 'where clause'
SELECT COUNT(*) AS nc_count FROM `zmkj_evaluate_goods` WHERE ( geval_goodsid = '101563' ) AND ( (geval_image <> '') OR (geval_image_again <> '') ) LIMIT 1  
[2018-03-12 18:00:18] /shop/index.php?act=goods&op=index&goods_id=100682 ( act=goods&op=index ) 
ERR: Db Error: Unknown column 'geval_image_again' in 'where clause'
SELECT COUNT(*) AS nc_count FROM `zmkj_evaluate_goods` WHERE ( geval_goodsid = '100682' ) AND ( (geval_image <> '') OR (geval_image_again <> '') ) LIMIT 1  
[2018-03-12 18:07:52] /shop/index.php?act=goods&op=index&goods_id=100855 ( act=goods&op=index ) 
ERR: Db Error: Unknown column 'geval_image_again' in 'where clause'
SELECT COUNT(*) AS nc_count FROM `zmkj_evaluate_goods` WHERE ( geval_goodsid = '100855' ) AND ( (geval_image <> '') OR (geval_image_again <> '') ) LIMIT 1  
[2018-03-12 18:08:47] /shop/index.php?act=goods&op=index&goods_id=101491 ( act=goods&op=index ) 
ERR: Db Error: Unknown column 'geval_image_again' in 'where clause'
SELECT COUNT(*) AS nc_count FROM `zmkj_evaluate_goods` WHERE ( geval_goodsid = '101491' ) AND ( (geval_image <> '') OR (geval_image_again <> '') ) LIMIT 1  
[2018-03-12 18:10:05] /shop/index.php?act=goods&op=index&goods_id=101225 ( act=goods&op=index ) 
ERR: Db Error: Unknown column 'geval_image_again' in 'where clause'
SELECT COUNT(*) AS nc_count FROM `zmkj_evaluate_goods` WHERE ( geval_goodsid = '101225' ) AND ( (geval_image <> '') OR (geval_image_again <> '') ) LIMIT 1  
[2018-03-12 18:13:15] /shop/index.php?act=goods&op=index&goods_id=100923 ( act=goods&op=index ) 
ERR: Db Error: Unknown column 'geval_image_again' in 'where clause'
SELECT COUNT(*) AS nc_count FROM `zmkj_evaluate_goods` WHERE ( geval_goodsid = '100923' ) AND ( (geval_image <> '') OR (geval_image_again <> '') ) LIMIT 1  
[2018-03-12 18:18:56] /shop/index.php?act=goods&op=index&goods_id=100682 ( act=goods&op=index ) 
ERR: Db Error: Unknown column 'geval_image_again' in 'where clause'
SELECT COUNT(*) AS nc_count FROM `zmkj_evaluate_goods` WHERE ( geval_goodsid = '100682' ) AND ( (geval_image <> '') OR (geval_image_again <> '') ) LIMIT 1  
[2018-03-12 18:18:57] /shop/index.php?act=goods&op=index&goods_id=102198 ( act=goods&op=index ) 
ERR: Db Error: Unknown column 'geval_image_again' in 'where clause'
SELECT COUNT(*) AS nc_count FROM `zmkj_evaluate_goods` WHERE ( geval_goodsid = '102198' ) AND ( (geval_image <> '') OR (geval_image_again <> '') ) LIMIT 1  
[2018-03-12 18:19:13] /shop/index.php?act=goods&op=index&goods_id=101923 ( act=goods&op=index ) 
ERR: Db Error: Unknown column 'geval_image_again' in 'where clause'
SELECT COUNT(*) AS nc_count FROM `zmkj_evaluate_goods` WHERE ( geval_goodsid = '101923' ) AND ( (geval_image <> '') OR (geval_image_again <> '') ) LIMIT 1  
[2018-03-12 18:19:22] /shop/index.php?act=goods&op=index&goods_id=101563 ( act=goods&op=index ) 
ERR: Db Error: Unknown column 'geval_image_again' in 'where clause'
SELECT COUNT(*) AS nc_count FROM `zmkj_evaluate_goods` WHERE ( geval_goodsid = '101563' ) AND ( (geval_image <> '') OR (geval_image_again <> '') ) LIMIT 1  
[2018-03-12 18:19:23] /shop/index.php?act=goods&op=index&goods_id=101563 ( act=goods&op=index ) 
ERR: Db Error: Unknown column 'geval_image_again' in 'where clause'
SELECT COUNT(*) AS nc_count FROM `zmkj_evaluate_goods` WHERE ( geval_goodsid = '101563' ) AND ( (geval_image <> '') OR (geval_image_again <> '') ) LIMIT 1  
[2018-03-12 18:23:00] /shop/index.php?act=goods&op=index&goods_id=101657 ( act=goods&op=index ) 
ERR: Db Error: Unknown column 'geval_image_again' in 'where clause'
SELECT COUNT(*) AS nc_count FROM `zmkj_evaluate_goods` WHERE ( geval_goodsid = '101657' ) AND ( (geval_image <> '') OR (geval_image_again <> '') ) LIMIT 1  
[2018-03-12 18:26:47] /shop/index.php?act=goods&op=index&goods_id=100797 ( act=goods&op=index ) 
ERR: Db Error: Unknown column 'geval_image_again' in 'where clause'
SELECT COUNT(*) AS nc_count FROM `zmkj_evaluate_goods` WHERE ( geval_goodsid = '100797' ) AND ( (geval_image <> '') OR (geval_image_again <> '') ) LIMIT 1  
[2018-03-12 18:29:08] /shop/index.php?act=goods&op=index&goods_id=100855 ( act=goods&op=index ) 
ERR: Db Error: Unknown column 'geval_image_again' in 'where clause'
SELECT COUNT(*) AS nc_count FROM `zmkj_evaluate_goods` WHERE ( geval_goodsid = '100855' ) AND ( (geval_image <> '') OR (geval_image_again <> '') ) LIMIT 1  
[2018-03-12 18:30:34] /shop/index.php?act=goods&op=index&goods_id=101164 ( act=goods&op=index ) 
ERR: Db Error: Unknown column 'geval_image_again' in 'where clause'
SELECT COUNT(*) AS nc_count FROM `zmkj_evaluate_goods` WHERE ( geval_goodsid = '101164' ) AND ( (geval_image <> '') OR (geval_image_again <> '') ) LIMIT 1  
[2018-03-12 18:38:08] /shop/index.php?act=goods&op=index&goods_id=101586 ( act=goods&op=index ) 
ERR: Db Error: Unknown column 'geval_image_again' in 'where clause'
SELECT COUNT(*) AS nc_count FROM `zmkj_evaluate_goods` WHERE ( geval_goodsid = '101586' ) AND ( (geval_image <> '') OR (geval_image_again <> '') ) LIMIT 1  
[2018-03-12 18:49:32] /shop/index.php?act=goods&op=index&goods_id=101530 ( act=goods&op=index ) 
ERR: Db Error: Unknown column 'geval_image_again' in 'where clause'
SELECT COUNT(*) AS nc_count FROM `zmkj_evaluate_goods` WHERE ( geval_goodsid = '101530' ) AND ( (geval_image <> '') OR (geval_image_again <> '') ) LIMIT 1  
[2018-03-12 18:49:38] /shop/index.php?act=goods&op=index&goods_id=101657 ( act=goods&op=index ) 
ERR: Db Error: Unknown column 'geval_image_again' in 'where clause'
SELECT COUNT(*) AS nc_count FROM `zmkj_evaluate_goods` WHERE ( geval_goodsid = '101657' ) AND ( (geval_image <> '') OR (geval_image_again <> '') ) LIMIT 1  
[2018-03-12 18:50:00] /shop/index.php?act=goods&op=index&goods_id=100797 ( act=goods&op=index ) 
ERR: Db Error: Unknown column 'geval_image_again' in 'where clause'
SELECT COUNT(*) AS nc_count FROM `zmkj_evaluate_goods` WHERE ( geval_goodsid = '100797' ) AND ( (geval_image <> '') OR (geval_image_again <> '') ) LIMIT 1  
[2018-03-12 18:50:19] /shop/index.php?act=goods&op=index&goods_id=101164 ( act=goods&op=index ) 
ERR: Db Error: Unknown column 'geval_image_again' in 'where clause'
SELECT COUNT(*) AS nc_count FROM `zmkj_evaluate_goods` WHERE ( geval_goodsid = '101164' ) AND ( (geval_image <> '') OR (geval_image_again <> '') ) LIMIT 1  
[2018-03-12 18:53:16] /shop/index.php?act=goods&op=index&goods_id=101810 ( act=goods&op=index ) 
ERR: Db Error: Unknown column 'geval_image_again' in 'where clause'
SELECT COUNT(*) AS nc_count FROM `zmkj_evaluate_goods` WHERE ( geval_goodsid = '101810' ) AND ( (geval_image <> '') OR (geval_image_again <> '') ) LIMIT 1  
[2018-03-12 18:54:42] /shop/index.php?act=goods&op=index&goods_id=101586 ( act=goods&op=index ) 
ERR: Db Error: Unknown column 'geval_image_again' in 'where clause'
SELECT COUNT(*) AS nc_count FROM `zmkj_evaluate_goods` WHERE ( geval_goodsid = '101586' ) AND ( (geval_image <> '') OR (geval_image_again <> '') ) LIMIT 1  
[2018-03-12 19:06:24] /shop/index.php?act=goods&op=index&goods_id=100474 ( act=goods&op=index ) 
ERR: Db Error: Unknown column 'geval_image_again' in 'where clause'
SELECT COUNT(*) AS nc_count FROM `zmkj_evaluate_goods` WHERE ( geval_goodsid = '100474' ) AND ( (geval_image <> '') OR (geval_image_again <> '') ) LIMIT 1  
[2018-03-12 19:09:54] /shop/index.php?act=goods&op=index&goods_id=101810 ( act=goods&op=index ) 
ERR: Db Error: Unknown column 'geval_image_again' in 'where clause'
SELECT COUNT(*) AS nc_count FROM `zmkj_evaluate_goods` WHERE ( geval_goodsid = '101810' ) AND ( (geval_image <> '') OR (geval_image_again <> '') ) LIMIT 1  
[2018-03-12 19:09:56] /shop/index.php?act=goods&op=index&goods_id=101530 ( act=goods&op=index ) 
ERR: Db Error: Unknown column 'geval_image_again' in 'where clause'
SELECT COUNT(*) AS nc_count FROM `zmkj_evaluate_goods` WHERE ( geval_goodsid = '101530' ) AND ( (geval_image <> '') OR (geval_image_again <> '') ) LIMIT 1  
[2018-03-12 21:41:52] /shop/index.php?act=goods&op=index&goods_id=101365 ( act=goods&op=index ) 
ERR: Db Error: Unknown column 'geval_image_again' in 'where clause'
SELECT COUNT(*) AS nc_count FROM `zmkj_evaluate_goods` WHERE ( geval_goodsid = '101365' ) AND ( (geval_image <> '') OR (geval_image_again <> '') ) LIMIT 1  
[2018-03-12 22:09:58] /shop/index.php?act=goods&op=index&goods_id=101277 ( act=goods&op=index ) 
ERR: Db Error: Unknown column 'geval_image_again' in 'where clause'
SELECT COUNT(*) AS nc_count FROM `zmkj_evaluate_goods` WHERE ( geval_goodsid = '101277' ) AND ( (geval_image <> '') OR (geval_image_again <> '') ) LIMIT 1  
