[2018-11-08 02:57:30] /shop/index.php?act=goods&op=comments_list&goods_id=103061 ( act=goods&op=comments_list ) 
ERR: Db Error: Unknown column 'geval_image_again' in 'where clause'
SELECT COUNT(*) AS nc_count FROM `zmkj_evaluate_goods` WHERE ( geval_goodsid = '103061' ) AND ( (geval_image <> '') OR (geval_image_again <> '') ) LIMIT 1  
[2018-11-08 11:41:55] /shop/index.php?act=search&cate_id=2167&op=index ( act=search&op=index ) 
ERR: Db Error: Unknown column 'gc_id_' in 'where clause'
SELECT count(distinct CONCAT(goods_commonid)) AS nc_count FROM `zmkj_goods` WHERE ( gc_id_ = '2167' ) AND ( goods_state = '1' ) AND ( goods_verify = '1' ) LIMIT 1  
[2018-11-08 11:41:58] /shop/index.php?act=search&cate_id=2167&op=index ( act=search&op=index ) 
ERR: Db Error: Unknown column 'gc_id_' in 'where clause'
SELECT count(distinct CONCAT(goods_commonid)) AS nc_count FROM `zmkj_goods` WHERE ( gc_id_ = '2167' ) AND ( goods_state = '1' ) AND ( goods_verify = '1' ) LIMIT 1  
[2018-11-08 16:10:21] /shop/index.php?act=goods&op=comments_list&goods_id=101978 ( act=goods&op=comments_list ) 
ERR: Db Error: Unknown column 'geval_image_again' in 'where clause'
SELECT COUNT(*) AS nc_count FROM `zmkj_evaluate_goods` WHERE ( geval_goodsid = '101978' ) AND ( (geval_image <> '') OR (geval_image_again <> '') ) LIMIT 1  
[2018-11-08 17:21:03] /shop/index.php?act=search&op=index&cate_id=2145 ( act=search&op=index ) 
ERR: Db Error: Unknown column 'gc_id_' in 'where clause'
SELECT count(distinct CONCAT(goods_commonid)) AS nc_count FROM `zmkj_goods` WHERE ( gc_id_ = '2145' ) AND ( goods_state = '1' ) AND ( goods_verify = '1' ) LIMIT 1  
[2018-11-08 17:55:06] /shop/index.php?act=hot_sale&op=index ( act=hot_sale&op=index ) 
ERR: Db Error: You have an error in your SQL syntax; check the manual that corresponds to your MySQL server version for the right syntax to use near ') and goods_state=1' at line 1
select * from zmkj_goods where goods_id in () and goods_state=1
[2018-11-08 17:55:06] /shop/index.php?act=hot_sale&op=index ( act=hot_sale&op=index ) 
ERR: Db Error: You have an error in your SQL syntax; check the manual that corresponds to your MySQL server version for the right syntax to use near '' at line 1
select `member_id` from zmkj_store where store_id = 
[2018-11-08 19:57:36] /shop/index.php?act=goods&op=comments_list&goods_id=104060 ( act=goods&op=comments_list ) 
ERR: Db Error: Unknown column 'geval_image_again' in 'where clause'
SELECT COUNT(*) AS nc_count FROM `zmkj_evaluate_goods` WHERE ( geval_goodsid = '104060' ) AND ( (geval_image <> '') OR (geval_image_again <> '') ) LIMIT 1  
[2018-11-08 22:08:55] /shop/index.php?act=goods&op=comments_list&goods_id=102565 ( act=goods&op=comments_list ) 
ERR: Db Error: Unknown column 'geval_image_again' in 'where clause'
SELECT COUNT(*) AS nc_count FROM `zmkj_evaluate_goods` WHERE ( geval_goodsid = '102565' ) AND ( (geval_image <> '') OR (geval_image_again <> '') ) LIMIT 1  
[2018-11-08 22:29:11] /shop/index.php?act=goods&op=comments_list&goods_id=104911 ( act=goods&op=comments_list ) 
ERR: Db Error: Unknown column 'geval_image_again' in 'where clause'
SELECT COUNT(*) AS nc_count FROM `zmkj_evaluate_goods` WHERE ( geval_goodsid = '104911' ) AND ( (geval_image <> '') OR (geval_image_again <> '') ) LIMIT 1  
[2018-11-08 23:34:45] /shop/index.php?act=goods&op=comments_list&goods_id=101198 ( act=goods&op=comments_list ) 
ERR: Db Error: Unknown column 'geval_image_again' in 'where clause'
SELECT COUNT(*) AS nc_count FROM `zmkj_evaluate_goods` WHERE ( geval_goodsid = '101198' ) AND ( (geval_image <> '') OR (geval_image_again <> '') ) LIMIT 1  
