[2018-09-18 00:38:01] /shop/index.php?act=search&op=index&cate_id=1568 ( act=search&op=index ) 
ERR: Db Error: Unknown column 'gc_id_' in 'where clause'
SELECT count(distinct CONCAT(goods_commonid)) AS nc_count FROM `zmkj_goods` WHERE ( gc_id_ = '1568' ) AND ( goods_state = '1' ) AND ( goods_verify = '1' ) LIMIT 1  
[2018-09-18 00:38:04] /shop/index.php?act=search&op=index&cate_id=1593 ( act=search&op=index ) 
ERR: Db Error: Unknown column 'gc_id_' in 'where clause'
SELECT count(distinct CONCAT(goods_commonid)) AS nc_count FROM `zmkj_goods` WHERE ( gc_id_ = '1593' ) AND ( goods_state = '1' ) AND ( goods_verify = '1' ) LIMIT 1  
[2018-09-18 00:38:07] /shop/index.php?act=search&op=index&cate_id=1598 ( act=search&op=index ) 
ERR: Db Error: Unknown column 'gc_id_' in 'where clause'
SELECT count(distinct CONCAT(goods_commonid)) AS nc_count FROM `zmkj_goods` WHERE ( gc_id_ = '1598' ) AND ( goods_state = '1' ) AND ( goods_verify = '1' ) LIMIT 1  
[2018-09-18 00:38:29] /shop/index.php?act=search&op=index&cate_id=1581 ( act=search&op=index ) 
ERR: Db Error: Unknown column 'gc_id_' in 'where clause'
SELECT count(distinct CONCAT(goods_commonid)) AS nc_count FROM `zmkj_goods` WHERE ( gc_id_ = '1581' ) AND ( goods_state = '1' ) AND ( goods_verify = '1' ) LIMIT 1  
[2018-09-18 00:39:33] /shop/index.php?act=search&op=index&cate_id=1577 ( act=search&op=index ) 
ERR: Db Error: Unknown column 'gc_id_' in 'where clause'
SELECT count(distinct CONCAT(goods_commonid)) AS nc_count FROM `zmkj_goods` WHERE ( gc_id_ = '1577' ) AND ( goods_state = '1' ) AND ( goods_verify = '1' ) LIMIT 1  
[2018-09-18 00:39:35] /shop/index.php?act=search&op=index&cate_id=1580 ( act=search&op=index ) 
ERR: Db Error: Unknown column 'gc_id_' in 'where clause'
SELECT count(distinct CONCAT(goods_commonid)) AS nc_count FROM `zmkj_goods` WHERE ( gc_id_ = '1580' ) AND ( goods_state = '1' ) AND ( goods_verify = '1' ) LIMIT 1  
[2018-09-18 00:40:07] /shop/index.php?act=search&op=index&cate_id=1582 ( act=search&op=index ) 
ERR: Db Error: Unknown column 'gc_id_' in 'where clause'
SELECT count(distinct CONCAT(goods_commonid)) AS nc_count FROM `zmkj_goods` WHERE ( gc_id_ = '1582' ) AND ( goods_state = '1' ) AND ( goods_verify = '1' ) LIMIT 1  
[2018-09-18 00:40:08] /shop/index.php?act=search&op=index&cate_id=1589 ( act=search&op=index ) 
ERR: Db Error: Unknown column 'gc_id_' in 'where clause'
SELECT count(distinct CONCAT(goods_commonid)) AS nc_count FROM `zmkj_goods` WHERE ( gc_id_ = '1589' ) AND ( goods_state = '1' ) AND ( goods_verify = '1' ) LIMIT 1  
[2018-09-18 00:40:09] /shop/index.php?act=search&op=index&cate_id=1592 ( act=search&op=index ) 
ERR: Db Error: Unknown column 'gc_id_' in 'where clause'
SELECT count(distinct CONCAT(goods_commonid)) AS nc_count FROM `zmkj_goods` WHERE ( gc_id_ = '1592' ) AND ( goods_state = '1' ) AND ( goods_verify = '1' ) LIMIT 1  
[2018-09-18 00:40:11] /shop/index.php?act=search&op=index&cate_id=1595 ( act=search&op=index ) 
ERR: Db Error: Unknown column 'gc_id_' in 'where clause'
SELECT count(distinct CONCAT(goods_commonid)) AS nc_count FROM `zmkj_goods` WHERE ( gc_id_ = '1595' ) AND ( goods_state = '1' ) AND ( goods_verify = '1' ) LIMIT 1  
[2018-09-18 00:40:12] /shop/index.php?act=search&op=index&cate_id=1599 ( act=search&op=index ) 
ERR: Db Error: Unknown column 'gc_id_' in 'where clause'
SELECT count(distinct CONCAT(goods_commonid)) AS nc_count FROM `zmkj_goods` WHERE ( gc_id_ = '1599' ) AND ( goods_state = '1' ) AND ( goods_verify = '1' ) LIMIT 1  
[2018-09-18 00:40:13] /shop/index.php?act=search&op=index&cate_id=1601 ( act=search&op=index ) 
ERR: Db Error: Unknown column 'gc_id_' in 'where clause'
SELECT count(distinct CONCAT(goods_commonid)) AS nc_count FROM `zmkj_goods` WHERE ( gc_id_ = '1601' ) AND ( goods_state = '1' ) AND ( goods_verify = '1' ) LIMIT 1  
[2018-09-18 00:40:22] /shop/index.php?act=search&op=index&cate_id=1697 ( act=search&op=index ) 
ERR: Db Error: Unknown column 'gc_id_' in 'where clause'
SELECT count(distinct CONCAT(goods_commonid)) AS nc_count FROM `zmkj_goods` WHERE ( gc_id_ = '1697' ) AND ( goods_state = '1' ) AND ( goods_verify = '1' ) LIMIT 1  
[2018-09-18 01:08:19] /shop/index.php?act=goods&op=comments_list&goods_id=106124 ( act=goods&op=comments_list ) 
ERR: Db Error: Unknown column 'geval_image_again' in 'where clause'
SELECT COUNT(*) AS nc_count FROM `zmkj_evaluate_goods` WHERE ( geval_goodsid = '106124' ) AND ( (geval_image <> '') OR (geval_image_again <> '') ) LIMIT 1  
[2018-09-18 01:26:24] /shop/index.php?act=goods&op=comments_list&goods_id=103924 ( act=goods&op=comments_list ) 
ERR: Db Error: Unknown column 'geval_image_again' in 'where clause'
SELECT COUNT(*) AS nc_count FROM `zmkj_evaluate_goods` WHERE ( geval_goodsid = '103924' ) AND ( (geval_image <> '') OR (geval_image_again <> '') ) LIMIT 1  
[2018-09-18 01:46:24] /shop/index.php?act=goods&op=comments_list&goods_id=105591 ( act=goods&op=comments_list ) 
ERR: Db Error: Unknown column 'geval_image_again' in 'where clause'
SELECT COUNT(*) AS nc_count FROM `zmkj_evaluate_goods` WHERE ( geval_goodsid = '105591' ) AND ( (geval_image <> '') OR (geval_image_again <> '') ) LIMIT 1  
[2018-09-18 01:48:39] /shop/index.php?act=goods&op=comments_list&goods_id=104647 ( act=goods&op=comments_list ) 
ERR: Db Error: Unknown column 'geval_image_again' in 'where clause'
SELECT COUNT(*) AS nc_count FROM `zmkj_evaluate_goods` WHERE ( geval_goodsid = '104647' ) AND ( (geval_image <> '') OR (geval_image_again <> '') ) LIMIT 1  
[2018-09-18 01:49:16] /shop/index.php?act=goods&op=comments_list&goods_id=103938 ( act=goods&op=comments_list ) 
ERR: Db Error: Unknown column 'geval_image_again' in 'where clause'
SELECT COUNT(*) AS nc_count FROM `zmkj_evaluate_goods` WHERE ( geval_goodsid = '103938' ) AND ( (geval_image <> '') OR (geval_image_again <> '') ) LIMIT 1  
[2018-09-18 01:52:19] /shop/index.php?act=goods&op=comments_list&goods_id=103155 ( act=goods&op=comments_list ) 
ERR: Db Error: Unknown column 'geval_image_again' in 'where clause'
SELECT COUNT(*) AS nc_count FROM `zmkj_evaluate_goods` WHERE ( geval_goodsid = '103155' ) AND ( (geval_image <> '') OR (geval_image_again <> '') ) LIMIT 1  
[2018-09-18 01:55:00] /shop/index.php?act=goods&op=comments_list&goods_id=103155 ( act=goods&op=comments_list ) 
ERR: Db Error: Unknown column 'geval_image_again' in 'where clause'
SELECT COUNT(*) AS nc_count FROM `zmkj_evaluate_goods` WHERE ( geval_goodsid = '103155' ) AND ( (geval_image <> '') OR (geval_image_again <> '') ) LIMIT 1  
[2018-09-18 02:46:40] /shop/index.php?act=goods&op=comments_list&goods_id=105581 ( act=goods&op=comments_list ) 
ERR: Db Error: Unknown column 'geval_image_again' in 'where clause'
SELECT COUNT(*) AS nc_count FROM `zmkj_evaluate_goods` WHERE ( geval_goodsid = '105581' ) AND ( (geval_image <> '') OR (geval_image_again <> '') ) LIMIT 1  
[2018-09-18 03:36:57] /shop/index.php?act=goods&op=comments_list&goods_id=104786 ( act=goods&op=comments_list ) 
ERR: Db Error: Unknown column 'geval_image_again' in 'where clause'
SELECT COUNT(*) AS nc_count FROM `zmkj_evaluate_goods` WHERE ( geval_goodsid = '104786' ) AND ( (geval_image <> '') OR (geval_image_again <> '') ) LIMIT 1  
[2018-09-18 03:56:53] /shop/index.php?act=goods&op=comments_list&goods_id=104785 ( act=goods&op=comments_list ) 
ERR: Db Error: Unknown column 'geval_image_again' in 'where clause'
SELECT COUNT(*) AS nc_count FROM `zmkj_evaluate_goods` WHERE ( geval_goodsid = '104785' ) AND ( (geval_image <> '') OR (geval_image_again <> '') ) LIMIT 1  
[2018-09-18 04:10:51] /shop/index.php?act=goods&op=comments_list&goods_id=106119 ( act=goods&op=comments_list ) 
ERR: Db Error: Unknown column 'geval_image_again' in 'where clause'
SELECT COUNT(*) AS nc_count FROM `zmkj_evaluate_goods` WHERE ( geval_goodsid = '106119' ) AND ( (geval_image <> '') OR (geval_image_again <> '') ) LIMIT 1  
[2018-09-18 04:16:52] /shop/index.php?act=goods&op=comments_list&goods_id=104781 ( act=goods&op=comments_list ) 
ERR: Db Error: Unknown column 'geval_image_again' in 'where clause'
SELECT COUNT(*) AS nc_count FROM `zmkj_evaluate_goods` WHERE ( geval_goodsid = '104781' ) AND ( (geval_image <> '') OR (geval_image_again <> '') ) LIMIT 1  
[2018-09-18 04:43:51] /shop/index.php?act=goods&op=comments_list&goods_id=104805 ( act=goods&op=comments_list ) 
ERR: Db Error: Unknown column 'geval_image_again' in 'where clause'
SELECT COUNT(*) AS nc_count FROM `zmkj_evaluate_goods` WHERE ( geval_goodsid = '104805' ) AND ( (geval_image <> '') OR (geval_image_again <> '') ) LIMIT 1  
[2018-09-18 04:51:11] /shop/index.php?act=goods&op=comments_list&goods_id=104454 ( act=goods&op=comments_list ) 
ERR: Db Error: Unknown column 'geval_image_again' in 'where clause'
SELECT COUNT(*) AS nc_count FROM `zmkj_evaluate_goods` WHERE ( geval_goodsid = '104454' ) AND ( (geval_image <> '') OR (geval_image_again <> '') ) LIMIT 1  
[2018-09-18 04:58:32] /shop/index.php?act=goods&op=comments_list&goods_id=103218 ( act=goods&op=comments_list ) 
ERR: Db Error: Unknown column 'geval_image_again' in 'where clause'
SELECT COUNT(*) AS nc_count FROM `zmkj_evaluate_goods` WHERE ( geval_goodsid = '103218' ) AND ( (geval_image <> '') OR (geval_image_again <> '') ) LIMIT 1  
[2018-09-18 05:45:42] /shop/index.php?act=goods&op=comments_list&goods_id=103588 ( act=goods&op=comments_list ) 
ERR: Db Error: Unknown column 'geval_image_again' in 'where clause'
SELECT COUNT(*) AS nc_count FROM `zmkj_evaluate_goods` WHERE ( geval_goodsid = '103588' ) AND ( (geval_image <> '') OR (geval_image_again <> '') ) LIMIT 1  
[2018-09-18 05:49:18] /shop/index.php?act=goods&op=comments_list&goods_id=104771 ( act=goods&op=comments_list ) 
ERR: Db Error: Unknown column 'geval_image_again' in 'where clause'
SELECT COUNT(*) AS nc_count FROM `zmkj_evaluate_goods` WHERE ( geval_goodsid = '104771' ) AND ( (geval_image <> '') OR (geval_image_again <> '') ) LIMIT 1  
[2018-09-18 05:58:44] /shop/index.php?act=goods&op=comments_list&goods_id=105367 ( act=goods&op=comments_list ) 
ERR: Db Error: Unknown column 'geval_image_again' in 'where clause'
SELECT COUNT(*) AS nc_count FROM `zmkj_evaluate_goods` WHERE ( geval_goodsid = '105367' ) AND ( (geval_image <> '') OR (geval_image_again <> '') ) LIMIT 1  
[2018-09-18 06:26:05] /shop/index.php?act=goods&op=comments_list&goods_id=104797 ( act=goods&op=comments_list ) 
ERR: Db Error: Unknown column 'geval_image_again' in 'where clause'
SELECT COUNT(*) AS nc_count FROM `zmkj_evaluate_goods` WHERE ( geval_goodsid = '104797' ) AND ( (geval_image <> '') OR (geval_image_again <> '') ) LIMIT 1  
[2018-09-18 06:41:12] /shop/index.php?act=goods&op=comments_list&goods_id=104801 ( act=goods&op=comments_list ) 
ERR: Db Error: Unknown column 'geval_image_again' in 'where clause'
SELECT COUNT(*) AS nc_count FROM `zmkj_evaluate_goods` WHERE ( geval_goodsid = '104801' ) AND ( (geval_image <> '') OR (geval_image_again <> '') ) LIMIT 1  
[2018-09-18 06:44:00] /shop/index.php?act=goods&op=comments_list&goods_id=100839&type=1 ( act=goods&op=comments_list ) 
ERR: Db Error: Unknown column 'geval_image_again' in 'where clause'
SELECT COUNT(*) AS nc_count FROM `zmkj_evaluate_goods` WHERE ( geval_goodsid = '100839' ) AND ( (geval_image <> '') OR (geval_image_again <> '') ) LIMIT 1  
[2018-09-18 07:00:31] /shop/index.php?act=goods&op=comments_list&goods_id=104780 ( act=goods&op=comments_list ) 
ERR: Db Error: Unknown column 'geval_image_again' in 'where clause'
SELECT COUNT(*) AS nc_count FROM `zmkj_evaluate_goods` WHERE ( geval_goodsid = '104780' ) AND ( (geval_image <> '') OR (geval_image_again <> '') ) LIMIT 1  
[2018-09-18 07:03:13] /shop/index.php?act=goods&op=comments_list&goods_id=104600 ( act=goods&op=comments_list ) 
ERR: Db Error: Unknown column 'geval_image_again' in 'where clause'
SELECT COUNT(*) AS nc_count FROM `zmkj_evaluate_goods` WHERE ( geval_goodsid = '104600' ) AND ( (geval_image <> '') OR (geval_image_again <> '') ) LIMIT 1  
[2018-09-18 07:29:23] /shop/index.php?act=goods&op=comments_list&goods_id=103939 ( act=goods&op=comments_list ) 
ERR: Db Error: Unknown column 'geval_image_again' in 'where clause'
SELECT COUNT(*) AS nc_count FROM `zmkj_evaluate_goods` WHERE ( geval_goodsid = '103939' ) AND ( (geval_image <> '') OR (geval_image_again <> '') ) LIMIT 1  
[2018-09-18 07:49:21] /shop/index.php?act=goods&op=comments_list&goods_id=104795 ( act=goods&op=comments_list ) 
ERR: Db Error: Unknown column 'geval_image_again' in 'where clause'
SELECT COUNT(*) AS nc_count FROM `zmkj_evaluate_goods` WHERE ( geval_goodsid = '104795' ) AND ( (geval_image <> '') OR (geval_image_again <> '') ) LIMIT 1  
[2018-09-18 08:08:32] /shop/index.php?act=goods&op=comments_list&goods_id=104065 ( act=goods&op=comments_list ) 
ERR: Db Error: Unknown column 'geval_image_again' in 'where clause'
SELECT COUNT(*) AS nc_count FROM `zmkj_evaluate_goods` WHERE ( geval_goodsid = '104065' ) AND ( (geval_image <> '') OR (geval_image_again <> '') ) LIMIT 1  
[2018-09-18 08:32:23] /shop/index.php?act=goods&op=comments_list&goods_id=104768 ( act=goods&op=comments_list ) 
ERR: Db Error: Unknown column 'geval_image_again' in 'where clause'
SELECT COUNT(*) AS nc_count FROM `zmkj_evaluate_goods` WHERE ( geval_goodsid = '104768' ) AND ( (geval_image <> '') OR (geval_image_again <> '') ) LIMIT 1  
[2018-09-18 08:35:49] /shop/index.php?act=goods&op=comments_list&goods_id=104811 ( act=goods&op=comments_list ) 
ERR: Db Error: Unknown column 'geval_image_again' in 'where clause'
SELECT COUNT(*) AS nc_count FROM `zmkj_evaluate_goods` WHERE ( geval_goodsid = '104811' ) AND ( (geval_image <> '') OR (geval_image_again <> '') ) LIMIT 1  
[2018-09-18 08:49:34] /shop/index.php?act=goods&op=comments_list&goods_id=106130 ( act=goods&op=comments_list ) 
ERR: Db Error: Unknown column 'geval_image_again' in 'where clause'
SELECT COUNT(*) AS nc_count FROM `zmkj_evaluate_goods` WHERE ( geval_goodsid = '106130' ) AND ( (geval_image <> '') OR (geval_image_again <> '') ) LIMIT 1  
[2018-09-18 09:59:14] /shop/index.php?act=goods&op=comments_list&goods_id=102840 ( act=goods&op=comments_list ) 
ERR: Db Error: Unknown column 'geval_image_again' in 'where clause'
SELECT COUNT(*) AS nc_count FROM `zmkj_evaluate_goods` WHERE ( geval_goodsid = '102840' ) AND ( (geval_image <> '') OR (geval_image_again <> '') ) LIMIT 1  
[2018-09-18 10:11:25] /shop/index.php?act=goods&op=comments_list&goods_id=101419 ( act=goods&op=comments_list ) 
ERR: Db Error: Unknown column 'geval_image_again' in 'where clause'
SELECT COUNT(*) AS nc_count FROM `zmkj_evaluate_goods` WHERE ( geval_goodsid = '101419' ) AND ( (geval_image <> '') OR (geval_image_again <> '') ) LIMIT 1  
[2018-09-18 10:31:55] /shop/index.php?act=search&op=index&cate_id=2187 ( act=search&op=index ) 
ERR: Db Error: Unknown column 'gc_id_' in 'where clause'
SELECT count(distinct CONCAT(goods_commonid)) AS nc_count FROM `zmkj_goods` WHERE ( gc_id_ = '2187' ) AND ( goods_state = '1' ) AND ( goods_verify = '1' ) LIMIT 1  
[2018-09-18 10:46:54] /shop/index.php?act=goods&op=comments_list&goods_id=103158 ( act=goods&op=comments_list ) 
ERR: Db Error: Unknown column 'geval_image_again' in 'where clause'
SELECT COUNT(*) AS nc_count FROM `zmkj_evaluate_goods` WHERE ( geval_goodsid = '103158' ) AND ( (geval_image <> '') OR (geval_image_again <> '') ) LIMIT 1  
[2018-09-18 10:53:30] /shop/index.php?act=goods&op=comments_list&goods_id=102916 ( act=goods&op=comments_list ) 
ERR: Db Error: Unknown column 'geval_image_again' in 'where clause'
SELECT COUNT(*) AS nc_count FROM `zmkj_evaluate_goods` WHERE ( geval_goodsid = '102916' ) AND ( (geval_image <> '') OR (geval_image_again <> '') ) LIMIT 1  
[2018-09-18 11:07:50] /shop/index.php?act=goods&op=comments_list&goods_id=104533 ( act=goods&op=comments_list ) 
ERR: Db Error: Unknown column 'geval_image_again' in 'where clause'
SELECT COUNT(*) AS nc_count FROM `zmkj_evaluate_goods` WHERE ( geval_goodsid = '104533' ) AND ( (geval_image <> '') OR (geval_image_again <> '') ) LIMIT 1  
[2018-09-18 14:31:31] /shop/index.php?act=goods&op=comments_list&goods_id=105879&type=2 ( act=goods&op=comments_list ) 
ERR: Db Error: Unknown column 'geval_image_again' in 'where clause'
SELECT COUNT(*) AS nc_count FROM `zmkj_evaluate_goods` WHERE ( geval_goodsid = '105879' ) AND ( (geval_image <> '') OR (geval_image_again <> '') ) LIMIT 1  
[2018-09-18 15:26:06] /shop/index.php?act=goods&op=comments_list&goods_id=106089&type=1 ( act=goods&op=comments_list ) 
ERR: Db Error: Unknown column 'geval_image_again' in 'where clause'
SELECT COUNT(*) AS nc_count FROM `zmkj_evaluate_goods` WHERE ( geval_goodsid = '106089' ) AND ( (geval_image <> '') OR (geval_image_again <> '') ) LIMIT 1  
[2018-09-18 15:36:04] /shop/index.php?act=goods&op=comments_list&goods_id=106102&type=3 ( act=goods&op=comments_list ) 
ERR: Db Error: Unknown column 'geval_image_again' in 'where clause'
SELECT COUNT(*) AS nc_count FROM `zmkj_evaluate_goods` WHERE ( geval_goodsid = '106102' ) AND ( (geval_image <> '') OR (geval_image_again <> '') ) LIMIT 1  
[2018-09-18 16:16:45] /shop/index.php?act=goods&op=comments_list&goods_id=102701&type=3 ( act=goods&op=comments_list ) 
ERR: Db Error: Unknown column 'geval_image_again' in 'where clause'
SELECT COUNT(*) AS nc_count FROM `zmkj_evaluate_goods` WHERE ( geval_goodsid = '102701' ) AND ( (geval_image <> '') OR (geval_image_again <> '') ) LIMIT 1  
[2018-09-18 16:37:38] /admin/index.php?act=goods_orm&op=ajax_show&goods_id=106018 ( act=goods_orm&op=ajax_show ) 
ERR: Db Error: You have an error in your SQL syntax; check the manual that corresponds to your MySQL server version for the right syntax to use near '}' at line 1
select * from zmkj_goods_bind where goods_id={$goods_id}
[2018-09-18 16:56:47] /shop/index.php?act=goods&op=comments_list&goods_id=102719&type=1 ( act=goods&op=comments_list ) 
ERR: Db Error: Unknown column 'geval_image_again' in 'where clause'
SELECT COUNT(*) AS nc_count FROM `zmkj_evaluate_goods` WHERE ( geval_goodsid = '102719' ) AND ( (geval_image <> '') OR (geval_image_again <> '') ) LIMIT 1  
[2018-09-18 17:35:58] /shop/index.php?act=goods&op=comments_list&goods_id=105832&type=3 ( act=goods&op=comments_list ) 
ERR: Db Error: Unknown column 'geval_image_again' in 'where clause'
SELECT COUNT(*) AS nc_count FROM `zmkj_evaluate_goods` WHERE ( geval_goodsid = '105832' ) AND ( (geval_image <> '') OR (geval_image_again <> '') ) LIMIT 1  
[2018-09-18 17:44:00] /shop/index.php?act=goods&op=comments_list&goods_id=103188&type=1 ( act=goods&op=comments_list ) 
ERR: Db Error: Unknown column 'geval_image_again' in 'where clause'
SELECT COUNT(*) AS nc_count FROM `zmkj_evaluate_goods` WHERE ( geval_goodsid = '103188' ) AND ( (geval_image <> '') OR (geval_image_again <> '') ) LIMIT 1  
[2018-09-18 17:51:15] /shop/index.php?act=goods&op=comments_list&goods_id=105267&type=1 ( act=goods&op=comments_list ) 
ERR: Db Error: Unknown column 'geval_image_again' in 'where clause'
SELECT COUNT(*) AS nc_count FROM `zmkj_evaluate_goods` WHERE ( geval_goodsid = '105267' ) AND ( (geval_image <> '') OR (geval_image_again <> '') ) LIMIT 1  
[2018-09-18 18:12:43] /shop/index.php?act=goods&op=comments_list&goods_id=104080&type=2 ( act=goods&op=comments_list ) 
ERR: Db Error: Unknown column 'geval_image_again' in 'where clause'
SELECT COUNT(*) AS nc_count FROM `zmkj_evaluate_goods` WHERE ( geval_goodsid = '104080' ) AND ( (geval_image <> '') OR (geval_image_again <> '') ) LIMIT 1  
[2018-09-18 19:08:14] /shop/index.php?act=search&op=index&cate_id=2138 ( act=search&op=index ) 
ERR: Db Error: Unknown column 'gc_id_' in 'where clause'
SELECT count(distinct CONCAT(goods_commonid)) AS nc_count FROM `zmkj_goods` WHERE ( gc_id_ = '2138' ) AND ( goods_state = '1' ) AND ( goods_verify = '1' ) LIMIT 1  
[2018-09-18 19:23:57] /shop/index.php?act=goods&op=comments_list&goods_id=106009 ( act=goods&op=comments_list ) 
ERR: Db Error: Unknown column 'geval_image_again' in 'where clause'
SELECT COUNT(*) AS nc_count FROM `zmkj_evaluate_goods` WHERE ( geval_goodsid = '106009' ) AND ( (geval_image <> '') OR (geval_image_again <> '') ) LIMIT 1  
[2018-09-18 21:05:09] /shop/index.php?act=goods&op=comments_list&goods_id=103804 ( act=goods&op=comments_list ) 
ERR: Db Error: Unknown column 'geval_image_again' in 'where clause'
SELECT COUNT(*) AS nc_count FROM `zmkj_evaluate_goods` WHERE ( geval_goodsid = '103804' ) AND ( (geval_image <> '') OR (geval_image_again <> '') ) LIMIT 1  
[2018-09-18 21:19:30] /shop/index.php?act=goods&op=comments_list&goods_id=104805 ( act=goods&op=comments_list ) 
ERR: Db Error: Unknown column 'geval_image_again' in 'where clause'
SELECT COUNT(*) AS nc_count FROM `zmkj_evaluate_goods` WHERE ( geval_goodsid = '104805' ) AND ( (geval_image <> '') OR (geval_image_again <> '') ) LIMIT 1  
[2018-09-18 21:22:22] /shop/index.php?act=goods&op=comments_list&goods_id=104801 ( act=goods&op=comments_list ) 
ERR: Db Error: Unknown column 'geval_image_again' in 'where clause'
SELECT COUNT(*) AS nc_count FROM `zmkj_evaluate_goods` WHERE ( geval_goodsid = '104801' ) AND ( (geval_image <> '') OR (geval_image_again <> '') ) LIMIT 1  
[2018-09-18 21:43:17] /shop/index.php?act=goods&op=comments_list&goods_id=104528 ( act=goods&op=comments_list ) 
ERR: Db Error: Unknown column 'geval_image_again' in 'where clause'
SELECT COUNT(*) AS nc_count FROM `zmkj_evaluate_goods` WHERE ( geval_goodsid = '104528' ) AND ( (geval_image <> '') OR (geval_image_again <> '') ) LIMIT 1  
[2018-09-18 22:51:23] /shop/index.php?act=goods&op=comments_list&goods_id=102541 ( act=goods&op=comments_list ) 
ERR: Db Error: Unknown column 'geval_image_again' in 'where clause'
SELECT COUNT(*) AS nc_count FROM `zmkj_evaluate_goods` WHERE ( geval_goodsid = '102541' ) AND ( (geval_image <> '') OR (geval_image_again <> '') ) LIMIT 1  
[2018-09-18 23:01:07] /shop/index.php?act=goods&op=comments_list&goods_id=103227 ( act=goods&op=comments_list ) 
ERR: Db Error: Unknown column 'geval_image_again' in 'where clause'
SELECT COUNT(*) AS nc_count FROM `zmkj_evaluate_goods` WHERE ( geval_goodsid = '103227' ) AND ( (geval_image <> '') OR (geval_image_again <> '') ) LIMIT 1  
[2018-09-18 23:08:37] /shop/index.php?act=goods&op=comments_list&goods_id=103258 ( act=goods&op=comments_list ) 
ERR: Db Error: Unknown column 'geval_image_again' in 'where clause'
SELECT COUNT(*) AS nc_count FROM `zmkj_evaluate_goods` WHERE ( geval_goodsid = '103258' ) AND ( (geval_image <> '') OR (geval_image_again <> '') ) LIMIT 1  
[2018-09-18 23:11:42] /shop/index.php?act=goods&op=comments_list&goods_id=102590 ( act=goods&op=comments_list ) 
ERR: Db Error: Unknown column 'geval_image_again' in 'where clause'
SELECT COUNT(*) AS nc_count FROM `zmkj_evaluate_goods` WHERE ( geval_goodsid = '102590' ) AND ( (geval_image <> '') OR (geval_image_again <> '') ) LIMIT 1  
[2018-09-18 23:17:14] /shop/index.php?act=goods&op=comments_list&goods_id=103585 ( act=goods&op=comments_list ) 
ERR: Db Error: Unknown column 'geval_image_again' in 'where clause'
SELECT COUNT(*) AS nc_count FROM `zmkj_evaluate_goods` WHERE ( geval_goodsid = '103585' ) AND ( (geval_image <> '') OR (geval_image_again <> '') ) LIMIT 1  
[2018-09-18 23:21:06] /shop/index.php?act=goods&op=comments_list&goods_id=102536 ( act=goods&op=comments_list ) 
ERR: Db Error: Unknown column 'geval_image_again' in 'where clause'
SELECT COUNT(*) AS nc_count FROM `zmkj_evaluate_goods` WHERE ( geval_goodsid = '102536' ) AND ( (geval_image <> '') OR (geval_image_again <> '') ) LIMIT 1  
[2018-09-18 23:29:38] /shop/index.php?act=goods&op=comments_list&goods_id=104563 ( act=goods&op=comments_list ) 
ERR: Db Error: Unknown column 'geval_image_again' in 'where clause'
SELECT COUNT(*) AS nc_count FROM `zmkj_evaluate_goods` WHERE ( geval_goodsid = '104563' ) AND ( (geval_image <> '') OR (geval_image_again <> '') ) LIMIT 1  
[2018-09-18 23:40:58] /shop/index.php?act=goods&op=comments_list&goods_id=102516 ( act=goods&op=comments_list ) 
ERR: Db Error: Unknown column 'geval_image_again' in 'where clause'
SELECT COUNT(*) AS nc_count FROM `zmkj_evaluate_goods` WHERE ( geval_goodsid = '102516' ) AND ( (geval_image <> '') OR (geval_image_again <> '') ) LIMIT 1  
[2018-09-18 23:48:48] /shop/index.php?act=goods&op=comments_list&goods_id=105338 ( act=goods&op=comments_list ) 
ERR: Db Error: Unknown column 'geval_image_again' in 'where clause'
SELECT COUNT(*) AS nc_count FROM `zmkj_evaluate_goods` WHERE ( geval_goodsid = '105338' ) AND ( (geval_image <> '') OR (geval_image_again <> '') ) LIMIT 1  
