[2018-12-10 00:09:41] /shop/index.php?act=goods&op=comments_list&goods_id=101698 ( act=goods&op=comments_list ) 
ERR: Db Error: Unknown column 'geval_image_again' in 'where clause'
SELECT COUNT(*) AS nc_count FROM `zmkj_evaluate_goods` WHERE ( geval_goodsid = '101698' ) AND ( (geval_image <> '') OR (geval_image_again <> '') ) LIMIT 1  
[2018-12-10 00:19:17] /shop/index.php?act=goods&op=comments_list&goods_id=101830 ( act=goods&op=comments_list ) 
ERR: Db Error: Unknown column 'geval_image_again' in 'where clause'
SELECT COUNT(*) AS nc_count FROM `zmkj_evaluate_goods` WHERE ( geval_goodsid = '101830' ) AND ( (geval_image <> '') OR (geval_image_again <> '') ) LIMIT 1  
[2018-12-10 00:24:05] /shop/index.php?act=goods&op=comments_list&goods_id=101671 ( act=goods&op=comments_list ) 
ERR: Db Error: Unknown column 'geval_image_again' in 'where clause'
SELECT COUNT(*) AS nc_count FROM `zmkj_evaluate_goods` WHERE ( geval_goodsid = '101671' ) AND ( (geval_image <> '') OR (geval_image_again <> '') ) LIMIT 1  
[2018-12-10 00:52:53] /shop/index.php?act=goods&op=comments_list&goods_id=101262 ( act=goods&op=comments_list ) 
ERR: Db Error: Unknown column 'geval_image_again' in 'where clause'
SELECT COUNT(*) AS nc_count FROM `zmkj_evaluate_goods` WHERE ( geval_goodsid = '101262' ) AND ( (geval_image <> '') OR (geval_image_again <> '') ) LIMIT 1  
[2018-12-10 01:02:29] /shop/index.php?act=goods&op=comments_list&goods_id=104416 ( act=goods&op=comments_list ) 
ERR: Db Error: Unknown column 'geval_image_again' in 'where clause'
SELECT COUNT(*) AS nc_count FROM `zmkj_evaluate_goods` WHERE ( geval_goodsid = '104416' ) AND ( (geval_image <> '') OR (geval_image_again <> '') ) LIMIT 1  
[2018-12-10 01:07:17] /shop/index.php?act=goods&op=comments_list&goods_id=101345 ( act=goods&op=comments_list ) 
ERR: Db Error: Unknown column 'geval_image_again' in 'where clause'
SELECT COUNT(*) AS nc_count FROM `zmkj_evaluate_goods` WHERE ( geval_goodsid = '101345' ) AND ( (geval_image <> '') OR (geval_image_again <> '') ) LIMIT 1  
[2018-12-10 01:12:05] /shop/index.php?act=goods&op=comments_list&goods_id=101231 ( act=goods&op=comments_list ) 
ERR: Db Error: Unknown column 'geval_image_again' in 'where clause'
SELECT COUNT(*) AS nc_count FROM `zmkj_evaluate_goods` WHERE ( geval_goodsid = '101231' ) AND ( (geval_image <> '') OR (geval_image_again <> '') ) LIMIT 1  
[2018-12-10 01:16:53] /shop/index.php?act=goods&op=comments_list&goods_id=101197 ( act=goods&op=comments_list ) 
ERR: Db Error: Unknown column 'geval_image_again' in 'where clause'
SELECT COUNT(*) AS nc_count FROM `zmkj_evaluate_goods` WHERE ( geval_goodsid = '101197' ) AND ( (geval_image <> '') OR (geval_image_again <> '') ) LIMIT 1  
[2018-12-10 01:26:29] /shop/index.php?act=goods&op=comments_list&goods_id=101717 ( act=goods&op=comments_list ) 
ERR: Db Error: Unknown column 'geval_image_again' in 'where clause'
SELECT COUNT(*) AS nc_count FROM `zmkj_evaluate_goods` WHERE ( geval_goodsid = '101717' ) AND ( (geval_image <> '') OR (geval_image_again <> '') ) LIMIT 1  
[2018-12-10 01:55:17] /shop/index.php?act=goods&op=comments_list&goods_id=105871 ( act=goods&op=comments_list ) 
ERR: Db Error: Unknown column 'geval_image_again' in 'where clause'
SELECT COUNT(*) AS nc_count FROM `zmkj_evaluate_goods` WHERE ( geval_goodsid = '105871' ) AND ( (geval_image <> '') OR (geval_image_again <> '') ) LIMIT 1  
[2018-12-10 02:09:41] /shop/index.php?act=goods&op=comments_list&goods_id=102082 ( act=goods&op=comments_list ) 
ERR: Db Error: Unknown column 'geval_image_again' in 'where clause'
SELECT COUNT(*) AS nc_count FROM `zmkj_evaluate_goods` WHERE ( geval_goodsid = '102082' ) AND ( (geval_image <> '') OR (geval_image_again <> '') ) LIMIT 1  
[2018-12-10 02:19:17] /shop/index.php?act=goods&op=comments_list&goods_id=101834 ( act=goods&op=comments_list ) 
ERR: Db Error: Unknown column 'geval_image_again' in 'where clause'
SELECT COUNT(*) AS nc_count FROM `zmkj_evaluate_goods` WHERE ( geval_goodsid = '101834' ) AND ( (geval_image <> '') OR (geval_image_again <> '') ) LIMIT 1  
[2018-12-10 02:24:05] /shop/index.php?act=goods&op=comments_list&goods_id=101277 ( act=goods&op=comments_list ) 
ERR: Db Error: Unknown column 'geval_image_again' in 'where clause'
SELECT COUNT(*) AS nc_count FROM `zmkj_evaluate_goods` WHERE ( geval_goodsid = '101277' ) AND ( (geval_image <> '') OR (geval_image_again <> '') ) LIMIT 1  
[2018-12-10 04:13:33] /shop/index.php?act=goods&op=comments_list&goods_id=106062 ( act=goods&op=comments_list ) 
ERR: Db Error: Unknown column 'geval_image_again' in 'where clause'
SELECT COUNT(*) AS nc_count FROM `zmkj_evaluate_goods` WHERE ( geval_goodsid = '106062' ) AND ( (geval_image <> '') OR (geval_image_again <> '') ) LIMIT 1  
[2018-12-10 04:43:17] /shop/index.php?act=goods&op=comments_list&goods_id=105776 ( act=goods&op=comments_list ) 
ERR: Db Error: Unknown column 'geval_image_again' in 'where clause'
SELECT COUNT(*) AS nc_count FROM `zmkj_evaluate_goods` WHERE ( geval_goodsid = '105776' ) AND ( (geval_image <> '') OR (geval_image_again <> '') ) LIMIT 1  
[2018-12-10 05:11:48] /shop/index.php?act=hot_sale&op=index ( act=hot_sale&op=index ) 
ERR: Db Error: You have an error in your SQL syntax; check the manual that corresponds to your MySQL server version for the right syntax to use near ') and goods_state=1' at line 1
select * from zmkj_goods where goods_id in () and goods_state=1
[2018-12-10 05:11:48] /shop/index.php?act=hot_sale&op=index ( act=hot_sale&op=index ) 
ERR: Db Error: You have an error in your SQL syntax; check the manual that corresponds to your MySQL server version for the right syntax to use near '' at line 1
select `member_id` from zmkj_store where store_id = 
[2018-12-10 05:16:53] /shop/index.php?act=goods&op=comments_list&goods_id=102605 ( act=goods&op=comments_list ) 
ERR: Db Error: Unknown column 'geval_image_again' in 'where clause'
SELECT COUNT(*) AS nc_count FROM `zmkj_evaluate_goods` WHERE ( geval_goodsid = '102605' ) AND ( (geval_image <> '') OR (geval_image_again <> '') ) LIMIT 1  
[2018-12-10 05:36:44] /shop/index.php?act=goods&op=comments_list&goods_id=106720 ( act=goods&op=comments_list ) 
ERR: Db Error: Unknown column 'geval_image_again' in 'where clause'
SELECT COUNT(*) AS nc_count FROM `zmkj_evaluate_goods` WHERE ( geval_goodsid = '106720' ) AND ( (geval_image <> '') OR (geval_image_again <> '') ) LIMIT 1  
[2018-12-10 05:43:59] /shop/index.php?act=goods&op=comments_list&goods_id=105839&type=2 ( act=goods&op=comments_list ) 
ERR: Db Error: Unknown column 'geval_image_again' in 'where clause'
SELECT COUNT(*) AS nc_count FROM `zmkj_evaluate_goods` WHERE ( geval_goodsid = '105839' ) AND ( (geval_image <> '') OR (geval_image_again <> '') ) LIMIT 1  
[2018-12-10 06:24:05] /shop/index.php?act=goods&op=comments_list&goods_id=101166 ( act=goods&op=comments_list ) 
ERR: Db Error: Unknown column 'geval_image_again' in 'where clause'
SELECT COUNT(*) AS nc_count FROM `zmkj_evaluate_goods` WHERE ( geval_goodsid = '101166' ) AND ( (geval_image <> '') OR (geval_image_again <> '') ) LIMIT 1  
[2018-12-10 07:07:17] /shop/index.php?act=goods&op=comments_list&goods_id=105860 ( act=goods&op=comments_list ) 
ERR: Db Error: Unknown column 'geval_image_again' in 'where clause'
SELECT COUNT(*) AS nc_count FROM `zmkj_evaluate_goods` WHERE ( geval_goodsid = '105860' ) AND ( (geval_image <> '') OR (geval_image_again <> '') ) LIMIT 1  
[2018-12-10 07:12:05] /shop/index.php?act=goods&op=comments_list&goods_id=105880 ( act=goods&op=comments_list ) 
ERR: Db Error: Unknown column 'geval_image_again' in 'where clause'
SELECT COUNT(*) AS nc_count FROM `zmkj_evaluate_goods` WHERE ( geval_goodsid = '105880' ) AND ( (geval_image <> '') OR (geval_image_again <> '') ) LIMIT 1  
[2018-12-10 08:48:05] /shop/index.php?act=goods&op=comments_list&goods_id=101171 ( act=goods&op=comments_list ) 
ERR: Db Error: Unknown column 'geval_image_again' in 'where clause'
SELECT COUNT(*) AS nc_count FROM `zmkj_evaluate_goods` WHERE ( geval_goodsid = '101171' ) AND ( (geval_image <> '') OR (geval_image_again <> '') ) LIMIT 1  
[2018-12-10 08:48:10] /shop/index.php?act=goods&op=comments_list&goods_id=103901 ( act=goods&op=comments_list ) 
ERR: Db Error: Unknown column 'geval_image_again' in 'where clause'
SELECT COUNT(*) AS nc_count FROM `zmkj_evaluate_goods` WHERE ( geval_goodsid = '103901' ) AND ( (geval_image <> '') OR (geval_image_again <> '') ) LIMIT 1  
[2018-12-10 09:33:01] /shop/index.php?act=goods&op=comments_list&goods_id=103964 ( act=goods&op=comments_list ) 
ERR: Db Error: Unknown column 'geval_image_again' in 'where clause'
SELECT COUNT(*) AS nc_count FROM `zmkj_evaluate_goods` WHERE ( geval_goodsid = '103964' ) AND ( (geval_image <> '') OR (geval_image_again <> '') ) LIMIT 1  
[2018-12-10 10:10:55] /shop/index.php?act=goods&op=comments_list&goods_id=103883 ( act=goods&op=comments_list ) 
ERR: Db Error: Unknown column 'geval_image_again' in 'where clause'
SELECT COUNT(*) AS nc_count FROM `zmkj_evaluate_goods` WHERE ( geval_goodsid = '103883' ) AND ( (geval_image <> '') OR (geval_image_again <> '') ) LIMIT 1  
[2018-12-10 10:26:48] /shop/index.php?act=goods&op=comments_list&goods_id=103801&type=1 ( act=goods&op=comments_list ) 
ERR: Db Error: Unknown column 'geval_image_again' in 'where clause'
SELECT COUNT(*) AS nc_count FROM `zmkj_evaluate_goods` WHERE ( geval_goodsid = '103801' ) AND ( (geval_image <> '') OR (geval_image_again <> '') ) LIMIT 1  
[2018-12-10 10:41:08] /shop/index.php?act=goods&op=comments_list&goods_id=104547 ( act=goods&op=comments_list ) 
ERR: Db Error: Unknown column 'geval_image_again' in 'where clause'
SELECT COUNT(*) AS nc_count FROM `zmkj_evaluate_goods` WHERE ( geval_goodsid = '104547' ) AND ( (geval_image <> '') OR (geval_image_again <> '') ) LIMIT 1  
[2018-12-10 10:44:06] /shop/index.php?act=goods&op=comments_list&goods_id=105839&type=1 ( act=goods&op=comments_list ) 
ERR: Db Error: Unknown column 'geval_image_again' in 'where clause'
SELECT COUNT(*) AS nc_count FROM `zmkj_evaluate_goods` WHERE ( geval_goodsid = '105839' ) AND ( (geval_image <> '') OR (geval_image_again <> '') ) LIMIT 1  
[2018-12-10 11:12:04] /shop/index.php?act=goods&op=comments_list&goods_id=105068 ( act=goods&op=comments_list ) 
ERR: Db Error: Unknown column 'geval_image_again' in 'where clause'
SELECT COUNT(*) AS nc_count FROM `zmkj_evaluate_goods` WHERE ( geval_goodsid = '105068' ) AND ( (geval_image <> '') OR (geval_image_again <> '') ) LIMIT 1  
[2018-12-10 16:11:36] /shop/index.php?act=goods&goods_id=100963&op=comments_list ( act=goods&op=comments_list ) 
ERR: Db Error: Unknown column 'geval_image_again' in 'where clause'
SELECT COUNT(*) AS nc_count FROM `zmkj_evaluate_goods` WHERE ( geval_goodsid = '100963' ) AND ( (geval_image <> '') OR (geval_image_again <> '') ) LIMIT 1  
[2018-12-10 16:24:05] /shop/index.php?act=goods&op=comments_list&goods_id=102076 ( act=goods&op=comments_list ) 
ERR: Db Error: Unknown column 'geval_image_again' in 'where clause'
SELECT COUNT(*) AS nc_count FROM `zmkj_evaluate_goods` WHERE ( geval_goodsid = '102076' ) AND ( (geval_image <> '') OR (geval_image_again <> '') ) LIMIT 1  
[2018-12-10 16:43:17] /shop/index.php?act=goods&op=comments_list&goods_id=105882 ( act=goods&op=comments_list ) 
ERR: Db Error: Unknown column 'geval_image_again' in 'where clause'
SELECT COUNT(*) AS nc_count FROM `zmkj_evaluate_goods` WHERE ( geval_goodsid = '105882' ) AND ( (geval_image <> '') OR (geval_image_again <> '') ) LIMIT 1  
[2018-12-10 17:21:41] /shop/index.php?act=goods&op=comments_list&goods_id=107014 ( act=goods&op=comments_list ) 
ERR: Db Error: Unknown column 'geval_image_again' in 'where clause'
SELECT COUNT(*) AS nc_count FROM `zmkj_evaluate_goods` WHERE ( geval_goodsid = '107014' ) AND ( (geval_image <> '') OR (geval_image_again <> '') ) LIMIT 1  
[2018-12-10 19:50:29] /shop/index.php?act=goods&op=comments_list&goods_id=102567 ( act=goods&op=comments_list ) 
ERR: Db Error: Unknown column 'geval_image_again' in 'where clause'
SELECT COUNT(*) AS nc_count FROM `zmkj_evaluate_goods` WHERE ( geval_goodsid = '102567' ) AND ( (geval_image <> '') OR (geval_image_again <> '') ) LIMIT 1  
[2018-12-10 20:00:05] /shop/index.php?act=goods&op=comments_list&goods_id=102639 ( act=goods&op=comments_list ) 
ERR: Db Error: Unknown column 'geval_image_again' in 'where clause'
SELECT COUNT(*) AS nc_count FROM `zmkj_evaluate_goods` WHERE ( geval_goodsid = '102639' ) AND ( (geval_image <> '') OR (geval_image_again <> '') ) LIMIT 1  
