[2018-01-21 02:26:36] /shop/index.php?act=goods&goods_id=100319&op=index ( act=goods&op=index ) 
ERR: Db Error: Unknown column 'geval_image_again' in 'where clause'
SELECT COUNT(*) AS nc_count FROM `zmkj_evaluate_goods` WHERE ( geval_goodsid = '100319' ) AND ( (geval_image <> '') OR (geval_image_again <> '') ) LIMIT 1  
[2018-01-21 04:55:36] /shop/index.php?act=goods&goods_id=100059&op=index ( act=goods&op=index ) 
ERR: Db Error: Unknown column 'geval_image_again' in 'where clause'
SELECT COUNT(*) AS nc_count FROM `zmkj_evaluate_goods` WHERE ( geval_goodsid = '100059' ) AND ( (geval_image <> '') OR (geval_image_again <> '') ) LIMIT 1  
[2018-01-21 06:52:05] /shop/index.php?act=goods&op=index&goods_id=100451 ( act=goods&op=index ) 
ERR: Db Error: Unknown column 'geval_image_again' in 'where clause'
SELECT COUNT(*) AS nc_count FROM `zmkj_evaluate_goods` WHERE ( geval_goodsid = '100451' ) AND ( (geval_image <> '') OR (geval_image_again <> '') ) LIMIT 1  
[2018-01-21 13:20:04] /shop/index.php?act=goods&goods_id=100478 ( act=goods&op=index ) 
ERR: Db Error: Unknown column 'geval_image_again' in 'where clause'
SELECT COUNT(*) AS nc_count FROM `zmkj_evaluate_goods` WHERE ( geval_goodsid = '100478' ) AND ( (geval_image <> '') OR (geval_image_again <> '') ) LIMIT 1  
[2018-01-21 13:57:55] /shop/index.php?act=goods&op=index&goods_id=100438 ( act=goods&op=index ) 
ERR: Db Error: Unknown column 'geval_image_again' in 'where clause'
SELECT COUNT(*) AS nc_count FROM `zmkj_evaluate_goods` WHERE ( geval_goodsid = '100438' ) AND ( (geval_image <> '') OR (geval_image_again <> '') ) LIMIT 1  
[2018-01-21 15:02:39] /shop/index.php?act=goods&goods_id=100544&op=index ( act=goods&op=index ) 
ERR: Db Error: Unknown column 'geval_image_again' in 'where clause'
SELECT COUNT(*) AS nc_count FROM `zmkj_evaluate_goods` WHERE ( geval_goodsid = '100544' ) AND ( (geval_image <> '') OR (geval_image_again <> '') ) LIMIT 1  
[2018-01-21 15:07:55] /shop/index.php?act=goods&op=index&goods_id=100445 ( act=goods&op=index ) 
ERR: Db Error: Unknown column 'geval_image_again' in 'where clause'
SELECT COUNT(*) AS nc_count FROM `zmkj_evaluate_goods` WHERE ( geval_goodsid = '100445' ) AND ( (geval_image <> '') OR (geval_image_again <> '') ) LIMIT 1  
[2018-01-21 15:31:45] /mobile/index.php?act=goods&op=goods_detail&goods_id=100547&key= ( act=goods&op=goods_detail ) 
ERR: Db Error: Unknown column 'geval_image_again' in 'where clause'
SELECT COUNT(*) AS nc_count FROM `zmkj_evaluate_goods` WHERE ( geval_goodsid = '100547' ) AND ( (geval_image <> '') OR (geval_image_again <> '') ) LIMIT 1  
[2018-01-21 15:31:57] /mobile/index.php?act=goods&op=goods_detail&goods_id=100550&key= ( act=goods&op=goods_detail ) 
ERR: Db Error: Unknown column 'geval_image_again' in 'where clause'
SELECT COUNT(*) AS nc_count FROM `zmkj_evaluate_goods` WHERE ( geval_goodsid = '100550' ) AND ( (geval_image <> '') OR (geval_image_again <> '') ) LIMIT 1  
[2018-01-21 15:32:13] /mobile/index.php?act=goods&op=goods_detail&goods_id=100502&key= ( act=goods&op=goods_detail ) 
ERR: Db Error: Unknown column 'geval_image_again' in 'where clause'
SELECT COUNT(*) AS nc_count FROM `zmkj_evaluate_goods` WHERE ( geval_goodsid = '100502' ) AND ( (geval_image <> '') OR (geval_image_again <> '') ) LIMIT 1  
[2018-01-21 15:34:00] /mobile/index.php?act=goods&op=goods_detail&goods_id=100502&key= ( act=goods&op=goods_detail ) 
ERR: Db Error: Unknown column 'geval_image_again' in 'where clause'
SELECT COUNT(*) AS nc_count FROM `zmkj_evaluate_goods` WHERE ( geval_goodsid = '100502' ) AND ( (geval_image <> '') OR (geval_image_again <> '') ) LIMIT 1  
[2018-01-21 15:34:07] /mobile/index.php?act=goods&op=goods_detail&goods_id=100550&key= ( act=goods&op=goods_detail ) 
ERR: Db Error: Unknown column 'geval_image_again' in 'where clause'
SELECT COUNT(*) AS nc_count FROM `zmkj_evaluate_goods` WHERE ( geval_goodsid = '100550' ) AND ( (geval_image <> '') OR (geval_image_again <> '') ) LIMIT 1  
[2018-01-21 15:34:57] /mobile/index.php?act=goods&op=goods_detail&goods_id=100550&key= ( act=goods&op=goods_detail ) 
ERR: Db Error: Unknown column 'geval_image_again' in 'where clause'
SELECT COUNT(*) AS nc_count FROM `zmkj_evaluate_goods` WHERE ( geval_goodsid = '100550' ) AND ( (geval_image <> '') OR (geval_image_again <> '') ) LIMIT 1  
[2018-01-21 15:35:13] /mobile/index.php?act=goods&op=goods_detail&goods_id=100547&key= ( act=goods&op=goods_detail ) 
ERR: Db Error: Unknown column 'geval_image_again' in 'where clause'
SELECT COUNT(*) AS nc_count FROM `zmkj_evaluate_goods` WHERE ( geval_goodsid = '100547' ) AND ( (geval_image <> '') OR (geval_image_again <> '') ) LIMIT 1  
[2018-01-21 16:19:17] /mobile/index.php?act=goods&op=goods_list&gc_id=1084&page=10&curpage=1&gc_id=1084 ( act=goods&op=goods_list ) 
ERR: Db Error: Unknown column 'nc_distinct' in 'group statement'
SELECT COUNT(*) AS nc_count FROM `zmkj_goods_common` WHERE ( store_id = '25' ) AND ( goods_state = '1' ) AND ( goods_verify = '1' ) GROUP BY nc_distinct ORDER BY is_own_shop desc,goods_id desc LIMIT 1  
[2018-01-21 16:24:10] /shop/index.php?act=goods&goods_id=100011&op=index ( act=goods&op=index ) 
ERR: Db Error: Unknown column 'geval_image_again' in 'where clause'
SELECT COUNT(*) AS nc_count FROM `zmkj_evaluate_goods` WHERE ( geval_goodsid = '100011' ) AND ( (geval_image <> '') OR (geval_image_again <> '') ) LIMIT 1  
[2018-01-21 19:29:30] /mobile/index.php?act=goods&op=goods_detail&goods_id=100540&key= ( act=goods&op=goods_detail ) 
ERR: Db Error: Unknown column 'geval_image_again' in 'where clause'
SELECT COUNT(*) AS nc_count FROM `zmkj_evaluate_goods` WHERE ( geval_goodsid = '100540' ) AND ( (geval_image <> '') OR (geval_image_again <> '') ) LIMIT 1  
[2018-01-21 19:29:36] /mobile/index.php?act=goods&op=goods_detail&goods_id=100445&key= ( act=goods&op=goods_detail ) 
ERR: Db Error: Unknown column 'geval_image_again' in 'where clause'
SELECT COUNT(*) AS nc_count FROM `zmkj_evaluate_goods` WHERE ( geval_goodsid = '100445' ) AND ( (geval_image <> '') OR (geval_image_again <> '') ) LIMIT 1  
[2018-01-21 19:30:01] /mobile/index.php?act=goods&op=goods_detail&goods_id=100445&key= ( act=goods&op=goods_detail ) 
ERR: Db Error: Unknown column 'geval_image_again' in 'where clause'
SELECT COUNT(*) AS nc_count FROM `zmkj_evaluate_goods` WHERE ( geval_goodsid = '100445' ) AND ( (geval_image <> '') OR (geval_image_again <> '') ) LIMIT 1  
[2018-01-21 21:13:00] /shop/index.php?act=goods&op=index&goods_id=100451 ( act=goods&op=index ) 
ERR: Db Error: Unknown column 'geval_image_again' in 'where clause'
SELECT COUNT(*) AS nc_count FROM `zmkj_evaluate_goods` WHERE ( geval_goodsid = '100451' ) AND ( (geval_image <> '') OR (geval_image_again <> '') ) LIMIT 1  
[2018-01-21 21:24:52] /mobile/index.php?act=goods&op=goods_detail&goods_id=100540&key= ( act=goods&op=goods_detail ) 
ERR: Db Error: Unknown column 'geval_image_again' in 'where clause'
SELECT COUNT(*) AS nc_count FROM `zmkj_evaluate_goods` WHERE ( geval_goodsid = '100540' ) AND ( (geval_image <> '') OR (geval_image_again <> '') ) LIMIT 1  
[2018-01-21 22:55:45] /shop/index.php?act=goods&goods_id=100550&op=index ( act=goods&op=index ) 
ERR: Db Error: Unknown column 'geval_image_again' in 'where clause'
SELECT COUNT(*) AS nc_count FROM `zmkj_evaluate_goods` WHERE ( geval_goodsid = '100550' ) AND ( (geval_image <> '') OR (geval_image_again <> '') ) LIMIT 1  
[2018-01-21 22:56:10] /shop/index.php?act=goods&goods_id=100475&op=index ( act=goods&op=index ) 
ERR: Db Error: Unknown column 'geval_image_again' in 'where clause'
SELECT COUNT(*) AS nc_count FROM `zmkj_evaluate_goods` WHERE ( geval_goodsid = '100475' ) AND ( (geval_image <> '') OR (geval_image_again <> '') ) LIMIT 1  
[2018-01-21 22:56:39] /shop/index.php?act=goods&goods_id=100451&op=index ( act=goods&op=index ) 
ERR: Db Error: Unknown column 'geval_image_again' in 'where clause'
SELECT COUNT(*) AS nc_count FROM `zmkj_evaluate_goods` WHERE ( geval_goodsid = '100451' ) AND ( (geval_image <> '') OR (geval_image_again <> '') ) LIMIT 1  
[2018-01-21 22:57:24] /shop/index.php?act=goods&goods_id=100506&op=index ( act=goods&op=index ) 
ERR: Db Error: Unknown column 'geval_image_again' in 'where clause'
SELECT COUNT(*) AS nc_count FROM `zmkj_evaluate_goods` WHERE ( geval_goodsid = '100506' ) AND ( (geval_image <> '') OR (geval_image_again <> '') ) LIMIT 1  
[2018-01-21 22:57:38] /shop/index.php?act=goods&goods_id=100490&op=index ( act=goods&op=index ) 
ERR: Db Error: Unknown column 'geval_image_again' in 'where clause'
SELECT COUNT(*) AS nc_count FROM `zmkj_evaluate_goods` WHERE ( geval_goodsid = '100490' ) AND ( (geval_image <> '') OR (geval_image_again <> '') ) LIMIT 1  
[2018-01-21 22:58:02] /shop/index.php?act=goods&goods_id=100482&op=index ( act=goods&op=index ) 
ERR: Db Error: Unknown column 'geval_image_again' in 'where clause'
SELECT COUNT(*) AS nc_count FROM `zmkj_evaluate_goods` WHERE ( geval_goodsid = '100482' ) AND ( (geval_image <> '') OR (geval_image_again <> '') ) LIMIT 1  
[2018-01-21 22:58:16] /shop/index.php?act=goods&goods_id=100058&op=index ( act=goods&op=index ) 
ERR: Db Error: Unknown column 'geval_image_again' in 'where clause'
SELECT COUNT(*) AS nc_count FROM `zmkj_evaluate_goods` WHERE ( geval_goodsid = '100058' ) AND ( (geval_image <> '') OR (geval_image_again <> '') ) LIMIT 1  
[2018-01-21 22:58:23] /shop/index.php?act=goods&goods_id=100176&op=index ( act=goods&op=index ) 
ERR: Db Error: Unknown column 'geval_image_again' in 'where clause'
SELECT COUNT(*) AS nc_count FROM `zmkj_evaluate_goods` WHERE ( geval_goodsid = '100176' ) AND ( (geval_image <> '') OR (geval_image_again <> '') ) LIMIT 1  
[2018-01-21 22:58:25] /shop/index.php?act=goods&goods_id=100467&op=index ( act=goods&op=index ) 
ERR: Db Error: Unknown column 'geval_image_again' in 'where clause'
SELECT COUNT(*) AS nc_count FROM `zmkj_evaluate_goods` WHERE ( geval_goodsid = '100467' ) AND ( (geval_image <> '') OR (geval_image_again <> '') ) LIMIT 1  
[2018-01-21 22:58:28] /shop/index.php?act=goods&goods_id=100499&op=index ( act=goods&op=index ) 
ERR: Db Error: Unknown column 'geval_image_again' in 'where clause'
SELECT COUNT(*) AS nc_count FROM `zmkj_evaluate_goods` WHERE ( geval_goodsid = '100499' ) AND ( (geval_image <> '') OR (geval_image_again <> '') ) LIMIT 1  
[2018-01-21 22:58:30] /shop/index.php?act=goods&goods_id=100011&op=index ( act=goods&op=index ) 
ERR: Db Error: Unknown column 'geval_image_again' in 'where clause'
SELECT COUNT(*) AS nc_count FROM `zmkj_evaluate_goods` WHERE ( geval_goodsid = '100011' ) AND ( (geval_image <> '') OR (geval_image_again <> '') ) LIMIT 1  
