[2018-02-11 01:08:52] /shop/index.php?act=goods&goods_id=100505 ( act=goods&op=index ) 
ERR: Db Error: Unknown column 'geval_image_again' in 'where clause'
SELECT COUNT(*) AS nc_count FROM `zmkj_evaluate_goods` WHERE ( geval_goodsid = '100505' ) AND ( (geval_image <> '') OR (geval_image_again <> '') ) LIMIT 1  
[2018-02-11 01:27:22] /shop/index.php?act=goods&goods_id=100626 ( act=goods&op=index ) 
ERR: Db Error: Unknown column 'geval_image_again' in 'where clause'
SELECT COUNT(*) AS nc_count FROM `zmkj_evaluate_goods` WHERE ( geval_goodsid = '100626' ) AND ( (geval_image <> '') OR (geval_image_again <> '') ) LIMIT 1  
[2018-02-11 01:43:22] /shop/index.php?act=goods&goods_id=100518 ( act=goods&op=index ) 
ERR: Db Error: Unknown column 'geval_image_again' in 'where clause'
SELECT COUNT(*) AS nc_count FROM `zmkj_evaluate_goods` WHERE ( geval_goodsid = '100518' ) AND ( (geval_image <> '') OR (geval_image_again <> '') ) LIMIT 1  
[2018-02-11 02:04:53] /shop/index.php?act=goods&goods_id=101112 ( act=goods&op=index ) 
ERR: Db Error: Unknown column 'geval_image_again' in 'where clause'
SELECT COUNT(*) AS nc_count FROM `zmkj_evaluate_goods` WHERE ( geval_goodsid = '101112' ) AND ( (geval_image <> '') OR (geval_image_again <> '') ) LIMIT 1  
[2018-02-11 02:23:24] /shop/index.php?act=goods&goods_id=100563 ( act=goods&op=index ) 
ERR: Db Error: Unknown column 'geval_image_again' in 'where clause'
SELECT COUNT(*) AS nc_count FROM `zmkj_evaluate_goods` WHERE ( geval_goodsid = '100563' ) AND ( (geval_image <> '') OR (geval_image_again <> '') ) LIMIT 1  
[2018-02-11 02:46:23] /shop/index.php?act=goods&goods_id=100511 ( act=goods&op=index ) 
ERR: Db Error: Unknown column 'geval_image_again' in 'where clause'
SELECT COUNT(*) AS nc_count FROM `zmkj_evaluate_goods` WHERE ( geval_goodsid = '100511' ) AND ( (geval_image <> '') OR (geval_image_again <> '') ) LIMIT 1  
[2018-02-11 03:02:53] /shop/index.php?act=goods&goods_id=100747 ( act=goods&op=index ) 
ERR: Db Error: Unknown column 'geval_image_again' in 'where clause'
SELECT COUNT(*) AS nc_count FROM `zmkj_evaluate_goods` WHERE ( geval_goodsid = '100747' ) AND ( (geval_image <> '') OR (geval_image_again <> '') ) LIMIT 1  
[2018-02-11 03:22:24] /shop/index.php?act=goods&goods_id=100587 ( act=goods&op=index ) 
ERR: Db Error: Unknown column 'geval_image_again' in 'where clause'
SELECT COUNT(*) AS nc_count FROM `zmkj_evaluate_goods` WHERE ( geval_goodsid = '100587' ) AND ( (geval_image <> '') OR (geval_image_again <> '') ) LIMIT 1  
[2018-02-11 03:44:24] /shop/index.php?act=goods&goods_id=100463 ( act=goods&op=index ) 
ERR: Db Error: Unknown column 'geval_image_again' in 'where clause'
SELECT COUNT(*) AS nc_count FROM `zmkj_evaluate_goods` WHERE ( geval_goodsid = '100463' ) AND ( (geval_image <> '') OR (geval_image_again <> '') ) LIMIT 1  
[2018-02-11 04:07:25] /shop/index.php?act=goods&goods_id=100578 ( act=goods&op=index ) 
ERR: Db Error: Unknown column 'geval_image_again' in 'where clause'
SELECT COUNT(*) AS nc_count FROM `zmkj_evaluate_goods` WHERE ( geval_goodsid = '100578' ) AND ( (geval_image <> '') OR (geval_image_again <> '') ) LIMIT 1  
[2018-02-11 04:25:25] /shop/index.php?act=goods&goods_id=100742 ( act=goods&op=index ) 
ERR: Db Error: Unknown column 'geval_image_again' in 'where clause'
SELECT COUNT(*) AS nc_count FROM `zmkj_evaluate_goods` WHERE ( geval_goodsid = '100742' ) AND ( (geval_image <> '') OR (geval_image_again <> '') ) LIMIT 1  
[2018-02-11 04:44:25] /shop/index.php?act=goods&goods_id=100530 ( act=goods&op=index ) 
ERR: Db Error: Unknown column 'geval_image_again' in 'where clause'
SELECT COUNT(*) AS nc_count FROM `zmkj_evaluate_goods` WHERE ( geval_goodsid = '100530' ) AND ( (geval_image <> '') OR (geval_image_again <> '') ) LIMIT 1  
[2018-02-11 05:00:26] /shop/index.php?act=goods&goods_id=100464 ( act=goods&op=index ) 
ERR: Db Error: Unknown column 'geval_image_again' in 'where clause'
SELECT COUNT(*) AS nc_count FROM `zmkj_evaluate_goods` WHERE ( geval_goodsid = '100464' ) AND ( (geval_image <> '') OR (geval_image_again <> '') ) LIMIT 1  
[2018-02-11 05:24:56] /shop/index.php?act=goods&goods_id=100545 ( act=goods&op=index ) 
ERR: Db Error: Unknown column 'geval_image_again' in 'where clause'
SELECT COUNT(*) AS nc_count FROM `zmkj_evaluate_goods` WHERE ( geval_goodsid = '100545' ) AND ( (geval_image <> '') OR (geval_image_again <> '') ) LIMIT 1  
[2018-02-11 05:45:26] /shop/index.php?act=goods&goods_id=100624 ( act=goods&op=index ) 
ERR: Db Error: Unknown column 'geval_image_again' in 'where clause'
SELECT COUNT(*) AS nc_count FROM `zmkj_evaluate_goods` WHERE ( geval_goodsid = '100624' ) AND ( (geval_image <> '') OR (geval_image_again <> '') ) LIMIT 1  
[2018-02-11 06:01:58] /shop/index.php?act=goods&goods_id=101074 ( act=goods&op=index ) 
ERR: Db Error: Unknown column 'geval_image_again' in 'where clause'
SELECT COUNT(*) AS nc_count FROM `zmkj_evaluate_goods` WHERE ( geval_goodsid = '101074' ) AND ( (geval_image <> '') OR (geval_image_again <> '') ) LIMIT 1  
[2018-02-11 06:23:27] /shop/index.php?act=goods&goods_id=100652 ( act=goods&op=index ) 
ERR: Db Error: Unknown column 'geval_image_again' in 'where clause'
SELECT COUNT(*) AS nc_count FROM `zmkj_evaluate_goods` WHERE ( geval_goodsid = '100652' ) AND ( (geval_image <> '') OR (geval_image_again <> '') ) LIMIT 1  
[2018-02-11 06:40:57] /shop/index.php?act=goods&goods_id=100743 ( act=goods&op=index ) 
ERR: Db Error: Unknown column 'geval_image_again' in 'where clause'
SELECT COUNT(*) AS nc_count FROM `zmkj_evaluate_goods` WHERE ( geval_goodsid = '100743' ) AND ( (geval_image <> '') OR (geval_image_again <> '') ) LIMIT 1  
[2018-02-11 07:01:58] /shop/index.php?act=goods&goods_id=100591 ( act=goods&op=index ) 
ERR: Db Error: Unknown column 'geval_image_again' in 'where clause'
SELECT COUNT(*) AS nc_count FROM `zmkj_evaluate_goods` WHERE ( geval_goodsid = '100591' ) AND ( (geval_image <> '') OR (geval_image_again <> '') ) LIMIT 1  
[2018-02-11 07:18:28] /shop/index.php?act=goods&goods_id=101134 ( act=goods&op=index ) 
ERR: Db Error: Unknown column 'geval_image_again' in 'where clause'
SELECT COUNT(*) AS nc_count FROM `zmkj_evaluate_goods` WHERE ( geval_goodsid = '101134' ) AND ( (geval_image <> '') OR (geval_image_again <> '') ) LIMIT 1  
[2018-02-11 07:42:58] /shop/index.php?act=goods&goods_id=100592 ( act=goods&op=index ) 
ERR: Db Error: Unknown column 'geval_image_again' in 'where clause'
SELECT COUNT(*) AS nc_count FROM `zmkj_evaluate_goods` WHERE ( geval_goodsid = '100592' ) AND ( (geval_image <> '') OR (geval_image_again <> '') ) LIMIT 1  
[2018-02-11 08:00:58] /shop/index.php?act=goods&goods_id=100538 ( act=goods&op=index ) 
ERR: Db Error: Unknown column 'geval_image_again' in 'where clause'
SELECT COUNT(*) AS nc_count FROM `zmkj_evaluate_goods` WHERE ( geval_goodsid = '100538' ) AND ( (geval_image <> '') OR (geval_image_again <> '') ) LIMIT 1  
[2018-02-11 08:21:59] /shop/index.php?act=goods&goods_id=100445 ( act=goods&op=index ) 
ERR: Db Error: Unknown column 'geval_image_again' in 'where clause'
SELECT COUNT(*) AS nc_count FROM `zmkj_evaluate_goods` WHERE ( geval_goodsid = '100445' ) AND ( (geval_image <> '') OR (geval_image_again <> '') ) LIMIT 1  
[2018-02-11 08:33:05] /shop/index.php?act=goods&op=index&goods_id=101315 ( act=goods&op=index ) 
ERR: Db Error: Unknown column 'geval_image_again' in 'where clause'
SELECT COUNT(*) AS nc_count FROM `zmkj_evaluate_goods` WHERE ( geval_goodsid = '101315' ) AND ( (geval_image <> '') OR (geval_image_again <> '') ) LIMIT 1  
[2018-02-11 08:33:48] /shop/index.php?act=goods&op=index&goods_id=101316 ( act=goods&op=index ) 
ERR: Db Error: Unknown column 'geval_image_again' in 'where clause'
SELECT COUNT(*) AS nc_count FROM `zmkj_evaluate_goods` WHERE ( geval_goodsid = '101316' ) AND ( (geval_image <> '') OR (geval_image_again <> '') ) LIMIT 1  
[2018-02-11 08:34:45] /shop/index.php?act=goods&op=index&goods_id=101316 ( act=goods&op=index ) 
ERR: Db Error: Unknown column 'geval_image_again' in 'where clause'
SELECT COUNT(*) AS nc_count FROM `zmkj_evaluate_goods` WHERE ( geval_goodsid = '101316' ) AND ( (geval_image <> '') OR (geval_image_again <> '') ) LIMIT 1  
[2018-02-11 08:35:12] /shop/index.php?act=goods&op=index&goods_id=101318 ( act=goods&op=index ) 
ERR: Db Error: Unknown column 'geval_image_again' in 'where clause'
SELECT COUNT(*) AS nc_count FROM `zmkj_evaluate_goods` WHERE ( geval_goodsid = '101318' ) AND ( (geval_image <> '') OR (geval_image_again <> '') ) LIMIT 1  
[2018-02-11 08:35:46] /shop/index.php?act=goods&op=index&goods_id=101319 ( act=goods&op=index ) 
ERR: Db Error: Unknown column 'geval_image_again' in 'where clause'
SELECT COUNT(*) AS nc_count FROM `zmkj_evaluate_goods` WHERE ( geval_goodsid = '101319' ) AND ( (geval_image <> '') OR (geval_image_again <> '') ) LIMIT 1  
[2018-02-11 08:36:09] /shop/index.php?act=goods&op=index&goods_id=101318 ( act=goods&op=index ) 
ERR: Db Error: Unknown column 'geval_image_again' in 'where clause'
SELECT COUNT(*) AS nc_count FROM `zmkj_evaluate_goods` WHERE ( geval_goodsid = '101318' ) AND ( (geval_image <> '') OR (geval_image_again <> '') ) LIMIT 1  
[2018-02-11 08:36:32] /shop/index.php?act=goods&op=index&goods_id=101320 ( act=goods&op=index ) 
ERR: Db Error: Unknown column 'geval_image_again' in 'where clause'
SELECT COUNT(*) AS nc_count FROM `zmkj_evaluate_goods` WHERE ( geval_goodsid = '101320' ) AND ( (geval_image <> '') OR (geval_image_again <> '') ) LIMIT 1  
[2018-02-11 08:37:13] /shop/index.php?act=goods&op=index&goods_id=101321 ( act=goods&op=index ) 
ERR: Db Error: Unknown column 'geval_image_again' in 'where clause'
SELECT COUNT(*) AS nc_count FROM `zmkj_evaluate_goods` WHERE ( geval_goodsid = '101321' ) AND ( (geval_image <> '') OR (geval_image_again <> '') ) LIMIT 1  
[2018-02-11 08:37:42] /shop/index.php?act=goods&op=index&goods_id=101318 ( act=goods&op=index ) 
ERR: Db Error: Unknown column 'geval_image_again' in 'where clause'
SELECT COUNT(*) AS nc_count FROM `zmkj_evaluate_goods` WHERE ( geval_goodsid = '101318' ) AND ( (geval_image <> '') OR (geval_image_again <> '') ) LIMIT 1  
[2018-02-11 08:38:11] /shop/index.php?act=goods&op=index&goods_id=101321 ( act=goods&op=index ) 
ERR: Db Error: Unknown column 'geval_image_again' in 'where clause'
SELECT COUNT(*) AS nc_count FROM `zmkj_evaluate_goods` WHERE ( geval_goodsid = '101321' ) AND ( (geval_image <> '') OR (geval_image_again <> '') ) LIMIT 1  
[2018-02-11 08:38:13] /shop/index.php?act=goods&op=index&goods_id=101322 ( act=goods&op=index ) 
ERR: Db Error: Unknown column 'geval_image_again' in 'where clause'
SELECT COUNT(*) AS nc_count FROM `zmkj_evaluate_goods` WHERE ( geval_goodsid = '101322' ) AND ( (geval_image <> '') OR (geval_image_again <> '') ) LIMIT 1  
[2018-02-11 08:38:59] /shop/index.php?act=goods&goods_id=100541 ( act=goods&op=index ) 
ERR: Db Error: Unknown column 'geval_image_again' in 'where clause'
SELECT COUNT(*) AS nc_count FROM `zmkj_evaluate_goods` WHERE ( geval_goodsid = '100541' ) AND ( (geval_image <> '') OR (geval_image_again <> '') ) LIMIT 1  
[2018-02-11 08:39:10] /shop/index.php?act=goods&op=index&goods_id=101322 ( act=goods&op=index ) 
ERR: Db Error: Unknown column 'geval_image_again' in 'where clause'
SELECT COUNT(*) AS nc_count FROM `zmkj_evaluate_goods` WHERE ( geval_goodsid = '101322' ) AND ( (geval_image <> '') OR (geval_image_again <> '') ) LIMIT 1  
[2018-02-11 08:39:33] /shop/index.php?act=goods&op=index&goods_id=101323 ( act=goods&op=index ) 
ERR: Db Error: Unknown column 'geval_image_again' in 'where clause'
SELECT COUNT(*) AS nc_count FROM `zmkj_evaluate_goods` WHERE ( geval_goodsid = '101323' ) AND ( (geval_image <> '') OR (geval_image_again <> '') ) LIMIT 1  
[2018-02-11 08:40:19] /shop/index.php?act=goods&op=index&goods_id=101326 ( act=goods&op=index ) 
ERR: Db Error: Unknown column 'geval_image_again' in 'where clause'
SELECT COUNT(*) AS nc_count FROM `zmkj_evaluate_goods` WHERE ( geval_goodsid = '101326' ) AND ( (geval_image <> '') OR (geval_image_again <> '') ) LIMIT 1  
[2018-02-11 08:41:14] /shop/index.php?act=goods&op=index&goods_id=101327 ( act=goods&op=index ) 
ERR: Db Error: Unknown column 'geval_image_again' in 'where clause'
SELECT COUNT(*) AS nc_count FROM `zmkj_evaluate_goods` WHERE ( geval_goodsid = '101327' ) AND ( (geval_image <> '') OR (geval_image_again <> '') ) LIMIT 1  
[2018-02-11 08:41:30] /shop/index.php?act=goods&op=index&goods_id=101328 ( act=goods&op=index ) 
ERR: Db Error: Unknown column 'geval_image_again' in 'where clause'
SELECT COUNT(*) AS nc_count FROM `zmkj_evaluate_goods` WHERE ( geval_goodsid = '101328' ) AND ( (geval_image <> '') OR (geval_image_again <> '') ) LIMIT 1  
[2018-02-11 08:42:12] /shop/index.php?act=goods&op=index&goods_id=101327 ( act=goods&op=index ) 
ERR: Db Error: Unknown column 'geval_image_again' in 'where clause'
SELECT COUNT(*) AS nc_count FROM `zmkj_evaluate_goods` WHERE ( geval_goodsid = '101327' ) AND ( (geval_image <> '') OR (geval_image_again <> '') ) LIMIT 1  
[2018-02-11 08:42:28] /shop/index.php?act=goods&op=index&goods_id=101328 ( act=goods&op=index ) 
ERR: Db Error: Unknown column 'geval_image_again' in 'where clause'
SELECT COUNT(*) AS nc_count FROM `zmkj_evaluate_goods` WHERE ( geval_goodsid = '101328' ) AND ( (geval_image <> '') OR (geval_image_again <> '') ) LIMIT 1  
[2018-02-11 08:42:31] /shop/index.php?act=goods&op=index&goods_id=101337 ( act=goods&op=index ) 
ERR: Db Error: Unknown column 'geval_image_again' in 'where clause'
SELECT COUNT(*) AS nc_count FROM `zmkj_evaluate_goods` WHERE ( geval_goodsid = '101337' ) AND ( (geval_image <> '') OR (geval_image_again <> '') ) LIMIT 1  
[2018-02-11 08:44:55] /shop/index.php?act=goods&op=index&goods_id=101304 ( act=goods&op=index ) 
ERR: Db Error: Unknown column 'geval_image_again' in 'where clause'
SELECT COUNT(*) AS nc_count FROM `zmkj_evaluate_goods` WHERE ( geval_goodsid = '101304' ) AND ( (geval_image <> '') OR (geval_image_again <> '') ) LIMIT 1  
[2018-02-11 08:45:04] /shop/index.php?act=goods&op=index&goods_id=100563 ( act=goods&op=index ) 
ERR: Db Error: Unknown column 'geval_image_again' in 'where clause'
SELECT COUNT(*) AS nc_count FROM `zmkj_evaluate_goods` WHERE ( geval_goodsid = '100563' ) AND ( (geval_image <> '') OR (geval_image_again <> '') ) LIMIT 1  
[2018-02-11 08:46:02] /shop/index.php?act=goods&op=index&goods_id=100563 ( act=goods&op=index ) 
ERR: Db Error: Unknown column 'geval_image_again' in 'where clause'
SELECT COUNT(*) AS nc_count FROM `zmkj_evaluate_goods` WHERE ( geval_goodsid = '100563' ) AND ( (geval_image <> '') OR (geval_image_again <> '') ) LIMIT 1  
[2018-02-11 08:56:29] /shop/index.php?act=goods&goods_id=100746 ( act=goods&op=index ) 
ERR: Db Error: Unknown column 'geval_image_again' in 'where clause'
SELECT COUNT(*) AS nc_count FROM `zmkj_evaluate_goods` WHERE ( geval_goodsid = '100746' ) AND ( (geval_image <> '') OR (geval_image_again <> '') ) LIMIT 1  
[2018-02-11 09:04:49] /shop/index.php?act=goods&op=index&goods_id=101329 ( act=goods&op=index ) 
ERR: Db Error: Unknown column 'geval_image_again' in 'where clause'
SELECT COUNT(*) AS nc_count FROM `zmkj_evaluate_goods` WHERE ( geval_goodsid = '101329' ) AND ( (geval_image <> '') OR (geval_image_again <> '') ) LIMIT 1  
[2018-02-11 09:05:33] /shop/index.php?act=goods&op=index&goods_id=101330 ( act=goods&op=index ) 
ERR: Db Error: Unknown column 'geval_image_again' in 'where clause'
SELECT COUNT(*) AS nc_count FROM `zmkj_evaluate_goods` WHERE ( geval_goodsid = '101330' ) AND ( (geval_image <> '') OR (geval_image_again <> '') ) LIMIT 1  
[2018-02-11 09:06:06] /shop/index.php?act=goods&op=index&goods_id=101331 ( act=goods&op=index ) 
ERR: Db Error: Unknown column 'geval_image_again' in 'where clause'
SELECT COUNT(*) AS nc_count FROM `zmkj_evaluate_goods` WHERE ( geval_goodsid = '101331' ) AND ( (geval_image <> '') OR (geval_image_again <> '') ) LIMIT 1  
[2018-02-11 09:06:31] /shop/index.php?act=goods&op=index&goods_id=101332 ( act=goods&op=index ) 
ERR: Db Error: Unknown column 'geval_image_again' in 'where clause'
SELECT COUNT(*) AS nc_count FROM `zmkj_evaluate_goods` WHERE ( geval_goodsid = '101332' ) AND ( (geval_image <> '') OR (geval_image_again <> '') ) LIMIT 1  
[2018-02-11 09:06:58] /shop/index.php?act=goods&op=index&goods_id=101333 ( act=goods&op=index ) 
ERR: Db Error: Unknown column 'geval_image_again' in 'where clause'
SELECT COUNT(*) AS nc_count FROM `zmkj_evaluate_goods` WHERE ( geval_goodsid = '101333' ) AND ( (geval_image <> '') OR (geval_image_again <> '') ) LIMIT 1  
[2018-02-11 09:07:04] /shop/index.php?act=goods&op=index&goods_id=101331 ( act=goods&op=index ) 
ERR: Db Error: Unknown column 'geval_image_again' in 'where clause'
SELECT COUNT(*) AS nc_count FROM `zmkj_evaluate_goods` WHERE ( geval_goodsid = '101331' ) AND ( (geval_image <> '') OR (geval_image_again <> '') ) LIMIT 1  
[2018-02-11 09:07:09] /shop/index.php?act=goods&op=index&goods_id=101333 ( act=goods&op=index ) 
ERR: Db Error: Unknown column 'geval_image_again' in 'where clause'
SELECT COUNT(*) AS nc_count FROM `zmkj_evaluate_goods` WHERE ( geval_goodsid = '101333' ) AND ( (geval_image <> '') OR (geval_image_again <> '') ) LIMIT 1  
[2018-02-11 09:07:28] /shop/index.php?act=goods&op=index&goods_id=101334 ( act=goods&op=index ) 
ERR: Db Error: Unknown column 'geval_image_again' in 'where clause'
SELECT COUNT(*) AS nc_count FROM `zmkj_evaluate_goods` WHERE ( geval_goodsid = '101334' ) AND ( (geval_image <> '') OR (geval_image_again <> '') ) LIMIT 1  
[2018-02-11 09:07:56] /shop/index.php?act=goods&op=index&goods_id=101333 ( act=goods&op=index ) 
ERR: Db Error: Unknown column 'geval_image_again' in 'where clause'
SELECT COUNT(*) AS nc_count FROM `zmkj_evaluate_goods` WHERE ( geval_goodsid = '101333' ) AND ( (geval_image <> '') OR (geval_image_again <> '') ) LIMIT 1  
[2018-02-11 09:08:24] /shop/index.php?act=goods&op=index&goods_id=101336 ( act=goods&op=index ) 
ERR: Db Error: Unknown column 'geval_image_again' in 'where clause'
SELECT COUNT(*) AS nc_count FROM `zmkj_evaluate_goods` WHERE ( geval_goodsid = '101336' ) AND ( (geval_image <> '') OR (geval_image_again <> '') ) LIMIT 1  
[2018-02-11 09:20:55] /shop/index.php?act=goods&op=index&goods_id=101233 ( act=goods&op=index ) 
ERR: Db Error: Unknown column 'geval_image_again' in 'where clause'
SELECT COUNT(*) AS nc_count FROM `zmkj_evaluate_goods` WHERE ( geval_goodsid = '101233' ) AND ( (geval_image <> '') OR (geval_image_again <> '') ) LIMIT 1  
[2018-02-11 09:21:59] /shop/index.php?act=goods&goods_id=100564 ( act=goods&op=index ) 
ERR: Db Error: Unknown column 'geval_image_again' in 'where clause'
SELECT COUNT(*) AS nc_count FROM `zmkj_evaluate_goods` WHERE ( geval_goodsid = '100564' ) AND ( (geval_image <> '') OR (geval_image_again <> '') ) LIMIT 1  
[2018-02-11 09:22:36] /shop/index.php?act=goods&op=index&goods_id=101233 ( act=goods&op=index ) 
ERR: Db Error: Unknown column 'geval_image_again' in 'where clause'
SELECT COUNT(*) AS nc_count FROM `zmkj_evaluate_goods` WHERE ( geval_goodsid = '101233' ) AND ( (geval_image <> '') OR (geval_image_again <> '') ) LIMIT 1  
[2018-02-11 09:23:16] /shop/index.php?act=goods&op=index&goods_id=101316 ( act=goods&op=index ) 
ERR: Db Error: Unknown column 'geval_image_again' in 'where clause'
SELECT COUNT(*) AS nc_count FROM `zmkj_evaluate_goods` WHERE ( geval_goodsid = '101316' ) AND ( (geval_image <> '') OR (geval_image_again <> '') ) LIMIT 1  
[2018-02-11 09:23:42] /shop/index.php?act=goods&op=index&goods_id=101273 ( act=goods&op=index ) 
ERR: Db Error: Unknown column 'geval_image_again' in 'where clause'
SELECT COUNT(*) AS nc_count FROM `zmkj_evaluate_goods` WHERE ( geval_goodsid = '101273' ) AND ( (geval_image <> '') OR (geval_image_again <> '') ) LIMIT 1  
[2018-02-11 09:23:59] /shop/index.php?act=goods&op=index&goods_id=101243 ( act=goods&op=index ) 
ERR: Db Error: Unknown column 'geval_image_again' in 'where clause'
SELECT COUNT(*) AS nc_count FROM `zmkj_evaluate_goods` WHERE ( geval_goodsid = '101243' ) AND ( (geval_image <> '') OR (geval_image_again <> '') ) LIMIT 1  
[2018-02-11 09:31:47] /shop/index.php?act=goods&op=index&goods_id=101233 ( act=goods&op=index ) 
ERR: Db Error: Unknown column 'geval_image_again' in 'where clause'
SELECT COUNT(*) AS nc_count FROM `zmkj_evaluate_goods` WHERE ( geval_goodsid = '101233' ) AND ( (geval_image <> '') OR (geval_image_again <> '') ) LIMIT 1  
[2018-02-11 09:39:30] /shop/index.php?act=goods&goods_id=100451 ( act=goods&op=index ) 
ERR: Db Error: Unknown column 'geval_image_again' in 'where clause'
SELECT COUNT(*) AS nc_count FROM `zmkj_evaluate_goods` WHERE ( geval_goodsid = '100451' ) AND ( (geval_image <> '') OR (geval_image_again <> '') ) LIMIT 1  
[2018-02-11 09:44:05] /shop/index.php?act=goods&op=index&goods_id=101343 ( act=goods&op=index ) 
ERR: Db Error: Unknown column 'geval_image_again' in 'where clause'
SELECT COUNT(*) AS nc_count FROM `zmkj_evaluate_goods` WHERE ( geval_goodsid = '101343' ) AND ( (geval_image <> '') OR (geval_image_again <> '') ) LIMIT 1  
[2018-02-11 09:54:33] /shop/index.php?act=goods&op=index&goods_id=101344 ( act=goods&op=index ) 
ERR: Db Error: Unknown column 'geval_image_again' in 'where clause'
SELECT COUNT(*) AS nc_count FROM `zmkj_evaluate_goods` WHERE ( geval_goodsid = '101344' ) AND ( (geval_image <> '') OR (geval_image_again <> '') ) LIMIT 1  
[2018-02-11 10:01:32] /shop/index.php?act=goods&goods_id=100590 ( act=goods&op=index ) 
ERR: Db Error: Unknown column 'geval_image_again' in 'where clause'
SELECT COUNT(*) AS nc_count FROM `zmkj_evaluate_goods` WHERE ( geval_goodsid = '100590' ) AND ( (geval_image <> '') OR (geval_image_again <> '') ) LIMIT 1  
[2018-02-11 10:13:01] /shop/index.php?act=goods&op=index&goods_id=101345 ( act=goods&op=index ) 
ERR: Db Error: Unknown column 'geval_image_again' in 'where clause'
SELECT COUNT(*) AS nc_count FROM `zmkj_evaluate_goods` WHERE ( geval_goodsid = '101345' ) AND ( (geval_image <> '') OR (geval_image_again <> '') ) LIMIT 1  
[2018-02-11 10:18:00] /shop/index.php?act=goods&goods_id=100745 ( act=goods&op=index ) 
ERR: Db Error: Unknown column 'geval_image_again' in 'where clause'
SELECT COUNT(*) AS nc_count FROM `zmkj_evaluate_goods` WHERE ( geval_goodsid = '100745' ) AND ( (geval_image <> '') OR (geval_image_again <> '') ) LIMIT 1  
[2018-02-11 10:19:20] /shop/index.php?act=goods&op=index&goods_id=101345 ( act=goods&op=index ) 
ERR: Db Error: Unknown column 'geval_image_again' in 'where clause'
SELECT COUNT(*) AS nc_count FROM `zmkj_evaluate_goods` WHERE ( geval_goodsid = '101345' ) AND ( (geval_image <> '') OR (geval_image_again <> '') ) LIMIT 1  
[2018-02-11 10:22:51] /shop/index.php?act=goods&op=index&goods_id=101346 ( act=goods&op=index ) 
ERR: Db Error: Unknown column 'geval_image_again' in 'where clause'
SELECT COUNT(*) AS nc_count FROM `zmkj_evaluate_goods` WHERE ( geval_goodsid = '101346' ) AND ( (geval_image <> '') OR (geval_image_again <> '') ) LIMIT 1  
[2018-02-11 10:23:04] /shop/index.php?act=goods&op=index&goods_id=101346 ( act=goods&op=index ) 
ERR: Db Error: Unknown column 'geval_image_again' in 'where clause'
SELECT COUNT(*) AS nc_count FROM `zmkj_evaluate_goods` WHERE ( geval_goodsid = '101346' ) AND ( (geval_image <> '') OR (geval_image_again <> '') ) LIMIT 1  
[2018-02-11 10:31:03] /shop/index.php?act=goods&op=index&goods_id=101347 ( act=goods&op=index ) 
ERR: Db Error: Unknown column 'geval_image_again' in 'where clause'
SELECT COUNT(*) AS nc_count FROM `zmkj_evaluate_goods` WHERE ( geval_goodsid = '101347' ) AND ( (geval_image <> '') OR (geval_image_again <> '') ) LIMIT 1  
[2018-02-11 10:35:39] /shop/index.php?act=goods&op=index&goods_id=101348 ( act=goods&op=index ) 
ERR: Db Error: Unknown column 'geval_image_again' in 'where clause'
SELECT COUNT(*) AS nc_count FROM `zmkj_evaluate_goods` WHERE ( geval_goodsid = '101348' ) AND ( (geval_image <> '') OR (geval_image_again <> '') ) LIMIT 1  
[2018-02-11 10:36:09] /shop/index.php?act=goods&goods_id=100566 ( act=goods&op=index ) 
ERR: Db Error: Unknown column 'geval_image_again' in 'where clause'
SELECT COUNT(*) AS nc_count FROM `zmkj_evaluate_goods` WHERE ( geval_goodsid = '100566' ) AND ( (geval_image <> '') OR (geval_image_again <> '') ) LIMIT 1  
[2018-02-11 10:36:25] /shop/index.php?act=goods&op=index&goods_id=101347 ( act=goods&op=index ) 
ERR: Db Error: Unknown column 'geval_image_again' in 'where clause'
SELECT COUNT(*) AS nc_count FROM `zmkj_evaluate_goods` WHERE ( geval_goodsid = '101347' ) AND ( (geval_image <> '') OR (geval_image_again <> '') ) LIMIT 1  
[2018-02-11 10:37:23] /shop/index.php?act=goods&op=index&goods_id=101347 ( act=goods&op=index ) 
ERR: Db Error: Unknown column 'geval_image_again' in 'where clause'
SELECT COUNT(*) AS nc_count FROM `zmkj_evaluate_goods` WHERE ( geval_goodsid = '101347' ) AND ( (geval_image <> '') OR (geval_image_again <> '') ) LIMIT 1  
[2018-02-11 10:37:38] /shop/index.php?act=goods&op=index&goods_id=101347 ( act=goods&op=index ) 
ERR: Db Error: Unknown column 'geval_image_again' in 'where clause'
SELECT COUNT(*) AS nc_count FROM `zmkj_evaluate_goods` WHERE ( geval_goodsid = '101347' ) AND ( (geval_image <> '') OR (geval_image_again <> '') ) LIMIT 1  
[2018-02-11 10:38:30] /shop/index.php?act=goods&op=index&goods_id=101347 ( act=goods&op=index ) 
ERR: Db Error: Unknown column 'geval_image_again' in 'where clause'
SELECT COUNT(*) AS nc_count FROM `zmkj_evaluate_goods` WHERE ( geval_goodsid = '101347' ) AND ( (geval_image <> '') OR (geval_image_again <> '') ) LIMIT 1  
[2018-02-11 10:39:16] /shop/index.php?act=goods&op=index&goods_id=101347 ( act=goods&op=index ) 
ERR: Db Error: Unknown column 'geval_image_again' in 'where clause'
SELECT COUNT(*) AS nc_count FROM `zmkj_evaluate_goods` WHERE ( geval_goodsid = '101347' ) AND ( (geval_image <> '') OR (geval_image_again <> '') ) LIMIT 1  
[2018-02-11 10:39:24] /shop/index.php?act=goods&op=index&goods_id=101347 ( act=goods&op=index ) 
ERR: Db Error: Unknown column 'geval_image_again' in 'where clause'
SELECT COUNT(*) AS nc_count FROM `zmkj_evaluate_goods` WHERE ( geval_goodsid = '101347' ) AND ( (geval_image <> '') OR (geval_image_again <> '') ) LIMIT 1  
[2018-02-11 10:40:25] /shop/index.php?act=goods&op=index&goods_id=101347 ( act=goods&op=index ) 
ERR: Db Error: Unknown column 'geval_image_again' in 'where clause'
SELECT COUNT(*) AS nc_count FROM `zmkj_evaluate_goods` WHERE ( geval_goodsid = '101347' ) AND ( (geval_image <> '') OR (geval_image_again <> '') ) LIMIT 1  
[2018-02-11 10:44:07] /shop/index.php?act=goods&op=index&goods_id=101347 ( act=goods&op=index ) 
ERR: Db Error: Unknown column 'geval_image_again' in 'where clause'
SELECT COUNT(*) AS nc_count FROM `zmkj_evaluate_goods` WHERE ( geval_goodsid = '101347' ) AND ( (geval_image <> '') OR (geval_image_again <> '') ) LIMIT 1  
[2018-02-11 10:45:31] /shop/index.php?act=goods&op=index&goods_id=101347 ( act=goods&op=index ) 
ERR: Db Error: Unknown column 'geval_image_again' in 'where clause'
SELECT COUNT(*) AS nc_count FROM `zmkj_evaluate_goods` WHERE ( geval_goodsid = '101347' ) AND ( (geval_image <> '') OR (geval_image_again <> '') ) LIMIT 1  
[2018-02-11 10:46:22] /shop/index.php?act=goods&op=index&goods_id=101347 ( act=goods&op=index ) 
ERR: Db Error: Unknown column 'geval_image_again' in 'where clause'
SELECT COUNT(*) AS nc_count FROM `zmkj_evaluate_goods` WHERE ( geval_goodsid = '101347' ) AND ( (geval_image <> '') OR (geval_image_again <> '') ) LIMIT 1  
[2018-02-11 10:48:57] /shop/index.php?act=goods&op=index&goods_id=101347 ( act=goods&op=index ) 
ERR: Db Error: Unknown column 'geval_image_again' in 'where clause'
SELECT COUNT(*) AS nc_count FROM `zmkj_evaluate_goods` WHERE ( geval_goodsid = '101347' ) AND ( (geval_image <> '') OR (geval_image_again <> '') ) LIMIT 1  
[2018-02-11 10:49:06] /shop/index.php?act=goods&op=index&goods_id=101347 ( act=goods&op=index ) 
ERR: Db Error: Unknown column 'geval_image_again' in 'where clause'
SELECT COUNT(*) AS nc_count FROM `zmkj_evaluate_goods` WHERE ( geval_goodsid = '101347' ) AND ( (geval_image <> '') OR (geval_image_again <> '') ) LIMIT 1  
[2018-02-11 10:49:18] /shop/index.php?act=goods&op=index&goods_id=101347 ( act=goods&op=index ) 
ERR: Db Error: Unknown column 'geval_image_again' in 'where clause'
SELECT COUNT(*) AS nc_count FROM `zmkj_evaluate_goods` WHERE ( geval_goodsid = '101347' ) AND ( (geval_image <> '') OR (geval_image_again <> '') ) LIMIT 1  
[2018-02-11 10:49:45] /shop/index.php?act=goods&op=index&goods_id=101347 ( act=goods&op=index ) 
ERR: Db Error: Unknown column 'geval_image_again' in 'where clause'
SELECT COUNT(*) AS nc_count FROM `zmkj_evaluate_goods` WHERE ( geval_goodsid = '101347' ) AND ( (geval_image <> '') OR (geval_image_again <> '') ) LIMIT 1  
[2018-02-11 10:50:15] /shop/index.php?act=goods&op=index&goods_id=101347 ( act=goods&op=index ) 
ERR: Db Error: Unknown column 'geval_image_again' in 'where clause'
SELECT COUNT(*) AS nc_count FROM `zmkj_evaluate_goods` WHERE ( geval_goodsid = '101347' ) AND ( (geval_image <> '') OR (geval_image_again <> '') ) LIMIT 1  
[2018-02-11 10:51:31] /shop/index.php?act=goods&op=index&goods_id=101347 ( act=goods&op=index ) 
ERR: Db Error: Unknown column 'geval_image_again' in 'where clause'
SELECT COUNT(*) AS nc_count FROM `zmkj_evaluate_goods` WHERE ( geval_goodsid = '101347' ) AND ( (geval_image <> '') OR (geval_image_again <> '') ) LIMIT 1  
[2018-02-11 10:55:01] /shop/index.php?act=goods&goods_id=100611 ( act=goods&op=index ) 
ERR: Db Error: Unknown column 'geval_image_again' in 'where clause'
SELECT COUNT(*) AS nc_count FROM `zmkj_evaluate_goods` WHERE ( geval_goodsid = '100611' ) AND ( (geval_image <> '') OR (geval_image_again <> '') ) LIMIT 1  
[2018-02-11 10:58:09] /shop/index.php?act=goods&op=index&goods_id=101349 ( act=goods&op=index ) 
ERR: Db Error: Unknown column 'geval_image_again' in 'where clause'
SELECT COUNT(*) AS nc_count FROM `zmkj_evaluate_goods` WHERE ( geval_goodsid = '101349' ) AND ( (geval_image <> '') OR (geval_image_again <> '') ) LIMIT 1  
[2018-02-11 10:59:58] /shop/index.php?act=goods&op=index&goods_id=101347 ( act=goods&op=index ) 
ERR: Db Error: Unknown column 'geval_image_again' in 'where clause'
SELECT COUNT(*) AS nc_count FROM `zmkj_evaluate_goods` WHERE ( geval_goodsid = '101347' ) AND ( (geval_image <> '') OR (geval_image_again <> '') ) LIMIT 1  
[2018-02-11 11:03:57] /shop/index.php?act=goods&op=index&goods_id=101347 ( act=goods&op=index ) 
ERR: Db Error: Unknown column 'geval_image_again' in 'where clause'
SELECT COUNT(*) AS nc_count FROM `zmkj_evaluate_goods` WHERE ( geval_goodsid = '101347' ) AND ( (geval_image <> '') OR (geval_image_again <> '') ) LIMIT 1  
[2018-02-11 11:04:10] /shop/index.php?act=goods&op=index&goods_id=101347 ( act=goods&op=index ) 
ERR: Db Error: Unknown column 'geval_image_again' in 'where clause'
SELECT COUNT(*) AS nc_count FROM `zmkj_evaluate_goods` WHERE ( geval_goodsid = '101347' ) AND ( (geval_image <> '') OR (geval_image_again <> '') ) LIMIT 1  
[2018-02-11 11:08:50] /shop/index.php?act=goods&op=index&goods_id=101349 ( act=goods&op=index ) 
ERR: Db Error: Unknown column 'geval_image_again' in 'where clause'
SELECT COUNT(*) AS nc_count FROM `zmkj_evaluate_goods` WHERE ( geval_goodsid = '101349' ) AND ( (geval_image <> '') OR (geval_image_again <> '') ) LIMIT 1  
[2018-02-11 11:10:30] /shop/index.php?act=goods&op=index&goods_id=101347 ( act=goods&op=index ) 
ERR: Db Error: Unknown column 'geval_image_again' in 'where clause'
SELECT COUNT(*) AS nc_count FROM `zmkj_evaluate_goods` WHERE ( geval_goodsid = '101347' ) AND ( (geval_image <> '') OR (geval_image_again <> '') ) LIMIT 1  
[2018-02-11 11:17:31] /shop/index.php?act=goods&goods_id=100524 ( act=goods&op=index ) 
ERR: Db Error: Unknown column 'geval_image_again' in 'where clause'
SELECT COUNT(*) AS nc_count FROM `zmkj_evaluate_goods` WHERE ( geval_goodsid = '100524' ) AND ( (geval_image <> '') OR (geval_image_again <> '') ) LIMIT 1  
[2018-02-11 11:18:24] /shop/index.php?act=goods&op=index&goods_id=101350 ( act=goods&op=index ) 
ERR: Db Error: Unknown column 'geval_image_again' in 'where clause'
SELECT COUNT(*) AS nc_count FROM `zmkj_evaluate_goods` WHERE ( geval_goodsid = '101350' ) AND ( (geval_image <> '') OR (geval_image_again <> '') ) LIMIT 1  
[2018-02-11 11:27:24] /shop/index.php?act=goods&op=index&goods_id=101347 ( act=goods&op=index ) 
ERR: Db Error: Unknown column 'geval_image_again' in 'where clause'
SELECT COUNT(*) AS nc_count FROM `zmkj_evaluate_goods` WHERE ( geval_goodsid = '101347' ) AND ( (geval_image <> '') OR (geval_image_again <> '') ) LIMIT 1  
[2018-02-11 11:27:32] /shop/index.php?act=goods&op=index&goods_id=101347 ( act=goods&op=index ) 
ERR: Db Error: Unknown column 'geval_image_again' in 'where clause'
SELECT COUNT(*) AS nc_count FROM `zmkj_evaluate_goods` WHERE ( geval_goodsid = '101347' ) AND ( (geval_image <> '') OR (geval_image_again <> '') ) LIMIT 1  
[2018-02-11 11:32:49] /shop/index.php?act=goods&op=index&goods_id=101347 ( act=goods&op=index ) 
ERR: Db Error: Unknown column 'geval_image_again' in 'where clause'
SELECT COUNT(*) AS nc_count FROM `zmkj_evaluate_goods` WHERE ( geval_goodsid = '101347' ) AND ( (geval_image <> '') OR (geval_image_again <> '') ) LIMIT 1  
[2018-02-11 11:36:12] /shop/index.php?act=goods&op=index&goods_id=101347 ( act=goods&op=index ) 
ERR: Db Error: Unknown column 'geval_image_again' in 'where clause'
SELECT COUNT(*) AS nc_count FROM `zmkj_evaluate_goods` WHERE ( geval_goodsid = '101347' ) AND ( (geval_image <> '') OR (geval_image_again <> '') ) LIMIT 1  
[2018-02-11 11:37:51] /shop/index.php?act=goods&op=index&goods_id=101350 ( act=goods&op=index ) 
ERR: Db Error: Unknown column 'geval_image_again' in 'where clause'
SELECT COUNT(*) AS nc_count FROM `zmkj_evaluate_goods` WHERE ( geval_goodsid = '101350' ) AND ( (geval_image <> '') OR (geval_image_again <> '') ) LIMIT 1  
[2018-02-11 11:37:51] /shop/index.php?act=goods&goods_id=100474 ( act=goods&op=index ) 
ERR: Db Error: Unknown column 'geval_image_again' in 'where clause'
SELECT COUNT(*) AS nc_count FROM `zmkj_evaluate_goods` WHERE ( geval_goodsid = '100474' ) AND ( (geval_image <> '') OR (geval_image_again <> '') ) LIMIT 1  
[2018-02-11 11:38:14] /shop/index.php?act=goods&op=index&goods_id=101347 ( act=goods&op=index ) 
ERR: Db Error: Unknown column 'geval_image_again' in 'where clause'
SELECT COUNT(*) AS nc_count FROM `zmkj_evaluate_goods` WHERE ( geval_goodsid = '101347' ) AND ( (geval_image <> '') OR (geval_image_again <> '') ) LIMIT 1  
[2018-02-11 11:51:00] /shop/index.php?act=goods&op=index&goods_id=101299 ( act=goods&op=index ) 
ERR: Db Error: Unknown column 'geval_image_again' in 'where clause'
SELECT COUNT(*) AS nc_count FROM `zmkj_evaluate_goods` WHERE ( geval_goodsid = '101299' ) AND ( (geval_image <> '') OR (geval_image_again <> '') ) LIMIT 1  
[2018-02-11 11:56:02] /shop/index.php?act=goods&goods_id=100570 ( act=goods&op=index ) 
ERR: Db Error: Unknown column 'geval_image_again' in 'where clause'
SELECT COUNT(*) AS nc_count FROM `zmkj_evaluate_goods` WHERE ( geval_goodsid = '100570' ) AND ( (geval_image <> '') OR (geval_image_again <> '') ) LIMIT 1  
[2018-02-11 11:57:29] /shop/index.php?act=goods&op=index&goods_id=101347 ( act=goods&op=index ) 
ERR: Db Error: Unknown column 'geval_image_again' in 'where clause'
SELECT COUNT(*) AS nc_count FROM `zmkj_evaluate_goods` WHERE ( geval_goodsid = '101347' ) AND ( (geval_image <> '') OR (geval_image_again <> '') ) LIMIT 1  
[2018-02-11 11:58:28] /shop/index.php?act=goods&op=index&goods_id=101347 ( act=goods&op=index ) 
ERR: Db Error: Unknown column 'geval_image_again' in 'where clause'
SELECT COUNT(*) AS nc_count FROM `zmkj_evaluate_goods` WHERE ( geval_goodsid = '101347' ) AND ( (geval_image <> '') OR (geval_image_again <> '') ) LIMIT 1  
[2018-02-11 12:01:07] /shop/index.php?act=goods&op=index&goods_id=101347 ( act=goods&op=index ) 
ERR: Db Error: Unknown column 'geval_image_again' in 'where clause'
SELECT COUNT(*) AS nc_count FROM `zmkj_evaluate_goods` WHERE ( geval_goodsid = '101347' ) AND ( (geval_image <> '') OR (geval_image_again <> '') ) LIMIT 1  
[2018-02-11 12:13:32] /shop/index.php?act=goods&goods_id=100589 ( act=goods&op=index ) 
ERR: Db Error: Unknown column 'geval_image_again' in 'where clause'
SELECT COUNT(*) AS nc_count FROM `zmkj_evaluate_goods` WHERE ( geval_goodsid = '100589' ) AND ( (geval_image <> '') OR (geval_image_again <> '') ) LIMIT 1  
[2018-02-11 12:17:11] /shop/index.php?act=goods&op=index&goods_id=101347 ( act=goods&op=index ) 
ERR: Db Error: Unknown column 'geval_image_again' in 'where clause'
SELECT COUNT(*) AS nc_count FROM `zmkj_evaluate_goods` WHERE ( geval_goodsid = '101347' ) AND ( (geval_image <> '') OR (geval_image_again <> '') ) LIMIT 1  
[2018-02-11 12:22:52] /shop/index.php?act=goods&goods_id=100319&op=index ( act=goods&op=index ) 
ERR: Db Error: Unknown column 'geval_image_again' in 'where clause'
SELECT COUNT(*) AS nc_count FROM `zmkj_evaluate_goods` WHERE ( geval_goodsid = '100319' ) AND ( (geval_image <> '') OR (geval_image_again <> '') ) LIMIT 1  
[2018-02-11 12:30:11] /shop/index.php?act=goods&op=index&goods_id=101347 ( act=goods&op=index ) 
ERR: Db Error: Unknown column 'geval_image_again' in 'where clause'
SELECT COUNT(*) AS nc_count FROM `zmkj_evaluate_goods` WHERE ( geval_goodsid = '101347' ) AND ( (geval_image <> '') OR (geval_image_again <> '') ) LIMIT 1  
[2018-02-11 12:31:10] /shop/index.php?act=goods&op=index&goods_id=101347 ( act=goods&op=index ) 
ERR: Db Error: Unknown column 'geval_image_again' in 'where clause'
SELECT COUNT(*) AS nc_count FROM `zmkj_evaluate_goods` WHERE ( geval_goodsid = '101347' ) AND ( (geval_image <> '') OR (geval_image_again <> '') ) LIMIT 1  
[2018-02-11 12:36:22] /shop/index.php?act=goods&goods_id=100855 ( act=goods&op=index ) 
ERR: Db Error: Unknown column 'geval_image_again' in 'where clause'
SELECT COUNT(*) AS nc_count FROM `zmkj_evaluate_goods` WHERE ( geval_goodsid = '100855' ) AND ( (geval_image <> '') OR (geval_image_again <> '') ) LIMIT 1  
[2018-02-11 12:54:02] /shop/index.php?act=goods&goods_id=100504 ( act=goods&op=index ) 
ERR: Db Error: Unknown column 'geval_image_again' in 'where clause'
SELECT COUNT(*) AS nc_count FROM `zmkj_evaluate_goods` WHERE ( geval_goodsid = '100504' ) AND ( (geval_image <> '') OR (geval_image_again <> '') ) LIMIT 1  
[2018-02-11 13:15:53] /shop/index.php?act=goods&goods_id=100745&op=index ( act=goods&op=index ) 
ERR: Db Error: Unknown column 'geval_image_again' in 'where clause'
SELECT COUNT(*) AS nc_count FROM `zmkj_evaluate_goods` WHERE ( geval_goodsid = '100745' ) AND ( (geval_image <> '') OR (geval_image_again <> '') ) LIMIT 1  
[2018-02-11 13:32:23] /shop/index.php?act=goods&goods_id=100743&op=index ( act=goods&op=index ) 
ERR: Db Error: Unknown column 'geval_image_again' in 'where clause'
SELECT COUNT(*) AS nc_count FROM `zmkj_evaluate_goods` WHERE ( geval_goodsid = '100743' ) AND ( (geval_image <> '') OR (geval_image_again <> '') ) LIMIT 1  
[2018-02-11 13:34:46] /shop/index.php?act=goods&op=index&goods_id=101347 ( act=goods&op=index ) 
ERR: Db Error: Unknown column 'geval_image_again' in 'where clause'
SELECT COUNT(*) AS nc_count FROM `zmkj_evaluate_goods` WHERE ( geval_goodsid = '101347' ) AND ( (geval_image <> '') OR (geval_image_again <> '') ) LIMIT 1  
[2018-02-11 13:35:56] /shop/index.php?act=goods&op=index&goods_id=101350 ( act=goods&op=index ) 
ERR: Db Error: Unknown column 'geval_image_again' in 'where clause'
SELECT COUNT(*) AS nc_count FROM `zmkj_evaluate_goods` WHERE ( geval_goodsid = '101350' ) AND ( (geval_image <> '') OR (geval_image_again <> '') ) LIMIT 1  
[2018-02-11 13:41:02] /shop/index.php?act=goods&op=index&goods_id=101074 ( act=goods&op=index ) 
ERR: Db Error: Unknown column 'geval_image_again' in 'where clause'
SELECT COUNT(*) AS nc_count FROM `zmkj_evaluate_goods` WHERE ( geval_goodsid = '101074' ) AND ( (geval_image <> '') OR (geval_image_again <> '') ) LIMIT 1  
[2018-02-11 13:41:29] /shop/index.php?act=goods&op=index&goods_id=101074 ( act=goods&op=index ) 
ERR: Db Error: Unknown column 'geval_image_again' in 'where clause'
SELECT COUNT(*) AS nc_count FROM `zmkj_evaluate_goods` WHERE ( geval_goodsid = '101074' ) AND ( (geval_image <> '') OR (geval_image_again <> '') ) LIMIT 1  
[2018-02-11 13:42:25] /shop/index.php?act=goods&op=index&goods_id=101074 ( act=goods&op=index ) 
ERR: Db Error: Unknown column 'geval_image_again' in 'where clause'
SELECT COUNT(*) AS nc_count FROM `zmkj_evaluate_goods` WHERE ( geval_goodsid = '101074' ) AND ( (geval_image <> '') OR (geval_image_again <> '') ) LIMIT 1  
[2018-02-11 13:44:45] /shop/index.php?act=goods&op=index&goods_id=101074 ( act=goods&op=index ) 
ERR: Db Error: Unknown column 'geval_image_again' in 'where clause'
SELECT COUNT(*) AS nc_count FROM `zmkj_evaluate_goods` WHERE ( geval_goodsid = '101074' ) AND ( (geval_image <> '') OR (geval_image_again <> '') ) LIMIT 1  
[2018-02-11 13:51:58] /shop/index.php?act=goods&op=index&goods_id=101074 ( act=goods&op=index ) 
ERR: Db Error: Unknown column 'geval_image_again' in 'where clause'
SELECT COUNT(*) AS nc_count FROM `zmkj_evaluate_goods` WHERE ( geval_goodsid = '101074' ) AND ( (geval_image <> '') OR (geval_image_again <> '') ) LIMIT 1  
[2018-02-11 13:52:23] /shop/index.php?act=goods&goods_id=100746&op=index ( act=goods&op=index ) 
ERR: Db Error: Unknown column 'geval_image_again' in 'where clause'
SELECT COUNT(*) AS nc_count FROM `zmkj_evaluate_goods` WHERE ( geval_goodsid = '100746' ) AND ( (geval_image <> '') OR (geval_image_again <> '') ) LIMIT 1  
[2018-02-11 13:59:19] /shop/index.php?act=goods&op=index&goods_id=101074 ( act=goods&op=index ) 
ERR: Db Error: Unknown column 'geval_image_again' in 'where clause'
SELECT COUNT(*) AS nc_count FROM `zmkj_evaluate_goods` WHERE ( geval_goodsid = '101074' ) AND ( (geval_image <> '') OR (geval_image_again <> '') ) LIMIT 1  
[2018-02-11 14:04:22] /shop/index.php?act=goods&op=index&goods_id=100174 ( act=goods&op=index ) 
ERR: Db Error: Unknown column 'geval_image_again' in 'where clause'
SELECT COUNT(*) AS nc_count FROM `zmkj_evaluate_goods` WHERE ( geval_goodsid = '100174' ) AND ( (geval_image <> '') OR (geval_image_again <> '') ) LIMIT 1  
[2018-02-11 14:25:04] /shop/index.php?act=goods&op=index&goods_id=101353 ( act=goods&op=index ) 
ERR: Db Error: Unknown column 'geval_image_again' in 'where clause'
SELECT COUNT(*) AS nc_count FROM `zmkj_evaluate_goods` WHERE ( geval_goodsid = '101353' ) AND ( (geval_image <> '') OR (geval_image_again <> '') ) LIMIT 1  
[2018-02-11 14:25:06] /shop/index.php?act=goods&op=index&goods_id=101351 ( act=goods&op=index ) 
ERR: Db Error: Unknown column 'geval_image_again' in 'where clause'
SELECT COUNT(*) AS nc_count FROM `zmkj_evaluate_goods` WHERE ( geval_goodsid = '101351' ) AND ( (geval_image <> '') OR (geval_image_again <> '') ) LIMIT 1  
[2018-02-11 14:25:25] /shop/index.php?act=goods&op=index&goods_id=101352 ( act=goods&op=index ) 
ERR: Db Error: Unknown column 'geval_image_again' in 'where clause'
SELECT COUNT(*) AS nc_count FROM `zmkj_evaluate_goods` WHERE ( geval_goodsid = '101352' ) AND ( (geval_image <> '') OR (geval_image_again <> '') ) LIMIT 1  
[2018-02-11 14:43:20] /shop/index.php?act=goods&op=index&goods_id=101300 ( act=goods&op=index ) 
ERR: Db Error: Unknown column 'geval_image_again' in 'where clause'
SELECT COUNT(*) AS nc_count FROM `zmkj_evaluate_goods` WHERE ( geval_goodsid = '101300' ) AND ( (geval_image <> '') OR (geval_image_again <> '') ) LIMIT 1  
[2018-02-11 14:43:29] /shop/index.php?act=goods&op=index&goods_id=101353 ( act=goods&op=index ) 
ERR: Db Error: Unknown column 'geval_image_again' in 'where clause'
SELECT COUNT(*) AS nc_count FROM `zmkj_evaluate_goods` WHERE ( geval_goodsid = '101353' ) AND ( (geval_image <> '') OR (geval_image_again <> '') ) LIMIT 1  
[2018-02-11 14:59:25] /shop/index.php?act=goods&op=index&goods_id=101357 ( act=goods&op=index ) 
ERR: Db Error: Unknown column 'geval_image_again' in 'where clause'
SELECT COUNT(*) AS nc_count FROM `zmkj_evaluate_goods` WHERE ( geval_goodsid = '101357' ) AND ( (geval_image <> '') OR (geval_image_again <> '') ) LIMIT 1  
[2018-02-11 14:59:32] /shop/index.php?act=goods&op=index&goods_id=101354 ( act=goods&op=index ) 
ERR: Db Error: Unknown column 'geval_image_again' in 'where clause'
SELECT COUNT(*) AS nc_count FROM `zmkj_evaluate_goods` WHERE ( geval_goodsid = '101354' ) AND ( (geval_image <> '') OR (geval_image_again <> '') ) LIMIT 1  
[2018-02-11 14:59:33] /shop/index.php?act=goods&op=index&goods_id=101355 ( act=goods&op=index ) 
ERR: Db Error: Unknown column 'geval_image_again' in 'where clause'
SELECT COUNT(*) AS nc_count FROM `zmkj_evaluate_goods` WHERE ( geval_goodsid = '101355' ) AND ( (geval_image <> '') OR (geval_image_again <> '') ) LIMIT 1  
[2018-02-11 15:05:19] /shop/index.php?act=goods&op=index&goods_id=101358 ( act=goods&op=index ) 
ERR: Db Error: Unknown column 'geval_image_again' in 'where clause'
SELECT COUNT(*) AS nc_count FROM `zmkj_evaluate_goods` WHERE ( geval_goodsid = '101358' ) AND ( (geval_image <> '') OR (geval_image_again <> '') ) LIMIT 1  
[2018-02-11 15:06:20] /shop/index.php?act=goods&op=index&goods_id=101357 ( act=goods&op=index ) 
ERR: Db Error: Unknown column 'geval_image_again' in 'where clause'
SELECT COUNT(*) AS nc_count FROM `zmkj_evaluate_goods` WHERE ( geval_goodsid = '101357' ) AND ( (geval_image <> '') OR (geval_image_again <> '') ) LIMIT 1  
[2018-02-11 15:12:48] /shop/index.php?act=goods&op=index&goods_id=101360 ( act=goods&op=index ) 
ERR: Db Error: Unknown column 'geval_image_again' in 'where clause'
SELECT COUNT(*) AS nc_count FROM `zmkj_evaluate_goods` WHERE ( geval_goodsid = '101360' ) AND ( (geval_image <> '') OR (geval_image_again <> '') ) LIMIT 1  
[2018-02-11 15:13:46] /shop/index.php?act=goods&op=index&goods_id=101360 ( act=goods&op=index ) 
ERR: Db Error: Unknown column 'geval_image_again' in 'where clause'
SELECT COUNT(*) AS nc_count FROM `zmkj_evaluate_goods` WHERE ( geval_goodsid = '101360' ) AND ( (geval_image <> '') OR (geval_image_again <> '') ) LIMIT 1  
[2018-02-11 15:16:24] /shop/index.php?act=goods&goods_id=101074&op=index ( act=goods&op=index ) 
ERR: Db Error: Unknown column 'geval_image_again' in 'where clause'
SELECT COUNT(*) AS nc_count FROM `zmkj_evaluate_goods` WHERE ( geval_goodsid = '101074' ) AND ( (geval_image <> '') OR (geval_image_again <> '') ) LIMIT 1  
[2018-02-11 15:24:25] /shop/index.php?act=goods&op=index&goods_id=101362 ( act=goods&op=index ) 
ERR: Db Error: Unknown column 'geval_image_again' in 'where clause'
SELECT COUNT(*) AS nc_count FROM `zmkj_evaluate_goods` WHERE ( geval_goodsid = '101362' ) AND ( (geval_image <> '') OR (geval_image_again <> '') ) LIMIT 1  
[2018-02-11 15:33:25] /shop/index.php?act=goods&goods_id=100747&op=index ( act=goods&op=index ) 
ERR: Db Error: Unknown column 'geval_image_again' in 'where clause'
SELECT COUNT(*) AS nc_count FROM `zmkj_evaluate_goods` WHERE ( geval_goodsid = '100747' ) AND ( (geval_image <> '') OR (geval_image_again <> '') ) LIMIT 1  
[2018-02-11 15:40:10] /shop/index.php?act=goods&op=index&goods_id=101367 ( act=goods&op=index ) 
ERR: Db Error: Unknown column 'geval_image_again' in 'where clause'
SELECT COUNT(*) AS nc_count FROM `zmkj_evaluate_goods` WHERE ( geval_goodsid = '101367' ) AND ( (geval_image <> '') OR (geval_image_again <> '') ) LIMIT 1  
[2018-02-11 15:40:15] /shop/index.php?act=goods&op=index&goods_id=101368 ( act=goods&op=index ) 
ERR: Db Error: Unknown column 'geval_image_again' in 'where clause'
SELECT COUNT(*) AS nc_count FROM `zmkj_evaluate_goods` WHERE ( geval_goodsid = '101368' ) AND ( (geval_image <> '') OR (geval_image_again <> '') ) LIMIT 1  
[2018-02-11 15:40:17] /shop/index.php?act=goods&op=index&goods_id=101370 ( act=goods&op=index ) 
ERR: Db Error: Unknown column 'geval_image_again' in 'where clause'
SELECT COUNT(*) AS nc_count FROM `zmkj_evaluate_goods` WHERE ( geval_goodsid = '101370' ) AND ( (geval_image <> '') OR (geval_image_again <> '') ) LIMIT 1  
[2018-02-11 15:41:17] /shop/index.php?act=goods&op=index&goods_id=101366 ( act=goods&op=index ) 
ERR: Db Error: Unknown column 'geval_image_again' in 'where clause'
SELECT COUNT(*) AS nc_count FROM `zmkj_evaluate_goods` WHERE ( geval_goodsid = '101366' ) AND ( (geval_image <> '') OR (geval_image_again <> '') ) LIMIT 1  
[2018-02-11 15:41:21] /shop/index.php?act=goods&op=index&goods_id=101363 ( act=goods&op=index ) 
ERR: Db Error: Unknown column 'geval_image_again' in 'where clause'
SELECT COUNT(*) AS nc_count FROM `zmkj_evaluate_goods` WHERE ( geval_goodsid = '101363' ) AND ( (geval_image <> '') OR (geval_image_again <> '') ) LIMIT 1  
[2018-02-11 15:41:25] /shop/index.php?act=goods&op=index&goods_id=101364 ( act=goods&op=index ) 
ERR: Db Error: Unknown column 'geval_image_again' in 'where clause'
SELECT COUNT(*) AS nc_count FROM `zmkj_evaluate_goods` WHERE ( geval_goodsid = '101364' ) AND ( (geval_image <> '') OR (geval_image_again <> '') ) LIMIT 1  
[2018-02-11 15:41:30] /shop/index.php?act=goods&op=index&goods_id=101365 ( act=goods&op=index ) 
ERR: Db Error: Unknown column 'geval_image_again' in 'where clause'
SELECT COUNT(*) AS nc_count FROM `zmkj_evaluate_goods` WHERE ( geval_goodsid = '101365' ) AND ( (geval_image <> '') OR (geval_image_again <> '') ) LIMIT 1  
[2018-02-11 15:41:32] /shop/index.php?act=goods&op=index&goods_id=101366 ( act=goods&op=index ) 
ERR: Db Error: Unknown column 'geval_image_again' in 'where clause'
SELECT COUNT(*) AS nc_count FROM `zmkj_evaluate_goods` WHERE ( geval_goodsid = '101366' ) AND ( (geval_image <> '') OR (geval_image_again <> '') ) LIMIT 1  
[2018-02-11 15:42:51] /shop/index.php?act=goods&op=index&goods_id=101366 ( act=goods&op=index ) 
ERR: Db Error: Unknown column 'geval_image_again' in 'where clause'
SELECT COUNT(*) AS nc_count FROM `zmkj_evaluate_goods` WHERE ( geval_goodsid = '101366' ) AND ( (geval_image <> '') OR (geval_image_again <> '') ) LIMIT 1  
[2018-02-11 15:52:29] /shop/index.php?act=goods&op=index&goods_id=101371 ( act=goods&op=index ) 
ERR: Db Error: Unknown column 'geval_image_again' in 'where clause'
SELECT COUNT(*) AS nc_count FROM `zmkj_evaluate_goods` WHERE ( geval_goodsid = '101371' ) AND ( (geval_image <> '') OR (geval_image_again <> '') ) LIMIT 1  
[2018-02-11 15:54:55] /shop/index.php?act=goods&goods_id=100855&op=index ( act=goods&op=index ) 
ERR: Db Error: Unknown column 'geval_image_again' in 'where clause'
SELECT COUNT(*) AS nc_count FROM `zmkj_evaluate_goods` WHERE ( geval_goodsid = '100855' ) AND ( (geval_image <> '') OR (geval_image_again <> '') ) LIMIT 1  
[2018-02-11 15:56:04] /shop/index.php?act=goods&op=index&goods_id=101074 ( act=goods&op=index ) 
ERR: Db Error: Unknown column 'geval_image_again' in 'where clause'
SELECT COUNT(*) AS nc_count FROM `zmkj_evaluate_goods` WHERE ( geval_goodsid = '101074' ) AND ( (geval_image <> '') OR (geval_image_again <> '') ) LIMIT 1  
[2018-02-11 15:57:11] /shop/index.php?act=goods&op=index&goods_id=101371 ( act=goods&op=index ) 
ERR: Db Error: Unknown column 'geval_image_again' in 'where clause'
SELECT COUNT(*) AS nc_count FROM `zmkj_evaluate_goods` WHERE ( geval_goodsid = '101371' ) AND ( (geval_image <> '') OR (geval_image_again <> '') ) LIMIT 1  
[2018-02-11 15:58:15] /shop/index.php?act=goods&op=index&goods_id=101371 ( act=goods&op=index ) 
ERR: Db Error: Unknown column 'geval_image_again' in 'where clause'
SELECT COUNT(*) AS nc_count FROM `zmkj_evaluate_goods` WHERE ( geval_goodsid = '101371' ) AND ( (geval_image <> '') OR (geval_image_again <> '') ) LIMIT 1  
[2018-02-11 15:58:18] /shop/index.php?act=goods&op=index&goods_id=101372 ( act=goods&op=index ) 
ERR: Db Error: Unknown column 'geval_image_again' in 'where clause'
SELECT COUNT(*) AS nc_count FROM `zmkj_evaluate_goods` WHERE ( geval_goodsid = '101372' ) AND ( (geval_image <> '') OR (geval_image_again <> '') ) LIMIT 1  
[2018-02-11 15:58:20] /shop/index.php?act=goods&op=index&goods_id=101374 ( act=goods&op=index ) 
ERR: Db Error: Unknown column 'geval_image_again' in 'where clause'
SELECT COUNT(*) AS nc_count FROM `zmkj_evaluate_goods` WHERE ( geval_goodsid = '101374' ) AND ( (geval_image <> '') OR (geval_image_again <> '') ) LIMIT 1  
[2018-02-11 16:00:13] /shop/index.php?act=goods&op=index&goods_id=101074 ( act=goods&op=index ) 
ERR: Db Error: Unknown column 'geval_image_again' in 'where clause'
SELECT COUNT(*) AS nc_count FROM `zmkj_evaluate_goods` WHERE ( geval_goodsid = '101074' ) AND ( (geval_image <> '') OR (geval_image_again <> '') ) LIMIT 1  
[2018-02-11 16:14:02] /shop/index.php?act=goods&op=index&goods_id=101379 ( act=goods&op=index ) 
ERR: Db Error: Unknown column 'geval_image_again' in 'where clause'
SELECT COUNT(*) AS nc_count FROM `zmkj_evaluate_goods` WHERE ( geval_goodsid = '101379' ) AND ( (geval_image <> '') OR (geval_image_again <> '') ) LIMIT 1  
[2018-02-11 16:14:16] /shop/index.php?act=goods&op=index&goods_id=101379 ( act=goods&op=index ) 
ERR: Db Error: Unknown column 'geval_image_again' in 'where clause'
SELECT COUNT(*) AS nc_count FROM `zmkj_evaluate_goods` WHERE ( geval_goodsid = '101379' ) AND ( (geval_image <> '') OR (geval_image_again <> '') ) LIMIT 1  
[2018-02-11 16:14:24] /shop/index.php?act=goods&op=index&goods_id=101375 ( act=goods&op=index ) 
ERR: Db Error: Unknown column 'geval_image_again' in 'where clause'
SELECT COUNT(*) AS nc_count FROM `zmkj_evaluate_goods` WHERE ( geval_goodsid = '101375' ) AND ( (geval_image <> '') OR (geval_image_again <> '') ) LIMIT 1  
[2018-02-11 16:14:25] /shop/index.php?act=goods&op=index&goods_id=101377 ( act=goods&op=index ) 
ERR: Db Error: Unknown column 'geval_image_again' in 'where clause'
SELECT COUNT(*) AS nc_count FROM `zmkj_evaluate_goods` WHERE ( geval_goodsid = '101377' ) AND ( (geval_image <> '') OR (geval_image_again <> '') ) LIMIT 1  
[2018-02-11 16:14:30] /shop/index.php?act=goods&op=index&goods_id=101375 ( act=goods&op=index ) 
ERR: Db Error: Unknown column 'geval_image_again' in 'where clause'
SELECT COUNT(*) AS nc_count FROM `zmkj_evaluate_goods` WHERE ( geval_goodsid = '101375' ) AND ( (geval_image <> '') OR (geval_image_again <> '') ) LIMIT 1  
[2018-02-11 16:15:15] /shop/index.php?act=goods&op=index&goods_id=101379 ( act=goods&op=index ) 
ERR: Db Error: Unknown column 'geval_image_again' in 'where clause'
SELECT COUNT(*) AS nc_count FROM `zmkj_evaluate_goods` WHERE ( geval_goodsid = '101379' ) AND ( (geval_image <> '') OR (geval_image_again <> '') ) LIMIT 1  
[2018-02-11 16:18:43] /shop/index.php?act=goods&op=index&goods_id=101299 ( act=goods&op=index ) 
ERR: Db Error: Unknown column 'geval_image_again' in 'where clause'
SELECT COUNT(*) AS nc_count FROM `zmkj_evaluate_goods` WHERE ( geval_goodsid = '101299' ) AND ( (geval_image <> '') OR (geval_image_again <> '') ) LIMIT 1  
[2018-02-11 16:18:58] /shop/index.php?act=goods&op=index&goods_id=101300 ( act=goods&op=index ) 
ERR: Db Error: Unknown column 'geval_image_again' in 'where clause'
SELECT COUNT(*) AS nc_count FROM `zmkj_evaluate_goods` WHERE ( geval_goodsid = '101300' ) AND ( (geval_image <> '') OR (geval_image_again <> '') ) LIMIT 1  
[2018-02-11 16:19:32] /shop/index.php?act=goods&op=index&goods_id=101074 ( act=goods&op=index ) 
ERR: Db Error: Unknown column 'geval_image_again' in 'where clause'
SELECT COUNT(*) AS nc_count FROM `zmkj_evaluate_goods` WHERE ( geval_goodsid = '101074' ) AND ( (geval_image <> '') OR (geval_image_again <> '') ) LIMIT 1  
[2018-02-11 16:20:09] /shop/index.php?act=goods&op=index&goods_id=101074 ( act=goods&op=index ) 
ERR: Db Error: Unknown column 'geval_image_again' in 'where clause'
SELECT COUNT(*) AS nc_count FROM `zmkj_evaluate_goods` WHERE ( geval_goodsid = '101074' ) AND ( (geval_image <> '') OR (geval_image_again <> '') ) LIMIT 1  
[2018-02-11 16:21:39] /shop/index.php?act=goods&op=index&goods_id=101301 ( act=goods&op=index ) 
ERR: Db Error: Unknown column 'geval_image_again' in 'where clause'
SELECT COUNT(*) AS nc_count FROM `zmkj_evaluate_goods` WHERE ( geval_goodsid = '101301' ) AND ( (geval_image <> '') OR (geval_image_again <> '') ) LIMIT 1  
[2018-02-11 16:25:36] /shop/index.php?act=goods&op=index&goods_id=101366 ( act=goods&op=index ) 
ERR: Db Error: Unknown column 'geval_image_again' in 'where clause'
SELECT COUNT(*) AS nc_count FROM `zmkj_evaluate_goods` WHERE ( geval_goodsid = '101366' ) AND ( (geval_image <> '') OR (geval_image_again <> '') ) LIMIT 1  
[2018-02-11 16:25:54] /shop/index.php?act=goods&op=index&goods_id=101379 ( act=goods&op=index ) 
ERR: Db Error: Unknown column 'geval_image_again' in 'where clause'
SELECT COUNT(*) AS nc_count FROM `zmkj_evaluate_goods` WHERE ( geval_goodsid = '101379' ) AND ( (geval_image <> '') OR (geval_image_again <> '') ) LIMIT 1  
[2018-02-11 16:26:26] /shop/index.php?act=goods&op=index&goods_id=101362 ( act=goods&op=index ) 
ERR: Db Error: Unknown column 'geval_image_again' in 'where clause'
SELECT COUNT(*) AS nc_count FROM `zmkj_evaluate_goods` WHERE ( geval_goodsid = '101362' ) AND ( (geval_image <> '') OR (geval_image_again <> '') ) LIMIT 1  
[2018-02-11 16:30:43] /shop/index.php?act=goods&op=index&goods_id=101074 ( act=goods&op=index ) 
ERR: Db Error: Unknown column 'geval_image_again' in 'where clause'
SELECT COUNT(*) AS nc_count FROM `zmkj_evaluate_goods` WHERE ( geval_goodsid = '101074' ) AND ( (geval_image <> '') OR (geval_image_again <> '') ) LIMIT 1  
[2018-02-11 16:31:34] /shop/index.php?act=goods&op=index&goods_id=101074 ( act=goods&op=index ) 
ERR: Db Error: Unknown column 'geval_image_again' in 'where clause'
SELECT COUNT(*) AS nc_count FROM `zmkj_evaluate_goods` WHERE ( geval_goodsid = '101074' ) AND ( (geval_image <> '') OR (geval_image_again <> '') ) LIMIT 1  
[2018-02-11 16:51:56] /shop/index.php?act=goods&goods_id=101134&op=index ( act=goods&op=index ) 
ERR: Db Error: Unknown column 'geval_image_again' in 'where clause'
SELECT COUNT(*) AS nc_count FROM `zmkj_evaluate_goods` WHERE ( geval_goodsid = '101134' ) AND ( (geval_image <> '') OR (geval_image_again <> '') ) LIMIT 1  
[2018-02-11 16:52:30] /shop/index.php?act=goods&op=index&goods_id=101381 ( act=goods&op=index ) 
ERR: Db Error: Unknown column 'geval_image_again' in 'where clause'
SELECT COUNT(*) AS nc_count FROM `zmkj_evaluate_goods` WHERE ( geval_goodsid = '101381' ) AND ( (geval_image <> '') OR (geval_image_again <> '') ) LIMIT 1  
[2018-02-11 16:52:43] /shop/index.php?act=goods&op=index&goods_id=101380 ( act=goods&op=index ) 
ERR: Db Error: Unknown column 'geval_image_again' in 'where clause'
SELECT COUNT(*) AS nc_count FROM `zmkj_evaluate_goods` WHERE ( geval_goodsid = '101380' ) AND ( (geval_image <> '') OR (geval_image_again <> '') ) LIMIT 1  
[2018-02-11 17:00:24] /shop/index.php?act=goods&op=index&goods_id=101381 ( act=goods&op=index ) 
ERR: Db Error: Unknown column 'geval_image_again' in 'where clause'
SELECT COUNT(*) AS nc_count FROM `zmkj_evaluate_goods` WHERE ( geval_goodsid = '101381' ) AND ( (geval_image <> '') OR (geval_image_again <> '') ) LIMIT 1  
[2018-02-11 17:01:00] /shop/index.php?act=goods&op=index&goods_id=101381 ( act=goods&op=index ) 
ERR: Db Error: Unknown column 'geval_image_again' in 'where clause'
SELECT COUNT(*) AS nc_count FROM `zmkj_evaluate_goods` WHERE ( geval_goodsid = '101381' ) AND ( (geval_image <> '') OR (geval_image_again <> '') ) LIMIT 1  
[2018-02-11 17:03:13] /shop/index.php?act=goods&op=index&goods_id=101382 ( act=goods&op=index ) 
ERR: Db Error: Unknown column 'geval_image_again' in 'where clause'
SELECT COUNT(*) AS nc_count FROM `zmkj_evaluate_goods` WHERE ( geval_goodsid = '101382' ) AND ( (geval_image <> '') OR (geval_image_again <> '') ) LIMIT 1  
[2018-02-11 17:03:34] /shop/index.php?act=goods&op=index&goods_id=101382 ( act=goods&op=index ) 
ERR: Db Error: Unknown column 'geval_image_again' in 'where clause'
SELECT COUNT(*) AS nc_count FROM `zmkj_evaluate_goods` WHERE ( geval_goodsid = '101382' ) AND ( (geval_image <> '') OR (geval_image_again <> '') ) LIMIT 1  
[2018-02-11 17:19:33] /shop/index.php?act=goods&op=index&goods_id=101386 ( act=goods&op=index ) 
ERR: Db Error: Unknown column 'geval_image_again' in 'where clause'
SELECT COUNT(*) AS nc_count FROM `zmkj_evaluate_goods` WHERE ( geval_goodsid = '101386' ) AND ( (geval_image <> '') OR (geval_image_again <> '') ) LIMIT 1  
[2018-02-11 17:19:36] /shop/index.php?act=goods&op=index&goods_id=101383 ( act=goods&op=index ) 
ERR: Db Error: Unknown column 'geval_image_again' in 'where clause'
SELECT COUNT(*) AS nc_count FROM `zmkj_evaluate_goods` WHERE ( geval_goodsid = '101383' ) AND ( (geval_image <> '') OR (geval_image_again <> '') ) LIMIT 1  
[2018-02-11 17:27:45] /shop/index.php?act=goods&op=index&goods_id=100592 ( act=goods&op=index ) 
ERR: Db Error: Unknown column 'geval_image_again' in 'where clause'
SELECT COUNT(*) AS nc_count FROM `zmkj_evaluate_goods` WHERE ( geval_goodsid = '100592' ) AND ( (geval_image <> '') OR (geval_image_again <> '') ) LIMIT 1  
[2018-02-11 17:28:50] /shop/index.php?act=goods&op=index&goods_id=100591 ( act=goods&op=index ) 
ERR: Db Error: Unknown column 'geval_image_again' in 'where clause'
SELECT COUNT(*) AS nc_count FROM `zmkj_evaluate_goods` WHERE ( geval_goodsid = '100591' ) AND ( (geval_image <> '') OR (geval_image_again <> '') ) LIMIT 1  
[2018-02-11 17:41:30] /shop/index.php?act=goods&op=index&goods_id=101386 ( act=goods&op=index ) 
ERR: Db Error: Unknown column 'geval_image_again' in 'where clause'
SELECT COUNT(*) AS nc_count FROM `zmkj_evaluate_goods` WHERE ( geval_goodsid = '101386' ) AND ( (geval_image <> '') OR (geval_image_again <> '') ) LIMIT 1  
[2018-02-11 17:55:32] /shop/index.php?act=goods&op=index&goods_id=101390 ( act=goods&op=index ) 
ERR: Db Error: Unknown column 'geval_image_again' in 'where clause'
SELECT COUNT(*) AS nc_count FROM `zmkj_evaluate_goods` WHERE ( geval_goodsid = '101390' ) AND ( (geval_image <> '') OR (geval_image_again <> '') ) LIMIT 1  
[2018-02-11 17:57:00] /shop/index.php?act=goods&op=index&goods_id=101390 ( act=goods&op=index ) 
ERR: Db Error: Unknown column 'geval_image_again' in 'where clause'
SELECT COUNT(*) AS nc_count FROM `zmkj_evaluate_goods` WHERE ( geval_goodsid = '101390' ) AND ( (geval_image <> '') OR (geval_image_again <> '') ) LIMIT 1  
[2018-02-11 17:57:13] /shop/index.php?act=goods&op=index&goods_id=101390 ( act=goods&op=index ) 
ERR: Db Error: Unknown column 'geval_image_again' in 'where clause'
SELECT COUNT(*) AS nc_count FROM `zmkj_evaluate_goods` WHERE ( geval_goodsid = '101390' ) AND ( (geval_image <> '') OR (geval_image_again <> '') ) LIMIT 1  
[2018-02-11 17:57:50] /shop/index.php?act=goods&op=index&goods_id=101390 ( act=goods&op=index ) 
ERR: Db Error: Unknown column 'geval_image_again' in 'where clause'
SELECT COUNT(*) AS nc_count FROM `zmkj_evaluate_goods` WHERE ( geval_goodsid = '101390' ) AND ( (geval_image <> '') OR (geval_image_again <> '') ) LIMIT 1  
[2018-02-11 17:57:55] /shop/index.php?act=goods&op=index&goods_id=101387 ( act=goods&op=index ) 
ERR: Db Error: Unknown column 'geval_image_again' in 'where clause'
SELECT COUNT(*) AS nc_count FROM `zmkj_evaluate_goods` WHERE ( geval_goodsid = '101387' ) AND ( (geval_image <> '') OR (geval_image_again <> '') ) LIMIT 1  
[2018-02-11 17:57:57] /shop/index.php?act=goods&op=index&goods_id=101388 ( act=goods&op=index ) 
ERR: Db Error: Unknown column 'geval_image_again' in 'where clause'
SELECT COUNT(*) AS nc_count FROM `zmkj_evaluate_goods` WHERE ( geval_goodsid = '101388' ) AND ( (geval_image <> '') OR (geval_image_again <> '') ) LIMIT 1  
[2018-02-11 19:07:28] /shop/index.php?act=goods&goods_id=100742&op=index ( act=goods&op=index ) 
ERR: Db Error: Unknown column 'geval_image_again' in 'where clause'
SELECT COUNT(*) AS nc_count FROM `zmkj_evaluate_goods` WHERE ( geval_goodsid = '100742' ) AND ( (geval_image <> '') OR (geval_image_again <> '') ) LIMIT 1  
[2018-02-11 21:26:40] /shop/index.php?act=goods&op=index&goods_id=101347 ( act=goods&op=index ) 
ERR: Db Error: Unknown column 'geval_image_again' in 'where clause'
SELECT COUNT(*) AS nc_count FROM `zmkj_evaluate_goods` WHERE ( geval_goodsid = '101347' ) AND ( (geval_image <> '') OR (geval_image_again <> '') ) LIMIT 1  
