[2018-11-26 00:30:52] /shop/index.php?act=goods&op=comments_list&goods_id=104310 ( act=goods&op=comments_list ) 
ERR: Db Error: Unknown column 'geval_image_again' in 'where clause'
SELECT COUNT(*) AS nc_count FROM `zmkj_evaluate_goods` WHERE ( geval_goodsid = '104310' ) AND ( (geval_image <> '') OR (geval_image_again <> '') ) LIMIT 1  
[2018-11-26 01:38:04] /shop/index.php?act=goods&op=comments_list&goods_id=104319 ( act=goods&op=comments_list ) 
ERR: Db Error: Unknown column 'geval_image_again' in 'where clause'
SELECT COUNT(*) AS nc_count FROM `zmkj_evaluate_goods` WHERE ( geval_goodsid = '104319' ) AND ( (geval_image <> '') OR (geval_image_again <> '') ) LIMIT 1  
[2018-11-26 02:21:16] /shop/index.php?act=goods&op=comments_list&goods_id=105241 ( act=goods&op=comments_list ) 
ERR: Db Error: Unknown column 'geval_image_again' in 'where clause'
SELECT COUNT(*) AS nc_count FROM `zmkj_evaluate_goods` WHERE ( geval_goodsid = '105241' ) AND ( (geval_image <> '') OR (geval_image_again <> '') ) LIMIT 1  
[2018-11-26 03:09:16] /shop/index.php?act=goods&op=comments_list&goods_id=105259 ( act=goods&op=comments_list ) 
ERR: Db Error: Unknown column 'geval_image_again' in 'where clause'
SELECT COUNT(*) AS nc_count FROM `zmkj_evaluate_goods` WHERE ( geval_goodsid = '105259' ) AND ( (geval_image <> '') OR (geval_image_again <> '') ) LIMIT 1  
[2018-11-26 03:23:27] /shop/index.php?act=goods&goods_id=103133&op=comments_list ( act=goods&op=comments_list ) 
ERR: Db Error: Unknown column 'geval_image_again' in 'where clause'
SELECT COUNT(*) AS nc_count FROM `zmkj_evaluate_goods` WHERE ( geval_goodsid = '103133' ) AND ( (geval_image <> '') OR (geval_image_again <> '') ) LIMIT 1  
[2018-11-26 03:23:32] /shop/index.php?act=goods&goods_id=106150&op=comments_list ( act=goods&op=comments_list ) 
ERR: Db Error: Unknown column 'geval_image_again' in 'where clause'
SELECT COUNT(*) AS nc_count FROM `zmkj_evaluate_goods` WHERE ( geval_goodsid = '106150' ) AND ( (geval_image <> '') OR (geval_image_again <> '') ) LIMIT 1  
[2018-11-26 05:42:52] /shop/index.php?act=goods&op=comments_list&goods_id=105296 ( act=goods&op=comments_list ) 
ERR: Db Error: Unknown column 'geval_image_again' in 'where clause'
SELECT COUNT(*) AS nc_count FROM `zmkj_evaluate_goods` WHERE ( geval_goodsid = '105296' ) AND ( (geval_image <> '') OR (geval_image_again <> '') ) LIMIT 1  
[2018-11-26 06:02:10] /shop/index.php?act=goods&op=comments_list&goods_id=105990 ( act=goods&op=comments_list ) 
ERR: Db Error: Unknown column 'geval_image_again' in 'where clause'
SELECT COUNT(*) AS nc_count FROM `zmkj_evaluate_goods` WHERE ( geval_goodsid = '105990' ) AND ( (geval_image <> '') OR (geval_image_again <> '') ) LIMIT 1  
[2018-11-26 06:38:02] /shop/index.php?act=goods&op=comments_list&goods_id=105447 ( act=goods&op=comments_list ) 
ERR: Db Error: Unknown column 'geval_image_again' in 'where clause'
SELECT COUNT(*) AS nc_count FROM `zmkj_evaluate_goods` WHERE ( geval_goodsid = '105447' ) AND ( (geval_image <> '') OR (geval_image_again <> '') ) LIMIT 1  
[2018-11-26 06:50:04] /shop/index.php?act=goods&op=comments_list&goods_id=105286 ( act=goods&op=comments_list ) 
ERR: Db Error: Unknown column 'geval_image_again' in 'where clause'
SELECT COUNT(*) AS nc_count FROM `zmkj_evaluate_goods` WHERE ( geval_goodsid = '105286' ) AND ( (geval_image <> '') OR (geval_image_again <> '') ) LIMIT 1  
[2018-11-26 07:37:18] /shop/index.php?act=goods&op=comments_list&goods_id=104317 ( act=goods&op=comments_list ) 
ERR: Db Error: Unknown column 'geval_image_again' in 'where clause'
SELECT COUNT(*) AS nc_count FROM `zmkj_evaluate_goods` WHERE ( geval_goodsid = '104317' ) AND ( (geval_image <> '') OR (geval_image_again <> '') ) LIMIT 1  
[2018-11-26 07:44:41] /shop/index.php?act=goods&op=comments_list&goods_id=104305 ( act=goods&op=comments_list ) 
ERR: Db Error: Unknown column 'geval_image_again' in 'where clause'
SELECT COUNT(*) AS nc_count FROM `zmkj_evaluate_goods` WHERE ( geval_goodsid = '104305' ) AND ( (geval_image <> '') OR (geval_image_again <> '') ) LIMIT 1  
[2018-11-26 08:11:40] /shop/index.php?act=goods&op=comments_list&goods_id=104327 ( act=goods&op=comments_list ) 
ERR: Db Error: Unknown column 'geval_image_again' in 'where clause'
SELECT COUNT(*) AS nc_count FROM `zmkj_evaluate_goods` WHERE ( geval_goodsid = '104327' ) AND ( (geval_image <> '') OR (geval_image_again <> '') ) LIMIT 1  
[2018-11-26 08:54:52] /shop/index.php?act=goods&op=comments_list&goods_id=104328 ( act=goods&op=comments_list ) 
ERR: Db Error: Unknown column 'geval_image_again' in 'where clause'
SELECT COUNT(*) AS nc_count FROM `zmkj_evaluate_goods` WHERE ( geval_goodsid = '104328' ) AND ( (geval_image <> '') OR (geval_image_again <> '') ) LIMIT 1  
[2018-11-26 09:01:23] /shop/index.php?act=goods&op=comments_list&goods_id=104331 ( act=goods&op=comments_list ) 
ERR: Db Error: Unknown column 'geval_image_again' in 'where clause'
SELECT COUNT(*) AS nc_count FROM `zmkj_evaluate_goods` WHERE ( geval_goodsid = '104331' ) AND ( (geval_image <> '') OR (geval_image_again <> '') ) LIMIT 1  
[2018-11-26 09:11:35] /shop/index.php?act=goods&op=comments_list&goods_id=106075 ( act=goods&op=comments_list ) 
ERR: Db Error: Unknown column 'geval_image_again' in 'where clause'
SELECT COUNT(*) AS nc_count FROM `zmkj_evaluate_goods` WHERE ( geval_goodsid = '106075' ) AND ( (geval_image <> '') OR (geval_image_again <> '') ) LIMIT 1  
[2018-11-26 09:29:56] /shop/index.php?act=goods&op=comments_list&goods_id=106089 ( act=goods&op=comments_list ) 
ERR: Db Error: Unknown column 'geval_image_again' in 'where clause'
SELECT COUNT(*) AS nc_count FROM `zmkj_evaluate_goods` WHERE ( geval_goodsid = '106089' ) AND ( (geval_image <> '') OR (geval_image_again <> '') ) LIMIT 1  
[2018-11-26 09:48:33] /shop/index.php?act=goods&op=comments_list&goods_id=104300 ( act=goods&op=comments_list ) 
ERR: Db Error: Unknown column 'geval_image_again' in 'where clause'
SELECT COUNT(*) AS nc_count FROM `zmkj_evaluate_goods` WHERE ( geval_goodsid = '104300' ) AND ( (geval_image <> '') OR (geval_image_again <> '') ) LIMIT 1  
[2018-11-26 09:55:07] /shop/index.php?act=goods&op=comments_list&goods_id=104320 ( act=goods&op=comments_list ) 
ERR: Db Error: Unknown column 'geval_image_again' in 'where clause'
SELECT COUNT(*) AS nc_count FROM `zmkj_evaluate_goods` WHERE ( geval_goodsid = '104320' ) AND ( (geval_image <> '') OR (geval_image_again <> '') ) LIMIT 1  
[2018-11-26 10:16:54] /shop/index.php?act=goods&op=comments_list&goods_id=104303 ( act=goods&op=comments_list ) 
ERR: Db Error: Unknown column 'geval_image_again' in 'where clause'
SELECT COUNT(*) AS nc_count FROM `zmkj_evaluate_goods` WHERE ( geval_goodsid = '104303' ) AND ( (geval_image <> '') OR (geval_image_again <> '') ) LIMIT 1  
[2018-11-26 10:25:02] /shop/index.php?act=goods&op=comments_list&goods_id=106062 ( act=goods&op=comments_list ) 
ERR: Db Error: Unknown column 'geval_image_again' in 'where clause'
SELECT COUNT(*) AS nc_count FROM `zmkj_evaluate_goods` WHERE ( geval_goodsid = '106062' ) AND ( (geval_image <> '') OR (geval_image_again <> '') ) LIMIT 1  
[2018-11-26 10:54:52] /shop/index.php?act=goods&op=comments_list&goods_id=104316 ( act=goods&op=comments_list ) 
ERR: Db Error: Unknown column 'geval_image_again' in 'where clause'
SELECT COUNT(*) AS nc_count FROM `zmkj_evaluate_goods` WHERE ( geval_goodsid = '104316' ) AND ( (geval_image <> '') OR (geval_image_again <> '') ) LIMIT 1  
[2018-11-26 10:59:42] /shop/index.php?act=goods&op=comments_list&goods_id=105307 ( act=goods&op=comments_list ) 
ERR: Db Error: Unknown column 'geval_image_again' in 'where clause'
SELECT COUNT(*) AS nc_count FROM `zmkj_evaluate_goods` WHERE ( geval_goodsid = '105307' ) AND ( (geval_image <> '') OR (geval_image_again <> '') ) LIMIT 1  
[2018-11-26 11:04:28] /shop/index.php?act=goods&op=comments_list&goods_id=104312 ( act=goods&op=comments_list ) 
ERR: Db Error: Unknown column 'geval_image_again' in 'where clause'
SELECT COUNT(*) AS nc_count FROM `zmkj_evaluate_goods` WHERE ( geval_goodsid = '104312' ) AND ( (geval_image <> '') OR (geval_image_again <> '') ) LIMIT 1  
[2018-11-26 12:05:55] /shop/index.php?act=goods&op=comments_list&goods_id=104308 ( act=goods&op=comments_list ) 
ERR: Db Error: Unknown column 'geval_image_again' in 'where clause'
SELECT COUNT(*) AS nc_count FROM `zmkj_evaluate_goods` WHERE ( geval_goodsid = '104308' ) AND ( (geval_image <> '') OR (geval_image_again <> '') ) LIMIT 1  
[2018-11-26 13:23:40] /shop/index.php?act=goods&op=comments_list&goods_id=106705 ( act=goods&op=comments_list ) 
ERR: Db Error: Unknown column 'geval_image_again' in 'where clause'
SELECT COUNT(*) AS nc_count FROM `zmkj_evaluate_goods` WHERE ( geval_goodsid = '106705' ) AND ( (geval_image <> '') OR (geval_image_again <> '') ) LIMIT 1  
[2018-11-26 14:16:28] /shop/index.php?act=goods&op=comments_list&goods_id=103884 ( act=goods&op=comments_list ) 
ERR: Db Error: Unknown column 'geval_image_again' in 'where clause'
SELECT COUNT(*) AS nc_count FROM `zmkj_evaluate_goods` WHERE ( geval_goodsid = '103884' ) AND ( (geval_image <> '') OR (geval_image_again <> '') ) LIMIT 1  
[2018-11-26 15:04:00] /shop/index.php?act=search&op=index&cate_id=1601 ( act=search&op=index ) 
ERR: Db Error: Unknown column 'gc_id_' in 'where clause'
SELECT count(distinct CONCAT(goods_commonid)) AS nc_count FROM `zmkj_goods` WHERE ( gc_id_ = '1601' ) AND ( goods_state = '1' ) AND ( goods_verify = '1' ) LIMIT 1  
[2018-11-26 15:04:01] /shop/index.php?act=search&op=index&cate_id=1599 ( act=search&op=index ) 
ERR: Db Error: Unknown column 'gc_id_' in 'where clause'
SELECT count(distinct CONCAT(goods_commonid)) AS nc_count FROM `zmkj_goods` WHERE ( gc_id_ = '1599' ) AND ( goods_state = '1' ) AND ( goods_verify = '1' ) LIMIT 1  
[2018-11-26 15:04:59] /shop/index.php?act=search&op=index&cate_id=1595 ( act=search&op=index ) 
ERR: Db Error: Unknown column 'gc_id_' in 'where clause'
SELECT count(distinct CONCAT(goods_commonid)) AS nc_count FROM `zmkj_goods` WHERE ( gc_id_ = '1595' ) AND ( goods_state = '1' ) AND ( goods_verify = '1' ) LIMIT 1  
[2018-11-26 15:05:26] /shop/index.php?act=search&op=index&cate_id=1592 ( act=search&op=index ) 
ERR: Db Error: Unknown column 'gc_id_' in 'where clause'
SELECT count(distinct CONCAT(goods_commonid)) AS nc_count FROM `zmkj_goods` WHERE ( gc_id_ = '1592' ) AND ( goods_state = '1' ) AND ( goods_verify = '1' ) LIMIT 1  
[2018-11-26 15:05:32] /shop/index.php?act=search&op=index&cate_id=1589 ( act=search&op=index ) 
ERR: Db Error: Unknown column 'gc_id_' in 'where clause'
SELECT count(distinct CONCAT(goods_commonid)) AS nc_count FROM `zmkj_goods` WHERE ( gc_id_ = '1589' ) AND ( goods_state = '1' ) AND ( goods_verify = '1' ) LIMIT 1  
[2018-11-26 15:07:05] /shop/index.php?act=search&op=index&cate_id=1585 ( act=search&op=index ) 
ERR: Db Error: Unknown column 'gc_id_' in 'where clause'
SELECT count(distinct CONCAT(goods_commonid)) AS nc_count FROM `zmkj_goods` WHERE ( gc_id_ = '1585' ) AND ( goods_state = '1' ) AND ( goods_verify = '1' ) LIMIT 1  
[2018-11-26 15:07:43] /shop/index.php?act=search&op=index&cate_id=1582 ( act=search&op=index ) 
ERR: Db Error: Unknown column 'gc_id_' in 'where clause'
SELECT count(distinct CONCAT(goods_commonid)) AS nc_count FROM `zmkj_goods` WHERE ( gc_id_ = '1582' ) AND ( goods_state = '1' ) AND ( goods_verify = '1' ) LIMIT 1  
[2018-11-26 15:10:13] /shop/index.php?act=hot_sale&op=index ( act=hot_sale&op=index ) 
ERR: Db Error: You have an error in your SQL syntax; check the manual that corresponds to your MySQL server version for the right syntax to use near ') and goods_state=1' at line 1
select * from zmkj_goods where goods_id in () and goods_state=1
[2018-11-26 15:10:13] /shop/index.php?act=hot_sale&op=index ( act=hot_sale&op=index ) 
ERR: Db Error: You have an error in your SQL syntax; check the manual that corresponds to your MySQL server version for the right syntax to use near '' at line 1
select `member_id` from zmkj_store where store_id = 
[2018-11-26 15:14:22] /shop/index.php?act=search&op=index&cate_id=1586 ( act=search&op=index ) 
ERR: Db Error: Unknown column 'gc_id_' in 'where clause'
SELECT count(distinct CONCAT(goods_commonid)) AS nc_count FROM `zmkj_goods` WHERE ( gc_id_ = '1586' ) AND ( goods_state = '1' ) AND ( goods_verify = '1' ) LIMIT 1  
[2018-11-26 15:14:24] /shop/index.php?act=search&op=index&cate_id=1576 ( act=search&op=index ) 
ERR: Db Error: Unknown column 'gc_id_' in 'where clause'
SELECT count(distinct CONCAT(goods_commonid)) AS nc_count FROM `zmkj_goods` WHERE ( gc_id_ = '1576' ) AND ( goods_state = '1' ) AND ( goods_verify = '1' ) LIMIT 1  
[2018-11-26 15:16:40] /shop/index.php?act=search&op=index&cate_id=1566 ( act=search&op=index ) 
ERR: Db Error: Unknown column 'gc_id_' in 'where clause'
SELECT count(distinct CONCAT(goods_commonid)) AS nc_count FROM `zmkj_goods` WHERE ( gc_id_ = '1566' ) AND ( goods_state = '1' ) AND ( goods_verify = '1' ) LIMIT 1  
[2018-11-26 19:28:28] /shop/index.php?act=goods&op=comments_list&goods_id=105270 ( act=goods&op=comments_list ) 
ERR: Db Error: Unknown column 'geval_image_again' in 'where clause'
SELECT COUNT(*) AS nc_count FROM `zmkj_evaluate_goods` WHERE ( geval_goodsid = '105270' ) AND ( (geval_image <> '') OR (geval_image_again <> '') ) LIMIT 1  
[2018-11-26 19:49:39] /shop/index.php?act=goods&op=comments_list&goods_id=105512 ( act=goods&op=comments_list ) 
ERR: Db Error: Unknown column 'geval_image_again' in 'where clause'
SELECT COUNT(*) AS nc_count FROM `zmkj_evaluate_goods` WHERE ( geval_goodsid = '105512' ) AND ( (geval_image <> '') OR (geval_image_again <> '') ) LIMIT 1  
