[2018-12-08 00:02:07] /shop/index.php?act=goods&goods_id=101879&op=comments_list ( act=goods&op=comments_list ) 
ERR: Db Error: Unknown column 'geval_image_again' in 'where clause'
SELECT COUNT(*) AS nc_count FROM `zmkj_evaluate_goods` WHERE ( geval_goodsid = '101879' ) AND ( (geval_image <> '') OR (geval_image_again <> '') ) LIMIT 1  
[2018-12-08 00:57:16] /shop/index.php?act=goods&goods_id=103579&op=comments_list ( act=goods&op=comments_list ) 
ERR: Db Error: Unknown column 'geval_image_again' in 'where clause'
SELECT COUNT(*) AS nc_count FROM `zmkj_evaluate_goods` WHERE ( geval_goodsid = '103579' ) AND ( (geval_image <> '') OR (geval_image_again <> '') ) LIMIT 1  
[2018-12-08 03:11:37] /shop/index.php?act=goods&goods_id=101884&op=comments_list ( act=goods&op=comments_list ) 
ERR: Db Error: Unknown column 'geval_image_again' in 'where clause'
SELECT COUNT(*) AS nc_count FROM `zmkj_evaluate_goods` WHERE ( geval_goodsid = '101884' ) AND ( (geval_image <> '') OR (geval_image_again <> '') ) LIMIT 1  
[2018-12-08 07:10:20] /shop/index.php?act=goods&op=comments_list&goods_id=100772 ( act=goods&op=comments_list ) 
ERR: Db Error: Unknown column 'geval_image_again' in 'where clause'
SELECT COUNT(*) AS nc_count FROM `zmkj_evaluate_goods` WHERE ( geval_goodsid = '100772' ) AND ( (geval_image <> '') OR (geval_image_again <> '') ) LIMIT 1  
[2018-12-08 07:13:29] /shop/index.php?act=goods&op=comments_list&goods_id=102084 ( act=goods&op=comments_list ) 
ERR: Db Error: Unknown column 'geval_image_again' in 'where clause'
SELECT COUNT(*) AS nc_count FROM `zmkj_evaluate_goods` WHERE ( geval_goodsid = '102084' ) AND ( (geval_image <> '') OR (geval_image_again <> '') ) LIMIT 1  
[2018-12-08 11:07:17] /shop/index.php?act=goods&op=comments_list&goods_id=101349 ( act=goods&op=comments_list ) 
ERR: Db Error: Unknown column 'geval_image_again' in 'where clause'
SELECT COUNT(*) AS nc_count FROM `zmkj_evaluate_goods` WHERE ( geval_goodsid = '101349' ) AND ( (geval_image <> '') OR (geval_image_again <> '') ) LIMIT 1  
[2018-12-08 11:27:42] /shop/index.php?act=goods&goods_id=107076&op=comments_list ( act=goods&op=comments_list ) 
ERR: Db Error: Unknown column 'geval_image_again' in 'where clause'
SELECT COUNT(*) AS nc_count FROM `zmkj_evaluate_goods` WHERE ( geval_goodsid = '107076' ) AND ( (geval_image <> '') OR (geval_image_again <> '') ) LIMIT 1  
[2018-12-08 11:44:23] /shop/index.php?act=goods&goods_id=105586&op=comments_list ( act=goods&op=comments_list ) 
ERR: Db Error: Unknown column 'geval_image_again' in 'where clause'
SELECT COUNT(*) AS nc_count FROM `zmkj_evaluate_goods` WHERE ( geval_goodsid = '105586' ) AND ( (geval_image <> '') OR (geval_image_again <> '') ) LIMIT 1  
[2018-12-08 11:55:17] /shop/index.php?act=goods&op=comments_list&goods_id=102708 ( act=goods&op=comments_list ) 
ERR: Db Error: Unknown column 'geval_image_again' in 'where clause'
SELECT COUNT(*) AS nc_count FROM `zmkj_evaluate_goods` WHERE ( geval_goodsid = '102708' ) AND ( (geval_image <> '') OR (geval_image_again <> '') ) LIMIT 1  
[2018-12-08 12:57:41] /shop/index.php?act=goods&op=comments_list&goods_id=104409 ( act=goods&op=comments_list ) 
ERR: Db Error: Unknown column 'geval_image_again' in 'where clause'
SELECT COUNT(*) AS nc_count FROM `zmkj_evaluate_goods` WHERE ( geval_goodsid = '104409' ) AND ( (geval_image <> '') OR (geval_image_again <> '') ) LIMIT 1  
[2018-12-08 15:14:59] /shop/index.php?act=hot_sale&op=index ( act=hot_sale&op=index ) 
ERR: Db Error: You have an error in your SQL syntax; check the manual that corresponds to your MySQL server version for the right syntax to use near ') and goods_state=1' at line 1
select * from zmkj_goods where goods_id in () and goods_state=1
[2018-12-08 15:14:59] /shop/index.php?act=hot_sale&op=index ( act=hot_sale&op=index ) 
ERR: Db Error: You have an error in your SQL syntax; check the manual that corresponds to your MySQL server version for the right syntax to use near '' at line 1
select `member_id` from zmkj_store where store_id = 
[2018-12-08 15:26:29] /shop/index.php?act=goods&op=comments_list&goods_id=104091 ( act=goods&op=comments_list ) 
ERR: Db Error: Unknown column 'geval_image_again' in 'where clause'
SELECT COUNT(*) AS nc_count FROM `zmkj_evaluate_goods` WHERE ( geval_goodsid = '104091' ) AND ( (geval_image <> '') OR (geval_image_again <> '') ) LIMIT 1  
[2018-12-08 15:31:17] /shop/index.php?act=goods&op=comments_list&goods_id=102763 ( act=goods&op=comments_list ) 
ERR: Db Error: Unknown column 'geval_image_again' in 'where clause'
SELECT COUNT(*) AS nc_count FROM `zmkj_evaluate_goods` WHERE ( geval_goodsid = '102763' ) AND ( (geval_image <> '') OR (geval_image_again <> '') ) LIMIT 1  
[2018-12-08 15:40:53] /shop/index.php?act=goods&op=comments_list&goods_id=102759 ( act=goods&op=comments_list ) 
ERR: Db Error: Unknown column 'geval_image_again' in 'where clause'
SELECT COUNT(*) AS nc_count FROM `zmkj_evaluate_goods` WHERE ( geval_goodsid = '102759' ) AND ( (geval_image <> '') OR (geval_image_again <> '') ) LIMIT 1  
[2018-12-08 16:09:41] /shop/index.php?act=goods&op=comments_list&goods_id=102758 ( act=goods&op=comments_list ) 
ERR: Db Error: Unknown column 'geval_image_again' in 'where clause'
SELECT COUNT(*) AS nc_count FROM `zmkj_evaluate_goods` WHERE ( geval_goodsid = '102758' ) AND ( (geval_image <> '') OR (geval_image_again <> '') ) LIMIT 1  
[2018-12-08 16:10:36] /shop/index.php?act=search&op=index&cate_id=1580 ( act=search&op=index ) 
ERR: Db Error: Unknown column 'gc_id_' in 'where clause'
SELECT count(distinct CONCAT(goods_commonid)) AS nc_count FROM `zmkj_goods` WHERE ( gc_id_ = '1580' ) AND ( goods_state = '1' ) AND ( goods_verify = '1' ) LIMIT 1  
[2018-12-08 16:10:40] /shop/index.php?act=search&op=index&cate_id=1577 ( act=search&op=index ) 
ERR: Db Error: Unknown column 'gc_id_' in 'where clause'
SELECT count(distinct CONCAT(goods_commonid)) AS nc_count FROM `zmkj_goods` WHERE ( gc_id_ = '1577' ) AND ( goods_state = '1' ) AND ( goods_verify = '1' ) LIMIT 1  
[2018-12-08 19:45:41] /shop/index.php?act=goods&op=comments_list&goods_id=101350 ( act=goods&op=comments_list ) 
ERR: Db Error: Unknown column 'geval_image_again' in 'where clause'
SELECT COUNT(*) AS nc_count FROM `zmkj_evaluate_goods` WHERE ( geval_goodsid = '101350' ) AND ( (geval_image <> '') OR (geval_image_again <> '') ) LIMIT 1  
[2018-12-08 20:24:05] /shop/index.php?act=goods&op=comments_list&goods_id=105865 ( act=goods&op=comments_list ) 
ERR: Db Error: Unknown column 'geval_image_again' in 'where clause'
SELECT COUNT(*) AS nc_count FROM `zmkj_evaluate_goods` WHERE ( geval_goodsid = '105865' ) AND ( (geval_image <> '') OR (geval_image_again <> '') ) LIMIT 1  
[2018-12-08 20:57:41] /shop/index.php?act=goods&op=comments_list&goods_id=105881 ( act=goods&op=comments_list ) 
ERR: Db Error: Unknown column 'geval_image_again' in 'where clause'
SELECT COUNT(*) AS nc_count FROM `zmkj_evaluate_goods` WHERE ( geval_goodsid = '105881' ) AND ( (geval_image <> '') OR (geval_image_again <> '') ) LIMIT 1  
[2018-12-08 21:45:41] /shop/index.php?act=goods&op=comments_list&goods_id=103955 ( act=goods&op=comments_list ) 
ERR: Db Error: Unknown column 'geval_image_again' in 'where clause'
SELECT COUNT(*) AS nc_count FROM `zmkj_evaluate_goods` WHERE ( geval_goodsid = '103955' ) AND ( (geval_image <> '') OR (geval_image_again <> '') ) LIMIT 1  
[2018-12-08 23:07:17] /shop/index.php?act=goods&op=comments_list&goods_id=105863 ( act=goods&op=comments_list ) 
ERR: Db Error: Unknown column 'geval_image_again' in 'where clause'
SELECT COUNT(*) AS nc_count FROM `zmkj_evaluate_goods` WHERE ( geval_goodsid = '105863' ) AND ( (geval_image <> '') OR (geval_image_again <> '') ) LIMIT 1  
[2018-12-08 23:21:41] /shop/index.php?act=goods&op=comments_list&goods_id=102609 ( act=goods&op=comments_list ) 
ERR: Db Error: Unknown column 'geval_image_again' in 'where clause'
SELECT COUNT(*) AS nc_count FROM `zmkj_evaluate_goods` WHERE ( geval_goodsid = '102609' ) AND ( (geval_image <> '') OR (geval_image_again <> '') ) LIMIT 1  
