[2018-01-20 08:35:21] /shop/index.php?act=goods&op=index&goods_id=100464 ( act=goods&op=index ) 
ERR: Db Error: Unknown column 'geval_image_again' in 'where clause'
SELECT COUNT(*) AS nc_count FROM `zmkj_evaluate_goods` WHERE ( geval_goodsid = '100464' ) AND ( (geval_image <> '') OR (geval_image_again <> '') ) LIMIT 1  
[2018-01-20 08:36:19] /shop/index.php?act=goods&op=index&goods_id=100464 ( act=goods&op=index ) 
ERR: Db Error: Unknown column 'geval_image_again' in 'where clause'
SELECT COUNT(*) AS nc_count FROM `zmkj_evaluate_goods` WHERE ( geval_goodsid = '100464' ) AND ( (geval_image <> '') OR (geval_image_again <> '') ) LIMIT 1  
[2018-01-20 08:36:19] /shop/index.php?act=goods&op=index&goods_id=100518 ( act=goods&op=index ) 
ERR: Db Error: Unknown column 'geval_image_again' in 'where clause'
SELECT COUNT(*) AS nc_count FROM `zmkj_evaluate_goods` WHERE ( geval_goodsid = '100518' ) AND ( (geval_image <> '') OR (geval_image_again <> '') ) LIMIT 1  
[2018-01-20 08:37:17] /shop/index.php?act=goods&op=index&goods_id=100518 ( act=goods&op=index ) 
ERR: Db Error: Unknown column 'geval_image_again' in 'where clause'
SELECT COUNT(*) AS nc_count FROM `zmkj_evaluate_goods` WHERE ( geval_goodsid = '100518' ) AND ( (geval_image <> '') OR (geval_image_again <> '') ) LIMIT 1  
[2018-01-20 08:38:05] /shop/index.php?act=goods&op=index&goods_id=100505 ( act=goods&op=index ) 
ERR: Db Error: Unknown column 'geval_image_again' in 'where clause'
SELECT COUNT(*) AS nc_count FROM `zmkj_evaluate_goods` WHERE ( geval_goodsid = '100505' ) AND ( (geval_image <> '') OR (geval_image_again <> '') ) LIMIT 1  
[2018-01-20 08:38:16] /shop/index.php?act=goods&op=index&goods_id=100504 ( act=goods&op=index ) 
ERR: Db Error: Unknown column 'geval_image_again' in 'where clause'
SELECT COUNT(*) AS nc_count FROM `zmkj_evaluate_goods` WHERE ( geval_goodsid = '100504' ) AND ( (geval_image <> '') OR (geval_image_again <> '') ) LIMIT 1  
[2018-01-20 08:39:03] /shop/index.php?act=goods&op=index&goods_id=100505 ( act=goods&op=index ) 
ERR: Db Error: Unknown column 'geval_image_again' in 'where clause'
SELECT COUNT(*) AS nc_count FROM `zmkj_evaluate_goods` WHERE ( geval_goodsid = '100505' ) AND ( (geval_image <> '') OR (geval_image_again <> '') ) LIMIT 1  
[2018-01-20 08:39:14] /shop/index.php?act=goods&op=index&goods_id=100504 ( act=goods&op=index ) 
ERR: Db Error: Unknown column 'geval_image_again' in 'where clause'
SELECT COUNT(*) AS nc_count FROM `zmkj_evaluate_goods` WHERE ( geval_goodsid = '100504' ) AND ( (geval_image <> '') OR (geval_image_again <> '') ) LIMIT 1  
[2018-01-20 08:43:07] /shop/index.php?act=goods&op=index&goods_id=100506 ( act=goods&op=index ) 
ERR: Db Error: Unknown column 'geval_image_again' in 'where clause'
SELECT COUNT(*) AS nc_count FROM `zmkj_evaluate_goods` WHERE ( geval_goodsid = '100506' ) AND ( (geval_image <> '') OR (geval_image_again <> '') ) LIMIT 1  
[2018-01-20 08:50:44] /shop/index.php?act=goods&op=index&goods_id=100507 ( act=goods&op=index ) 
ERR: Db Error: Unknown column 'geval_image_again' in 'where clause'
SELECT COUNT(*) AS nc_count FROM `zmkj_evaluate_goods` WHERE ( geval_goodsid = '100507' ) AND ( (geval_image <> '') OR (geval_image_again <> '') ) LIMIT 1  
[2018-01-20 09:14:07] /shop/index.php?act=goods&op=index&goods_id=100529 ( act=goods&op=index ) 
ERR: Db Error: Unknown column 'geval_image_again' in 'where clause'
SELECT COUNT(*) AS nc_count FROM `zmkj_evaluate_goods` WHERE ( geval_goodsid = '100529' ) AND ( (geval_image <> '') OR (geval_image_again <> '') ) LIMIT 1  
[2018-01-20 09:14:52] /shop/index.php?act=goods&op=index&goods_id=100530 ( act=goods&op=index ) 
ERR: Db Error: Unknown column 'geval_image_again' in 'where clause'
SELECT COUNT(*) AS nc_count FROM `zmkj_evaluate_goods` WHERE ( geval_goodsid = '100530' ) AND ( (geval_image <> '') OR (geval_image_again <> '') ) LIMIT 1  
[2018-01-20 09:15:10] /shop/index.php?act=goods&op=index&goods_id=100529 ( act=goods&op=index ) 
ERR: Db Error: Unknown column 'geval_image_again' in 'where clause'
SELECT COUNT(*) AS nc_count FROM `zmkj_evaluate_goods` WHERE ( geval_goodsid = '100529' ) AND ( (geval_image <> '') OR (geval_image_again <> '') ) LIMIT 1  
[2018-01-20 09:15:24] /shop/index.php?act=goods&op=index&goods_id=100492 ( act=goods&op=index ) 
ERR: Db Error: Unknown column 'geval_image_again' in 'where clause'
SELECT COUNT(*) AS nc_count FROM `zmkj_evaluate_goods` WHERE ( geval_goodsid = '100492' ) AND ( (geval_image <> '') OR (geval_image_again <> '') ) LIMIT 1  
[2018-01-20 09:15:30] /shop/index.php?act=goods&op=index&goods_id=100490 ( act=goods&op=index ) 
ERR: Db Error: Unknown column 'geval_image_again' in 'where clause'
SELECT COUNT(*) AS nc_count FROM `zmkj_evaluate_goods` WHERE ( geval_goodsid = '100490' ) AND ( (geval_image <> '') OR (geval_image_again <> '') ) LIMIT 1  
[2018-01-20 09:16:28] /shop/index.php?act=goods&op=index&goods_id=100490 ( act=goods&op=index ) 
ERR: Db Error: Unknown column 'geval_image_again' in 'where clause'
SELECT COUNT(*) AS nc_count FROM `zmkj_evaluate_goods` WHERE ( geval_goodsid = '100490' ) AND ( (geval_image <> '') OR (geval_image_again <> '') ) LIMIT 1  
[2018-01-20 09:16:45] /shop/index.php?act=goods&op=index&goods_id=100491 ( act=goods&op=index ) 
ERR: Db Error: Unknown column 'geval_image_again' in 'where clause'
SELECT COUNT(*) AS nc_count FROM `zmkj_evaluate_goods` WHERE ( geval_goodsid = '100491' ) AND ( (geval_image <> '') OR (geval_image_again <> '') ) LIMIT 1  
[2018-01-20 09:17:31] /shop/index.php?act=goods&op=index&goods_id=100529 ( act=goods&op=index ) 
ERR: Db Error: Unknown column 'geval_image_again' in 'where clause'
SELECT COUNT(*) AS nc_count FROM `zmkj_evaluate_goods` WHERE ( geval_goodsid = '100529' ) AND ( (geval_image <> '') OR (geval_image_again <> '') ) LIMIT 1  
[2018-01-20 09:19:12] /shop/index.php?act=goods&op=index&goods_id=100529 ( act=goods&op=index ) 
ERR: Db Error: Unknown column 'geval_image_again' in 'where clause'
SELECT COUNT(*) AS nc_count FROM `zmkj_evaluate_goods` WHERE ( geval_goodsid = '100529' ) AND ( (geval_image <> '') OR (geval_image_again <> '') ) LIMIT 1  
[2018-01-20 09:19:17] /shop/index.php?act=goods&op=index&goods_id=100528 ( act=goods&op=index ) 
ERR: Db Error: Unknown column 'geval_image_again' in 'where clause'
SELECT COUNT(*) AS nc_count FROM `zmkj_evaluate_goods` WHERE ( geval_goodsid = '100528' ) AND ( (geval_image <> '') OR (geval_image_again <> '') ) LIMIT 1  
[2018-01-20 09:19:28] /shop/index.php?act=goods&op=index&goods_id=100524 ( act=goods&op=index ) 
ERR: Db Error: Unknown column 'geval_image_again' in 'where clause'
SELECT COUNT(*) AS nc_count FROM `zmkj_evaluate_goods` WHERE ( geval_goodsid = '100524' ) AND ( (geval_image <> '') OR (geval_image_again <> '') ) LIMIT 1  
[2018-01-20 09:19:41] /shop/index.php?act=goods&op=index&goods_id=100523 ( act=goods&op=index ) 
ERR: Db Error: Unknown column 'geval_image_again' in 'where clause'
SELECT COUNT(*) AS nc_count FROM `zmkj_evaluate_goods` WHERE ( geval_goodsid = '100523' ) AND ( (geval_image <> '') OR (geval_image_again <> '') ) LIMIT 1  
[2018-01-20 09:20:00] /shop/index.php?act=goods&op=index&goods_id=100522 ( act=goods&op=index ) 
ERR: Db Error: Unknown column 'geval_image_again' in 'where clause'
SELECT COUNT(*) AS nc_count FROM `zmkj_evaluate_goods` WHERE ( geval_goodsid = '100522' ) AND ( (geval_image <> '') OR (geval_image_again <> '') ) LIMIT 1  
[2018-01-20 09:35:36] /shop/index.php?act=goods&op=index&goods_id=100531 ( act=goods&op=index ) 
ERR: Db Error: Unknown column 'geval_image_again' in 'where clause'
SELECT COUNT(*) AS nc_count FROM `zmkj_evaluate_goods` WHERE ( geval_goodsid = '100531' ) AND ( (geval_image <> '') OR (geval_image_again <> '') ) LIMIT 1  
[2018-01-20 09:36:49] /shop/index.php?act=goods&op=index&goods_id=100531 ( act=goods&op=index ) 
ERR: Db Error: Unknown column 'geval_image_again' in 'where clause'
SELECT COUNT(*) AS nc_count FROM `zmkj_evaluate_goods` WHERE ( geval_goodsid = '100531' ) AND ( (geval_image <> '') OR (geval_image_again <> '') ) LIMIT 1  
[2018-01-20 09:37:13] /shop/index.php?act=goods&op=index&goods_id=100531 ( act=goods&op=index ) 
ERR: Db Error: Unknown column 'geval_image_again' in 'where clause'
SELECT COUNT(*) AS nc_count FROM `zmkj_evaluate_goods` WHERE ( geval_goodsid = '100531' ) AND ( (geval_image <> '') OR (geval_image_again <> '') ) LIMIT 1  
[2018-01-20 09:44:42] /shop/index.php?act=goods&op=index&goods_id=100532 ( act=goods&op=index ) 
ERR: Db Error: Unknown column 'geval_image_again' in 'where clause'
SELECT COUNT(*) AS nc_count FROM `zmkj_evaluate_goods` WHERE ( geval_goodsid = '100532' ) AND ( (geval_image <> '') OR (geval_image_again <> '') ) LIMIT 1  
[2018-01-20 09:47:00] /shop/index.php?act=goods&op=index&goods_id=100532 ( act=goods&op=index ) 
ERR: Db Error: Unknown column 'geval_image_again' in 'where clause'
SELECT COUNT(*) AS nc_count FROM `zmkj_evaluate_goods` WHERE ( geval_goodsid = '100532' ) AND ( (geval_image <> '') OR (geval_image_again <> '') ) LIMIT 1  
[2018-01-20 09:48:15] /shop/index.php?act=goods&op=index&goods_id=100533 ( act=goods&op=index ) 
ERR: Db Error: Unknown column 'geval_image_again' in 'where clause'
SELECT COUNT(*) AS nc_count FROM `zmkj_evaluate_goods` WHERE ( geval_goodsid = '100533' ) AND ( (geval_image <> '') OR (geval_image_again <> '') ) LIMIT 1  
[2018-01-20 09:49:10] /shop/index.php?act=goods&op=index&goods_id=100533 ( act=goods&op=index ) 
ERR: Db Error: Unknown column 'geval_image_again' in 'where clause'
SELECT COUNT(*) AS nc_count FROM `zmkj_evaluate_goods` WHERE ( geval_goodsid = '100533' ) AND ( (geval_image <> '') OR (geval_image_again <> '') ) LIMIT 1  
[2018-01-20 09:49:13] /shop/index.php?act=goods&op=index&goods_id=100533 ( act=goods&op=index ) 
ERR: Db Error: Unknown column 'geval_image_again' in 'where clause'
SELECT COUNT(*) AS nc_count FROM `zmkj_evaluate_goods` WHERE ( geval_goodsid = '100533' ) AND ( (geval_image <> '') OR (geval_image_again <> '') ) LIMIT 1  
[2018-01-20 09:50:14] /shop/index.php?act=goods&op=index&goods_id=100537 ( act=goods&op=index ) 
ERR: Db Error: Unknown column 'geval_image_again' in 'where clause'
SELECT COUNT(*) AS nc_count FROM `zmkj_evaluate_goods` WHERE ( geval_goodsid = '100537' ) AND ( (geval_image <> '') OR (geval_image_again <> '') ) LIMIT 1  
[2018-01-20 09:50:30] /shop/index.php?act=goods&op=index&goods_id=100537 ( act=goods&op=index ) 
ERR: Db Error: Unknown column 'geval_image_again' in 'where clause'
SELECT COUNT(*) AS nc_count FROM `zmkj_evaluate_goods` WHERE ( geval_goodsid = '100537' ) AND ( (geval_image <> '') OR (geval_image_again <> '') ) LIMIT 1  
[2018-01-20 09:50:58] /shop/index.php?act=goods&op=index&goods_id=100538 ( act=goods&op=index ) 
ERR: Db Error: Unknown column 'geval_image_again' in 'where clause'
SELECT COUNT(*) AS nc_count FROM `zmkj_evaluate_goods` WHERE ( geval_goodsid = '100538' ) AND ( (geval_image <> '') OR (geval_image_again <> '') ) LIMIT 1  
[2018-01-20 09:52:08] /shop/index.php?act=goods&op=index&goods_id=100537 ( act=goods&op=index ) 
ERR: Db Error: Unknown column 'geval_image_again' in 'where clause'
SELECT COUNT(*) AS nc_count FROM `zmkj_evaluate_goods` WHERE ( geval_goodsid = '100537' ) AND ( (geval_image <> '') OR (geval_image_again <> '') ) LIMIT 1  
[2018-01-20 10:02:13] /shop/index.php?act=goods&op=index&goods_id=100539 ( act=goods&op=index ) 
ERR: Db Error: Unknown column 'geval_image_again' in 'where clause'
SELECT COUNT(*) AS nc_count FROM `zmkj_evaluate_goods` WHERE ( geval_goodsid = '100539' ) AND ( (geval_image <> '') OR (geval_image_again <> '') ) LIMIT 1  
[2018-01-20 10:03:18] /shop/index.php?act=goods&op=index&goods_id=100539 ( act=goods&op=index ) 
ERR: Db Error: Unknown column 'geval_image_again' in 'where clause'
SELECT COUNT(*) AS nc_count FROM `zmkj_evaluate_goods` WHERE ( geval_goodsid = '100539' ) AND ( (geval_image <> '') OR (geval_image_again <> '') ) LIMIT 1  
[2018-01-20 10:04:10] /shop/index.php?act=goods&op=index&goods_id=100539 ( act=goods&op=index ) 
ERR: Db Error: Unknown column 'geval_image_again' in 'where clause'
SELECT COUNT(*) AS nc_count FROM `zmkj_evaluate_goods` WHERE ( geval_goodsid = '100539' ) AND ( (geval_image <> '') OR (geval_image_again <> '') ) LIMIT 1  
[2018-01-20 10:10:36] /shop/index.php?act=goods&op=index&goods_id=100539 ( act=goods&op=index ) 
ERR: Db Error: Unknown column 'geval_image_again' in 'where clause'
SELECT COUNT(*) AS nc_count FROM `zmkj_evaluate_goods` WHERE ( geval_goodsid = '100539' ) AND ( (geval_image <> '') OR (geval_image_again <> '') ) LIMIT 1  
[2018-01-20 10:23:32] /shop/index.php?act=goods&op=index&goods_id=100540 ( act=goods&op=index ) 
ERR: Db Error: Unknown column 'geval_image_again' in 'where clause'
SELECT COUNT(*) AS nc_count FROM `zmkj_evaluate_goods` WHERE ( geval_goodsid = '100540' ) AND ( (geval_image <> '') OR (geval_image_again <> '') ) LIMIT 1  
[2018-01-20 10:24:44] /shop/index.php?act=goods&op=index&goods_id=100540 ( act=goods&op=index ) 
ERR: Db Error: Unknown column 'geval_image_again' in 'where clause'
SELECT COUNT(*) AS nc_count FROM `zmkj_evaluate_goods` WHERE ( geval_goodsid = '100540' ) AND ( (geval_image <> '') OR (geval_image_again <> '') ) LIMIT 1  
[2018-01-20 10:25:13] /shop/index.php?act=goods&op=index&goods_id=100541 ( act=goods&op=index ) 
ERR: Db Error: Unknown column 'geval_image_again' in 'where clause'
SELECT COUNT(*) AS nc_count FROM `zmkj_evaluate_goods` WHERE ( geval_goodsid = '100541' ) AND ( (geval_image <> '') OR (geval_image_again <> '') ) LIMIT 1  
[2018-01-20 10:29:28] /shop/index.php?act=goods&op=index&goods_id=100540 ( act=goods&op=index ) 
ERR: Db Error: Unknown column 'geval_image_again' in 'where clause'
SELECT COUNT(*) AS nc_count FROM `zmkj_evaluate_goods` WHERE ( geval_goodsid = '100540' ) AND ( (geval_image <> '') OR (geval_image_again <> '') ) LIMIT 1  
[2018-01-20 10:34:11] /mobile/index.php?act=goods&op=goods_list&keyword=%E6%89%93%E5%8D%B0%E6%9C%BA&page=10&curpage=1&keyword=%E6%89%93%E5%8D%B0%E6%9C%BA ( act=goods&op=goods_list ) 
ERR: Db Error: Unknown column 'nc_distinct' in 'group statement'
SELECT COUNT(*) AS nc_count FROM `zmkj_goods_common` WHERE ( store_id = '51' ) AND ( goods_state = '1' ) AND ( goods_verify = '1' ) GROUP BY nc_distinct ORDER BY is_own_shop desc,goods_id desc LIMIT 1  
[2018-01-20 10:34:16] /mobile/index.php?act=goods&op=goods_detail&goods_id=100510&key= ( act=goods&op=goods_detail ) 
ERR: Db Error: Unknown column 'geval_image_again' in 'where clause'
SELECT COUNT(*) AS nc_count FROM `zmkj_evaluate_goods` WHERE ( geval_goodsid = '100510' ) AND ( (geval_image <> '') OR (geval_image_again <> '') ) LIMIT 1  
[2018-01-20 10:34:25] /mobile/index.php?act=goods&op=goods_detail&goods_id=100534&key= ( act=goods&op=goods_detail ) 
ERR: Db Error: Unknown column 'geval_image_again' in 'where clause'
SELECT COUNT(*) AS nc_count FROM `zmkj_evaluate_goods` WHERE ( geval_goodsid = '100534' ) AND ( (geval_image <> '') OR (geval_image_again <> '') ) LIMIT 1  
[2018-01-20 10:34:36] /mobile/index.php?act=goods&op=goods_detail&goods_id=100510&key= ( act=goods&op=goods_detail ) 
ERR: Db Error: Unknown column 'geval_image_again' in 'where clause'
SELECT COUNT(*) AS nc_count FROM `zmkj_evaluate_goods` WHERE ( geval_goodsid = '100510' ) AND ( (geval_image <> '') OR (geval_image_again <> '') ) LIMIT 1  
[2018-01-20 10:35:12] /mobile/index.php?act=goods&op=goods_list&gc_id=1286&page=10&curpage=1&gc_id=1286 ( act=goods&op=goods_list ) 
ERR: Db Error: Unknown column 'nc_distinct' in 'group statement'
SELECT COUNT(*) AS nc_count FROM `zmkj_goods_common` WHERE ( store_id = '51' ) AND ( goods_state = '1' ) AND ( goods_verify = '1' ) GROUP BY nc_distinct ORDER BY is_own_shop desc,goods_id desc LIMIT 1  
[2018-01-20 10:35:14] /mobile/index.php?act=goods&op=goods_detail&goods_id=100490&key= ( act=goods&op=goods_detail ) 
ERR: Db Error: Unknown column 'geval_image_again' in 'where clause'
SELECT COUNT(*) AS nc_count FROM `zmkj_evaluate_goods` WHERE ( geval_goodsid = '100490' ) AND ( (geval_image <> '') OR (geval_image_again <> '') ) LIMIT 1  
[2018-01-20 10:37:08] /shop/index.php?act=goods&op=index&goods_id=100542 ( act=goods&op=index ) 
ERR: Db Error: Unknown column 'geval_image_again' in 'where clause'
SELECT COUNT(*) AS nc_count FROM `zmkj_evaluate_goods` WHERE ( geval_goodsid = '100542' ) AND ( (geval_image <> '') OR (geval_image_again <> '') ) LIMIT 1  
[2018-01-20 10:46:19] /shop/index.php?act=goods&op=index&goods_id=100544 ( act=goods&op=index ) 
ERR: Db Error: Unknown column 'geval_image_again' in 'where clause'
SELECT COUNT(*) AS nc_count FROM `zmkj_evaluate_goods` WHERE ( geval_goodsid = '100544' ) AND ( (geval_image <> '') OR (geval_image_again <> '') ) LIMIT 1  
[2018-01-20 10:46:36] /shop/index.php?act=goods&op=index&goods_id=100543 ( act=goods&op=index ) 
ERR: Db Error: Unknown column 'geval_image_again' in 'where clause'
SELECT COUNT(*) AS nc_count FROM `zmkj_evaluate_goods` WHERE ( geval_goodsid = '100543' ) AND ( (geval_image <> '') OR (geval_image_again <> '') ) LIMIT 1  
[2018-01-20 10:48:07] /shop/index.php?act=goods&op=index&goods_id=100543 ( act=goods&op=index ) 
ERR: Db Error: Unknown column 'geval_image_again' in 'where clause'
SELECT COUNT(*) AS nc_count FROM `zmkj_evaluate_goods` WHERE ( geval_goodsid = '100543' ) AND ( (geval_image <> '') OR (geval_image_again <> '') ) LIMIT 1  
[2018-01-20 10:50:20] /shop/index.php?act=store_goods_add&op=save_goods ( act=store_goods_add&op=save_goods ) 
ERR: Db Error: You have an error in your SQL syntax; check the manual that corresponds to your MySQL server version for the right syntax to use near ''1','1','1516416620','1516416620','1','36','0','0','0','0','1','','0','0','0','0' at line 1
INSERT  INTO `zmkj_goods` (goods_commonid,goods_name,goods_jingle,store_id,store_name,gc_id,gc_id_1,gc_id_2,gc_id_3,brand_id,goods_price,goods_promotion_price,goods_marketprice,goods_serial,goods_storage_alarm,goods_spec,goods_storage,goods_image,goods_state,goods_verify,goods_addtime,goods_edittime,areaid_1,areaid_2,color_id,transport_id,goods_freight,goods_vat,goods_commend,goods_stcids,is_virtual,virtual_indate,virtual_limit,virtual_invalid_refund,is_fcode,is_appoint,is_presell,is_own_shop) VALUES ('100563','利发爱尔车载净化器高效版LAC50 黑色 LAC50','拥有双高CADR、复合滤芯、人性化设计的全智能车载空气净化器。','52','北京亚都环保科技有限公司','1722','1124','1720','1722','417','1200','1200','1500','','0','a:2:{i:588;s:6:\"黑色\";i:578;s:5:\"LAC50\";}','500',,'1','1','1516416620','1516416620','1','36','0','0','0','0','1','','0','0','0','0','0','0','0','0')
[2018-01-20 10:52:27] /shop/index.php?act=goods&op=index&goods_id=100545 ( act=goods&op=index ) 
ERR: Db Error: Unknown column 'geval_image_again' in 'where clause'
SELECT COUNT(*) AS nc_count FROM `zmkj_evaluate_goods` WHERE ( geval_goodsid = '100545' ) AND ( (geval_image <> '') OR (geval_image_again <> '') ) LIMIT 1  
[2018-01-20 10:53:25] /shop/index.php?act=goods&op=index&goods_id=100545 ( act=goods&op=index ) 
ERR: Db Error: Unknown column 'geval_image_again' in 'where clause'
SELECT COUNT(*) AS nc_count FROM `zmkj_evaluate_goods` WHERE ( geval_goodsid = '100545' ) AND ( (geval_image <> '') OR (geval_image_again <> '') ) LIMIT 1  
[2018-01-20 10:54:24] /shop/index.php?act=goods&op=index&goods_id=100546 ( act=goods&op=index ) 
ERR: Db Error: Unknown column 'geval_image_again' in 'where clause'
SELECT COUNT(*) AS nc_count FROM `zmkj_evaluate_goods` WHERE ( geval_goodsid = '100546' ) AND ( (geval_image <> '') OR (geval_image_again <> '') ) LIMIT 1  
[2018-01-20 10:56:58] /mobile/index.php?act=goods&op=goods_list&gc_id=1260&page=10&curpage=1&gc_id=1260 ( act=goods&op=goods_list ) 
ERR: Db Error: Unknown column 'nc_distinct' in 'group statement'
SELECT COUNT(*) AS nc_count FROM `zmkj_goods_common` WHERE ( store_id = '51' ) AND ( goods_state = '1' ) AND ( goods_verify = '1' ) GROUP BY nc_distinct ORDER BY is_own_shop desc,goods_id desc LIMIT 1  
[2018-01-20 10:57:15] /mobile/index.php?act=goods&op=goods_list&gc_id=1406&page=10&curpage=1&gc_id=1406 ( act=goods&op=goods_list ) 
ERR: Db Error: Unknown column 'nc_distinct' in 'group statement'
SELECT COUNT(*) AS nc_count FROM `zmkj_goods_common` WHERE ( store_id = '47' ) AND ( goods_state = '1' ) AND ( goods_verify = '1' ) GROUP BY nc_distinct ORDER BY is_own_shop desc,goods_id desc LIMIT 1  
[2018-01-20 10:57:54] /mobile/index.php?act=goods&op=goods_list&gc_id=1720&page=10&curpage=1&gc_id=1720 ( act=goods&op=goods_list ) 
ERR: Db Error: Unknown column 'nc_distinct' in 'group statement'
SELECT COUNT(*) AS nc_count FROM `zmkj_goods_common` WHERE ( store_id = '52' ) AND ( goods_state = '1' ) AND ( goods_verify = '1' ) GROUP BY nc_distinct ORDER BY is_own_shop desc,goods_id desc LIMIT 1  
[2018-01-20 10:58:19] /mobile/index.php?act=goods&op=goods_detail&goods_id=100545&key= ( act=goods&op=goods_detail ) 
ERR: Db Error: Unknown column 'geval_image_again' in 'where clause'
SELECT COUNT(*) AS nc_count FROM `zmkj_evaluate_goods` WHERE ( geval_goodsid = '100545' ) AND ( (geval_image <> '') OR (geval_image_again <> '') ) LIMIT 1  
[2018-01-20 11:03:44] /mobile/index.php?act=goods&op=goods_detail&goods_id=100476&key= ( act=goods&op=goods_detail ) 
ERR: Db Error: Unknown column 'geval_image_again' in 'where clause'
SELECT COUNT(*) AS nc_count FROM `zmkj_evaluate_goods` WHERE ( geval_goodsid = '100476' ) AND ( (geval_image <> '') OR (geval_image_again <> '') ) LIMIT 1  
[2018-01-20 11:04:01] /mobile/index.php?act=goods&op=goods_detail&goods_id=100476&key= ( act=goods&op=goods_detail ) 
ERR: Db Error: Unknown column 'geval_image_again' in 'where clause'
SELECT COUNT(*) AS nc_count FROM `zmkj_evaluate_goods` WHERE ( geval_goodsid = '100476' ) AND ( (geval_image <> '') OR (geval_image_again <> '') ) LIMIT 1  
[2018-01-20 11:04:17] /shop/index.php?act=goods&op=index&goods_id=100451 ( act=goods&op=index ) 
ERR: Db Error: Unknown column 'geval_image_again' in 'where clause'
SELECT COUNT(*) AS nc_count FROM `zmkj_evaluate_goods` WHERE ( geval_goodsid = '100451' ) AND ( (geval_image <> '') OR (geval_image_again <> '') ) LIMIT 1  
[2018-01-20 11:04:22] /shop/index.php?act=goods&op=index&goods_id=100476 ( act=goods&op=index ) 
ERR: Db Error: Unknown column 'geval_image_again' in 'where clause'
SELECT COUNT(*) AS nc_count FROM `zmkj_evaluate_goods` WHERE ( geval_goodsid = '100476' ) AND ( (geval_image <> '') OR (geval_image_again <> '') ) LIMIT 1  
[2018-01-20 11:04:47] /shop/index.php?act=goods&op=index&goods_id=100479 ( act=goods&op=index ) 
ERR: Db Error: Unknown column 'geval_image_again' in 'where clause'
SELECT COUNT(*) AS nc_count FROM `zmkj_evaluate_goods` WHERE ( geval_goodsid = '100479' ) AND ( (geval_image <> '') OR (geval_image_again <> '') ) LIMIT 1  
[2018-01-20 11:05:20] /shop/index.php?act=goods&op=index&goods_id=100476 ( act=goods&op=index ) 
ERR: Db Error: Unknown column 'geval_image_again' in 'where clause'
SELECT COUNT(*) AS nc_count FROM `zmkj_evaluate_goods` WHERE ( geval_goodsid = '100476' ) AND ( (geval_image <> '') OR (geval_image_again <> '') ) LIMIT 1  
[2018-01-20 11:05:44] /shop/index.php?act=goods&op=index&goods_id=100479 ( act=goods&op=index ) 
ERR: Db Error: Unknown column 'geval_image_again' in 'where clause'
SELECT COUNT(*) AS nc_count FROM `zmkj_evaluate_goods` WHERE ( geval_goodsid = '100479' ) AND ( (geval_image <> '') OR (geval_image_again <> '') ) LIMIT 1  
[2018-01-20 11:06:02] /shop/index.php?act=goods&op=index&goods_id=100547 ( act=goods&op=index ) 
ERR: Db Error: Unknown column 'geval_image_again' in 'where clause'
SELECT COUNT(*) AS nc_count FROM `zmkj_evaluate_goods` WHERE ( geval_goodsid = '100547' ) AND ( (geval_image <> '') OR (geval_image_again <> '') ) LIMIT 1  
[2018-01-20 11:06:57] /shop/index.php?act=goods&op=index&goods_id=100547 ( act=goods&op=index ) 
ERR: Db Error: Unknown column 'geval_image_again' in 'where clause'
SELECT COUNT(*) AS nc_count FROM `zmkj_evaluate_goods` WHERE ( geval_goodsid = '100547' ) AND ( (geval_image <> '') OR (geval_image_again <> '') ) LIMIT 1  
[2018-01-20 11:09:32] /shop/index.php?act=goods&op=index&goods_id=100545 ( act=goods&op=index ) 
ERR: Db Error: Unknown column 'geval_image_again' in 'where clause'
SELECT COUNT(*) AS nc_count FROM `zmkj_evaluate_goods` WHERE ( geval_goodsid = '100545' ) AND ( (geval_image <> '') OR (geval_image_again <> '') ) LIMIT 1  
[2018-01-20 11:10:58] /shop/index.php?act=goods&op=index&goods_id=100451 ( act=goods&op=index ) 
ERR: Db Error: Unknown column 'geval_image_again' in 'where clause'
SELECT COUNT(*) AS nc_count FROM `zmkj_evaluate_goods` WHERE ( geval_goodsid = '100451' ) AND ( (geval_image <> '') OR (geval_image_again <> '') ) LIMIT 1  
[2018-01-20 11:17:35] /shop/index.php?act=goods&op=index&goods_id=100549 ( act=goods&op=index ) 
ERR: Db Error: Unknown column 'geval_image_again' in 'where clause'
SELECT COUNT(*) AS nc_count FROM `zmkj_evaluate_goods` WHERE ( geval_goodsid = '100549' ) AND ( (geval_image <> '') OR (geval_image_again <> '') ) LIMIT 1  
[2018-01-20 11:25:49] /shop/index.php?act=goods&op=index&goods_id=100548 ( act=goods&op=index ) 
ERR: Db Error: Unknown column 'geval_image_again' in 'where clause'
SELECT COUNT(*) AS nc_count FROM `zmkj_evaluate_goods` WHERE ( geval_goodsid = '100548' ) AND ( (geval_image <> '') OR (geval_image_again <> '') ) LIMIT 1  
[2018-01-20 11:26:14] /shop/index.php?act=goods&op=index&goods_id=100548 ( act=goods&op=index ) 
ERR: Db Error: Unknown column 'geval_image_again' in 'where clause'
SELECT COUNT(*) AS nc_count FROM `zmkj_evaluate_goods` WHERE ( geval_goodsid = '100548' ) AND ( (geval_image <> '') OR (geval_image_again <> '') ) LIMIT 1  
[2018-01-20 11:28:20] /shop/index.php?act=goods&op=index&goods_id=100480 ( act=goods&op=index ) 
ERR: Db Error: Unknown column 'geval_image_again' in 'where clause'
SELECT COUNT(*) AS nc_count FROM `zmkj_evaluate_goods` WHERE ( geval_goodsid = '100480' ) AND ( (geval_image <> '') OR (geval_image_again <> '') ) LIMIT 1  
[2018-01-20 11:29:09] /shop/index.php?act=goods&goods_id=100478 ( act=goods&op=index ) 
ERR: Db Error: Unknown column 'geval_image_again' in 'where clause'
SELECT COUNT(*) AS nc_count FROM `zmkj_evaluate_goods` WHERE ( geval_goodsid = '100478' ) AND ( (geval_image <> '') OR (geval_image_again <> '') ) LIMIT 1  
[2018-01-20 11:29:49] /shop/index.php?act=goods&op=index&goods_id=100550 ( act=goods&op=index ) 
ERR: Db Error: Unknown column 'geval_image_again' in 'where clause'
SELECT COUNT(*) AS nc_count FROM `zmkj_evaluate_goods` WHERE ( geval_goodsid = '100550' ) AND ( (geval_image <> '') OR (geval_image_again <> '') ) LIMIT 1  
[2018-01-20 11:31:10] /shop/index.php?act=goods&op=index&goods_id=100550 ( act=goods&op=index ) 
ERR: Db Error: Unknown column 'geval_image_again' in 'where clause'
SELECT COUNT(*) AS nc_count FROM `zmkj_evaluate_goods` WHERE ( geval_goodsid = '100550' ) AND ( (geval_image <> '') OR (geval_image_again <> '') ) LIMIT 1  
[2018-01-20 11:38:11] /shop/index.php?act=goods&op=index&goods_id=100551 ( act=goods&op=index ) 
ERR: Db Error: Unknown column 'geval_image_again' in 'where clause'
SELECT COUNT(*) AS nc_count FROM `zmkj_evaluate_goods` WHERE ( geval_goodsid = '100551' ) AND ( (geval_image <> '') OR (geval_image_again <> '') ) LIMIT 1  
[2018-01-20 11:49:08] /shop/index.php?act=goods&op=index&goods_id=100552 ( act=goods&op=index ) 
ERR: Db Error: Unknown column 'geval_image_again' in 'where clause'
SELECT COUNT(*) AS nc_count FROM `zmkj_evaluate_goods` WHERE ( geval_goodsid = '100552' ) AND ( (geval_image <> '') OR (geval_image_again <> '') ) LIMIT 1  
[2018-01-20 12:00:33] /shop/index.php?act=goods&op=index&goods_id=100503 ( act=goods&op=index ) 
ERR: Db Error: Unknown column 'geval_image_again' in 'where clause'
SELECT COUNT(*) AS nc_count FROM `zmkj_evaluate_goods` WHERE ( geval_goodsid = '100503' ) AND ( (geval_image <> '') OR (geval_image_again <> '') ) LIMIT 1  
[2018-01-20 12:00:38] /shop/index.php?act=goods&op=index&goods_id=100502 ( act=goods&op=index ) 
ERR: Db Error: Unknown column 'geval_image_again' in 'where clause'
SELECT COUNT(*) AS nc_count FROM `zmkj_evaluate_goods` WHERE ( geval_goodsid = '100502' ) AND ( (geval_image <> '') OR (geval_image_again <> '') ) LIMIT 1  
[2018-01-20 12:01:06] /shop/index.php?act=goods&op=index&goods_id=100502 ( act=goods&op=index ) 
ERR: Db Error: Unknown column 'geval_image_again' in 'where clause'
SELECT COUNT(*) AS nc_count FROM `zmkj_evaluate_goods` WHERE ( geval_goodsid = '100502' ) AND ( (geval_image <> '') OR (geval_image_again <> '') ) LIMIT 1  
[2018-01-20 12:56:30] /shop/index.php?act=goods&goods_id=100302&op=index ( act=goods&op=index ) 
ERR: Db Error: Unknown column 'geval_image_again' in 'where clause'
SELECT COUNT(*) AS nc_count FROM `zmkj_evaluate_goods` WHERE ( geval_goodsid = '100302' ) AND ( (geval_image <> '') OR (geval_image_again <> '') ) LIMIT 1  
[2018-01-20 13:38:30] /shop/index.php?act=goods&goods_id=100155&op=index ( act=goods&op=index ) 
ERR: Db Error: Unknown column 'geval_image_again' in 'where clause'
SELECT COUNT(*) AS nc_count FROM `zmkj_evaluate_goods` WHERE ( geval_goodsid = '100155' ) AND ( (geval_image <> '') OR (geval_image_again <> '') ) LIMIT 1  
[2018-01-20 14:09:13] /shop/index.php?act=store_goods_add&op=save_goods ( act=store_goods_add&op=save_goods ) 
ERR: Db Error: You have an error in your SQL syntax; check the manual that corresponds to your MySQL server version for the right syntax to use near ''1','1','1516428553','1516428553','0','0','0','0','0','0','1','','0','0','0','0'' at line 1
INSERT  INTO `zmkj_goods` (goods_commonid,goods_name,goods_jingle,store_id,store_name,gc_id,gc_id_1,gc_id_2,gc_id_3,brand_id,goods_price,goods_promotion_price,goods_marketprice,goods_serial,goods_storage_alarm,goods_spec,goods_storage,goods_image,goods_state,goods_verify,goods_addtime,goods_edittime,areaid_1,areaid_2,color_id,transport_id,goods_freight,goods_vat,goods_commend,goods_stcids,is_virtual,virtual_indate,virtual_limit,virtual_invalid_refund,is_fcode,is_appoint,is_presell,is_own_shop) VALUES ('100571','莱盛光标Laser 硒鼓 LSGB-EPS-1220-U 易加粉款','','51','河北诺融网络科技有限公司','1279','2','1278','1279','415','556','556','596','','0','a:1:{i:537;s:12:\"易加粉款\";}','34',,'1','1','1516428553','1516428553','0','0','0','0','0','0','1','','0','0','0','0','0','0','0','0')
[2018-01-20 14:09:13] /shop/index.php?act=store_goods_add&op=save_goods ( act=store_goods_add&op=save_goods ) 
ERR: Db Error: You have an error in your SQL syntax; check the manual that corresponds to your MySQL server version for the right syntax to use near ''1','1','1516428553','1516428553','0','0','0','0','0','0','1','','0','0','0','0'' at line 1
INSERT  INTO `zmkj_goods` (goods_commonid,goods_name,goods_jingle,store_id,store_name,gc_id,gc_id_1,gc_id_2,gc_id_3,brand_id,goods_price,goods_promotion_price,goods_marketprice,goods_serial,goods_storage_alarm,goods_spec,goods_storage,goods_image,goods_state,goods_verify,goods_addtime,goods_edittime,areaid_1,areaid_2,color_id,transport_id,goods_freight,goods_vat,goods_commend,goods_stcids,is_virtual,virtual_indate,virtual_limit,virtual_invalid_refund,is_fcode,is_appoint,is_presell,is_own_shop) VALUES ('100571','莱盛光标Laser 硒鼓 LSGB-EPS-1220-U 普通款','','51','河北诺融网络科技有限公司','1279','2','1278','1279','415','556','556','596','','0','a:1:{i:538;s:9:\"普通款\";}','67',,'1','1','1516428553','1516428553','0','0','0','0','0','0','1','','0','0','0','0','0','0','0','0')
[2018-01-20 14:10:01] /shop/index.php?act=goods&op=index&goods_id=100552 ( act=goods&op=index ) 
ERR: Db Error: Unknown column 'geval_image_again' in 'where clause'
SELECT COUNT(*) AS nc_count FROM `zmkj_evaluate_goods` WHERE ( geval_goodsid = '100552' ) AND ( (geval_image <> '') OR (geval_image_again <> '') ) LIMIT 1  
[2018-01-20 14:10:58] /shop/index.php?act=goods&op=index&goods_id=100553 ( act=goods&op=index ) 
ERR: Db Error: Unknown column 'geval_image_again' in 'where clause'
SELECT COUNT(*) AS nc_count FROM `zmkj_evaluate_goods` WHERE ( geval_goodsid = '100553' ) AND ( (geval_image <> '') OR (geval_image_again <> '') ) LIMIT 1  
[2018-01-20 14:11:55] /shop/index.php?act=goods&op=index&goods_id=100553 ( act=goods&op=index ) 
ERR: Db Error: Unknown column 'geval_image_again' in 'where clause'
SELECT COUNT(*) AS nc_count FROM `zmkj_evaluate_goods` WHERE ( geval_goodsid = '100553' ) AND ( (geval_image <> '') OR (geval_image_again <> '') ) LIMIT 1  
[2018-01-20 14:18:04] /shop/index.php?act=store_goods_add&op=save_goods ( act=store_goods_add&op=save_goods ) 
ERR: Db Error: You have an error in your SQL syntax; check the manual that corresponds to your MySQL server version for the right syntax to use near ''1','1','1516429084','1516429084','3','0','0','0','0','0','1','','0','0','0','0'' at line 1
INSERT  INTO `zmkj_goods` (goods_commonid,goods_name,goods_jingle,store_id,store_name,gc_id,gc_id_1,gc_id_2,gc_id_3,brand_id,goods_price,goods_promotion_price,goods_marketprice,goods_serial,goods_storage_alarm,goods_spec,goods_storage,goods_image,goods_state,goods_verify,goods_addtime,goods_edittime,areaid_1,areaid_2,color_id,transport_id,goods_freight,goods_vat,goods_commend,goods_stcids,is_virtual,virtual_indate,virtual_limit,virtual_invalid_refund,is_fcode,is_appoint,is_presell,is_own_shop) VALUES ('100572','莱盛光标 Laser 硒鼓LSGB-XER-113R00730 易加粉款','','51','河北诺融网络科技有限公司','1279','2','1278','1279','415','234','234','256','','0','a:1:{i:537;s:12:\"易加粉款\";}','56',,'1','1','1516429084','1516429084','3','0','0','0','0','0','1','','0','0','0','0','0','0','0','0')
[2018-01-20 14:19:16] /shop/index.php?act=goods&op=index&goods_id=100554 ( act=goods&op=index ) 
ERR: Db Error: Unknown column 'geval_image_again' in 'where clause'
SELECT COUNT(*) AS nc_count FROM `zmkj_evaluate_goods` WHERE ( geval_goodsid = '100554' ) AND ( (geval_image <> '') OR (geval_image_again <> '') ) LIMIT 1  
[2018-01-20 14:19:45] /shop/index.php?act=goods&op=index&goods_id=100530 ( act=goods&op=index ) 
ERR: Db Error: Unknown column 'geval_image_again' in 'where clause'
SELECT COUNT(*) AS nc_count FROM `zmkj_evaluate_goods` WHERE ( geval_goodsid = '100530' ) AND ( (geval_image <> '') OR (geval_image_again <> '') ) LIMIT 1  
[2018-01-20 14:19:45] /shop/index.php?act=goods&op=index&goods_id=100554 ( act=goods&op=index ) 
ERR: Db Error: Unknown column 'geval_image_again' in 'where clause'
SELECT COUNT(*) AS nc_count FROM `zmkj_evaluate_goods` WHERE ( geval_goodsid = '100554' ) AND ( (geval_image <> '') OR (geval_image_again <> '') ) LIMIT 1  
[2018-01-20 14:20:00] /shop/index.php?act=goods&op=index&goods_id=100554 ( act=goods&op=index ) 
ERR: Db Error: Unknown column 'geval_image_again' in 'where clause'
SELECT COUNT(*) AS nc_count FROM `zmkj_evaluate_goods` WHERE ( geval_goodsid = '100554' ) AND ( (geval_image <> '') OR (geval_image_again <> '') ) LIMIT 1  
[2018-01-20 14:22:03] /shop/index.php?act=goods&op=index&goods_id=100555 ( act=goods&op=index ) 
ERR: Db Error: Unknown column 'geval_image_again' in 'where clause'
SELECT COUNT(*) AS nc_count FROM `zmkj_evaluate_goods` WHERE ( geval_goodsid = '100555' ) AND ( (geval_image <> '') OR (geval_image_again <> '') ) LIMIT 1  
[2018-01-20 14:22:36] /shop/index.php?act=goods&op=index&goods_id=100555 ( act=goods&op=index ) 
ERR: Db Error: Unknown column 'geval_image_again' in 'where clause'
SELECT COUNT(*) AS nc_count FROM `zmkj_evaluate_goods` WHERE ( geval_goodsid = '100555' ) AND ( (geval_image <> '') OR (geval_image_again <> '') ) LIMIT 1  
[2018-01-20 14:23:00] /shop/index.php?act=goods&op=index&goods_id=100555 ( act=goods&op=index ) 
ERR: Db Error: Unknown column 'geval_image_again' in 'where clause'
SELECT COUNT(*) AS nc_count FROM `zmkj_evaluate_goods` WHERE ( geval_goodsid = '100555' ) AND ( (geval_image <> '') OR (geval_image_again <> '') ) LIMIT 1  
[2018-01-20 14:26:29] /shop/index.php?act=goods&op=index&goods_id=100555 ( act=goods&op=index ) 
ERR: Db Error: Unknown column 'geval_image_again' in 'where clause'
SELECT COUNT(*) AS nc_count FROM `zmkj_evaluate_goods` WHERE ( geval_goodsid = '100555' ) AND ( (geval_image <> '') OR (geval_image_again <> '') ) LIMIT 1  
[2018-01-20 14:26:39] /shop/index.php?act=store_goods_add&op=save_goods ( act=store_goods_add&op=save_goods ) 
ERR: Db Error: You have an error in your SQL syntax; check the manual that corresponds to your MySQL server version for the right syntax to use near ''1','1','1516429599','1516429599','3','0','0','0','0','0','1','','0','0','0','0'' at line 1
INSERT  INTO `zmkj_goods` (goods_commonid,goods_name,goods_jingle,store_id,store_name,gc_id,gc_id_1,gc_id_2,gc_id_3,brand_id,goods_price,goods_promotion_price,goods_marketprice,goods_serial,goods_storage_alarm,goods_spec,goods_storage,goods_image,goods_state,goods_verify,goods_addtime,goods_edittime,areaid_1,areaid_2,color_id,transport_id,goods_freight,goods_vat,goods_commend,goods_stcids,is_virtual,virtual_indate,virtual_limit,virtual_invalid_refund,is_fcode,is_appoint,is_presell,is_own_shop) VALUES ('100574','LSGB-BRO-DR2050  莱盛硒鼓 易加粉款','','51','河北诺融网络科技有限公司','1279','2','1278','1279','415','520','520','563','','0','a:1:{i:537;s:12:\"易加粉款\";}','34',,'1','1','1516429599','1516429599','3','0','0','0','0','0','1','','0','0','0','0','0','0','0','0')
[2018-01-20 14:28:07] /shop/index.php?act=goods&op=index&goods_id=100555 ( act=goods&op=index ) 
ERR: Db Error: Unknown column 'geval_image_again' in 'where clause'
SELECT COUNT(*) AS nc_count FROM `zmkj_evaluate_goods` WHERE ( geval_goodsid = '100555' ) AND ( (geval_image <> '') OR (geval_image_again <> '') ) LIMIT 1  
[2018-01-20 14:28:25] /shop/index.php?act=goods&op=index&goods_id=100555 ( act=goods&op=index ) 
ERR: Db Error: Unknown column 'geval_image_again' in 'where clause'
SELECT COUNT(*) AS nc_count FROM `zmkj_evaluate_goods` WHERE ( geval_goodsid = '100555' ) AND ( (geval_image <> '') OR (geval_image_again <> '') ) LIMIT 1  
[2018-01-20 14:30:45] /shop/index.php?act=goods&op=index&goods_id=100557 ( act=goods&op=index ) 
ERR: Db Error: Unknown column 'geval_image_again' in 'where clause'
SELECT COUNT(*) AS nc_count FROM `zmkj_evaluate_goods` WHERE ( geval_goodsid = '100557' ) AND ( (geval_image <> '') OR (geval_image_again <> '') ) LIMIT 1  
[2018-01-20 14:33:05] /shop/index.php?act=pointshop&op=index ( act=pointshop&op=index ) 
ERR: Db Error: Unknown column 'voucher_t_gettype' in 'where clause'
SELECT * FROM `zmkj_voucher_template` WHERE ( voucher_t_state = '1' ) AND ( voucher_t_gettype = '1' ) AND ( voucher_t_end_date > '1516429985' ) ORDER BY voucher_t_recommend desc,voucher_t_id desc LIMIT 1000  
[2018-01-20 14:42:17] /shop/index.php?act=goods&op=index&goods_id=100541 ( act=goods&op=index ) 
ERR: Db Error: Unknown column 'geval_image_again' in 'where clause'
SELECT COUNT(*) AS nc_count FROM `zmkj_evaluate_goods` WHERE ( geval_goodsid = '100541' ) AND ( (geval_image <> '') OR (geval_image_again <> '') ) LIMIT 1  
[2018-01-20 15:21:48] /shop/index.php?act=goods&op=index&goods_id=100541 ( act=goods&op=index ) 
ERR: Db Error: Unknown column 'geval_image_again' in 'where clause'
SELECT COUNT(*) AS nc_count FROM `zmkj_evaluate_goods` WHERE ( geval_goodsid = '100541' ) AND ( (geval_image <> '') OR (geval_image_again <> '') ) LIMIT 1  
[2018-01-20 15:34:56] /shop/index.php?act=goods&op=index&goods_id=100557 ( act=goods&op=index ) 
ERR: Db Error: Unknown column 'geval_image_again' in 'where clause'
SELECT COUNT(*) AS nc_count FROM `zmkj_evaluate_goods` WHERE ( geval_goodsid = '100557' ) AND ( (geval_image <> '') OR (geval_image_again <> '') ) LIMIT 1  
[2018-01-20 15:35:15] /shop/index.php?act=goods&op=index&goods_id=100554 ( act=goods&op=index ) 
ERR: Db Error: Unknown column 'geval_image_again' in 'where clause'
SELECT COUNT(*) AS nc_count FROM `zmkj_evaluate_goods` WHERE ( geval_goodsid = '100554' ) AND ( (geval_image <> '') OR (geval_image_again <> '') ) LIMIT 1  
[2018-01-20 15:35:27] /shop/index.php?act=goods&op=index&goods_id=100553 ( act=goods&op=index ) 
ERR: Db Error: Unknown column 'geval_image_again' in 'where clause'
SELECT COUNT(*) AS nc_count FROM `zmkj_evaluate_goods` WHERE ( geval_goodsid = '100553' ) AND ( (geval_image <> '') OR (geval_image_again <> '') ) LIMIT 1  
[2018-01-20 15:37:03] /mobile/index.php?act=goods&op=goods_detail&goods_id=100520&key= ( act=goods&op=goods_detail ) 
ERR: Db Error: Unknown column 'geval_image_again' in 'where clause'
SELECT COUNT(*) AS nc_count FROM `zmkj_evaluate_goods` WHERE ( geval_goodsid = '100520' ) AND ( (geval_image <> '') OR (geval_image_again <> '') ) LIMIT 1  
[2018-01-20 15:37:15] /mobile/index.php?act=goods&op=goods_detail&goods_id=100520 ( act=goods&op=goods_detail ) 
ERR: Db Error: Unknown column 'geval_image_again' in 'where clause'
SELECT COUNT(*) AS nc_count FROM `zmkj_evaluate_goods` WHERE ( geval_goodsid = '100520' ) AND ( (geval_image <> '') OR (geval_image_again <> '') ) LIMIT 1  
[2018-01-20 15:51:49] /shop/index.php?act=goods&op=index&goods_id=100558 ( act=goods&op=index ) 
ERR: Db Error: Unknown column 'geval_image_again' in 'where clause'
SELECT COUNT(*) AS nc_count FROM `zmkj_evaluate_goods` WHERE ( geval_goodsid = '100558' ) AND ( (geval_image <> '') OR (geval_image_again <> '') ) LIMIT 1  
[2018-01-20 15:58:46] /shop/index.php?act=goods&op=index&goods_id=100557 ( act=goods&op=index ) 
ERR: Db Error: Unknown column 'geval_image_again' in 'where clause'
SELECT COUNT(*) AS nc_count FROM `zmkj_evaluate_goods` WHERE ( geval_goodsid = '100557' ) AND ( (geval_image <> '') OR (geval_image_again <> '') ) LIMIT 1  
[2018-01-20 15:59:04] /shop/index.php?act=goods&op=index&goods_id=100554 ( act=goods&op=index ) 
ERR: Db Error: Unknown column 'geval_image_again' in 'where clause'
SELECT COUNT(*) AS nc_count FROM `zmkj_evaluate_goods` WHERE ( geval_goodsid = '100554' ) AND ( (geval_image <> '') OR (geval_image_again <> '') ) LIMIT 1  
[2018-01-20 15:59:24] /shop/index.php?act=goods&op=index&goods_id=100553 ( act=goods&op=index ) 
ERR: Db Error: Unknown column 'geval_image_again' in 'where clause'
SELECT COUNT(*) AS nc_count FROM `zmkj_evaluate_goods` WHERE ( geval_goodsid = '100553' ) AND ( (geval_image <> '') OR (geval_image_again <> '') ) LIMIT 1  
[2018-01-20 15:59:35] /shop/index.php?act=goods&op=index&goods_id=100558 ( act=goods&op=index ) 
ERR: Db Error: Unknown column 'geval_image_again' in 'where clause'
SELECT COUNT(*) AS nc_count FROM `zmkj_evaluate_goods` WHERE ( geval_goodsid = '100558' ) AND ( (geval_image <> '') OR (geval_image_again <> '') ) LIMIT 1  
[2018-01-20 16:11:15] /shop/index.php?act=goods&op=index&goods_id=100559 ( act=goods&op=index ) 
ERR: Db Error: Unknown column 'geval_image_again' in 'where clause'
SELECT COUNT(*) AS nc_count FROM `zmkj_evaluate_goods` WHERE ( geval_goodsid = '100559' ) AND ( (geval_image <> '') OR (geval_image_again <> '') ) LIMIT 1  
[2018-01-20 16:20:32] /shop/index.php?act=goods&op=index&goods_id=100560 ( act=goods&op=index ) 
ERR: Db Error: Unknown column 'geval_image_again' in 'where clause'
SELECT COUNT(*) AS nc_count FROM `zmkj_evaluate_goods` WHERE ( geval_goodsid = '100560' ) AND ( (geval_image <> '') OR (geval_image_again <> '') ) LIMIT 1  
[2018-01-20 16:21:32] /shop/index.php?act=goods&op=index&goods_id=100560 ( act=goods&op=index ) 
ERR: Db Error: Unknown column 'geval_image_again' in 'where clause'
SELECT COUNT(*) AS nc_count FROM `zmkj_evaluate_goods` WHERE ( geval_goodsid = '100560' ) AND ( (geval_image <> '') OR (geval_image_again <> '') ) LIMIT 1  
[2018-01-20 16:22:36] /shop/index.php?act=goods&op=index&goods_id=100560 ( act=goods&op=index ) 
ERR: Db Error: Unknown column 'geval_image_again' in 'where clause'
SELECT COUNT(*) AS nc_count FROM `zmkj_evaluate_goods` WHERE ( geval_goodsid = '100560' ) AND ( (geval_image <> '') OR (geval_image_again <> '') ) LIMIT 1  
[2018-01-20 16:23:34] /shop/index.php?act=goods&op=index&goods_id=100560 ( act=goods&op=index ) 
ERR: Db Error: Unknown column 'geval_image_again' in 'where clause'
SELECT COUNT(*) AS nc_count FROM `zmkj_evaluate_goods` WHERE ( geval_goodsid = '100560' ) AND ( (geval_image <> '') OR (geval_image_again <> '') ) LIMIT 1  
[2018-01-20 16:28:05] /shop/index.php?act=goods&op=index&goods_id=100559 ( act=goods&op=index ) 
ERR: Db Error: Unknown column 'geval_image_again' in 'where clause'
SELECT COUNT(*) AS nc_count FROM `zmkj_evaluate_goods` WHERE ( geval_goodsid = '100559' ) AND ( (geval_image <> '') OR (geval_image_again <> '') ) LIMIT 1  
[2018-01-20 16:35:53] /shop/index.php?act=goods&op=index&goods_id=100561 ( act=goods&op=index ) 
ERR: Db Error: Unknown column 'geval_image_again' in 'where clause'
SELECT COUNT(*) AS nc_count FROM `zmkj_evaluate_goods` WHERE ( geval_goodsid = '100561' ) AND ( (geval_image <> '') OR (geval_image_again <> '') ) LIMIT 1  
[2018-01-20 16:36:53] /shop/index.php?act=goods&op=index&goods_id=100561 ( act=goods&op=index ) 
ERR: Db Error: Unknown column 'geval_image_again' in 'where clause'
SELECT COUNT(*) AS nc_count FROM `zmkj_evaluate_goods` WHERE ( geval_goodsid = '100561' ) AND ( (geval_image <> '') OR (geval_image_again <> '') ) LIMIT 1  
[2018-01-20 16:37:43] /shop/index.php?act=goods&op=index&goods_id=100558 ( act=goods&op=index ) 
ERR: Db Error: Unknown column 'geval_image_again' in 'where clause'
SELECT COUNT(*) AS nc_count FROM `zmkj_evaluate_goods` WHERE ( geval_goodsid = '100558' ) AND ( (geval_image <> '') OR (geval_image_again <> '') ) LIMIT 1  
[2018-01-20 16:38:24] /shop/index.php?act=goods&op=index&goods_id=100557 ( act=goods&op=index ) 
ERR: Db Error: Unknown column 'geval_image_again' in 'where clause'
SELECT COUNT(*) AS nc_count FROM `zmkj_evaluate_goods` WHERE ( geval_goodsid = '100557' ) AND ( (geval_image <> '') OR (geval_image_again <> '') ) LIMIT 1  
[2018-01-20 16:45:03] /shop/index.php?act=goods&op=index&goods_id=100557 ( act=goods&op=index ) 
ERR: Db Error: Unknown column 'geval_image_again' in 'where clause'
SELECT COUNT(*) AS nc_count FROM `zmkj_evaluate_goods` WHERE ( geval_goodsid = '100557' ) AND ( (geval_image <> '') OR (geval_image_again <> '') ) LIMIT 1  
[2018-01-20 16:47:34] /mobile/index.php?act=goods&op=goods_detail&goods_id=100530&key=6deedb32b66ce3d8120767354d4424c1 ( act=goods&op=goods_detail ) 
ERR: Db Error: Unknown column 'voucher_t_gettype' in 'where clause'
SELECT * FROM `zmkj_voucher_template` WHERE ( voucher_t_gettype = '3' ) AND ( voucher_t_state = '1' ) AND ( voucher_t_end_date > '1516438054' ) AND ( voucher_t_store_id IN ('52') ) LIMIT 1000  
[2018-01-20 16:47:34] /mobile/index.php?act=goods&op=goods_detail&goods_id=100530&key=6deedb32b66ce3d8120767354d4424c1 ( act=goods&op=goods_detail ) 
ERR: Db Error: Unknown column 'geval_image_again' in 'where clause'
SELECT COUNT(*) AS nc_count FROM `zmkj_evaluate_goods` WHERE ( geval_goodsid = '100530' ) AND ( (geval_image <> '') OR (geval_image_again <> '') ) LIMIT 1  
[2018-01-20 16:47:40] /mobile/index.php?act=goods&op=goods_detail&goods_id=100445&key=6deedb32b66ce3d8120767354d4424c1 ( act=goods&op=goods_detail ) 
ERR: Db Error: Unknown column 'voucher_t_gettype' in 'where clause'
SELECT * FROM `zmkj_voucher_template` WHERE ( voucher_t_gettype = '3' ) AND ( voucher_t_state = '1' ) AND ( voucher_t_end_date > '1516438060' ) AND ( voucher_t_store_id IN ('45') ) LIMIT 1000  
[2018-01-20 16:47:40] /mobile/index.php?act=goods&op=goods_detail&goods_id=100445&key=6deedb32b66ce3d8120767354d4424c1 ( act=goods&op=goods_detail ) 
ERR: Db Error: Unknown column 'geval_image_again' in 'where clause'
SELECT COUNT(*) AS nc_count FROM `zmkj_evaluate_goods` WHERE ( geval_goodsid = '100445' ) AND ( (geval_image <> '') OR (geval_image_again <> '') ) LIMIT 1  
[2018-01-20 16:47:49] /mobile/index.php?act=goods&op=goods_detail&goods_id=100524&key=6deedb32b66ce3d8120767354d4424c1 ( act=goods&op=goods_detail ) 
ERR: Db Error: Unknown column 'voucher_t_gettype' in 'where clause'
SELECT * FROM `zmkj_voucher_template` WHERE ( voucher_t_gettype = '3' ) AND ( voucher_t_state = '1' ) AND ( voucher_t_end_date > '1516438069' ) AND ( voucher_t_store_id IN ('51') ) LIMIT 1000  
[2018-01-20 16:47:49] /mobile/index.php?act=goods&op=goods_detail&goods_id=100524&key=6deedb32b66ce3d8120767354d4424c1 ( act=goods&op=goods_detail ) 
ERR: Db Error: Unknown column 'geval_image_again' in 'where clause'
SELECT COUNT(*) AS nc_count FROM `zmkj_evaluate_goods` WHERE ( geval_goodsid = '100524' ) AND ( (geval_image <> '') OR (geval_image_again <> '') ) LIMIT 1  
[2018-01-20 16:48:26] /mobile/index.php?act=goods&op=goods_detail&goods_id=100540&key=6deedb32b66ce3d8120767354d4424c1 ( act=goods&op=goods_detail ) 
ERR: Db Error: Unknown column 'voucher_t_gettype' in 'where clause'
SELECT * FROM `zmkj_voucher_template` WHERE ( voucher_t_gettype = '3' ) AND ( voucher_t_state = '1' ) AND ( voucher_t_end_date > '1516438106' ) AND ( voucher_t_store_id IN ('51') ) LIMIT 1000  
[2018-01-20 16:48:26] /mobile/index.php?act=goods&op=goods_detail&goods_id=100540&key=6deedb32b66ce3d8120767354d4424c1 ( act=goods&op=goods_detail ) 
ERR: Db Error: Unknown column 'geval_image_again' in 'where clause'
SELECT COUNT(*) AS nc_count FROM `zmkj_evaluate_goods` WHERE ( geval_goodsid = '100540' ) AND ( (geval_image <> '') OR (geval_image_again <> '') ) LIMIT 1  
[2018-01-20 17:00:41] /shop/index.php?act=goods&op=index&goods_id=100547 ( act=goods&op=index ) 
ERR: Db Error: Unknown column 'geval_image_again' in 'where clause'
SELECT COUNT(*) AS nc_count FROM `zmkj_evaluate_goods` WHERE ( geval_goodsid = '100547' ) AND ( (geval_image <> '') OR (geval_image_again <> '') ) LIMIT 1  
[2018-01-20 17:01:39] /shop/index.php?act=goods&op=index&goods_id=100547 ( act=goods&op=index ) 
ERR: Db Error: Unknown column 'geval_image_again' in 'where clause'
SELECT COUNT(*) AS nc_count FROM `zmkj_evaluate_goods` WHERE ( geval_goodsid = '100547' ) AND ( (geval_image <> '') OR (geval_image_again <> '') ) LIMIT 1  
[2018-01-20 17:05:37] /shop/index.php?act=goods&op=index&goods_id=100559 ( act=goods&op=index ) 
ERR: Db Error: Unknown column 'geval_image_again' in 'where clause'
SELECT COUNT(*) AS nc_count FROM `zmkj_evaluate_goods` WHERE ( geval_goodsid = '100559' ) AND ( (geval_image <> '') OR (geval_image_again <> '') ) LIMIT 1  
[2018-01-20 17:05:48] /shop/index.php?act=goods&op=index&goods_id=100547 ( act=goods&op=index ) 
ERR: Db Error: Unknown column 'geval_image_again' in 'where clause'
SELECT COUNT(*) AS nc_count FROM `zmkj_evaluate_goods` WHERE ( geval_goodsid = '100547' ) AND ( (geval_image <> '') OR (geval_image_again <> '') ) LIMIT 1  
[2018-01-20 17:06:34] /shop/index.php?act=goods&op=index&goods_id=100559 ( act=goods&op=index ) 
ERR: Db Error: Unknown column 'geval_image_again' in 'where clause'
SELECT COUNT(*) AS nc_count FROM `zmkj_evaluate_goods` WHERE ( geval_goodsid = '100559' ) AND ( (geval_image <> '') OR (geval_image_again <> '') ) LIMIT 1  
[2018-01-20 17:06:45] /shop/index.php?act=goods&op=index&goods_id=100547 ( act=goods&op=index ) 
ERR: Db Error: Unknown column 'geval_image_again' in 'where clause'
SELECT COUNT(*) AS nc_count FROM `zmkj_evaluate_goods` WHERE ( geval_goodsid = '100547' ) AND ( (geval_image <> '') OR (geval_image_again <> '') ) LIMIT 1  
[2018-01-20 17:09:46] /shop/index.php?act=goods&op=index&goods_id=100551 ( act=goods&op=index ) 
ERR: Db Error: Unknown column 'geval_image_again' in 'where clause'
SELECT COUNT(*) AS nc_count FROM `zmkj_evaluate_goods` WHERE ( geval_goodsid = '100551' ) AND ( (geval_image <> '') OR (geval_image_again <> '') ) LIMIT 1  
[2018-01-20 17:09:55] /shop/index.php?act=goods&op=index&goods_id=100559 ( act=goods&op=index ) 
ERR: Db Error: Unknown column 'geval_image_again' in 'where clause'
SELECT COUNT(*) AS nc_count FROM `zmkj_evaluate_goods` WHERE ( geval_goodsid = '100559' ) AND ( (geval_image <> '') OR (geval_image_again <> '') ) LIMIT 1  
[2018-01-20 17:10:53] /shop/index.php?act=goods&op=index&goods_id=100559 ( act=goods&op=index ) 
ERR: Db Error: Unknown column 'geval_image_again' in 'where clause'
SELECT COUNT(*) AS nc_count FROM `zmkj_evaluate_goods` WHERE ( geval_goodsid = '100559' ) AND ( (geval_image <> '') OR (geval_image_again <> '') ) LIMIT 1  
[2018-01-20 17:11:29] /shop/index.php?act=goods&op=index&goods_id=100561 ( act=goods&op=index ) 
ERR: Db Error: Unknown column 'geval_image_again' in 'where clause'
SELECT COUNT(*) AS nc_count FROM `zmkj_evaluate_goods` WHERE ( geval_goodsid = '100561' ) AND ( (geval_image <> '') OR (geval_image_again <> '') ) LIMIT 1  
[2018-01-20 17:11:37] /shop/index.php?act=goods&op=index&goods_id=100559 ( act=goods&op=index ) 
ERR: Db Error: Unknown column 'geval_image_again' in 'where clause'
SELECT COUNT(*) AS nc_count FROM `zmkj_evaluate_goods` WHERE ( geval_goodsid = '100559' ) AND ( (geval_image <> '') OR (geval_image_again <> '') ) LIMIT 1  
[2018-01-20 17:11:40] /shop/index.php?act=goods&op=index&goods_id=100561 ( act=goods&op=index ) 
ERR: Db Error: Unknown column 'geval_image_again' in 'where clause'
SELECT COUNT(*) AS nc_count FROM `zmkj_evaluate_goods` WHERE ( geval_goodsid = '100561' ) AND ( (geval_image <> '') OR (geval_image_again <> '') ) LIMIT 1  
[2018-01-20 17:12:26] /shop/index.php?act=goods&op=index&goods_id=100559 ( act=goods&op=index ) 
ERR: Db Error: Unknown column 'geval_image_again' in 'where clause'
SELECT COUNT(*) AS nc_count FROM `zmkj_evaluate_goods` WHERE ( geval_goodsid = '100559' ) AND ( (geval_image <> '') OR (geval_image_again <> '') ) LIMIT 1  
[2018-01-20 17:14:20] /shop/index.php?act=goods&op=index&goods_id=100558 ( act=goods&op=index ) 
ERR: Db Error: Unknown column 'geval_image_again' in 'where clause'
SELECT COUNT(*) AS nc_count FROM `zmkj_evaluate_goods` WHERE ( geval_goodsid = '100558' ) AND ( (geval_image <> '') OR (geval_image_again <> '') ) LIMIT 1  
[2018-01-20 17:14:31] /shop/index.php?act=goods&op=index&goods_id=100559 ( act=goods&op=index ) 
ERR: Db Error: Unknown column 'geval_image_again' in 'where clause'
SELECT COUNT(*) AS nc_count FROM `zmkj_evaluate_goods` WHERE ( geval_goodsid = '100559' ) AND ( (geval_image <> '') OR (geval_image_again <> '') ) LIMIT 1  
[2018-01-20 17:14:39] /shop/index.php?act=goods&op=index&goods_id=100561 ( act=goods&op=index ) 
ERR: Db Error: Unknown column 'geval_image_again' in 'where clause'
SELECT COUNT(*) AS nc_count FROM `zmkj_evaluate_goods` WHERE ( geval_goodsid = '100561' ) AND ( (geval_image <> '') OR (geval_image_again <> '') ) LIMIT 1  
[2018-01-20 17:31:55] /shop/index.php?act=goods&op=index&goods_id=100561 ( act=goods&op=index ) 
ERR: Db Error: Unknown column 'geval_image_again' in 'where clause'
SELECT COUNT(*) AS nc_count FROM `zmkj_evaluate_goods` WHERE ( geval_goodsid = '100561' ) AND ( (geval_image <> '') OR (geval_image_again <> '') ) LIMIT 1  
[2018-01-20 17:31:57] /mobile/index.php?act=goods&op=goods_detail&goods_id=100547&key=6deedb32b66ce3d8120767354d4424c1 ( act=goods&op=goods_detail ) 
ERR: Db Error: Unknown column 'voucher_t_gettype' in 'where clause'
SELECT * FROM `zmkj_voucher_template` WHERE ( voucher_t_gettype = '3' ) AND ( voucher_t_state = '1' ) AND ( voucher_t_end_date > '1516440717' ) AND ( voucher_t_store_id IN ('51') ) LIMIT 1000  
[2018-01-20 17:31:57] /mobile/index.php?act=goods&op=goods_detail&goods_id=100547&key=6deedb32b66ce3d8120767354d4424c1 ( act=goods&op=goods_detail ) 
ERR: Db Error: Unknown column 'geval_image_again' in 'where clause'
SELECT COUNT(*) AS nc_count FROM `zmkj_evaluate_goods` WHERE ( geval_goodsid = '100547' ) AND ( (geval_image <> '') OR (geval_image_again <> '') ) LIMIT 1  
[2018-01-20 17:33:22] /mobile/index.php?act=goods&op=goods_detail&goods_id=100488&key=6deedb32b66ce3d8120767354d4424c1 ( act=goods&op=goods_detail ) 
ERR: Db Error: Unknown column 'voucher_t_gettype' in 'where clause'
SELECT * FROM `zmkj_voucher_template` WHERE ( voucher_t_gettype = '3' ) AND ( voucher_t_state = '1' ) AND ( voucher_t_end_date > '1516440802' ) AND ( voucher_t_store_id IN ('51') ) LIMIT 1000  
[2018-01-20 17:33:22] /mobile/index.php?act=goods&op=goods_detail&goods_id=100488&key=6deedb32b66ce3d8120767354d4424c1 ( act=goods&op=goods_detail ) 
ERR: Db Error: Unknown column 'geval_image_again' in 'where clause'
SELECT COUNT(*) AS nc_count FROM `zmkj_evaluate_goods` WHERE ( geval_goodsid = '100488' ) AND ( (geval_image <> '') OR (geval_image_again <> '') ) LIMIT 1  
[2018-01-20 17:43:08] /shop/index.php?act=goods&op=index&goods_id=100520 ( act=goods&op=index ) 
ERR: Db Error: Unknown column 'geval_image_again' in 'where clause'
SELECT COUNT(*) AS nc_count FROM `zmkj_evaluate_goods` WHERE ( geval_goodsid = '100520' ) AND ( (geval_image <> '') OR (geval_image_again <> '') ) LIMIT 1  
[2018-01-20 17:43:38] /mobile/index.php?act=goods&op=goods_detail&goods_id=100520&key= ( act=goods&op=goods_detail ) 
ERR: Db Error: Unknown column 'geval_image_again' in 'where clause'
SELECT COUNT(*) AS nc_count FROM `zmkj_evaluate_goods` WHERE ( geval_goodsid = '100520' ) AND ( (geval_image <> '') OR (geval_image_again <> '') ) LIMIT 1  
[2018-01-20 17:43:59] /mobile/index.php?act=goods&op=goods_detail&goods_id=100519&key= ( act=goods&op=goods_detail ) 
ERR: Db Error: Unknown column 'geval_image_again' in 'where clause'
SELECT COUNT(*) AS nc_count FROM `zmkj_evaluate_goods` WHERE ( geval_goodsid = '100519' ) AND ( (geval_image <> '') OR (geval_image_again <> '') ) LIMIT 1  
[2018-01-20 17:44:00] /mobile/index.php?act=goods&op=goods_detail&goods_id=100518&key= ( act=goods&op=goods_detail ) 
ERR: Db Error: Unknown column 'geval_image_again' in 'where clause'
SELECT COUNT(*) AS nc_count FROM `zmkj_evaluate_goods` WHERE ( geval_goodsid = '100518' ) AND ( (geval_image <> '') OR (geval_image_again <> '') ) LIMIT 1  
[2018-01-20 17:44:02] /mobile/index.php?act=goods&op=goods_detail&goods_id=100520&key= ( act=goods&op=goods_detail ) 
ERR: Db Error: Unknown column 'geval_image_again' in 'where clause'
SELECT COUNT(*) AS nc_count FROM `zmkj_evaluate_goods` WHERE ( geval_goodsid = '100520' ) AND ( (geval_image <> '') OR (geval_image_again <> '') ) LIMIT 1  
[2018-01-20 17:44:03] /mobile/index.php?act=goods&op=goods_detail&goods_id=100518&key= ( act=goods&op=goods_detail ) 
ERR: Db Error: Unknown column 'geval_image_again' in 'where clause'
SELECT COUNT(*) AS nc_count FROM `zmkj_evaluate_goods` WHERE ( geval_goodsid = '100518' ) AND ( (geval_image <> '') OR (geval_image_again <> '') ) LIMIT 1  
[2018-01-20 17:44:03] /mobile/index.php?act=goods&op=goods_detail&goods_id=100519&key= ( act=goods&op=goods_detail ) 
ERR: Db Error: Unknown column 'geval_image_again' in 'where clause'
SELECT COUNT(*) AS nc_count FROM `zmkj_evaluate_goods` WHERE ( geval_goodsid = '100519' ) AND ( (geval_image <> '') OR (geval_image_again <> '') ) LIMIT 1  
[2018-01-20 17:51:34] /shop/index.php?act=goods&op=index&goods_id=100562 ( act=goods&op=index ) 
ERR: Db Error: Unknown column 'geval_image_again' in 'where clause'
SELECT COUNT(*) AS nc_count FROM `zmkj_evaluate_goods` WHERE ( geval_goodsid = '100562' ) AND ( (geval_image <> '') OR (geval_image_again <> '') ) LIMIT 1  
[2018-01-20 17:51:37] /shop/index.php?act=goods&goods_id=100497&op=index ( act=goods&op=index ) 
ERR: Db Error: Unknown column 'geval_image_again' in 'where clause'
SELECT COUNT(*) AS nc_count FROM `zmkj_evaluate_goods` WHERE ( geval_goodsid = '100497' ) AND ( (geval_image <> '') OR (geval_image_again <> '') ) LIMIT 1  
[2018-01-20 17:52:34] /shop/index.php?act=goods&op=index&goods_id=100562 ( act=goods&op=index ) 
ERR: Db Error: Unknown column 'geval_image_again' in 'where clause'
SELECT COUNT(*) AS nc_count FROM `zmkj_evaluate_goods` WHERE ( geval_goodsid = '100562' ) AND ( (geval_image <> '') OR (geval_image_again <> '') ) LIMIT 1  
[2018-01-20 18:03:25] /mobile/index.php?act=goods&op=goods_detail&goods_id=100524&key=6deedb32b66ce3d8120767354d4424c1 ( act=goods&op=goods_detail ) 
ERR: Db Error: Unknown column 'voucher_t_gettype' in 'where clause'
SELECT * FROM `zmkj_voucher_template` WHERE ( voucher_t_gettype = '3' ) AND ( voucher_t_state = '1' ) AND ( voucher_t_end_date > '1516442605' ) AND ( voucher_t_store_id IN ('51') ) LIMIT 1000  
[2018-01-20 18:03:25] /mobile/index.php?act=goods&op=goods_detail&goods_id=100524&key=6deedb32b66ce3d8120767354d4424c1 ( act=goods&op=goods_detail ) 
ERR: Db Error: Unknown column 'geval_image_again' in 'where clause'
SELECT COUNT(*) AS nc_count FROM `zmkj_evaluate_goods` WHERE ( geval_goodsid = '100524' ) AND ( (geval_image <> '') OR (geval_image_again <> '') ) LIMIT 1  
[2018-01-20 18:19:50] /mobile/index.php?act=goods&op=goods_detail&goods_id=100445&key= ( act=goods&op=goods_detail ) 
ERR: Db Error: Unknown column 'geval_image_again' in 'where clause'
SELECT COUNT(*) AS nc_count FROM `zmkj_evaluate_goods` WHERE ( geval_goodsid = '100445' ) AND ( (geval_image <> '') OR (geval_image_again <> '') ) LIMIT 1  
[2018-01-20 18:20:02] /mobile/index.php?act=goods&op=goods_detail&goods_id=100451&key= ( act=goods&op=goods_detail ) 
ERR: Db Error: Unknown column 'geval_image_again' in 'where clause'
SELECT COUNT(*) AS nc_count FROM `zmkj_evaluate_goods` WHERE ( geval_goodsid = '100451' ) AND ( (geval_image <> '') OR (geval_image_again <> '') ) LIMIT 1  
[2018-01-20 18:20:06] /mobile/index.php?act=goods&op=goods_detail&goods_id=100445&key= ( act=goods&op=goods_detail ) 
ERR: Db Error: Unknown column 'geval_image_again' in 'where clause'
SELECT COUNT(*) AS nc_count FROM `zmkj_evaluate_goods` WHERE ( geval_goodsid = '100445' ) AND ( (geval_image <> '') OR (geval_image_again <> '') ) LIMIT 1  
[2018-01-20 18:20:52] /mobile/index.php?act=goods&op=goods_detail&goods_id=100483&key= ( act=goods&op=goods_detail ) 
ERR: Db Error: Unknown column 'geval_image_again' in 'where clause'
SELECT COUNT(*) AS nc_count FROM `zmkj_evaluate_goods` WHERE ( geval_goodsid = '100483' ) AND ( (geval_image <> '') OR (geval_image_again <> '') ) LIMIT 1  
[2018-01-20 18:21:08] /mobile/index.php?act=goods&op=goods_detail&goods_id=100549&key= ( act=goods&op=goods_detail ) 
ERR: Db Error: Unknown column 'geval_image_again' in 'where clause'
SELECT COUNT(*) AS nc_count FROM `zmkj_evaluate_goods` WHERE ( geval_goodsid = '100549' ) AND ( (geval_image <> '') OR (geval_image_again <> '') ) LIMIT 1  
[2018-01-20 18:22:37] /mobile/index.php?act=goods&op=goods_detail&goods_id=100445&key= ( act=goods&op=goods_detail ) 
ERR: Db Error: Unknown column 'geval_image_again' in 'where clause'
SELECT COUNT(*) AS nc_count FROM `zmkj_evaluate_goods` WHERE ( geval_goodsid = '100445' ) AND ( (geval_image <> '') OR (geval_image_again <> '') ) LIMIT 1  
[2018-01-20 18:23:11] /mobile/index.php?act=goods&op=goods_list&gc_id=1686&page=10&curpage=1&gc_id=1686 ( act=goods&op=goods_list ) 
ERR: Db Error: Unknown column 'nc_distinct' in 'group statement'
SELECT COUNT(*) AS nc_count FROM `zmkj_goods_common` WHERE ( store_id = '51' ) AND ( goods_state = '1' ) AND ( goods_verify = '1' ) GROUP BY nc_distinct ORDER BY is_own_shop desc,goods_id desc LIMIT 1  
[2018-01-20 18:45:46] /mobile/index.php?act=goods&op=goods_detail&goods_id=100520&key= ( act=goods&op=goods_detail ) 
ERR: Db Error: Unknown column 'geval_image_again' in 'where clause'
SELECT COUNT(*) AS nc_count FROM `zmkj_evaluate_goods` WHERE ( geval_goodsid = '100520' ) AND ( (geval_image <> '') OR (geval_image_again <> '') ) LIMIT 1  
[2018-01-20 18:45:55] /mobile/index.php?act=goods&op=goods_detail&goods_id=100474&key= ( act=goods&op=goods_detail ) 
ERR: Db Error: Unknown column 'geval_image_again' in 'where clause'
SELECT COUNT(*) AS nc_count FROM `zmkj_evaluate_goods` WHERE ( geval_goodsid = '100474' ) AND ( (geval_image <> '') OR (geval_image_again <> '') ) LIMIT 1  
[2018-01-20 18:46:17] /mobile/index.php?act=goods&op=goods_detail&goods_id=100474&key= ( act=goods&op=goods_detail ) 
ERR: Db Error: Unknown column 'geval_image_again' in 'where clause'
SELECT COUNT(*) AS nc_count FROM `zmkj_evaluate_goods` WHERE ( geval_goodsid = '100474' ) AND ( (geval_image <> '') OR (geval_image_again <> '') ) LIMIT 1  
[2018-01-20 18:46:29] /mobile/index.php?act=goods&op=goods_detail&goods_id=100474&key= ( act=goods&op=goods_detail ) 
ERR: Db Error: Unknown column 'geval_image_again' in 'where clause'
SELECT COUNT(*) AS nc_count FROM `zmkj_evaluate_goods` WHERE ( geval_goodsid = '100474' ) AND ( (geval_image <> '') OR (geval_image_again <> '') ) LIMIT 1  
[2018-01-20 18:46:47] /mobile/index.php?act=goods&op=goods_detail&goods_id=100549&key= ( act=goods&op=goods_detail ) 
ERR: Db Error: Unknown column 'geval_image_again' in 'where clause'
SELECT COUNT(*) AS nc_count FROM `zmkj_evaluate_goods` WHERE ( geval_goodsid = '100549' ) AND ( (geval_image <> '') OR (geval_image_again <> '') ) LIMIT 1  
[2018-01-20 18:47:04] /mobile/index.php?act=goods&op=goods_detail&goods_id=100530&key= ( act=goods&op=goods_detail ) 
ERR: Db Error: Unknown column 'geval_image_again' in 'where clause'
SELECT COUNT(*) AS nc_count FROM `zmkj_evaluate_goods` WHERE ( geval_goodsid = '100530' ) AND ( (geval_image <> '') OR (geval_image_again <> '') ) LIMIT 1  
[2018-01-20 18:47:18] /mobile/index.php?act=goods&op=goods_detail&goods_id=100545&key= ( act=goods&op=goods_detail ) 
ERR: Db Error: Unknown column 'geval_image_again' in 'where clause'
SELECT COUNT(*) AS nc_count FROM `zmkj_evaluate_goods` WHERE ( geval_goodsid = '100545' ) AND ( (geval_image <> '') OR (geval_image_again <> '') ) LIMIT 1  
[2018-01-20 18:47:45] /mobile/index.php?act=goods&op=goods_detail&goods_id=100540&key= ( act=goods&op=goods_detail ) 
ERR: Db Error: Unknown column 'geval_image_again' in 'where clause'
SELECT COUNT(*) AS nc_count FROM `zmkj_evaluate_goods` WHERE ( geval_goodsid = '100540' ) AND ( (geval_image <> '') OR (geval_image_again <> '') ) LIMIT 1  
[2018-01-20 18:47:49] /mobile/index.php?act=goods&op=goods_detail&goods_id=100561&key= ( act=goods&op=goods_detail ) 
ERR: Db Error: Unknown column 'geval_image_again' in 'where clause'
SELECT COUNT(*) AS nc_count FROM `zmkj_evaluate_goods` WHERE ( geval_goodsid = '100561' ) AND ( (geval_image <> '') OR (geval_image_again <> '') ) LIMIT 1  
[2018-01-20 18:47:57] /mobile/index.php?act=goods&op=goods_detail&goods_id=100540&key= ( act=goods&op=goods_detail ) 
ERR: Db Error: Unknown column 'geval_image_again' in 'where clause'
SELECT COUNT(*) AS nc_count FROM `zmkj_evaluate_goods` WHERE ( geval_goodsid = '100540' ) AND ( (geval_image <> '') OR (geval_image_again <> '') ) LIMIT 1  
[2018-01-20 19:28:56] /mobile/index.php?act=goods&op=goods_detail&goods_id=100451&key= ( act=goods&op=goods_detail ) 
ERR: Db Error: Unknown column 'geval_image_again' in 'where clause'
SELECT COUNT(*) AS nc_count FROM `zmkj_evaluate_goods` WHERE ( geval_goodsid = '100451' ) AND ( (geval_image <> '') OR (geval_image_again <> '') ) LIMIT 1  
[2018-01-20 19:30:42] /mobile/index.php?act=goods&op=goods_detail&goods_id=100483&key= ( act=goods&op=goods_detail ) 
ERR: Db Error: Unknown column 'geval_image_again' in 'where clause'
SELECT COUNT(*) AS nc_count FROM `zmkj_evaluate_goods` WHERE ( geval_goodsid = '100483' ) AND ( (geval_image <> '') OR (geval_image_again <> '') ) LIMIT 1  
[2018-01-20 19:55:31] /mobile/index.php?act=goods&op=goods_detail&goods_id=100474&key= ( act=goods&op=goods_detail ) 
ERR: Db Error: Unknown column 'geval_image_again' in 'where clause'
SELECT COUNT(*) AS nc_count FROM `zmkj_evaluate_goods` WHERE ( geval_goodsid = '100474' ) AND ( (geval_image <> '') OR (geval_image_again <> '') ) LIMIT 1  
[2018-01-20 19:56:52] /mobile/index.php?act=goods&op=goods_detail&goods_id=100530&key= ( act=goods&op=goods_detail ) 
ERR: Db Error: Unknown column 'geval_image_again' in 'where clause'
SELECT COUNT(*) AS nc_count FROM `zmkj_evaluate_goods` WHERE ( geval_goodsid = '100530' ) AND ( (geval_image <> '') OR (geval_image_again <> '') ) LIMIT 1  
[2018-01-20 19:57:14] /mobile/index.php?act=goods&op=goods_detail&goods_id=100545&key= ( act=goods&op=goods_detail ) 
ERR: Db Error: Unknown column 'geval_image_again' in 'where clause'
SELECT COUNT(*) AS nc_count FROM `zmkj_evaluate_goods` WHERE ( geval_goodsid = '100545' ) AND ( (geval_image <> '') OR (geval_image_again <> '') ) LIMIT 1  
[2018-01-20 19:59:05] /shop/index.php?act=goods&op=index&goods_id=100492 ( act=goods&op=index ) 
ERR: Db Error: Unknown column 'geval_image_again' in 'where clause'
SELECT COUNT(*) AS nc_count FROM `zmkj_evaluate_goods` WHERE ( geval_goodsid = '100492' ) AND ( (geval_image <> '') OR (geval_image_again <> '') ) LIMIT 1  
[2018-01-20 22:00:41] /shop/index.php?act=goods&op=index&goods_id=100557 ( act=goods&op=index ) 
ERR: Db Error: Unknown column 'geval_image_again' in 'where clause'
SELECT COUNT(*) AS nc_count FROM `zmkj_evaluate_goods` WHERE ( geval_goodsid = '100557' ) AND ( (geval_image <> '') OR (geval_image_again <> '') ) LIMIT 1  
[2018-01-20 22:01:41] /shop/index.php?act=goods&op=index&goods_id=100557 ( act=goods&op=index ) 
ERR: Db Error: Unknown column 'geval_image_again' in 'where clause'
SELECT COUNT(*) AS nc_count FROM `zmkj_evaluate_goods` WHERE ( geval_goodsid = '100557' ) AND ( (geval_image <> '') OR (geval_image_again <> '') ) LIMIT 1  
[2018-01-20 22:35:27] /mobile/index.php?act=goods&op=goods_detail&goods_id=100547&key= ( act=goods&op=goods_detail ) 
ERR: Db Error: Unknown column 'geval_image_again' in 'where clause'
SELECT COUNT(*) AS nc_count FROM `zmkj_evaluate_goods` WHERE ( geval_goodsid = '100547' ) AND ( (geval_image <> '') OR (geval_image_again <> '') ) LIMIT 1  
[2018-01-20 22:35:50] /mobile/index.php?act=goods&op=goods_detail&goods_id=100547&key= ( act=goods&op=goods_detail ) 
ERR: Db Error: Unknown column 'geval_image_again' in 'where clause'
SELECT COUNT(*) AS nc_count FROM `zmkj_evaluate_goods` WHERE ( geval_goodsid = '100547' ) AND ( (geval_image <> '') OR (geval_image_again <> '') ) LIMIT 1  
[2018-01-20 22:35:57] /mobile/index.php?act=goods&op=goods_detail&goods_id=100474&key= ( act=goods&op=goods_detail ) 
ERR: Db Error: Unknown column 'geval_image_again' in 'where clause'
SELECT COUNT(*) AS nc_count FROM `zmkj_evaluate_goods` WHERE ( geval_goodsid = '100474' ) AND ( (geval_image <> '') OR (geval_image_again <> '') ) LIMIT 1  
[2018-01-20 22:36:31] /mobile/index.php?act=goods&op=goods_detail&goods_id=100474&key= ( act=goods&op=goods_detail ) 
ERR: Db Error: Unknown column 'geval_image_again' in 'where clause'
SELECT COUNT(*) AS nc_count FROM `zmkj_evaluate_goods` WHERE ( geval_goodsid = '100474' ) AND ( (geval_image <> '') OR (geval_image_again <> '') ) LIMIT 1  
[2018-01-20 22:59:13] /mobile/index.php?act=goods&op=goods_detail&goods_id=100524&key= ( act=goods&op=goods_detail ) 
ERR: Db Error: Unknown column 'geval_image_again' in 'where clause'
SELECT COUNT(*) AS nc_count FROM `zmkj_evaluate_goods` WHERE ( geval_goodsid = '100524' ) AND ( (geval_image <> '') OR (geval_image_again <> '') ) LIMIT 1  
[2018-01-20 23:45:53] /mobile/index.php?act=goods&op=goods_detail&goods_id=100547&key= ( act=goods&op=goods_detail ) 
ERR: Db Error: Unknown column 'geval_image_again' in 'where clause'
SELECT COUNT(*) AS nc_count FROM `zmkj_evaluate_goods` WHERE ( geval_goodsid = '100547' ) AND ( (geval_image <> '') OR (geval_image_again <> '') ) LIMIT 1  
