[2018-08-07 01:43:19] /shop/index.php?act=search&op=index&cate_id=1704 ( act=search&op=index ) 
ERR: Db Error: Unknown column 'gc_id_' in 'where clause'
SELECT count(distinct CONCAT(goods_commonid)) AS nc_count FROM `zmkj_goods` WHERE ( gc_id_ = '1704' ) AND ( goods_state = '1' ) AND ( goods_verify = '1' ) LIMIT 1  
[2018-08-07 01:44:35] /shop/index.php?act=search&op=index&cate_id=1704&area_id=12 ( act=search&op=index ) 
ERR: Db Error: Unknown column 'gc_id_' in 'where clause'
SELECT count(distinct CONCAT(goods_commonid)) AS nc_count FROM `zmkj_goods` WHERE ( gc_id_ = '1704' ) AND ( areaid_1 = '12' ) AND ( goods_state = '1' ) AND ( goods_verify = '1' ) LIMIT 1  
[2018-08-07 01:46:13] /shop/index.php?act=search&op=index&cate_id=1704&key=3&order=2 ( act=search&op=index ) 
ERR: Db Error: Unknown column 'gc_id_' in 'where clause'
SELECT count(distinct CONCAT(goods_commonid)) AS nc_count FROM `zmkj_goods` WHERE ( gc_id_ = '1704' ) AND ( goods_state = '1' ) AND ( goods_verify = '1' ) LIMIT 1  
[2018-08-07 01:47:51] /shop/index.php?act=search&op=index&cate_id=1704&area_id=22 ( act=search&op=index ) 
ERR: Db Error: Unknown column 'gc_id_' in 'where clause'
SELECT count(distinct CONCAT(goods_commonid)) AS nc_count FROM `zmkj_goods` WHERE ( gc_id_ = '1704' ) AND ( areaid_1 = '22' ) AND ( goods_state = '1' ) AND ( goods_verify = '1' ) LIMIT 1  
[2018-08-07 01:48:51] /shop/index.php?act=search&op=index&cate_id=1704&gift=1 ( act=search&op=index ) 
ERR: Db Error: Unknown column 'gc_id_' in 'where clause'
SELECT count(distinct CONCAT(goods_commonid)) AS nc_count FROM `zmkj_goods` WHERE ( gc_id_ = '1704' ) AND ( have_gift = '1' ) AND ( goods_state = '1' ) AND ( goods_verify = '1' ) LIMIT 1  
[2018-08-07 03:39:07] /shop/index.php?act=goods&op=comments_list&goods_id=104144 ( act=goods&op=comments_list ) 
ERR: Db Error: Unknown column 'geval_image_again' in 'where clause'
SELECT COUNT(*) AS nc_count FROM `zmkj_evaluate_goods` WHERE ( geval_goodsid = '104144' ) AND ( (geval_image <> '') OR (geval_image_again <> '') ) LIMIT 1  
[2018-08-07 03:39:35] /shop/index.php?act=goods&op=comments_list&goods_id=104143 ( act=goods&op=comments_list ) 
ERR: Db Error: Unknown column 'geval_image_again' in 'where clause'
SELECT COUNT(*) AS nc_count FROM `zmkj_evaluate_goods` WHERE ( geval_goodsid = '104143' ) AND ( (geval_image <> '') OR (geval_image_again <> '') ) LIMIT 1  
[2018-08-07 04:34:05] /shop/index.php?act=goods&op=comments_list&goods_id=103997 ( act=goods&op=comments_list ) 
ERR: Db Error: Unknown column 'geval_image_again' in 'where clause'
SELECT COUNT(*) AS nc_count FROM `zmkj_evaluate_goods` WHERE ( geval_goodsid = '103997' ) AND ( (geval_image <> '') OR (geval_image_again <> '') ) LIMIT 1  
[2018-08-07 04:38:30] /shop/index.php?act=goods&op=comments_list&goods_id=102022 ( act=goods&op=comments_list ) 
ERR: Db Error: Unknown column 'geval_image_again' in 'where clause'
SELECT COUNT(*) AS nc_count FROM `zmkj_evaluate_goods` WHERE ( geval_goodsid = '102022' ) AND ( (geval_image <> '') OR (geval_image_again <> '') ) LIMIT 1  
[2018-08-07 04:49:09] /shop/index.php?act=goods&op=comments_list&goods_id=103359 ( act=goods&op=comments_list ) 
ERR: Db Error: Unknown column 'geval_image_again' in 'where clause'
SELECT COUNT(*) AS nc_count FROM `zmkj_evaluate_goods` WHERE ( geval_goodsid = '103359' ) AND ( (geval_image <> '') OR (geval_image_again <> '') ) LIMIT 1  
[2018-08-07 04:56:24] /shop/index.php?act=goods&op=comments_list&goods_id=102756 ( act=goods&op=comments_list ) 
ERR: Db Error: Unknown column 'geval_image_again' in 'where clause'
SELECT COUNT(*) AS nc_count FROM `zmkj_evaluate_goods` WHERE ( geval_goodsid = '102756' ) AND ( (geval_image <> '') OR (geval_image_again <> '') ) LIMIT 1  
[2018-08-07 05:14:11] /shop/index.php?act=goods&op=comments_list&goods_id=103951 ( act=goods&op=comments_list ) 
ERR: Db Error: Unknown column 'geval_image_again' in 'where clause'
SELECT COUNT(*) AS nc_count FROM `zmkj_evaluate_goods` WHERE ( geval_goodsid = '103951' ) AND ( (geval_image <> '') OR (geval_image_again <> '') ) LIMIT 1  
[2018-08-07 05:14:36] /shop/index.php?act=goods&op=comments_list&goods_id=102779 ( act=goods&op=comments_list ) 
ERR: Db Error: Unknown column 'geval_image_again' in 'where clause'
SELECT COUNT(*) AS nc_count FROM `zmkj_evaluate_goods` WHERE ( geval_goodsid = '102779' ) AND ( (geval_image <> '') OR (geval_image_again <> '') ) LIMIT 1  
[2018-08-07 05:18:38] /shop/index.php?act=search&op=index&cate_id=2160 ( act=search&op=index ) 
ERR: Db Error: Unknown column 'gc_id_' in 'where clause'
SELECT count(distinct CONCAT(goods_commonid)) AS nc_count FROM `zmkj_goods` WHERE ( gc_id_ = '2160' ) AND ( goods_state = '1' ) AND ( goods_verify = '1' ) LIMIT 1  
[2018-08-07 06:12:02] /shop/index.php?act=goods&op=comments_list&goods_id=102677 ( act=goods&op=comments_list ) 
ERR: Db Error: Unknown column 'geval_image_again' in 'where clause'
SELECT COUNT(*) AS nc_count FROM `zmkj_evaluate_goods` WHERE ( geval_goodsid = '102677' ) AND ( (geval_image <> '') OR (geval_image_again <> '') ) LIMIT 1  
[2018-08-07 06:32:43] /shop/index.php?act=goods&op=comments_list&goods_id=102847 ( act=goods&op=comments_list ) 
ERR: Db Error: Unknown column 'geval_image_again' in 'where clause'
SELECT COUNT(*) AS nc_count FROM `zmkj_evaluate_goods` WHERE ( geval_goodsid = '102847' ) AND ( (geval_image <> '') OR (geval_image_again <> '') ) LIMIT 1  
[2018-08-07 06:34:20] /shop/index.php?act=goods&op=comments_list&goods_id=103349 ( act=goods&op=comments_list ) 
ERR: Db Error: Unknown column 'geval_image_again' in 'where clause'
SELECT COUNT(*) AS nc_count FROM `zmkj_evaluate_goods` WHERE ( geval_goodsid = '103349' ) AND ( (geval_image <> '') OR (geval_image_again <> '') ) LIMIT 1  
[2018-08-07 07:17:53] /shop/index.php?act=goods&op=comments_list&goods_id=103979 ( act=goods&op=comments_list ) 
ERR: Db Error: Unknown column 'geval_image_again' in 'where clause'
SELECT COUNT(*) AS nc_count FROM `zmkj_evaluate_goods` WHERE ( geval_goodsid = '103979' ) AND ( (geval_image <> '') OR (geval_image_again <> '') ) LIMIT 1  
[2018-08-07 07:32:21] /shop/index.php?act=goods&op=comments_list&goods_id=103579 ( act=goods&op=comments_list ) 
ERR: Db Error: Unknown column 'geval_image_again' in 'where clause'
SELECT COUNT(*) AS nc_count FROM `zmkj_evaluate_goods` WHERE ( geval_goodsid = '103579' ) AND ( (geval_image <> '') OR (geval_image_again <> '') ) LIMIT 1  
[2018-08-07 07:38:57] /shop/index.php?act=goods&op=comments_list&goods_id=103979&type=2 ( act=goods&op=comments_list ) 
ERR: Db Error: Unknown column 'geval_image_again' in 'where clause'
SELECT COUNT(*) AS nc_count FROM `zmkj_evaluate_goods` WHERE ( geval_goodsid = '103979' ) AND ( (geval_image <> '') OR (geval_image_again <> '') ) LIMIT 1  
[2018-08-07 07:39:34] /shop/index.php?act=goods&op=comments_list&goods_id=103979&type=3 ( act=goods&op=comments_list ) 
ERR: Db Error: Unknown column 'geval_image_again' in 'where clause'
SELECT COUNT(*) AS nc_count FROM `zmkj_evaluate_goods` WHERE ( geval_goodsid = '103979' ) AND ( (geval_image <> '') OR (geval_image_again <> '') ) LIMIT 1  
[2018-08-07 07:43:11] /shop/index.php?act=goods&op=comments_list&goods_id=103979&type=1 ( act=goods&op=comments_list ) 
ERR: Db Error: Unknown column 'geval_image_again' in 'where clause'
SELECT COUNT(*) AS nc_count FROM `zmkj_evaluate_goods` WHERE ( geval_goodsid = '103979' ) AND ( (geval_image <> '') OR (geval_image_again <> '') ) LIMIT 1  
[2018-08-07 07:53:50] /shop/index.php?act=goods&op=comments_list&goods_id=104024 ( act=goods&op=comments_list ) 
ERR: Db Error: Unknown column 'geval_image_again' in 'where clause'
SELECT COUNT(*) AS nc_count FROM `zmkj_evaluate_goods` WHERE ( geval_goodsid = '104024' ) AND ( (geval_image <> '') OR (geval_image_again <> '') ) LIMIT 1  
[2018-08-07 08:04:44] /shop/index.php?act=goods&op=comments_list&goods_id=102674 ( act=goods&op=comments_list ) 
ERR: Db Error: Unknown column 'geval_image_again' in 'where clause'
SELECT COUNT(*) AS nc_count FROM `zmkj_evaluate_goods` WHERE ( geval_goodsid = '102674' ) AND ( (geval_image <> '') OR (geval_image_again <> '') ) LIMIT 1  
[2018-08-07 08:14:28] /shop/index.php?act=goods&op=comments_list&goods_id=103875 ( act=goods&op=comments_list ) 
ERR: Db Error: Unknown column 'geval_image_again' in 'where clause'
SELECT COUNT(*) AS nc_count FROM `zmkj_evaluate_goods` WHERE ( geval_goodsid = '103875' ) AND ( (geval_image <> '') OR (geval_image_again <> '') ) LIMIT 1  
[2018-08-07 08:54:07] /shop/index.php?act=goods&op=comments_list&goods_id=102048 ( act=goods&op=comments_list ) 
ERR: Db Error: Unknown column 'geval_image_again' in 'where clause'
SELECT COUNT(*) AS nc_count FROM `zmkj_evaluate_goods` WHERE ( geval_goodsid = '102048' ) AND ( (geval_image <> '') OR (geval_image_again <> '') ) LIMIT 1  
[2018-08-07 09:10:01] /shop/index.php?act=goods&op=comments_list&goods_id=103956 ( act=goods&op=comments_list ) 
ERR: Db Error: Unknown column 'geval_image_again' in 'where clause'
SELECT COUNT(*) AS nc_count FROM `zmkj_evaluate_goods` WHERE ( geval_goodsid = '103956' ) AND ( (geval_image <> '') OR (geval_image_again <> '') ) LIMIT 1  
[2018-08-07 09:27:28] /shop/index.php?act=goods&op=comments_list&goods_id=103957 ( act=goods&op=comments_list ) 
ERR: Db Error: Unknown column 'geval_image_again' in 'where clause'
SELECT COUNT(*) AS nc_count FROM `zmkj_evaluate_goods` WHERE ( geval_goodsid = '103957' ) AND ( (geval_image <> '') OR (geval_image_again <> '') ) LIMIT 1  
[2018-08-07 09:28:19] /shop/index.php?act=goods&op=comments_list&goods_id=103895 ( act=goods&op=comments_list ) 
ERR: Db Error: Unknown column 'geval_image_again' in 'where clause'
SELECT COUNT(*) AS nc_count FROM `zmkj_evaluate_goods` WHERE ( geval_goodsid = '103895' ) AND ( (geval_image <> '') OR (geval_image_again <> '') ) LIMIT 1  
[2018-08-07 09:35:53] /shop/index.php?act=goods&op=comments_list&goods_id=103242 ( act=goods&op=comments_list ) 
ERR: Db Error: Unknown column 'geval_image_again' in 'where clause'
SELECT COUNT(*) AS nc_count FROM `zmkj_evaluate_goods` WHERE ( geval_goodsid = '103242' ) AND ( (geval_image <> '') OR (geval_image_again <> '') ) LIMIT 1  
[2018-08-07 09:38:27] /shop/index.php?act=goods&op=comments_list&goods_id=101995 ( act=goods&op=comments_list ) 
ERR: Db Error: Unknown column 'geval_image_again' in 'where clause'
SELECT COUNT(*) AS nc_count FROM `zmkj_evaluate_goods` WHERE ( geval_goodsid = '101995' ) AND ( (geval_image <> '') OR (geval_image_again <> '') ) LIMIT 1  
[2018-08-07 09:55:02] /shop/index.php?act=goods&op=comments_list&goods_id=103973 ( act=goods&op=comments_list ) 
ERR: Db Error: Unknown column 'geval_image_again' in 'where clause'
SELECT COUNT(*) AS nc_count FROM `zmkj_evaluate_goods` WHERE ( geval_goodsid = '103973' ) AND ( (geval_image <> '') OR (geval_image_again <> '') ) LIMIT 1  
[2018-08-07 10:31:54] /shop/index.php?act=goods&op=comments_list&goods_id=104043 ( act=goods&op=comments_list ) 
ERR: Db Error: Unknown column 'geval_image_again' in 'where clause'
SELECT COUNT(*) AS nc_count FROM `zmkj_evaluate_goods` WHERE ( geval_goodsid = '104043' ) AND ( (geval_image <> '') OR (geval_image_again <> '') ) LIMIT 1  
[2018-08-07 10:38:10] /shop/index.php?act=goods&op=comments_list&goods_id=103208 ( act=goods&op=comments_list ) 
ERR: Db Error: Unknown column 'geval_image_again' in 'where clause'
SELECT COUNT(*) AS nc_count FROM `zmkj_evaluate_goods` WHERE ( geval_goodsid = '103208' ) AND ( (geval_image <> '') OR (geval_image_again <> '') ) LIMIT 1  
[2018-08-07 10:38:26] /shop/index.php?act=goods&op=comments_list&goods_id=103210 ( act=goods&op=comments_list ) 
ERR: Db Error: Unknown column 'geval_image_again' in 'where clause'
SELECT COUNT(*) AS nc_count FROM `zmkj_evaluate_goods` WHERE ( geval_goodsid = '103210' ) AND ( (geval_image <> '') OR (geval_image_again <> '') ) LIMIT 1  
[2018-08-07 10:38:41] /shop/index.php?act=goods&op=comments_list&goods_id=103216 ( act=goods&op=comments_list ) 
ERR: Db Error: Unknown column 'geval_image_again' in 'where clause'
SELECT COUNT(*) AS nc_count FROM `zmkj_evaluate_goods` WHERE ( geval_goodsid = '103216' ) AND ( (geval_image <> '') OR (geval_image_again <> '') ) LIMIT 1  
[2018-08-07 10:38:57] /shop/index.php?act=goods&op=comments_list&goods_id=103209 ( act=goods&op=comments_list ) 
ERR: Db Error: Unknown column 'geval_image_again' in 'where clause'
SELECT COUNT(*) AS nc_count FROM `zmkj_evaluate_goods` WHERE ( geval_goodsid = '103209' ) AND ( (geval_image <> '') OR (geval_image_again <> '') ) LIMIT 1  
[2018-08-07 10:39:16] /shop/index.php?act=goods&op=comments_list&goods_id=103205 ( act=goods&op=comments_list ) 
ERR: Db Error: Unknown column 'geval_image_again' in 'where clause'
SELECT COUNT(*) AS nc_count FROM `zmkj_evaluate_goods` WHERE ( geval_goodsid = '103205' ) AND ( (geval_image <> '') OR (geval_image_again <> '') ) LIMIT 1  
[2018-08-07 10:39:26] /shop/index.php?act=goods&op=comments_list&goods_id=103206 ( act=goods&op=comments_list ) 
ERR: Db Error: Unknown column 'geval_image_again' in 'where clause'
SELECT COUNT(*) AS nc_count FROM `zmkj_evaluate_goods` WHERE ( geval_goodsid = '103206' ) AND ( (geval_image <> '') OR (geval_image_again <> '') ) LIMIT 1  
[2018-08-07 10:39:35] /shop/index.php?act=goods&op=comments_list&goods_id=103215 ( act=goods&op=comments_list ) 
ERR: Db Error: Unknown column 'geval_image_again' in 'where clause'
SELECT COUNT(*) AS nc_count FROM `zmkj_evaluate_goods` WHERE ( geval_goodsid = '103215' ) AND ( (geval_image <> '') OR (geval_image_again <> '') ) LIMIT 1  
[2018-08-07 10:39:56] /shop/index.php?act=goods&op=comments_list&goods_id=103207 ( act=goods&op=comments_list ) 
ERR: Db Error: Unknown column 'geval_image_again' in 'where clause'
SELECT COUNT(*) AS nc_count FROM `zmkj_evaluate_goods` WHERE ( geval_goodsid = '103207' ) AND ( (geval_image <> '') OR (geval_image_again <> '') ) LIMIT 1  
[2018-08-07 10:58:01] /shop/index.php?act=goods&op=comments_list&goods_id=103598 ( act=goods&op=comments_list ) 
ERR: Db Error: Unknown column 'geval_image_again' in 'where clause'
SELECT COUNT(*) AS nc_count FROM `zmkj_evaluate_goods` WHERE ( geval_goodsid = '103598' ) AND ( (geval_image <> '') OR (geval_image_again <> '') ) LIMIT 1  
[2018-08-07 11:03:34] /shop/index.php?act=goods&op=comments_list&goods_id=102748 ( act=goods&op=comments_list ) 
ERR: Db Error: Unknown column 'geval_image_again' in 'where clause'
SELECT COUNT(*) AS nc_count FROM `zmkj_evaluate_goods` WHERE ( geval_goodsid = '102748' ) AND ( (geval_image <> '') OR (geval_image_again <> '') ) LIMIT 1  
[2018-08-07 11:08:00] /shop/index.php?act=goods&op=comments_list&goods_id=102038 ( act=goods&op=comments_list ) 
ERR: Db Error: Unknown column 'geval_image_again' in 'where clause'
SELECT COUNT(*) AS nc_count FROM `zmkj_evaluate_goods` WHERE ( geval_goodsid = '102038' ) AND ( (geval_image <> '') OR (geval_image_again <> '') ) LIMIT 1  
[2018-08-07 11:21:53] /shop/index.php?act=goods&op=comments_list&goods_id=102683 ( act=goods&op=comments_list ) 
ERR: Db Error: Unknown column 'geval_image_again' in 'where clause'
SELECT COUNT(*) AS nc_count FROM `zmkj_evaluate_goods` WHERE ( geval_goodsid = '102683' ) AND ( (geval_image <> '') OR (geval_image_again <> '') ) LIMIT 1  
[2018-08-07 11:41:23] /shop/index.php?act=goods&op=comments_list&goods_id=102690 ( act=goods&op=comments_list ) 
ERR: Db Error: Unknown column 'geval_image_again' in 'where clause'
SELECT COUNT(*) AS nc_count FROM `zmkj_evaluate_goods` WHERE ( geval_goodsid = '102690' ) AND ( (geval_image <> '') OR (geval_image_again <> '') ) LIMIT 1  
[2018-08-07 11:50:08] /shop/index.php?act=goods&op=comments_list&goods_id=102675 ( act=goods&op=comments_list ) 
ERR: Db Error: Unknown column 'geval_image_again' in 'where clause'
SELECT COUNT(*) AS nc_count FROM `zmkj_evaluate_goods` WHERE ( geval_goodsid = '102675' ) AND ( (geval_image <> '') OR (geval_image_again <> '') ) LIMIT 1  
[2018-08-07 12:05:05] /shop/index.php?act=goods&op=comments_list&goods_id=103220 ( act=goods&op=comments_list ) 
ERR: Db Error: Unknown column 'geval_image_again' in 'where clause'
SELECT COUNT(*) AS nc_count FROM `zmkj_evaluate_goods` WHERE ( geval_goodsid = '103220' ) AND ( (geval_image <> '') OR (geval_image_again <> '') ) LIMIT 1  
[2018-08-07 12:07:16] /shop/index.php?act=goods&op=comments_list&goods_id=102998 ( act=goods&op=comments_list ) 
ERR: Db Error: Unknown column 'geval_image_again' in 'where clause'
SELECT COUNT(*) AS nc_count FROM `zmkj_evaluate_goods` WHERE ( geval_goodsid = '102998' ) AND ( (geval_image <> '') OR (geval_image_again <> '') ) LIMIT 1  
[2018-08-07 13:37:59] /shop/index.php?act=goods&op=comments_list&goods_id=103014 ( act=goods&op=comments_list ) 
ERR: Db Error: Unknown column 'geval_image_again' in 'where clause'
SELECT COUNT(*) AS nc_count FROM `zmkj_evaluate_goods` WHERE ( geval_goodsid = '103014' ) AND ( (geval_image <> '') OR (geval_image_again <> '') ) LIMIT 1  
[2018-08-07 14:08:49] /shop/index.php?act=search&op=index&cate_id=2112 ( act=search&op=index ) 
ERR: Db Error: Unknown column 'gc_id_' in 'where clause'
SELECT count(distinct CONCAT(goods_commonid)) AS nc_count FROM `zmkj_goods` WHERE ( gc_id_ = '2112' ) AND ( goods_state = '1' ) AND ( goods_verify = '1' ) LIMIT 1  
[2018-08-07 14:15:12] /shop/index.php?act=search&op=index&cate_id=2112&area_id=14 ( act=search&op=index ) 
ERR: Db Error: Unknown column 'gc_id_' in 'where clause'
SELECT count(distinct CONCAT(goods_commonid)) AS nc_count FROM `zmkj_goods` WHERE ( gc_id_ = '2112' ) AND ( areaid_1 = '14' ) AND ( goods_state = '1' ) AND ( goods_verify = '1' ) LIMIT 1  
[2018-08-07 14:15:28] /shop/index.php?act=search&op=index&cate_id=2112&area_id=12 ( act=search&op=index ) 
ERR: Db Error: Unknown column 'gc_id_' in 'where clause'
SELECT count(distinct CONCAT(goods_commonid)) AS nc_count FROM `zmkj_goods` WHERE ( gc_id_ = '2112' ) AND ( areaid_1 = '12' ) AND ( goods_state = '1' ) AND ( goods_verify = '1' ) LIMIT 1  
[2018-08-07 14:16:33] /shop/index.php?act=search&op=index&cate_id=2112&area_id=35 ( act=search&op=index ) 
ERR: Db Error: Unknown column 'gc_id_' in 'where clause'
SELECT count(distinct CONCAT(goods_commonid)) AS nc_count FROM `zmkj_goods` WHERE ( gc_id_ = '2112' ) AND ( areaid_1 = '35' ) AND ( goods_state = '1' ) AND ( goods_verify = '1' ) LIMIT 1  
[2018-08-07 14:18:54] /shop/index.php?act=search&op=index&cate_id=2112&area_id=9 ( act=search&op=index ) 
ERR: Db Error: Unknown column 'gc_id_' in 'where clause'
SELECT count(distinct CONCAT(goods_commonid)) AS nc_count FROM `zmkj_goods` WHERE ( gc_id_ = '2112' ) AND ( areaid_1 = '9' ) AND ( goods_state = '1' ) AND ( goods_verify = '1' ) LIMIT 1  
[2018-08-07 14:35:49] /shop/index.php?act=goods&op=comments_list&goods_id=104442 ( act=goods&op=comments_list ) 
ERR: Db Error: Unknown column 'geval_image_again' in 'where clause'
SELECT COUNT(*) AS nc_count FROM `zmkj_evaluate_goods` WHERE ( geval_goodsid = '104442' ) AND ( (geval_image <> '') OR (geval_image_again <> '') ) LIMIT 1  
[2018-08-07 14:53:34] /admin/index.php?act=goods_orm&op=ajax_show&goods_id=104276 ( act=goods_orm&op=ajax_show ) 
ERR: Db Error: You have an error in your SQL syntax; check the manual that corresponds to your MySQL server version for the right syntax to use near '}' at line 1
select * from zmkj_goods_bind where goods_id={$goods_id}
[2018-08-07 14:53:41] /admin/index.php?act=goods_orm&op=ajax_show&goods_id=104277 ( act=goods_orm&op=ajax_show ) 
ERR: Db Error: You have an error in your SQL syntax; check the manual that corresponds to your MySQL server version for the right syntax to use near '}' at line 1
select * from zmkj_goods_bind where goods_id={$goods_id}
[2018-08-07 15:07:59] /shop/index.php?act=search&op=index&cate_id=2125 ( act=search&op=index ) 
ERR: Db Error: Unknown column 'gc_id_' in 'where clause'
SELECT count(distinct CONCAT(goods_commonid)) AS nc_count FROM `zmkj_goods` WHERE ( gc_id_ = '2125' ) AND ( goods_state = '1' ) AND ( goods_verify = '1' ) LIMIT 1  
[2018-08-07 16:07:39] /shop/index.php?act=goods&op=comments_list&goods_id=103635 ( act=goods&op=comments_list ) 
ERR: Db Error: Unknown column 'geval_image_again' in 'where clause'
SELECT COUNT(*) AS nc_count FROM `zmkj_evaluate_goods` WHERE ( geval_goodsid = '103635' ) AND ( (geval_image <> '') OR (geval_image_again <> '') ) LIMIT 1  
[2018-08-07 16:31:12] /shop/index.php?act=search&op=index&cate_id=1594&area_id=9 ( act=search&op=index ) 
ERR: Db Error: Unknown column 'gc_id_' in 'where clause'
SELECT count(distinct CONCAT(goods_commonid)) AS nc_count FROM `zmkj_goods` WHERE ( gc_id_ = '1594' ) AND ( areaid_1 = '9' ) AND ( goods_state = '1' ) AND ( goods_verify = '1' ) LIMIT 1  
[2018-08-07 16:59:05] /admin/index.php?act=zf_class&op=index&class_name=&class_id=&goods_name=%E4%B8%80%E4%BD%93%E6%9C%BA ( act=zf_class&op=index ) 
ERR: Db Error: Unknown column 'goods_name' in 'where clause'
SELECT count(*) as count FROM `zmkj_zf_class` as `zf_class`  WHERE goods_name like '%一体机%'
[2018-08-07 16:59:05] /admin/index.php?act=zf_class&op=index&class_name=&class_id=&goods_name=%E4%B8%80%E4%BD%93%E6%9C%BA ( act=zf_class&op=index ) 
ERR: Db Error: Unknown column 'goods_name' in 'where clause'
SELECT * FROM `zmkj_zf_class` as `zf_class`  WHERE goods_name like '%一体机%' order by class_type desc,goods_num desc,id asc limit 0,10
[2018-08-07 16:59:16] /shop/index.php?act=search&op=index&cate_id=2140 ( act=search&op=index ) 
ERR: Db Error: Unknown column 'gc_id_' in 'where clause'
SELECT count(distinct CONCAT(goods_commonid)) AS nc_count FROM `zmkj_goods` WHERE ( gc_id_ = '2140' ) AND ( goods_state = '1' ) AND ( goods_verify = '1' ) LIMIT 1  
[2018-08-07 17:00:19] /admin/index.php?act=zf_class&op=index&class_name=&class_id=&goods_name=%E7%94%B5%E8%84%91 ( act=zf_class&op=index ) 
ERR: Db Error: Unknown column 'goods_name' in 'where clause'
SELECT count(*) as count FROM `zmkj_zf_class` as `zf_class`  WHERE goods_name like '%电脑%'
[2018-08-07 17:00:19] /admin/index.php?act=zf_class&op=index&class_name=&class_id=&goods_name=%E7%94%B5%E8%84%91 ( act=zf_class&op=index ) 
ERR: Db Error: Unknown column 'goods_name' in 'where clause'
SELECT * FROM `zmkj_zf_class` as `zf_class`  WHERE goods_name like '%电脑%' order by class_type desc,goods_num desc,id asc limit 0,10
[2018-08-07 17:01:51] /admin/index.php?act=zf_class&op=index&class_name=&class_id=&goods_name=%E4%B8%80%E4%BD%93%E6%9C%BA ( act=zf_class&op=index ) 
ERR: Db Error: Unknown column 'goods_name' in 'where clause'
SELECT count(*) as count FROM `zmkj_zf_class` as `zf_class`  WHERE  goods_name like '%一体机%'
[2018-08-07 17:01:51] /admin/index.php?act=zf_class&op=index&class_name=&class_id=&goods_name=%E4%B8%80%E4%BD%93%E6%9C%BA ( act=zf_class&op=index ) 
ERR: Db Error: Unknown column 'goods_name' in 'where clause'
SELECT * FROM `zmkj_zf_class` as `zf_class`  WHERE  goods_name like '%一体机%' order by class_type desc,goods_num desc,id asc limit 0,10
[2018-08-07 17:06:29] /admin/index.php?act=zf_class&op=index&class_name=&class_id=&goods_name=%E4%B8%80%E4%BD%93%E6%9C%BA ( act=zf_class&op=index ) 
ERR: Db Error: Unknown column 'goods_name' in 'where clause'
SELECT count(*) as count FROM `zmkj_zf_class` as `zf_class`  WHERE  goods_name like '%一体机%'
[2018-08-07 17:06:29] /admin/index.php?act=zf_class&op=index&class_name=&class_id=&goods_name=%E4%B8%80%E4%BD%93%E6%9C%BA ( act=zf_class&op=index ) 
ERR: Db Error: Unknown column 'goods_name' in 'where clause'
SELECT * FROM `zmkj_zf_class` as `zf_class`  WHERE  goods_name like '%一体机%' order by class_type desc,goods_num desc,id asc limit 0,10
[2018-08-07 17:06:37] /admin/index.php?act=zf_class&op=index&class_name=&class_id=&goods_name=%E4%B8%80%E4%BD%93%E6%9C%BA ( act=zf_class&op=index ) 
ERR: Db Error: Unknown column 'goods_name' in 'where clause'
SELECT count(*) as count FROM `zmkj_zf_class` as `zf_class`  WHERE  goods_name like '%一体机%'
[2018-08-07 17:06:37] /admin/index.php?act=zf_class&op=index&class_name=&class_id=&goods_name=%E4%B8%80%E4%BD%93%E6%9C%BA ( act=zf_class&op=index ) 
ERR: Db Error: Unknown column 'goods_name' in 'where clause'
SELECT * FROM `zmkj_zf_class` as `zf_class`  WHERE  goods_name like '%一体机%' order by class_type desc,goods_num desc,id asc limit 0,10
[2018-08-07 17:23:07] /shop/index.php?act=goods&op=comments_list&goods_id=105695 ( act=goods&op=comments_list ) 
ERR: Db Error: Unknown column 'geval_image_again' in 'where clause'
SELECT COUNT(*) AS nc_count FROM `zmkj_evaluate_goods` WHERE ( geval_goodsid = '105695' ) AND ( (geval_image <> '') OR (geval_image_again <> '') ) LIMIT 1  
[2018-08-07 17:23:16] /shop/index.php?act=goods&op=comments_list&goods_id=105641 ( act=goods&op=comments_list ) 
ERR: Db Error: Unknown column 'geval_image_again' in 'where clause'
SELECT COUNT(*) AS nc_count FROM `zmkj_evaluate_goods` WHERE ( geval_goodsid = '105641' ) AND ( (geval_image <> '') OR (geval_image_again <> '') ) LIMIT 1  
[2018-08-07 17:23:30] /shop/index.php?act=goods&op=comments_list&goods_id=105658 ( act=goods&op=comments_list ) 
ERR: Db Error: Unknown column 'geval_image_again' in 'where clause'
SELECT COUNT(*) AS nc_count FROM `zmkj_evaluate_goods` WHERE ( geval_goodsid = '105658' ) AND ( (geval_image <> '') OR (geval_image_again <> '') ) LIMIT 1  
[2018-08-07 17:24:31] /shop/index.php?act=goods&op=comments_list&goods_id=105653 ( act=goods&op=comments_list ) 
ERR: Db Error: Unknown column 'geval_image_again' in 'where clause'
SELECT COUNT(*) AS nc_count FROM `zmkj_evaluate_goods` WHERE ( geval_goodsid = '105653' ) AND ( (geval_image <> '') OR (geval_image_again <> '') ) LIMIT 1  
[2018-08-07 17:24:51] /shop/index.php?act=goods&op=comments_list&goods_id=105644 ( act=goods&op=comments_list ) 
ERR: Db Error: Unknown column 'geval_image_again' in 'where clause'
SELECT COUNT(*) AS nc_count FROM `zmkj_evaluate_goods` WHERE ( geval_goodsid = '105644' ) AND ( (geval_image <> '') OR (geval_image_again <> '') ) LIMIT 1  
[2018-08-07 17:25:52] /shop/index.php?act=goods&op=comments_list&goods_id=105748 ( act=goods&op=comments_list ) 
ERR: Db Error: Unknown column 'geval_image_again' in 'where clause'
SELECT COUNT(*) AS nc_count FROM `zmkj_evaluate_goods` WHERE ( geval_goodsid = '105748' ) AND ( (geval_image <> '') OR (geval_image_again <> '') ) LIMIT 1  
[2018-08-07 18:06:47] /shop/index.php?act=search&op=index&cate_id=2157 ( act=search&op=index ) 
ERR: Db Error: Unknown column 'gc_id_' in 'where clause'
SELECT count(distinct CONCAT(goods_commonid)) AS nc_count FROM `zmkj_goods` WHERE ( gc_id_ = '2157' ) AND ( goods_state = '1' ) AND ( goods_verify = '1' ) LIMIT 1  
[2018-08-07 18:39:50] /shop/index.php?act=goods&op=comments_list&goods_id=104277 ( act=goods&op=comments_list ) 
ERR: Db Error: Unknown column 'geval_image_again' in 'where clause'
SELECT COUNT(*) AS nc_count FROM `zmkj_evaluate_goods` WHERE ( geval_goodsid = '104277' ) AND ( (geval_image <> '') OR (geval_image_again <> '') ) LIMIT 1  
