[2018-02-17 00:30:58] /shop/index.php?act=goods&goods_id=101234&op=index ( act=goods&op=index ) 
ERR: Db Error: Unknown column 'geval_image_again' in 'where clause'
SELECT COUNT(*) AS nc_count FROM `zmkj_evaluate_goods` WHERE ( geval_goodsid = '101234' ) AND ( (geval_image <> '') OR (geval_image_again <> '') ) LIMIT 1  
[2018-02-17 00:39:28] /shop/index.php?act=goods&goods_id=100648&op=index ( act=goods&op=index ) 
ERR: Db Error: Unknown column 'geval_image_again' in 'where clause'
SELECT COUNT(*) AS nc_count FROM `zmkj_evaluate_goods` WHERE ( geval_goodsid = '100648' ) AND ( (geval_image <> '') OR (geval_image_again <> '') ) LIMIT 1  
[2018-02-17 00:53:58] /shop/index.php?act=goods&goods_id=100683&op=index ( act=goods&op=index ) 
ERR: Db Error: Unknown column 'geval_image_again' in 'where clause'
SELECT COUNT(*) AS nc_count FROM `zmkj_evaluate_goods` WHERE ( geval_goodsid = '100683' ) AND ( (geval_image <> '') OR (geval_image_again <> '') ) LIMIT 1  
[2018-02-17 01:15:59] /shop/index.php?act=goods&goods_id=101438&op=index ( act=goods&op=index ) 
ERR: Db Error: Unknown column 'geval_image_again' in 'where clause'
SELECT COUNT(*) AS nc_count FROM `zmkj_evaluate_goods` WHERE ( geval_goodsid = '101438' ) AND ( (geval_image <> '') OR (geval_image_again <> '') ) LIMIT 1  
[2018-02-17 01:36:29] /shop/index.php?act=goods&goods_id=100824&op=index ( act=goods&op=index ) 
ERR: Db Error: Unknown column 'geval_image_again' in 'where clause'
SELECT COUNT(*) AS nc_count FROM `zmkj_evaluate_goods` WHERE ( geval_goodsid = '100824' ) AND ( (geval_image <> '') OR (geval_image_again <> '') ) LIMIT 1  
[2018-02-17 01:55:29] /shop/index.php?act=goods&goods_id=100952&op=index ( act=goods&op=index ) 
ERR: Db Error: Unknown column 'geval_image_again' in 'where clause'
SELECT COUNT(*) AS nc_count FROM `zmkj_evaluate_goods` WHERE ( geval_goodsid = '100952' ) AND ( (geval_image <> '') OR (geval_image_again <> '') ) LIMIT 1  
[2018-02-17 07:12:34] /shop/index.php?act=goods&goods_id=101042&op=index ( act=goods&op=index ) 
ERR: Db Error: Unknown column 'geval_image_again' in 'where clause'
SELECT COUNT(*) AS nc_count FROM `zmkj_evaluate_goods` WHERE ( geval_goodsid = '101042' ) AND ( (geval_image <> '') OR (geval_image_again <> '') ) LIMIT 1  
[2018-02-17 07:30:34] /shop/index.php?act=goods&goods_id=101052&op=index ( act=goods&op=index ) 
ERR: Db Error: Unknown column 'geval_image_again' in 'where clause'
SELECT COUNT(*) AS nc_count FROM `zmkj_evaluate_goods` WHERE ( geval_goodsid = '101052' ) AND ( (geval_image <> '') OR (geval_image_again <> '') ) LIMIT 1  
[2018-02-17 07:56:35] /shop/index.php?act=goods&goods_id=101011&op=index ( act=goods&op=index ) 
ERR: Db Error: Unknown column 'geval_image_again' in 'where clause'
SELECT COUNT(*) AS nc_count FROM `zmkj_evaluate_goods` WHERE ( geval_goodsid = '101011' ) AND ( (geval_image <> '') OR (geval_image_again <> '') ) LIMIT 1  
[2018-02-17 08:16:07] /shop/index.php?act=goods&goods_id=100941&op=index ( act=goods&op=index ) 
ERR: Db Error: Unknown column 'geval_image_again' in 'where clause'
SELECT COUNT(*) AS nc_count FROM `zmkj_evaluate_goods` WHERE ( geval_goodsid = '100941' ) AND ( (geval_image <> '') OR (geval_image_again <> '') ) LIMIT 1  
[2018-02-17 08:38:16] /shop/index.php?act=goods&goods_id=101019&op=index ( act=goods&op=index ) 
ERR: Db Error: Unknown column 'geval_image_again' in 'where clause'
SELECT COUNT(*) AS nc_count FROM `zmkj_evaluate_goods` WHERE ( geval_goodsid = '101019' ) AND ( (geval_image <> '') OR (geval_image_again <> '') ) LIMIT 1  
[2018-02-17 08:53:35] /shop/index.php?act=goods&goods_id=100729&op=index ( act=goods&op=index ) 
ERR: Db Error: Unknown column 'geval_image_again' in 'where clause'
SELECT COUNT(*) AS nc_count FROM `zmkj_evaluate_goods` WHERE ( geval_goodsid = '100729' ) AND ( (geval_image <> '') OR (geval_image_again <> '') ) LIMIT 1  
[2018-02-17 09:18:56] /shop/index.php?act=goods&goods_id=101025&op=index ( act=goods&op=index ) 
ERR: Db Error: Unknown column 'geval_image_again' in 'where clause'
SELECT COUNT(*) AS nc_count FROM `zmkj_evaluate_goods` WHERE ( geval_goodsid = '101025' ) AND ( (geval_image <> '') OR (geval_image_again <> '') ) LIMIT 1  
[2018-02-17 09:35:27] /shop/index.php?act=goods&goods_id=100687&op=index ( act=goods&op=index ) 
ERR: Db Error: Unknown column 'geval_image_again' in 'where clause'
SELECT COUNT(*) AS nc_count FROM `zmkj_evaluate_goods` WHERE ( geval_goodsid = '100687' ) AND ( (geval_image <> '') OR (geval_image_again <> '') ) LIMIT 1  
[2018-02-17 09:56:57] /shop/index.php?act=goods&goods_id=101037&op=index ( act=goods&op=index ) 
ERR: Db Error: Unknown column 'geval_image_again' in 'where clause'
SELECT COUNT(*) AS nc_count FROM `zmkj_evaluate_goods` WHERE ( geval_goodsid = '101037' ) AND ( (geval_image <> '') OR (geval_image_again <> '') ) LIMIT 1  
[2018-02-17 10:02:27] /shop/index.php?act=goods&op=index&goods_id=100582 ( act=goods&op=index ) 
ERR: Db Error: Unknown column 'geval_image_again' in 'where clause'
SELECT COUNT(*) AS nc_count FROM `zmkj_evaluate_goods` WHERE ( geval_goodsid = '100582' ) AND ( (geval_image <> '') OR (geval_image_again <> '') ) LIMIT 1  
[2018-02-17 10:15:27] /shop/index.php?act=goods&goods_id=100727&op=index ( act=goods&op=index ) 
ERR: Db Error: Unknown column 'geval_image_again' in 'where clause'
SELECT COUNT(*) AS nc_count FROM `zmkj_evaluate_goods` WHERE ( geval_goodsid = '100727' ) AND ( (geval_image <> '') OR (geval_image_again <> '') ) LIMIT 1  
[2018-02-17 10:38:57] /shop/index.php?act=goods&goods_id=100686&op=index ( act=goods&op=index ) 
ERR: Db Error: Unknown column 'geval_image_again' in 'where clause'
SELECT COUNT(*) AS nc_count FROM `zmkj_evaluate_goods` WHERE ( geval_goodsid = '100686' ) AND ( (geval_image <> '') OR (geval_image_again <> '') ) LIMIT 1  
[2018-02-17 11:01:28] /shop/index.php?act=goods&goods_id=100709&op=index ( act=goods&op=index ) 
ERR: Db Error: Unknown column 'geval_image_again' in 'where clause'
SELECT COUNT(*) AS nc_count FROM `zmkj_evaluate_goods` WHERE ( geval_goodsid = '100709' ) AND ( (geval_image <> '') OR (geval_image_again <> '') ) LIMIT 1  
[2018-02-17 11:20:58] /shop/index.php?act=goods&goods_id=100692&op=index ( act=goods&op=index ) 
ERR: Db Error: Unknown column 'geval_image_again' in 'where clause'
SELECT COUNT(*) AS nc_count FROM `zmkj_evaluate_goods` WHERE ( geval_goodsid = '100692' ) AND ( (geval_image <> '') OR (geval_image_again <> '') ) LIMIT 1  
[2018-02-17 11:42:28] /shop/index.php?act=goods&goods_id=100909&op=index ( act=goods&op=index ) 
ERR: Db Error: Unknown column 'geval_image_again' in 'where clause'
SELECT COUNT(*) AS nc_count FROM `zmkj_evaluate_goods` WHERE ( geval_goodsid = '100909' ) AND ( (geval_image <> '') OR (geval_image_again <> '') ) LIMIT 1  
[2018-02-17 12:03:29] /shop/index.php?act=goods&goods_id=101054&op=index ( act=goods&op=index ) 
ERR: Db Error: Unknown column 'geval_image_again' in 'where clause'
SELECT COUNT(*) AS nc_count FROM `zmkj_evaluate_goods` WHERE ( geval_goodsid = '101054' ) AND ( (geval_image <> '') OR (geval_image_again <> '') ) LIMIT 1  
[2018-02-17 12:20:59] /shop/index.php?act=goods&goods_id=101000&op=index ( act=goods&op=index ) 
ERR: Db Error: Unknown column 'geval_image_again' in 'where clause'
SELECT COUNT(*) AS nc_count FROM `zmkj_evaluate_goods` WHERE ( geval_goodsid = '101000' ) AND ( (geval_image <> '') OR (geval_image_again <> '') ) LIMIT 1  
[2018-02-17 12:45:29] /shop/index.php?act=goods&goods_id=100915&op=index ( act=goods&op=index ) 
ERR: Db Error: Unknown column 'geval_image_again' in 'where clause'
SELECT COUNT(*) AS nc_count FROM `zmkj_evaluate_goods` WHERE ( geval_goodsid = '100915' ) AND ( (geval_image <> '') OR (geval_image_again <> '') ) LIMIT 1  
[2018-02-17 13:08:00] /shop/index.php?act=goods&goods_id=101008&op=index ( act=goods&op=index ) 
ERR: Db Error: Unknown column 'geval_image_again' in 'where clause'
SELECT COUNT(*) AS nc_count FROM `zmkj_evaluate_goods` WHERE ( geval_goodsid = '101008' ) AND ( (geval_image <> '') OR (geval_image_again <> '') ) LIMIT 1  
[2018-02-17 13:27:00] /shop/index.php?act=goods&goods_id=101014&op=index ( act=goods&op=index ) 
ERR: Db Error: Unknown column 'geval_image_again' in 'where clause'
SELECT COUNT(*) AS nc_count FROM `zmkj_evaluate_goods` WHERE ( geval_goodsid = '101014' ) AND ( (geval_image <> '') OR (geval_image_again <> '') ) LIMIT 1  
[2018-02-17 13:46:30] /shop/index.php?act=goods&goods_id=101058&op=index ( act=goods&op=index ) 
ERR: Db Error: Unknown column 'geval_image_again' in 'where clause'
SELECT COUNT(*) AS nc_count FROM `zmkj_evaluate_goods` WHERE ( geval_goodsid = '101058' ) AND ( (geval_image <> '') OR (geval_image_again <> '') ) LIMIT 1  
[2018-02-17 14:08:00] /shop/index.php?act=goods&goods_id=100923&op=index ( act=goods&op=index ) 
ERR: Db Error: Unknown column 'geval_image_again' in 'where clause'
SELECT COUNT(*) AS nc_count FROM `zmkj_evaluate_goods` WHERE ( geval_goodsid = '100923' ) AND ( (geval_image <> '') OR (geval_image_again <> '') ) LIMIT 1  
[2018-02-17 14:31:01] /shop/index.php?act=goods&goods_id=101046&op=index ( act=goods&op=index ) 
ERR: Db Error: Unknown column 'geval_image_again' in 'where clause'
SELECT COUNT(*) AS nc_count FROM `zmkj_evaluate_goods` WHERE ( geval_goodsid = '101046' ) AND ( (geval_image <> '') OR (geval_image_again <> '') ) LIMIT 1  
[2018-02-17 14:45:49] /shop/index.php?act=goods&goods_id=101320&op=comments_list ( act=goods&op=comments_list ) 
ERR: Db Error: Unknown column 'geval_image_again' in 'where clause'
SELECT COUNT(*) AS nc_count FROM `zmkj_evaluate_goods` WHERE ( geval_goodsid = '101320' ) AND ( (geval_image <> '') OR (geval_image_again <> '') ) LIMIT 1  
[2018-02-17 14:46:44] /shop/index.php?act=goods&goods_id=100698&op=comments_list ( act=goods&op=comments_list ) 
ERR: Db Error: Unknown column 'geval_image_again' in 'where clause'
SELECT COUNT(*) AS nc_count FROM `zmkj_evaluate_goods` WHERE ( geval_goodsid = '100698' ) AND ( (geval_image <> '') OR (geval_image_again <> '') ) LIMIT 1  
[2018-02-17 14:46:52] /shop/index.php?act=goods&goods_id=100862&op=comments_list ( act=goods&op=comments_list ) 
ERR: Db Error: Unknown column 'geval_image_again' in 'where clause'
SELECT COUNT(*) AS nc_count FROM `zmkj_evaluate_goods` WHERE ( geval_goodsid = '100862' ) AND ( (geval_image <> '') OR (geval_image_again <> '') ) LIMIT 1  
[2018-02-17 14:48:34] /shop/index.php?act=goods&goods_id=100909&op=comments_list ( act=goods&op=comments_list ) 
ERR: Db Error: Unknown column 'geval_image_again' in 'where clause'
SELECT COUNT(*) AS nc_count FROM `zmkj_evaluate_goods` WHERE ( geval_goodsid = '100909' ) AND ( (geval_image <> '') OR (geval_image_again <> '') ) LIMIT 1  
[2018-02-17 14:53:31] /shop/index.php?act=goods&goods_id=100816&op=index ( act=goods&op=index ) 
ERR: Db Error: Unknown column 'geval_image_again' in 'where clause'
SELECT COUNT(*) AS nc_count FROM `zmkj_evaluate_goods` WHERE ( geval_goodsid = '100816' ) AND ( (geval_image <> '') OR (geval_image_again <> '') ) LIMIT 1  
[2018-02-17 15:13:02] /shop/index.php?act=goods&goods_id=100718&op=index ( act=goods&op=index ) 
ERR: Db Error: Unknown column 'geval_image_again' in 'where clause'
SELECT COUNT(*) AS nc_count FROM `zmkj_evaluate_goods` WHERE ( geval_goodsid = '100718' ) AND ( (geval_image <> '') OR (geval_image_again <> '') ) LIMIT 1  
[2018-02-17 15:33:32] /shop/index.php?act=goods&goods_id=100721&op=index ( act=goods&op=index ) 
ERR: Db Error: Unknown column 'geval_image_again' in 'where clause'
SELECT COUNT(*) AS nc_count FROM `zmkj_evaluate_goods` WHERE ( geval_goodsid = '100721' ) AND ( (geval_image <> '') OR (geval_image_again <> '') ) LIMIT 1  
[2018-02-17 15:53:02] /shop/index.php?act=goods&goods_id=100798&op=index ( act=goods&op=index ) 
ERR: Db Error: Unknown column 'geval_image_again' in 'where clause'
SELECT COUNT(*) AS nc_count FROM `zmkj_evaluate_goods` WHERE ( geval_goodsid = '100798' ) AND ( (geval_image <> '') OR (geval_image_again <> '') ) LIMIT 1  
[2018-02-17 17:49:56] /shop/index.php?act=goods&op=index&goods_id=100816 ( act=goods&op=index ) 
ERR: Db Error: Unknown column 'geval_image_again' in 'where clause'
SELECT COUNT(*) AS nc_count FROM `zmkj_evaluate_goods` WHERE ( geval_goodsid = '100816' ) AND ( (geval_image <> '') OR (geval_image_again <> '') ) LIMIT 1  
[2018-02-17 21:44:27] /shop/index.php?act=goods&op=index&goods_id=101334 ( act=goods&op=index ) 
ERR: Db Error: Unknown column 'geval_image_again' in 'where clause'
SELECT COUNT(*) AS nc_count FROM `zmkj_evaluate_goods` WHERE ( geval_goodsid = '101334' ) AND ( (geval_image <> '') OR (geval_image_again <> '') ) LIMIT 1  
