[2018-10-07 02:46:03] /shop/index.php?act=goods&op=comments_list&goods_id=105512 ( act=goods&op=comments_list ) 
ERR: Db Error: Unknown column 'geval_image_again' in 'where clause'
SELECT COUNT(*) AS nc_count FROM `zmkj_evaluate_goods` WHERE ( geval_goodsid = '105512' ) AND ( (geval_image <> '') OR (geval_image_again <> '') ) LIMIT 1  
[2018-10-07 08:55:26] /shop/index.php?act=goods&op=comments_list&goods_id=106024&type=3 ( act=goods&op=comments_list ) 
ERR: Db Error: Unknown column 'geval_image_again' in 'where clause'
SELECT COUNT(*) AS nc_count FROM `zmkj_evaluate_goods` WHERE ( geval_goodsid = '106024' ) AND ( (geval_image <> '') OR (geval_image_again <> '') ) LIMIT 1  
[2018-10-07 09:52:18] /shop/index.php?act=goods&op=comments_list&goods_id=104081 ( act=goods&op=comments_list ) 
ERR: Db Error: Unknown column 'geval_image_again' in 'where clause'
SELECT COUNT(*) AS nc_count FROM `zmkj_evaluate_goods` WHERE ( geval_goodsid = '104081' ) AND ( (geval_image <> '') OR (geval_image_again <> '') ) LIMIT 1  
[2018-10-07 10:52:53] /shop/index.php?act=goods&op=comments_list&goods_id=104037 ( act=goods&op=comments_list ) 
ERR: Db Error: Unknown column 'geval_image_again' in 'where clause'
SELECT COUNT(*) AS nc_count FROM `zmkj_evaluate_goods` WHERE ( geval_goodsid = '104037' ) AND ( (geval_image <> '') OR (geval_image_again <> '') ) LIMIT 1  
[2018-10-07 12:13:21] /shop/index.php?act=goods&goods_id=101164&op=comments_list&type=2 ( act=goods&op=comments_list ) 
ERR: Db Error: Unknown column 'geval_image_again' in 'where clause'
SELECT COUNT(*) AS nc_count FROM `zmkj_evaluate_goods` WHERE ( geval_goodsid = '101164' ) AND ( (geval_image <> '') OR (geval_image_again <> '') ) LIMIT 1  
[2018-10-07 12:13:21] /shop/index.php?act=goods&goods_id=103949&op=comments_list ( act=goods&op=comments_list ) 
ERR: Db Error: Unknown column 'geval_image_again' in 'where clause'
SELECT COUNT(*) AS nc_count FROM `zmkj_evaluate_goods` WHERE ( geval_goodsid = '103949' ) AND ( (geval_image <> '') OR (geval_image_again <> '') ) LIMIT 1  
[2018-10-07 12:13:21] /shop/index.php?act=search&area_id=1&cate_id=1577&gift=1&op=index ( act=search&op=index ) 
ERR: Db Error: Unknown column 'gc_id_' in 'where clause'
SELECT count(distinct CONCAT(goods_commonid)) AS nc_count FROM `zmkj_goods` WHERE ( gc_id_ = '1577' ) AND ( areaid_1 = '1' ) AND ( have_gift = '1' ) AND ( goods_state = '1' ) AND ( goods_verify = '1' ) LIMIT 1  
[2018-10-07 12:13:22] /shop/index.php?act=goods&goods_id=102391&op=comments_list&type=1 ( act=goods&op=comments_list ) 
ERR: Db Error: Unknown column 'geval_image_again' in 'where clause'
SELECT COUNT(*) AS nc_count FROM `zmkj_evaluate_goods` WHERE ( geval_goodsid = '102391' ) AND ( (geval_image <> '') OR (geval_image_again <> '') ) LIMIT 1  
[2018-10-07 12:13:22] /shop/index.php?act=search&area_id=15&cate_id=2140&op=index ( act=search&op=index ) 
ERR: Db Error: Unknown column 'gc_id_' in 'where clause'
SELECT count(distinct CONCAT(goods_commonid)) AS nc_count FROM `zmkj_goods` WHERE ( gc_id_ = '2140' ) AND ( areaid_1 = '15' ) AND ( goods_state = '1' ) AND ( goods_verify = '1' ) LIMIT 1  
[2018-10-07 12:13:23] /shop/index.php?act=goods&goods_id=100657&op=comments_list ( act=goods&op=comments_list ) 
ERR: Db Error: Unknown column 'geval_image_again' in 'where clause'
SELECT COUNT(*) AS nc_count FROM `zmkj_evaluate_goods` WHERE ( geval_goodsid = '100657' ) AND ( (geval_image <> '') OR (geval_image_again <> '') ) LIMIT 1  
[2018-10-07 12:13:23] /shop/index.php?act=goods&goods_id=104215&op=comments_list ( act=goods&op=comments_list ) 
ERR: Db Error: Unknown column 'geval_image_again' in 'where clause'
SELECT COUNT(*) AS nc_count FROM `zmkj_evaluate_goods` WHERE ( geval_goodsid = '104215' ) AND ( (geval_image <> '') OR (geval_image_again <> '') ) LIMIT 1  
[2018-10-07 13:19:20] /shop/index.php?act=goods&op=comments_list&goods_id=104030 ( act=goods&op=comments_list ) 
ERR: Db Error: Unknown column 'geval_image_again' in 'where clause'
SELECT COUNT(*) AS nc_count FROM `zmkj_evaluate_goods` WHERE ( geval_goodsid = '104030' ) AND ( (geval_image <> '') OR (geval_image_again <> '') ) LIMIT 1  
[2018-10-07 15:10:26] /shop/index.php?act=goods&op=comments_list&goods_id=104032 ( act=goods&op=comments_list ) 
ERR: Db Error: Unknown column 'geval_image_again' in 'where clause'
SELECT COUNT(*) AS nc_count FROM `zmkj_evaluate_goods` WHERE ( geval_goodsid = '104032' ) AND ( (geval_image <> '') OR (geval_image_again <> '') ) LIMIT 1  
[2018-10-07 15:15:30] /shop/index.php?act=goods&op=comments_list&goods_id=104038 ( act=goods&op=comments_list ) 
ERR: Db Error: Unknown column 'geval_image_again' in 'where clause'
SELECT COUNT(*) AS nc_count FROM `zmkj_evaluate_goods` WHERE ( geval_goodsid = '104038' ) AND ( (geval_image <> '') OR (geval_image_again <> '') ) LIMIT 1  
[2018-10-07 22:39:40] /shop/index.php?act=goods&op=comments_list&goods_id=101419 ( act=goods&op=comments_list ) 
ERR: Db Error: Unknown column 'geval_image_again' in 'where clause'
SELECT COUNT(*) AS nc_count FROM `zmkj_evaluate_goods` WHERE ( geval_goodsid = '101419' ) AND ( (geval_image <> '') OR (geval_image_again <> '') ) LIMIT 1  
