[2018-01-15 08:58:08] /shop/index.php?act=goods&goods_id=100430 ( act=goods&op=index ) 
ERR: Db Error: Unknown column 'geval_image_again' in 'where clause'
SELECT COUNT(*) AS nc_count FROM `zmkj_evaluate_goods` WHERE ( geval_goodsid = '100430' ) AND ( (geval_image <> '') OR (geval_image_again <> '') ) LIMIT 1  
[2018-01-15 08:58:31] /shop/index.php?act=goods&op=index&goods_id=100433 ( act=goods&op=index ) 
ERR: Db Error: Unknown column 'geval_image_again' in 'where clause'
SELECT COUNT(*) AS nc_count FROM `zmkj_evaluate_goods` WHERE ( geval_goodsid = '100433' ) AND ( (geval_image <> '') OR (geval_image_again <> '') ) LIMIT 1  
[2018-01-15 15:25:08] /shop/index.php?act=pointshop&op=index ( act=pointshop&op=index ) 
ERR: Db Error: Unknown column 'voucher_t_gettype' in 'where clause'
SELECT * FROM `zmkj_voucher_template` WHERE ( voucher_t_state = '1' ) AND ( voucher_t_gettype = '1' ) AND ( voucher_t_end_date > '1516001108' ) ORDER BY voucher_t_recommend desc,voucher_t_id desc LIMIT 1000  
[2018-01-15 15:25:12] /shop/index.php?act=pointshop&op=index ( act=pointshop&op=index ) 
ERR: Db Error: Unknown column 'voucher_t_gettype' in 'where clause'
SELECT * FROM `zmkj_voucher_template` WHERE ( voucher_t_state = '1' ) AND ( voucher_t_gettype = '1' ) AND ( voucher_t_end_date > '1516001112' ) ORDER BY voucher_t_recommend desc,voucher_t_id desc LIMIT 1000  
[2018-01-15 15:25:15] /shop/index.php?act=pointshop&op=index ( act=pointshop&op=index ) 
ERR: Db Error: Unknown column 'voucher_t_gettype' in 'where clause'
SELECT * FROM `zmkj_voucher_template` WHERE ( voucher_t_state = '1' ) AND ( voucher_t_gettype = '1' ) AND ( voucher_t_end_date > '1516001115' ) ORDER BY voucher_t_recommend desc,voucher_t_id desc LIMIT 1000  
[2018-01-15 15:27:14] /shop/index.php?act=goods&op=index&goods_id=100438 ( act=goods&op=index ) 
ERR: Db Error: Unknown column 'geval_image_again' in 'where clause'
SELECT COUNT(*) AS nc_count FROM `zmkj_evaluate_goods` WHERE ( geval_goodsid = '100438' ) AND ( (geval_image <> '') OR (geval_image_again <> '') ) LIMIT 1  
[2018-01-15 15:28:12] /shop/index.php?act=goods&op=index&goods_id=100438 ( act=goods&op=index ) 
ERR: Db Error: Unknown column 'geval_image_again' in 'where clause'
SELECT COUNT(*) AS nc_count FROM `zmkj_evaluate_goods` WHERE ( geval_goodsid = '100438' ) AND ( (geval_image <> '') OR (geval_image_again <> '') ) LIMIT 1  
[2018-01-15 15:31:51] /shop/index.php?act=pointshop&op=index ( act=pointshop&op=index ) 
ERR: Db Error: Unknown column 'voucher_t_gettype' in 'where clause'
SELECT * FROM `zmkj_voucher_template` WHERE ( voucher_t_state = '1' ) AND ( voucher_t_gettype = '1' ) AND ( voucher_t_end_date > '1516001511' ) ORDER BY voucher_t_recommend desc,voucher_t_id desc LIMIT 1000  
[2018-01-15 15:51:37] /shop/index.php?act=goods&op=index&goods_id=100126 ( act=goods&op=index ) 
ERR: Db Error: Unknown column 'geval_image_again' in 'where clause'
SELECT COUNT(*) AS nc_count FROM `zmkj_evaluate_goods` WHERE ( geval_goodsid = '100126' ) AND ( (geval_image <> '') OR (geval_image_again <> '') ) LIMIT 1  
[2018-01-15 17:13:44] /shop/index.php?act=goods&op=index&goods_id=100439 ( act=goods&op=index ) 
ERR: Db Error: Unknown column 'geval_image_again' in 'where clause'
SELECT COUNT(*) AS nc_count FROM `zmkj_evaluate_goods` WHERE ( geval_goodsid = '100439' ) AND ( (geval_image <> '') OR (geval_image_again <> '') ) LIMIT 1  
[2018-01-15 17:14:44] /shop/index.php?act=goods&op=index&goods_id=100439 ( act=goods&op=index ) 
ERR: Db Error: Unknown column 'geval_image_again' in 'where clause'
SELECT COUNT(*) AS nc_count FROM `zmkj_evaluate_goods` WHERE ( geval_goodsid = '100439' ) AND ( (geval_image <> '') OR (geval_image_again <> '') ) LIMIT 1  
[2018-01-15 17:34:52] /shop/index.php?act=goods&op=index&goods_id=100439 ( act=goods&op=index ) 
ERR: Db Error: Unknown column 'geval_image_again' in 'where clause'
SELECT COUNT(*) AS nc_count FROM `zmkj_evaluate_goods` WHERE ( geval_goodsid = '100439' ) AND ( (geval_image <> '') OR (geval_image_again <> '') ) LIMIT 1  
[2018-01-15 17:35:07] /shop/index.php?act=goods&op=index&goods_id=100439 ( act=goods&op=index ) 
ERR: Db Error: Unknown column 'geval_image_again' in 'where clause'
SELECT COUNT(*) AS nc_count FROM `zmkj_evaluate_goods` WHERE ( geval_goodsid = '100439' ) AND ( (geval_image <> '') OR (geval_image_again <> '') ) LIMIT 1  
[2018-01-15 17:35:07] /shop/index.php?act=goods&op=index&goods_id=100439 ( act=goods&op=index ) 
ERR: Db Error: Unknown column 'geval_image_again' in 'where clause'
SELECT COUNT(*) AS nc_count FROM `zmkj_evaluate_goods` WHERE ( geval_goodsid = '100439' ) AND ( (geval_image <> '') OR (geval_image_again <> '') ) LIMIT 1  
[2018-01-15 17:35:07] /shop/index.php?act=goods&op=index&goods_id=100439 ( act=goods&op=index ) 
ERR: Db Error: Unknown column 'geval_image_again' in 'where clause'
SELECT COUNT(*) AS nc_count FROM `zmkj_evaluate_goods` WHERE ( geval_goodsid = '100439' ) AND ( (geval_image <> '') OR (geval_image_again <> '') ) LIMIT 1  
[2018-01-15 17:35:07] /shop/index.php?act=goods&op=index&goods_id=100439 ( act=goods&op=index ) 
ERR: Db Error: Unknown column 'geval_image_again' in 'where clause'
SELECT COUNT(*) AS nc_count FROM `zmkj_evaluate_goods` WHERE ( geval_goodsid = '100439' ) AND ( (geval_image <> '') OR (geval_image_again <> '') ) LIMIT 1  
[2018-01-15 22:44:38] /shop/index.php?act=goods&op=index&goods_id=100126 ( act=goods&op=index ) 
ERR: Db Error: Unknown column 'geval_image_again' in 'where clause'
SELECT COUNT(*) AS nc_count FROM `zmkj_evaluate_goods` WHERE ( geval_goodsid = '100126' ) AND ( (geval_image <> '') OR (geval_image_again <> '') ) LIMIT 1  
