[2018-02-01 00:14:04] /shop/index.php?act=goods&goods_id=100208&op=comments_list ( act=goods&op=comments_list ) 
ERR: Db Error: Unknown column 'geval_image_again' in 'where clause'
SELECT COUNT(*) AS nc_count FROM `zmkj_evaluate_goods` WHERE ( geval_goodsid = '100208' ) AND ( (geval_image <> '') OR (geval_image_again <> '') ) LIMIT 1  
[2018-02-01 00:14:05] /shop/index.php?act=goods&goods_id=100549&op=index ( act=goods&op=index ) 
ERR: Db Error: Unknown column 'geval_image_again' in 'where clause'
SELECT COUNT(*) AS nc_count FROM `zmkj_evaluate_goods` WHERE ( geval_goodsid = '100549' ) AND ( (geval_image <> '') OR (geval_image_again <> '') ) LIMIT 1  
[2018-02-01 00:14:41] /shop/index.php?act=goods&goods_id=100553&op=index ( act=goods&op=index ) 
ERR: Db Error: Unknown column 'geval_image_again' in 'where clause'
SELECT COUNT(*) AS nc_count FROM `zmkj_evaluate_goods` WHERE ( geval_goodsid = '100553' ) AND ( (geval_image <> '') OR (geval_image_again <> '') ) LIMIT 1  
[2018-02-01 00:15:00] /shop/index.php?act=goods&goods_id=100035&op=index ( act=goods&op=index ) 
ERR: Db Error: Unknown column 'geval_image_again' in 'where clause'
SELECT COUNT(*) AS nc_count FROM `zmkj_evaluate_goods` WHERE ( geval_goodsid = '100035' ) AND ( (geval_image <> '') OR (geval_image_again <> '') ) LIMIT 1  
[2018-02-01 00:15:20] /shop/index.php?act=goods&goods_id=100698&op=comments_list ( act=goods&op=comments_list ) 
ERR: Db Error: Unknown column 'geval_image_again' in 'where clause'
SELECT COUNT(*) AS nc_count FROM `zmkj_evaluate_goods` WHERE ( geval_goodsid = '100698' ) AND ( (geval_image <> '') OR (geval_image_again <> '') ) LIMIT 1  
[2018-02-01 07:30:06] /shop/index.php?act=goods&op=index&goods_id=100591 ( act=goods&op=index ) 
ERR: Db Error: Unknown column 'geval_image_again' in 'where clause'
SELECT COUNT(*) AS nc_count FROM `zmkj_evaluate_goods` WHERE ( geval_goodsid = '100591' ) AND ( (geval_image <> '') OR (geval_image_again <> '') ) LIMIT 1  
[2018-02-01 08:35:04] /shop/index.php?act=goods&op=index&goods_id=100956 ( act=goods&op=index ) 
ERR: Db Error: Unknown column 'geval_image_again' in 'where clause'
SELECT COUNT(*) AS nc_count FROM `zmkj_evaluate_goods` WHERE ( geval_goodsid = '100956' ) AND ( (geval_image <> '') OR (geval_image_again <> '') ) LIMIT 1  
[2018-02-01 08:36:02] /shop/index.php?act=goods&op=index&goods_id=100956 ( act=goods&op=index ) 
ERR: Db Error: Unknown column 'geval_image_again' in 'where clause'
SELECT COUNT(*) AS nc_count FROM `zmkj_evaluate_goods` WHERE ( geval_goodsid = '100956' ) AND ( (geval_image <> '') OR (geval_image_again <> '') ) LIMIT 1  
[2018-02-01 08:36:35] /shop/index.php?act=goods&op=index&goods_id=100866 ( act=goods&op=index ) 
ERR: Db Error: Unknown column 'geval_image_again' in 'where clause'
SELECT COUNT(*) AS nc_count FROM `zmkj_evaluate_goods` WHERE ( geval_goodsid = '100866' ) AND ( (geval_image <> '') OR (geval_image_again <> '') ) LIMIT 1  
[2018-02-01 08:37:32] /shop/index.php?act=goods&op=index&goods_id=100866 ( act=goods&op=index ) 
ERR: Db Error: Unknown column 'geval_image_again' in 'where clause'
SELECT COUNT(*) AS nc_count FROM `zmkj_evaluate_goods` WHERE ( geval_goodsid = '100866' ) AND ( (geval_image <> '') OR (geval_image_again <> '') ) LIMIT 1  
[2018-02-01 08:38:15] /shop/index.php?act=goods&op=index&goods_id=100868 ( act=goods&op=index ) 
ERR: Db Error: Unknown column 'geval_image_again' in 'where clause'
SELECT COUNT(*) AS nc_count FROM `zmkj_evaluate_goods` WHERE ( geval_goodsid = '100868' ) AND ( (geval_image <> '') OR (geval_image_again <> '') ) LIMIT 1  
[2018-02-01 08:39:13] /shop/index.php?act=goods&op=index&goods_id=100868 ( act=goods&op=index ) 
ERR: Db Error: Unknown column 'geval_image_again' in 'where clause'
SELECT COUNT(*) AS nc_count FROM `zmkj_evaluate_goods` WHERE ( geval_goodsid = '100868' ) AND ( (geval_image <> '') OR (geval_image_again <> '') ) LIMIT 1  
[2018-02-01 08:39:38] /shop/index.php?act=goods&op=index&goods_id=100870 ( act=goods&op=index ) 
ERR: Db Error: Unknown column 'geval_image_again' in 'where clause'
SELECT COUNT(*) AS nc_count FROM `zmkj_evaluate_goods` WHERE ( geval_goodsid = '100870' ) AND ( (geval_image <> '') OR (geval_image_again <> '') ) LIMIT 1  
[2018-02-01 08:39:48] /shop/index.php?act=goods&op=index&goods_id=100859 ( act=goods&op=index ) 
ERR: Db Error: Unknown column 'geval_image_again' in 'where clause'
SELECT COUNT(*) AS nc_count FROM `zmkj_evaluate_goods` WHERE ( geval_goodsid = '100859' ) AND ( (geval_image <> '') OR (geval_image_again <> '') ) LIMIT 1  
[2018-02-01 08:40:36] /shop/index.php?act=goods&op=index&goods_id=100870 ( act=goods&op=index ) 
ERR: Db Error: Unknown column 'geval_image_again' in 'where clause'
SELECT COUNT(*) AS nc_count FROM `zmkj_evaluate_goods` WHERE ( geval_goodsid = '100870' ) AND ( (geval_image <> '') OR (geval_image_again <> '') ) LIMIT 1  
[2018-02-01 08:40:48] /shop/index.php?act=goods&op=index&goods_id=100859 ( act=goods&op=index ) 
ERR: Db Error: Unknown column 'geval_image_again' in 'where clause'
SELECT COUNT(*) AS nc_count FROM `zmkj_evaluate_goods` WHERE ( geval_goodsid = '100859' ) AND ( (geval_image <> '') OR (geval_image_again <> '') ) LIMIT 1  
[2018-02-01 08:49:01] /shop/index.php?act=goods&op=index&goods_id=100871 ( act=goods&op=index ) 
ERR: Db Error: Unknown column 'geval_image_again' in 'where clause'
SELECT COUNT(*) AS nc_count FROM `zmkj_evaluate_goods` WHERE ( geval_goodsid = '100871' ) AND ( (geval_image <> '') OR (geval_image_again <> '') ) LIMIT 1  
[2018-02-01 08:49:29] /shop/index.php?act=goods&op=index&goods_id=100747 ( act=goods&op=index ) 
ERR: Db Error: Unknown column 'geval_image_again' in 'where clause'
SELECT COUNT(*) AS nc_count FROM `zmkj_evaluate_goods` WHERE ( geval_goodsid = '100747' ) AND ( (geval_image <> '') OR (geval_image_again <> '') ) LIMIT 1  
[2018-02-01 08:49:59] /shop/index.php?act=goods&op=index&goods_id=100871 ( act=goods&op=index ) 
ERR: Db Error: Unknown column 'geval_image_again' in 'where clause'
SELECT COUNT(*) AS nc_count FROM `zmkj_evaluate_goods` WHERE ( geval_goodsid = '100871' ) AND ( (geval_image <> '') OR (geval_image_again <> '') ) LIMIT 1  
[2018-02-01 08:51:55] /shop/index.php?act=goods&op=index&goods_id=100872 ( act=goods&op=index ) 
ERR: Db Error: Unknown column 'geval_image_again' in 'where clause'
SELECT COUNT(*) AS nc_count FROM `zmkj_evaluate_goods` WHERE ( geval_goodsid = '100872' ) AND ( (geval_image <> '') OR (geval_image_again <> '') ) LIMIT 1  
[2018-02-01 08:52:03] /shop/index.php?act=goods&op=index&goods_id=100872 ( act=goods&op=index ) 
ERR: Db Error: Unknown column 'geval_image_again' in 'where clause'
SELECT COUNT(*) AS nc_count FROM `zmkj_evaluate_goods` WHERE ( geval_goodsid = '100872' ) AND ( (geval_image <> '') OR (geval_image_again <> '') ) LIMIT 1  
[2018-02-01 08:52:50] /shop/index.php?act=goods&op=index&goods_id=100873 ( act=goods&op=index ) 
ERR: Db Error: Unknown column 'geval_image_again' in 'where clause'
SELECT COUNT(*) AS nc_count FROM `zmkj_evaluate_goods` WHERE ( geval_goodsid = '100873' ) AND ( (geval_image <> '') OR (geval_image_again <> '') ) LIMIT 1  
[2018-02-01 08:52:52] /shop/index.php?act=goods&op=index&goods_id=100872 ( act=goods&op=index ) 
ERR: Db Error: Unknown column 'geval_image_again' in 'where clause'
SELECT COUNT(*) AS nc_count FROM `zmkj_evaluate_goods` WHERE ( geval_goodsid = '100872' ) AND ( (geval_image <> '') OR (geval_image_again <> '') ) LIMIT 1  
[2018-02-01 08:53:48] /shop/index.php?act=goods&op=index&goods_id=100873 ( act=goods&op=index ) 
ERR: Db Error: Unknown column 'geval_image_again' in 'where clause'
SELECT COUNT(*) AS nc_count FROM `zmkj_evaluate_goods` WHERE ( geval_goodsid = '100873' ) AND ( (geval_image <> '') OR (geval_image_again <> '') ) LIMIT 1  
[2018-02-01 08:53:54] /shop/index.php?act=goods&op=index&goods_id=100874 ( act=goods&op=index ) 
ERR: Db Error: Unknown column 'geval_image_again' in 'where clause'
SELECT COUNT(*) AS nc_count FROM `zmkj_evaluate_goods` WHERE ( geval_goodsid = '100874' ) AND ( (geval_image <> '') OR (geval_image_again <> '') ) LIMIT 1  
[2018-02-01 08:54:52] /shop/index.php?act=goods&op=index&goods_id=100874 ( act=goods&op=index ) 
ERR: Db Error: Unknown column 'geval_image_again' in 'where clause'
SELECT COUNT(*) AS nc_count FROM `zmkj_evaluate_goods` WHERE ( geval_goodsid = '100874' ) AND ( (geval_image <> '') OR (geval_image_again <> '') ) LIMIT 1  
[2018-02-01 08:56:20] /shop/index.php?act=goods&op=index&goods_id=100875 ( act=goods&op=index ) 
ERR: Db Error: Unknown column 'geval_image_again' in 'where clause'
SELECT COUNT(*) AS nc_count FROM `zmkj_evaluate_goods` WHERE ( geval_goodsid = '100875' ) AND ( (geval_image <> '') OR (geval_image_again <> '') ) LIMIT 1  
[2018-02-01 08:56:29] /shop/index.php?act=goods&op=index&goods_id=100875 ( act=goods&op=index ) 
ERR: Db Error: Unknown column 'geval_image_again' in 'where clause'
SELECT COUNT(*) AS nc_count FROM `zmkj_evaluate_goods` WHERE ( geval_goodsid = '100875' ) AND ( (geval_image <> '') OR (geval_image_again <> '') ) LIMIT 1  
[2018-02-01 08:57:08] /shop/index.php?act=goods&op=index&goods_id=100857 ( act=goods&op=index ) 
ERR: Db Error: Unknown column 'geval_image_again' in 'where clause'
SELECT COUNT(*) AS nc_count FROM `zmkj_evaluate_goods` WHERE ( geval_goodsid = '100857' ) AND ( (geval_image <> '') OR (geval_image_again <> '') ) LIMIT 1  
[2018-02-01 08:57:18] /shop/index.php?act=goods&op=index&goods_id=100875 ( act=goods&op=index ) 
ERR: Db Error: Unknown column 'geval_image_again' in 'where clause'
SELECT COUNT(*) AS nc_count FROM `zmkj_evaluate_goods` WHERE ( geval_goodsid = '100875' ) AND ( (geval_image <> '') OR (geval_image_again <> '') ) LIMIT 1  
[2018-02-01 08:58:06] /shop/index.php?act=goods&op=index&goods_id=100857 ( act=goods&op=index ) 
ERR: Db Error: Unknown column 'geval_image_again' in 'where clause'
SELECT COUNT(*) AS nc_count FROM `zmkj_evaluate_goods` WHERE ( geval_goodsid = '100857' ) AND ( (geval_image <> '') OR (geval_image_again <> '') ) LIMIT 1  
[2018-02-01 09:01:19] /shop/index.php?act=goods&op=index&goods_id=100876 ( act=goods&op=index ) 
ERR: Db Error: Unknown column 'geval_image_again' in 'where clause'
SELECT COUNT(*) AS nc_count FROM `zmkj_evaluate_goods` WHERE ( geval_goodsid = '100876' ) AND ( (geval_image <> '') OR (geval_image_again <> '') ) LIMIT 1  
[2018-02-01 09:02:17] /shop/index.php?act=goods&op=index&goods_id=100876 ( act=goods&op=index ) 
ERR: Db Error: Unknown column 'geval_image_again' in 'where clause'
SELECT COUNT(*) AS nc_count FROM `zmkj_evaluate_goods` WHERE ( geval_goodsid = '100876' ) AND ( (geval_image <> '') OR (geval_image_again <> '') ) LIMIT 1  
[2018-02-01 09:03:40] /shop/index.php?act=goods&op=index&goods_id=100878 ( act=goods&op=index ) 
ERR: Db Error: Unknown column 'geval_image_again' in 'where clause'
SELECT COUNT(*) AS nc_count FROM `zmkj_evaluate_goods` WHERE ( geval_goodsid = '100878' ) AND ( (geval_image <> '') OR (geval_image_again <> '') ) LIMIT 1  
[2018-02-01 09:04:38] /shop/index.php?act=goods&op=index&goods_id=100878 ( act=goods&op=index ) 
ERR: Db Error: Unknown column 'geval_image_again' in 'where clause'
SELECT COUNT(*) AS nc_count FROM `zmkj_evaluate_goods` WHERE ( geval_goodsid = '100878' ) AND ( (geval_image <> '') OR (geval_image_again <> '') ) LIMIT 1  
[2018-02-01 09:05:39] /shop/index.php?act=goods&op=index&goods_id=100882 ( act=goods&op=index ) 
ERR: Db Error: Unknown column 'geval_image_again' in 'where clause'
SELECT COUNT(*) AS nc_count FROM `zmkj_evaluate_goods` WHERE ( geval_goodsid = '100882' ) AND ( (geval_image <> '') OR (geval_image_again <> '') ) LIMIT 1  
[2018-02-01 09:06:37] /shop/index.php?act=goods&op=index&goods_id=100882 ( act=goods&op=index ) 
ERR: Db Error: Unknown column 'geval_image_again' in 'where clause'
SELECT COUNT(*) AS nc_count FROM `zmkj_evaluate_goods` WHERE ( geval_goodsid = '100882' ) AND ( (geval_image <> '') OR (geval_image_again <> '') ) LIMIT 1  
[2018-02-01 09:06:49] /shop/index.php?act=goods&op=index&goods_id=100882 ( act=goods&op=index ) 
ERR: Db Error: Unknown column 'geval_image_again' in 'where clause'
SELECT COUNT(*) AS nc_count FROM `zmkj_evaluate_goods` WHERE ( geval_goodsid = '100882' ) AND ( (geval_image <> '') OR (geval_image_again <> '') ) LIMIT 1  
[2018-02-01 09:09:05] /shop/index.php?act=goods&op=index&goods_id=100883 ( act=goods&op=index ) 
ERR: Db Error: Unknown column 'geval_image_again' in 'where clause'
SELECT COUNT(*) AS nc_count FROM `zmkj_evaluate_goods` WHERE ( geval_goodsid = '100883' ) AND ( (geval_image <> '') OR (geval_image_again <> '') ) LIMIT 1  
[2018-02-01 09:10:03] /shop/index.php?act=goods&op=index&goods_id=100883 ( act=goods&op=index ) 
ERR: Db Error: Unknown column 'geval_image_again' in 'where clause'
SELECT COUNT(*) AS nc_count FROM `zmkj_evaluate_goods` WHERE ( geval_goodsid = '100883' ) AND ( (geval_image <> '') OR (geval_image_again <> '') ) LIMIT 1  
[2018-02-01 09:12:55] /shop/index.php?act=goods&op=index&goods_id=100884 ( act=goods&op=index ) 
ERR: Db Error: Unknown column 'geval_image_again' in 'where clause'
SELECT COUNT(*) AS nc_count FROM `zmkj_evaluate_goods` WHERE ( geval_goodsid = '100884' ) AND ( (geval_image <> '') OR (geval_image_again <> '') ) LIMIT 1  
[2018-02-01 09:13:38] /shop/index.php?act=goods&op=index&goods_id=100887 ( act=goods&op=index ) 
ERR: Db Error: Unknown column 'geval_image_again' in 'where clause'
SELECT COUNT(*) AS nc_count FROM `zmkj_evaluate_goods` WHERE ( geval_goodsid = '100887' ) AND ( (geval_image <> '') OR (geval_image_again <> '') ) LIMIT 1  
[2018-02-01 09:13:53] /shop/index.php?act=goods&op=index&goods_id=100884 ( act=goods&op=index ) 
ERR: Db Error: Unknown column 'geval_image_again' in 'where clause'
SELECT COUNT(*) AS nc_count FROM `zmkj_evaluate_goods` WHERE ( geval_goodsid = '100884' ) AND ( (geval_image <> '') OR (geval_image_again <> '') ) LIMIT 1  
[2018-02-01 09:14:27] /shop/index.php?act=goods&op=index&goods_id=100889 ( act=goods&op=index ) 
ERR: Db Error: Unknown column 'geval_image_again' in 'where clause'
SELECT COUNT(*) AS nc_count FROM `zmkj_evaluate_goods` WHERE ( geval_goodsid = '100889' ) AND ( (geval_image <> '') OR (geval_image_again <> '') ) LIMIT 1  
[2018-02-01 09:15:25] /shop/index.php?act=goods&op=index&goods_id=100889 ( act=goods&op=index ) 
ERR: Db Error: Unknown column 'geval_image_again' in 'where clause'
SELECT COUNT(*) AS nc_count FROM `zmkj_evaluate_goods` WHERE ( geval_goodsid = '100889' ) AND ( (geval_image <> '') OR (geval_image_again <> '') ) LIMIT 1  
[2018-02-01 09:16:20] /shop/index.php?act=goods&op=index&goods_id=100893 ( act=goods&op=index ) 
ERR: Db Error: Unknown column 'geval_image_again' in 'where clause'
SELECT COUNT(*) AS nc_count FROM `zmkj_evaluate_goods` WHERE ( geval_goodsid = '100893' ) AND ( (geval_image <> '') OR (geval_image_again <> '') ) LIMIT 1  
[2018-02-01 09:17:18] /shop/index.php?act=goods&op=index&goods_id=100893 ( act=goods&op=index ) 
ERR: Db Error: Unknown column 'geval_image_again' in 'where clause'
SELECT COUNT(*) AS nc_count FROM `zmkj_evaluate_goods` WHERE ( geval_goodsid = '100893' ) AND ( (geval_image <> '') OR (geval_image_again <> '') ) LIMIT 1  
[2018-02-01 09:18:51] /shop/index.php?act=goods&op=index&goods_id=100894 ( act=goods&op=index ) 
ERR: Db Error: Unknown column 'geval_image_again' in 'where clause'
SELECT COUNT(*) AS nc_count FROM `zmkj_evaluate_goods` WHERE ( geval_goodsid = '100894' ) AND ( (geval_image <> '') OR (geval_image_again <> '') ) LIMIT 1  
[2018-02-01 09:19:33] /shop/index.php?act=goods&op=index&goods_id=100896 ( act=goods&op=index ) 
ERR: Db Error: Unknown column 'geval_image_again' in 'where clause'
SELECT COUNT(*) AS nc_count FROM `zmkj_evaluate_goods` WHERE ( geval_goodsid = '100896' ) AND ( (geval_image <> '') OR (geval_image_again <> '') ) LIMIT 1  
[2018-02-01 09:19:49] /shop/index.php?act=goods&op=index&goods_id=100894 ( act=goods&op=index ) 
ERR: Db Error: Unknown column 'geval_image_again' in 'where clause'
SELECT COUNT(*) AS nc_count FROM `zmkj_evaluate_goods` WHERE ( geval_goodsid = '100894' ) AND ( (geval_image <> '') OR (geval_image_again <> '') ) LIMIT 1  
[2018-02-01 09:20:31] /shop/index.php?act=goods&op=index&goods_id=100896 ( act=goods&op=index ) 
ERR: Db Error: Unknown column 'geval_image_again' in 'where clause'
SELECT COUNT(*) AS nc_count FROM `zmkj_evaluate_goods` WHERE ( geval_goodsid = '100896' ) AND ( (geval_image <> '') OR (geval_image_again <> '') ) LIMIT 1  
[2018-02-01 09:22:29] /shop/index.php?act=goods&op=index&goods_id=100899 ( act=goods&op=index ) 
ERR: Db Error: Unknown column 'geval_image_again' in 'where clause'
SELECT COUNT(*) AS nc_count FROM `zmkj_evaluate_goods` WHERE ( geval_goodsid = '100899' ) AND ( (geval_image <> '') OR (geval_image_again <> '') ) LIMIT 1  
[2018-02-01 09:23:27] /shop/index.php?act=goods&op=index&goods_id=100899 ( act=goods&op=index ) 
ERR: Db Error: Unknown column 'geval_image_again' in 'where clause'
SELECT COUNT(*) AS nc_count FROM `zmkj_evaluate_goods` WHERE ( geval_goodsid = '100899' ) AND ( (geval_image <> '') OR (geval_image_again <> '') ) LIMIT 1  
[2018-02-01 09:24:12] /shop/index.php?act=goods&op=index&goods_id=100902 ( act=goods&op=index ) 
ERR: Db Error: Unknown column 'geval_image_again' in 'where clause'
SELECT COUNT(*) AS nc_count FROM `zmkj_evaluate_goods` WHERE ( geval_goodsid = '100902' ) AND ( (geval_image <> '') OR (geval_image_again <> '') ) LIMIT 1  
[2018-02-01 09:24:45] /shop/index.php?act=goods&op=index&goods_id=100908 ( act=goods&op=index ) 
ERR: Db Error: Unknown column 'geval_image_again' in 'where clause'
SELECT COUNT(*) AS nc_count FROM `zmkj_evaluate_goods` WHERE ( geval_goodsid = '100908' ) AND ( (geval_image <> '') OR (geval_image_again <> '') ) LIMIT 1  
[2018-02-01 09:25:10] /shop/index.php?act=goods&op=index&goods_id=100902 ( act=goods&op=index ) 
ERR: Db Error: Unknown column 'geval_image_again' in 'where clause'
SELECT COUNT(*) AS nc_count FROM `zmkj_evaluate_goods` WHERE ( geval_goodsid = '100902' ) AND ( (geval_image <> '') OR (geval_image_again <> '') ) LIMIT 1  
[2018-02-01 09:25:43] /shop/index.php?act=goods&op=index&goods_id=100908 ( act=goods&op=index ) 
ERR: Db Error: Unknown column 'geval_image_again' in 'where clause'
SELECT COUNT(*) AS nc_count FROM `zmkj_evaluate_goods` WHERE ( geval_goodsid = '100908' ) AND ( (geval_image <> '') OR (geval_image_again <> '') ) LIMIT 1  
[2018-02-01 09:25:46] /shop/index.php?act=goods&op=index&goods_id=100912 ( act=goods&op=index ) 
ERR: Db Error: Unknown column 'geval_image_again' in 'where clause'
SELECT COUNT(*) AS nc_count FROM `zmkj_evaluate_goods` WHERE ( geval_goodsid = '100912' ) AND ( (geval_image <> '') OR (geval_image_again <> '') ) LIMIT 1  
[2018-02-01 09:26:14] /shop/index.php?act=goods&op=index&goods_id=100912 ( act=goods&op=index ) 
ERR: Db Error: Unknown column 'geval_image_again' in 'where clause'
SELECT COUNT(*) AS nc_count FROM `zmkj_evaluate_goods` WHERE ( geval_goodsid = '100912' ) AND ( (geval_image <> '') OR (geval_image_again <> '') ) LIMIT 1  
[2018-02-01 09:26:33] /shop/index.php?act=goods&op=index&goods_id=100914 ( act=goods&op=index ) 
ERR: Db Error: Unknown column 'geval_image_again' in 'where clause'
SELECT COUNT(*) AS nc_count FROM `zmkj_evaluate_goods` WHERE ( geval_goodsid = '100914' ) AND ( (geval_image <> '') OR (geval_image_again <> '') ) LIMIT 1  
[2018-02-01 09:26:43] /shop/index.php?act=goods&op=index&goods_id=100912 ( act=goods&op=index ) 
ERR: Db Error: Unknown column 'geval_image_again' in 'where clause'
SELECT COUNT(*) AS nc_count FROM `zmkj_evaluate_goods` WHERE ( geval_goodsid = '100912' ) AND ( (geval_image <> '') OR (geval_image_again <> '') ) LIMIT 1  
[2018-02-01 09:27:20] /shop/index.php?act=goods&op=index&goods_id=100920 ( act=goods&op=index ) 
ERR: Db Error: Unknown column 'geval_image_again' in 'where clause'
SELECT COUNT(*) AS nc_count FROM `zmkj_evaluate_goods` WHERE ( geval_goodsid = '100920' ) AND ( (geval_image <> '') OR (geval_image_again <> '') ) LIMIT 1  
[2018-02-01 09:27:31] /shop/index.php?act=goods&op=index&goods_id=100914 ( act=goods&op=index ) 
ERR: Db Error: Unknown column 'geval_image_again' in 'where clause'
SELECT COUNT(*) AS nc_count FROM `zmkj_evaluate_goods` WHERE ( geval_goodsid = '100914' ) AND ( (geval_image <> '') OR (geval_image_again <> '') ) LIMIT 1  
[2018-02-01 09:27:45] /shop/index.php?act=goods&op=index&goods_id=100926 ( act=goods&op=index ) 
ERR: Db Error: Unknown column 'geval_image_again' in 'where clause'
SELECT COUNT(*) AS nc_count FROM `zmkj_evaluate_goods` WHERE ( geval_goodsid = '100926' ) AND ( (geval_image <> '') OR (geval_image_again <> '') ) LIMIT 1  
[2018-02-01 09:28:18] /shop/index.php?act=goods&op=index&goods_id=100920 ( act=goods&op=index ) 
ERR: Db Error: Unknown column 'geval_image_again' in 'where clause'
SELECT COUNT(*) AS nc_count FROM `zmkj_evaluate_goods` WHERE ( geval_goodsid = '100920' ) AND ( (geval_image <> '') OR (geval_image_again <> '') ) LIMIT 1  
[2018-02-01 09:28:43] /shop/index.php?act=goods&op=index&goods_id=100926 ( act=goods&op=index ) 
ERR: Db Error: Unknown column 'geval_image_again' in 'where clause'
SELECT COUNT(*) AS nc_count FROM `zmkj_evaluate_goods` WHERE ( geval_goodsid = '100926' ) AND ( (geval_image <> '') OR (geval_image_again <> '') ) LIMIT 1  
[2018-02-01 09:29:00] /shop/index.php?act=goods&op=index&goods_id=100926 ( act=goods&op=index ) 
ERR: Db Error: Unknown column 'geval_image_again' in 'where clause'
SELECT COUNT(*) AS nc_count FROM `zmkj_evaluate_goods` WHERE ( geval_goodsid = '100926' ) AND ( (geval_image <> '') OR (geval_image_again <> '') ) LIMIT 1  
[2018-02-01 09:29:03] /shop/index.php?act=goods&op=index&goods_id=100924 ( act=goods&op=index ) 
ERR: Db Error: Unknown column 'geval_image_again' in 'where clause'
SELECT COUNT(*) AS nc_count FROM `zmkj_evaluate_goods` WHERE ( geval_goodsid = '100924' ) AND ( (geval_image <> '') OR (geval_image_again <> '') ) LIMIT 1  
[2018-02-01 09:29:11] /shop/index.php?act=goods&op=index&goods_id=100926 ( act=goods&op=index ) 
ERR: Db Error: Unknown column 'geval_image_again' in 'where clause'
SELECT COUNT(*) AS nc_count FROM `zmkj_evaluate_goods` WHERE ( geval_goodsid = '100926' ) AND ( (geval_image <> '') OR (geval_image_again <> '') ) LIMIT 1  
[2018-02-01 09:29:13] /shop/index.php?act=goods&op=index&goods_id=100925 ( act=goods&op=index ) 
ERR: Db Error: Unknown column 'geval_image_again' in 'where clause'
SELECT COUNT(*) AS nc_count FROM `zmkj_evaluate_goods` WHERE ( geval_goodsid = '100925' ) AND ( (geval_image <> '') OR (geval_image_again <> '') ) LIMIT 1  
[2018-02-01 09:29:40] /shop/index.php?act=goods&op=index&goods_id=100928 ( act=goods&op=index ) 
ERR: Db Error: Unknown column 'geval_image_again' in 'where clause'
SELECT COUNT(*) AS nc_count FROM `zmkj_evaluate_goods` WHERE ( geval_goodsid = '100928' ) AND ( (geval_image <> '') OR (geval_image_again <> '') ) LIMIT 1  
[2018-02-01 09:30:37] /shop/index.php?act=goods&op=index&goods_id=100928 ( act=goods&op=index ) 
ERR: Db Error: Unknown column 'geval_image_again' in 'where clause'
SELECT COUNT(*) AS nc_count FROM `zmkj_evaluate_goods` WHERE ( geval_goodsid = '100928' ) AND ( (geval_image <> '') OR (geval_image_again <> '') ) LIMIT 1  
[2018-02-01 09:30:37] /shop/index.php?act=goods&op=index&goods_id=100937 ( act=goods&op=index ) 
ERR: Db Error: Unknown column 'geval_image_again' in 'where clause'
SELECT COUNT(*) AS nc_count FROM `zmkj_evaluate_goods` WHERE ( geval_goodsid = '100937' ) AND ( (geval_image <> '') OR (geval_image_again <> '') ) LIMIT 1  
[2018-02-01 09:31:18] /shop/index.php?act=goods&op=index&goods_id=100939 ( act=goods&op=index ) 
ERR: Db Error: Unknown column 'geval_image_again' in 'where clause'
SELECT COUNT(*) AS nc_count FROM `zmkj_evaluate_goods` WHERE ( geval_goodsid = '100939' ) AND ( (geval_image <> '') OR (geval_image_again <> '') ) LIMIT 1  
[2018-02-01 09:31:26] /shop/index.php?act=goods&op=index&goods_id=100920 ( act=goods&op=index ) 
ERR: Db Error: Unknown column 'geval_image_again' in 'where clause'
SELECT COUNT(*) AS nc_count FROM `zmkj_evaluate_goods` WHERE ( geval_goodsid = '100920' ) AND ( (geval_image <> '') OR (geval_image_again <> '') ) LIMIT 1  
[2018-02-01 09:31:35] /shop/index.php?act=goods&op=index&goods_id=100937 ( act=goods&op=index ) 
ERR: Db Error: Unknown column 'geval_image_again' in 'where clause'
SELECT COUNT(*) AS nc_count FROM `zmkj_evaluate_goods` WHERE ( geval_goodsid = '100937' ) AND ( (geval_image <> '') OR (geval_image_again <> '') ) LIMIT 1  
[2018-02-01 09:31:51] /shop/index.php?act=goods&op=index&goods_id=100940 ( act=goods&op=index ) 
ERR: Db Error: Unknown column 'geval_image_again' in 'where clause'
SELECT COUNT(*) AS nc_count FROM `zmkj_evaluate_goods` WHERE ( geval_goodsid = '100940' ) AND ( (geval_image <> '') OR (geval_image_again <> '') ) LIMIT 1  
[2018-02-01 09:32:13] /shop/index.php?act=goods&op=index&goods_id=100939 ( act=goods&op=index ) 
ERR: Db Error: Unknown column 'geval_image_again' in 'where clause'
SELECT COUNT(*) AS nc_count FROM `zmkj_evaluate_goods` WHERE ( geval_goodsid = '100939' ) AND ( (geval_image <> '') OR (geval_image_again <> '') ) LIMIT 1  
[2018-02-01 09:32:15] /shop/index.php?act=goods&op=index&goods_id=100939 ( act=goods&op=index ) 
ERR: Db Error: Unknown column 'geval_image_again' in 'where clause'
SELECT COUNT(*) AS nc_count FROM `zmkj_evaluate_goods` WHERE ( geval_goodsid = '100939' ) AND ( (geval_image <> '') OR (geval_image_again <> '') ) LIMIT 1  
[2018-02-01 09:32:22] /shop/index.php?act=goods&op=index&goods_id=100949 ( act=goods&op=index ) 
ERR: Db Error: Unknown column 'geval_image_again' in 'where clause'
SELECT COUNT(*) AS nc_count FROM `zmkj_evaluate_goods` WHERE ( geval_goodsid = '100949' ) AND ( (geval_image <> '') OR (geval_image_again <> '') ) LIMIT 1  
[2018-02-01 09:32:49] /shop/index.php?act=goods&op=index&goods_id=100940 ( act=goods&op=index ) 
ERR: Db Error: Unknown column 'geval_image_again' in 'where clause'
SELECT COUNT(*) AS nc_count FROM `zmkj_evaluate_goods` WHERE ( geval_goodsid = '100940' ) AND ( (geval_image <> '') OR (geval_image_again <> '') ) LIMIT 1  
[2018-02-01 09:32:52] /shop/index.php?act=goods&op=index&goods_id=100951 ( act=goods&op=index ) 
ERR: Db Error: Unknown column 'geval_image_again' in 'where clause'
SELECT COUNT(*) AS nc_count FROM `zmkj_evaluate_goods` WHERE ( geval_goodsid = '100951' ) AND ( (geval_image <> '') OR (geval_image_again <> '') ) LIMIT 1  
[2018-02-01 09:33:20] /shop/index.php?act=goods&op=index&goods_id=100949 ( act=goods&op=index ) 
ERR: Db Error: Unknown column 'geval_image_again' in 'where clause'
SELECT COUNT(*) AS nc_count FROM `zmkj_evaluate_goods` WHERE ( geval_goodsid = '100949' ) AND ( (geval_image <> '') OR (geval_image_again <> '') ) LIMIT 1  
[2018-02-01 09:33:23] /shop/index.php?act=goods&op=index&goods_id=100954 ( act=goods&op=index ) 
ERR: Db Error: Unknown column 'geval_image_again' in 'where clause'
SELECT COUNT(*) AS nc_count FROM `zmkj_evaluate_goods` WHERE ( geval_goodsid = '100954' ) AND ( (geval_image <> '') OR (geval_image_again <> '') ) LIMIT 1  
[2018-02-01 09:33:50] /shop/index.php?act=goods&op=index&goods_id=100951 ( act=goods&op=index ) 
ERR: Db Error: Unknown column 'geval_image_again' in 'where clause'
SELECT COUNT(*) AS nc_count FROM `zmkj_evaluate_goods` WHERE ( geval_goodsid = '100951' ) AND ( (geval_image <> '') OR (geval_image_again <> '') ) LIMIT 1  
[2018-02-01 09:33:56] /shop/index.php?act=goods&op=index&goods_id=100955 ( act=goods&op=index ) 
ERR: Db Error: Unknown column 'geval_image_again' in 'where clause'
SELECT COUNT(*) AS nc_count FROM `zmkj_evaluate_goods` WHERE ( geval_goodsid = '100955' ) AND ( (geval_image <> '') OR (geval_image_again <> '') ) LIMIT 1  
[2018-02-01 09:34:21] /shop/index.php?act=goods&op=index&goods_id=100954 ( act=goods&op=index ) 
ERR: Db Error: Unknown column 'geval_image_again' in 'where clause'
SELECT COUNT(*) AS nc_count FROM `zmkj_evaluate_goods` WHERE ( geval_goodsid = '100954' ) AND ( (geval_image <> '') OR (geval_image_again <> '') ) LIMIT 1  
[2018-02-01 09:34:30] /shop/index.php?act=goods&op=index&goods_id=100956 ( act=goods&op=index ) 
ERR: Db Error: Unknown column 'geval_image_again' in 'where clause'
SELECT COUNT(*) AS nc_count FROM `zmkj_evaluate_goods` WHERE ( geval_goodsid = '100956' ) AND ( (geval_image <> '') OR (geval_image_again <> '') ) LIMIT 1  
[2018-02-01 09:34:50] /shop/index.php?act=goods&op=index&goods_id=100961 ( act=goods&op=index ) 
ERR: Db Error: Unknown column 'geval_image_again' in 'where clause'
SELECT COUNT(*) AS nc_count FROM `zmkj_evaluate_goods` WHERE ( geval_goodsid = '100961' ) AND ( (geval_image <> '') OR (geval_image_again <> '') ) LIMIT 1  
[2018-02-01 09:34:54] /shop/index.php?act=goods&op=index&goods_id=100955 ( act=goods&op=index ) 
ERR: Db Error: Unknown column 'geval_image_again' in 'where clause'
SELECT COUNT(*) AS nc_count FROM `zmkj_evaluate_goods` WHERE ( geval_goodsid = '100955' ) AND ( (geval_image <> '') OR (geval_image_again <> '') ) LIMIT 1  
[2018-02-01 09:34:58] /shop/index.php?act=goods&op=index&goods_id=100960 ( act=goods&op=index ) 
ERR: Db Error: Unknown column 'geval_image_again' in 'where clause'
SELECT COUNT(*) AS nc_count FROM `zmkj_evaluate_goods` WHERE ( geval_goodsid = '100960' ) AND ( (geval_image <> '') OR (geval_image_again <> '') ) LIMIT 1  
[2018-02-01 09:35:41] /shop/index.php?act=goods&op=index&goods_id=100962 ( act=goods&op=index ) 
ERR: Db Error: Unknown column 'geval_image_again' in 'where clause'
SELECT COUNT(*) AS nc_count FROM `zmkj_evaluate_goods` WHERE ( geval_goodsid = '100962' ) AND ( (geval_image <> '') OR (geval_image_again <> '') ) LIMIT 1  
[2018-02-01 09:35:48] /shop/index.php?act=goods&op=index&goods_id=100961 ( act=goods&op=index ) 
ERR: Db Error: Unknown column 'geval_image_again' in 'where clause'
SELECT COUNT(*) AS nc_count FROM `zmkj_evaluate_goods` WHERE ( geval_goodsid = '100961' ) AND ( (geval_image <> '') OR (geval_image_again <> '') ) LIMIT 1  
[2018-02-01 09:36:39] /shop/index.php?act=goods&op=index&goods_id=100962 ( act=goods&op=index ) 
ERR: Db Error: Unknown column 'geval_image_again' in 'where clause'
SELECT COUNT(*) AS nc_count FROM `zmkj_evaluate_goods` WHERE ( geval_goodsid = '100962' ) AND ( (geval_image <> '') OR (geval_image_again <> '') ) LIMIT 1  
[2018-02-01 10:36:25] /shop/index.php?act=goods&op=index&goods_id=100487 ( act=goods&op=index ) 
ERR: Db Error: Unknown column 'geval_image_again' in 'where clause'
SELECT COUNT(*) AS nc_count FROM `zmkj_evaluate_goods` WHERE ( geval_goodsid = '100487' ) AND ( (geval_image <> '') OR (geval_image_again <> '') ) LIMIT 1  
[2018-02-01 10:54:46] /shop/index.php?act=goods&op=index&goods_id=100938 ( act=goods&op=index ) 
ERR: Db Error: Unknown column 'geval_image_again' in 'where clause'
SELECT COUNT(*) AS nc_count FROM `zmkj_evaluate_goods` WHERE ( geval_goodsid = '100938' ) AND ( (geval_image <> '') OR (geval_image_again <> '') ) LIMIT 1  
[2018-02-01 11:30:37] /shop/index.php?act=goods&op=index&goods_id=100909 ( act=goods&op=index ) 
ERR: Db Error: Unknown column 'geval_image_again' in 'where clause'
SELECT COUNT(*) AS nc_count FROM `zmkj_evaluate_goods` WHERE ( geval_goodsid = '100909' ) AND ( (geval_image <> '') OR (geval_image_again <> '') ) LIMIT 1  
[2018-02-01 11:31:00] /shop/index.php?act=goods&op=index&goods_id=100903 ( act=goods&op=index ) 
ERR: Db Error: Unknown column 'geval_image_again' in 'where clause'
SELECT COUNT(*) AS nc_count FROM `zmkj_evaluate_goods` WHERE ( geval_goodsid = '100903' ) AND ( (geval_image <> '') OR (geval_image_again <> '') ) LIMIT 1  
[2018-02-01 11:33:08] /shop/index.php?act=goods&op=index&goods_id=100911 ( act=goods&op=index ) 
ERR: Db Error: Unknown column 'geval_image_again' in 'where clause'
SELECT COUNT(*) AS nc_count FROM `zmkj_evaluate_goods` WHERE ( geval_goodsid = '100911' ) AND ( (geval_image <> '') OR (geval_image_again <> '') ) LIMIT 1  
[2018-02-01 11:33:26] /shop/index.php?act=goods&op=index&goods_id=100905 ( act=goods&op=index ) 
ERR: Db Error: Unknown column 'geval_image_again' in 'where clause'
SELECT COUNT(*) AS nc_count FROM `zmkj_evaluate_goods` WHERE ( geval_goodsid = '100905' ) AND ( (geval_image <> '') OR (geval_image_again <> '') ) LIMIT 1  
[2018-02-01 11:33:31] /shop/index.php?act=goods&op=index&goods_id=100904 ( act=goods&op=index ) 
ERR: Db Error: Unknown column 'geval_image_again' in 'where clause'
SELECT COUNT(*) AS nc_count FROM `zmkj_evaluate_goods` WHERE ( geval_goodsid = '100904' ) AND ( (geval_image <> '') OR (geval_image_again <> '') ) LIMIT 1  
[2018-02-01 11:33:42] /shop/index.php?act=goods&op=index&goods_id=100907 ( act=goods&op=index ) 
ERR: Db Error: Unknown column 'geval_image_again' in 'where clause'
SELECT COUNT(*) AS nc_count FROM `zmkj_evaluate_goods` WHERE ( geval_goodsid = '100907' ) AND ( (geval_image <> '') OR (geval_image_again <> '') ) LIMIT 1  
[2018-02-01 11:33:55] /shop/index.php?act=goods&op=index&goods_id=100909 ( act=goods&op=index ) 
ERR: Db Error: Unknown column 'geval_image_again' in 'where clause'
SELECT COUNT(*) AS nc_count FROM `zmkj_evaluate_goods` WHERE ( geval_goodsid = '100909' ) AND ( (geval_image <> '') OR (geval_image_again <> '') ) LIMIT 1  
[2018-02-01 11:33:59] /shop/index.php?act=goods&op=index&goods_id=100906 ( act=goods&op=index ) 
ERR: Db Error: Unknown column 'geval_image_again' in 'where clause'
SELECT COUNT(*) AS nc_count FROM `zmkj_evaluate_goods` WHERE ( geval_goodsid = '100906' ) AND ( (geval_image <> '') OR (geval_image_again <> '') ) LIMIT 1  
[2018-02-01 11:37:34] /shop/index.php?act=goods&op=index&goods_id=100564 ( act=goods&op=index ) 
ERR: Db Error: Unknown column 'geval_image_again' in 'where clause'
SELECT COUNT(*) AS nc_count FROM `zmkj_evaluate_goods` WHERE ( geval_goodsid = '100564' ) AND ( (geval_image <> '') OR (geval_image_again <> '') ) LIMIT 1  
[2018-02-01 11:45:50] /shop/index.php?act=goods&op=index&goods_id=100487 ( act=goods&op=index ) 
ERR: Db Error: Unknown column 'geval_image_again' in 'where clause'
SELECT COUNT(*) AS nc_count FROM `zmkj_evaluate_goods` WHERE ( geval_goodsid = '100487' ) AND ( (geval_image <> '') OR (geval_image_again <> '') ) LIMIT 1  
[2018-02-01 13:36:13] /shop/index.php?act=goods&op=index&goods_id=100903 ( act=goods&op=index ) 
ERR: Db Error: Unknown column 'geval_image_again' in 'where clause'
SELECT COUNT(*) AS nc_count FROM `zmkj_evaluate_goods` WHERE ( geval_goodsid = '100903' ) AND ( (geval_image <> '') OR (geval_image_again <> '') ) LIMIT 1  
[2018-02-01 13:36:21] /shop/index.php?act=goods&op=index&goods_id=100909 ( act=goods&op=index ) 
ERR: Db Error: Unknown column 'geval_image_again' in 'where clause'
SELECT COUNT(*) AS nc_count FROM `zmkj_evaluate_goods` WHERE ( geval_goodsid = '100909' ) AND ( (geval_image <> '') OR (geval_image_again <> '') ) LIMIT 1  
[2018-02-01 13:36:50] /shop/index.php?act=goods&op=index&goods_id=100900 ( act=goods&op=index ) 
ERR: Db Error: Unknown column 'geval_image_again' in 'where clause'
SELECT COUNT(*) AS nc_count FROM `zmkj_evaluate_goods` WHERE ( geval_goodsid = '100900' ) AND ( (geval_image <> '') OR (geval_image_again <> '') ) LIMIT 1  
[2018-02-01 13:37:11] /shop/index.php?act=goods&op=index&goods_id=100903 ( act=goods&op=index ) 
ERR: Db Error: Unknown column 'geval_image_again' in 'where clause'
SELECT COUNT(*) AS nc_count FROM `zmkj_evaluate_goods` WHERE ( geval_goodsid = '100903' ) AND ( (geval_image <> '') OR (geval_image_again <> '') ) LIMIT 1  
[2018-02-01 13:37:19] /shop/index.php?act=goods&op=index&goods_id=100909 ( act=goods&op=index ) 
ERR: Db Error: Unknown column 'geval_image_again' in 'where clause'
SELECT COUNT(*) AS nc_count FROM `zmkj_evaluate_goods` WHERE ( geval_goodsid = '100909' ) AND ( (geval_image <> '') OR (geval_image_again <> '') ) LIMIT 1  
[2018-02-01 15:26:34] /shop/index.php?act=goods&op=index&goods_id=100963 ( act=goods&op=index ) 
ERR: Db Error: Unknown column 'geval_image_again' in 'where clause'
SELECT COUNT(*) AS nc_count FROM `zmkj_evaluate_goods` WHERE ( geval_goodsid = '100963' ) AND ( (geval_image <> '') OR (geval_image_again <> '') ) LIMIT 1  
[2018-02-01 15:37:34] /shop/index.php?act=goods&op=index&goods_id=100964 ( act=goods&op=index ) 
ERR: Db Error: Unknown column 'geval_image_again' in 'where clause'
SELECT COUNT(*) AS nc_count FROM `zmkj_evaluate_goods` WHERE ( geval_goodsid = '100964' ) AND ( (geval_image <> '') OR (geval_image_again <> '') ) LIMIT 1  
[2018-02-01 16:06:57] /shop/index.php?act=goods&op=index&goods_id=100965 ( act=goods&op=index ) 
ERR: Db Error: Unknown column 'geval_image_again' in 'where clause'
SELECT COUNT(*) AS nc_count FROM `zmkj_evaluate_goods` WHERE ( geval_goodsid = '100965' ) AND ( (geval_image <> '') OR (geval_image_again <> '') ) LIMIT 1  
[2018-02-01 16:15:54] /shop/index.php?act=goods&op=index&goods_id=100966 ( act=goods&op=index ) 
ERR: Db Error: Unknown column 'geval_image_again' in 'where clause'
SELECT COUNT(*) AS nc_count FROM `zmkj_evaluate_goods` WHERE ( geval_goodsid = '100966' ) AND ( (geval_image <> '') OR (geval_image_again <> '') ) LIMIT 1  
[2018-02-01 16:50:31] /shop/index.php?act=goods&op=index&goods_id=100967 ( act=goods&op=index ) 
ERR: Db Error: Unknown column 'geval_image_again' in 'where clause'
SELECT COUNT(*) AS nc_count FROM `zmkj_evaluate_goods` WHERE ( geval_goodsid = '100967' ) AND ( (geval_image <> '') OR (geval_image_again <> '') ) LIMIT 1  
[2018-02-01 16:57:28] /shop/index.php?act=goods&op=index&goods_id=100965 ( act=goods&op=index ) 
ERR: Db Error: Unknown column 'geval_image_again' in 'where clause'
SELECT COUNT(*) AS nc_count FROM `zmkj_evaluate_goods` WHERE ( geval_goodsid = '100965' ) AND ( (geval_image <> '') OR (geval_image_again <> '') ) LIMIT 1  
[2018-02-01 17:01:02] /shop/index.php?act=goods&op=index&goods_id=100624 ( act=goods&op=index ) 
ERR: Db Error: Unknown column 'geval_image_again' in 'where clause'
SELECT COUNT(*) AS nc_count FROM `zmkj_evaluate_goods` WHERE ( geval_goodsid = '100624' ) AND ( (geval_image <> '') OR (geval_image_again <> '') ) LIMIT 1  
[2018-02-01 17:01:45] /shop/index.php?act=goods&op=index&goods_id=100705 ( act=goods&op=index ) 
ERR: Db Error: Unknown column 'geval_image_again' in 'where clause'
SELECT COUNT(*) AS nc_count FROM `zmkj_evaluate_goods` WHERE ( geval_goodsid = '100705' ) AND ( (geval_image <> '') OR (geval_image_again <> '') ) LIMIT 1  
[2018-02-01 17:02:02] /shop/index.php?act=goods&op=index&goods_id=100624 ( act=goods&op=index ) 
ERR: Db Error: Unknown column 'geval_image_again' in 'where clause'
SELECT COUNT(*) AS nc_count FROM `zmkj_evaluate_goods` WHERE ( geval_goodsid = '100624' ) AND ( (geval_image <> '') OR (geval_image_again <> '') ) LIMIT 1  
[2018-02-01 17:15:21] /shop/index.php?act=goods&op=index&goods_id=100971 ( act=goods&op=index ) 
ERR: Db Error: Unknown column 'geval_image_again' in 'where clause'
SELECT COUNT(*) AS nc_count FROM `zmkj_evaluate_goods` WHERE ( geval_goodsid = '100971' ) AND ( (geval_image <> '') OR (geval_image_again <> '') ) LIMIT 1  
[2018-02-01 17:29:24] /shop/index.php?act=goods&op=index&goods_id=100966 ( act=goods&op=index ) 
ERR: Db Error: Unknown column 'geval_image_again' in 'where clause'
SELECT COUNT(*) AS nc_count FROM `zmkj_evaluate_goods` WHERE ( geval_goodsid = '100966' ) AND ( (geval_image <> '') OR (geval_image_again <> '') ) LIMIT 1  
[2018-02-01 17:30:15] /shop/index.php?act=goods&op=index&goods_id=100971 ( act=goods&op=index ) 
ERR: Db Error: Unknown column 'geval_image_again' in 'where clause'
SELECT COUNT(*) AS nc_count FROM `zmkj_evaluate_goods` WHERE ( geval_goodsid = '100971' ) AND ( (geval_image <> '') OR (geval_image_again <> '') ) LIMIT 1  
[2018-02-01 17:30:22] /shop/index.php?act=goods&op=index&goods_id=100966 ( act=goods&op=index ) 
ERR: Db Error: Unknown column 'geval_image_again' in 'where clause'
SELECT COUNT(*) AS nc_count FROM `zmkj_evaluate_goods` WHERE ( geval_goodsid = '100966' ) AND ( (geval_image <> '') OR (geval_image_again <> '') ) LIMIT 1  
[2018-02-01 17:31:13] /shop/index.php?act=goods&op=index&goods_id=100971 ( act=goods&op=index ) 
ERR: Db Error: Unknown column 'geval_image_again' in 'where clause'
SELECT COUNT(*) AS nc_count FROM `zmkj_evaluate_goods` WHERE ( geval_goodsid = '100971' ) AND ( (geval_image <> '') OR (geval_image_again <> '') ) LIMIT 1  
[2018-02-01 18:14:06] /shop/index.php?act=goods&op=index&goods_id=100624 ( act=goods&op=index ) 
ERR: Db Error: Unknown column 'geval_image_again' in 'where clause'
SELECT COUNT(*) AS nc_count FROM `zmkj_evaluate_goods` WHERE ( geval_goodsid = '100624' ) AND ( (geval_image <> '') OR (geval_image_again <> '') ) LIMIT 1  
[2018-02-01 18:14:22] /shop/index.php?act=goods&op=index&goods_id=100624 ( act=goods&op=index ) 
ERR: Db Error: Unknown column 'geval_image_again' in 'where clause'
SELECT COUNT(*) AS nc_count FROM `zmkj_evaluate_goods` WHERE ( geval_goodsid = '100624' ) AND ( (geval_image <> '') OR (geval_image_again <> '') ) LIMIT 1  
[2018-02-01 18:14:25] /shop/index.php?act=goods&op=comments_list&goods_id=100624 ( act=goods&op=comments_list ) 
ERR: Db Error: Unknown column 'geval_image_again' in 'where clause'
SELECT COUNT(*) AS nc_count FROM `zmkj_evaluate_goods` WHERE ( geval_goodsid = '100624' ) AND ( (geval_image <> '') OR (geval_image_again <> '') ) LIMIT 1  
[2018-02-01 18:15:00] /shop/index.php?act=goods&op=index&goods_id=100578 ( act=goods&op=index ) 
ERR: Db Error: Unknown column 'geval_image_again' in 'where clause'
SELECT COUNT(*) AS nc_count FROM `zmkj_evaluate_goods` WHERE ( geval_goodsid = '100578' ) AND ( (geval_image <> '') OR (geval_image_again <> '') ) LIMIT 1  
[2018-02-01 18:15:32] /shop/index.php?act=goods&goods_id=100747 ( act=goods&op=index ) 
ERR: Db Error: Unknown column 'geval_image_again' in 'where clause'
SELECT COUNT(*) AS nc_count FROM `zmkj_evaluate_goods` WHERE ( geval_goodsid = '100747' ) AND ( (geval_image <> '') OR (geval_image_again <> '') ) LIMIT 1  
[2018-02-01 18:16:32] /shop/index.php?act=goods&goods_id=100747 ( act=goods&op=index ) 
ERR: Db Error: Unknown column 'geval_image_again' in 'where clause'
SELECT COUNT(*) AS nc_count FROM `zmkj_evaluate_goods` WHERE ( geval_goodsid = '100747' ) AND ( (geval_image <> '') OR (geval_image_again <> '') ) LIMIT 1  
[2018-02-01 19:11:36] /shop/index.php?act=goods&op=index&goods_id=100929 ( act=goods&op=index ) 
ERR: Db Error: Unknown column 'geval_image_again' in 'where clause'
SELECT COUNT(*) AS nc_count FROM `zmkj_evaluate_goods` WHERE ( geval_goodsid = '100929' ) AND ( (geval_image <> '') OR (geval_image_again <> '') ) LIMIT 1  
[2018-02-01 19:11:43] /shop/index.php?act=goods&op=index&goods_id=100941 ( act=goods&op=index ) 
ERR: Db Error: Unknown column 'geval_image_again' in 'where clause'
SELECT COUNT(*) AS nc_count FROM `zmkj_evaluate_goods` WHERE ( geval_goodsid = '100941' ) AND ( (geval_image <> '') OR (geval_image_again <> '') ) LIMIT 1  
[2018-02-01 19:14:21] /shop/index.php?act=goods&op=index&goods_id=100805 ( act=goods&op=index ) 
ERR: Db Error: Unknown column 'geval_image_again' in 'where clause'
SELECT COUNT(*) AS nc_count FROM `zmkj_evaluate_goods` WHERE ( geval_goodsid = '100805' ) AND ( (geval_image <> '') OR (geval_image_again <> '') ) LIMIT 1  
[2018-02-01 19:14:35] /shop/index.php?act=goods&op=index&goods_id=100729 ( act=goods&op=index ) 
ERR: Db Error: Unknown column 'geval_image_again' in 'where clause'
SELECT COUNT(*) AS nc_count FROM `zmkj_evaluate_goods` WHERE ( geval_goodsid = '100729' ) AND ( (geval_image <> '') OR (geval_image_again <> '') ) LIMIT 1  
[2018-02-01 19:14:51] /shop/index.php?act=goods&op=index&goods_id=100793 ( act=goods&op=index ) 
ERR: Db Error: Unknown column 'geval_image_again' in 'where clause'
SELECT COUNT(*) AS nc_count FROM `zmkj_evaluate_goods` WHERE ( geval_goodsid = '100793' ) AND ( (geval_image <> '') OR (geval_image_again <> '') ) LIMIT 1  
[2018-02-01 19:17:42] /shop/index.php?act=goods&op=index&goods_id=100711 ( act=goods&op=index ) 
ERR: Db Error: Unknown column 'geval_image_again' in 'where clause'
SELECT COUNT(*) AS nc_count FROM `zmkj_evaluate_goods` WHERE ( geval_goodsid = '100711' ) AND ( (geval_image <> '') OR (geval_image_again <> '') ) LIMIT 1  
[2018-02-01 19:18:15] /shop/index.php?act=goods&op=index&goods_id=100708 ( act=goods&op=index ) 
ERR: Db Error: Unknown column 'geval_image_again' in 'where clause'
SELECT COUNT(*) AS nc_count FROM `zmkj_evaluate_goods` WHERE ( geval_goodsid = '100708' ) AND ( (geval_image <> '') OR (geval_image_again <> '') ) LIMIT 1  
[2018-02-01 19:18:17] /shop/index.php?act=goods&op=index&goods_id=100694 ( act=goods&op=index ) 
ERR: Db Error: Unknown column 'geval_image_again' in 'where clause'
SELECT COUNT(*) AS nc_count FROM `zmkj_evaluate_goods` WHERE ( geval_goodsid = '100694' ) AND ( (geval_image <> '') OR (geval_image_again <> '') ) LIMIT 1  
[2018-02-01 19:39:53] /shop/index.php?act=goods&op=index&goods_id=100975 ( act=goods&op=index ) 
ERR: Db Error: Unknown column 'geval_image_again' in 'where clause'
SELECT COUNT(*) AS nc_count FROM `zmkj_evaluate_goods` WHERE ( geval_goodsid = '100975' ) AND ( (geval_image <> '') OR (geval_image_again <> '') ) LIMIT 1  
[2018-02-01 20:43:28] /shop/index.php?act=goods&op=index&goods_id=100728 ( act=goods&op=index ) 
ERR: Db Error: Unknown column 'geval_image_again' in 'where clause'
SELECT COUNT(*) AS nc_count FROM `zmkj_evaluate_goods` WHERE ( geval_goodsid = '100728' ) AND ( (geval_image <> '') OR (geval_image_again <> '') ) LIMIT 1  
