[2018-09-30 00:00:43] /shop/index.php?act=goods&op=comments_list&goods_id=105911&type=2 ( act=goods&op=comments_list ) 
ERR: Db Error: Unknown column 'geval_image_again' in 'where clause'
SELECT COUNT(*) AS nc_count FROM `zmkj_evaluate_goods` WHERE ( geval_goodsid = '105911' ) AND ( (geval_image <> '') OR (geval_image_again <> '') ) LIMIT 1  
[2018-09-30 00:40:55] /shop/index.php?act=goods&op=comments_list&goods_id=103147&type=2 ( act=goods&op=comments_list ) 
ERR: Db Error: Unknown column 'geval_image_again' in 'where clause'
SELECT COUNT(*) AS nc_count FROM `zmkj_evaluate_goods` WHERE ( geval_goodsid = '103147' ) AND ( (geval_image <> '') OR (geval_image_again <> '') ) LIMIT 1  
[2018-09-30 01:06:47] /shop/index.php?act=goods&op=comments_list&goods_id=105868&type=3 ( act=goods&op=comments_list ) 
ERR: Db Error: Unknown column 'geval_image_again' in 'where clause'
SELECT COUNT(*) AS nc_count FROM `zmkj_evaluate_goods` WHERE ( geval_goodsid = '105868' ) AND ( (geval_image <> '') OR (geval_image_again <> '') ) LIMIT 1  
[2018-09-30 01:12:27] /shop/index.php?act=goods&op=comments_list&goods_id=104564&type=1 ( act=goods&op=comments_list ) 
ERR: Db Error: Unknown column 'geval_image_again' in 'where clause'
SELECT COUNT(*) AS nc_count FROM `zmkj_evaluate_goods` WHERE ( geval_goodsid = '104564' ) AND ( (geval_image <> '') OR (geval_image_again <> '') ) LIMIT 1  
[2018-09-30 01:35:25] /shop/index.php?act=goods&op=comments_list&goods_id=106047&type=1 ( act=goods&op=comments_list ) 
ERR: Db Error: Unknown column 'geval_image_again' in 'where clause'
SELECT COUNT(*) AS nc_count FROM `zmkj_evaluate_goods` WHERE ( geval_goodsid = '106047' ) AND ( (geval_image <> '') OR (geval_image_again <> '') ) LIMIT 1  
[2018-09-30 01:46:54] /shop/index.php?act=goods&op=comments_list&goods_id=105790&type=2 ( act=goods&op=comments_list ) 
ERR: Db Error: Unknown column 'geval_image_again' in 'where clause'
SELECT COUNT(*) AS nc_count FROM `zmkj_evaluate_goods` WHERE ( geval_goodsid = '105790' ) AND ( (geval_image <> '') OR (geval_image_again <> '') ) LIMIT 1  
[2018-09-30 02:24:14] /shop/index.php?act=goods&op=comments_list&goods_id=104544&type=2 ( act=goods&op=comments_list ) 
ERR: Db Error: Unknown column 'geval_image_again' in 'where clause'
SELECT COUNT(*) AS nc_count FROM `zmkj_evaluate_goods` WHERE ( geval_goodsid = '104544' ) AND ( (geval_image <> '') OR (geval_image_again <> '') ) LIMIT 1  
[2018-09-30 02:31:12] /shop/index.php?act=goods&op=comments_list&goods_id=102834&type=1 ( act=goods&op=comments_list ) 
ERR: Db Error: Unknown column 'geval_image_again' in 'where clause'
SELECT COUNT(*) AS nc_count FROM `zmkj_evaluate_goods` WHERE ( geval_goodsid = '102834' ) AND ( (geval_image <> '') OR (geval_image_again <> '') ) LIMIT 1  
[2018-09-30 03:51:33] /shop/index.php?act=goods&op=comments_list&goods_id=105822 ( act=goods&op=comments_list ) 
ERR: Db Error: Unknown column 'geval_image_again' in 'where clause'
SELECT COUNT(*) AS nc_count FROM `zmkj_evaluate_goods` WHERE ( geval_goodsid = '105822' ) AND ( (geval_image <> '') OR (geval_image_again <> '') ) LIMIT 1  
[2018-09-30 05:07:56] /shop/index.php?act=goods&op=comments_list&goods_id=105804&type=3 ( act=goods&op=comments_list ) 
ERR: Db Error: Unknown column 'geval_image_again' in 'where clause'
SELECT COUNT(*) AS nc_count FROM `zmkj_evaluate_goods` WHERE ( geval_goodsid = '105804' ) AND ( (geval_image <> '') OR (geval_image_again <> '') ) LIMIT 1  
[2018-09-30 05:28:01] /shop/index.php?act=goods&op=comments_list&goods_id=102638&type=1 ( act=goods&op=comments_list ) 
ERR: Db Error: Unknown column 'geval_image_again' in 'where clause'
SELECT COUNT(*) AS nc_count FROM `zmkj_evaluate_goods` WHERE ( geval_goodsid = '102638' ) AND ( (geval_image <> '') OR (geval_image_again <> '') ) LIMIT 1  
[2018-09-30 05:31:19] /shop/index.php?act=goods&op=comments_list&goods_id=103426 ( act=goods&op=comments_list ) 
ERR: Db Error: Unknown column 'geval_image_again' in 'where clause'
SELECT COUNT(*) AS nc_count FROM `zmkj_evaluate_goods` WHERE ( geval_goodsid = '103426' ) AND ( (geval_image <> '') OR (geval_image_again <> '') ) LIMIT 1  
[2018-09-30 05:45:50] /shop/index.php?act=goods&op=comments_list&goods_id=105804&type=1 ( act=goods&op=comments_list ) 
ERR: Db Error: Unknown column 'geval_image_again' in 'where clause'
SELECT COUNT(*) AS nc_count FROM `zmkj_evaluate_goods` WHERE ( geval_goodsid = '105804' ) AND ( (geval_image <> '') OR (geval_image_again <> '') ) LIMIT 1  
[2018-09-30 05:48:07] /shop/index.php?act=goods&op=comments_list&goods_id=105802&type=3 ( act=goods&op=comments_list ) 
ERR: Db Error: Unknown column 'geval_image_again' in 'where clause'
SELECT COUNT(*) AS nc_count FROM `zmkj_evaluate_goods` WHERE ( geval_goodsid = '105802' ) AND ( (geval_image <> '') OR (geval_image_again <> '') ) LIMIT 1  
[2018-09-30 06:01:09] /shop/index.php?act=goods&op=comments_list&goods_id=105787&type=2 ( act=goods&op=comments_list ) 
ERR: Db Error: Unknown column 'geval_image_again' in 'where clause'
SELECT COUNT(*) AS nc_count FROM `zmkj_evaluate_goods` WHERE ( geval_goodsid = '105787' ) AND ( (geval_image <> '') OR (geval_image_again <> '') ) LIMIT 1  
[2018-09-30 06:02:20] /shop/index.php?act=goods&op=comments_list&goods_id=105839 ( act=goods&op=comments_list ) 
ERR: Db Error: Unknown column 'geval_image_again' in 'where clause'
SELECT COUNT(*) AS nc_count FROM `zmkj_evaluate_goods` WHERE ( geval_goodsid = '105839' ) AND ( (geval_image <> '') OR (geval_image_again <> '') ) LIMIT 1  
[2018-09-30 06:05:44] /shop/index.php?act=goods&op=comments_list&goods_id=102645 ( act=goods&op=comments_list ) 
ERR: Db Error: Unknown column 'geval_image_again' in 'where clause'
SELECT COUNT(*) AS nc_count FROM `zmkj_evaluate_goods` WHERE ( geval_goodsid = '102645' ) AND ( (geval_image <> '') OR (geval_image_again <> '') ) LIMIT 1  
[2018-09-30 06:16:52] /shop/index.php?act=goods&op=comments_list&goods_id=105853&type=2 ( act=goods&op=comments_list ) 
ERR: Db Error: Unknown column 'geval_image_again' in 'where clause'
SELECT COUNT(*) AS nc_count FROM `zmkj_evaluate_goods` WHERE ( geval_goodsid = '105853' ) AND ( (geval_image <> '') OR (geval_image_again <> '') ) LIMIT 1  
[2018-09-30 06:20:43] /shop/index.php?act=goods&op=comments_list&goods_id=105267&type=3 ( act=goods&op=comments_list ) 
ERR: Db Error: Unknown column 'geval_image_again' in 'where clause'
SELECT COUNT(*) AS nc_count FROM `zmkj_evaluate_goods` WHERE ( geval_goodsid = '105267' ) AND ( (geval_image <> '') OR (geval_image_again <> '') ) LIMIT 1  
[2018-09-30 06:48:29] /shop/index.php?act=goods&op=comments_list&goods_id=105942&type=1 ( act=goods&op=comments_list ) 
ERR: Db Error: Unknown column 'geval_image_again' in 'where clause'
SELECT COUNT(*) AS nc_count FROM `zmkj_evaluate_goods` WHERE ( geval_goodsid = '105942' ) AND ( (geval_image <> '') OR (geval_image_again <> '') ) LIMIT 1  
[2018-09-30 06:57:06] /shop/index.php?act=goods&op=comments_list&goods_id=104276&type=2 ( act=goods&op=comments_list ) 
ERR: Db Error: Unknown column 'geval_image_again' in 'where clause'
SELECT COUNT(*) AS nc_count FROM `zmkj_evaluate_goods` WHERE ( geval_goodsid = '104276' ) AND ( (geval_image <> '') OR (geval_image_again <> '') ) LIMIT 1  
[2018-09-30 07:11:28] /shop/index.php?act=goods&op=comments_list&goods_id=106022&type=3 ( act=goods&op=comments_list ) 
ERR: Db Error: Unknown column 'geval_image_again' in 'where clause'
SELECT COUNT(*) AS nc_count FROM `zmkj_evaluate_goods` WHERE ( geval_goodsid = '106022' ) AND ( (geval_image <> '') OR (geval_image_again <> '') ) LIMIT 1  
[2018-09-30 07:17:12] /shop/index.php?act=goods&op=comments_list&goods_id=105937&type=1 ( act=goods&op=comments_list ) 
ERR: Db Error: Unknown column 'geval_image_again' in 'where clause'
SELECT COUNT(*) AS nc_count FROM `zmkj_evaluate_goods` WHERE ( geval_goodsid = '105937' ) AND ( (geval_image <> '') OR (geval_image_again <> '') ) LIMIT 1  
[2018-09-30 07:22:35] /shop/index.php?act=goods&op=comments_list&goods_id=105864 ( act=goods&op=comments_list ) 
ERR: Db Error: Unknown column 'geval_image_again' in 'where clause'
SELECT COUNT(*) AS nc_count FROM `zmkj_evaluate_goods` WHERE ( geval_goodsid = '105864' ) AND ( (geval_image <> '') OR (geval_image_again <> '') ) LIMIT 1  
[2018-09-30 07:22:57] /shop/index.php?act=goods&op=comments_list&goods_id=104601&type=3 ( act=goods&op=comments_list ) 
ERR: Db Error: Unknown column 'geval_image_again' in 'where clause'
SELECT COUNT(*) AS nc_count FROM `zmkj_evaluate_goods` WHERE ( geval_goodsid = '104601' ) AND ( (geval_image <> '') OR (geval_image_again <> '') ) LIMIT 1  
[2018-09-30 07:36:48] /shop/index.php?act=goods&op=comments_list&goods_id=105933&type=2 ( act=goods&op=comments_list ) 
ERR: Db Error: Unknown column 'geval_image_again' in 'where clause'
SELECT COUNT(*) AS nc_count FROM `zmkj_evaluate_goods` WHERE ( geval_goodsid = '105933' ) AND ( (geval_image <> '') OR (geval_image_again <> '') ) LIMIT 1  
[2018-09-30 08:11:50] /shop/index.php?act=goods&op=comments_list&goods_id=101994&type=1 ( act=goods&op=comments_list ) 
ERR: Db Error: Unknown column 'geval_image_again' in 'where clause'
SELECT COUNT(*) AS nc_count FROM `zmkj_evaluate_goods` WHERE ( geval_goodsid = '101994' ) AND ( (geval_image <> '') OR (geval_image_again <> '') ) LIMIT 1  
[2018-09-30 08:15:43] /shop/index.php?act=goods&op=comments_list&goods_id=104596&type=2 ( act=goods&op=comments_list ) 
ERR: Db Error: Unknown column 'geval_image_again' in 'where clause'
SELECT COUNT(*) AS nc_count FROM `zmkj_evaluate_goods` WHERE ( geval_goodsid = '104596' ) AND ( (geval_image <> '') OR (geval_image_again <> '') ) LIMIT 1  
[2018-09-30 08:26:12] /shop/index.php?act=goods&op=comments_list&goods_id=102693&type=2 ( act=goods&op=comments_list ) 
ERR: Db Error: Unknown column 'geval_image_again' in 'where clause'
SELECT COUNT(*) AS nc_count FROM `zmkj_evaluate_goods` WHERE ( geval_goodsid = '102693' ) AND ( (geval_image <> '') OR (geval_image_again <> '') ) LIMIT 1  
[2018-09-30 08:31:56] /shop/index.php?act=goods&op=comments_list&goods_id=104009&type=3 ( act=goods&op=comments_list ) 
ERR: Db Error: Unknown column 'geval_image_again' in 'where clause'
SELECT COUNT(*) AS nc_count FROM `zmkj_evaluate_goods` WHERE ( geval_goodsid = '104009' ) AND ( (geval_image <> '') OR (geval_image_again <> '') ) LIMIT 1  
[2018-09-30 09:12:43] /shop/index.php?act=goods&op=comments_list&goods_id=100797 ( act=goods&op=comments_list ) 
ERR: Db Error: Unknown column 'geval_image_again' in 'where clause'
SELECT COUNT(*) AS nc_count FROM `zmkj_evaluate_goods` WHERE ( geval_goodsid = '100797' ) AND ( (geval_image <> '') OR (geval_image_again <> '') ) LIMIT 1  
[2018-09-30 09:15:00] /shop/index.php?act=goods&op=comments_list&goods_id=100797&type=3 ( act=goods&op=comments_list ) 
ERR: Db Error: Unknown column 'geval_image_again' in 'where clause'
SELECT COUNT(*) AS nc_count FROM `zmkj_evaluate_goods` WHERE ( geval_goodsid = '100797' ) AND ( (geval_image <> '') OR (geval_image_again <> '') ) LIMIT 1  
[2018-09-30 09:22:55] /shop/index.php?act=goods&op=comments_list&goods_id=105861 ( act=goods&op=comments_list ) 
ERR: Db Error: Unknown column 'geval_image_again' in 'where clause'
SELECT COUNT(*) AS nc_count FROM `zmkj_evaluate_goods` WHERE ( geval_goodsid = '105861' ) AND ( (geval_image <> '') OR (geval_image_again <> '') ) LIMIT 1  
[2018-09-30 09:35:53] /shop/index.php?act=goods&op=comments_list&goods_id=103630&type=3 ( act=goods&op=comments_list ) 
ERR: Db Error: Unknown column 'geval_image_again' in 'where clause'
SELECT COUNT(*) AS nc_count FROM `zmkj_evaluate_goods` WHERE ( geval_goodsid = '103630' ) AND ( (geval_image <> '') OR (geval_image_again <> '') ) LIMIT 1  
[2018-09-30 09:46:34] /shop/index.php?act=goods&op=comments_list&goods_id=105776&type=1 ( act=goods&op=comments_list ) 
ERR: Db Error: Unknown column 'geval_image_again' in 'where clause'
SELECT COUNT(*) AS nc_count FROM `zmkj_evaluate_goods` WHERE ( geval_goodsid = '105776' ) AND ( (geval_image <> '') OR (geval_image_again <> '') ) LIMIT 1  
[2018-09-30 09:55:10] /shop/index.php?act=goods&op=comments_list&goods_id=106275 ( act=goods&op=comments_list ) 
ERR: Db Error: Unknown column 'geval_image_again' in 'where clause'
SELECT COUNT(*) AS nc_count FROM `zmkj_evaluate_goods` WHERE ( geval_goodsid = '106275' ) AND ( (geval_image <> '') OR (geval_image_again <> '') ) LIMIT 1  
[2018-09-30 10:03:20] /shop/index.php?act=goods&op=comments_list&goods_id=105808 ( act=goods&op=comments_list ) 
ERR: Db Error: Unknown column 'geval_image_again' in 'where clause'
SELECT COUNT(*) AS nc_count FROM `zmkj_evaluate_goods` WHERE ( geval_goodsid = '105808' ) AND ( (geval_image <> '') OR (geval_image_again <> '') ) LIMIT 1  
[2018-09-30 10:06:38] /shop/index.php?act=goods&op=comments_list&goods_id=103425&type=2 ( act=goods&op=comments_list ) 
ERR: Db Error: Unknown column 'geval_image_again' in 'where clause'
SELECT COUNT(*) AS nc_count FROM `zmkj_evaluate_goods` WHERE ( geval_goodsid = '103425' ) AND ( (geval_image <> '') OR (geval_image_again <> '') ) LIMIT 1  
[2018-09-30 10:09:30] /shop/index.php?act=goods&op=comments_list&goods_id=105840&type=2 ( act=goods&op=comments_list ) 
ERR: Db Error: Unknown column 'geval_image_again' in 'where clause'
SELECT COUNT(*) AS nc_count FROM `zmkj_evaluate_goods` WHERE ( geval_goodsid = '105840' ) AND ( (geval_image <> '') OR (geval_image_again <> '') ) LIMIT 1  
[2018-09-30 10:21:26] /shop/index.php?act=goods&op=comments_list&goods_id=104528&type=1 ( act=goods&op=comments_list ) 
ERR: Db Error: Unknown column 'geval_image_again' in 'where clause'
SELECT COUNT(*) AS nc_count FROM `zmkj_evaluate_goods` WHERE ( geval_goodsid = '104528' ) AND ( (geval_image <> '') OR (geval_image_again <> '') ) LIMIT 1  
[2018-09-30 10:31:12] /shop/index.php?act=goods&op=comments_list&goods_id=103050 ( act=goods&op=comments_list ) 
ERR: Db Error: Unknown column 'geval_image_again' in 'where clause'
SELECT COUNT(*) AS nc_count FROM `zmkj_evaluate_goods` WHERE ( geval_goodsid = '103050' ) AND ( (geval_image <> '') OR (geval_image_again <> '') ) LIMIT 1  
[2018-09-30 10:31:40] /shop/index.php?act=search&op=index&cate_id=1580 ( act=search&op=index ) 
ERR: Db Error: Unknown column 'gc_id_' in 'where clause'
SELECT count(distinct CONCAT(goods_commonid)) AS nc_count FROM `zmkj_goods` WHERE ( gc_id_ = '1580' ) AND ( goods_state = '1' ) AND ( goods_verify = '1' ) LIMIT 1  
[2018-09-30 10:44:00] /shop/index.php?act=goods&op=comments_list&goods_id=106034&type=3 ( act=goods&op=comments_list ) 
ERR: Db Error: Unknown column 'geval_image_again' in 'where clause'
SELECT COUNT(*) AS nc_count FROM `zmkj_evaluate_goods` WHERE ( geval_goodsid = '106034' ) AND ( (geval_image <> '') OR (geval_image_again <> '') ) LIMIT 1  
[2018-09-30 10:46:52] /shop/index.php?act=goods&op=comments_list&goods_id=104644&type=2 ( act=goods&op=comments_list ) 
ERR: Db Error: Unknown column 'geval_image_again' in 'where clause'
SELECT COUNT(*) AS nc_count FROM `zmkj_evaluate_goods` WHERE ( geval_goodsid = '104644' ) AND ( (geval_image <> '') OR (geval_image_again <> '') ) LIMIT 1  
[2018-09-30 10:52:37] /shop/index.php?act=goods&op=comments_list&goods_id=103430&type=1 ( act=goods&op=comments_list ) 
ERR: Db Error: Unknown column 'geval_image_again' in 'where clause'
SELECT COUNT(*) AS nc_count FROM `zmkj_evaluate_goods` WHERE ( geval_goodsid = '103430' ) AND ( (geval_image <> '') OR (geval_image_again <> '') ) LIMIT 1  
[2018-09-30 11:01:41] /shop/index.php?act=goods&op=comments_list&goods_id=105943&type=1 ( act=goods&op=comments_list ) 
ERR: Db Error: Unknown column 'geval_image_again' in 'where clause'
SELECT COUNT(*) AS nc_count FROM `zmkj_evaluate_goods` WHERE ( geval_goodsid = '105943' ) AND ( (geval_image <> '') OR (geval_image_again <> '') ) LIMIT 1  
[2018-09-30 11:12:44] /shop/index.php?act=goods&op=comments_list&goods_id=104472&type=2 ( act=goods&op=comments_list ) 
ERR: Db Error: Unknown column 'geval_image_again' in 'where clause'
SELECT COUNT(*) AS nc_count FROM `zmkj_evaluate_goods` WHERE ( geval_goodsid = '104472' ) AND ( (geval_image <> '') OR (geval_image_again <> '') ) LIMIT 1  
[2018-09-30 11:13:53] /shop/index.php?act=goods&op=comments_list&goods_id=103035 ( act=goods&op=comments_list ) 
ERR: Db Error: Unknown column 'geval_image_again' in 'where clause'
SELECT COUNT(*) AS nc_count FROM `zmkj_evaluate_goods` WHERE ( geval_goodsid = '103035' ) AND ( (geval_image <> '') OR (geval_image_again <> '') ) LIMIT 1  
[2018-09-30 11:15:36] /shop/index.php?act=goods&op=comments_list&goods_id=103035 ( act=goods&op=comments_list ) 
ERR: Db Error: Unknown column 'geval_image_again' in 'where clause'
SELECT COUNT(*) AS nc_count FROM `zmkj_evaluate_goods` WHERE ( geval_goodsid = '103035' ) AND ( (geval_image <> '') OR (geval_image_again <> '') ) LIMIT 1  
[2018-09-30 11:38:34] /shop/index.php?act=goods&op=comments_list&goods_id=102545&type=3 ( act=goods&op=comments_list ) 
ERR: Db Error: Unknown column 'geval_image_again' in 'where clause'
SELECT COUNT(*) AS nc_count FROM `zmkj_evaluate_goods` WHERE ( geval_goodsid = '102545' ) AND ( (geval_image <> '') OR (geval_image_again <> '') ) LIMIT 1  
[2018-09-30 11:51:02] /shop/index.php?act=goods&op=comments_list&goods_id=104385&type=3 ( act=goods&op=comments_list ) 
ERR: Db Error: Unknown column 'geval_image_again' in 'where clause'
SELECT COUNT(*) AS nc_count FROM `zmkj_evaluate_goods` WHERE ( geval_goodsid = '104385' ) AND ( (geval_image <> '') OR (geval_image_again <> '') ) LIMIT 1  
[2018-09-30 11:56:14] /shop/index.php?act=goods&op=comments_list&goods_id=103960&type=2 ( act=goods&op=comments_list ) 
ERR: Db Error: Unknown column 'geval_image_again' in 'where clause'
SELECT COUNT(*) AS nc_count FROM `zmkj_evaluate_goods` WHERE ( geval_goodsid = '103960' ) AND ( (geval_image <> '') OR (geval_image_again <> '') ) LIMIT 1  
[2018-09-30 11:58:54] /shop/index.php?act=goods&op=comments_list&goods_id=100797 ( act=goods&op=comments_list ) 
ERR: Db Error: Unknown column 'geval_image_again' in 'where clause'
SELECT COUNT(*) AS nc_count FROM `zmkj_evaluate_goods` WHERE ( geval_goodsid = '100797' ) AND ( (geval_image <> '') OR (geval_image_again <> '') ) LIMIT 1  
[2018-09-30 12:33:08] /shop/index.php?act=goods&op=comments_list&goods_id=105789&type=1 ( act=goods&op=comments_list ) 
ERR: Db Error: Unknown column 'geval_image_again' in 'where clause'
SELECT COUNT(*) AS nc_count FROM `zmkj_evaluate_goods` WHERE ( geval_goodsid = '105789' ) AND ( (geval_image <> '') OR (geval_image_again <> '') ) LIMIT 1  
[2018-09-30 12:41:47] /shop/index.php?act=goods&op=comments_list&goods_id=103968&type=2 ( act=goods&op=comments_list ) 
ERR: Db Error: Unknown column 'geval_image_again' in 'where clause'
SELECT COUNT(*) AS nc_count FROM `zmkj_evaluate_goods` WHERE ( geval_goodsid = '103968' ) AND ( (geval_image <> '') OR (geval_image_again <> '') ) LIMIT 1  
[2018-09-30 12:56:08] /shop/index.php?act=goods&op=comments_list&goods_id=105816&type=2 ( act=goods&op=comments_list ) 
ERR: Db Error: Unknown column 'geval_image_again' in 'where clause'
SELECT COUNT(*) AS nc_count FROM `zmkj_evaluate_goods` WHERE ( geval_goodsid = '105816' ) AND ( (geval_image <> '') OR (geval_image_again <> '') ) LIMIT 1  
[2018-09-30 13:21:58] /shop/index.php?act=goods&op=comments_list&goods_id=104533&type=3 ( act=goods&op=comments_list ) 
ERR: Db Error: Unknown column 'geval_image_again' in 'where clause'
SELECT COUNT(*) AS nc_count FROM `zmkj_evaluate_goods` WHERE ( geval_goodsid = '104533' ) AND ( (geval_image <> '') OR (geval_image_again <> '') ) LIMIT 1  
[2018-09-30 13:26:15] /shop/index.php?act=goods&op=comments_list&goods_id=105988&type=2 ( act=goods&op=comments_list ) 
ERR: Db Error: Unknown column 'geval_image_again' in 'where clause'
SELECT COUNT(*) AS nc_count FROM `zmkj_evaluate_goods` WHERE ( geval_goodsid = '105988' ) AND ( (geval_image <> '') OR (geval_image_again <> '') ) LIMIT 1  
[2018-09-30 13:27:43] /shop/index.php?act=goods&op=comments_list&goods_id=105443&type=2 ( act=goods&op=comments_list ) 
ERR: Db Error: Unknown column 'geval_image_again' in 'where clause'
SELECT COUNT(*) AS nc_count FROM `zmkj_evaluate_goods` WHERE ( geval_goodsid = '105443' ) AND ( (geval_image <> '') OR (geval_image_again <> '') ) LIMIT 1  
[2018-09-30 13:31:40] /shop/index.php?act=goods&op=comments_list&goods_id=105753&type=1 ( act=goods&op=comments_list ) 
ERR: Db Error: Unknown column 'geval_image_again' in 'where clause'
SELECT COUNT(*) AS nc_count FROM `zmkj_evaluate_goods` WHERE ( geval_goodsid = '105753' ) AND ( (geval_image <> '') OR (geval_image_again <> '') ) LIMIT 1  
[2018-09-30 14:02:09] /shop/index.php?act=goods&op=comments_list&goods_id=105367&type=2 ( act=goods&op=comments_list ) 
ERR: Db Error: Unknown column 'geval_image_again' in 'where clause'
SELECT COUNT(*) AS nc_count FROM `zmkj_evaluate_goods` WHERE ( geval_goodsid = '105367' ) AND ( (geval_image <> '') OR (geval_image_again <> '') ) LIMIT 1  
[2018-09-30 14:05:55] /shop/index.php?act=goods&op=comments_list&goods_id=106082&type=2 ( act=goods&op=comments_list ) 
ERR: Db Error: Unknown column 'geval_image_again' in 'where clause'
SELECT COUNT(*) AS nc_count FROM `zmkj_evaluate_goods` WHERE ( geval_goodsid = '106082' ) AND ( (geval_image <> '') OR (geval_image_again <> '') ) LIMIT 1  
[2018-09-30 14:07:54] /shop/index.php?act=goods&op=comments_list&goods_id=105761&type=1 ( act=goods&op=comments_list ) 
ERR: Db Error: Unknown column 'geval_image_again' in 'where clause'
SELECT COUNT(*) AS nc_count FROM `zmkj_evaluate_goods` WHERE ( geval_goodsid = '105761' ) AND ( (geval_image <> '') OR (geval_image_again <> '') ) LIMIT 1  
[2018-09-30 14:13:39] /shop/index.php?act=goods&op=comments_list&goods_id=103402&type=1 ( act=goods&op=comments_list ) 
ERR: Db Error: Unknown column 'geval_image_again' in 'where clause'
SELECT COUNT(*) AS nc_count FROM `zmkj_evaluate_goods` WHERE ( geval_goodsid = '103402' ) AND ( (geval_image <> '') OR (geval_image_again <> '') ) LIMIT 1  
[2018-09-30 14:19:23] /shop/index.php?act=goods&op=comments_list&goods_id=102835&type=1 ( act=goods&op=comments_list ) 
ERR: Db Error: Unknown column 'geval_image_again' in 'where clause'
SELECT COUNT(*) AS nc_count FROM `zmkj_evaluate_goods` WHERE ( geval_goodsid = '102835' ) AND ( (geval_image <> '') OR (geval_image_again <> '') ) LIMIT 1  
[2018-09-30 14:25:07] /shop/index.php?act=goods&goods_id=101235&op=comments_list ( act=goods&op=comments_list ) 
ERR: Db Error: Unknown column 'geval_image_again' in 'where clause'
SELECT COUNT(*) AS nc_count FROM `zmkj_evaluate_goods` WHERE ( geval_goodsid = '101235' ) AND ( (geval_image <> '') OR (geval_image_again <> '') ) LIMIT 1  
[2018-09-30 14:25:09] /shop/index.php?act=search&area_id=25&cate_id=1581&op=index ( act=search&op=index ) 
ERR: Db Error: Unknown column 'gc_id_' in 'where clause'
SELECT count(distinct CONCAT(goods_commonid)) AS nc_count FROM `zmkj_goods` WHERE ( gc_id_ = '1581' ) AND ( areaid_1 = '25' ) AND ( goods_state = '1' ) AND ( goods_verify = '1' ) LIMIT 1  
[2018-09-30 14:25:11] /shop/index.php?act=goods&goods_id=103053&op=comments_list ( act=goods&op=comments_list ) 
ERR: Db Error: Unknown column 'geval_image_again' in 'where clause'
SELECT COUNT(*) AS nc_count FROM `zmkj_evaluate_goods` WHERE ( geval_goodsid = '103053' ) AND ( (geval_image <> '') OR (geval_image_again <> '') ) LIMIT 1  
[2018-09-30 14:25:31] /shop/index.php?act=search&area_id=10&cate_id=2164&op=index ( act=search&op=index ) 
ERR: Db Error: Unknown column 'gc_id_' in 'where clause'
SELECT count(distinct CONCAT(goods_commonid)) AS nc_count FROM `zmkj_goods` WHERE ( gc_id_ = '2164' ) AND ( areaid_1 = '10' ) AND ( goods_state = '1' ) AND ( goods_verify = '1' ) LIMIT 1  
[2018-09-30 14:25:46] /shop/index.php?act=goods&op=comments_list&goods_id=104798&type=2 ( act=goods&op=comments_list ) 
ERR: Db Error: Unknown column 'geval_image_again' in 'where clause'
SELECT COUNT(*) AS nc_count FROM `zmkj_evaluate_goods` WHERE ( geval_goodsid = '104798' ) AND ( (geval_image <> '') OR (geval_image_again <> '') ) LIMIT 1  
[2018-09-30 14:26:04] /shop/index.php?act=goods&op=comments_list&goods_id=106118 ( act=goods&op=comments_list ) 
ERR: Db Error: Unknown column 'geval_image_again' in 'where clause'
SELECT COUNT(*) AS nc_count FROM `zmkj_evaluate_goods` WHERE ( geval_goodsid = '106118' ) AND ( (geval_image <> '') OR (geval_image_again <> '') ) LIMIT 1  
[2018-09-30 14:39:29] /shop/index.php?act=goods&op=comments_list&goods_id=105831&type=3 ( act=goods&op=comments_list ) 
ERR: Db Error: Unknown column 'geval_image_again' in 'where clause'
SELECT COUNT(*) AS nc_count FROM `zmkj_evaluate_goods` WHERE ( geval_goodsid = '105831' ) AND ( (geval_image <> '') OR (geval_image_again <> '') ) LIMIT 1  
[2018-09-30 15:01:41] /shop/index.php?act=goods&op=comments_list&goods_id=104795&type=3 ( act=goods&op=comments_list ) 
ERR: Db Error: Unknown column 'geval_image_again' in 'where clause'
SELECT COUNT(*) AS nc_count FROM `zmkj_evaluate_goods` WHERE ( geval_goodsid = '104795' ) AND ( (geval_image <> '') OR (geval_image_again <> '') ) LIMIT 1  
[2018-09-30 15:20:42] /shop/index.php?act=goods&op=comments_list&goods_id=105879&type=1 ( act=goods&op=comments_list ) 
ERR: Db Error: Unknown column 'geval_image_again' in 'where clause'
SELECT COUNT(*) AS nc_count FROM `zmkj_evaluate_goods` WHERE ( geval_goodsid = '105879' ) AND ( (geval_image <> '') OR (geval_image_again <> '') ) LIMIT 1  
[2018-09-30 15:26:00] /shop/index.php?act=goods&op=comments_list&goods_id=105911&type=3 ( act=goods&op=comments_list ) 
ERR: Db Error: Unknown column 'geval_image_again' in 'where clause'
SELECT COUNT(*) AS nc_count FROM `zmkj_evaluate_goods` WHERE ( geval_goodsid = '105911' ) AND ( (geval_image <> '') OR (geval_image_again <> '') ) LIMIT 1  
[2018-09-30 15:28:21] /shop/index.php?act=goods&op=comments_list&goods_id=103792&type=2 ( act=goods&op=comments_list ) 
ERR: Db Error: Unknown column 'geval_image_again' in 'where clause'
SELECT COUNT(*) AS nc_count FROM `zmkj_evaluate_goods` WHERE ( geval_goodsid = '103792' ) AND ( (geval_image <> '') OR (geval_image_again <> '') ) LIMIT 1  
[2018-09-30 15:57:04] /shop/index.php?act=goods&op=comments_list&goods_id=104853&type=3 ( act=goods&op=comments_list ) 
ERR: Db Error: Unknown column 'geval_image_again' in 'where clause'
SELECT COUNT(*) AS nc_count FROM `zmkj_evaluate_goods` WHERE ( geval_goodsid = '104853' ) AND ( (geval_image <> '') OR (geval_image_again <> '') ) LIMIT 1  
[2018-09-30 16:11:27] /shop/index.php?act=goods&op=comments_list&goods_id=105974&type=1 ( act=goods&op=comments_list ) 
ERR: Db Error: Unknown column 'geval_image_again' in 'where clause'
SELECT COUNT(*) AS nc_count FROM `zmkj_evaluate_goods` WHERE ( geval_goodsid = '105974' ) AND ( (geval_image <> '') OR (geval_image_again <> '') ) LIMIT 1  
[2018-09-30 16:31:33] /shop/index.php?act=goods&op=comments_list&goods_id=102671 ( act=goods&op=comments_list ) 
ERR: Db Error: Unknown column 'geval_image_again' in 'where clause'
SELECT COUNT(*) AS nc_count FROM `zmkj_evaluate_goods` WHERE ( geval_goodsid = '102671' ) AND ( (geval_image <> '') OR (geval_image_again <> '') ) LIMIT 1  
[2018-09-30 16:37:01] /shop/index.php?act=goods&op=comments_list&goods_id=102784 ( act=goods&op=comments_list ) 
ERR: Db Error: Unknown column 'geval_image_again' in 'where clause'
SELECT COUNT(*) AS nc_count FROM `zmkj_evaluate_goods` WHERE ( geval_goodsid = '102784' ) AND ( (geval_image <> '') OR (geval_image_again <> '') ) LIMIT 1  
[2018-09-30 16:37:17] /shop/index.php?act=goods&op=comments_list&goods_id=102669 ( act=goods&op=comments_list ) 
ERR: Db Error: Unknown column 'geval_image_again' in 'where clause'
SELECT COUNT(*) AS nc_count FROM `zmkj_evaluate_goods` WHERE ( geval_goodsid = '102669' ) AND ( (geval_image <> '') OR (geval_image_again <> '') ) LIMIT 1  
[2018-09-30 16:43:02] /shop/index.php?act=goods&op=comments_list&goods_id=102604 ( act=goods&op=comments_list ) 
ERR: Db Error: Unknown column 'geval_image_again' in 'where clause'
SELECT COUNT(*) AS nc_count FROM `zmkj_evaluate_goods` WHERE ( geval_goodsid = '102604' ) AND ( (geval_image <> '') OR (geval_image_again <> '') ) LIMIT 1  
[2018-09-30 16:46:39] /shop/index.php?act=goods&op=comments_list&goods_id=102668 ( act=goods&op=comments_list ) 
ERR: Db Error: Unknown column 'geval_image_again' in 'where clause'
SELECT COUNT(*) AS nc_count FROM `zmkj_evaluate_goods` WHERE ( geval_goodsid = '102668' ) AND ( (geval_image <> '') OR (geval_image_again <> '') ) LIMIT 1  
[2018-09-30 16:47:15] /shop/index.php?act=goods&op=comments_list&goods_id=104529 ( act=goods&op=comments_list ) 
ERR: Db Error: Unknown column 'geval_image_again' in 'where clause'
SELECT COUNT(*) AS nc_count FROM `zmkj_evaluate_goods` WHERE ( geval_goodsid = '104529' ) AND ( (geval_image <> '') OR (geval_image_again <> '') ) LIMIT 1  
[2018-09-30 17:06:34] /shop/index.php?act=goods&op=comments_list&goods_id=102603 ( act=goods&op=comments_list ) 
ERR: Db Error: Unknown column 'geval_image_again' in 'where clause'
SELECT COUNT(*) AS nc_count FROM `zmkj_evaluate_goods` WHERE ( geval_goodsid = '102603' ) AND ( (geval_image <> '') OR (geval_image_again <> '') ) LIMIT 1  
[2018-09-30 17:08:53] /shop/index.php?act=goods&op=comments_list&goods_id=102598 ( act=goods&op=comments_list ) 
ERR: Db Error: Unknown column 'geval_image_again' in 'where clause'
SELECT COUNT(*) AS nc_count FROM `zmkj_evaluate_goods` WHERE ( geval_goodsid = '102598' ) AND ( (geval_image <> '') OR (geval_image_again <> '') ) LIMIT 1  
[2018-09-30 17:17:30] /shop/index.php?act=goods&op=comments_list&goods_id=102670 ( act=goods&op=comments_list ) 
ERR: Db Error: Unknown column 'geval_image_again' in 'where clause'
SELECT COUNT(*) AS nc_count FROM `zmkj_evaluate_goods` WHERE ( geval_goodsid = '102670' ) AND ( (geval_image <> '') OR (geval_image_again <> '') ) LIMIT 1  
[2018-09-30 17:41:11] /shop/index.php?act=goods&op=comments_list&goods_id=102667 ( act=goods&op=comments_list ) 
ERR: Db Error: Unknown column 'geval_image_again' in 'where clause'
SELECT COUNT(*) AS nc_count FROM `zmkj_evaluate_goods` WHERE ( geval_goodsid = '102667' ) AND ( (geval_image <> '') OR (geval_image_again <> '') ) LIMIT 1  
[2018-09-30 17:56:06] /shop/index.php?act=goods&op=comments_list&goods_id=102601 ( act=goods&op=comments_list ) 
ERR: Db Error: Unknown column 'geval_image_again' in 'where clause'
SELECT COUNT(*) AS nc_count FROM `zmkj_evaluate_goods` WHERE ( geval_goodsid = '102601' ) AND ( (geval_image <> '') OR (geval_image_again <> '') ) LIMIT 1  
[2018-09-30 18:48:00] /shop/index.php?act=goods&op=comments_list&goods_id=101419 ( act=goods&op=comments_list ) 
ERR: Db Error: Unknown column 'geval_image_again' in 'where clause'
SELECT COUNT(*) AS nc_count FROM `zmkj_evaluate_goods` WHERE ( geval_goodsid = '101419' ) AND ( (geval_image <> '') OR (geval_image_again <> '') ) LIMIT 1  
[2018-09-30 19:07:52] /shop/index.php?act=goods&op=comments_list&goods_id=104811&type=3 ( act=goods&op=comments_list ) 
ERR: Db Error: Unknown column 'geval_image_again' in 'where clause'
SELECT COUNT(*) AS nc_count FROM `zmkj_evaluate_goods` WHERE ( geval_goodsid = '104811' ) AND ( (geval_image <> '') OR (geval_image_again <> '') ) LIMIT 1  
[2018-09-30 19:29:54] /shop/index.php?act=goods&op=comments_list&goods_id=105434&type=2 ( act=goods&op=comments_list ) 
ERR: Db Error: Unknown column 'geval_image_again' in 'where clause'
SELECT COUNT(*) AS nc_count FROM `zmkj_evaluate_goods` WHERE ( geval_goodsid = '105434' ) AND ( (geval_image <> '') OR (geval_image_again <> '') ) LIMIT 1  
[2018-09-30 19:29:54] /shop/index.php?act=goods&op=comments_list&goods_id=104606&type=3 ( act=goods&op=comments_list ) 
ERR: Db Error: Unknown column 'geval_image_again' in 'where clause'
SELECT COUNT(*) AS nc_count FROM `zmkj_evaluate_goods` WHERE ( geval_goodsid = '104606' ) AND ( (geval_image <> '') OR (geval_image_again <> '') ) LIMIT 1  
[2018-09-30 19:33:33] /shop/index.php?act=goods&op=comments_list&goods_id=103188&type=3 ( act=goods&op=comments_list ) 
ERR: Db Error: Unknown column 'geval_image_again' in 'where clause'
SELECT COUNT(*) AS nc_count FROM `zmkj_evaluate_goods` WHERE ( geval_goodsid = '103188' ) AND ( (geval_image <> '') OR (geval_image_again <> '') ) LIMIT 1  
[2018-09-30 20:14:35] /shop/index.php?act=search&op=index&cate_id=2166&key=3&order=2 ( act=search&op=index ) 
ERR: Db Error: Unknown column 'gc_id_' in 'where clause'
SELECT count(distinct CONCAT(goods_commonid)) AS nc_count FROM `zmkj_goods` WHERE ( gc_id_ = '2166' ) AND ( goods_state = '1' ) AND ( goods_verify = '1' ) LIMIT 1  
[2018-09-30 20:31:25] /shop/index.php?act=goods&op=comments_list&goods_id=106102 ( act=goods&op=comments_list ) 
ERR: Db Error: Unknown column 'geval_image_again' in 'where clause'
SELECT COUNT(*) AS nc_count FROM `zmkj_evaluate_goods` WHERE ( geval_goodsid = '106102' ) AND ( (geval_image <> '') OR (geval_image_again <> '') ) LIMIT 1  
[2018-09-30 20:32:51] /shop/index.php?act=goods&op=comments_list&goods_id=106094&type=2 ( act=goods&op=comments_list ) 
ERR: Db Error: Unknown column 'geval_image_again' in 'where clause'
SELECT COUNT(*) AS nc_count FROM `zmkj_evaluate_goods` WHERE ( geval_goodsid = '106094' ) AND ( (geval_image <> '') OR (geval_image_again <> '') ) LIMIT 1  
[2018-09-30 20:36:03] /shop/index.php?act=goods&op=comments_list&goods_id=104592&type=2 ( act=goods&op=comments_list ) 
ERR: Db Error: Unknown column 'geval_image_again' in 'where clause'
SELECT COUNT(*) AS nc_count FROM `zmkj_evaluate_goods` WHERE ( geval_goodsid = '104592' ) AND ( (geval_image <> '') OR (geval_image_again <> '') ) LIMIT 1  
[2018-09-30 20:39:35] /shop/index.php?act=goods&op=comments_list&goods_id=106024&type=2 ( act=goods&op=comments_list ) 
ERR: Db Error: Unknown column 'geval_image_again' in 'where clause'
SELECT COUNT(*) AS nc_count FROM `zmkj_evaluate_goods` WHERE ( geval_goodsid = '106024' ) AND ( (geval_image <> '') OR (geval_image_again <> '') ) LIMIT 1  
[2018-09-30 20:44:20] /shop/index.php?act=goods&op=comments_list&goods_id=106025&type=2 ( act=goods&op=comments_list ) 
ERR: Db Error: Unknown column 'geval_image_again' in 'where clause'
SELECT COUNT(*) AS nc_count FROM `zmkj_evaluate_goods` WHERE ( geval_goodsid = '106025' ) AND ( (geval_image <> '') OR (geval_image_again <> '') ) LIMIT 1  
[2018-09-30 20:48:46] /shop/index.php?act=goods&op=comments_list&goods_id=103870&type=2 ( act=goods&op=comments_list ) 
ERR: Db Error: Unknown column 'geval_image_again' in 'where clause'
SELECT COUNT(*) AS nc_count FROM `zmkj_evaluate_goods` WHERE ( geval_goodsid = '103870' ) AND ( (geval_image <> '') OR (geval_image_again <> '') ) LIMIT 1  
[2018-09-30 21:07:18] /shop/index.php?act=goods&op=comments_list&goods_id=103248&type=1 ( act=goods&op=comments_list ) 
ERR: Db Error: Unknown column 'geval_image_again' in 'where clause'
SELECT COUNT(*) AS nc_count FROM `zmkj_evaluate_goods` WHERE ( geval_goodsid = '103248' ) AND ( (geval_image <> '') OR (geval_image_again <> '') ) LIMIT 1  
[2018-09-30 21:13:03] /shop/index.php?act=goods&op=comments_list&goods_id=104365&type=2 ( act=goods&op=comments_list ) 
ERR: Db Error: Unknown column 'geval_image_again' in 'where clause'
SELECT COUNT(*) AS nc_count FROM `zmkj_evaluate_goods` WHERE ( geval_goodsid = '104365' ) AND ( (geval_image <> '') OR (geval_image_again <> '') ) LIMIT 1  
[2018-09-30 21:24:32] /shop/index.php?act=goods&op=comments_list&goods_id=104114&type=1 ( act=goods&op=comments_list ) 
ERR: Db Error: Unknown column 'geval_image_again' in 'where clause'
SELECT COUNT(*) AS nc_count FROM `zmkj_evaluate_goods` WHERE ( geval_goodsid = '104114' ) AND ( (geval_image <> '') OR (geval_image_again <> '') ) LIMIT 1  
[2018-09-30 21:27:24] /shop/index.php?act=goods&op=comments_list&goods_id=102714&type=2 ( act=goods&op=comments_list ) 
ERR: Db Error: Unknown column 'geval_image_again' in 'where clause'
SELECT COUNT(*) AS nc_count FROM `zmkj_evaluate_goods` WHERE ( geval_goodsid = '102714' ) AND ( (geval_image <> '') OR (geval_image_again <> '') ) LIMIT 1  
[2018-09-30 21:41:49] /shop/index.php?act=goods&op=comments_list&goods_id=102691&type=2 ( act=goods&op=comments_list ) 
ERR: Db Error: Unknown column 'geval_image_again' in 'where clause'
SELECT COUNT(*) AS nc_count FROM `zmkj_evaluate_goods` WHERE ( geval_goodsid = '102691' ) AND ( (geval_image <> '') OR (geval_image_again <> '') ) LIMIT 1  
[2018-09-30 22:01:53] /shop/index.php?act=goods&op=comments_list&goods_id=103315&type=3 ( act=goods&op=comments_list ) 
ERR: Db Error: Unknown column 'geval_image_again' in 'where clause'
SELECT COUNT(*) AS nc_count FROM `zmkj_evaluate_goods` WHERE ( geval_goodsid = '103315' ) AND ( (geval_image <> '') OR (geval_image_again <> '') ) LIMIT 1  
[2018-09-30 22:04:42] /shop/index.php?act=goods&op=comments_list&goods_id=104805&type=2 ( act=goods&op=comments_list ) 
ERR: Db Error: Unknown column 'geval_image_again' in 'where clause'
SELECT COUNT(*) AS nc_count FROM `zmkj_evaluate_goods` WHERE ( geval_goodsid = '104805' ) AND ( (geval_image <> '') OR (geval_image_again <> '') ) LIMIT 1  
[2018-09-30 22:11:24] /shop/index.php?act=search&op=index&cate_id=2166&key=1&order=2 ( act=search&op=index ) 
ERR: Db Error: Unknown column 'gc_id_' in 'where clause'
SELECT count(distinct CONCAT(goods_commonid)) AS nc_count FROM `zmkj_goods` WHERE ( gc_id_ = '2166' ) AND ( goods_state = '1' ) AND ( goods_verify = '1' ) LIMIT 1  
[2018-09-30 22:13:23] /shop/index.php?act=goods&op=comments_list&goods_id=105866&type=1 ( act=goods&op=comments_list ) 
ERR: Db Error: Unknown column 'geval_image_again' in 'where clause'
SELECT COUNT(*) AS nc_count FROM `zmkj_evaluate_goods` WHERE ( geval_goodsid = '105866' ) AND ( (geval_image <> '') OR (geval_image_again <> '') ) LIMIT 1  
[2018-09-30 22:27:45] /shop/index.php?act=goods&op=comments_list&goods_id=105942&type=3 ( act=goods&op=comments_list ) 
ERR: Db Error: Unknown column 'geval_image_again' in 'where clause'
SELECT COUNT(*) AS nc_count FROM `zmkj_evaluate_goods` WHERE ( geval_goodsid = '105942' ) AND ( (geval_image <> '') OR (geval_image_again <> '') ) LIMIT 1  
[2018-09-30 22:31:37] /shop/index.php?act=goods&op=comments_list&goods_id=104600&type=3 ( act=goods&op=comments_list ) 
ERR: Db Error: Unknown column 'geval_image_again' in 'where clause'
SELECT COUNT(*) AS nc_count FROM `zmkj_evaluate_goods` WHERE ( geval_goodsid = '104600' ) AND ( (geval_image <> '') OR (geval_image_again <> '') ) LIMIT 1  
[2018-09-30 22:42:06] /shop/index.php?act=goods&op=comments_list&goods_id=104555&type=3 ( act=goods&op=comments_list ) 
ERR: Db Error: Unknown column 'geval_image_again' in 'where clause'
SELECT COUNT(*) AS nc_count FROM `zmkj_evaluate_goods` WHERE ( geval_goodsid = '104555' ) AND ( (geval_image <> '') OR (geval_image_again <> '') ) LIMIT 1  
[2018-09-30 22:43:42] /shop/index.php?act=goods&op=comments_list&goods_id=101345&type=3 ( act=goods&op=comments_list ) 
ERR: Db Error: Unknown column 'geval_image_again' in 'where clause'
SELECT COUNT(*) AS nc_count FROM `zmkj_evaluate_goods` WHERE ( geval_goodsid = '101345' ) AND ( (geval_image <> '') OR (geval_image_again <> '') ) LIMIT 1  
[2018-09-30 22:46:22] /shop/index.php?act=goods&op=comments_list&goods_id=106001&type=3 ( act=goods&op=comments_list ) 
ERR: Db Error: Unknown column 'geval_image_again' in 'where clause'
SELECT COUNT(*) AS nc_count FROM `zmkj_evaluate_goods` WHERE ( geval_goodsid = '106001' ) AND ( (geval_image <> '') OR (geval_image_again <> '') ) LIMIT 1  
[2018-09-30 23:04:28] /shop/index.php?act=goods&op=comments_list&goods_id=104807&type=1 ( act=goods&op=comments_list ) 
ERR: Db Error: Unknown column 'geval_image_again' in 'where clause'
SELECT COUNT(*) AS nc_count FROM `zmkj_evaluate_goods` WHERE ( geval_goodsid = '104807' ) AND ( (geval_image <> '') OR (geval_image_again <> '') ) LIMIT 1  
[2018-09-30 23:55:19] /shop/index.php?act=goods&op=comments_list&goods_id=106179&type=1 ( act=goods&op=comments_list ) 
ERR: Db Error: Unknown column 'geval_image_again' in 'where clause'
SELECT COUNT(*) AS nc_count FROM `zmkj_evaluate_goods` WHERE ( geval_goodsid = '106179' ) AND ( (geval_image <> '') OR (geval_image_again <> '') ) LIMIT 1  
[2018-09-30 23:58:49] /shop/index.php?act=goods&op=comments_list&goods_id=104472&type=1 ( act=goods&op=comments_list ) 
ERR: Db Error: Unknown column 'geval_image_again' in 'where clause'
SELECT COUNT(*) AS nc_count FROM `zmkj_evaluate_goods` WHERE ( geval_goodsid = '104472' ) AND ( (geval_image <> '') OR (geval_image_again <> '') ) LIMIT 1  
[2018-09-30 23:59:17] /shop/index.php?act=goods&op=comments_list&goods_id=103985&type=3 ( act=goods&op=comments_list ) 
ERR: Db Error: Unknown column 'geval_image_again' in 'where clause'
SELECT COUNT(*) AS nc_count FROM `zmkj_evaluate_goods` WHERE ( geval_goodsid = '103985' ) AND ( (geval_image <> '') OR (geval_image_again <> '') ) LIMIT 1  
