[2018-03-03 04:51:03] /shop/index.php?act=goods&op=index&goods_id=101092 ( act=goods&op=index ) 
ERR: Db Error: Unknown column 'geval_image_again' in 'where clause'
SELECT COUNT(*) AS nc_count FROM `zmkj_evaluate_goods` WHERE ( geval_goodsid = '101092' ) AND ( (geval_image <> '') OR (geval_image_again <> '') ) LIMIT 1  
[2018-03-03 08:36:31] /shop/index.php?act=goods&op=index&goods_id=101074 ( act=goods&op=index ) 
ERR: Db Error: Unknown column 'geval_image_again' in 'where clause'
SELECT COUNT(*) AS nc_count FROM `zmkj_evaluate_goods` WHERE ( geval_goodsid = '101074' ) AND ( (geval_image <> '') OR (geval_image_again <> '') ) LIMIT 1  
[2018-03-03 08:42:26] /shop/index.php?act=goods&op=index&goods_id=101074 ( act=goods&op=index ) 
ERR: Db Error: Unknown column 'geval_image_again' in 'where clause'
SELECT COUNT(*) AS nc_count FROM `zmkj_evaluate_goods` WHERE ( geval_goodsid = '101074' ) AND ( (geval_image <> '') OR (geval_image_again <> '') ) LIMIT 1  
[2018-03-03 08:59:10] /shop/index.php?act=goods&op=index&goods_id=101663 ( act=goods&op=index ) 
ERR: Db Error: Unknown column 'geval_image_again' in 'where clause'
SELECT COUNT(*) AS nc_count FROM `zmkj_evaluate_goods` WHERE ( geval_goodsid = '101663' ) AND ( (geval_image <> '') OR (geval_image_again <> '') ) LIMIT 1  
[2018-03-03 09:01:50] /shop/index.php?act=goods&op=index&goods_id=101663 ( act=goods&op=index ) 
ERR: Db Error: Unknown column 'geval_image_again' in 'where clause'
SELECT COUNT(*) AS nc_count FROM `zmkj_evaluate_goods` WHERE ( geval_goodsid = '101663' ) AND ( (geval_image <> '') OR (geval_image_again <> '') ) LIMIT 1  
[2018-03-03 09:02:55] /shop/index.php?act=goods&op=index&goods_id=101664 ( act=goods&op=index ) 
ERR: Db Error: Unknown column 'geval_image_again' in 'where clause'
SELECT COUNT(*) AS nc_count FROM `zmkj_evaluate_goods` WHERE ( geval_goodsid = '101664' ) AND ( (geval_image <> '') OR (geval_image_again <> '') ) LIMIT 1  
[2018-03-03 09:03:28] /shop/index.php?act=goods&op=index&goods_id=101653 ( act=goods&op=index ) 
ERR: Db Error: Unknown column 'geval_image_again' in 'where clause'
SELECT COUNT(*) AS nc_count FROM `zmkj_evaluate_goods` WHERE ( geval_goodsid = '101653' ) AND ( (geval_image <> '') OR (geval_image_again <> '') ) LIMIT 1  
[2018-03-03 09:04:51] /shop/index.php?act=goods&op=index&goods_id=101644 ( act=goods&op=index ) 
ERR: Db Error: Unknown column 'geval_image_again' in 'where clause'
SELECT COUNT(*) AS nc_count FROM `zmkj_evaluate_goods` WHERE ( geval_goodsid = '101644' ) AND ( (geval_image <> '') OR (geval_image_again <> '') ) LIMIT 1  
[2018-03-03 09:05:03] /shop/index.php?act=goods&op=index&goods_id=101074 ( act=goods&op=index ) 
ERR: Db Error: Unknown column 'geval_image_again' in 'where clause'
SELECT COUNT(*) AS nc_count FROM `zmkj_evaluate_goods` WHERE ( geval_goodsid = '101074' ) AND ( (geval_image <> '') OR (geval_image_again <> '') ) LIMIT 1  
[2018-03-03 09:08:22] /shop/index.php?act=goods&op=index&goods_id=100627 ( act=goods&op=index ) 
ERR: Db Error: Unknown column 'geval_image_again' in 'where clause'
SELECT COUNT(*) AS nc_count FROM `zmkj_evaluate_goods` WHERE ( geval_goodsid = '100627' ) AND ( (geval_image <> '') OR (geval_image_again <> '') ) LIMIT 1  
[2018-03-03 09:09:34] /shop/index.php?act=goods&op=index&goods_id=100627 ( act=goods&op=index ) 
ERR: Db Error: Unknown column 'geval_image_again' in 'where clause'
SELECT COUNT(*) AS nc_count FROM `zmkj_evaluate_goods` WHERE ( geval_goodsid = '100627' ) AND ( (geval_image <> '') OR (geval_image_again <> '') ) LIMIT 1  
[2018-03-03 09:10:11] /shop/index.php?act=goods&op=index&goods_id=100627 ( act=goods&op=index ) 
ERR: Db Error: Unknown column 'geval_image_again' in 'where clause'
SELECT COUNT(*) AS nc_count FROM `zmkj_evaluate_goods` WHERE ( geval_goodsid = '100627' ) AND ( (geval_image <> '') OR (geval_image_again <> '') ) LIMIT 1  
[2018-03-03 09:36:28] /shop/index.php?act=goods&op=index&goods_id=101347 ( act=goods&op=index ) 
ERR: Db Error: Unknown column 'geval_image_again' in 'where clause'
SELECT COUNT(*) AS nc_count FROM `zmkj_evaluate_goods` WHERE ( geval_goodsid = '101347' ) AND ( (geval_image <> '') OR (geval_image_again <> '') ) LIMIT 1  
[2018-03-03 09:38:27] /shop/index.php?act=goods&goods_id=100752&op=comments_list ( act=goods&op=comments_list ) 
ERR: Db Error: Unknown column 'geval_image_again' in 'where clause'
SELECT COUNT(*) AS nc_count FROM `zmkj_evaluate_goods` WHERE ( geval_goodsid = '100752' ) AND ( (geval_image <> '') OR (geval_image_again <> '') ) LIMIT 1  
[2018-03-03 09:38:28] /shop/index.php?act=goods&goods_id=100909&op=comments_list ( act=goods&op=comments_list ) 
ERR: Db Error: Unknown column 'geval_image_again' in 'where clause'
SELECT COUNT(*) AS nc_count FROM `zmkj_evaluate_goods` WHERE ( geval_goodsid = '100909' ) AND ( (geval_image <> '') OR (geval_image_again <> '') ) LIMIT 1  
[2018-03-03 09:38:28] /shop/index.php?act=goods&goods_id=100642&op=index ( act=goods&op=index ) 
ERR: Db Error: Unknown column 'geval_image_again' in 'where clause'
SELECT COUNT(*) AS nc_count FROM `zmkj_evaluate_goods` WHERE ( geval_goodsid = '100642' ) AND ( (geval_image <> '') OR (geval_image_again <> '') ) LIMIT 1  
[2018-03-03 09:54:51] /shop/index.php?act=goods&op=index&goods_id=100626 ( act=goods&op=index ) 
ERR: Db Error: Unknown column 'geval_image_again' in 'where clause'
SELECT COUNT(*) AS nc_count FROM `zmkj_evaluate_goods` WHERE ( geval_goodsid = '100626' ) AND ( (geval_image <> '') OR (geval_image_again <> '') ) LIMIT 1  
[2018-03-03 09:59:46] /shop/index.php?act=goods&op=index&goods_id=100611 ( act=goods&op=index ) 
ERR: Db Error: Unknown column 'geval_image_again' in 'where clause'
SELECT COUNT(*) AS nc_count FROM `zmkj_evaluate_goods` WHERE ( geval_goodsid = '100611' ) AND ( (geval_image <> '') OR (geval_image_again <> '') ) LIMIT 1  
[2018-03-03 10:00:05] /shop/index.php?act=goods&op=index&goods_id=100624 ( act=goods&op=index ) 
ERR: Db Error: Unknown column 'geval_image_again' in 'where clause'
SELECT COUNT(*) AS nc_count FROM `zmkj_evaluate_goods` WHERE ( geval_goodsid = '100624' ) AND ( (geval_image <> '') OR (geval_image_again <> '') ) LIMIT 1  
[2018-03-03 10:00:30] /shop/index.php?act=goods&op=index&goods_id=100511 ( act=goods&op=index ) 
ERR: Db Error: Unknown column 'geval_image_again' in 'where clause'
SELECT COUNT(*) AS nc_count FROM `zmkj_evaluate_goods` WHERE ( geval_goodsid = '100511' ) AND ( (geval_image <> '') OR (geval_image_again <> '') ) LIMIT 1  
[2018-03-03 10:00:50] /shop/index.php?act=goods&op=index&goods_id=100511 ( act=goods&op=index ) 
ERR: Db Error: Unknown column 'geval_image_again' in 'where clause'
SELECT COUNT(*) AS nc_count FROM `zmkj_evaluate_goods` WHERE ( geval_goodsid = '100511' ) AND ( (geval_image <> '') OR (geval_image_again <> '') ) LIMIT 1  
[2018-03-03 10:01:03] /shop/index.php?act=goods&op=index&goods_id=100511 ( act=goods&op=index ) 
ERR: Db Error: Unknown column 'geval_image_again' in 'where clause'
SELECT COUNT(*) AS nc_count FROM `zmkj_evaluate_goods` WHERE ( geval_goodsid = '100511' ) AND ( (geval_image <> '') OR (geval_image_again <> '') ) LIMIT 1  
[2018-03-03 10:01:46] /shop/index.php?act=goods&op=index&goods_id=101668 ( act=goods&op=index ) 
ERR: Db Error: Unknown column 'geval_image_again' in 'where clause'
SELECT COUNT(*) AS nc_count FROM `zmkj_evaluate_goods` WHERE ( geval_goodsid = '101668' ) AND ( (geval_image <> '') OR (geval_image_again <> '') ) LIMIT 1  
[2018-03-03 10:04:53] /shop/index.php?act=goods&op=index&goods_id=101668 ( act=goods&op=index ) 
ERR: Db Error: Unknown column 'geval_image_again' in 'where clause'
SELECT COUNT(*) AS nc_count FROM `zmkj_evaluate_goods` WHERE ( geval_goodsid = '101668' ) AND ( (geval_image <> '') OR (geval_image_again <> '') ) LIMIT 1  
[2018-03-03 10:12:12] /shop/index.php?act=goods&op=index&goods_id=100578 ( act=goods&op=index ) 
ERR: Db Error: Unknown column 'geval_image_again' in 'where clause'
SELECT COUNT(*) AS nc_count FROM `zmkj_evaluate_goods` WHERE ( geval_goodsid = '100578' ) AND ( (geval_image <> '') OR (geval_image_again <> '') ) LIMIT 1  
[2018-03-03 10:12:16] /shop/index.php?act=goods&op=index&goods_id=100578 ( act=goods&op=index ) 
ERR: Db Error: Unknown column 'geval_image_again' in 'where clause'
SELECT COUNT(*) AS nc_count FROM `zmkj_evaluate_goods` WHERE ( geval_goodsid = '100578' ) AND ( (geval_image <> '') OR (geval_image_again <> '') ) LIMIT 1  
[2018-03-03 10:12:20] /shop/index.php?act=goods&op=index&goods_id=100624 ( act=goods&op=index ) 
ERR: Db Error: Unknown column 'geval_image_again' in 'where clause'
SELECT COUNT(*) AS nc_count FROM `zmkj_evaluate_goods` WHERE ( geval_goodsid = '100624' ) AND ( (geval_image <> '') OR (geval_image_again <> '') ) LIMIT 1  
[2018-03-03 10:12:35] /shop/index.php?act=goods&op=index&goods_id=101074 ( act=goods&op=index ) 
ERR: Db Error: Unknown column 'geval_image_again' in 'where clause'
SELECT COUNT(*) AS nc_count FROM `zmkj_evaluate_goods` WHERE ( geval_goodsid = '101074' ) AND ( (geval_image <> '') OR (geval_image_again <> '') ) LIMIT 1  
[2018-03-03 10:13:02] /shop/index.php?act=goods&op=index&goods_id=100624 ( act=goods&op=index ) 
ERR: Db Error: Unknown column 'geval_image_again' in 'where clause'
SELECT COUNT(*) AS nc_count FROM `zmkj_evaluate_goods` WHERE ( geval_goodsid = '100624' ) AND ( (geval_image <> '') OR (geval_image_again <> '') ) LIMIT 1  
[2018-03-03 10:13:42] /shop/index.php?act=goods&op=index&goods_id=100624 ( act=goods&op=index ) 
ERR: Db Error: Unknown column 'geval_image_again' in 'where clause'
SELECT COUNT(*) AS nc_count FROM `zmkj_evaluate_goods` WHERE ( geval_goodsid = '100624' ) AND ( (geval_image <> '') OR (geval_image_again <> '') ) LIMIT 1  
[2018-03-03 10:14:05] /shop/index.php?act=goods&op=index&goods_id=100624 ( act=goods&op=index ) 
ERR: Db Error: Unknown column 'geval_image_again' in 'where clause'
SELECT COUNT(*) AS nc_count FROM `zmkj_evaluate_goods` WHERE ( geval_goodsid = '100624' ) AND ( (geval_image <> '') OR (geval_image_again <> '') ) LIMIT 1  
[2018-03-03 10:14:35] /shop/index.php?act=goods&op=index&goods_id=100625 ( act=goods&op=index ) 
ERR: Db Error: Unknown column 'geval_image_again' in 'where clause'
SELECT COUNT(*) AS nc_count FROM `zmkj_evaluate_goods` WHERE ( geval_goodsid = '100625' ) AND ( (geval_image <> '') OR (geval_image_again <> '') ) LIMIT 1  
[2018-03-03 10:14:38] /shop/index.php?act=goods&op=index&goods_id=100624 ( act=goods&op=index ) 
ERR: Db Error: Unknown column 'geval_image_again' in 'where clause'
SELECT COUNT(*) AS nc_count FROM `zmkj_evaluate_goods` WHERE ( geval_goodsid = '100624' ) AND ( (geval_image <> '') OR (geval_image_again <> '') ) LIMIT 1  
[2018-03-03 10:14:40] /shop/index.php?act=goods&op=index&goods_id=100625 ( act=goods&op=index ) 
ERR: Db Error: Unknown column 'geval_image_again' in 'where clause'
SELECT COUNT(*) AS nc_count FROM `zmkj_evaluate_goods` WHERE ( geval_goodsid = '100625' ) AND ( (geval_image <> '') OR (geval_image_again <> '') ) LIMIT 1  
[2018-03-03 10:15:16] /shop/index.php?act=goods&op=index&goods_id=100563 ( act=goods&op=index ) 
ERR: Db Error: Unknown column 'geval_image_again' in 'where clause'
SELECT COUNT(*) AS nc_count FROM `zmkj_evaluate_goods` WHERE ( geval_goodsid = '100563' ) AND ( (geval_image <> '') OR (geval_image_again <> '') ) LIMIT 1  
[2018-03-03 10:16:01] /shop/index.php?act=goods&op=index&goods_id=100624 ( act=goods&op=index ) 
ERR: Db Error: Unknown column 'geval_image_again' in 'where clause'
SELECT COUNT(*) AS nc_count FROM `zmkj_evaluate_goods` WHERE ( geval_goodsid = '100624' ) AND ( (geval_image <> '') OR (geval_image_again <> '') ) LIMIT 1  
[2018-03-03 10:16:19] /shop/index.php?act=goods&op=index&goods_id=100624 ( act=goods&op=index ) 
ERR: Db Error: Unknown column 'geval_image_again' in 'where clause'
SELECT COUNT(*) AS nc_count FROM `zmkj_evaluate_goods` WHERE ( geval_goodsid = '100624' ) AND ( (geval_image <> '') OR (geval_image_again <> '') ) LIMIT 1  
[2018-03-03 10:17:23] /shop/index.php?act=goods&op=index&goods_id=100624 ( act=goods&op=index ) 
ERR: Db Error: Unknown column 'geval_image_again' in 'where clause'
SELECT COUNT(*) AS nc_count FROM `zmkj_evaluate_goods` WHERE ( geval_goodsid = '100624' ) AND ( (geval_image <> '') OR (geval_image_again <> '') ) LIMIT 1  
[2018-03-03 10:18:04] /shop/index.php?act=goods&op=index&goods_id=100624 ( act=goods&op=index ) 
ERR: Db Error: Unknown column 'geval_image_again' in 'where clause'
SELECT COUNT(*) AS nc_count FROM `zmkj_evaluate_goods` WHERE ( geval_goodsid = '100624' ) AND ( (geval_image <> '') OR (geval_image_again <> '') ) LIMIT 1  
[2018-03-03 10:19:56] /shop/index.php?act=goods&op=index&goods_id=101074 ( act=goods&op=index ) 
ERR: Db Error: Unknown column 'geval_image_again' in 'where clause'
SELECT COUNT(*) AS nc_count FROM `zmkj_evaluate_goods` WHERE ( geval_goodsid = '101074' ) AND ( (geval_image <> '') OR (geval_image_again <> '') ) LIMIT 1  
[2018-03-03 10:20:50] /shop/index.php?act=goods&op=index&goods_id=100624 ( act=goods&op=index ) 
ERR: Db Error: Unknown column 'geval_image_again' in 'where clause'
SELECT COUNT(*) AS nc_count FROM `zmkj_evaluate_goods` WHERE ( geval_goodsid = '100624' ) AND ( (geval_image <> '') OR (geval_image_again <> '') ) LIMIT 1  
[2018-03-03 10:20:58] /shop/index.php?act=goods&op=index&goods_id=101074 ( act=goods&op=index ) 
ERR: Db Error: Unknown column 'geval_image_again' in 'where clause'
SELECT COUNT(*) AS nc_count FROM `zmkj_evaluate_goods` WHERE ( geval_goodsid = '101074' ) AND ( (geval_image <> '') OR (geval_image_again <> '') ) LIMIT 1  
[2018-03-03 10:23:28] /shop/index.php?act=goods&op=index&goods_id=101074 ( act=goods&op=index ) 
ERR: Db Error: Unknown column 'geval_image_again' in 'where clause'
SELECT COUNT(*) AS nc_count FROM `zmkj_evaluate_goods` WHERE ( geval_goodsid = '101074' ) AND ( (geval_image <> '') OR (geval_image_again <> '') ) LIMIT 1  
[2018-03-03 10:23:37] /shop/index.php?act=goods&op=comments_list&goods_id=101074 ( act=goods&op=comments_list ) 
ERR: Db Error: Unknown column 'geval_image_again' in 'where clause'
SELECT COUNT(*) AS nc_count FROM `zmkj_evaluate_goods` WHERE ( geval_goodsid = '101074' ) AND ( (geval_image <> '') OR (geval_image_again <> '') ) LIMIT 1  
[2018-03-03 10:33:05] /shop/index.php?act=goods&op=comments_list&goods_id=101074&type=1 ( act=goods&op=comments_list ) 
ERR: Db Error: Unknown column 'geval_image_again' in 'where clause'
SELECT COUNT(*) AS nc_count FROM `zmkj_evaluate_goods` WHERE ( geval_goodsid = '101074' ) AND ( (geval_image <> '') OR (geval_image_again <> '') ) LIMIT 1  
[2018-03-03 10:33:07] /shop/index.php?act=goods&op=comments_list&goods_id=101074&type=2 ( act=goods&op=comments_list ) 
ERR: Db Error: Unknown column 'geval_image_again' in 'where clause'
SELECT COUNT(*) AS nc_count FROM `zmkj_evaluate_goods` WHERE ( geval_goodsid = '101074' ) AND ( (geval_image <> '') OR (geval_image_again <> '') ) LIMIT 1  
[2018-03-03 10:33:08] /shop/index.php?act=goods&op=comments_list&goods_id=101074&type=3 ( act=goods&op=comments_list ) 
ERR: Db Error: Unknown column 'geval_image_again' in 'where clause'
SELECT COUNT(*) AS nc_count FROM `zmkj_evaluate_goods` WHERE ( geval_goodsid = '101074' ) AND ( (geval_image <> '') OR (geval_image_again <> '') ) LIMIT 1  
[2018-03-03 10:35:54] /shop/index.php?act=goods&op=comments_list&goods_id=101074 ( act=goods&op=comments_list ) 
ERR: Db Error: Unknown column 'geval_image_again' in 'where clause'
SELECT COUNT(*) AS nc_count FROM `zmkj_evaluate_goods` WHERE ( geval_goodsid = '101074' ) AND ( (geval_image <> '') OR (geval_image_again <> '') ) LIMIT 1  
[2018-03-03 10:35:55] /shop/index.php?act=goods&op=comments_list&goods_id=101074&type=1 ( act=goods&op=comments_list ) 
ERR: Db Error: Unknown column 'geval_image_again' in 'where clause'
SELECT COUNT(*) AS nc_count FROM `zmkj_evaluate_goods` WHERE ( geval_goodsid = '101074' ) AND ( (geval_image <> '') OR (geval_image_again <> '') ) LIMIT 1  
[2018-03-03 10:35:57] /shop/index.php?act=goods&op=comments_list&goods_id=101074 ( act=goods&op=comments_list ) 
ERR: Db Error: Unknown column 'geval_image_again' in 'where clause'
SELECT COUNT(*) AS nc_count FROM `zmkj_evaluate_goods` WHERE ( geval_goodsid = '101074' ) AND ( (geval_image <> '') OR (geval_image_again <> '') ) LIMIT 1  
[2018-03-03 10:38:02] /shop/index.php?act=goods&op=comments_list&goods_id=101074&type=1 ( act=goods&op=comments_list ) 
ERR: Db Error: Unknown column 'geval_image_again' in 'where clause'
SELECT COUNT(*) AS nc_count FROM `zmkj_evaluate_goods` WHERE ( geval_goodsid = '101074' ) AND ( (geval_image <> '') OR (geval_image_again <> '') ) LIMIT 1  
[2018-03-03 10:47:34] /shop/index.php?act=goods&op=index&goods_id=101074 ( act=goods&op=index ) 
ERR: Db Error: Unknown column 'geval_image_again' in 'where clause'
SELECT COUNT(*) AS nc_count FROM `zmkj_evaluate_goods` WHERE ( geval_goodsid = '101074' ) AND ( (geval_image <> '') OR (geval_image_again <> '') ) LIMIT 1  
[2018-03-03 11:10:54] /shop/index.php?act=goods&op=index&goods_id=100619 ( act=goods&op=index ) 
ERR: Db Error: Unknown column 'geval_image_again' in 'where clause'
SELECT COUNT(*) AS nc_count FROM `zmkj_evaluate_goods` WHERE ( geval_goodsid = '100619' ) AND ( (geval_image <> '') OR (geval_image_again <> '') ) LIMIT 1  
[2018-03-03 11:11:32] /shop/index.php?act=goods&op=index&goods_id=100619 ( act=goods&op=index ) 
ERR: Db Error: Unknown column 'geval_image_again' in 'where clause'
SELECT COUNT(*) AS nc_count FROM `zmkj_evaluate_goods` WHERE ( geval_goodsid = '100619' ) AND ( (geval_image <> '') OR (geval_image_again <> '') ) LIMIT 1  
[2018-03-03 11:11:50] /shop/index.php?act=goods&op=index&goods_id=100619 ( act=goods&op=index ) 
ERR: Db Error: Unknown column 'geval_image_again' in 'where clause'
SELECT COUNT(*) AS nc_count FROM `zmkj_evaluate_goods` WHERE ( geval_goodsid = '100619' ) AND ( (geval_image <> '') OR (geval_image_again <> '') ) LIMIT 1  
[2018-03-03 12:31:21] /shop/index.php?act=goods&op=index&goods_id=101475 ( act=goods&op=index ) 
ERR: Db Error: Unknown column 'geval_image_again' in 'where clause'
SELECT COUNT(*) AS nc_count FROM `zmkj_evaluate_goods` WHERE ( geval_goodsid = '101475' ) AND ( (geval_image <> '') OR (geval_image_again <> '') ) LIMIT 1  
[2018-03-03 13:38:01] /shop/index.php?act=goods&op=index&goods_id=101537 ( act=goods&op=index ) 
ERR: Db Error: Unknown column 'geval_image_again' in 'where clause'
SELECT COUNT(*) AS nc_count FROM `zmkj_evaluate_goods` WHERE ( geval_goodsid = '101537' ) AND ( (geval_image <> '') OR (geval_image_again <> '') ) LIMIT 1  
[2018-03-03 14:00:28] /shop/index.php?act=goods&op=index&goods_id=100174 ( act=goods&op=index ) 
ERR: Db Error: Unknown column 'geval_image_again' in 'where clause'
SELECT COUNT(*) AS nc_count FROM `zmkj_evaluate_goods` WHERE ( geval_goodsid = '100174' ) AND ( (geval_image <> '') OR (geval_image_again <> '') ) LIMIT 1  
[2018-03-03 14:01:39] /shop/index.php?act=goods&op=index&goods_id=100619 ( act=goods&op=index ) 
ERR: Db Error: Unknown column 'geval_image_again' in 'where clause'
SELECT COUNT(*) AS nc_count FROM `zmkj_evaluate_goods` WHERE ( geval_goodsid = '100619' ) AND ( (geval_image <> '') OR (geval_image_again <> '') ) LIMIT 1  
[2018-03-03 14:01:54] /shop/index.php?act=goods&op=index&goods_id=100563 ( act=goods&op=index ) 
ERR: Db Error: Unknown column 'geval_image_again' in 'where clause'
SELECT COUNT(*) AS nc_count FROM `zmkj_evaluate_goods` WHERE ( geval_goodsid = '100563' ) AND ( (geval_image <> '') OR (geval_image_again <> '') ) LIMIT 1  
[2018-03-03 14:02:07] /shop/index.php?act=goods&op=index&goods_id=101663 ( act=goods&op=index ) 
ERR: Db Error: Unknown column 'geval_image_again' in 'where clause'
SELECT COUNT(*) AS nc_count FROM `zmkj_evaluate_goods` WHERE ( geval_goodsid = '101663' ) AND ( (geval_image <> '') OR (geval_image_again <> '') ) LIMIT 1  
[2018-03-03 14:49:04] /shop/index.php?act=goods&op=index&goods_id=100650 ( act=goods&op=index ) 
ERR: Db Error: Unknown column 'geval_image_again' in 'where clause'
SELECT COUNT(*) AS nc_count FROM `zmkj_evaluate_goods` WHERE ( geval_goodsid = '100650' ) AND ( (geval_image <> '') OR (geval_image_again <> '') ) LIMIT 1  
[2018-03-03 14:50:04] /shop/index.php?act=goods&op=index&goods_id=100650 ( act=goods&op=index ) 
ERR: Db Error: Unknown column 'geval_image_again' in 'where clause'
SELECT COUNT(*) AS nc_count FROM `zmkj_evaluate_goods` WHERE ( geval_goodsid = '100650' ) AND ( (geval_image <> '') OR (geval_image_again <> '') ) LIMIT 1  
[2018-03-03 14:51:30] /shop/index.php?act=goods&op=index&goods_id=101331 ( act=goods&op=index ) 
ERR: Db Error: Unknown column 'geval_image_again' in 'where clause'
SELECT COUNT(*) AS nc_count FROM `zmkj_evaluate_goods` WHERE ( geval_goodsid = '101331' ) AND ( (geval_image <> '') OR (geval_image_again <> '') ) LIMIT 1  
[2018-03-03 14:52:46] /shop/index.php?act=goods&op=index&goods_id=101331 ( act=goods&op=index ) 
ERR: Db Error: Unknown column 'geval_image_again' in 'where clause'
SELECT COUNT(*) AS nc_count FROM `zmkj_evaluate_goods` WHERE ( geval_goodsid = '101331' ) AND ( (geval_image <> '') OR (geval_image_again <> '') ) LIMIT 1  
[2018-03-03 14:52:56] /shop/index.php?act=goods&op=index&goods_id=100600 ( act=goods&op=index ) 
ERR: Db Error: Unknown column 'geval_image_again' in 'where clause'
SELECT COUNT(*) AS nc_count FROM `zmkj_evaluate_goods` WHERE ( geval_goodsid = '100600' ) AND ( (geval_image <> '') OR (geval_image_again <> '') ) LIMIT 1  
[2018-03-03 14:53:33] /shop/index.php?act=goods&op=index&goods_id=100589 ( act=goods&op=index ) 
ERR: Db Error: Unknown column 'geval_image_again' in 'where clause'
SELECT COUNT(*) AS nc_count FROM `zmkj_evaluate_goods` WHERE ( geval_goodsid = '100589' ) AND ( (geval_image <> '') OR (geval_image_again <> '') ) LIMIT 1  
[2018-03-03 14:54:38] /shop/index.php?act=goods&op=index&goods_id=100589 ( act=goods&op=index ) 
ERR: Db Error: Unknown column 'geval_image_again' in 'where clause'
SELECT COUNT(*) AS nc_count FROM `zmkj_evaluate_goods` WHERE ( geval_goodsid = '100589' ) AND ( (geval_image <> '') OR (geval_image_again <> '') ) LIMIT 1  
[2018-03-03 15:07:26] /shop/index.php?act=goods&op=index&goods_id=100504 ( act=goods&op=index ) 
ERR: Db Error: Unknown column 'geval_image_again' in 'where clause'
SELECT COUNT(*) AS nc_count FROM `zmkj_evaluate_goods` WHERE ( geval_goodsid = '100504' ) AND ( (geval_image <> '') OR (geval_image_again <> '') ) LIMIT 1  
[2018-03-03 15:08:24] /shop/index.php?act=goods&op=index&goods_id=101417 ( act=goods&op=index ) 
ERR: Db Error: Unknown column 'geval_image_again' in 'where clause'
SELECT COUNT(*) AS nc_count FROM `zmkj_evaluate_goods` WHERE ( geval_goodsid = '101417' ) AND ( (geval_image <> '') OR (geval_image_again <> '') ) LIMIT 1  
[2018-03-03 15:09:53] /shop/index.php?act=goods&op=index&goods_id=101417 ( act=goods&op=index ) 
ERR: Db Error: Unknown column 'geval_image_again' in 'where clause'
SELECT COUNT(*) AS nc_count FROM `zmkj_evaluate_goods` WHERE ( geval_goodsid = '101417' ) AND ( (geval_image <> '') OR (geval_image_again <> '') ) LIMIT 1  
[2018-03-03 15:10:08] /shop/index.php?act=goods&op=index&goods_id=101417 ( act=goods&op=index ) 
ERR: Db Error: Unknown column 'geval_image_again' in 'where clause'
SELECT COUNT(*) AS nc_count FROM `zmkj_evaluate_goods` WHERE ( geval_goodsid = '101417' ) AND ( (geval_image <> '') OR (geval_image_again <> '') ) LIMIT 1  
[2018-03-03 15:10:19] /shop/index.php?act=goods&op=index&goods_id=101418 ( act=goods&op=index ) 
ERR: Db Error: Unknown column 'geval_image_again' in 'where clause'
SELECT COUNT(*) AS nc_count FROM `zmkj_evaluate_goods` WHERE ( geval_goodsid = '101418' ) AND ( (geval_image <> '') OR (geval_image_again <> '') ) LIMIT 1  
[2018-03-03 15:10:25] /shop/index.php?act=goods&op=index&goods_id=101417 ( act=goods&op=index ) 
ERR: Db Error: Unknown column 'geval_image_again' in 'where clause'
SELECT COUNT(*) AS nc_count FROM `zmkj_evaluate_goods` WHERE ( geval_goodsid = '101417' ) AND ( (geval_image <> '') OR (geval_image_again <> '') ) LIMIT 1  
[2018-03-03 15:11:00] /shop/index.php?act=goods&op=index&goods_id=101347 ( act=goods&op=index ) 
ERR: Db Error: Unknown column 'geval_image_again' in 'where clause'
SELECT COUNT(*) AS nc_count FROM `zmkj_evaluate_goods` WHERE ( geval_goodsid = '101347' ) AND ( (geval_image <> '') OR (geval_image_again <> '') ) LIMIT 1  
[2018-03-03 15:11:19] /shop/index.php?act=goods&op=index&goods_id=101418 ( act=goods&op=index ) 
ERR: Db Error: Unknown column 'geval_image_again' in 'where clause'
SELECT COUNT(*) AS nc_count FROM `zmkj_evaluate_goods` WHERE ( geval_goodsid = '101418' ) AND ( (geval_image <> '') OR (geval_image_again <> '') ) LIMIT 1  
[2018-03-03 15:11:44] /shop/index.php?act=goods&op=index&goods_id=101347 ( act=goods&op=index ) 
ERR: Db Error: Unknown column 'geval_image_again' in 'where clause'
SELECT COUNT(*) AS nc_count FROM `zmkj_evaluate_goods` WHERE ( geval_goodsid = '101347' ) AND ( (geval_image <> '') OR (geval_image_again <> '') ) LIMIT 1  
[2018-03-03 15:12:00] /shop/index.php?act=goods&op=index&goods_id=101347 ( act=goods&op=index ) 
ERR: Db Error: Unknown column 'geval_image_again' in 'where clause'
SELECT COUNT(*) AS nc_count FROM `zmkj_evaluate_goods` WHERE ( geval_goodsid = '101347' ) AND ( (geval_image <> '') OR (geval_image_again <> '') ) LIMIT 1  
[2018-03-03 15:12:05] /shop/index.php?act=goods&op=index&goods_id=101347 ( act=goods&op=index ) 
ERR: Db Error: Unknown column 'geval_image_again' in 'where clause'
SELECT COUNT(*) AS nc_count FROM `zmkj_evaluate_goods` WHERE ( geval_goodsid = '101347' ) AND ( (geval_image <> '') OR (geval_image_again <> '') ) LIMIT 1  
[2018-03-03 15:18:01] /shop/index.php?act=goods&op=index&goods_id=100631 ( act=goods&op=index ) 
ERR: Db Error: Unknown column 'geval_image_again' in 'where clause'
SELECT COUNT(*) AS nc_count FROM `zmkj_evaluate_goods` WHERE ( geval_goodsid = '100631' ) AND ( (geval_image <> '') OR (geval_image_again <> '') ) LIMIT 1  
[2018-03-03 15:26:13] /shop/index.php?act=goods&op=index&goods_id=101347 ( act=goods&op=index ) 
ERR: Db Error: Unknown column 'geval_image_again' in 'where clause'
SELECT COUNT(*) AS nc_count FROM `zmkj_evaluate_goods` WHERE ( geval_goodsid = '101347' ) AND ( (geval_image <> '') OR (geval_image_again <> '') ) LIMIT 1  
[2018-03-03 15:51:21] /shop/index.php?act=goods&op=index&goods_id=101644 ( act=goods&op=index ) 
ERR: Db Error: Unknown column 'geval_image_again' in 'where clause'
SELECT COUNT(*) AS nc_count FROM `zmkj_evaluate_goods` WHERE ( geval_goodsid = '101644' ) AND ( (geval_image <> '') OR (geval_image_again <> '') ) LIMIT 1  
[2018-03-03 16:24:41] /shop/index.php?act=goods&op=index&goods_id=101152 ( act=goods&op=index ) 
ERR: Db Error: Unknown column 'geval_image_again' in 'where clause'
SELECT COUNT(*) AS nc_count FROM `zmkj_evaluate_goods` WHERE ( geval_goodsid = '101152' ) AND ( (geval_image <> '') OR (geval_image_again <> '') ) LIMIT 1  
[2018-03-03 17:21:56] /shop/index.php?act=goods&op=index&goods_id=101651 ( act=goods&op=index ) 
ERR: Db Error: Unknown column 'geval_image_again' in 'where clause'
SELECT COUNT(*) AS nc_count FROM `zmkj_evaluate_goods` WHERE ( geval_goodsid = '101651' ) AND ( (geval_image <> '') OR (geval_image_again <> '') ) LIMIT 1  
[2018-03-03 17:22:58] /shop/index.php?act=goods&op=index&goods_id=101651 ( act=goods&op=index ) 
ERR: Db Error: Unknown column 'geval_image_again' in 'where clause'
SELECT COUNT(*) AS nc_count FROM `zmkj_evaluate_goods` WHERE ( geval_goodsid = '101651' ) AND ( (geval_image <> '') OR (geval_image_again <> '') ) LIMIT 1  
[2018-03-03 17:25:30] /shop/index.php?act=goods&op=index&goods_id=101651 ( act=goods&op=index ) 
ERR: Db Error: Unknown column 'geval_image_again' in 'where clause'
SELECT COUNT(*) AS nc_count FROM `zmkj_evaluate_goods` WHERE ( geval_goodsid = '101651' ) AND ( (geval_image <> '') OR (geval_image_again <> '') ) LIMIT 1  
[2018-03-03 17:31:21] /shop/index.php?act=goods&op=index&goods_id=101413 ( act=goods&op=index ) 
ERR: Db Error: Unknown column 'geval_image_again' in 'where clause'
SELECT COUNT(*) AS nc_count FROM `zmkj_evaluate_goods` WHERE ( geval_goodsid = '101413' ) AND ( (geval_image <> '') OR (geval_image_again <> '') ) LIMIT 1  
[2018-03-03 18:38:01] /shop/index.php?act=goods&op=index&goods_id=101629 ( act=goods&op=index ) 
ERR: Db Error: Unknown column 'geval_image_again' in 'where clause'
SELECT COUNT(*) AS nc_count FROM `zmkj_evaluate_goods` WHERE ( geval_goodsid = '101629' ) AND ( (geval_image <> '') OR (geval_image_again <> '') ) LIMIT 1  
[2018-03-03 19:11:21] /shop/index.php?act=goods&op=index&goods_id=101566 ( act=goods&op=index ) 
ERR: Db Error: Unknown column 'geval_image_again' in 'where clause'
SELECT COUNT(*) AS nc_count FROM `zmkj_evaluate_goods` WHERE ( geval_goodsid = '101566' ) AND ( (geval_image <> '') OR (geval_image_again <> '') ) LIMIT 1  
[2018-03-03 19:44:41] /shop/index.php?act=goods&op=index&goods_id=100624 ( act=goods&op=index ) 
ERR: Db Error: Unknown column 'geval_image_again' in 'where clause'
SELECT COUNT(*) AS nc_count FROM `zmkj_evaluate_goods` WHERE ( geval_goodsid = '100624' ) AND ( (geval_image <> '') OR (geval_image_again <> '') ) LIMIT 1  
[2018-03-03 20:18:01] /shop/index.php?act=goods&op=index&goods_id=100611 ( act=goods&op=index ) 
ERR: Db Error: Unknown column 'geval_image_again' in 'where clause'
SELECT COUNT(*) AS nc_count FROM `zmkj_evaluate_goods` WHERE ( geval_goodsid = '100611' ) AND ( (geval_image <> '') OR (geval_image_again <> '') ) LIMIT 1  
[2018-03-03 21:24:16] /shop/index.php?act=goods&goods_id=101558&op=index ( act=goods&op=index ) 
ERR: Db Error: Unknown column 'geval_image_again' in 'where clause'
SELECT COUNT(*) AS nc_count FROM `zmkj_evaluate_goods` WHERE ( geval_goodsid = '101558' ) AND ( (geval_image <> '') OR (geval_image_again <> '') ) LIMIT 1  
