[2018-12-29 00:03:20] /shop/index.php?act=goods&op=comments_list&goods_id=105474 ( act=goods&op=comments_list ) 
ERR: Db Error: Unknown column 'geval_image_again' in 'where clause'
SELECT COUNT(*) AS nc_count FROM `zmkj_evaluate_goods` WHERE ( geval_goodsid = '105474' ) AND ( (geval_image <> '') OR (geval_image_again <> '') ) LIMIT 1  
[2018-12-29 00:24:17] /shop/index.php?act=goods&op=comments_list&goods_id=107241 ( act=goods&op=comments_list ) 
ERR: Db Error: Unknown column 'geval_image_again' in 'where clause'
SELECT COUNT(*) AS nc_count FROM `zmkj_evaluate_goods` WHERE ( geval_goodsid = '107241' ) AND ( (geval_image <> '') OR (geval_image_again <> '') ) LIMIT 1  
[2018-12-29 00:25:32] /shop/index.php?act=goods&op=comments_list&goods_id=107179 ( act=goods&op=comments_list ) 
ERR: Db Error: Unknown column 'geval_image_again' in 'where clause'
SELECT COUNT(*) AS nc_count FROM `zmkj_evaluate_goods` WHERE ( geval_goodsid = '107179' ) AND ( (geval_image <> '') OR (geval_image_again <> '') ) LIMIT 1  
[2018-12-29 00:42:08] /shop/index.php?act=goods&op=comments_list&goods_id=105966 ( act=goods&op=comments_list ) 
ERR: Db Error: Unknown column 'geval_image_again' in 'where clause'
SELECT COUNT(*) AS nc_count FROM `zmkj_evaluate_goods` WHERE ( geval_goodsid = '105966' ) AND ( (geval_image <> '') OR (geval_image_again <> '') ) LIMIT 1  
[2018-12-29 00:43:34] /shop/index.php?act=goods&op=comments_list&goods_id=103918 ( act=goods&op=comments_list ) 
ERR: Db Error: Unknown column 'geval_image_again' in 'where clause'
SELECT COUNT(*) AS nc_count FROM `zmkj_evaluate_goods` WHERE ( geval_goodsid = '103918' ) AND ( (geval_image <> '') OR (geval_image_again <> '') ) LIMIT 1  
[2018-12-29 01:21:02] /shop/index.php?act=goods&op=comments_list&goods_id=103286 ( act=goods&op=comments_list ) 
ERR: Db Error: Unknown column 'geval_image_again' in 'where clause'
SELECT COUNT(*) AS nc_count FROM `zmkj_evaluate_goods` WHERE ( geval_goodsid = '103286' ) AND ( (geval_image <> '') OR (geval_image_again <> '') ) LIMIT 1  
[2018-12-29 01:48:16] /shop/index.php?act=goods&op=comments_list&goods_id=105742 ( act=goods&op=comments_list ) 
ERR: Db Error: Unknown column 'geval_image_again' in 'where clause'
SELECT COUNT(*) AS nc_count FROM `zmkj_evaluate_goods` WHERE ( geval_goodsid = '105742' ) AND ( (geval_image <> '') OR (geval_image_again <> '') ) LIMIT 1  
[2018-12-29 02:15:31] /shop/index.php?act=goods&op=comments_list&goods_id=106346 ( act=goods&op=comments_list ) 
ERR: Db Error: Unknown column 'geval_image_again' in 'where clause'
SELECT COUNT(*) AS nc_count FROM `zmkj_evaluate_goods` WHERE ( geval_goodsid = '106346' ) AND ( (geval_image <> '') OR (geval_image_again <> '') ) LIMIT 1  
[2018-12-29 02:23:18] /shop/index.php?act=goods&op=comments_list&goods_id=100586 ( act=goods&op=comments_list ) 
ERR: Db Error: Unknown column 'geval_image_again' in 'where clause'
SELECT COUNT(*) AS nc_count FROM `zmkj_evaluate_goods` WHERE ( geval_goodsid = '100586' ) AND ( (geval_image <> '') OR (geval_image_again <> '') ) LIMIT 1  
[2018-12-29 02:27:11] /shop/index.php?act=goods&op=comments_list&goods_id=103343 ( act=goods&op=comments_list ) 
ERR: Db Error: Unknown column 'geval_image_again' in 'where clause'
SELECT COUNT(*) AS nc_count FROM `zmkj_evaluate_goods` WHERE ( geval_goodsid = '103343' ) AND ( (geval_image <> '') OR (geval_image_again <> '') ) LIMIT 1  
[2018-12-29 02:31:05] /shop/index.php?act=goods&op=comments_list&goods_id=104657 ( act=goods&op=comments_list ) 
ERR: Db Error: Unknown column 'geval_image_again' in 'where clause'
SELECT COUNT(*) AS nc_count FROM `zmkj_evaluate_goods` WHERE ( geval_goodsid = '104657' ) AND ( (geval_image <> '') OR (geval_image_again <> '') ) LIMIT 1  
[2018-12-29 02:40:58] /shop/index.php?act=goods&op=comments_list&goods_id=103170 ( act=goods&op=comments_list ) 
ERR: Db Error: Unknown column 'geval_image_again' in 'where clause'
SELECT COUNT(*) AS nc_count FROM `zmkj_evaluate_goods` WHERE ( geval_goodsid = '103170' ) AND ( (geval_image <> '') OR (geval_image_again <> '') ) LIMIT 1  
[2018-12-29 02:45:10] /shop/index.php?act=goods&op=comments_list&goods_id=103588 ( act=goods&op=comments_list ) 
ERR: Db Error: Unknown column 'geval_image_again' in 'where clause'
SELECT COUNT(*) AS nc_count FROM `zmkj_evaluate_goods` WHERE ( geval_goodsid = '103588' ) AND ( (geval_image <> '') OR (geval_image_again <> '') ) LIMIT 1  
[2018-12-29 02:55:41] /shop/index.php?act=goods&op=comments_list&goods_id=104406 ( act=goods&op=comments_list ) 
ERR: Db Error: Unknown column 'geval_image_again' in 'where clause'
SELECT COUNT(*) AS nc_count FROM `zmkj_evaluate_goods` WHERE ( geval_goodsid = '104406' ) AND ( (geval_image <> '') OR (geval_image_again <> '') ) LIMIT 1  
[2018-12-29 03:04:06] /shop/index.php?act=goods&op=comments_list&goods_id=104856 ( act=goods&op=comments_list ) 
ERR: Db Error: Unknown column 'geval_image_again' in 'where clause'
SELECT COUNT(*) AS nc_count FROM `zmkj_evaluate_goods` WHERE ( geval_goodsid = '104856' ) AND ( (geval_image <> '') OR (geval_image_again <> '') ) LIMIT 1  
[2018-12-29 03:06:12] /shop/index.php?act=goods&op=comments_list&goods_id=105301&type=1 ( act=goods&op=comments_list ) 
ERR: Db Error: Unknown column 'geval_image_again' in 'where clause'
SELECT COUNT(*) AS nc_count FROM `zmkj_evaluate_goods` WHERE ( geval_goodsid = '105301' ) AND ( (geval_image <> '') OR (geval_image_again <> '') ) LIMIT 1  
[2018-12-29 03:08:18] /shop/index.php?act=goods&op=comments_list&goods_id=107130 ( act=goods&op=comments_list ) 
ERR: Db Error: Unknown column 'geval_image_again' in 'where clause'
SELECT COUNT(*) AS nc_count FROM `zmkj_evaluate_goods` WHERE ( geval_goodsid = '107130' ) AND ( (geval_image <> '') OR (geval_image_again <> '') ) LIMIT 1  
[2018-12-29 03:10:25] /shop/index.php?act=goods&op=comments_list&goods_id=106695 ( act=goods&op=comments_list ) 
ERR: Db Error: Unknown column 'geval_image_again' in 'where clause'
SELECT COUNT(*) AS nc_count FROM `zmkj_evaluate_goods` WHERE ( geval_goodsid = '106695' ) AND ( (geval_image <> '') OR (geval_image_again <> '') ) LIMIT 1  
[2018-12-29 03:37:45] /shop/index.php?act=goods&op=comments_list&goods_id=106243 ( act=goods&op=comments_list ) 
ERR: Db Error: Unknown column 'geval_image_again' in 'where clause'
SELECT COUNT(*) AS nc_count FROM `zmkj_evaluate_goods` WHERE ( geval_goodsid = '106243' ) AND ( (geval_image <> '') OR (geval_image_again <> '') ) LIMIT 1  
[2018-12-29 03:41:58] /shop/index.php?act=goods&op=comments_list&goods_id=101826 ( act=goods&op=comments_list ) 
ERR: Db Error: Unknown column 'geval_image_again' in 'where clause'
SELECT COUNT(*) AS nc_count FROM `zmkj_evaluate_goods` WHERE ( geval_goodsid = '101826' ) AND ( (geval_image <> '') OR (geval_image_again <> '') ) LIMIT 1  
[2018-12-29 03:52:29] /shop/index.php?act=goods&op=comments_list&goods_id=104901 ( act=goods&op=comments_list ) 
ERR: Db Error: Unknown column 'geval_image_again' in 'where clause'
SELECT COUNT(*) AS nc_count FROM `zmkj_evaluate_goods` WHERE ( geval_goodsid = '104901' ) AND ( (geval_image <> '') OR (geval_image_again <> '') ) LIMIT 1  
[2018-12-29 03:52:55] /shop/index.php?act=goods&op=comments_list&goods_id=104881 ( act=goods&op=comments_list ) 
ERR: Db Error: Unknown column 'geval_image_again' in 'where clause'
SELECT COUNT(*) AS nc_count FROM `zmkj_evaluate_goods` WHERE ( geval_goodsid = '104881' ) AND ( (geval_image <> '') OR (geval_image_again <> '') ) LIMIT 1  
[2018-12-29 03:58:47] /shop/index.php?act=goods&op=comments_list&goods_id=102664 ( act=goods&op=comments_list ) 
ERR: Db Error: Unknown column 'geval_image_again' in 'where clause'
SELECT COUNT(*) AS nc_count FROM `zmkj_evaluate_goods` WHERE ( geval_goodsid = '102664' ) AND ( (geval_image <> '') OR (geval_image_again <> '') ) LIMIT 1  
[2018-12-29 04:05:06] /shop/index.php?act=goods&op=comments_list&goods_id=106284&type=1 ( act=goods&op=comments_list ) 
ERR: Db Error: Unknown column 'geval_image_again' in 'where clause'
SELECT COUNT(*) AS nc_count FROM `zmkj_evaluate_goods` WHERE ( geval_goodsid = '106284' ) AND ( (geval_image <> '') OR (geval_image_again <> '') ) LIMIT 1  
[2018-12-29 04:50:37] /shop/index.php?act=goods&op=comments_list&goods_id=105475 ( act=goods&op=comments_list ) 
ERR: Db Error: Unknown column 'geval_image_again' in 'where clause'
SELECT COUNT(*) AS nc_count FROM `zmkj_evaluate_goods` WHERE ( geval_goodsid = '105475' ) AND ( (geval_image <> '') OR (geval_image_again <> '') ) LIMIT 1  
[2018-12-29 04:57:36] /shop/index.php?act=goods&op=comments_list&goods_id=100530 ( act=goods&op=comments_list ) 
ERR: Db Error: Unknown column 'geval_image_again' in 'where clause'
SELECT COUNT(*) AS nc_count FROM `zmkj_evaluate_goods` WHERE ( geval_goodsid = '100530' ) AND ( (geval_image <> '') OR (geval_image_again <> '') ) LIMIT 1  
[2018-12-29 05:01:48] /shop/index.php?act=goods&op=comments_list&goods_id=105187 ( act=goods&op=comments_list ) 
ERR: Db Error: Unknown column 'geval_image_again' in 'where clause'
SELECT COUNT(*) AS nc_count FROM `zmkj_evaluate_goods` WHERE ( geval_goodsid = '105187' ) AND ( (geval_image <> '') OR (geval_image_again <> '') ) LIMIT 1  
[2018-12-29 05:05:59] /shop/index.php?act=goods&op=comments_list&goods_id=105653 ( act=goods&op=comments_list ) 
ERR: Db Error: Unknown column 'geval_image_again' in 'where clause'
SELECT COUNT(*) AS nc_count FROM `zmkj_evaluate_goods` WHERE ( geval_goodsid = '105653' ) AND ( (geval_image <> '') OR (geval_image_again <> '') ) LIMIT 1  
[2018-12-29 05:21:21] /shop/index.php?act=goods&op=comments_list&goods_id=103144 ( act=goods&op=comments_list ) 
ERR: Db Error: Unknown column 'geval_image_again' in 'where clause'
SELECT COUNT(*) AS nc_count FROM `zmkj_evaluate_goods` WHERE ( geval_goodsid = '103144' ) AND ( (geval_image <> '') OR (geval_image_again <> '') ) LIMIT 1  
[2018-12-29 05:24:09] /shop/index.php?act=goods&op=comments_list&goods_id=105275 ( act=goods&op=comments_list ) 
ERR: Db Error: Unknown column 'geval_image_again' in 'where clause'
SELECT COUNT(*) AS nc_count FROM `zmkj_evaluate_goods` WHERE ( geval_goodsid = '105275' ) AND ( (geval_image <> '') OR (geval_image_again <> '') ) LIMIT 1  
[2018-12-29 05:38:07] /shop/index.php?act=goods&op=comments_list&goods_id=101692 ( act=goods&op=comments_list ) 
ERR: Db Error: Unknown column 'geval_image_again' in 'where clause'
SELECT COUNT(*) AS nc_count FROM `zmkj_evaluate_goods` WHERE ( geval_goodsid = '101692' ) AND ( (geval_image <> '') OR (geval_image_again <> '') ) LIMIT 1  
[2018-12-29 05:40:55] /shop/index.php?act=goods&op=comments_list&goods_id=104860 ( act=goods&op=comments_list ) 
ERR: Db Error: Unknown column 'geval_image_again' in 'where clause'
SELECT COUNT(*) AS nc_count FROM `zmkj_evaluate_goods` WHERE ( geval_goodsid = '104860' ) AND ( (geval_image <> '') OR (geval_image_again <> '') ) LIMIT 1  
[2018-12-29 05:45:06] /shop/index.php?act=goods&op=comments_list&goods_id=106369 ( act=goods&op=comments_list ) 
ERR: Db Error: Unknown column 'geval_image_again' in 'where clause'
SELECT COUNT(*) AS nc_count FROM `zmkj_evaluate_goods` WHERE ( geval_goodsid = '106369' ) AND ( (geval_image <> '') OR (geval_image_again <> '') ) LIMIT 1  
[2018-12-29 05:46:30] /shop/index.php?act=goods&op=comments_list&goods_id=103349 ( act=goods&op=comments_list ) 
ERR: Db Error: Unknown column 'geval_image_again' in 'where clause'
SELECT COUNT(*) AS nc_count FROM `zmkj_evaluate_goods` WHERE ( geval_goodsid = '103349' ) AND ( (geval_image <> '') OR (geval_image_again <> '') ) LIMIT 1  
[2018-12-29 05:47:54] /shop/index.php?act=goods&op=comments_list&goods_id=106283 ( act=goods&op=comments_list ) 
ERR: Db Error: Unknown column 'geval_image_again' in 'where clause'
SELECT COUNT(*) AS nc_count FROM `zmkj_evaluate_goods` WHERE ( geval_goodsid = '106283' ) AND ( (geval_image <> '') OR (geval_image_again <> '') ) LIMIT 1  
[2018-12-29 05:50:42] /shop/index.php?act=goods&op=comments_list&goods_id=105266 ( act=goods&op=comments_list ) 
ERR: Db Error: Unknown column 'geval_image_again' in 'where clause'
SELECT COUNT(*) AS nc_count FROM `zmkj_evaluate_goods` WHERE ( geval_goodsid = '105266' ) AND ( (geval_image <> '') OR (geval_image_again <> '') ) LIMIT 1  
[2018-12-29 05:52:05] /shop/index.php?act=goods&op=comments_list&goods_id=105385 ( act=goods&op=comments_list ) 
ERR: Db Error: Unknown column 'geval_image_again' in 'where clause'
SELECT COUNT(*) AS nc_count FROM `zmkj_evaluate_goods` WHERE ( geval_goodsid = '105385' ) AND ( (geval_image <> '') OR (geval_image_again <> '') ) LIMIT 1  
[2018-12-29 05:54:53] /shop/index.php?act=goods&op=comments_list&goods_id=105643 ( act=goods&op=comments_list ) 
ERR: Db Error: Unknown column 'geval_image_again' in 'where clause'
SELECT COUNT(*) AS nc_count FROM `zmkj_evaluate_goods` WHERE ( geval_goodsid = '105643' ) AND ( (geval_image <> '') OR (geval_image_again <> '') ) LIMIT 1  
[2018-12-29 06:01:52] /shop/index.php?act=goods&op=comments_list&goods_id=103328 ( act=goods&op=comments_list ) 
ERR: Db Error: Unknown column 'geval_image_again' in 'where clause'
SELECT COUNT(*) AS nc_count FROM `zmkj_evaluate_goods` WHERE ( geval_goodsid = '103328' ) AND ( (geval_image <> '') OR (geval_image_again <> '') ) LIMIT 1  
[2018-12-29 06:07:27] /shop/index.php?act=goods&op=comments_list&goods_id=106464 ( act=goods&op=comments_list ) 
ERR: Db Error: Unknown column 'geval_image_again' in 'where clause'
SELECT COUNT(*) AS nc_count FROM `zmkj_evaluate_goods` WHERE ( geval_goodsid = '106464' ) AND ( (geval_image <> '') OR (geval_image_again <> '') ) LIMIT 1  
[2018-12-29 06:10:15] /shop/index.php?act=goods&op=comments_list&goods_id=106753 ( act=goods&op=comments_list ) 
ERR: Db Error: Unknown column 'geval_image_again' in 'where clause'
SELECT COUNT(*) AS nc_count FROM `zmkj_evaluate_goods` WHERE ( geval_goodsid = '106753' ) AND ( (geval_image <> '') OR (geval_image_again <> '') ) LIMIT 1  
[2018-12-29 06:15:50] /shop/index.php?act=goods&op=comments_list&goods_id=106465 ( act=goods&op=comments_list ) 
ERR: Db Error: Unknown column 'geval_image_again' in 'where clause'
SELECT COUNT(*) AS nc_count FROM `zmkj_evaluate_goods` WHERE ( geval_goodsid = '106465' ) AND ( (geval_image <> '') OR (geval_image_again <> '') ) LIMIT 1  
[2018-12-29 06:17:14] /shop/index.php?act=goods&op=comments_list&goods_id=106799 ( act=goods&op=comments_list ) 
ERR: Db Error: Unknown column 'geval_image_again' in 'where clause'
SELECT COUNT(*) AS nc_count FROM `zmkj_evaluate_goods` WHERE ( geval_goodsid = '106799' ) AND ( (geval_image <> '') OR (geval_image_again <> '') ) LIMIT 1  
[2018-12-29 06:25:37] /shop/index.php?act=goods&op=comments_list&goods_id=106711 ( act=goods&op=comments_list ) 
ERR: Db Error: Unknown column 'geval_image_again' in 'where clause'
SELECT COUNT(*) AS nc_count FROM `zmkj_evaluate_goods` WHERE ( geval_goodsid = '106711' ) AND ( (geval_image <> '') OR (geval_image_again <> '') ) LIMIT 1  
[2018-12-29 06:31:13] /shop/index.php?act=goods&op=comments_list&goods_id=102712&type=1 ( act=goods&op=comments_list ) 
ERR: Db Error: Unknown column 'geval_image_again' in 'where clause'
SELECT COUNT(*) AS nc_count FROM `zmkj_evaluate_goods` WHERE ( geval_goodsid = '102712' ) AND ( (geval_image <> '') OR (geval_image_again <> '') ) LIMIT 1  
[2018-12-29 06:35:24] /shop/index.php?act=goods&op=comments_list&goods_id=105502 ( act=goods&op=comments_list ) 
ERR: Db Error: Unknown column 'geval_image_again' in 'where clause'
SELECT COUNT(*) AS nc_count FROM `zmkj_evaluate_goods` WHERE ( geval_goodsid = '105502' ) AND ( (geval_image <> '') OR (geval_image_again <> '') ) LIMIT 1  
[2018-12-29 06:44:03] /shop/index.php?act=goods&op=comments_list&goods_id=105376 ( act=goods&op=comments_list ) 
ERR: Db Error: Unknown column 'geval_image_again' in 'where clause'
SELECT COUNT(*) AS nc_count FROM `zmkj_evaluate_goods` WHERE ( geval_goodsid = '105376' ) AND ( (geval_image <> '') OR (geval_image_again <> '') ) LIMIT 1  
[2018-12-29 06:51:18] /shop/index.php?act=goods&op=comments_list&goods_id=105647 ( act=goods&op=comments_list ) 
ERR: Db Error: Unknown column 'geval_image_again' in 'where clause'
SELECT COUNT(*) AS nc_count FROM `zmkj_evaluate_goods` WHERE ( geval_goodsid = '105647' ) AND ( (geval_image <> '') OR (geval_image_again <> '') ) LIMIT 1  
[2018-12-29 06:53:44] /shop/index.php?act=goods&op=comments_list&goods_id=106321 ( act=goods&op=comments_list ) 
ERR: Db Error: Unknown column 'geval_image_again' in 'where clause'
SELECT COUNT(*) AS nc_count FROM `zmkj_evaluate_goods` WHERE ( geval_goodsid = '106321' ) AND ( (geval_image <> '') OR (geval_image_again <> '') ) LIMIT 1  
[2018-12-29 06:58:34] /shop/index.php?act=goods&op=comments_list&goods_id=106763 ( act=goods&op=comments_list ) 
ERR: Db Error: Unknown column 'geval_image_again' in 'where clause'
SELECT COUNT(*) AS nc_count FROM `zmkj_evaluate_goods` WHERE ( geval_goodsid = '106763' ) AND ( (geval_image <> '') OR (geval_image_again <> '') ) LIMIT 1  
[2018-12-29 07:00:59] /shop/index.php?act=goods&op=comments_list&goods_id=106794 ( act=goods&op=comments_list ) 
ERR: Db Error: Unknown column 'geval_image_again' in 'where clause'
SELECT COUNT(*) AS nc_count FROM `zmkj_evaluate_goods` WHERE ( geval_goodsid = '106794' ) AND ( (geval_image <> '') OR (geval_image_again <> '') ) LIMIT 1  
[2018-12-29 07:10:40] /shop/index.php?act=goods&op=comments_list&goods_id=105651 ( act=goods&op=comments_list ) 
ERR: Db Error: Unknown column 'geval_image_again' in 'where clause'
SELECT COUNT(*) AS nc_count FROM `zmkj_evaluate_goods` WHERE ( geval_goodsid = '105651' ) AND ( (geval_image <> '') OR (geval_image_again <> '') ) LIMIT 1  
[2018-12-29 07:15:30] /shop/index.php?act=goods&op=comments_list&goods_id=107127 ( act=goods&op=comments_list ) 
ERR: Db Error: Unknown column 'geval_image_again' in 'where clause'
SELECT COUNT(*) AS nc_count FROM `zmkj_evaluate_goods` WHERE ( geval_goodsid = '107127' ) AND ( (geval_image <> '') OR (geval_image_again <> '') ) LIMIT 1  
[2018-12-29 07:17:55] /shop/index.php?act=goods&op=comments_list&goods_id=106698 ( act=goods&op=comments_list ) 
ERR: Db Error: Unknown column 'geval_image_again' in 'where clause'
SELECT COUNT(*) AS nc_count FROM `zmkj_evaluate_goods` WHERE ( geval_goodsid = '106698' ) AND ( (geval_image <> '') OR (geval_image_again <> '') ) LIMIT 1  
[2018-12-29 07:27:35] /shop/index.php?act=goods&op=comments_list&goods_id=102703 ( act=goods&op=comments_list ) 
ERR: Db Error: Unknown column 'geval_image_again' in 'where clause'
SELECT COUNT(*) AS nc_count FROM `zmkj_evaluate_goods` WHERE ( geval_goodsid = '102703' ) AND ( (geval_image <> '') OR (geval_image_again <> '') ) LIMIT 1  
[2018-12-29 07:46:56] /shop/index.php?act=goods&op=comments_list&goods_id=105327 ( act=goods&op=comments_list ) 
ERR: Db Error: Unknown column 'geval_image_again' in 'where clause'
SELECT COUNT(*) AS nc_count FROM `zmkj_evaluate_goods` WHERE ( geval_goodsid = '105327' ) AND ( (geval_image <> '') OR (geval_image_again <> '') ) LIMIT 1  
[2018-12-29 07:49:22] /shop/index.php?act=goods&op=comments_list&goods_id=102752 ( act=goods&op=comments_list ) 
ERR: Db Error: Unknown column 'geval_image_again' in 'where clause'
SELECT COUNT(*) AS nc_count FROM `zmkj_evaluate_goods` WHERE ( geval_goodsid = '102752' ) AND ( (geval_image <> '') OR (geval_image_again <> '') ) LIMIT 1  
[2018-12-29 07:56:37] /shop/index.php?act=goods&op=comments_list&goods_id=106467 ( act=goods&op=comments_list ) 
ERR: Db Error: Unknown column 'geval_image_again' in 'where clause'
SELECT COUNT(*) AS nc_count FROM `zmkj_evaluate_goods` WHERE ( geval_goodsid = '106467' ) AND ( (geval_image <> '') OR (geval_image_again <> '') ) LIMIT 1  
[2018-12-29 08:06:17] /shop/index.php?act=goods&op=comments_list&goods_id=106458 ( act=goods&op=comments_list ) 
ERR: Db Error: Unknown column 'geval_image_again' in 'where clause'
SELECT COUNT(*) AS nc_count FROM `zmkj_evaluate_goods` WHERE ( geval_goodsid = '106458' ) AND ( (geval_image <> '') OR (geval_image_again <> '') ) LIMIT 1  
[2018-12-29 08:11:08] /shop/index.php?act=goods&op=comments_list&goods_id=105943 ( act=goods&op=comments_list ) 
ERR: Db Error: Unknown column 'geval_image_again' in 'where clause'
SELECT COUNT(*) AS nc_count FROM `zmkj_evaluate_goods` WHERE ( geval_goodsid = '105943' ) AND ( (geval_image <> '') OR (geval_image_again <> '') ) LIMIT 1  
[2018-12-29 08:20:48] /shop/index.php?act=goods&op=comments_list&goods_id=105873 ( act=goods&op=comments_list ) 
ERR: Db Error: Unknown column 'geval_image_again' in 'where clause'
SELECT COUNT(*) AS nc_count FROM `zmkj_evaluate_goods` WHERE ( geval_goodsid = '105873' ) AND ( (geval_image <> '') OR (geval_image_again <> '') ) LIMIT 1  
[2018-12-29 08:23:13] /shop/index.php?act=goods&op=comments_list&goods_id=102776 ( act=goods&op=comments_list ) 
ERR: Db Error: Unknown column 'geval_image_again' in 'where clause'
SELECT COUNT(*) AS nc_count FROM `zmkj_evaluate_goods` WHERE ( geval_goodsid = '102776' ) AND ( (geval_image <> '') OR (geval_image_again <> '') ) LIMIT 1  
[2018-12-29 08:45:19] /shop/index.php?act=goods&op=comments_list&goods_id=106379 ( act=goods&op=comments_list ) 
ERR: Db Error: Unknown column 'geval_image_again' in 'where clause'
SELECT COUNT(*) AS nc_count FROM `zmkj_evaluate_goods` WHERE ( geval_goodsid = '106379' ) AND ( (geval_image <> '') OR (geval_image_again <> '') ) LIMIT 1  
[2018-12-29 09:04:17] /shop/index.php?act=goods&op=comments_list&goods_id=103347 ( act=goods&op=comments_list ) 
ERR: Db Error: Unknown column 'geval_image_again' in 'where clause'
SELECT COUNT(*) AS nc_count FROM `zmkj_evaluate_goods` WHERE ( geval_goodsid = '103347' ) AND ( (geval_image <> '') OR (geval_image_again <> '') ) LIMIT 1  
[2018-12-29 09:53:35] /shop/index.php?act=goods&op=comments_list&goods_id=106771 ( act=goods&op=comments_list ) 
ERR: Db Error: Unknown column 'geval_image_again' in 'where clause'
SELECT COUNT(*) AS nc_count FROM `zmkj_evaluate_goods` WHERE ( geval_goodsid = '106771' ) AND ( (geval_image <> '') OR (geval_image_again <> '') ) LIMIT 1  
[2018-12-29 10:27:42] /shop/index.php?act=goods&op=comments_list&goods_id=106687 ( act=goods&op=comments_list ) 
ERR: Db Error: Unknown column 'geval_image_again' in 'where clause'
SELECT COUNT(*) AS nc_count FROM `zmkj_evaluate_goods` WHERE ( geval_goodsid = '106687' ) AND ( (geval_image <> '') OR (geval_image_again <> '') ) LIMIT 1  
[2018-12-29 10:35:17] /shop/index.php?act=goods&op=comments_list&goods_id=106694 ( act=goods&op=comments_list ) 
ERR: Db Error: Unknown column 'geval_image_again' in 'where clause'
SELECT COUNT(*) AS nc_count FROM `zmkj_evaluate_goods` WHERE ( geval_goodsid = '106694' ) AND ( (geval_image <> '') OR (geval_image_again <> '') ) LIMIT 1  
[2018-12-29 10:39:05] /shop/index.php?act=goods&op=comments_list&goods_id=106374 ( act=goods&op=comments_list ) 
ERR: Db Error: Unknown column 'geval_image_again' in 'where clause'
SELECT COUNT(*) AS nc_count FROM `zmkj_evaluate_goods` WHERE ( geval_goodsid = '106374' ) AND ( (geval_image <> '') OR (geval_image_again <> '') ) LIMIT 1  
[2018-12-29 10:43:19] /shop/index.php?act=goods&op=comments_list&goods_id=102685 ( act=goods&op=comments_list ) 
ERR: Db Error: Unknown column 'geval_image_again' in 'where clause'
SELECT COUNT(*) AS nc_count FROM `zmkj_evaluate_goods` WHERE ( geval_goodsid = '102685' ) AND ( (geval_image <> '') OR (geval_image_again <> '') ) LIMIT 1  
[2018-12-29 11:38:07] /shop/index.php?act=goods&op=comments_list&goods_id=106353 ( act=goods&op=comments_list ) 
ERR: Db Error: Unknown column 'geval_image_again' in 'where clause'
SELECT COUNT(*) AS nc_count FROM `zmkj_evaluate_goods` WHERE ( geval_goodsid = '106353' ) AND ( (geval_image <> '') OR (geval_image_again <> '') ) LIMIT 1  
[2018-12-29 11:42:10] /shop/index.php?act=goods&op=comments_list&goods_id=106700 ( act=goods&op=comments_list ) 
ERR: Db Error: Unknown column 'geval_image_again' in 'where clause'
SELECT COUNT(*) AS nc_count FROM `zmkj_evaluate_goods` WHERE ( geval_goodsid = '106700' ) AND ( (geval_image <> '') OR (geval_image_again <> '') ) LIMIT 1  
[2018-12-29 12:14:30] /shop/index.php?act=goods&op=comments_list&goods_id=106624 ( act=goods&op=comments_list ) 
ERR: Db Error: Unknown column 'geval_image_again' in 'where clause'
SELECT COUNT(*) AS nc_count FROM `zmkj_evaluate_goods` WHERE ( geval_goodsid = '106624' ) AND ( (geval_image <> '') OR (geval_image_again <> '') ) LIMIT 1  
[2018-12-29 12:37:04] /shop/index.php?act=goods&op=comments_list&goods_id=103851 ( act=goods&op=comments_list ) 
ERR: Db Error: Unknown column 'geval_image_again' in 'where clause'
SELECT COUNT(*) AS nc_count FROM `zmkj_evaluate_goods` WHERE ( geval_goodsid = '103851' ) AND ( (geval_image <> '') OR (geval_image_again <> '') ) LIMIT 1  
[2018-12-29 13:16:29] /shop/index.php?act=goods&op=comments_list&goods_id=102702 ( act=goods&op=comments_list ) 
ERR: Db Error: Unknown column 'geval_image_again' in 'where clause'
SELECT COUNT(*) AS nc_count FROM `zmkj_evaluate_goods` WHERE ( geval_goodsid = '102702' ) AND ( (geval_image <> '') OR (geval_image_again <> '') ) LIMIT 1  
[2018-12-29 13:20:05] /shop/index.php?act=goods&op=comments_list&goods_id=104737 ( act=goods&op=comments_list ) 
ERR: Db Error: Unknown column 'geval_image_again' in 'where clause'
SELECT COUNT(*) AS nc_count FROM `zmkj_evaluate_goods` WHERE ( geval_goodsid = '104737' ) AND ( (geval_image <> '') OR (geval_image_again <> '') ) LIMIT 1  
[2018-12-29 13:23:00] /shop/index.php?act=goods&op=comments_list&goods_id=102670 ( act=goods&op=comments_list ) 
ERR: Db Error: Unknown column 'geval_image_again' in 'where clause'
SELECT COUNT(*) AS nc_count FROM `zmkj_evaluate_goods` WHERE ( geval_goodsid = '102670' ) AND ( (geval_image <> '') OR (geval_image_again <> '') ) LIMIT 1  
[2018-12-29 13:24:27] /shop/index.php?act=goods&op=comments_list&goods_id=107395 ( act=goods&op=comments_list ) 
ERR: Db Error: Unknown column 'geval_image_again' in 'where clause'
SELECT COUNT(*) AS nc_count FROM `zmkj_evaluate_goods` WHERE ( geval_goodsid = '107395' ) AND ( (geval_image <> '') OR (geval_image_again <> '') ) LIMIT 1  
[2018-12-29 14:19:27] /shop/index.php?act=goods&op=comments_list&goods_id=106618 ( act=goods&op=comments_list ) 
ERR: Db Error: Unknown column 'geval_image_again' in 'where clause'
SELECT COUNT(*) AS nc_count FROM `zmkj_evaluate_goods` WHERE ( geval_goodsid = '106618' ) AND ( (geval_image <> '') OR (geval_image_again <> '') ) LIMIT 1  
[2018-12-29 14:28:14] /shop/index.php?act=goods&op=comments_list&goods_id=101904&type=1 ( act=goods&op=comments_list ) 
ERR: Db Error: Unknown column 'geval_image_again' in 'where clause'
SELECT COUNT(*) AS nc_count FROM `zmkj_evaluate_goods` WHERE ( geval_goodsid = '101904' ) AND ( (geval_image <> '') OR (geval_image_again <> '') ) LIMIT 1  
[2018-12-29 15:00:50] /shop/index.php?act=goods&op=comments_list&goods_id=102537&type=1 ( act=goods&op=comments_list ) 
ERR: Db Error: Unknown column 'geval_image_again' in 'where clause'
SELECT COUNT(*) AS nc_count FROM `zmkj_evaluate_goods` WHERE ( geval_goodsid = '102537' ) AND ( (geval_image <> '') OR (geval_image_again <> '') ) LIMIT 1  
[2018-12-29 15:15:17] /shop/index.php?act=goods&op=comments_list&goods_id=101363 ( act=goods&op=comments_list ) 
ERR: Db Error: Unknown column 'geval_image_again' in 'where clause'
SELECT COUNT(*) AS nc_count FROM `zmkj_evaluate_goods` WHERE ( geval_goodsid = '101363' ) AND ( (geval_image <> '') OR (geval_image_again <> '') ) LIMIT 1  
[2018-12-29 15:17:15] /shop/index.php?act=goods&op=comments_list&goods_id=100654 ( act=goods&op=comments_list ) 
ERR: Db Error: Unknown column 'geval_image_again' in 'where clause'
SELECT COUNT(*) AS nc_count FROM `zmkj_evaluate_goods` WHERE ( geval_goodsid = '100654' ) AND ( (geval_image <> '') OR (geval_image_again <> '') ) LIMIT 1  
[2018-12-29 15:19:14] /shop/index.php?act=goods&op=comments_list&goods_id=101387 ( act=goods&op=comments_list ) 
ERR: Db Error: Unknown column 'geval_image_again' in 'where clause'
SELECT COUNT(*) AS nc_count FROM `zmkj_evaluate_goods` WHERE ( geval_goodsid = '101387' ) AND ( (geval_image <> '') OR (geval_image_again <> '') ) LIMIT 1  
[2018-12-29 15:35:02] /shop/index.php?act=goods&op=comments_list&goods_id=100763 ( act=goods&op=comments_list ) 
ERR: Db Error: Unknown column 'geval_image_again' in 'where clause'
SELECT COUNT(*) AS nc_count FROM `zmkj_evaluate_goods` WHERE ( geval_goodsid = '100763' ) AND ( (geval_image <> '') OR (geval_image_again <> '') ) LIMIT 1  
[2018-12-29 15:48:48] /shop/index.php?act=goods&op=comments_list&goods_id=102065 ( act=goods&op=comments_list ) 
ERR: Db Error: Unknown column 'geval_image_again' in 'where clause'
SELECT COUNT(*) AS nc_count FROM `zmkj_evaluate_goods` WHERE ( geval_goodsid = '102065' ) AND ( (geval_image <> '') OR (geval_image_again <> '') ) LIMIT 1  
[2018-12-29 15:58:44] /shop/index.php?act=goods&op=comments_list&goods_id=102667&type=1 ( act=goods&op=comments_list ) 
ERR: Db Error: Unknown column 'geval_image_again' in 'where clause'
SELECT COUNT(*) AS nc_count FROM `zmkj_evaluate_goods` WHERE ( geval_goodsid = '102667' ) AND ( (geval_image <> '') OR (geval_image_again <> '') ) LIMIT 1  
[2018-12-29 16:28:21] /shop/index.php?act=goods&op=comments_list&goods_id=101429 ( act=goods&op=comments_list ) 
ERR: Db Error: Unknown column 'geval_image_again' in 'where clause'
SELECT COUNT(*) AS nc_count FROM `zmkj_evaluate_goods` WHERE ( geval_goodsid = '101429' ) AND ( (geval_image <> '') OR (geval_image_again <> '') ) LIMIT 1  
[2018-12-29 16:43:16] /shop/index.php?act=goods&op=comments_list&goods_id=103249 ( act=goods&op=comments_list ) 
ERR: Db Error: Unknown column 'geval_image_again' in 'where clause'
SELECT COUNT(*) AS nc_count FROM `zmkj_evaluate_goods` WHERE ( geval_goodsid = '103249' ) AND ( (geval_image <> '') OR (geval_image_again <> '') ) LIMIT 1  
[2018-12-29 17:02:51] /shop/index.php?act=goods&op=comments_list&goods_id=101400 ( act=goods&op=comments_list ) 
ERR: Db Error: Unknown column 'geval_image_again' in 'where clause'
SELECT COUNT(*) AS nc_count FROM `zmkj_evaluate_goods` WHERE ( geval_goodsid = '101400' ) AND ( (geval_image <> '') OR (geval_image_again <> '') ) LIMIT 1  
[2018-12-29 17:37:32] /shop/index.php?act=goods&op=comments_list&goods_id=105594 ( act=goods&op=comments_list ) 
ERR: Db Error: Unknown column 'geval_image_again' in 'where clause'
SELECT COUNT(*) AS nc_count FROM `zmkj_evaluate_goods` WHERE ( geval_goodsid = '105594' ) AND ( (geval_image <> '') OR (geval_image_again <> '') ) LIMIT 1  
[2018-12-29 17:53:43] /shop/index.php?act=goods&op=comments_list&goods_id=101510 ( act=goods&op=comments_list ) 
ERR: Db Error: Unknown column 'geval_image_again' in 'where clause'
SELECT COUNT(*) AS nc_count FROM `zmkj_evaluate_goods` WHERE ( geval_goodsid = '101510' ) AND ( (geval_image <> '') OR (geval_image_again <> '') ) LIMIT 1  
[2018-12-29 18:41:33] /shop/index.php?act=goods&op=comments_list&goods_id=101419 ( act=goods&op=comments_list ) 
ERR: Db Error: Unknown column 'geval_image_again' in 'where clause'
SELECT COUNT(*) AS nc_count FROM `zmkj_evaluate_goods` WHERE ( geval_goodsid = '101419' ) AND ( (geval_image <> '') OR (geval_image_again <> '') ) LIMIT 1  
[2018-12-29 19:06:27] /shop/index.php?act=goods&op=comments_list&goods_id=102107 ( act=goods&op=comments_list ) 
ERR: Db Error: Unknown column 'geval_image_again' in 'where clause'
SELECT COUNT(*) AS nc_count FROM `zmkj_evaluate_goods` WHERE ( geval_goodsid = '102107' ) AND ( (geval_image <> '') OR (geval_image_again <> '') ) LIMIT 1  
[2018-12-29 19:14:13] /shop/index.php?act=goods&op=comments_list&goods_id=101553 ( act=goods&op=comments_list ) 
ERR: Db Error: Unknown column 'geval_image_again' in 'where clause'
SELECT COUNT(*) AS nc_count FROM `zmkj_evaluate_goods` WHERE ( geval_goodsid = '101553' ) AND ( (geval_image <> '') OR (geval_image_again <> '') ) LIMIT 1  
[2018-12-29 20:07:07] /shop/index.php?act=goods&op=comments_list&goods_id=102780 ( act=goods&op=comments_list ) 
ERR: Db Error: Unknown column 'geval_image_again' in 'where clause'
SELECT COUNT(*) AS nc_count FROM `zmkj_evaluate_goods` WHERE ( geval_goodsid = '102780' ) AND ( (geval_image <> '') OR (geval_image_again <> '') ) LIMIT 1  
[2018-12-29 21:16:36] /shop/index.php?act=goods&op=comments_list&goods_id=104256&type=2 ( act=goods&op=comments_list ) 
ERR: Db Error: Unknown column 'geval_image_again' in 'where clause'
SELECT COUNT(*) AS nc_count FROM `zmkj_evaluate_goods` WHERE ( geval_goodsid = '104256' ) AND ( (geval_image <> '') OR (geval_image_again <> '') ) LIMIT 1  
[2018-12-29 21:26:16] /shop/index.php?act=goods&op=comments_list&goods_id=101444 ( act=goods&op=comments_list ) 
ERR: Db Error: Unknown column 'geval_image_again' in 'where clause'
SELECT COUNT(*) AS nc_count FROM `zmkj_evaluate_goods` WHERE ( geval_goodsid = '101444' ) AND ( (geval_image <> '') OR (geval_image_again <> '') ) LIMIT 1  
[2018-12-29 22:18:13] /shop/index.php?act=goods&op=comments_list&goods_id=101413 ( act=goods&op=comments_list ) 
ERR: Db Error: Unknown column 'geval_image_again' in 'where clause'
SELECT COUNT(*) AS nc_count FROM `zmkj_evaluate_goods` WHERE ( geval_goodsid = '101413' ) AND ( (geval_image <> '') OR (geval_image_again <> '') ) LIMIT 1  
[2018-12-29 22:27:56] /shop/index.php?act=goods&goods_id=106365&op=comments_list ( act=goods&op=comments_list ) 
ERR: Db Error: Unknown column 'geval_image_again' in 'where clause'
SELECT COUNT(*) AS nc_count FROM `zmkj_evaluate_goods` WHERE ( geval_goodsid = '106365' ) AND ( (geval_image <> '') OR (geval_image_again <> '') ) LIMIT 1  
[2018-12-29 22:34:45] /shop/index.php?act=goods&op=comments_list&goods_id=106365 ( act=goods&op=comments_list ) 
ERR: Db Error: Unknown column 'geval_image_again' in 'where clause'
SELECT COUNT(*) AS nc_count FROM `zmkj_evaluate_goods` WHERE ( geval_goodsid = '106365' ) AND ( (geval_image <> '') OR (geval_image_again <> '') ) LIMIT 1  
[2018-12-29 22:37:06] /shop/index.php?act=goods&op=comments_list&goods_id=105318 ( act=goods&op=comments_list ) 
ERR: Db Error: Unknown column 'geval_image_again' in 'where clause'
SELECT COUNT(*) AS nc_count FROM `zmkj_evaluate_goods` WHERE ( geval_goodsid = '105318' ) AND ( (geval_image <> '') OR (geval_image_again <> '') ) LIMIT 1  
[2018-12-29 22:45:05] /shop/index.php?act=goods&op=comments_list&goods_id=103566 ( act=goods&op=comments_list ) 
ERR: Db Error: Unknown column 'geval_image_again' in 'where clause'
SELECT COUNT(*) AS nc_count FROM `zmkj_evaluate_goods` WHERE ( geval_goodsid = '103566' ) AND ( (geval_image <> '') OR (geval_image_again <> '') ) LIMIT 1  
[2018-12-29 22:59:04] /shop/index.php?act=goods&op=comments_list&goods_id=103836 ( act=goods&op=comments_list ) 
ERR: Db Error: Unknown column 'geval_image_again' in 'where clause'
SELECT COUNT(*) AS nc_count FROM `zmkj_evaluate_goods` WHERE ( geval_goodsid = '103836' ) AND ( (geval_image <> '') OR (geval_image_again <> '') ) LIMIT 1  
[2018-12-29 23:17:01] /shop/index.php?act=goods&op=comments_list&goods_id=105264 ( act=goods&op=comments_list ) 
ERR: Db Error: Unknown column 'geval_image_again' in 'where clause'
SELECT COUNT(*) AS nc_count FROM `zmkj_evaluate_goods` WHERE ( geval_goodsid = '105264' ) AND ( (geval_image <> '') OR (geval_image_again <> '') ) LIMIT 1  
[2018-12-29 23:25:00] /shop/index.php?act=goods&op=comments_list&goods_id=107256 ( act=goods&op=comments_list ) 
ERR: Db Error: Unknown column 'geval_image_again' in 'where clause'
SELECT COUNT(*) AS nc_count FROM `zmkj_evaluate_goods` WHERE ( geval_goodsid = '107256' ) AND ( (geval_image <> '') OR (geval_image_again <> '') ) LIMIT 1  
[2018-12-29 23:30:59] /shop/index.php?act=goods&op=comments_list&goods_id=107131 ( act=goods&op=comments_list ) 
ERR: Db Error: Unknown column 'geval_image_again' in 'where clause'
SELECT COUNT(*) AS nc_count FROM `zmkj_evaluate_goods` WHERE ( geval_goodsid = '107131' ) AND ( (geval_image <> '') OR (geval_image_again <> '') ) LIMIT 1  
[2018-12-29 23:34:59] /shop/index.php?act=goods&op=comments_list&goods_id=106351 ( act=goods&op=comments_list ) 
ERR: Db Error: Unknown column 'geval_image_again' in 'where clause'
SELECT COUNT(*) AS nc_count FROM `zmkj_evaluate_goods` WHERE ( geval_goodsid = '106351' ) AND ( (geval_image <> '') OR (geval_image_again <> '') ) LIMIT 1  
[2018-12-29 23:42:58] /shop/index.php?act=goods&op=comments_list&goods_id=104797 ( act=goods&op=comments_list ) 
ERR: Db Error: Unknown column 'geval_image_again' in 'where clause'
SELECT COUNT(*) AS nc_count FROM `zmkj_evaluate_goods` WHERE ( geval_goodsid = '104797' ) AND ( (geval_image <> '') OR (geval_image_again <> '') ) LIMIT 1  
[2018-12-29 23:50:27] /shop/index.php?act=goods&goods_id=104224&op=comments_list ( act=goods&op=comments_list ) 
ERR: Db Error: Unknown column 'geval_image_again' in 'where clause'
SELECT COUNT(*) AS nc_count FROM `zmkj_evaluate_goods` WHERE ( geval_goodsid = '104224' ) AND ( (geval_image <> '') OR (geval_image_again <> '') ) LIMIT 1  
[2018-12-29 23:50:29] /shop/index.php?act=goods&goods_id=107019&op=comments_list ( act=goods&op=comments_list ) 
ERR: Db Error: Unknown column 'geval_image_again' in 'where clause'
SELECT COUNT(*) AS nc_count FROM `zmkj_evaluate_goods` WHERE ( geval_goodsid = '107019' ) AND ( (geval_image <> '') OR (geval_image_again <> '') ) LIMIT 1  
