[2018-07-04 02:12:24] /shop/index.php?act=goods&goods_id=104851&op=comments_list ( act=goods&op=comments_list ) 
ERR: Db Error: Unknown column 'geval_image_again' in 'where clause'
SELECT COUNT(*) AS nc_count FROM `zmkj_evaluate_goods` WHERE ( geval_goodsid = '104851' ) AND ( (geval_image <> '') OR (geval_image_again <> '') ) LIMIT 1  
[2018-07-04 12:23:28] /shop/index.php?act=goods&op=comments_list&goods_id=104888 ( act=goods&op=comments_list ) 
ERR: Db Error: Unknown column 'geval_image_again' in 'where clause'
SELECT COUNT(*) AS nc_count FROM `zmkj_evaluate_goods` WHERE ( geval_goodsid = '104888' ) AND ( (geval_image <> '') OR (geval_image_again <> '') ) LIMIT 1  
[2018-07-04 12:27:27] /shop/index.php?act=goods&op=comments_list&goods_id=104553 ( act=goods&op=comments_list ) 
ERR: Db Error: Unknown column 'geval_image_again' in 'where clause'
SELECT COUNT(*) AS nc_count FROM `zmkj_evaluate_goods` WHERE ( geval_goodsid = '104553' ) AND ( (geval_image <> '') OR (geval_image_again <> '') ) LIMIT 1  
[2018-07-04 12:29:17] /shop/index.php?act=goods&op=comments_list&goods_id=104579 ( act=goods&op=comments_list ) 
ERR: Db Error: Unknown column 'geval_image_again' in 'where clause'
SELECT COUNT(*) AS nc_count FROM `zmkj_evaluate_goods` WHERE ( geval_goodsid = '104579' ) AND ( (geval_image <> '') OR (geval_image_again <> '') ) LIMIT 1  
[2018-07-04 12:30:13] /shop/index.php?act=goods&op=comments_list&goods_id=104553&type=2 ( act=goods&op=comments_list ) 
ERR: Db Error: Unknown column 'geval_image_again' in 'where clause'
SELECT COUNT(*) AS nc_count FROM `zmkj_evaluate_goods` WHERE ( geval_goodsid = '104553' ) AND ( (geval_image <> '') OR (geval_image_again <> '') ) LIMIT 1  
[2018-07-04 12:30:55] /shop/index.php?act=goods&op=comments_list&goods_id=104553&type=1 ( act=goods&op=comments_list ) 
ERR: Db Error: Unknown column 'geval_image_again' in 'where clause'
SELECT COUNT(*) AS nc_count FROM `zmkj_evaluate_goods` WHERE ( geval_goodsid = '104553' ) AND ( (geval_image <> '') OR (geval_image_again <> '') ) LIMIT 1  
[2018-07-04 12:31:51] /shop/index.php?act=goods&op=comments_list&goods_id=104579&type=1 ( act=goods&op=comments_list ) 
ERR: Db Error: Unknown column 'geval_image_again' in 'where clause'
SELECT COUNT(*) AS nc_count FROM `zmkj_evaluate_goods` WHERE ( geval_goodsid = '104579' ) AND ( (geval_image <> '') OR (geval_image_again <> '') ) LIMIT 1  
[2018-07-04 12:32:44] /shop/index.php?act=goods&op=comments_list&goods_id=104579&type=2 ( act=goods&op=comments_list ) 
ERR: Db Error: Unknown column 'geval_image_again' in 'where clause'
SELECT COUNT(*) AS nc_count FROM `zmkj_evaluate_goods` WHERE ( geval_goodsid = '104579' ) AND ( (geval_image <> '') OR (geval_image_again <> '') ) LIMIT 1  
[2018-07-04 12:33:34] /shop/index.php?act=goods&op=comments_list&goods_id=104553&type=3 ( act=goods&op=comments_list ) 
ERR: Db Error: Unknown column 'geval_image_again' in 'where clause'
SELECT COUNT(*) AS nc_count FROM `zmkj_evaluate_goods` WHERE ( geval_goodsid = '104553' ) AND ( (geval_image <> '') OR (geval_image_again <> '') ) LIMIT 1  
[2018-07-04 12:34:54] /shop/index.php?act=goods&op=comments_list&goods_id=104579&type=3 ( act=goods&op=comments_list ) 
ERR: Db Error: Unknown column 'geval_image_again' in 'where clause'
SELECT COUNT(*) AS nc_count FROM `zmkj_evaluate_goods` WHERE ( geval_goodsid = '104579' ) AND ( (geval_image <> '') OR (geval_image_again <> '') ) LIMIT 1  
[2018-07-04 21:36:33] /shop/index.php?act=goods&op=comments_list&goods_id=103262 ( act=goods&op=comments_list ) 
ERR: Db Error: Unknown column 'geval_image_again' in 'where clause'
SELECT COUNT(*) AS nc_count FROM `zmkj_evaluate_goods` WHERE ( geval_goodsid = '103262' ) AND ( (geval_image <> '') OR (geval_image_again <> '') ) LIMIT 1  
