[2018-01-24 02:20:42] /shop/index.php?act=goods&goods_id=100547&op=index ( act=goods&op=index ) 
ERR: Db Error: Unknown column 'geval_image_again' in 'where clause'
SELECT COUNT(*) AS nc_count FROM `zmkj_evaluate_goods` WHERE ( geval_goodsid = '100547' ) AND ( (geval_image <> '') OR (geval_image_again <> '') ) LIMIT 1  
[2018-01-24 02:23:48] /shop/index.php?act=goods&op=index&goods_id=100509 ( act=goods&op=index ) 
ERR: Db Error: Unknown column 'geval_image_again' in 'where clause'
SELECT COUNT(*) AS nc_count FROM `zmkj_evaluate_goods` WHERE ( geval_goodsid = '100509' ) AND ( (geval_image <> '') OR (geval_image_again <> '') ) LIMIT 1  
[2018-01-24 02:46:13] /shop/index.php?act=goods&goods_id=100496&op=index ( act=goods&op=index ) 
ERR: Db Error: Unknown column 'geval_image_again' in 'where clause'
SELECT COUNT(*) AS nc_count FROM `zmkj_evaluate_goods` WHERE ( geval_goodsid = '100496' ) AND ( (geval_image <> '') OR (geval_image_again <> '') ) LIMIT 1  
[2018-01-24 03:03:44] /shop/index.php?act=goods&goods_id=100592&op=index ( act=goods&op=index ) 
ERR: Db Error: Unknown column 'geval_image_again' in 'where clause'
SELECT COUNT(*) AS nc_count FROM `zmkj_evaluate_goods` WHERE ( geval_goodsid = '100592' ) AND ( (geval_image <> '') OR (geval_image_again <> '') ) LIMIT 1  
[2018-01-24 03:25:14] /shop/index.php?act=goods&goods_id=100589&op=index ( act=goods&op=index ) 
ERR: Db Error: Unknown column 'geval_image_again' in 'where clause'
SELECT COUNT(*) AS nc_count FROM `zmkj_evaluate_goods` WHERE ( geval_goodsid = '100589' ) AND ( (geval_image <> '') OR (geval_image_again <> '') ) LIMIT 1  
[2018-01-24 04:04:45] /shop/index.php?act=goods&goods_id=100590&op=index ( act=goods&op=index ) 
ERR: Db Error: Unknown column 'geval_image_again' in 'where clause'
SELECT COUNT(*) AS nc_count FROM `zmkj_evaluate_goods` WHERE ( geval_goodsid = '100590' ) AND ( (geval_image <> '') OR (geval_image_again <> '') ) LIMIT 1  
[2018-01-24 05:04:16] /shop/index.php?act=goods&goods_id=100524&op=index ( act=goods&op=index ) 
ERR: Db Error: Unknown column 'geval_image_again' in 'where clause'
SELECT COUNT(*) AS nc_count FROM `zmkj_evaluate_goods` WHERE ( geval_goodsid = '100524' ) AND ( (geval_image <> '') OR (geval_image_again <> '') ) LIMIT 1  
[2018-01-24 05:46:47] /shop/index.php?act=goods&goods_id=100445&op=index ( act=goods&op=index ) 
ERR: Db Error: Unknown column 'geval_image_again' in 'where clause'
SELECT COUNT(*) AS nc_count FROM `zmkj_evaluate_goods` WHERE ( geval_goodsid = '100445' ) AND ( (geval_image <> '') OR (geval_image_again <> '') ) LIMIT 1  
[2018-01-24 06:01:22] /shop/index.php?act=pointshop&op=index ( act=pointshop&op=index ) 
ERR: Db Error: Unknown column 'voucher_t_gettype' in 'where clause'
SELECT * FROM `zmkj_voucher_template` WHERE ( voucher_t_state = '1' ) AND ( voucher_t_gettype = '1' ) AND ( voucher_t_end_date > '1516744882' ) ORDER BY voucher_t_recommend desc,voucher_t_id desc LIMIT 1000  
[2018-01-24 06:24:18] /shop/index.php?act=goods&goods_id=100474&op=index ( act=goods&op=index ) 
ERR: Db Error: Unknown column 'geval_image_again' in 'where clause'
SELECT COUNT(*) AS nc_count FROM `zmkj_evaluate_goods` WHERE ( geval_goodsid = '100474' ) AND ( (geval_image <> '') OR (geval_image_again <> '') ) LIMIT 1  
[2018-01-24 06:48:18] /shop/index.php?act=goods&goods_id=100451&op=index ( act=goods&op=index ) 
ERR: Db Error: Unknown column 'geval_image_again' in 'where clause'
SELECT COUNT(*) AS nc_count FROM `zmkj_evaluate_goods` WHERE ( geval_goodsid = '100451' ) AND ( (geval_image <> '') OR (geval_image_again <> '') ) LIMIT 1  
[2018-01-24 07:08:49] /shop/index.php?act=goods&goods_id=100591&op=index ( act=goods&op=index ) 
ERR: Db Error: Unknown column 'geval_image_again' in 'where clause'
SELECT COUNT(*) AS nc_count FROM `zmkj_evaluate_goods` WHERE ( geval_goodsid = '100591' ) AND ( (geval_image <> '') OR (geval_image_again <> '') ) LIMIT 1  
[2018-01-24 07:24:49] /shop/index.php?act=goods&goods_id=100492&op=index ( act=goods&op=index ) 
ERR: Db Error: Unknown column 'geval_image_again' in 'where clause'
SELECT COUNT(*) AS nc_count FROM `zmkj_evaluate_goods` WHERE ( geval_goodsid = '100492' ) AND ( (geval_image <> '') OR (geval_image_again <> '') ) LIMIT 1  
[2018-01-24 08:06:50] /shop/index.php?act=goods&goods_id=100463&op=index ( act=goods&op=index ) 
ERR: Db Error: Unknown column 'geval_image_again' in 'where clause'
SELECT COUNT(*) AS nc_count FROM `zmkj_evaluate_goods` WHERE ( geval_goodsid = '100463' ) AND ( (geval_image <> '') OR (geval_image_again <> '') ) LIMIT 1  
[2018-01-24 08:26:50] /shop/index.php?act=goods&goods_id=100585&op=index ( act=goods&op=index ) 
ERR: Db Error: Unknown column 'geval_image_again' in 'where clause'
SELECT COUNT(*) AS nc_count FROM `zmkj_evaluate_goods` WHERE ( geval_goodsid = '100585' ) AND ( (geval_image <> '') OR (geval_image_again <> '') ) LIMIT 1  
[2018-01-24 08:35:51] /shop/index.php?act=goods&op=index&goods_id=100521 ( act=goods&op=index ) 
ERR: Db Error: Unknown column 'geval_image_again' in 'where clause'
SELECT COUNT(*) AS nc_count FROM `zmkj_evaluate_goods` WHERE ( geval_goodsid = '100521' ) AND ( (geval_image <> '') OR (geval_image_again <> '') ) LIMIT 1  
[2018-01-24 08:36:49] /shop/index.php?act=goods&op=index&goods_id=100521 ( act=goods&op=index ) 
ERR: Db Error: Unknown column 'geval_image_again' in 'where clause'
SELECT COUNT(*) AS nc_count FROM `zmkj_evaluate_goods` WHERE ( geval_goodsid = '100521' ) AND ( (geval_image <> '') OR (geval_image_again <> '') ) LIMIT 1  
[2018-01-24 08:46:11] /shop/index.php?act=goods&goods_id=100455&op=index ( act=goods&op=index ) 
ERR: Db Error: Unknown column 'geval_image_again' in 'where clause'
SELECT COUNT(*) AS nc_count FROM `zmkj_evaluate_goods` WHERE ( geval_goodsid = '100455' ) AND ( (geval_image <> '') OR (geval_image_again <> '') ) LIMIT 1  
[2018-01-24 09:07:11] /shop/index.php?act=goods&goods_id=100067&op=index ( act=goods&op=index ) 
ERR: Db Error: Unknown column 'geval_image_again' in 'where clause'
SELECT COUNT(*) AS nc_count FROM `zmkj_evaluate_goods` WHERE ( geval_goodsid = '100067' ) AND ( (geval_image <> '') OR (geval_image_again <> '') ) LIMIT 1  
[2018-01-24 09:08:48] /shop/index.php?act=goods&op=index&goods_id=100601 ( act=goods&op=index ) 
ERR: Db Error: Unknown column 'geval_image_again' in 'where clause'
SELECT COUNT(*) AS nc_count FROM `zmkj_evaluate_goods` WHERE ( geval_goodsid = '100601' ) AND ( (geval_image <> '') OR (geval_image_again <> '') ) LIMIT 1  
[2018-01-24 09:19:35] /shop/index.php?act=goods&op=index&goods_id=100590 ( act=goods&op=index ) 
ERR: Db Error: Unknown column 'geval_image_again' in 'where clause'
SELECT COUNT(*) AS nc_count FROM `zmkj_evaluate_goods` WHERE ( geval_goodsid = '100590' ) AND ( (geval_image <> '') OR (geval_image_again <> '') ) LIMIT 1  
[2018-01-24 09:29:48] /shop/index.php?act=goods&op=index&goods_id=100174 ( act=goods&op=index ) 
ERR: Db Error: Unknown column 'geval_image_again' in 'where clause'
SELECT COUNT(*) AS nc_count FROM `zmkj_evaluate_goods` WHERE ( geval_goodsid = '100174' ) AND ( (geval_image <> '') OR (geval_image_again <> '') ) LIMIT 1  
[2018-01-24 09:33:18] /shop/index.php?act=goods&op=index&goods_id=100590 ( act=goods&op=index ) 
ERR: Db Error: Unknown column 'geval_image_again' in 'where clause'
SELECT COUNT(*) AS nc_count FROM `zmkj_evaluate_goods` WHERE ( geval_goodsid = '100590' ) AND ( (geval_image <> '') OR (geval_image_again <> '') ) LIMIT 1  
[2018-01-24 09:35:05] /shop/index.php?act=goods&op=index&goods_id=100600 ( act=goods&op=index ) 
ERR: Db Error: Unknown column 'geval_image_again' in 'where clause'
SELECT COUNT(*) AS nc_count FROM `zmkj_evaluate_goods` WHERE ( geval_goodsid = '100600' ) AND ( (geval_image <> '') OR (geval_image_again <> '') ) LIMIT 1  
[2018-01-24 09:35:34] /shop/index.php?act=goods&op=index&goods_id=100602 ( act=goods&op=index ) 
ERR: Db Error: Unknown column 'geval_image_again' in 'where clause'
SELECT COUNT(*) AS nc_count FROM `zmkj_evaluate_goods` WHERE ( geval_goodsid = '100602' ) AND ( (geval_image <> '') OR (geval_image_again <> '') ) LIMIT 1  
[2018-01-24 09:36:03] /shop/index.php?act=goods&op=index&goods_id=100601 ( act=goods&op=index ) 
ERR: Db Error: Unknown column 'geval_image_again' in 'where clause'
SELECT COUNT(*) AS nc_count FROM `zmkj_evaluate_goods` WHERE ( geval_goodsid = '100601' ) AND ( (geval_image <> '') OR (geval_image_again <> '') ) LIMIT 1  
[2018-01-24 09:38:38] /shop/index.php?act=goods&op=index&goods_id=100602 ( act=goods&op=index ) 
ERR: Db Error: Unknown column 'geval_image_again' in 'where clause'
SELECT COUNT(*) AS nc_count FROM `zmkj_evaluate_goods` WHERE ( geval_goodsid = '100602' ) AND ( (geval_image <> '') OR (geval_image_again <> '') ) LIMIT 1  
[2018-01-24 09:40:21] /shop/index.php?act=goods&op=index&goods_id=100552 ( act=goods&op=index ) 
ERR: Db Error: Unknown column 'geval_image_again' in 'where clause'
SELECT COUNT(*) AS nc_count FROM `zmkj_evaluate_goods` WHERE ( geval_goodsid = '100552' ) AND ( (geval_image <> '') OR (geval_image_again <> '') ) LIMIT 1  
[2018-01-24 09:41:43] /shop/index.php?act=goods&op=index&goods_id=100589 ( act=goods&op=index ) 
ERR: Db Error: Unknown column 'geval_image_again' in 'where clause'
SELECT COUNT(*) AS nc_count FROM `zmkj_evaluate_goods` WHERE ( geval_goodsid = '100589' ) AND ( (geval_image <> '') OR (geval_image_again <> '') ) LIMIT 1  
[2018-01-24 09:41:43] /shop/index.php?act=goods&op=index&goods_id=100589 ( act=goods&op=index ) 
ERR: Db Error: Unknown column 'geval_image_again' in 'where clause'
SELECT COUNT(*) AS nc_count FROM `zmkj_evaluate_goods` WHERE ( geval_goodsid = '100589' ) AND ( (geval_image <> '') OR (geval_image_again <> '') ) LIMIT 1  
[2018-01-24 09:42:52] /shop/index.php?act=goods&op=index&goods_id=100602 ( act=goods&op=index ) 
ERR: Db Error: Unknown column 'geval_image_again' in 'where clause'
SELECT COUNT(*) AS nc_count FROM `zmkj_evaluate_goods` WHERE ( geval_goodsid = '100602' ) AND ( (geval_image <> '') OR (geval_image_again <> '') ) LIMIT 1  
[2018-01-24 09:42:59] /shop/index.php?act=goods&op=index&goods_id=100601 ( act=goods&op=index ) 
ERR: Db Error: Unknown column 'geval_image_again' in 'where clause'
SELECT COUNT(*) AS nc_count FROM `zmkj_evaluate_goods` WHERE ( geval_goodsid = '100601' ) AND ( (geval_image <> '') OR (geval_image_again <> '') ) LIMIT 1  
[2018-01-24 09:43:49] /shop/index.php?act=goods&op=index&goods_id=100602 ( act=goods&op=index ) 
ERR: Db Error: Unknown column 'geval_image_again' in 'where clause'
SELECT COUNT(*) AS nc_count FROM `zmkj_evaluate_goods` WHERE ( geval_goodsid = '100602' ) AND ( (geval_image <> '') OR (geval_image_again <> '') ) LIMIT 1  
[2018-01-24 09:45:21] /shop/index.php?act=goods&op=index&goods_id=100602 ( act=goods&op=index ) 
ERR: Db Error: Unknown column 'geval_image_again' in 'where clause'
SELECT COUNT(*) AS nc_count FROM `zmkj_evaluate_goods` WHERE ( geval_goodsid = '100602' ) AND ( (geval_image <> '') OR (geval_image_again <> '') ) LIMIT 1  
[2018-01-24 09:45:34] /shop/index.php?act=goods&op=index&goods_id=100601 ( act=goods&op=index ) 
ERR: Db Error: Unknown column 'geval_image_again' in 'where clause'
SELECT COUNT(*) AS nc_count FROM `zmkj_evaluate_goods` WHERE ( geval_goodsid = '100601' ) AND ( (geval_image <> '') OR (geval_image_again <> '') ) LIMIT 1  
[2018-01-24 09:45:37] /shop/index.php?act=goods&op=index&goods_id=100602 ( act=goods&op=index ) 
ERR: Db Error: Unknown column 'geval_image_again' in 'where clause'
SELECT COUNT(*) AS nc_count FROM `zmkj_evaluate_goods` WHERE ( geval_goodsid = '100602' ) AND ( (geval_image <> '') OR (geval_image_again <> '') ) LIMIT 1  
[2018-01-24 09:45:39] /shop/index.php?act=goods&op=index&goods_id=100601 ( act=goods&op=index ) 
ERR: Db Error: Unknown column 'geval_image_again' in 'where clause'
SELECT COUNT(*) AS nc_count FROM `zmkj_evaluate_goods` WHERE ( geval_goodsid = '100601' ) AND ( (geval_image <> '') OR (geval_image_again <> '') ) LIMIT 1  
[2018-01-24 09:46:08] /shop/index.php?act=goods&op=index&goods_id=100589 ( act=goods&op=index ) 
ERR: Db Error: Unknown column 'geval_image_again' in 'where clause'
SELECT COUNT(*) AS nc_count FROM `zmkj_evaluate_goods` WHERE ( geval_goodsid = '100589' ) AND ( (geval_image <> '') OR (geval_image_again <> '') ) LIMIT 1  
[2018-01-24 09:51:25] /shop/index.php?act=goods&op=index&goods_id=100590 ( act=goods&op=index ) 
ERR: Db Error: Unknown column 'geval_image_again' in 'where clause'
SELECT COUNT(*) AS nc_count FROM `zmkj_evaluate_goods` WHERE ( geval_goodsid = '100590' ) AND ( (geval_image <> '') OR (geval_image_again <> '') ) LIMIT 1  
[2018-01-24 09:54:10] /shop/index.php?act=goods&op=index&goods_id=100603 ( act=goods&op=index ) 
ERR: Db Error: Unknown column 'geval_image_again' in 'where clause'
SELECT COUNT(*) AS nc_count FROM `zmkj_evaluate_goods` WHERE ( geval_goodsid = '100603' ) AND ( (geval_image <> '') OR (geval_image_again <> '') ) LIMIT 1  
[2018-01-24 09:58:41] /shop/index.php?act=goods&op=index&goods_id=100602 ( act=goods&op=index ) 
ERR: Db Error: Unknown column 'geval_image_again' in 'where clause'
SELECT COUNT(*) AS nc_count FROM `zmkj_evaluate_goods` WHERE ( geval_goodsid = '100602' ) AND ( (geval_image <> '') OR (geval_image_again <> '') ) LIMIT 1  
[2018-01-24 09:58:52] /shop/index.php?act=goods&op=index&goods_id=100591 ( act=goods&op=index ) 
ERR: Db Error: Unknown column 'geval_image_again' in 'where clause'
SELECT COUNT(*) AS nc_count FROM `zmkj_evaluate_goods` WHERE ( geval_goodsid = '100591' ) AND ( (geval_image <> '') OR (geval_image_again <> '') ) LIMIT 1  
[2018-01-24 09:59:22] /shop/index.php?act=goods&op=index&goods_id=100591 ( act=goods&op=index ) 
ERR: Db Error: Unknown column 'geval_image_again' in 'where clause'
SELECT COUNT(*) AS nc_count FROM `zmkj_evaluate_goods` WHERE ( geval_goodsid = '100591' ) AND ( (geval_image <> '') OR (geval_image_again <> '') ) LIMIT 1  
[2018-01-24 09:59:39] /shop/index.php?act=goods&op=index&goods_id=100602 ( act=goods&op=index ) 
ERR: Db Error: Unknown column 'geval_image_again' in 'where clause'
SELECT COUNT(*) AS nc_count FROM `zmkj_evaluate_goods` WHERE ( geval_goodsid = '100602' ) AND ( (geval_image <> '') OR (geval_image_again <> '') ) LIMIT 1  
[2018-01-24 10:02:07] /shop/index.php?act=goods&op=index&goods_id=100603 ( act=goods&op=index ) 
ERR: Db Error: Unknown column 'geval_image_again' in 'where clause'
SELECT COUNT(*) AS nc_count FROM `zmkj_evaluate_goods` WHERE ( geval_goodsid = '100603' ) AND ( (geval_image <> '') OR (geval_image_again <> '') ) LIMIT 1  
[2018-01-24 10:17:51] /shop/index.php?act=goods&op=index&goods_id=100590 ( act=goods&op=index ) 
ERR: Db Error: Unknown column 'geval_image_again' in 'where clause'
SELECT COUNT(*) AS nc_count FROM `zmkj_evaluate_goods` WHERE ( geval_goodsid = '100590' ) AND ( (geval_image <> '') OR (geval_image_again <> '') ) LIMIT 1  
[2018-01-24 10:18:49] /shop/index.php?act=goods&op=index&goods_id=100590 ( act=goods&op=index ) 
ERR: Db Error: Unknown column 'geval_image_again' in 'where clause'
SELECT COUNT(*) AS nc_count FROM `zmkj_evaluate_goods` WHERE ( geval_goodsid = '100590' ) AND ( (geval_image <> '') OR (geval_image_again <> '') ) LIMIT 1  
[2018-01-24 10:19:57] /shop/index.php?act=goods&op=index&goods_id=100589 ( act=goods&op=index ) 
ERR: Db Error: Unknown column 'geval_image_again' in 'where clause'
SELECT COUNT(*) AS nc_count FROM `zmkj_evaluate_goods` WHERE ( geval_goodsid = '100589' ) AND ( (geval_image <> '') OR (geval_image_again <> '') ) LIMIT 1  
[2018-01-24 10:20:57] /shop/index.php?act=goods&op=index&goods_id=100602 ( act=goods&op=index ) 
ERR: Db Error: Unknown column 'geval_image_again' in 'where clause'
SELECT COUNT(*) AS nc_count FROM `zmkj_evaluate_goods` WHERE ( geval_goodsid = '100602' ) AND ( (geval_image <> '') OR (geval_image_again <> '') ) LIMIT 1  
[2018-01-24 10:23:49] /shop/index.php?act=goods&op=index&goods_id=100600 ( act=goods&op=index ) 
ERR: Db Error: Unknown column 'geval_image_again' in 'where clause'
SELECT COUNT(*) AS nc_count FROM `zmkj_evaluate_goods` WHERE ( geval_goodsid = '100600' ) AND ( (geval_image <> '') OR (geval_image_again <> '') ) LIMIT 1  
[2018-01-24 10:24:49] /shop/index.php?act=goods&op=index&goods_id=100600 ( act=goods&op=index ) 
ERR: Db Error: Unknown column 'geval_image_again' in 'where clause'
SELECT COUNT(*) AS nc_count FROM `zmkj_evaluate_goods` WHERE ( geval_goodsid = '100600' ) AND ( (geval_image <> '') OR (geval_image_again <> '') ) LIMIT 1  
[2018-01-24 10:26:03] /shop/index.php?act=goods&op=index&goods_id=100592 ( act=goods&op=index ) 
ERR: Db Error: Unknown column 'geval_image_again' in 'where clause'
SELECT COUNT(*) AS nc_count FROM `zmkj_evaluate_goods` WHERE ( geval_goodsid = '100592' ) AND ( (geval_image <> '') OR (geval_image_again <> '') ) LIMIT 1  
[2018-01-24 10:27:17] /shop/index.php?act=goods&op=index&goods_id=100591 ( act=goods&op=index ) 
ERR: Db Error: Unknown column 'geval_image_again' in 'where clause'
SELECT COUNT(*) AS nc_count FROM `zmkj_evaluate_goods` WHERE ( geval_goodsid = '100591' ) AND ( (geval_image <> '') OR (geval_image_again <> '') ) LIMIT 1  
[2018-01-24 10:28:17] /shop/index.php?act=goods&op=index&goods_id=100591 ( act=goods&op=index ) 
ERR: Db Error: Unknown column 'geval_image_again' in 'where clause'
SELECT COUNT(*) AS nc_count FROM `zmkj_evaluate_goods` WHERE ( geval_goodsid = '100591' ) AND ( (geval_image <> '') OR (geval_image_again <> '') ) LIMIT 1  
[2018-01-24 10:29:19] /shop/index.php?act=goods&op=index&goods_id=100604 ( act=goods&op=index ) 
ERR: Db Error: Unknown column 'geval_image_again' in 'where clause'
SELECT COUNT(*) AS nc_count FROM `zmkj_evaluate_goods` WHERE ( geval_goodsid = '100604' ) AND ( (geval_image <> '') OR (geval_image_again <> '') ) LIMIT 1  
[2018-01-24 10:30:02] /shop/index.php?act=goods&op=index&goods_id=100590 ( act=goods&op=index ) 
ERR: Db Error: Unknown column 'geval_image_again' in 'where clause'
SELECT COUNT(*) AS nc_count FROM `zmkj_evaluate_goods` WHERE ( geval_goodsid = '100590' ) AND ( (geval_image <> '') OR (geval_image_again <> '') ) LIMIT 1  
[2018-01-24 10:34:36] /shop/index.php?act=goods&op=index&goods_id=100607 ( act=goods&op=index ) 
ERR: Db Error: Unknown column 'geval_image_again' in 'where clause'
SELECT COUNT(*) AS nc_count FROM `zmkj_evaluate_goods` WHERE ( geval_goodsid = '100607' ) AND ( (geval_image <> '') OR (geval_image_again <> '') ) LIMIT 1  
[2018-01-24 10:35:34] /shop/index.php?act=goods&op=index&goods_id=100607 ( act=goods&op=index ) 
ERR: Db Error: Unknown column 'geval_image_again' in 'where clause'
SELECT COUNT(*) AS nc_count FROM `zmkj_evaluate_goods` WHERE ( geval_goodsid = '100607' ) AND ( (geval_image <> '') OR (geval_image_again <> '') ) LIMIT 1  
[2018-01-24 10:38:20] /shop/index.php?act=goods&op=index&goods_id=100608 ( act=goods&op=index ) 
ERR: Db Error: Unknown column 'geval_image_again' in 'where clause'
SELECT COUNT(*) AS nc_count FROM `zmkj_evaluate_goods` WHERE ( geval_goodsid = '100608' ) AND ( (geval_image <> '') OR (geval_image_again <> '') ) LIMIT 1  
[2018-01-24 11:05:13] /shop/index.php?act=goods&op=index&goods_id=100540 ( act=goods&op=index ) 
ERR: Db Error: Unknown column 'geval_image_again' in 'where clause'
SELECT COUNT(*) AS nc_count FROM `zmkj_evaluate_goods` WHERE ( geval_goodsid = '100540' ) AND ( (geval_image <> '') OR (geval_image_again <> '') ) LIMIT 1  
[2018-01-24 11:06:12] /shop/index.php?act=goods&op=index&goods_id=100540 ( act=goods&op=index ) 
ERR: Db Error: Unknown column 'geval_image_again' in 'where clause'
SELECT COUNT(*) AS nc_count FROM `zmkj_evaluate_goods` WHERE ( geval_goodsid = '100540' ) AND ( (geval_image <> '') OR (geval_image_again <> '') ) LIMIT 1  
[2018-01-24 11:07:44] /shop/index.php?act=goods&goods_id=100024&op=index ( act=goods&op=index ) 
ERR: Db Error: Unknown column 'geval_image_again' in 'where clause'
SELECT COUNT(*) AS nc_count FROM `zmkj_evaluate_goods` WHERE ( geval_goodsid = '100024' ) AND ( (geval_image <> '') OR (geval_image_again <> '') ) LIMIT 1  
[2018-01-24 11:16:24] /shop/index.php?act=goods&op=index&goods_id=100610 ( act=goods&op=index ) 
ERR: Db Error: Unknown column 'geval_image_again' in 'where clause'
SELECT COUNT(*) AS nc_count FROM `zmkj_evaluate_goods` WHERE ( geval_goodsid = '100610' ) AND ( (geval_image <> '') OR (geval_image_again <> '') ) LIMIT 1  
[2018-01-24 11:19:39] /shop/index.php?act=goods&op=index&goods_id=100538 ( act=goods&op=index ) 
ERR: Db Error: Unknown column 'geval_image_again' in 'where clause'
SELECT COUNT(*) AS nc_count FROM `zmkj_evaluate_goods` WHERE ( geval_goodsid = '100538' ) AND ( (geval_image <> '') OR (geval_image_again <> '') ) LIMIT 1  
[2018-01-24 11:20:37] /shop/index.php?act=goods&op=index&goods_id=100538 ( act=goods&op=index ) 
ERR: Db Error: Unknown column 'geval_image_again' in 'where clause'
SELECT COUNT(*) AS nc_count FROM `zmkj_evaluate_goods` WHERE ( geval_goodsid = '100538' ) AND ( (geval_image <> '') OR (geval_image_again <> '') ) LIMIT 1  
[2018-01-24 11:20:58] /shop/index.php?act=goods&op=index&goods_id=100530 ( act=goods&op=index ) 
ERR: Db Error: Unknown column 'geval_image_again' in 'where clause'
SELECT COUNT(*) AS nc_count FROM `zmkj_evaluate_goods` WHERE ( geval_goodsid = '100530' ) AND ( (geval_image <> '') OR (geval_image_again <> '') ) LIMIT 1  
[2018-01-24 11:21:56] /shop/index.php?act=goods&op=index&goods_id=100530 ( act=goods&op=index ) 
ERR: Db Error: Unknown column 'geval_image_again' in 'where clause'
SELECT COUNT(*) AS nc_count FROM `zmkj_evaluate_goods` WHERE ( geval_goodsid = '100530' ) AND ( (geval_image <> '') OR (geval_image_again <> '') ) LIMIT 1  
[2018-01-24 11:22:06] /shop/index.php?act=goods&op=index&goods_id=100541 ( act=goods&op=index ) 
ERR: Db Error: Unknown column 'geval_image_again' in 'where clause'
SELECT COUNT(*) AS nc_count FROM `zmkj_evaluate_goods` WHERE ( geval_goodsid = '100541' ) AND ( (geval_image <> '') OR (geval_image_again <> '') ) LIMIT 1  
[2018-01-24 11:23:04] /shop/index.php?act=goods&op=index&goods_id=100541 ( act=goods&op=index ) 
ERR: Db Error: Unknown column 'geval_image_again' in 'where clause'
SELECT COUNT(*) AS nc_count FROM `zmkj_evaluate_goods` WHERE ( geval_goodsid = '100541' ) AND ( (geval_image <> '') OR (geval_image_again <> '') ) LIMIT 1  
[2018-01-24 11:39:00] /shop/index.php?act=goods&op=index&goods_id=100610 ( act=goods&op=index ) 
ERR: Db Error: Unknown column 'geval_image_again' in 'where clause'
SELECT COUNT(*) AS nc_count FROM `zmkj_evaluate_goods` WHERE ( geval_goodsid = '100610' ) AND ( (geval_image <> '') OR (geval_image_again <> '') ) LIMIT 1  
[2018-01-24 11:39:58] /shop/index.php?act=goods&op=index&goods_id=100610 ( act=goods&op=index ) 
ERR: Db Error: Unknown column 'geval_image_again' in 'where clause'
SELECT COUNT(*) AS nc_count FROM `zmkj_evaluate_goods` WHERE ( geval_goodsid = '100610' ) AND ( (geval_image <> '') OR (geval_image_again <> '') ) LIMIT 1  
[2018-01-24 11:51:27] /shop/index.php?act=goods&op=index&goods_id=100611 ( act=goods&op=index ) 
ERR: Db Error: Unknown column 'geval_image_again' in 'where clause'
SELECT COUNT(*) AS nc_count FROM `zmkj_evaluate_goods` WHERE ( geval_goodsid = '100611' ) AND ( (geval_image <> '') OR (geval_image_again <> '') ) LIMIT 1  
[2018-01-24 11:51:42] /shop/index.php?act=goods&op=index&goods_id=100612 ( act=goods&op=index ) 
ERR: Db Error: Unknown column 'geval_image_again' in 'where clause'
SELECT COUNT(*) AS nc_count FROM `zmkj_evaluate_goods` WHERE ( geval_goodsid = '100612' ) AND ( (geval_image <> '') OR (geval_image_again <> '') ) LIMIT 1  
[2018-01-24 11:51:45] /shop/index.php?act=goods&op=index&goods_id=100613 ( act=goods&op=index ) 
ERR: Db Error: Unknown column 'geval_image_again' in 'where clause'
SELECT COUNT(*) AS nc_count FROM `zmkj_evaluate_goods` WHERE ( geval_goodsid = '100613' ) AND ( (geval_image <> '') OR (geval_image_again <> '') ) LIMIT 1  
[2018-01-24 13:17:26] /shop/index.php?act=pointshop&op=index ( act=pointshop&op=index ) 
ERR: Db Error: Unknown column 'voucher_t_gettype' in 'where clause'
SELECT * FROM `zmkj_voucher_template` WHERE ( voucher_t_state = '1' ) AND ( voucher_t_gettype = '1' ) AND ( voucher_t_end_date > '1516771046' ) ORDER BY voucher_t_recommend desc,voucher_t_id desc LIMIT 1000  
[2018-01-24 13:18:26] /shop/index.php?act=pointshop&op=index ( act=pointshop&op=index ) 
ERR: Db Error: Unknown column 'voucher_t_gettype' in 'where clause'
SELECT * FROM `zmkj_voucher_template` WHERE ( voucher_t_state = '1' ) AND ( voucher_t_gettype = '1' ) AND ( voucher_t_end_date > '1516771106' ) ORDER BY voucher_t_recommend desc,voucher_t_id desc LIMIT 1000  
[2018-01-24 13:31:11] /shop/index.php?act=goods&op=index&goods_id=100159 ( act=goods&op=index ) 
ERR: Db Error: Unknown column 'geval_image_again' in 'where clause'
SELECT COUNT(*) AS nc_count FROM `zmkj_evaluate_goods` WHERE ( geval_goodsid = '100159' ) AND ( (geval_image <> '') OR (geval_image_again <> '') ) LIMIT 1  
[2018-01-24 13:39:40] /shop/index.php?act=goods&op=index&goods_id=100585 ( act=goods&op=index ) 
ERR: Db Error: Unknown column 'geval_image_again' in 'where clause'
SELECT COUNT(*) AS nc_count FROM `zmkj_evaluate_goods` WHERE ( geval_goodsid = '100585' ) AND ( (geval_image <> '') OR (geval_image_again <> '') ) LIMIT 1  
[2018-01-24 13:52:42] /shop/index.php?act=goods&op=index&goods_id=100561 ( act=goods&op=index ) 
ERR: Db Error: Unknown column 'geval_image_again' in 'where clause'
SELECT COUNT(*) AS nc_count FROM `zmkj_evaluate_goods` WHERE ( geval_goodsid = '100561' ) AND ( (geval_image <> '') OR (geval_image_again <> '') ) LIMIT 1  
[2018-01-24 13:57:34] /shop/index.php?act=goods&op=index&goods_id=100561 ( act=goods&op=index ) 
ERR: Db Error: Unknown column 'geval_image_again' in 'where clause'
SELECT COUNT(*) AS nc_count FROM `zmkj_evaluate_goods` WHERE ( geval_goodsid = '100561' ) AND ( (geval_image <> '') OR (geval_image_again <> '') ) LIMIT 1  
[2018-01-24 13:58:26] /shop/index.php?act=goods&op=index&goods_id=100585 ( act=goods&op=index ) 
ERR: Db Error: Unknown column 'geval_image_again' in 'where clause'
SELECT COUNT(*) AS nc_count FROM `zmkj_evaluate_goods` WHERE ( geval_goodsid = '100585' ) AND ( (geval_image <> '') OR (geval_image_again <> '') ) LIMIT 1  
[2018-01-24 13:59:26] /shop/index.php?act=goods&op=index&goods_id=100585 ( act=goods&op=index ) 
ERR: Db Error: Unknown column 'geval_image_again' in 'where clause'
SELECT COUNT(*) AS nc_count FROM `zmkj_evaluate_goods` WHERE ( geval_goodsid = '100585' ) AND ( (geval_image <> '') OR (geval_image_again <> '') ) LIMIT 1  
[2018-01-24 14:00:07] /shop/index.php?act=goods&op=index&goods_id=100585 ( act=goods&op=index ) 
ERR: Db Error: Unknown column 'geval_image_again' in 'where clause'
SELECT COUNT(*) AS nc_count FROM `zmkj_evaluate_goods` WHERE ( geval_goodsid = '100585' ) AND ( (geval_image <> '') OR (geval_image_again <> '') ) LIMIT 1  
[2018-01-24 14:02:20] /shop/index.php?act=goods&op=index&goods_id=100602 ( act=goods&op=index ) 
ERR: Db Error: Unknown column 'geval_image_again' in 'where clause'
SELECT COUNT(*) AS nc_count FROM `zmkj_evaluate_goods` WHERE ( geval_goodsid = '100602' ) AND ( (geval_image <> '') OR (geval_image_again <> '') ) LIMIT 1  
[2018-01-24 14:02:31] /shop/index.php?act=goods&op=index&goods_id=100585 ( act=goods&op=index ) 
ERR: Db Error: Unknown column 'geval_image_again' in 'where clause'
SELECT COUNT(*) AS nc_count FROM `zmkj_evaluate_goods` WHERE ( geval_goodsid = '100585' ) AND ( (geval_image <> '') OR (geval_image_again <> '') ) LIMIT 1  
[2018-01-24 14:05:41] /shop/index.php?act=goods&op=index&goods_id=100585 ( act=goods&op=index ) 
ERR: Db Error: Unknown column 'geval_image_again' in 'where clause'
SELECT COUNT(*) AS nc_count FROM `zmkj_evaluate_goods` WHERE ( geval_goodsid = '100585' ) AND ( (geval_image <> '') OR (geval_image_again <> '') ) LIMIT 1  
[2018-01-24 14:15:16] /shop/index.php?act=goods&op=index&goods_id=100585 ( act=goods&op=index ) 
ERR: Db Error: Unknown column 'geval_image_again' in 'where clause'
SELECT COUNT(*) AS nc_count FROM `zmkj_evaluate_goods` WHERE ( geval_goodsid = '100585' ) AND ( (geval_image <> '') OR (geval_image_again <> '') ) LIMIT 1  
[2018-01-24 14:18:56] /shop/index.php?act=goods&op=index&goods_id=100585 ( act=goods&op=index ) 
ERR: Db Error: Unknown column 'geval_image_again' in 'where clause'
SELECT COUNT(*) AS nc_count FROM `zmkj_evaluate_goods` WHERE ( geval_goodsid = '100585' ) AND ( (geval_image <> '') OR (geval_image_again <> '') ) LIMIT 1  
[2018-01-24 14:19:20] /shop/index.php?act=goods&op=index&goods_id=100585 ( act=goods&op=index ) 
ERR: Db Error: Unknown column 'geval_image_again' in 'where clause'
SELECT COUNT(*) AS nc_count FROM `zmkj_evaluate_goods` WHERE ( geval_goodsid = '100585' ) AND ( (geval_image <> '') OR (geval_image_again <> '') ) LIMIT 1  
[2018-01-24 14:19:50] /shop/index.php?act=goods&op=index&goods_id=100585 ( act=goods&op=index ) 
ERR: Db Error: Unknown column 'geval_image_again' in 'where clause'
SELECT COUNT(*) AS nc_count FROM `zmkj_evaluate_goods` WHERE ( geval_goodsid = '100585' ) AND ( (geval_image <> '') OR (geval_image_again <> '') ) LIMIT 1  
[2018-01-24 14:25:27] /shop/index.php?act=goods&op=index&goods_id=100602 ( act=goods&op=index ) 
ERR: Db Error: Unknown column 'geval_image_again' in 'where clause'
SELECT COUNT(*) AS nc_count FROM `zmkj_evaluate_goods` WHERE ( geval_goodsid = '100602' ) AND ( (geval_image <> '') OR (geval_image_again <> '') ) LIMIT 1  
[2018-01-24 14:25:38] /shop/index.php?act=goods&op=index&goods_id=100600 ( act=goods&op=index ) 
ERR: Db Error: Unknown column 'geval_image_again' in 'where clause'
SELECT COUNT(*) AS nc_count FROM `zmkj_evaluate_goods` WHERE ( geval_goodsid = '100600' ) AND ( (geval_image <> '') OR (geval_image_again <> '') ) LIMIT 1  
[2018-01-24 14:26:28] /shop/index.php?act=goods&op=index&goods_id=100585 ( act=goods&op=index ) 
ERR: Db Error: Unknown column 'geval_image_again' in 'where clause'
SELECT COUNT(*) AS nc_count FROM `zmkj_evaluate_goods` WHERE ( geval_goodsid = '100585' ) AND ( (geval_image <> '') OR (geval_image_again <> '') ) LIMIT 1  
[2018-01-24 14:28:26] /shop/index.php?act=goods&op=index&goods_id=100585 ( act=goods&op=index ) 
ERR: Db Error: Unknown column 'geval_image_again' in 'where clause'
SELECT COUNT(*) AS nc_count FROM `zmkj_evaluate_goods` WHERE ( geval_goodsid = '100585' ) AND ( (geval_image <> '') OR (geval_image_again <> '') ) LIMIT 1  
[2018-01-24 14:28:35] /shop/index.php?act=goods&op=index&goods_id=100602 ( act=goods&op=index ) 
ERR: Db Error: Unknown column 'geval_image_again' in 'where clause'
SELECT COUNT(*) AS nc_count FROM `zmkj_evaluate_goods` WHERE ( geval_goodsid = '100602' ) AND ( (geval_image <> '') OR (geval_image_again <> '') ) LIMIT 1  
[2018-01-24 14:29:30] /shop/index.php?act=goods&op=index&goods_id=100585 ( act=goods&op=index ) 
ERR: Db Error: Unknown column 'geval_image_again' in 'where clause'
SELECT COUNT(*) AS nc_count FROM `zmkj_evaluate_goods` WHERE ( geval_goodsid = '100585' ) AND ( (geval_image <> '') OR (geval_image_again <> '') ) LIMIT 1  
[2018-01-24 14:29:50] /shop/index.php?act=goods&op=index&goods_id=100585 ( act=goods&op=index ) 
ERR: Db Error: Unknown column 'geval_image_again' in 'where clause'
SELECT COUNT(*) AS nc_count FROM `zmkj_evaluate_goods` WHERE ( geval_goodsid = '100585' ) AND ( (geval_image <> '') OR (geval_image_again <> '') ) LIMIT 1  
[2018-01-24 14:31:00] /shop/index.php?act=goods&op=index&goods_id=100602 ( act=goods&op=index ) 
ERR: Db Error: Unknown column 'geval_image_again' in 'where clause'
SELECT COUNT(*) AS nc_count FROM `zmkj_evaluate_goods` WHERE ( geval_goodsid = '100602' ) AND ( (geval_image <> '') OR (geval_image_again <> '') ) LIMIT 1  
[2018-01-24 14:31:17] /shop/index.php?act=goods&op=index&goods_id=100601 ( act=goods&op=index ) 
ERR: Db Error: Unknown column 'geval_image_again' in 'where clause'
SELECT COUNT(*) AS nc_count FROM `zmkj_evaluate_goods` WHERE ( geval_goodsid = '100601' ) AND ( (geval_image <> '') OR (geval_image_again <> '') ) LIMIT 1  
[2018-01-24 14:31:41] /shop/index.php?act=goods&op=index&goods_id=100602 ( act=goods&op=index ) 
ERR: Db Error: Unknown column 'geval_image_again' in 'where clause'
SELECT COUNT(*) AS nc_count FROM `zmkj_evaluate_goods` WHERE ( geval_goodsid = '100602' ) AND ( (geval_image <> '') OR (geval_image_again <> '') ) LIMIT 1  
[2018-01-24 14:31:46] /shop/index.php?act=goods&op=index&goods_id=100600 ( act=goods&op=index ) 
ERR: Db Error: Unknown column 'geval_image_again' in 'where clause'
SELECT COUNT(*) AS nc_count FROM `zmkj_evaluate_goods` WHERE ( geval_goodsid = '100600' ) AND ( (geval_image <> '') OR (geval_image_again <> '') ) LIMIT 1  
[2018-01-24 14:32:11] /shop/index.php?act=goods&op=index&goods_id=100592 ( act=goods&op=index ) 
ERR: Db Error: Unknown column 'geval_image_again' in 'where clause'
SELECT COUNT(*) AS nc_count FROM `zmkj_evaluate_goods` WHERE ( geval_goodsid = '100592' ) AND ( (geval_image <> '') OR (geval_image_again <> '') ) LIMIT 1  
[2018-01-24 14:32:18] /shop/index.php?act=goods&op=index&goods_id=100601 ( act=goods&op=index ) 
ERR: Db Error: Unknown column 'geval_image_again' in 'where clause'
SELECT COUNT(*) AS nc_count FROM `zmkj_evaluate_goods` WHERE ( geval_goodsid = '100601' ) AND ( (geval_image <> '') OR (geval_image_again <> '') ) LIMIT 1  
[2018-01-24 14:32:31] /shop/index.php?act=goods&op=index&goods_id=100591 ( act=goods&op=index ) 
ERR: Db Error: Unknown column 'geval_image_again' in 'where clause'
SELECT COUNT(*) AS nc_count FROM `zmkj_evaluate_goods` WHERE ( geval_goodsid = '100591' ) AND ( (geval_image <> '') OR (geval_image_again <> '') ) LIMIT 1  
[2018-01-24 14:32:49] /shop/index.php?act=goods&op=index&goods_id=100590 ( act=goods&op=index ) 
ERR: Db Error: Unknown column 'geval_image_again' in 'where clause'
SELECT COUNT(*) AS nc_count FROM `zmkj_evaluate_goods` WHERE ( geval_goodsid = '100590' ) AND ( (geval_image <> '') OR (geval_image_again <> '') ) LIMIT 1  
[2018-01-24 14:33:09] /shop/index.php?act=goods&op=index&goods_id=100589 ( act=goods&op=index ) 
ERR: Db Error: Unknown column 'geval_image_again' in 'where clause'
SELECT COUNT(*) AS nc_count FROM `zmkj_evaluate_goods` WHERE ( geval_goodsid = '100589' ) AND ( (geval_image <> '') OR (geval_image_again <> '') ) LIMIT 1  
[2018-01-24 14:40:55] /shop/index.php?act=goods&op=index&goods_id=100126 ( act=goods&op=index ) 
ERR: Db Error: Unknown column 'geval_image_again' in 'where clause'
SELECT COUNT(*) AS nc_count FROM `zmkj_evaluate_goods` WHERE ( geval_goodsid = '100126' ) AND ( (geval_image <> '') OR (geval_image_again <> '') ) LIMIT 1  
[2018-01-24 14:42:45] /shop/index.php?act=goods&op=index&goods_id=100126 ( act=goods&op=index ) 
ERR: Db Error: Unknown column 'geval_image_again' in 'where clause'
SELECT COUNT(*) AS nc_count FROM `zmkj_evaluate_goods` WHERE ( geval_goodsid = '100126' ) AND ( (geval_image <> '') OR (geval_image_again <> '') ) LIMIT 1  
[2018-01-24 14:43:21] /shop/index.php?act=goods&op=index&goods_id=100213 ( act=goods&op=index ) 
ERR: Db Error: Unknown column 'geval_image_again' in 'where clause'
SELECT COUNT(*) AS nc_count FROM `zmkj_evaluate_goods` WHERE ( geval_goodsid = '100213' ) AND ( (geval_image <> '') OR (geval_image_again <> '') ) LIMIT 1  
[2018-01-24 14:43:51] /shop/index.php?act=goods&op=index&goods_id=100602 ( act=goods&op=index ) 
ERR: Db Error: Unknown column 'geval_image_again' in 'where clause'
SELECT COUNT(*) AS nc_count FROM `zmkj_evaluate_goods` WHERE ( geval_goodsid = '100602' ) AND ( (geval_image <> '') OR (geval_image_again <> '') ) LIMIT 1  
[2018-01-24 14:50:12] /shop/index.php?act=goods&op=index&goods_id=100585 ( act=goods&op=index ) 
ERR: Db Error: Unknown column 'geval_image_again' in 'where clause'
SELECT COUNT(*) AS nc_count FROM `zmkj_evaluate_goods` WHERE ( geval_goodsid = '100585' ) AND ( (geval_image <> '') OR (geval_image_again <> '') ) LIMIT 1  
[2018-01-24 14:50:48] /shop/index.php?act=goods&goods_id=100478&op=index ( act=goods&op=index ) 
ERR: Db Error: Unknown column 'geval_image_again' in 'where clause'
SELECT COUNT(*) AS nc_count FROM `zmkj_evaluate_goods` WHERE ( geval_goodsid = '100478' ) AND ( (geval_image <> '') OR (geval_image_again <> '') ) LIMIT 1  
[2018-01-24 14:59:05] /shop/index.php?act=goods&op=index&goods_id=100585 ( act=goods&op=index ) 
ERR: Db Error: Unknown column 'geval_image_again' in 'where clause'
SELECT COUNT(*) AS nc_count FROM `zmkj_evaluate_goods` WHERE ( geval_goodsid = '100585' ) AND ( (geval_image <> '') OR (geval_image_again <> '') ) LIMIT 1  
[2018-01-24 15:02:05] /shop/index.php?act=goods&op=index&goods_id=100585 ( act=goods&op=index ) 
ERR: Db Error: Unknown column 'geval_image_again' in 'where clause'
SELECT COUNT(*) AS nc_count FROM `zmkj_evaluate_goods` WHERE ( geval_goodsid = '100585' ) AND ( (geval_image <> '') OR (geval_image_again <> '') ) LIMIT 1  
[2018-01-24 15:03:15] /shop/index.php?act=goods&op=index&goods_id=100585 ( act=goods&op=index ) 
ERR: Db Error: Unknown column 'geval_image_again' in 'where clause'
SELECT COUNT(*) AS nc_count FROM `zmkj_evaluate_goods` WHERE ( geval_goodsid = '100585' ) AND ( (geval_image <> '') OR (geval_image_again <> '') ) LIMIT 1  
[2018-01-24 15:03:36] /shop/index.php?act=goods&op=index&goods_id=100585 ( act=goods&op=index ) 
ERR: Db Error: Unknown column 'geval_image_again' in 'where clause'
SELECT COUNT(*) AS nc_count FROM `zmkj_evaluate_goods` WHERE ( geval_goodsid = '100585' ) AND ( (geval_image <> '') OR (geval_image_again <> '') ) LIMIT 1  
[2018-01-24 15:06:13] /shop/index.php?act=goods&op=index&goods_id=100585 ( act=goods&op=index ) 
ERR: Db Error: Unknown column 'geval_image_again' in 'where clause'
SELECT COUNT(*) AS nc_count FROM `zmkj_evaluate_goods` WHERE ( geval_goodsid = '100585' ) AND ( (geval_image <> '') OR (geval_image_again <> '') ) LIMIT 1  
[2018-01-24 15:14:18] /shop/index.php?act=goods&op=index&goods_id=100614 ( act=goods&op=index ) 
ERR: Db Error: Unknown column 'geval_image_again' in 'where clause'
SELECT COUNT(*) AS nc_count FROM `zmkj_evaluate_goods` WHERE ( geval_goodsid = '100614' ) AND ( (geval_image <> '') OR (geval_image_again <> '') ) LIMIT 1  
[2018-01-24 15:15:18] /shop/index.php?act=goods&op=index&goods_id=100614 ( act=goods&op=index ) 
ERR: Db Error: Unknown column 'geval_image_again' in 'where clause'
SELECT COUNT(*) AS nc_count FROM `zmkj_evaluate_goods` WHERE ( geval_goodsid = '100614' ) AND ( (geval_image <> '') OR (geval_image_again <> '') ) LIMIT 1  
[2018-01-24 15:19:26] /shop/index.php?act=goods&op=index&goods_id=100445 ( act=goods&op=index ) 
ERR: Db Error: Unknown column 'geval_image_again' in 'where clause'
SELECT COUNT(*) AS nc_count FROM `zmkj_evaluate_goods` WHERE ( geval_goodsid = '100445' ) AND ( (geval_image <> '') OR (geval_image_again <> '') ) LIMIT 1  
[2018-01-24 15:22:19] /shop/index.php?act=goods&op=index&goods_id=100585 ( act=goods&op=index ) 
ERR: Db Error: Unknown column 'geval_image_again' in 'where clause'
SELECT COUNT(*) AS nc_count FROM `zmkj_evaluate_goods` WHERE ( geval_goodsid = '100585' ) AND ( (geval_image <> '') OR (geval_image_again <> '') ) LIMIT 1  
[2018-01-24 15:22:52] /shop/index.php?act=goods&op=index&goods_id=100585 ( act=goods&op=index ) 
ERR: Db Error: Unknown column 'geval_image_again' in 'where clause'
SELECT COUNT(*) AS nc_count FROM `zmkj_evaluate_goods` WHERE ( geval_goodsid = '100585' ) AND ( (geval_image <> '') OR (geval_image_again <> '') ) LIMIT 1  
[2018-01-24 15:23:08] /shop/index.php?act=goods&op=index&goods_id=100602 ( act=goods&op=index ) 
ERR: Db Error: Unknown column 'geval_image_again' in 'where clause'
SELECT COUNT(*) AS nc_count FROM `zmkj_evaluate_goods` WHERE ( geval_goodsid = '100602' ) AND ( (geval_image <> '') OR (geval_image_again <> '') ) LIMIT 1  
[2018-01-24 15:26:32] /shop/index.php?act=goods&op=index&goods_id=100585 ( act=goods&op=index ) 
ERR: Db Error: Unknown column 'geval_image_again' in 'where clause'
SELECT COUNT(*) AS nc_count FROM `zmkj_evaluate_goods` WHERE ( geval_goodsid = '100585' ) AND ( (geval_image <> '') OR (geval_image_again <> '') ) LIMIT 1  
[2018-01-24 15:27:53] /shop/index.php?act=goods&op=index&goods_id=100614 ( act=goods&op=index ) 
ERR: Db Error: Unknown column 'geval_image_again' in 'where clause'
SELECT COUNT(*) AS nc_count FROM `zmkj_evaluate_goods` WHERE ( geval_goodsid = '100614' ) AND ( (geval_image <> '') OR (geval_image_again <> '') ) LIMIT 1  
[2018-01-24 15:39:40] /shop/index.php?act=goods&op=index&goods_id=100174 ( act=goods&op=index ) 
ERR: Db Error: Unknown column 'geval_image_again' in 'where clause'
SELECT COUNT(*) AS nc_count FROM `zmkj_evaluate_goods` WHERE ( geval_goodsid = '100174' ) AND ( (geval_image <> '') OR (geval_image_again <> '') ) LIMIT 1  
[2018-01-24 15:40:40] /shop/index.php?act=goods&op=index&goods_id=100174 ( act=goods&op=index ) 
ERR: Db Error: Unknown column 'geval_image_again' in 'where clause'
SELECT COUNT(*) AS nc_count FROM `zmkj_evaluate_goods` WHERE ( geval_goodsid = '100174' ) AND ( (geval_image <> '') OR (geval_image_again <> '') ) LIMIT 1  
[2018-01-24 15:53:22] /shop/index.php?act=goods&op=index&goods_id=100616 ( act=goods&op=index ) 
ERR: Db Error: Unknown column 'geval_image_again' in 'where clause'
SELECT COUNT(*) AS nc_count FROM `zmkj_evaluate_goods` WHERE ( geval_goodsid = '100616' ) AND ( (geval_image <> '') OR (geval_image_again <> '') ) LIMIT 1  
[2018-01-24 15:53:46] /shop/index.php?act=goods&op=index&goods_id=100551 ( act=goods&op=index ) 
ERR: Db Error: Unknown column 'geval_image_again' in 'where clause'
SELECT COUNT(*) AS nc_count FROM `zmkj_evaluate_goods` WHERE ( geval_goodsid = '100551' ) AND ( (geval_image <> '') OR (geval_image_again <> '') ) LIMIT 1  
[2018-01-24 15:53:57] /shop/index.php?act=goods&op=index&goods_id=100530 ( act=goods&op=index ) 
ERR: Db Error: Unknown column 'geval_image_again' in 'where clause'
SELECT COUNT(*) AS nc_count FROM `zmkj_evaluate_goods` WHERE ( geval_goodsid = '100530' ) AND ( (geval_image <> '') OR (geval_image_again <> '') ) LIMIT 1  
[2018-01-24 15:54:09] /shop/index.php?act=goods&op=index&goods_id=100578 ( act=goods&op=index ) 
ERR: Db Error: Unknown column 'geval_image_again' in 'where clause'
SELECT COUNT(*) AS nc_count FROM `zmkj_evaluate_goods` WHERE ( geval_goodsid = '100578' ) AND ( (geval_image <> '') OR (geval_image_again <> '') ) LIMIT 1  
[2018-01-24 15:54:16] /shop/index.php?act=goods&op=index&goods_id=100578 ( act=goods&op=index ) 
ERR: Db Error: Unknown column 'geval_image_again' in 'where clause'
SELECT COUNT(*) AS nc_count FROM `zmkj_evaluate_goods` WHERE ( geval_goodsid = '100578' ) AND ( (geval_image <> '') OR (geval_image_again <> '') ) LIMIT 1  
[2018-01-24 15:54:22] /shop/index.php?act=goods&op=index&goods_id=100616 ( act=goods&op=index ) 
ERR: Db Error: Unknown column 'geval_image_again' in 'where clause'
SELECT COUNT(*) AS nc_count FROM `zmkj_evaluate_goods` WHERE ( geval_goodsid = '100616' ) AND ( (geval_image <> '') OR (geval_image_again <> '') ) LIMIT 1  
[2018-01-24 15:54:57] /shop/index.php?act=goods&op=index&goods_id=100530 ( act=goods&op=index ) 
ERR: Db Error: Unknown column 'geval_image_again' in 'where clause'
SELECT COUNT(*) AS nc_count FROM `zmkj_evaluate_goods` WHERE ( geval_goodsid = '100530' ) AND ( (geval_image <> '') OR (geval_image_again <> '') ) LIMIT 1  
[2018-01-24 15:55:49] /shop/index.php?act=goods&op=index&goods_id=100616 ( act=goods&op=index ) 
ERR: Db Error: Unknown column 'geval_image_again' in 'where clause'
SELECT COUNT(*) AS nc_count FROM `zmkj_evaluate_goods` WHERE ( geval_goodsid = '100616' ) AND ( (geval_image <> '') OR (geval_image_again <> '') ) LIMIT 1  
[2018-01-24 15:55:50] /shop/index.php?act=goods&op=index&goods_id=100616 ( act=goods&op=index ) 
ERR: Db Error: Unknown column 'geval_image_again' in 'where clause'
SELECT COUNT(*) AS nc_count FROM `zmkj_evaluate_goods` WHERE ( geval_goodsid = '100616' ) AND ( (geval_image <> '') OR (geval_image_again <> '') ) LIMIT 1  
[2018-01-24 15:56:42] /shop/index.php?act=goods&op=index&goods_id=100617 ( act=goods&op=index ) 
ERR: Db Error: Unknown column 'geval_image_again' in 'where clause'
SELECT COUNT(*) AS nc_count FROM `zmkj_evaluate_goods` WHERE ( geval_goodsid = '100617' ) AND ( (geval_image <> '') OR (geval_image_again <> '') ) LIMIT 1  
[2018-01-24 15:57:18] /shop/index.php?act=goods&op=index&goods_id=100617 ( act=goods&op=index ) 
ERR: Db Error: Unknown column 'geval_image_again' in 'where clause'
SELECT COUNT(*) AS nc_count FROM `zmkj_evaluate_goods` WHERE ( geval_goodsid = '100617' ) AND ( (geval_image <> '') OR (geval_image_again <> '') ) LIMIT 1  
[2018-01-24 15:57:23] /shop/index.php?act=goods&op=index&goods_id=100615 ( act=goods&op=index ) 
ERR: Db Error: Unknown column 'geval_image_again' in 'where clause'
SELECT COUNT(*) AS nc_count FROM `zmkj_evaluate_goods` WHERE ( geval_goodsid = '100615' ) AND ( (geval_image <> '') OR (geval_image_again <> '') ) LIMIT 1  
[2018-01-24 15:57:29] /shop/index.php?act=goods&op=index&goods_id=100617 ( act=goods&op=index ) 
ERR: Db Error: Unknown column 'geval_image_again' in 'where clause'
SELECT COUNT(*) AS nc_count FROM `zmkj_evaluate_goods` WHERE ( geval_goodsid = '100617' ) AND ( (geval_image <> '') OR (geval_image_again <> '') ) LIMIT 1  
[2018-01-24 15:57:35] /shop/index.php?act=goods&op=index&goods_id=100615 ( act=goods&op=index ) 
ERR: Db Error: Unknown column 'geval_image_again' in 'where clause'
SELECT COUNT(*) AS nc_count FROM `zmkj_evaluate_goods` WHERE ( geval_goodsid = '100615' ) AND ( (geval_image <> '') OR (geval_image_again <> '') ) LIMIT 1  
[2018-01-24 15:57:42] /shop/index.php?act=goods&op=index&goods_id=100617 ( act=goods&op=index ) 
ERR: Db Error: Unknown column 'geval_image_again' in 'where clause'
SELECT COUNT(*) AS nc_count FROM `zmkj_evaluate_goods` WHERE ( geval_goodsid = '100617' ) AND ( (geval_image <> '') OR (geval_image_again <> '') ) LIMIT 1  
[2018-01-24 15:57:54] /shop/index.php?act=goods&op=index&goods_id=100617 ( act=goods&op=index ) 
ERR: Db Error: Unknown column 'geval_image_again' in 'where clause'
SELECT COUNT(*) AS nc_count FROM `zmkj_evaluate_goods` WHERE ( geval_goodsid = '100617' ) AND ( (geval_image <> '') OR (geval_image_again <> '') ) LIMIT 1  
[2018-01-24 15:58:14] /shop/index.php?act=goods&op=index&goods_id=100614 ( act=goods&op=index ) 
ERR: Db Error: Unknown column 'geval_image_again' in 'where clause'
SELECT COUNT(*) AS nc_count FROM `zmkj_evaluate_goods` WHERE ( geval_goodsid = '100614' ) AND ( (geval_image <> '') OR (geval_image_again <> '') ) LIMIT 1  
[2018-01-24 15:58:19] /shop/index.php?act=goods&op=index&goods_id=100613 ( act=goods&op=index ) 
ERR: Db Error: Unknown column 'geval_image_again' in 'where clause'
SELECT COUNT(*) AS nc_count FROM `zmkj_evaluate_goods` WHERE ( geval_goodsid = '100613' ) AND ( (geval_image <> '') OR (geval_image_again <> '') ) LIMIT 1  
[2018-01-24 15:58:23] /shop/index.php?act=goods&op=index&goods_id=100615 ( act=goods&op=index ) 
ERR: Db Error: Unknown column 'geval_image_again' in 'where clause'
SELECT COUNT(*) AS nc_count FROM `zmkj_evaluate_goods` WHERE ( geval_goodsid = '100615' ) AND ( (geval_image <> '') OR (geval_image_again <> '') ) LIMIT 1  
[2018-01-24 15:58:24] /shop/index.php?act=goods&op=index&goods_id=100611 ( act=goods&op=index ) 
ERR: Db Error: Unknown column 'geval_image_again' in 'where clause'
SELECT COUNT(*) AS nc_count FROM `zmkj_evaluate_goods` WHERE ( geval_goodsid = '100611' ) AND ( (geval_image <> '') OR (geval_image_again <> '') ) LIMIT 1  
[2018-01-24 15:58:31] /shop/index.php?act=goods&op=index&goods_id=100612 ( act=goods&op=index ) 
ERR: Db Error: Unknown column 'geval_image_again' in 'where clause'
SELECT COUNT(*) AS nc_count FROM `zmkj_evaluate_goods` WHERE ( geval_goodsid = '100612' ) AND ( (geval_image <> '') OR (geval_image_again <> '') ) LIMIT 1  
[2018-01-24 15:58:37] /shop/index.php?act=goods&op=index&goods_id=100613 ( act=goods&op=index ) 
ERR: Db Error: Unknown column 'geval_image_again' in 'where clause'
SELECT COUNT(*) AS nc_count FROM `zmkj_evaluate_goods` WHERE ( geval_goodsid = '100613' ) AND ( (geval_image <> '') OR (geval_image_again <> '') ) LIMIT 1  
[2018-01-24 15:58:43] /shop/index.php?act=goods&op=index&goods_id=100612 ( act=goods&op=index ) 
ERR: Db Error: Unknown column 'geval_image_again' in 'where clause'
SELECT COUNT(*) AS nc_count FROM `zmkj_evaluate_goods` WHERE ( geval_goodsid = '100612' ) AND ( (geval_image <> '') OR (geval_image_again <> '') ) LIMIT 1  
[2018-01-24 15:58:49] /shop/index.php?act=goods&op=index&goods_id=100617 ( act=goods&op=index ) 
ERR: Db Error: Unknown column 'geval_image_again' in 'where clause'
SELECT COUNT(*) AS nc_count FROM `zmkj_evaluate_goods` WHERE ( geval_goodsid = '100617' ) AND ( (geval_image <> '') OR (geval_image_again <> '') ) LIMIT 1  
[2018-01-24 15:59:44] /shop/index.php?act=goods&op=index&goods_id=100617 ( act=goods&op=index ) 
ERR: Db Error: Unknown column 'geval_image_again' in 'where clause'
SELECT COUNT(*) AS nc_count FROM `zmkj_evaluate_goods` WHERE ( geval_goodsid = '100617' ) AND ( (geval_image <> '') OR (geval_image_again <> '') ) LIMIT 1  
[2018-01-24 15:59:51] /shop/index.php?act=goods&op=index&goods_id=100615 ( act=goods&op=index ) 
ERR: Db Error: Unknown column 'geval_image_again' in 'where clause'
SELECT COUNT(*) AS nc_count FROM `zmkj_evaluate_goods` WHERE ( geval_goodsid = '100615' ) AND ( (geval_image <> '') OR (geval_image_again <> '') ) LIMIT 1  
[2018-01-24 15:59:54] /shop/index.php?act=goods&op=index&goods_id=100617 ( act=goods&op=index ) 
ERR: Db Error: Unknown column 'geval_image_again' in 'where clause'
SELECT COUNT(*) AS nc_count FROM `zmkj_evaluate_goods` WHERE ( geval_goodsid = '100617' ) AND ( (geval_image <> '') OR (geval_image_again <> '') ) LIMIT 1  
[2018-01-24 16:00:00] /shop/index.php?act=goods&op=index&goods_id=100615 ( act=goods&op=index ) 
ERR: Db Error: Unknown column 'geval_image_again' in 'where clause'
SELECT COUNT(*) AS nc_count FROM `zmkj_evaluate_goods` WHERE ( geval_goodsid = '100615' ) AND ( (geval_image <> '') OR (geval_image_again <> '') ) LIMIT 1  
[2018-01-24 16:00:04] /shop/index.php?act=goods&op=index&goods_id=100617 ( act=goods&op=index ) 
ERR: Db Error: Unknown column 'geval_image_again' in 'where clause'
SELECT COUNT(*) AS nc_count FROM `zmkj_evaluate_goods` WHERE ( geval_goodsid = '100617' ) AND ( (geval_image <> '') OR (geval_image_again <> '') ) LIMIT 1  
[2018-01-24 16:00:09] /shop/index.php?act=goods&op=index&goods_id=100615 ( act=goods&op=index ) 
ERR: Db Error: Unknown column 'geval_image_again' in 'where clause'
SELECT COUNT(*) AS nc_count FROM `zmkj_evaluate_goods` WHERE ( geval_goodsid = '100615' ) AND ( (geval_image <> '') OR (geval_image_again <> '') ) LIMIT 1  
[2018-01-24 16:00:14] /shop/index.php?act=goods&op=index&goods_id=100617 ( act=goods&op=index ) 
ERR: Db Error: Unknown column 'geval_image_again' in 'where clause'
SELECT COUNT(*) AS nc_count FROM `zmkj_evaluate_goods` WHERE ( geval_goodsid = '100617' ) AND ( (geval_image <> '') OR (geval_image_again <> '') ) LIMIT 1  
[2018-01-24 16:01:44] /shop/index.php?act=goods&op=index&goods_id=100617 ( act=goods&op=index ) 
ERR: Db Error: Unknown column 'geval_image_again' in 'where clause'
SELECT COUNT(*) AS nc_count FROM `zmkj_evaluate_goods` WHERE ( geval_goodsid = '100617' ) AND ( (geval_image <> '') OR (geval_image_again <> '') ) LIMIT 1  
[2018-01-24 16:01:50] /shop/index.php?act=goods&op=index&goods_id=100615 ( act=goods&op=index ) 
ERR: Db Error: Unknown column 'geval_image_again' in 'where clause'
SELECT COUNT(*) AS nc_count FROM `zmkj_evaluate_goods` WHERE ( geval_goodsid = '100615' ) AND ( (geval_image <> '') OR (geval_image_again <> '') ) LIMIT 1  
[2018-01-24 16:01:54] /shop/index.php?act=goods&op=index&goods_id=100614 ( act=goods&op=index ) 
ERR: Db Error: Unknown column 'geval_image_again' in 'where clause'
SELECT COUNT(*) AS nc_count FROM `zmkj_evaluate_goods` WHERE ( geval_goodsid = '100614' ) AND ( (geval_image <> '') OR (geval_image_again <> '') ) LIMIT 1  
[2018-01-24 16:03:12] /shop/index.php?act=goods&op=index&goods_id=100618 ( act=goods&op=index ) 
ERR: Db Error: Unknown column 'geval_image_again' in 'where clause'
SELECT COUNT(*) AS nc_count FROM `zmkj_evaluate_goods` WHERE ( geval_goodsid = '100618' ) AND ( (geval_image <> '') OR (geval_image_again <> '') ) LIMIT 1  
[2018-01-24 16:03:27] /shop/index.php?act=goods&op=index&goods_id=100617 ( act=goods&op=index ) 
ERR: Db Error: Unknown column 'geval_image_again' in 'where clause'
SELECT COUNT(*) AS nc_count FROM `zmkj_evaluate_goods` WHERE ( geval_goodsid = '100617' ) AND ( (geval_image <> '') OR (geval_image_again <> '') ) LIMIT 1  
[2018-01-24 16:03:32] /shop/index.php?act=goods&op=index&goods_id=100615 ( act=goods&op=index ) 
ERR: Db Error: Unknown column 'geval_image_again' in 'where clause'
SELECT COUNT(*) AS nc_count FROM `zmkj_evaluate_goods` WHERE ( geval_goodsid = '100615' ) AND ( (geval_image <> '') OR (geval_image_again <> '') ) LIMIT 1  
[2018-01-24 16:03:49] /shop/index.php?act=goods&op=index&goods_id=100617 ( act=goods&op=index ) 
ERR: Db Error: Unknown column 'geval_image_again' in 'where clause'
SELECT COUNT(*) AS nc_count FROM `zmkj_evaluate_goods` WHERE ( geval_goodsid = '100617' ) AND ( (geval_image <> '') OR (geval_image_again <> '') ) LIMIT 1  
[2018-01-24 16:23:01] /shop/index.php?act=goods&op=index&goods_id=100619 ( act=goods&op=index ) 
ERR: Db Error: Unknown column 'geval_image_again' in 'where clause'
SELECT COUNT(*) AS nc_count FROM `zmkj_evaluate_goods` WHERE ( geval_goodsid = '100619' ) AND ( (geval_image <> '') OR (geval_image_again <> '') ) LIMIT 1  
[2018-01-24 16:37:08] /shop/index.php?act=goods&op=index&goods_id=100619 ( act=goods&op=index ) 
ERR: Db Error: Unknown column 'geval_image_again' in 'where clause'
SELECT COUNT(*) AS nc_count FROM `zmkj_evaluate_goods` WHERE ( geval_goodsid = '100619' ) AND ( (geval_image <> '') OR (geval_image_again <> '') ) LIMIT 1  
[2018-01-24 16:37:23] /shop/index.php?act=goods&op=index&goods_id=100619 ( act=goods&op=index ) 
ERR: Db Error: Unknown column 'geval_image_again' in 'where clause'
SELECT COUNT(*) AS nc_count FROM `zmkj_evaluate_goods` WHERE ( geval_goodsid = '100619' ) AND ( (geval_image <> '') OR (geval_image_again <> '') ) LIMIT 1  
[2018-01-24 16:38:06] /shop/index.php?act=goods&op=index&goods_id=100619 ( act=goods&op=index ) 
ERR: Db Error: Unknown column 'geval_image_again' in 'where clause'
SELECT COUNT(*) AS nc_count FROM `zmkj_evaluate_goods` WHERE ( geval_goodsid = '100619' ) AND ( (geval_image <> '') OR (geval_image_again <> '') ) LIMIT 1  
[2018-01-24 16:43:13] /shop/index.php?act=goods&op=index&goods_id=100619 ( act=goods&op=index ) 
ERR: Db Error: Unknown column 'geval_image_again' in 'where clause'
SELECT COUNT(*) AS nc_count FROM `zmkj_evaluate_goods` WHERE ( geval_goodsid = '100619' ) AND ( (geval_image <> '') OR (geval_image_again <> '') ) LIMIT 1  
[2018-01-24 16:55:13] /shop/index.php?act=goods&op=index&goods_id=100600 ( act=goods&op=index ) 
ERR: Db Error: Unknown column 'geval_image_again' in 'where clause'
SELECT COUNT(*) AS nc_count FROM `zmkj_evaluate_goods` WHERE ( geval_goodsid = '100600' ) AND ( (geval_image <> '') OR (geval_image_again <> '') ) LIMIT 1  
[2018-01-24 16:57:26] /shop/index.php?act=goods&op=index&goods_id=100602 ( act=goods&op=index ) 
ERR: Db Error: Unknown column 'geval_image_again' in 'where clause'
SELECT COUNT(*) AS nc_count FROM `zmkj_evaluate_goods` WHERE ( geval_goodsid = '100602' ) AND ( (geval_image <> '') OR (geval_image_again <> '') ) LIMIT 1  
[2018-01-24 16:57:31] /shop/index.php?act=goods&op=index&goods_id=100592 ( act=goods&op=index ) 
ERR: Db Error: Unknown column 'geval_image_again' in 'where clause'
SELECT COUNT(*) AS nc_count FROM `zmkj_evaluate_goods` WHERE ( geval_goodsid = '100592' ) AND ( (geval_image <> '') OR (geval_image_again <> '') ) LIMIT 1  
[2018-01-24 17:34:28] /shop/index.php?act=goods&op=index&goods_id=100619 ( act=goods&op=index ) 
ERR: Db Error: Unknown column 'geval_image_again' in 'where clause'
SELECT COUNT(*) AS nc_count FROM `zmkj_evaluate_goods` WHERE ( geval_goodsid = '100619' ) AND ( (geval_image <> '') OR (geval_image_again <> '') ) LIMIT 1  
[2018-01-24 17:35:01] /shop/index.php?act=goods&op=index&goods_id=100617 ( act=goods&op=index ) 
ERR: Db Error: Unknown column 'geval_image_again' in 'where clause'
SELECT COUNT(*) AS nc_count FROM `zmkj_evaluate_goods` WHERE ( geval_goodsid = '100617' ) AND ( (geval_image <> '') OR (geval_image_again <> '') ) LIMIT 1  
[2018-01-24 17:35:20] /shop/index.php?act=goods&op=index&goods_id=100618 ( act=goods&op=index ) 
ERR: Db Error: Unknown column 'geval_image_again' in 'where clause'
SELECT COUNT(*) AS nc_count FROM `zmkj_evaluate_goods` WHERE ( geval_goodsid = '100618' ) AND ( (geval_image <> '') OR (geval_image_again <> '') ) LIMIT 1  
[2018-01-24 17:36:27] /shop/index.php?act=goods&op=index&goods_id=100613 ( act=goods&op=index ) 
ERR: Db Error: Unknown column 'geval_image_again' in 'where clause'
SELECT COUNT(*) AS nc_count FROM `zmkj_evaluate_goods` WHERE ( geval_goodsid = '100613' ) AND ( (geval_image <> '') OR (geval_image_again <> '') ) LIMIT 1  
[2018-01-24 17:37:02] /shop/index.php?act=goods&op=index&goods_id=100618 ( act=goods&op=index ) 
ERR: Db Error: Unknown column 'geval_image_again' in 'where clause'
SELECT COUNT(*) AS nc_count FROM `zmkj_evaluate_goods` WHERE ( geval_goodsid = '100618' ) AND ( (geval_image <> '') OR (geval_image_again <> '') ) LIMIT 1  
[2018-01-24 17:37:33] /shop/index.php?act=goods&op=index&goods_id=100618 ( act=goods&op=index ) 
ERR: Db Error: Unknown column 'geval_image_again' in 'where clause'
SELECT COUNT(*) AS nc_count FROM `zmkj_evaluate_goods` WHERE ( geval_goodsid = '100618' ) AND ( (geval_image <> '') OR (geval_image_again <> '') ) LIMIT 1  
[2018-01-24 17:37:56] /shop/index.php?act=goods&op=index&goods_id=100601 ( act=goods&op=index ) 
ERR: Db Error: Unknown column 'geval_image_again' in 'where clause'
SELECT COUNT(*) AS nc_count FROM `zmkj_evaluate_goods` WHERE ( geval_goodsid = '100601' ) AND ( (geval_image <> '') OR (geval_image_again <> '') ) LIMIT 1  
[2018-01-24 17:38:03] /shop/index.php?act=goods&op=index&goods_id=100602 ( act=goods&op=index ) 
ERR: Db Error: Unknown column 'geval_image_again' in 'where clause'
SELECT COUNT(*) AS nc_count FROM `zmkj_evaluate_goods` WHERE ( geval_goodsid = '100602' ) AND ( (geval_image <> '') OR (geval_image_again <> '') ) LIMIT 1  
[2018-01-24 17:56:43] /shop/index.php?act=goods&op=index&goods_id=100623 ( act=goods&op=index ) 
ERR: Db Error: Unknown column 'geval_image_again' in 'where clause'
SELECT COUNT(*) AS nc_count FROM `zmkj_evaluate_goods` WHERE ( geval_goodsid = '100623' ) AND ( (geval_image <> '') OR (geval_image_again <> '') ) LIMIT 1  
[2018-01-24 17:56:50] /shop/index.php?act=goods&op=index&goods_id=100620 ( act=goods&op=index ) 
ERR: Db Error: Unknown column 'geval_image_again' in 'where clause'
SELECT COUNT(*) AS nc_count FROM `zmkj_evaluate_goods` WHERE ( geval_goodsid = '100620' ) AND ( (geval_image <> '') OR (geval_image_again <> '') ) LIMIT 1  
[2018-01-24 18:15:37] /shop/index.php?act=goods&op=index&goods_id=100623 ( act=goods&op=index ) 
ERR: Db Error: Unknown column 'geval_image_again' in 'where clause'
SELECT COUNT(*) AS nc_count FROM `zmkj_evaluate_goods` WHERE ( geval_goodsid = '100623' ) AND ( (geval_image <> '') OR (geval_image_again <> '') ) LIMIT 1  
[2018-01-24 22:20:18] /shop/index.php?act=goods&goods_id=100321&op=index ( act=goods&op=index ) 
ERR: Db Error: Unknown column 'geval_image_again' in 'where clause'
SELECT COUNT(*) AS nc_count FROM `zmkj_evaluate_goods` WHERE ( geval_goodsid = '100321' ) AND ( (geval_image <> '') OR (geval_image_again <> '') ) LIMIT 1  
