[2018-03-14 01:17:42] /shop/index.php?act=goods&op=index&goods_id=101255&wd=&eqid=834a3a02000025f4000000025aa5fa07 ( act=goods&op=index ) 
ERR: Db Error: Unknown column 'geval_image_again' in 'where clause'
SELECT COUNT(*) AS nc_count FROM `zmkj_evaluate_goods` WHERE ( geval_goodsid = '101255' ) AND ( (geval_image <> '') OR (geval_image_again <> '') ) LIMIT 1  
[2018-03-14 04:15:08] /shop/index.php?act=goods&goods_id=100570&op=comments_list ( act=goods&op=comments_list ) 
ERR: Db Error: Unknown column 'geval_image_again' in 'where clause'
SELECT COUNT(*) AS nc_count FROM `zmkj_evaluate_goods` WHERE ( geval_goodsid = '100570' ) AND ( (geval_image <> '') OR (geval_image_again <> '') ) LIMIT 1  
[2018-03-14 04:15:31] /shop/index.php?act=goods&goods_id=100590&op=comments_list ( act=goods&op=comments_list ) 
ERR: Db Error: Unknown column 'geval_image_again' in 'where clause'
SELECT COUNT(*) AS nc_count FROM `zmkj_evaluate_goods` WHERE ( geval_goodsid = '100590' ) AND ( (geval_image <> '') OR (geval_image_again <> '') ) LIMIT 1  
[2018-03-14 04:15:52] /shop/index.php?act=goods&goods_id=101558&op=index ( act=goods&op=index ) 
ERR: Db Error: Unknown column 'geval_image_again' in 'where clause'
SELECT COUNT(*) AS nc_count FROM `zmkj_evaluate_goods` WHERE ( geval_goodsid = '101558' ) AND ( (geval_image <> '') OR (geval_image_again <> '') ) LIMIT 1  
[2018-03-14 04:15:59] /shop/index.php?act=goods&goods_id=101444&op=index ( act=goods&op=index ) 
ERR: Db Error: Unknown column 'geval_image_again' in 'where clause'
SELECT COUNT(*) AS nc_count FROM `zmkj_evaluate_goods` WHERE ( geval_goodsid = '101444' ) AND ( (geval_image <> '') OR (geval_image_again <> '') ) LIMIT 1  
[2018-03-14 04:16:07] /shop/index.php?act=goods&goods_id=100656&op=index ( act=goods&op=index ) 
ERR: Db Error: Unknown column 'geval_image_again' in 'where clause'
SELECT COUNT(*) AS nc_count FROM `zmkj_evaluate_goods` WHERE ( geval_goodsid = '100656' ) AND ( (geval_image <> '') OR (geval_image_again <> '') ) LIMIT 1  
[2018-03-14 04:16:07] /shop/index.php?act=goods&goods_id=100913&op=comments_list ( act=goods&op=comments_list ) 
ERR: Db Error: Unknown column 'geval_image_again' in 'where clause'
SELECT COUNT(*) AS nc_count FROM `zmkj_evaluate_goods` WHERE ( geval_goodsid = '100913' ) AND ( (geval_image <> '') OR (geval_image_again <> '') ) LIMIT 1  
[2018-03-14 04:16:20] /shop/index.php?act=goods&goods_id=101086&op=index ( act=goods&op=index ) 
ERR: Db Error: Unknown column 'geval_image_again' in 'where clause'
SELECT COUNT(*) AS nc_count FROM `zmkj_evaluate_goods` WHERE ( geval_goodsid = '101086' ) AND ( (geval_image <> '') OR (geval_image_again <> '') ) LIMIT 1  
[2018-03-14 04:16:23] /shop/index.php?act=goods&goods_id=100982&op=index ( act=goods&op=index ) 
ERR: Db Error: Unknown column 'geval_image_again' in 'where clause'
SELECT COUNT(*) AS nc_count FROM `zmkj_evaluate_goods` WHERE ( geval_goodsid = '100982' ) AND ( (geval_image <> '') OR (geval_image_again <> '') ) LIMIT 1  
[2018-03-14 04:59:04] /shop/index.php?act=goods&op=index&goods_id=102480 ( act=goods&op=index ) 
ERR: Db Error: Unknown column 'geval_image_again' in 'where clause'
SELECT COUNT(*) AS nc_count FROM `zmkj_evaluate_goods` WHERE ( geval_goodsid = '102480' ) AND ( (geval_image <> '') OR (geval_image_again <> '') ) LIMIT 1  
[2018-03-14 08:33:42] /shop/index.php?act=goods&op=index&goods_id=102480 ( act=goods&op=index ) 
ERR: Db Error: Unknown column 'geval_image_again' in 'where clause'
SELECT COUNT(*) AS nc_count FROM `zmkj_evaluate_goods` WHERE ( geval_goodsid = '102480' ) AND ( (geval_image <> '') OR (geval_image_again <> '') ) LIMIT 1  
[2018-03-14 08:34:42] /shop/index.php?act=goods&op=index&goods_id=102480 ( act=goods&op=index ) 
ERR: Db Error: Unknown column 'geval_image_again' in 'where clause'
SELECT COUNT(*) AS nc_count FROM `zmkj_evaluate_goods` WHERE ( geval_goodsid = '102480' ) AND ( (geval_image <> '') OR (geval_image_again <> '') ) LIMIT 1  
[2018-03-14 08:34:53] /shop/index.php?act=goods&op=index&goods_id=102480 ( act=goods&op=index ) 
ERR: Db Error: Unknown column 'geval_image_again' in 'where clause'
SELECT COUNT(*) AS nc_count FROM `zmkj_evaluate_goods` WHERE ( geval_goodsid = '102480' ) AND ( (geval_image <> '') OR (geval_image_again <> '') ) LIMIT 1  
[2018-03-14 08:37:41] /shop/index.php?act=goods&op=index&goods_id=102480 ( act=goods&op=index ) 
ERR: Db Error: Unknown column 'geval_image_again' in 'where clause'
SELECT COUNT(*) AS nc_count FROM `zmkj_evaluate_goods` WHERE ( geval_goodsid = '102480' ) AND ( (geval_image <> '') OR (geval_image_again <> '') ) LIMIT 1  
[2018-03-14 08:43:42] /shop/index.php?act=goods&op=index&goods_id=102480 ( act=goods&op=index ) 
ERR: Db Error: Unknown column 'geval_image_again' in 'where clause'
SELECT COUNT(*) AS nc_count FROM `zmkj_evaluate_goods` WHERE ( geval_goodsid = '102480' ) AND ( (geval_image <> '') OR (geval_image_again <> '') ) LIMIT 1  
[2018-03-14 08:44:22] /shop/index.php?act=goods&op=index&goods_id=102375 ( act=goods&op=index ) 
ERR: Db Error: Unknown column 'geval_image_again' in 'where clause'
SELECT COUNT(*) AS nc_count FROM `zmkj_evaluate_goods` WHERE ( geval_goodsid = '102375' ) AND ( (geval_image <> '') OR (geval_image_again <> '') ) LIMIT 1  
[2018-03-14 08:44:47] /shop/index.php?act=goods&op=index&goods_id=102375 ( act=goods&op=index ) 
ERR: Db Error: Unknown column 'geval_image_again' in 'where clause'
SELECT COUNT(*) AS nc_count FROM `zmkj_evaluate_goods` WHERE ( geval_goodsid = '102375' ) AND ( (geval_image <> '') OR (geval_image_again <> '') ) LIMIT 1  
[2018-03-14 08:45:09] /shop/index.php?act=goods&op=index&goods_id=102375 ( act=goods&op=index ) 
ERR: Db Error: Unknown column 'geval_image_again' in 'where clause'
SELECT COUNT(*) AS nc_count FROM `zmkj_evaluate_goods` WHERE ( geval_goodsid = '102375' ) AND ( (geval_image <> '') OR (geval_image_again <> '') ) LIMIT 1  
[2018-03-14 08:47:01] /shop/index.php?act=goods&op=index&goods_id=102482 ( act=goods&op=index ) 
ERR: Db Error: Unknown column 'geval_image_again' in 'where clause'
SELECT COUNT(*) AS nc_count FROM `zmkj_evaluate_goods` WHERE ( geval_goodsid = '102482' ) AND ( (geval_image <> '') OR (geval_image_again <> '') ) LIMIT 1  
[2018-03-14 09:22:10] /shop/index.php?act=goods&op=index&goods_id=100545 ( act=goods&op=index ) 
ERR: Db Error: Unknown column 'geval_image_again' in 'where clause'
SELECT COUNT(*) AS nc_count FROM `zmkj_evaluate_goods` WHERE ( geval_goodsid = '100545' ) AND ( (geval_image <> '') OR (geval_image_again <> '') ) LIMIT 1  
[2018-03-14 09:26:21] /shop/index.php?act=goods&op=index&goods_id=101112 ( act=goods&op=index ) 
ERR: Db Error: Unknown column 'geval_image_again' in 'where clause'
SELECT COUNT(*) AS nc_count FROM `zmkj_evaluate_goods` WHERE ( geval_goodsid = '101112' ) AND ( (geval_image <> '') OR (geval_image_again <> '') ) LIMIT 1  
[2018-03-14 09:27:23] /shop/index.php?act=goods&op=index&goods_id=102487 ( act=goods&op=index ) 
ERR: Db Error: Unknown column 'geval_image_again' in 'where clause'
SELECT COUNT(*) AS nc_count FROM `zmkj_evaluate_goods` WHERE ( geval_goodsid = '102487' ) AND ( (geval_image <> '') OR (geval_image_again <> '') ) LIMIT 1  
[2018-03-14 09:28:17] /shop/index.php?act=goods&op=index&goods_id=102487 ( act=goods&op=index ) 
ERR: Db Error: Unknown column 'geval_image_again' in 'where clause'
SELECT COUNT(*) AS nc_count FROM `zmkj_evaluate_goods` WHERE ( geval_goodsid = '102487' ) AND ( (geval_image <> '') OR (geval_image_again <> '') ) LIMIT 1  
[2018-03-14 09:28:53] /shop/index.php?act=goods&op=index&goods_id=102487 ( act=goods&op=index ) 
ERR: Db Error: Unknown column 'geval_image_again' in 'where clause'
SELECT COUNT(*) AS nc_count FROM `zmkj_evaluate_goods` WHERE ( geval_goodsid = '102487' ) AND ( (geval_image <> '') OR (geval_image_again <> '') ) LIMIT 1  
[2018-03-14 09:31:07] /shop/index.php?act=goods&op=index&goods_id=102487 ( act=goods&op=index ) 
ERR: Db Error: Unknown column 'geval_image_again' in 'where clause'
SELECT COUNT(*) AS nc_count FROM `zmkj_evaluate_goods` WHERE ( geval_goodsid = '102487' ) AND ( (geval_image <> '') OR (geval_image_again <> '') ) LIMIT 1  
[2018-03-14 09:31:20] /shop/index.php?act=goods&op=index&goods_id=102487 ( act=goods&op=index ) 
ERR: Db Error: Unknown column 'geval_image_again' in 'where clause'
SELECT COUNT(*) AS nc_count FROM `zmkj_evaluate_goods` WHERE ( geval_goodsid = '102487' ) AND ( (geval_image <> '') OR (geval_image_again <> '') ) LIMIT 1  
[2018-03-14 09:31:40] /shop/index.php?act=goods&op=index&goods_id=102487 ( act=goods&op=index ) 
ERR: Db Error: Unknown column 'geval_image_again' in 'where clause'
SELECT COUNT(*) AS nc_count FROM `zmkj_evaluate_goods` WHERE ( geval_goodsid = '102487' ) AND ( (geval_image <> '') OR (geval_image_again <> '') ) LIMIT 1  
[2018-03-14 09:31:45] /shop/index.php?act=goods&op=index&goods_id=102487 ( act=goods&op=index ) 
ERR: Db Error: Unknown column 'geval_image_again' in 'where clause'
SELECT COUNT(*) AS nc_count FROM `zmkj_evaluate_goods` WHERE ( geval_goodsid = '102487' ) AND ( (geval_image <> '') OR (geval_image_again <> '') ) LIMIT 1  
[2018-03-14 09:32:13] /shop/index.php?act=goods&op=index&goods_id=102487 ( act=goods&op=index ) 
ERR: Db Error: Unknown column 'geval_image_again' in 'where clause'
SELECT COUNT(*) AS nc_count FROM `zmkj_evaluate_goods` WHERE ( geval_goodsid = '102487' ) AND ( (geval_image <> '') OR (geval_image_again <> '') ) LIMIT 1  
[2018-03-14 09:32:16] /shop/index.php?act=goods&op=index&goods_id=102487 ( act=goods&op=index ) 
ERR: Db Error: Unknown column 'geval_image_again' in 'where clause'
SELECT COUNT(*) AS nc_count FROM `zmkj_evaluate_goods` WHERE ( geval_goodsid = '102487' ) AND ( (geval_image <> '') OR (geval_image_again <> '') ) LIMIT 1  
[2018-03-14 09:32:31] /shop/index.php?act=goods&op=index&goods_id=102487 ( act=goods&op=index ) 
ERR: Db Error: Unknown column 'geval_image_again' in 'where clause'
SELECT COUNT(*) AS nc_count FROM `zmkj_evaluate_goods` WHERE ( geval_goodsid = '102487' ) AND ( (geval_image <> '') OR (geval_image_again <> '') ) LIMIT 1  
[2018-03-14 09:50:44] /shop/index.php?act=goods&op=index&goods_id=100011 ( act=goods&op=index ) 
ERR: Db Error: Unknown column 'geval_image_again' in 'where clause'
SELECT COUNT(*) AS nc_count FROM `zmkj_evaluate_goods` WHERE ( geval_goodsid = '100011' ) AND ( (geval_image <> '') OR (geval_image_again <> '') ) LIMIT 1  
[2018-03-14 09:55:30] /shop/index.php?act=goods&op=index&goods_id=102101 ( act=goods&op=index ) 
ERR: Db Error: Unknown column 'geval_image_again' in 'where clause'
SELECT COUNT(*) AS nc_count FROM `zmkj_evaluate_goods` WHERE ( geval_goodsid = '102101' ) AND ( (geval_image <> '') OR (geval_image_again <> '') ) LIMIT 1  
[2018-03-14 10:02:00] /shop/index.php?act=goods&op=index&goods_id=102480 ( act=goods&op=index ) 
ERR: Db Error: Unknown column 'geval_image_again' in 'where clause'
SELECT COUNT(*) AS nc_count FROM `zmkj_evaluate_goods` WHERE ( geval_goodsid = '102480' ) AND ( (geval_image <> '') OR (geval_image_again <> '') ) LIMIT 1  
[2018-03-14 10:03:16] /shop/index.php?act=goods&op=index&goods_id=102480 ( act=goods&op=index ) 
ERR: Db Error: Unknown column 'geval_image_again' in 'where clause'
SELECT COUNT(*) AS nc_count FROM `zmkj_evaluate_goods` WHERE ( geval_goodsid = '102480' ) AND ( (geval_image <> '') OR (geval_image_again <> '') ) LIMIT 1  
[2018-03-14 10:03:56] /shop/index.php?act=goods&op=index&goods_id=102480 ( act=goods&op=index ) 
ERR: Db Error: Unknown column 'geval_image_again' in 'where clause'
SELECT COUNT(*) AS nc_count FROM `zmkj_evaluate_goods` WHERE ( geval_goodsid = '102480' ) AND ( (geval_image <> '') OR (geval_image_again <> '') ) LIMIT 1  
[2018-03-14 10:04:06] /shop/index.php?act=goods&op=index&goods_id=102480 ( act=goods&op=index ) 
ERR: Db Error: Unknown column 'geval_image_again' in 'where clause'
SELECT COUNT(*) AS nc_count FROM `zmkj_evaluate_goods` WHERE ( geval_goodsid = '102480' ) AND ( (geval_image <> '') OR (geval_image_again <> '') ) LIMIT 1  
[2018-03-14 10:05:11] /shop/index.php?act=goods&op=index&goods_id=102480 ( act=goods&op=index ) 
ERR: Db Error: Unknown column 'geval_image_again' in 'where clause'
SELECT COUNT(*) AS nc_count FROM `zmkj_evaluate_goods` WHERE ( geval_goodsid = '102480' ) AND ( (geval_image <> '') OR (geval_image_again <> '') ) LIMIT 1  
[2018-03-14 10:05:44] /shop/index.php?act=goods&op=index&goods_id=102490 ( act=goods&op=index ) 
ERR: Db Error: Unknown column 'geval_image_again' in 'where clause'
SELECT COUNT(*) AS nc_count FROM `zmkj_evaluate_goods` WHERE ( geval_goodsid = '102490' ) AND ( (geval_image <> '') OR (geval_image_again <> '') ) LIMIT 1  
[2018-03-14 10:06:08] /shop/index.php?act=goods&op=index&goods_id=102490 ( act=goods&op=index ) 
ERR: Db Error: Unknown column 'geval_image_again' in 'where clause'
SELECT COUNT(*) AS nc_count FROM `zmkj_evaluate_goods` WHERE ( geval_goodsid = '102490' ) AND ( (geval_image <> '') OR (geval_image_again <> '') ) LIMIT 1  
[2018-03-14 10:06:21] /shop/index.php?act=goods&op=index&goods_id=102490 ( act=goods&op=index ) 
ERR: Db Error: Unknown column 'geval_image_again' in 'where clause'
SELECT COUNT(*) AS nc_count FROM `zmkj_evaluate_goods` WHERE ( geval_goodsid = '102490' ) AND ( (geval_image <> '') OR (geval_image_again <> '') ) LIMIT 1  
[2018-03-14 10:06:27] /shop/index.php?act=goods&op=index&goods_id=102490 ( act=goods&op=index ) 
ERR: Db Error: Unknown column 'geval_image_again' in 'where clause'
SELECT COUNT(*) AS nc_count FROM `zmkj_evaluate_goods` WHERE ( geval_goodsid = '102490' ) AND ( (geval_image <> '') OR (geval_image_again <> '') ) LIMIT 1  
[2018-03-14 10:07:15] /shop/index.php?act=goods&op=index&goods_id=102490 ( act=goods&op=index ) 
ERR: Db Error: Unknown column 'geval_image_again' in 'where clause'
SELECT COUNT(*) AS nc_count FROM `zmkj_evaluate_goods` WHERE ( geval_goodsid = '102490' ) AND ( (geval_image <> '') OR (geval_image_again <> '') ) LIMIT 1  
[2018-03-14 10:10:30] /shop/index.php?act=goods&op=index&goods_id=102491 ( act=goods&op=index ) 
ERR: Db Error: Unknown column 'geval_image_again' in 'where clause'
SELECT COUNT(*) AS nc_count FROM `zmkj_evaluate_goods` WHERE ( geval_goodsid = '102491' ) AND ( (geval_image <> '') OR (geval_image_again <> '') ) LIMIT 1  
[2018-03-14 10:10:51] /shop/index.php?act=goods&op=index&goods_id=102491 ( act=goods&op=index ) 
ERR: Db Error: Unknown column 'geval_image_again' in 'where clause'
SELECT COUNT(*) AS nc_count FROM `zmkj_evaluate_goods` WHERE ( geval_goodsid = '102491' ) AND ( (geval_image <> '') OR (geval_image_again <> '') ) LIMIT 1  
[2018-03-14 10:11:33] /shop/index.php?act=goods&op=index&goods_id=102491 ( act=goods&op=index ) 
ERR: Db Error: Unknown column 'geval_image_again' in 'where clause'
SELECT COUNT(*) AS nc_count FROM `zmkj_evaluate_goods` WHERE ( geval_goodsid = '102491' ) AND ( (geval_image <> '') OR (geval_image_again <> '') ) LIMIT 1  
[2018-03-14 10:11:49] /shop/index.php?act=goods&op=index&goods_id=102491 ( act=goods&op=index ) 
ERR: Db Error: Unknown column 'geval_image_again' in 'where clause'
SELECT COUNT(*) AS nc_count FROM `zmkj_evaluate_goods` WHERE ( geval_goodsid = '102491' ) AND ( (geval_image <> '') OR (geval_image_again <> '') ) LIMIT 1  
[2018-03-14 10:12:12] /shop/index.php?act=goods&op=index&goods_id=102491 ( act=goods&op=index ) 
ERR: Db Error: Unknown column 'geval_image_again' in 'where clause'
SELECT COUNT(*) AS nc_count FROM `zmkj_evaluate_goods` WHERE ( geval_goodsid = '102491' ) AND ( (geval_image <> '') OR (geval_image_again <> '') ) LIMIT 1  
[2018-03-14 10:12:28] /shop/index.php?act=goods&op=index&goods_id=102491 ( act=goods&op=index ) 
ERR: Db Error: Unknown column 'geval_image_again' in 'where clause'
SELECT COUNT(*) AS nc_count FROM `zmkj_evaluate_goods` WHERE ( geval_goodsid = '102491' ) AND ( (geval_image <> '') OR (geval_image_again <> '') ) LIMIT 1  
[2018-03-14 10:12:38] /shop/index.php?act=goods&op=index&goods_id=102491 ( act=goods&op=index ) 
ERR: Db Error: Unknown column 'geval_image_again' in 'where clause'
SELECT COUNT(*) AS nc_count FROM `zmkj_evaluate_goods` WHERE ( geval_goodsid = '102491' ) AND ( (geval_image <> '') OR (geval_image_again <> '') ) LIMIT 1  
[2018-03-14 10:17:48] /shop/index.php?act=goods&op=index&goods_id=101900 ( act=goods&op=index ) 
ERR: Db Error: Unknown column 'geval_image_again' in 'where clause'
SELECT COUNT(*) AS nc_count FROM `zmkj_evaluate_goods` WHERE ( geval_goodsid = '101900' ) AND ( (geval_image <> '') OR (geval_image_again <> '') ) LIMIT 1  
[2018-03-14 10:17:53] /shop/index.php?act=goods&op=index&goods_id=101899 ( act=goods&op=index ) 
ERR: Db Error: Unknown column 'geval_image_again' in 'where clause'
SELECT COUNT(*) AS nc_count FROM `zmkj_evaluate_goods` WHERE ( geval_goodsid = '101899' ) AND ( (geval_image <> '') OR (geval_image_again <> '') ) LIMIT 1  
[2018-03-14 10:18:17] /shop/index.php?act=goods&op=index&goods_id=101899 ( act=goods&op=index ) 
ERR: Db Error: Unknown column 'geval_image_again' in 'where clause'
SELECT COUNT(*) AS nc_count FROM `zmkj_evaluate_goods` WHERE ( geval_goodsid = '101899' ) AND ( (geval_image <> '') OR (geval_image_again <> '') ) LIMIT 1  
[2018-03-14 10:21:20] /shop/index.php?act=goods&op=index&goods_id=101891 ( act=goods&op=index ) 
ERR: Db Error: Unknown column 'geval_image_again' in 'where clause'
SELECT COUNT(*) AS nc_count FROM `zmkj_evaluate_goods` WHERE ( geval_goodsid = '101891' ) AND ( (geval_image <> '') OR (geval_image_again <> '') ) LIMIT 1  
[2018-03-14 10:28:50] /shop/index.php?act=goods&op=index&goods_id=100602 ( act=goods&op=index ) 
ERR: Db Error: Unknown column 'geval_image_again' in 'where clause'
SELECT COUNT(*) AS nc_count FROM `zmkj_evaluate_goods` WHERE ( geval_goodsid = '100602' ) AND ( (geval_image <> '') OR (geval_image_again <> '') ) LIMIT 1  
[2018-03-14 10:33:01] /shop/index.php?act=goods&op=index&goods_id=102487 ( act=goods&op=index ) 
ERR: Db Error: Unknown column 'geval_image_again' in 'where clause'
SELECT COUNT(*) AS nc_count FROM `zmkj_evaluate_goods` WHERE ( geval_goodsid = '102487' ) AND ( (geval_image <> '') OR (geval_image_again <> '') ) LIMIT 1  
[2018-03-14 10:34:22] /shop/index.php?act=goods&op=index&goods_id=102487 ( act=goods&op=index ) 
ERR: Db Error: Unknown column 'geval_image_again' in 'where clause'
SELECT COUNT(*) AS nc_count FROM `zmkj_evaluate_goods` WHERE ( geval_goodsid = '102487' ) AND ( (geval_image <> '') OR (geval_image_again <> '') ) LIMIT 1  
[2018-03-14 10:34:39] /shop/index.php?act=goods&op=index&goods_id=102487 ( act=goods&op=index ) 
ERR: Db Error: Unknown column 'geval_image_again' in 'where clause'
SELECT COUNT(*) AS nc_count FROM `zmkj_evaluate_goods` WHERE ( geval_goodsid = '102487' ) AND ( (geval_image <> '') OR (geval_image_again <> '') ) LIMIT 1  
[2018-03-14 10:34:42] /shop/index.php?act=goods&op=index&goods_id=102487 ( act=goods&op=index ) 
ERR: Db Error: Unknown column 'geval_image_again' in 'where clause'
SELECT COUNT(*) AS nc_count FROM `zmkj_evaluate_goods` WHERE ( geval_goodsid = '102487' ) AND ( (geval_image <> '') OR (geval_image_again <> '') ) LIMIT 1  
[2018-03-14 10:35:16] /shop/index.php?act=goods&op=index&goods_id=102487 ( act=goods&op=index ) 
ERR: Db Error: Unknown column 'geval_image_again' in 'where clause'
SELECT COUNT(*) AS nc_count FROM `zmkj_evaluate_goods` WHERE ( geval_goodsid = '102487' ) AND ( (geval_image <> '') OR (geval_image_again <> '') ) LIMIT 1  
[2018-03-14 10:35:25] /shop/index.php?act=goods&op=index&goods_id=102487 ( act=goods&op=index ) 
ERR: Db Error: Unknown column 'geval_image_again' in 'where clause'
SELECT COUNT(*) AS nc_count FROM `zmkj_evaluate_goods` WHERE ( geval_goodsid = '102487' ) AND ( (geval_image <> '') OR (geval_image_again <> '') ) LIMIT 1  
[2018-03-14 10:35:25] /shop/index.php?act=goods&op=index&goods_id=102487 ( act=goods&op=index ) 
ERR: Db Error: Unknown column 'geval_image_again' in 'where clause'
SELECT COUNT(*) AS nc_count FROM `zmkj_evaluate_goods` WHERE ( geval_goodsid = '102487' ) AND ( (geval_image <> '') OR (geval_image_again <> '') ) LIMIT 1  
[2018-03-14 10:35:25] /shop/index.php?act=goods&op=index&goods_id=102487 ( act=goods&op=index ) 
ERR: Db Error: Unknown column 'geval_image_again' in 'where clause'
SELECT COUNT(*) AS nc_count FROM `zmkj_evaluate_goods` WHERE ( geval_goodsid = '102487' ) AND ( (geval_image <> '') OR (geval_image_again <> '') ) LIMIT 1  
[2018-03-14 10:35:25] /shop/index.php?act=goods&op=index&goods_id=102487 ( act=goods&op=index ) 
ERR: Db Error: Unknown column 'geval_image_again' in 'where clause'
SELECT COUNT(*) AS nc_count FROM `zmkj_evaluate_goods` WHERE ( geval_goodsid = '102487' ) AND ( (geval_image <> '') OR (geval_image_again <> '') ) LIMIT 1  
[2018-03-14 10:35:25] /shop/index.php?act=goods&op=index&goods_id=102487 ( act=goods&op=index ) 
ERR: Db Error: Unknown column 'geval_image_again' in 'where clause'
SELECT COUNT(*) AS nc_count FROM `zmkj_evaluate_goods` WHERE ( geval_goodsid = '102487' ) AND ( (geval_image <> '') OR (geval_image_again <> '') ) LIMIT 1  
[2018-03-14 10:36:42] /shop/index.php?act=goods&op=index&goods_id=102474 ( act=goods&op=index ) 
ERR: Db Error: Unknown column 'geval_image_again' in 'where clause'
SELECT COUNT(*) AS nc_count FROM `zmkj_evaluate_goods` WHERE ( geval_goodsid = '102474' ) AND ( (geval_image <> '') OR (geval_image_again <> '') ) LIMIT 1  
[2018-03-14 10:37:40] /shop/index.php?act=goods&op=index&goods_id=102474 ( act=goods&op=index ) 
ERR: Db Error: Unknown column 'geval_image_again' in 'where clause'
SELECT COUNT(*) AS nc_count FROM `zmkj_evaluate_goods` WHERE ( geval_goodsid = '102474' ) AND ( (geval_image <> '') OR (geval_image_again <> '') ) LIMIT 1  
[2018-03-14 10:37:57] /shop/index.php?act=goods&op=index&goods_id=102474 ( act=goods&op=index ) 
ERR: Db Error: Unknown column 'geval_image_again' in 'where clause'
SELECT COUNT(*) AS nc_count FROM `zmkj_evaluate_goods` WHERE ( geval_goodsid = '102474' ) AND ( (geval_image <> '') OR (geval_image_again <> '') ) LIMIT 1  
[2018-03-14 10:38:07] /shop/index.php?act=goods&op=index&goods_id=102474 ( act=goods&op=index ) 
ERR: Db Error: Unknown column 'geval_image_again' in 'where clause'
SELECT COUNT(*) AS nc_count FROM `zmkj_evaluate_goods` WHERE ( geval_goodsid = '102474' ) AND ( (geval_image <> '') OR (geval_image_again <> '') ) LIMIT 1  
[2018-03-14 10:39:08] /shop/index.php?act=goods&op=index&goods_id=102474 ( act=goods&op=index ) 
ERR: Db Error: Unknown column 'geval_image_again' in 'where clause'
SELECT COUNT(*) AS nc_count FROM `zmkj_evaluate_goods` WHERE ( geval_goodsid = '102474' ) AND ( (geval_image <> '') OR (geval_image_again <> '') ) LIMIT 1  
[2018-03-14 10:39:55] /shop/index.php?act=goods&op=index&goods_id=102474 ( act=goods&op=index ) 
ERR: Db Error: Unknown column 'geval_image_again' in 'where clause'
SELECT COUNT(*) AS nc_count FROM `zmkj_evaluate_goods` WHERE ( geval_goodsid = '102474' ) AND ( (geval_image <> '') OR (geval_image_again <> '') ) LIMIT 1  
[2018-03-14 10:40:34] /shop/index.php?act=goods&op=index&goods_id=102474 ( act=goods&op=index ) 
ERR: Db Error: Unknown column 'geval_image_again' in 'where clause'
SELECT COUNT(*) AS nc_count FROM `zmkj_evaluate_goods` WHERE ( geval_goodsid = '102474' ) AND ( (geval_image <> '') OR (geval_image_again <> '') ) LIMIT 1  
[2018-03-14 10:41:06] /shop/index.php?act=goods&op=index&goods_id=102474 ( act=goods&op=index ) 
ERR: Db Error: Unknown column 'geval_image_again' in 'where clause'
SELECT COUNT(*) AS nc_count FROM `zmkj_evaluate_goods` WHERE ( geval_goodsid = '102474' ) AND ( (geval_image <> '') OR (geval_image_again <> '') ) LIMIT 1  
[2018-03-14 10:41:50] /shop/index.php?act=goods&op=index&goods_id=102474 ( act=goods&op=index ) 
ERR: Db Error: Unknown column 'geval_image_again' in 'where clause'
SELECT COUNT(*) AS nc_count FROM `zmkj_evaluate_goods` WHERE ( geval_goodsid = '102474' ) AND ( (geval_image <> '') OR (geval_image_again <> '') ) LIMIT 1  
[2018-03-14 10:42:00] /shop/index.php?act=goods&op=index&goods_id=101885 ( act=goods&op=index ) 
ERR: Db Error: Unknown column 'geval_image_again' in 'where clause'
SELECT COUNT(*) AS nc_count FROM `zmkj_evaluate_goods` WHERE ( geval_goodsid = '101885' ) AND ( (geval_image <> '') OR (geval_image_again <> '') ) LIMIT 1  
[2018-03-14 10:42:03] /shop/index.php?act=goods&op=index&goods_id=102474 ( act=goods&op=index ) 
ERR: Db Error: Unknown column 'geval_image_again' in 'where clause'
SELECT COUNT(*) AS nc_count FROM `zmkj_evaluate_goods` WHERE ( geval_goodsid = '102474' ) AND ( (geval_image <> '') OR (geval_image_again <> '') ) LIMIT 1  
[2018-03-14 10:42:39] /shop/index.php?act=goods&op=index&goods_id=102474 ( act=goods&op=index ) 
ERR: Db Error: Unknown column 'geval_image_again' in 'where clause'
SELECT COUNT(*) AS nc_count FROM `zmkj_evaluate_goods` WHERE ( geval_goodsid = '102474' ) AND ( (geval_image <> '') OR (geval_image_again <> '') ) LIMIT 1  
[2018-03-14 10:44:09] /shop/index.php?act=goods&op=index&goods_id=102474 ( act=goods&op=index ) 
ERR: Db Error: Unknown column 'geval_image_again' in 'where clause'
SELECT COUNT(*) AS nc_count FROM `zmkj_evaluate_goods` WHERE ( geval_goodsid = '102474' ) AND ( (geval_image <> '') OR (geval_image_again <> '') ) LIMIT 1  
[2018-03-14 10:45:17] /shop/index.php?act=goods&op=index&goods_id=102474 ( act=goods&op=index ) 
ERR: Db Error: Unknown column 'geval_image_again' in 'where clause'
SELECT COUNT(*) AS nc_count FROM `zmkj_evaluate_goods` WHERE ( geval_goodsid = '102474' ) AND ( (geval_image <> '') OR (geval_image_again <> '') ) LIMIT 1  
[2018-03-14 10:50:26] /shop/index.php?act=goods&op=index&goods_id=101885 ( act=goods&op=index ) 
ERR: Db Error: Unknown column 'geval_image_again' in 'where clause'
SELECT COUNT(*) AS nc_count FROM `zmkj_evaluate_goods` WHERE ( geval_goodsid = '101885' ) AND ( (geval_image <> '') OR (geval_image_again <> '') ) LIMIT 1  
[2018-03-14 10:52:18] /shop/index.php?act=goods&op=index&goods_id=102474 ( act=goods&op=index ) 
ERR: Db Error: Unknown column 'geval_image_again' in 'where clause'
SELECT COUNT(*) AS nc_count FROM `zmkj_evaluate_goods` WHERE ( geval_goodsid = '102474' ) AND ( (geval_image <> '') OR (geval_image_again <> '') ) LIMIT 1  
[2018-03-14 10:52:31] /shop/index.php?act=goods&op=index&goods_id=101885 ( act=goods&op=index ) 
ERR: Db Error: Unknown column 'geval_image_again' in 'where clause'
SELECT COUNT(*) AS nc_count FROM `zmkj_evaluate_goods` WHERE ( geval_goodsid = '101885' ) AND ( (geval_image <> '') OR (geval_image_again <> '') ) LIMIT 1  
[2018-03-14 10:53:55] /shop/index.php?act=goods&op=index&goods_id=101885 ( act=goods&op=index ) 
ERR: Db Error: Unknown column 'geval_image_again' in 'where clause'
SELECT COUNT(*) AS nc_count FROM `zmkj_evaluate_goods` WHERE ( geval_goodsid = '101885' ) AND ( (geval_image <> '') OR (geval_image_again <> '') ) LIMIT 1  
[2018-03-14 10:54:16] /shop/index.php?act=goods&op=index&goods_id=101910 ( act=goods&op=index ) 
ERR: Db Error: Unknown column 'geval_image_again' in 'where clause'
SELECT COUNT(*) AS nc_count FROM `zmkj_evaluate_goods` WHERE ( geval_goodsid = '101910' ) AND ( (geval_image <> '') OR (geval_image_again <> '') ) LIMIT 1  
[2018-03-14 10:54:29] /shop/index.php?act=goods&op=index&goods_id=101910 ( act=goods&op=index ) 
ERR: Db Error: Unknown column 'geval_image_again' in 'where clause'
SELECT COUNT(*) AS nc_count FROM `zmkj_evaluate_goods` WHERE ( geval_goodsid = '101910' ) AND ( (geval_image <> '') OR (geval_image_again <> '') ) LIMIT 1  
[2018-03-14 10:54:36] /shop/index.php?act=goods&op=index&goods_id=101905 ( act=goods&op=index ) 
ERR: Db Error: Unknown column 'geval_image_again' in 'where clause'
SELECT COUNT(*) AS nc_count FROM `zmkj_evaluate_goods` WHERE ( geval_goodsid = '101905' ) AND ( (geval_image <> '') OR (geval_image_again <> '') ) LIMIT 1  
[2018-03-14 10:54:48] /shop/index.php?act=goods&op=index&goods_id=101921 ( act=goods&op=index ) 
ERR: Db Error: Unknown column 'geval_image_again' in 'where clause'
SELECT COUNT(*) AS nc_count FROM `zmkj_evaluate_goods` WHERE ( geval_goodsid = '101921' ) AND ( (geval_image <> '') OR (geval_image_again <> '') ) LIMIT 1  
[2018-03-14 10:54:54] /shop/index.php?act=goods&op=index&goods_id=101915 ( act=goods&op=index ) 
ERR: Db Error: Unknown column 'geval_image_again' in 'where clause'
SELECT COUNT(*) AS nc_count FROM `zmkj_evaluate_goods` WHERE ( geval_goodsid = '101915' ) AND ( (geval_image <> '') OR (geval_image_again <> '') ) LIMIT 1  
[2018-03-14 10:54:58] /shop/index.php?act=goods&op=index&goods_id=101912 ( act=goods&op=index ) 
ERR: Db Error: Unknown column 'geval_image_again' in 'where clause'
SELECT COUNT(*) AS nc_count FROM `zmkj_evaluate_goods` WHERE ( geval_goodsid = '101912' ) AND ( (geval_image <> '') OR (geval_image_again <> '') ) LIMIT 1  
[2018-03-14 10:56:17] /shop/index.php?act=goods&op=index&goods_id=101910 ( act=goods&op=index ) 
ERR: Db Error: Unknown column 'geval_image_again' in 'where clause'
SELECT COUNT(*) AS nc_count FROM `zmkj_evaluate_goods` WHERE ( geval_goodsid = '101910' ) AND ( (geval_image <> '') OR (geval_image_again <> '') ) LIMIT 1  
[2018-03-14 10:58:01] /shop/index.php?act=goods&op=index&goods_id=102491 ( act=goods&op=index ) 
ERR: Db Error: Unknown column 'geval_image_again' in 'where clause'
SELECT COUNT(*) AS nc_count FROM `zmkj_evaluate_goods` WHERE ( geval_goodsid = '102491' ) AND ( (geval_image <> '') OR (geval_image_again <> '') ) LIMIT 1  
[2018-03-14 10:58:10] /shop/index.php?act=goods&op=index&goods_id=102487 ( act=goods&op=index ) 
ERR: Db Error: Unknown column 'geval_image_again' in 'where clause'
SELECT COUNT(*) AS nc_count FROM `zmkj_evaluate_goods` WHERE ( geval_goodsid = '102487' ) AND ( (geval_image <> '') OR (geval_image_again <> '') ) LIMIT 1  
[2018-03-14 10:58:26] /shop/index.php?act=goods&op=index&goods_id=102495 ( act=goods&op=index ) 
ERR: Db Error: Unknown column 'geval_image_again' in 'where clause'
SELECT COUNT(*) AS nc_count FROM `zmkj_evaluate_goods` WHERE ( geval_goodsid = '102495' ) AND ( (geval_image <> '') OR (geval_image_again <> '') ) LIMIT 1  
[2018-03-14 10:58:48] /shop/index.php?act=goods&op=index&goods_id=102487 ( act=goods&op=index ) 
ERR: Db Error: Unknown column 'geval_image_again' in 'where clause'
SELECT COUNT(*) AS nc_count FROM `zmkj_evaluate_goods` WHERE ( geval_goodsid = '102487' ) AND ( (geval_image <> '') OR (geval_image_again <> '') ) LIMIT 1  
[2018-03-14 10:58:52] /shop/index.php?act=goods&op=index&goods_id=102497 ( act=goods&op=index ) 
ERR: Db Error: Unknown column 'geval_image_again' in 'where clause'
SELECT COUNT(*) AS nc_count FROM `zmkj_evaluate_goods` WHERE ( geval_goodsid = '102497' ) AND ( (geval_image <> '') OR (geval_image_again <> '') ) LIMIT 1  
[2018-03-14 10:59:18] /shop/index.php?act=goods&op=index&goods_id=102487 ( act=goods&op=index ) 
ERR: Db Error: Unknown column 'geval_image_again' in 'where clause'
SELECT COUNT(*) AS nc_count FROM `zmkj_evaluate_goods` WHERE ( geval_goodsid = '102487' ) AND ( (geval_image <> '') OR (geval_image_again <> '') ) LIMIT 1  
[2018-03-14 10:59:24] /shop/index.php?act=goods&op=index&goods_id=102495 ( act=goods&op=index ) 
ERR: Db Error: Unknown column 'geval_image_again' in 'where clause'
SELECT COUNT(*) AS nc_count FROM `zmkj_evaluate_goods` WHERE ( geval_goodsid = '102495' ) AND ( (geval_image <> '') OR (geval_image_again <> '') ) LIMIT 1  
[2018-03-14 10:59:40] /shop/index.php?act=goods&op=index&goods_id=102487 ( act=goods&op=index ) 
ERR: Db Error: Unknown column 'geval_image_again' in 'where clause'
SELECT COUNT(*) AS nc_count FROM `zmkj_evaluate_goods` WHERE ( geval_goodsid = '102487' ) AND ( (geval_image <> '') OR (geval_image_again <> '') ) LIMIT 1  
[2018-03-14 10:59:50] /shop/index.php?act=goods&op=index&goods_id=102497 ( act=goods&op=index ) 
ERR: Db Error: Unknown column 'geval_image_again' in 'where clause'
SELECT COUNT(*) AS nc_count FROM `zmkj_evaluate_goods` WHERE ( geval_goodsid = '102497' ) AND ( (geval_image <> '') OR (geval_image_again <> '') ) LIMIT 1  
[2018-03-14 11:00:35] /shop/index.php?act=goods&op=index&goods_id=102487 ( act=goods&op=index ) 
ERR: Db Error: Unknown column 'geval_image_again' in 'where clause'
SELECT COUNT(*) AS nc_count FROM `zmkj_evaluate_goods` WHERE ( geval_goodsid = '102487' ) AND ( (geval_image <> '') OR (geval_image_again <> '') ) LIMIT 1  
[2018-03-14 11:01:07] /shop/index.php?act=goods&op=index&goods_id=102491 ( act=goods&op=index ) 
ERR: Db Error: Unknown column 'geval_image_again' in 'where clause'
SELECT COUNT(*) AS nc_count FROM `zmkj_evaluate_goods` WHERE ( geval_goodsid = '102491' ) AND ( (geval_image <> '') OR (geval_image_again <> '') ) LIMIT 1  
[2018-03-14 11:01:36] /shop/index.php?act=goods&op=index&goods_id=102491 ( act=goods&op=index ) 
ERR: Db Error: Unknown column 'geval_image_again' in 'where clause'
SELECT COUNT(*) AS nc_count FROM `zmkj_evaluate_goods` WHERE ( geval_goodsid = '102491' ) AND ( (geval_image <> '') OR (geval_image_again <> '') ) LIMIT 1  
[2018-03-14 11:02:10] /shop/index.php?act=goods&op=index&goods_id=101166 ( act=goods&op=index ) 
ERR: Db Error: Unknown column 'geval_image_again' in 'where clause'
SELECT COUNT(*) AS nc_count FROM `zmkj_evaluate_goods` WHERE ( geval_goodsid = '101166' ) AND ( (geval_image <> '') OR (geval_image_again <> '') ) LIMIT 1  
[2018-03-14 11:02:19] /shop/index.php?act=goods&op=index&goods_id=102491 ( act=goods&op=index ) 
ERR: Db Error: Unknown column 'geval_image_again' in 'where clause'
SELECT COUNT(*) AS nc_count FROM `zmkj_evaluate_goods` WHERE ( geval_goodsid = '102491' ) AND ( (geval_image <> '') OR (geval_image_again <> '') ) LIMIT 1  
[2018-03-14 11:02:55] /shop/index.php?act=goods&op=index&goods_id=102491 ( act=goods&op=index ) 
ERR: Db Error: Unknown column 'geval_image_again' in 'where clause'
SELECT COUNT(*) AS nc_count FROM `zmkj_evaluate_goods` WHERE ( geval_goodsid = '102491' ) AND ( (geval_image <> '') OR (geval_image_again <> '') ) LIMIT 1  
[2018-03-14 11:03:21] /shop/index.php?act=goods&op=index&goods_id=102491 ( act=goods&op=index ) 
ERR: Db Error: Unknown column 'geval_image_again' in 'where clause'
SELECT COUNT(*) AS nc_count FROM `zmkj_evaluate_goods` WHERE ( geval_goodsid = '102491' ) AND ( (geval_image <> '') OR (geval_image_again <> '') ) LIMIT 1  
[2018-03-14 11:04:35] /shop/index.php?act=goods&op=index&goods_id=102498 ( act=goods&op=index ) 
ERR: Db Error: Unknown column 'geval_image_again' in 'where clause'
SELECT COUNT(*) AS nc_count FROM `zmkj_evaluate_goods` WHERE ( geval_goodsid = '102498' ) AND ( (geval_image <> '') OR (geval_image_again <> '') ) LIMIT 1  
[2018-03-14 11:05:02] /shop/index.php?act=goods&op=index&goods_id=102498 ( act=goods&op=index ) 
ERR: Db Error: Unknown column 'geval_image_again' in 'where clause'
SELECT COUNT(*) AS nc_count FROM `zmkj_evaluate_goods` WHERE ( geval_goodsid = '102498' ) AND ( (geval_image <> '') OR (geval_image_again <> '') ) LIMIT 1  
[2018-03-14 11:05:25] /shop/index.php?act=goods&op=index&goods_id=102498 ( act=goods&op=index ) 
ERR: Db Error: Unknown column 'geval_image_again' in 'where clause'
SELECT COUNT(*) AS nc_count FROM `zmkj_evaluate_goods` WHERE ( geval_goodsid = '102498' ) AND ( (geval_image <> '') OR (geval_image_again <> '') ) LIMIT 1  
[2018-03-14 11:05:32] /shop/index.php?act=goods&op=index&goods_id=102498 ( act=goods&op=index ) 
ERR: Db Error: Unknown column 'geval_image_again' in 'where clause'
SELECT COUNT(*) AS nc_count FROM `zmkj_evaluate_goods` WHERE ( geval_goodsid = '102498' ) AND ( (geval_image <> '') OR (geval_image_again <> '') ) LIMIT 1  
[2018-03-14 11:05:56] /shop/index.php?act=goods&op=index&goods_id=102498 ( act=goods&op=index ) 
ERR: Db Error: Unknown column 'geval_image_again' in 'where clause'
SELECT COUNT(*) AS nc_count FROM `zmkj_evaluate_goods` WHERE ( geval_goodsid = '102498' ) AND ( (geval_image <> '') OR (geval_image_again <> '') ) LIMIT 1  
[2018-03-14 11:06:04] /shop/index.php?act=goods&op=index&goods_id=102498 ( act=goods&op=index ) 
ERR: Db Error: Unknown column 'geval_image_again' in 'where clause'
SELECT COUNT(*) AS nc_count FROM `zmkj_evaluate_goods` WHERE ( geval_goodsid = '102498' ) AND ( (geval_image <> '') OR (geval_image_again <> '') ) LIMIT 1  
[2018-03-14 11:06:46] /shop/index.php?act=goods&op=index&goods_id=102498 ( act=goods&op=index ) 
ERR: Db Error: Unknown column 'geval_image_again' in 'where clause'
SELECT COUNT(*) AS nc_count FROM `zmkj_evaluate_goods` WHERE ( geval_goodsid = '102498' ) AND ( (geval_image <> '') OR (geval_image_again <> '') ) LIMIT 1  
[2018-03-14 11:06:54] /shop/index.php?act=goods&op=index&goods_id=102498 ( act=goods&op=index ) 
ERR: Db Error: Unknown column 'geval_image_again' in 'where clause'
SELECT COUNT(*) AS nc_count FROM `zmkj_evaluate_goods` WHERE ( geval_goodsid = '102498' ) AND ( (geval_image <> '') OR (geval_image_again <> '') ) LIMIT 1  
[2018-03-14 11:07:15] /shop/index.php?act=goods&op=index&goods_id=102498 ( act=goods&op=index ) 
ERR: Db Error: Unknown column 'geval_image_again' in 'where clause'
SELECT COUNT(*) AS nc_count FROM `zmkj_evaluate_goods` WHERE ( geval_goodsid = '102498' ) AND ( (geval_image <> '') OR (geval_image_again <> '') ) LIMIT 1  
[2018-03-14 11:07:38] /shop/index.php?act=goods&op=index&goods_id=102498 ( act=goods&op=index ) 
ERR: Db Error: Unknown column 'geval_image_again' in 'where clause'
SELECT COUNT(*) AS nc_count FROM `zmkj_evaluate_goods` WHERE ( geval_goodsid = '102498' ) AND ( (geval_image <> '') OR (geval_image_again <> '') ) LIMIT 1  
[2018-03-14 11:08:04] /shop/index.php?act=goods&op=index&goods_id=102375 ( act=goods&op=index ) 
ERR: Db Error: Unknown column 'geval_image_again' in 'where clause'
SELECT COUNT(*) AS nc_count FROM `zmkj_evaluate_goods` WHERE ( geval_goodsid = '102375' ) AND ( (geval_image <> '') OR (geval_image_again <> '') ) LIMIT 1  
[2018-03-14 11:08:38] /shop/index.php?act=goods&op=index&goods_id=102375 ( act=goods&op=index ) 
ERR: Db Error: Unknown column 'geval_image_again' in 'where clause'
SELECT COUNT(*) AS nc_count FROM `zmkj_evaluate_goods` WHERE ( geval_goodsid = '102375' ) AND ( (geval_image <> '') OR (geval_image_again <> '') ) LIMIT 1  
[2018-03-14 11:08:49] /shop/index.php?act=goods&op=index&goods_id=102375 ( act=goods&op=index ) 
ERR: Db Error: Unknown column 'geval_image_again' in 'where clause'
SELECT COUNT(*) AS nc_count FROM `zmkj_evaluate_goods` WHERE ( geval_goodsid = '102375' ) AND ( (geval_image <> '') OR (geval_image_again <> '') ) LIMIT 1  
[2018-03-14 11:09:32] /shop/index.php?act=goods&op=index&goods_id=102375 ( act=goods&op=index ) 
ERR: Db Error: Unknown column 'geval_image_again' in 'where clause'
SELECT COUNT(*) AS nc_count FROM `zmkj_evaluate_goods` WHERE ( geval_goodsid = '102375' ) AND ( (geval_image <> '') OR (geval_image_again <> '') ) LIMIT 1  
[2018-03-14 11:10:07] /shop/index.php?act=goods&op=index&goods_id=102375 ( act=goods&op=index ) 
ERR: Db Error: Unknown column 'geval_image_again' in 'where clause'
SELECT COUNT(*) AS nc_count FROM `zmkj_evaluate_goods` WHERE ( geval_goodsid = '102375' ) AND ( (geval_image <> '') OR (geval_image_again <> '') ) LIMIT 1  
[2018-03-14 11:10:35] /shop/index.php?act=goods&op=index&goods_id=102375 ( act=goods&op=index ) 
ERR: Db Error: Unknown column 'geval_image_again' in 'where clause'
SELECT COUNT(*) AS nc_count FROM `zmkj_evaluate_goods` WHERE ( geval_goodsid = '102375' ) AND ( (geval_image <> '') OR (geval_image_again <> '') ) LIMIT 1  
[2018-03-14 11:16:53] /shop/index.php?act=goods&op=index&goods_id=100591 ( act=goods&op=index ) 
ERR: Db Error: Unknown column 'geval_image_again' in 'where clause'
SELECT COUNT(*) AS nc_count FROM `zmkj_evaluate_goods` WHERE ( geval_goodsid = '100591' ) AND ( (geval_image <> '') OR (geval_image_again <> '') ) LIMIT 1  
[2018-03-14 11:20:45] /shop/index.php?act=goods&op=index&goods_id=101767 ( act=goods&op=index ) 
ERR: Db Error: Unknown column 'geval_image_again' in 'where clause'
SELECT COUNT(*) AS nc_count FROM `zmkj_evaluate_goods` WHERE ( geval_goodsid = '101767' ) AND ( (geval_image <> '') OR (geval_image_again <> '') ) LIMIT 1  
[2018-03-14 11:20:54] /shop/index.php?act=goods&op=index&goods_id=101765 ( act=goods&op=index ) 
ERR: Db Error: Unknown column 'geval_image_again' in 'where clause'
SELECT COUNT(*) AS nc_count FROM `zmkj_evaluate_goods` WHERE ( geval_goodsid = '101765' ) AND ( (geval_image <> '') OR (geval_image_again <> '') ) LIMIT 1  
[2018-03-14 11:21:45] /shop/index.php?act=goods&op=index&goods_id=101765 ( act=goods&op=index ) 
ERR: Db Error: Unknown column 'geval_image_again' in 'where clause'
SELECT COUNT(*) AS nc_count FROM `zmkj_evaluate_goods` WHERE ( geval_goodsid = '101765' ) AND ( (geval_image <> '') OR (geval_image_again <> '') ) LIMIT 1  
[2018-03-14 11:29:04] /shop/index.php?act=goods&op=index&goods_id=101750 ( act=goods&op=index ) 
ERR: Db Error: Unknown column 'geval_image_again' in 'where clause'
SELECT COUNT(*) AS nc_count FROM `zmkj_evaluate_goods` WHERE ( geval_goodsid = '101750' ) AND ( (geval_image <> '') OR (geval_image_again <> '') ) LIMIT 1  
[2018-03-14 11:33:32] /shop/index.php?act=goods&op=index&goods_id=102501 ( act=goods&op=index ) 
ERR: Db Error: Unknown column 'geval_image_again' in 'where clause'
SELECT COUNT(*) AS nc_count FROM `zmkj_evaluate_goods` WHERE ( geval_goodsid = '102501' ) AND ( (geval_image <> '') OR (geval_image_again <> '') ) LIMIT 1  
[2018-03-14 11:33:38] /shop/index.php?act=goods&op=index&goods_id=102500 ( act=goods&op=index ) 
ERR: Db Error: Unknown column 'geval_image_again' in 'where clause'
SELECT COUNT(*) AS nc_count FROM `zmkj_evaluate_goods` WHERE ( geval_goodsid = '102500' ) AND ( (geval_image <> '') OR (geval_image_again <> '') ) LIMIT 1  
[2018-03-14 11:33:46] /shop/index.php?act=goods&op=index&goods_id=102497 ( act=goods&op=index ) 
ERR: Db Error: Unknown column 'geval_image_again' in 'where clause'
SELECT COUNT(*) AS nc_count FROM `zmkj_evaluate_goods` WHERE ( geval_goodsid = '102497' ) AND ( (geval_image <> '') OR (geval_image_again <> '') ) LIMIT 1  
[2018-03-14 11:33:56] /shop/index.php?act=goods&op=index&goods_id=102502 ( act=goods&op=index ) 
ERR: Db Error: Unknown column 'geval_image_again' in 'where clause'
SELECT COUNT(*) AS nc_count FROM `zmkj_evaluate_goods` WHERE ( geval_goodsid = '102502' ) AND ( (geval_image <> '') OR (geval_image_again <> '') ) LIMIT 1  
[2018-03-14 11:34:36] /shop/index.php?act=goods&op=index&goods_id=102500 ( act=goods&op=index ) 
ERR: Db Error: Unknown column 'geval_image_again' in 'where clause'
SELECT COUNT(*) AS nc_count FROM `zmkj_evaluate_goods` WHERE ( geval_goodsid = '102500' ) AND ( (geval_image <> '') OR (geval_image_again <> '') ) LIMIT 1  
[2018-03-14 11:34:44] /shop/index.php?act=goods&op=index&goods_id=102497 ( act=goods&op=index ) 
ERR: Db Error: Unknown column 'geval_image_again' in 'where clause'
SELECT COUNT(*) AS nc_count FROM `zmkj_evaluate_goods` WHERE ( geval_goodsid = '102497' ) AND ( (geval_image <> '') OR (geval_image_again <> '') ) LIMIT 1  
[2018-03-14 11:34:54] /shop/index.php?act=goods&op=index&goods_id=102502 ( act=goods&op=index ) 
ERR: Db Error: Unknown column 'geval_image_again' in 'where clause'
SELECT COUNT(*) AS nc_count FROM `zmkj_evaluate_goods` WHERE ( geval_goodsid = '102502' ) AND ( (geval_image <> '') OR (geval_image_again <> '') ) LIMIT 1  
[2018-03-14 11:35:30] /shop/index.php?act=goods&op=index&goods_id=101330 ( act=goods&op=index ) 
ERR: Db Error: Unknown column 'geval_image_again' in 'where clause'
SELECT COUNT(*) AS nc_count FROM `zmkj_evaluate_goods` WHERE ( geval_goodsid = '101330' ) AND ( (geval_image <> '') OR (geval_image_again <> '') ) LIMIT 1  
[2018-03-14 11:35:43] /shop/index.php?act=goods&op=index&goods_id=101665 ( act=goods&op=index ) 
ERR: Db Error: Unknown column 'geval_image_again' in 'where clause'
SELECT COUNT(*) AS nc_count FROM `zmkj_evaluate_goods` WHERE ( geval_goodsid = '101665' ) AND ( (geval_image <> '') OR (geval_image_again <> '') ) LIMIT 1  
[2018-03-14 11:39:27] /shop/index.php?act=goods&op=index&goods_id=101328 ( act=goods&op=index ) 
ERR: Db Error: Unknown column 'geval_image_again' in 'where clause'
SELECT COUNT(*) AS nc_count FROM `zmkj_evaluate_goods` WHERE ( geval_goodsid = '101328' ) AND ( (geval_image <> '') OR (geval_image_again <> '') ) LIMIT 1  
[2018-03-14 11:41:02] /shop/index.php?act=hot_sale&op=index ( act=hot_sale&op=index ) 
ERR: Db Error: You have an error in your SQL syntax; check the manual that corresponds to your MySQL server version for the right syntax to use near '' at line 1
select `member_id` from zmkj_store where store_id = 
[2018-03-14 11:41:09] /shop/index.php?act=hot_sale&op=index ( act=hot_sale&op=index ) 
ERR: Db Error: You have an error in your SQL syntax; check the manual that corresponds to your MySQL server version for the right syntax to use near '' at line 1
select `member_id` from zmkj_store where store_id = 
[2018-03-14 11:41:28] /shop/index.php?act=goods&op=index&goods_id=100591 ( act=goods&op=index ) 
ERR: Db Error: Unknown column 'geval_image_again' in 'where clause'
SELECT COUNT(*) AS nc_count FROM `zmkj_evaluate_goods` WHERE ( geval_goodsid = '100591' ) AND ( (geval_image <> '') OR (geval_image_again <> '') ) LIMIT 1  
[2018-03-14 11:42:21] /shop/index.php?act=goods&op=index&goods_id=102374 ( act=goods&op=index ) 
ERR: Db Error: Unknown column 'geval_image_again' in 'where clause'
SELECT COUNT(*) AS nc_count FROM `zmkj_evaluate_goods` WHERE ( geval_goodsid = '102374' ) AND ( (geval_image <> '') OR (geval_image_again <> '') ) LIMIT 1  
[2018-03-14 11:42:38] /shop/index.php?act=goods&op=index&goods_id=102375 ( act=goods&op=index ) 
ERR: Db Error: Unknown column 'geval_image_again' in 'where clause'
SELECT COUNT(*) AS nc_count FROM `zmkj_evaluate_goods` WHERE ( geval_goodsid = '102375' ) AND ( (geval_image <> '') OR (geval_image_again <> '') ) LIMIT 1  
[2018-03-14 11:43:10] /shop/index.php?act=goods&op=index&goods_id=100591 ( act=goods&op=index ) 
ERR: Db Error: Unknown column 'geval_image_again' in 'where clause'
SELECT COUNT(*) AS nc_count FROM `zmkj_evaluate_goods` WHERE ( geval_goodsid = '100591' ) AND ( (geval_image <> '') OR (geval_image_again <> '') ) LIMIT 1  
[2018-03-14 11:45:28] /shop/index.php?act=goods&op=index&goods_id=102374 ( act=goods&op=index ) 
ERR: Db Error: Unknown column 'geval_image_again' in 'where clause'
SELECT COUNT(*) AS nc_count FROM `zmkj_evaluate_goods` WHERE ( geval_goodsid = '102374' ) AND ( (geval_image <> '') OR (geval_image_again <> '') ) LIMIT 1  
[2018-03-14 11:45:43] /shop/index.php?act=goods&op=index&goods_id=102505 ( act=goods&op=index ) 
ERR: Db Error: Unknown column 'geval_image_again' in 'where clause'
SELECT COUNT(*) AS nc_count FROM `zmkj_evaluate_goods` WHERE ( geval_goodsid = '102505' ) AND ( (geval_image <> '') OR (geval_image_again <> '') ) LIMIT 1  
[2018-03-14 11:46:27] /shop/index.php?act=goods&op=index&goods_id=102506 ( act=goods&op=index ) 
ERR: Db Error: Unknown column 'geval_image_again' in 'where clause'
SELECT COUNT(*) AS nc_count FROM `zmkj_evaluate_goods` WHERE ( geval_goodsid = '102506' ) AND ( (geval_image <> '') OR (geval_image_again <> '') ) LIMIT 1  
[2018-03-14 11:47:46] /shop/index.php?act=goods&op=index&goods_id=102507 ( act=goods&op=index ) 
ERR: Db Error: Unknown column 'geval_image_again' in 'where clause'
SELECT COUNT(*) AS nc_count FROM `zmkj_evaluate_goods` WHERE ( geval_goodsid = '102507' ) AND ( (geval_image <> '') OR (geval_image_again <> '') ) LIMIT 1  
[2018-03-14 12:05:26] /shop/index.php?act=hot_sale&op=index ( act=hot_sale&op=index ) 
ERR: Db Error: You have an error in your SQL syntax; check the manual that corresponds to your MySQL server version for the right syntax to use near '' at line 1
select `member_id` from zmkj_store where store_id = 
[2018-03-14 12:05:32] /shop/index.php?act=hot_sale&op=index ( act=hot_sale&op=index ) 
ERR: Db Error: You have an error in your SQL syntax; check the manual that corresponds to your MySQL server version for the right syntax to use near '' at line 1
select `member_id` from zmkj_store where store_id = 
[2018-03-14 12:06:50] /shop/index.php?act=goods&op=index&goods_id=102512 ( act=goods&op=index ) 
ERR: Db Error: Unknown column 'geval_image_again' in 'where clause'
SELECT COUNT(*) AS nc_count FROM `zmkj_evaluate_goods` WHERE ( geval_goodsid = '102512' ) AND ( (geval_image <> '') OR (geval_image_again <> '') ) LIMIT 1  
[2018-03-14 12:06:56] /shop/index.php?act=goods&op=index&goods_id=102513 ( act=goods&op=index ) 
ERR: Db Error: Unknown column 'geval_image_again' in 'where clause'
SELECT COUNT(*) AS nc_count FROM `zmkj_evaluate_goods` WHERE ( geval_goodsid = '102513' ) AND ( (geval_image <> '') OR (geval_image_again <> '') ) LIMIT 1  
[2018-03-14 12:07:03] /shop/index.php?act=goods&op=index&goods_id=102507 ( act=goods&op=index ) 
ERR: Db Error: Unknown column 'geval_image_again' in 'where clause'
SELECT COUNT(*) AS nc_count FROM `zmkj_evaluate_goods` WHERE ( geval_goodsid = '102507' ) AND ( (geval_image <> '') OR (geval_image_again <> '') ) LIMIT 1  
[2018-03-14 12:07:07] /shop/index.php?act=goods&op=index&goods_id=102513 ( act=goods&op=index ) 
ERR: Db Error: Unknown column 'geval_image_again' in 'where clause'
SELECT COUNT(*) AS nc_count FROM `zmkj_evaluate_goods` WHERE ( geval_goodsid = '102513' ) AND ( (geval_image <> '') OR (geval_image_again <> '') ) LIMIT 1  
[2018-03-14 12:07:14] /shop/index.php?act=goods&op=index&goods_id=102506 ( act=goods&op=index ) 
ERR: Db Error: Unknown column 'geval_image_again' in 'where clause'
SELECT COUNT(*) AS nc_count FROM `zmkj_evaluate_goods` WHERE ( geval_goodsid = '102506' ) AND ( (geval_image <> '') OR (geval_image_again <> '') ) LIMIT 1  
[2018-03-14 12:07:22] /shop/index.php?act=goods&op=index&goods_id=102506 ( act=goods&op=index ) 
ERR: Db Error: Unknown column 'geval_image_again' in 'where clause'
SELECT COUNT(*) AS nc_count FROM `zmkj_evaluate_goods` WHERE ( geval_goodsid = '102506' ) AND ( (geval_image <> '') OR (geval_image_again <> '') ) LIMIT 1  
[2018-03-14 12:08:50] /shop/index.php?act=goods&op=index&goods_id=101360 ( act=goods&op=index ) 
ERR: Db Error: Unknown column 'geval_image_again' in 'where clause'
SELECT COUNT(*) AS nc_count FROM `zmkj_evaluate_goods` WHERE ( geval_goodsid = '101360' ) AND ( (geval_image <> '') OR (geval_image_again <> '') ) LIMIT 1  
[2018-03-14 12:42:10] /shop/index.php?act=goods&op=index&goods_id=101749 ( act=goods&op=index ) 
ERR: Db Error: Unknown column 'geval_image_again' in 'where clause'
SELECT COUNT(*) AS nc_count FROM `zmkj_evaluate_goods` WHERE ( geval_goodsid = '101749' ) AND ( (geval_image <> '') OR (geval_image_again <> '') ) LIMIT 1  
[2018-03-14 13:15:30] /shop/index.php?act=goods&op=index&goods_id=101611 ( act=goods&op=index ) 
ERR: Db Error: Unknown column 'geval_image_again' in 'where clause'
SELECT COUNT(*) AS nc_count FROM `zmkj_evaluate_goods` WHERE ( geval_goodsid = '101611' ) AND ( (geval_image <> '') OR (geval_image_again <> '') ) LIMIT 1  
[2018-03-14 13:33:55] /shop/index.php?act=goods&op=index&goods_id=102502 ( act=goods&op=index ) 
ERR: Db Error: Unknown column 'geval_image_again' in 'where clause'
SELECT COUNT(*) AS nc_count FROM `zmkj_evaluate_goods` WHERE ( geval_goodsid = '102502' ) AND ( (geval_image <> '') OR (geval_image_again <> '') ) LIMIT 1  
[2018-03-14 13:34:56] /shop/index.php?act=goods&op=index&goods_id=100624 ( act=goods&op=index ) 
ERR: Db Error: Unknown column 'geval_image_again' in 'where clause'
SELECT COUNT(*) AS nc_count FROM `zmkj_evaluate_goods` WHERE ( geval_goodsid = '100624' ) AND ( (geval_image <> '') OR (geval_image_again <> '') ) LIMIT 1  
[2018-03-14 13:48:50] /shop/index.php?act=goods&op=index&goods_id=100592 ( act=goods&op=index ) 
ERR: Db Error: Unknown column 'geval_image_again' in 'where clause'
SELECT COUNT(*) AS nc_count FROM `zmkj_evaluate_goods` WHERE ( geval_goodsid = '100592' ) AND ( (geval_image <> '') OR (geval_image_again <> '') ) LIMIT 1  
[2018-03-14 13:54:23] /shop/index.php?act=goods&op=index&goods_id=102375 ( act=goods&op=index ) 
ERR: Db Error: Unknown column 'geval_image_again' in 'where clause'
SELECT COUNT(*) AS nc_count FROM `zmkj_evaluate_goods` WHERE ( geval_goodsid = '102375' ) AND ( (geval_image <> '') OR (geval_image_again <> '') ) LIMIT 1  
[2018-03-14 13:54:38] /shop/index.php?act=goods&op=index&goods_id=102375 ( act=goods&op=index ) 
ERR: Db Error: Unknown column 'geval_image_again' in 'where clause'
SELECT COUNT(*) AS nc_count FROM `zmkj_evaluate_goods` WHERE ( geval_goodsid = '102375' ) AND ( (geval_image <> '') OR (geval_image_again <> '') ) LIMIT 1  
[2018-03-14 13:59:23] /shop/index.php?act=goods&goods_id=100747 ( act=goods&op=index ) 
ERR: Db Error: Unknown column 'geval_image_again' in 'where clause'
SELECT COUNT(*) AS nc_count FROM `zmkj_evaluate_goods` WHERE ( geval_goodsid = '100747' ) AND ( (geval_image <> '') OR (geval_image_again <> '') ) LIMIT 1  
[2018-03-14 13:59:46] /shop/index.php?act=goods&goods_id=100747 ( act=goods&op=index ) 
ERR: Db Error: Unknown column 'geval_image_again' in 'where clause'
SELECT COUNT(*) AS nc_count FROM `zmkj_evaluate_goods` WHERE ( geval_goodsid = '100747' ) AND ( (geval_image <> '') OR (geval_image_again <> '') ) LIMIT 1  
[2018-03-14 14:06:41] /shop/index.php?act=goods&goods_id=101832&op=comments_list ( act=goods&op=comments_list ) 
ERR: Db Error: Unknown column 'geval_image_again' in 'where clause'
SELECT COUNT(*) AS nc_count FROM `zmkj_evaluate_goods` WHERE ( geval_goodsid = '101832' ) AND ( (geval_image <> '') OR (geval_image_again <> '') ) LIMIT 1  
[2018-03-14 14:06:43] /shop/index.php?act=goods&goods_id=102102&op=index ( act=goods&op=index ) 
ERR: Db Error: Unknown column 'geval_image_again' in 'where clause'
SELECT COUNT(*) AS nc_count FROM `zmkj_evaluate_goods` WHERE ( geval_goodsid = '102102' ) AND ( (geval_image <> '') OR (geval_image_again <> '') ) LIMIT 1  
[2018-03-14 14:09:45] /shop/index.php?act=goods&goods_id=100747 ( act=goods&op=index ) 
ERR: Db Error: Unknown column 'geval_image_again' in 'where clause'
SELECT COUNT(*) AS nc_count FROM `zmkj_evaluate_goods` WHERE ( geval_goodsid = '100747' ) AND ( (geval_image <> '') OR (geval_image_again <> '') ) LIMIT 1  
[2018-03-14 14:10:42] /shop/index.php?act=goods&op=index&goods_id=102514 ( act=goods&op=index ) 
ERR: Db Error: Unknown column 'geval_image_again' in 'where clause'
SELECT COUNT(*) AS nc_count FROM `zmkj_evaluate_goods` WHERE ( geval_goodsid = '102514' ) AND ( (geval_image <> '') OR (geval_image_again <> '') ) LIMIT 1  
[2018-03-14 14:22:10] /shop/index.php?act=goods&op=index&goods_id=101835 ( act=goods&op=index ) 
ERR: Db Error: Unknown column 'geval_image_again' in 'where clause'
SELECT COUNT(*) AS nc_count FROM `zmkj_evaluate_goods` WHERE ( geval_goodsid = '101835' ) AND ( (geval_image <> '') OR (geval_image_again <> '') ) LIMIT 1  
[2018-03-14 14:55:30] /shop/index.php?act=goods&op=index&goods_id=101793 ( act=goods&op=index ) 
ERR: Db Error: Unknown column 'geval_image_again' in 'where clause'
SELECT COUNT(*) AS nc_count FROM `zmkj_evaluate_goods` WHERE ( geval_goodsid = '101793' ) AND ( (geval_image <> '') OR (geval_image_again <> '') ) LIMIT 1  
[2018-03-14 15:25:55] /shop/index.php?act=goods&op=index&goods_id=102516 ( act=goods&op=index ) 
ERR: Db Error: Unknown column 'geval_image_again' in 'where clause'
SELECT COUNT(*) AS nc_count FROM `zmkj_evaluate_goods` WHERE ( geval_goodsid = '102516' ) AND ( (geval_image <> '') OR (geval_image_again <> '') ) LIMIT 1  
[2018-03-14 15:28:50] /shop/index.php?act=goods&op=index&goods_id=100589 ( act=goods&op=index ) 
ERR: Db Error: Unknown column 'geval_image_again' in 'where clause'
SELECT COUNT(*) AS nc_count FROM `zmkj_evaluate_goods` WHERE ( geval_goodsid = '100589' ) AND ( (geval_image <> '') OR (geval_image_again <> '') ) LIMIT 1  
[2018-03-14 15:35:18] /shop/index.php?act=goods&op=index&goods_id=101232 ( act=goods&op=index ) 
ERR: Db Error: Unknown column 'geval_image_again' in 'where clause'
SELECT COUNT(*) AS nc_count FROM `zmkj_evaluate_goods` WHERE ( geval_goodsid = '101232' ) AND ( (geval_image <> '') OR (geval_image_again <> '') ) LIMIT 1  
[2018-03-14 15:35:24] /shop/index.php?act=goods&op=index&goods_id=101232 ( act=goods&op=index ) 
ERR: Db Error: Unknown column 'geval_image_again' in 'where clause'
SELECT COUNT(*) AS nc_count FROM `zmkj_evaluate_goods` WHERE ( geval_goodsid = '101232' ) AND ( (geval_image <> '') OR (geval_image_again <> '') ) LIMIT 1  
[2018-03-14 15:36:34] /shop/index.php?act=goods&op=index&goods_id=101232 ( act=goods&op=index ) 
ERR: Db Error: Unknown column 'geval_image_again' in 'where clause'
SELECT COUNT(*) AS nc_count FROM `zmkj_evaluate_goods` WHERE ( geval_goodsid = '101232' ) AND ( (geval_image <> '') OR (geval_image_again <> '') ) LIMIT 1  
[2018-03-14 15:38:05] /shop/index.php?act=goods&op=index&goods_id=101232&from=groupmessage ( act=goods&op=index ) 
ERR: Db Error: Unknown column 'geval_image_again' in 'where clause'
SELECT COUNT(*) AS nc_count FROM `zmkj_evaluate_goods` WHERE ( geval_goodsid = '101232' ) AND ( (geval_image <> '') OR (geval_image_again <> '') ) LIMIT 1  
[2018-03-14 15:42:40] /shop/index.php?act=goods&op=index&goods_id=102518 ( act=goods&op=index ) 
ERR: Db Error: Unknown column 'geval_image_again' in 'where clause'
SELECT COUNT(*) AS nc_count FROM `zmkj_evaluate_goods` WHERE ( geval_goodsid = '102518' ) AND ( (geval_image <> '') OR (geval_image_again <> '') ) LIMIT 1  
[2018-03-14 15:50:21] /shop/index.php?act=goods&op=index&goods_id=102520 ( act=goods&op=index ) 
ERR: Db Error: Unknown column 'geval_image_again' in 'where clause'
SELECT COUNT(*) AS nc_count FROM `zmkj_evaluate_goods` WHERE ( geval_goodsid = '102520' ) AND ( (geval_image <> '') OR (geval_image_again <> '') ) LIMIT 1  
[2018-03-14 16:00:56] /shop/index.php?act=goods&op=index&goods_id=102521 ( act=goods&op=index ) 
ERR: Db Error: Unknown column 'geval_image_again' in 'where clause'
SELECT COUNT(*) AS nc_count FROM `zmkj_evaluate_goods` WHERE ( geval_goodsid = '102521' ) AND ( (geval_image <> '') OR (geval_image_again <> '') ) LIMIT 1  
[2018-03-14 16:02:10] /shop/index.php?act=goods&op=index&goods_id=101501 ( act=goods&op=index ) 
ERR: Db Error: Unknown column 'geval_image_again' in 'where clause'
SELECT COUNT(*) AS nc_count FROM `zmkj_evaluate_goods` WHERE ( geval_goodsid = '101501' ) AND ( (geval_image <> '') OR (geval_image_again <> '') ) LIMIT 1  
[2018-03-14 16:35:30] /shop/index.php?act=goods&op=index&goods_id=101547 ( act=goods&op=index ) 
ERR: Db Error: Unknown column 'geval_image_again' in 'where clause'
SELECT COUNT(*) AS nc_count FROM `zmkj_evaluate_goods` WHERE ( geval_goodsid = '101547' ) AND ( (geval_image <> '') OR (geval_image_again <> '') ) LIMIT 1  
[2018-03-14 16:37:24] /shop/index.php?act=goods&op=index&goods_id=102542 ( act=goods&op=index ) 
ERR: Db Error: Unknown column 'geval_image_again' in 'where clause'
SELECT COUNT(*) AS nc_count FROM `zmkj_evaluate_goods` WHERE ( geval_goodsid = '102542' ) AND ( (geval_image <> '') OR (geval_image_again <> '') ) LIMIT 1  
[2018-03-14 16:46:27] /shop/index.php?act=goods&op=index&goods_id=101262 ( act=goods&op=index ) 
ERR: Db Error: Unknown column 'geval_image_again' in 'where clause'
SELECT COUNT(*) AS nc_count FROM `zmkj_evaluate_goods` WHERE ( geval_goodsid = '101262' ) AND ( (geval_image <> '') OR (geval_image_again <> '') ) LIMIT 1  
[2018-03-14 17:08:50] /shop/index.php?act=goods&op=index&goods_id=100586 ( act=goods&op=index ) 
ERR: Db Error: Unknown column 'geval_image_again' in 'where clause'
SELECT COUNT(*) AS nc_count FROM `zmkj_evaluate_goods` WHERE ( geval_goodsid = '100586' ) AND ( (geval_image <> '') OR (geval_image_again <> '') ) LIMIT 1  
[2018-03-14 17:42:10] /shop/index.php?act=goods&op=index&goods_id=102375 ( act=goods&op=index ) 
ERR: Db Error: Unknown column 'geval_image_again' in 'where clause'
SELECT COUNT(*) AS nc_count FROM `zmkj_evaluate_goods` WHERE ( geval_goodsid = '102375' ) AND ( (geval_image <> '') OR (geval_image_again <> '') ) LIMIT 1  
[2018-03-14 17:49:01] /shop/index.php?act=goods&op=comments_list&goods_id=101201 ( act=goods&op=comments_list ) 
ERR: Db Error: Unknown column 'geval_image_again' in 'where clause'
SELECT COUNT(*) AS nc_count FROM `zmkj_evaluate_goods` WHERE ( geval_goodsid = '101201' ) AND ( (geval_image <> '') OR (geval_image_again <> '') ) LIMIT 1  
[2018-03-14 18:15:30] /shop/index.php?act=goods&op=index&goods_id=101329 ( act=goods&op=index ) 
ERR: Db Error: Unknown column 'geval_image_again' in 'where clause'
SELECT COUNT(*) AS nc_count FROM `zmkj_evaluate_goods` WHERE ( geval_goodsid = '101329' ) AND ( (geval_image <> '') OR (geval_image_again <> '') ) LIMIT 1  
[2018-03-14 18:48:50] /shop/index.php?act=goods&op=index&goods_id=100604 ( act=goods&op=index ) 
ERR: Db Error: Unknown column 'geval_image_again' in 'where clause'
SELECT COUNT(*) AS nc_count FROM `zmkj_evaluate_goods` WHERE ( geval_goodsid = '100604' ) AND ( (geval_image <> '') OR (geval_image_again <> '') ) LIMIT 1  
[2018-03-14 18:52:43] /shop/index.php?act=hot_sale&op=index ( act=hot_sale&op=index ) 
ERR: Db Error: You have an error in your SQL syntax; check the manual that corresponds to your MySQL server version for the right syntax to use near '' at line 1
select `member_id` from zmkj_store where store_id = 
[2018-03-14 18:53:43] /shop/index.php?act=hot_sale&op=index ( act=hot_sale&op=index ) 
ERR: Db Error: You have an error in your SQL syntax; check the manual that corresponds to your MySQL server version for the right syntax to use near '' at line 1
select `member_id` from zmkj_store where store_id = 
[2018-03-14 19:28:41] /shop/index.php?act=goods&op=index&goods_id=100826 ( act=goods&op=index ) 
ERR: Db Error: Unknown column 'geval_image_again' in 'where clause'
SELECT COUNT(*) AS nc_count FROM `zmkj_evaluate_goods` WHERE ( geval_goodsid = '100826' ) AND ( (geval_image <> '') OR (geval_image_again <> '') ) LIMIT 1  
[2018-03-14 19:32:58] /shop/index.php?act=goods&op=index&goods_id=102210 ( act=goods&op=index ) 
ERR: Db Error: Unknown column 'geval_image_again' in 'where clause'
SELECT COUNT(*) AS nc_count FROM `zmkj_evaluate_goods` WHERE ( geval_goodsid = '102210' ) AND ( (geval_image <> '') OR (geval_image_again <> '') ) LIMIT 1  
[2018-03-14 19:33:25] /shop/index.php?act=hot_sale&op=index ( act=hot_sale&op=index ) 
ERR: Db Error: You have an error in your SQL syntax; check the manual that corresponds to your MySQL server version for the right syntax to use near '' at line 1
select `member_id` from zmkj_store where store_id = 
[2018-03-14 20:04:18] /shop/index.php?act=goods&op=index&goods_id=102055 ( act=goods&op=index ) 
ERR: Db Error: Unknown column 'geval_image_again' in 'where clause'
SELECT COUNT(*) AS nc_count FROM `zmkj_evaluate_goods` WHERE ( geval_goodsid = '102055' ) AND ( (geval_image <> '') OR (geval_image_again <> '') ) LIMIT 1  
[2018-03-14 20:28:13] /shop/index.php?act=goods&op=index&goods_id=101784 ( act=goods&op=index ) 
ERR: Db Error: Unknown column 'geval_image_again' in 'where clause'
SELECT COUNT(*) AS nc_count FROM `zmkj_evaluate_goods` WHERE ( geval_goodsid = '101784' ) AND ( (geval_image <> '') OR (geval_image_again <> '') ) LIMIT 1  
[2018-03-14 21:01:07] /shop/index.php?act=goods&op=index&goods_id=101232&from=groupmessage ( act=goods&op=index ) 
ERR: Db Error: Unknown column 'geval_image_again' in 'where clause'
SELECT COUNT(*) AS nc_count FROM `zmkj_evaluate_goods` WHERE ( geval_goodsid = '101232' ) AND ( (geval_image <> '') OR (geval_image_again <> '') ) LIMIT 1  
[2018-03-14 21:08:25] /shop/index.php?act=goods&op=index&goods_id=101538 ( act=goods&op=index ) 
ERR: Db Error: Unknown column 'geval_image_again' in 'where clause'
SELECT COUNT(*) AS nc_count FROM `zmkj_evaluate_goods` WHERE ( geval_goodsid = '101538' ) AND ( (geval_image <> '') OR (geval_image_again <> '') ) LIMIT 1  
[2018-03-14 21:11:22] /shop/index.php?act=goods&op=index&goods_id=102468 ( act=goods&op=index ) 
ERR: Db Error: Unknown column 'geval_image_again' in 'where clause'
SELECT COUNT(*) AS nc_count FROM `zmkj_evaluate_goods` WHERE ( geval_goodsid = '102468' ) AND ( (geval_image <> '') OR (geval_image_again <> '') ) LIMIT 1  
[2018-03-14 21:22:00] /shop/index.php?act=goods&op=index&goods_id=102473 ( act=goods&op=index ) 
ERR: Db Error: Unknown column 'geval_image_again' in 'where clause'
SELECT COUNT(*) AS nc_count FROM `zmkj_evaluate_goods` WHERE ( geval_goodsid = '102473' ) AND ( (geval_image <> '') OR (geval_image_again <> '') ) LIMIT 1  
[2018-03-14 22:48:32] /shop/index.php?act=goods&op=index&goods_id=100590 ( act=goods&op=index ) 
ERR: Db Error: Unknown column 'geval_image_again' in 'where clause'
SELECT COUNT(*) AS nc_count FROM `zmkj_evaluate_goods` WHERE ( geval_goodsid = '100590' ) AND ( (geval_image <> '') OR (geval_image_again <> '') ) LIMIT 1  
[2018-03-14 23:21:53] /shop/index.php?act=goods&op=index&goods_id=101331 ( act=goods&op=index ) 
ERR: Db Error: Unknown column 'geval_image_again' in 'where clause'
SELECT COUNT(*) AS nc_count FROM `zmkj_evaluate_goods` WHERE ( geval_goodsid = '101331' ) AND ( (geval_image <> '') OR (geval_image_again <> '') ) LIMIT 1  
[2018-03-14 23:55:12] /shop/index.php?act=goods&op=index&goods_id=102147 ( act=goods&op=index ) 
ERR: Db Error: Unknown column 'geval_image_again' in 'where clause'
SELECT COUNT(*) AS nc_count FROM `zmkj_evaluate_goods` WHERE ( geval_goodsid = '102147' ) AND ( (geval_image <> '') OR (geval_image_again <> '') ) LIMIT 1  
