[2018-07-18 00:26:00] /shop/index.php?act=goods&op=comments_list&goods_id=102012 ( act=goods&op=comments_list ) 
ERR: Db Error: Unknown column 'geval_image_again' in 'where clause'
SELECT COUNT(*) AS nc_count FROM `zmkj_evaluate_goods` WHERE ( geval_goodsid = '102012' ) AND ( (geval_image <> '') OR (geval_image_again <> '') ) LIMIT 1  
[2018-07-18 00:34:18] /shop/index.php?act=goods&op=comments_list&goods_id=102057 ( act=goods&op=comments_list ) 
ERR: Db Error: Unknown column 'geval_image_again' in 'where clause'
SELECT COUNT(*) AS nc_count FROM `zmkj_evaluate_goods` WHERE ( geval_goodsid = '102057' ) AND ( (geval_image <> '') OR (geval_image_again <> '') ) LIMIT 1  
[2018-07-18 00:48:43] /shop/index.php?act=goods&op=comments_list&goods_id=103426 ( act=goods&op=comments_list ) 
ERR: Db Error: Unknown column 'geval_image_again' in 'where clause'
SELECT COUNT(*) AS nc_count FROM `zmkj_evaluate_goods` WHERE ( geval_goodsid = '103426' ) AND ( (geval_image <> '') OR (geval_image_again <> '') ) LIMIT 1  
[2018-07-18 00:52:20] /shop/index.php?act=search&cate_id=2192&op=index ( act=search&op=index ) 
ERR: Db Error: Unknown column 'gc_id_' in 'where clause'
SELECT count(distinct CONCAT(goods_commonid)) AS nc_count FROM `zmkj_goods` WHERE ( gc_id_ = '2192' ) AND ( goods_state = '1' ) AND ( goods_verify = '1' ) LIMIT 1  
[2018-07-18 00:56:20] /shop/index.php?act=goods&op=comments_list&goods_id=105511 ( act=goods&op=comments_list ) 
ERR: Db Error: Unknown column 'geval_image_again' in 'where clause'
SELECT COUNT(*) AS nc_count FROM `zmkj_evaluate_goods` WHERE ( geval_goodsid = '105511' ) AND ( (geval_image <> '') OR (geval_image_again <> '') ) LIMIT 1  
[2018-07-18 01:22:00] /shop/index.php?act=goods&op=comments_list&goods_id=102002 ( act=goods&op=comments_list ) 
ERR: Db Error: Unknown column 'geval_image_again' in 'where clause'
SELECT COUNT(*) AS nc_count FROM `zmkj_evaluate_goods` WHERE ( geval_goodsid = '102002' ) AND ( (geval_image <> '') OR (geval_image_again <> '') ) LIMIT 1  
[2018-07-18 01:28:25] /shop/index.php?act=goods&op=comments_list&goods_id=102069 ( act=goods&op=comments_list ) 
ERR: Db Error: Unknown column 'geval_image_again' in 'where clause'
SELECT COUNT(*) AS nc_count FROM `zmkj_evaluate_goods` WHERE ( geval_goodsid = '102069' ) AND ( (geval_image <> '') OR (geval_image_again <> '') ) LIMIT 1  
[2018-07-18 01:32:21] /shop/index.php?act=goods&op=comments_list&goods_id=104708 ( act=goods&op=comments_list ) 
ERR: Db Error: Unknown column 'geval_image_again' in 'where clause'
SELECT COUNT(*) AS nc_count FROM `zmkj_evaluate_goods` WHERE ( geval_goodsid = '104708' ) AND ( (geval_image <> '') OR (geval_image_again <> '') ) LIMIT 1  
[2018-07-18 01:33:00] /shop/index.php?act=goods&op=comments_list&goods_id=104444 ( act=goods&op=comments_list ) 
ERR: Db Error: Unknown column 'geval_image_again' in 'where clause'
SELECT COUNT(*) AS nc_count FROM `zmkj_evaluate_goods` WHERE ( geval_goodsid = '104444' ) AND ( (geval_image <> '') OR (geval_image_again <> '') ) LIMIT 1  
[2018-07-18 01:36:49] /shop/index.php?act=goods&op=comments_list&goods_id=103708 ( act=goods&op=comments_list ) 
ERR: Db Error: Unknown column 'geval_image_again' in 'where clause'
SELECT COUNT(*) AS nc_count FROM `zmkj_evaluate_goods` WHERE ( geval_goodsid = '103708' ) AND ( (geval_image <> '') OR (geval_image_again <> '') ) LIMIT 1  
[2018-07-18 01:41:01] /shop/index.php?act=goods&op=comments_list&goods_id=102473 ( act=goods&op=comments_list ) 
ERR: Db Error: Unknown column 'geval_image_again' in 'where clause'
SELECT COUNT(*) AS nc_count FROM `zmkj_evaluate_goods` WHERE ( geval_goodsid = '102473' ) AND ( (geval_image <> '') OR (geval_image_again <> '') ) LIMIT 1  
[2018-07-18 01:45:12] /shop/index.php?act=goods&op=comments_list&goods_id=103715 ( act=goods&op=comments_list ) 
ERR: Db Error: Unknown column 'geval_image_again' in 'where clause'
SELECT COUNT(*) AS nc_count FROM `zmkj_evaluate_goods` WHERE ( geval_goodsid = '103715' ) AND ( (geval_image <> '') OR (geval_image_again <> '') ) LIMIT 1  
[2018-07-18 01:53:36] /shop/index.php?act=goods&op=comments_list&goods_id=103691 ( act=goods&op=comments_list ) 
ERR: Db Error: Unknown column 'geval_image_again' in 'where clause'
SELECT COUNT(*) AS nc_count FROM `zmkj_evaluate_goods` WHERE ( geval_goodsid = '103691' ) AND ( (geval_image <> '') OR (geval_image_again <> '') ) LIMIT 1  
[2018-07-18 01:56:52] /shop/index.php?act=goods&op=comments_list&goods_id=102031 ( act=goods&op=comments_list ) 
ERR: Db Error: Unknown column 'geval_image_again' in 'where clause'
SELECT COUNT(*) AS nc_count FROM `zmkj_evaluate_goods` WHERE ( geval_goodsid = '102031' ) AND ( (geval_image <> '') OR (geval_image_again <> '') ) LIMIT 1  
[2018-07-18 02:02:21] /shop/index.php?act=goods&op=comments_list&goods_id=104699 ( act=goods&op=comments_list ) 
ERR: Db Error: Unknown column 'geval_image_again' in 'where clause'
SELECT COUNT(*) AS nc_count FROM `zmkj_evaluate_goods` WHERE ( geval_goodsid = '104699' ) AND ( (geval_image <> '') OR (geval_image_again <> '') ) LIMIT 1  
[2018-07-18 02:06:36] /shop/index.php?act=goods&op=comments_list&goods_id=104705 ( act=goods&op=comments_list ) 
ERR: Db Error: Unknown column 'geval_image_again' in 'where clause'
SELECT COUNT(*) AS nc_count FROM `zmkj_evaluate_goods` WHERE ( geval_goodsid = '104705' ) AND ( (geval_image <> '') OR (geval_image_again <> '') ) LIMIT 1  
[2018-07-18 02:10:23] /shop/index.php?act=goods&op=comments_list&goods_id=102071 ( act=goods&op=comments_list ) 
ERR: Db Error: Unknown column 'geval_image_again' in 'where clause'
SELECT COUNT(*) AS nc_count FROM `zmkj_evaluate_goods` WHERE ( geval_goodsid = '102071' ) AND ( (geval_image <> '') OR (geval_image_again <> '') ) LIMIT 1  
[2018-07-18 02:13:22] /shop/index.php?act=goods&op=comments_list&goods_id=102615 ( act=goods&op=comments_list ) 
ERR: Db Error: Unknown column 'geval_image_again' in 'where clause'
SELECT COUNT(*) AS nc_count FROM `zmkj_evaluate_goods` WHERE ( geval_goodsid = '102615' ) AND ( (geval_image <> '') OR (geval_image_again <> '') ) LIMIT 1  
[2018-07-18 02:14:35] /shop/index.php?act=goods&op=comments_list&goods_id=103722 ( act=goods&op=comments_list ) 
ERR: Db Error: Unknown column 'geval_image_again' in 'where clause'
SELECT COUNT(*) AS nc_count FROM `zmkj_evaluate_goods` WHERE ( geval_goodsid = '103722' ) AND ( (geval_image <> '') OR (geval_image_again <> '') ) LIMIT 1  
[2018-07-18 02:18:47] /shop/index.php?act=goods&op=comments_list&goods_id=102085 ( act=goods&op=comments_list ) 
ERR: Db Error: Unknown column 'geval_image_again' in 'where clause'
SELECT COUNT(*) AS nc_count FROM `zmkj_evaluate_goods` WHERE ( geval_goodsid = '102085' ) AND ( (geval_image <> '') OR (geval_image_again <> '') ) LIMIT 1  
[2018-07-18 02:22:59] /shop/index.php?act=goods&op=comments_list&goods_id=101942 ( act=goods&op=comments_list ) 
ERR: Db Error: Unknown column 'geval_image_again' in 'where clause'
SELECT COUNT(*) AS nc_count FROM `zmkj_evaluate_goods` WHERE ( geval_goodsid = '101942' ) AND ( (geval_image <> '') OR (geval_image_again <> '') ) LIMIT 1  
[2018-07-18 02:35:34] /shop/index.php?act=goods&op=comments_list&goods_id=102906 ( act=goods&op=comments_list ) 
ERR: Db Error: Unknown column 'geval_image_again' in 'where clause'
SELECT COUNT(*) AS nc_count FROM `zmkj_evaluate_goods` WHERE ( geval_goodsid = '102906' ) AND ( (geval_image <> '') OR (geval_image_again <> '') ) LIMIT 1  
[2018-07-18 02:39:46] /shop/index.php?act=goods&op=comments_list&goods_id=103720 ( act=goods&op=comments_list ) 
ERR: Db Error: Unknown column 'geval_image_again' in 'where clause'
SELECT COUNT(*) AS nc_count FROM `zmkj_evaluate_goods` WHERE ( geval_goodsid = '103720' ) AND ( (geval_image <> '') OR (geval_image_again <> '') ) LIMIT 1  
[2018-07-18 02:43:58] /shop/index.php?act=goods&op=comments_list&goods_id=102081 ( act=goods&op=comments_list ) 
ERR: Db Error: Unknown column 'geval_image_again' in 'where clause'
SELECT COUNT(*) AS nc_count FROM `zmkj_evaluate_goods` WHERE ( geval_goodsid = '102081' ) AND ( (geval_image <> '') OR (geval_image_again <> '') ) LIMIT 1  
[2018-07-18 02:48:09] /shop/index.php?act=goods&op=comments_list&goods_id=102015 ( act=goods&op=comments_list ) 
ERR: Db Error: Unknown column 'geval_image_again' in 'where clause'
SELECT COUNT(*) AS nc_count FROM `zmkj_evaluate_goods` WHERE ( geval_goodsid = '102015' ) AND ( (geval_image <> '') OR (geval_image_again <> '') ) LIMIT 1  
[2018-07-18 02:52:21] /shop/index.php?act=goods&op=comments_list&goods_id=103356 ( act=goods&op=comments_list ) 
ERR: Db Error: Unknown column 'geval_image_again' in 'where clause'
SELECT COUNT(*) AS nc_count FROM `zmkj_evaluate_goods` WHERE ( geval_goodsid = '103356' ) AND ( (geval_image <> '') OR (geval_image_again <> '') ) LIMIT 1  
[2018-07-18 02:56:33] /shop/index.php?act=goods&op=comments_list&goods_id=102900 ( act=goods&op=comments_list ) 
ERR: Db Error: Unknown column 'geval_image_again' in 'where clause'
SELECT COUNT(*) AS nc_count FROM `zmkj_evaluate_goods` WHERE ( geval_goodsid = '102900' ) AND ( (geval_image <> '') OR (geval_image_again <> '') ) LIMIT 1  
[2018-07-18 03:00:45] /shop/index.php?act=goods&op=comments_list&goods_id=102012 ( act=goods&op=comments_list ) 
ERR: Db Error: Unknown column 'geval_image_again' in 'where clause'
SELECT COUNT(*) AS nc_count FROM `zmkj_evaluate_goods` WHERE ( geval_goodsid = '102012' ) AND ( (geval_image <> '') OR (geval_image_again <> '') ) LIMIT 1  
[2018-07-18 03:04:57] /shop/index.php?act=goods&op=comments_list&goods_id=103715 ( act=goods&op=comments_list ) 
ERR: Db Error: Unknown column 'geval_image_again' in 'where clause'
SELECT COUNT(*) AS nc_count FROM `zmkj_evaluate_goods` WHERE ( geval_goodsid = '103715' ) AND ( (geval_image <> '') OR (geval_image_again <> '') ) LIMIT 1  
[2018-07-18 03:09:08] /shop/index.php?act=goods&op=comments_list&goods_id=103691 ( act=goods&op=comments_list ) 
ERR: Db Error: Unknown column 'geval_image_again' in 'where clause'
SELECT COUNT(*) AS nc_count FROM `zmkj_evaluate_goods` WHERE ( geval_goodsid = '103691' ) AND ( (geval_image <> '') OR (geval_image_again <> '') ) LIMIT 1  
[2018-07-18 03:13:20] /shop/index.php?act=goods&op=comments_list&goods_id=103708 ( act=goods&op=comments_list ) 
ERR: Db Error: Unknown column 'geval_image_again' in 'where clause'
SELECT COUNT(*) AS nc_count FROM `zmkj_evaluate_goods` WHERE ( geval_goodsid = '103708' ) AND ( (geval_image <> '') OR (geval_image_again <> '') ) LIMIT 1  
[2018-07-18 03:17:32] /shop/index.php?act=goods&op=comments_list&goods_id=102069 ( act=goods&op=comments_list ) 
ERR: Db Error: Unknown column 'geval_image_again' in 'where clause'
SELECT COUNT(*) AS nc_count FROM `zmkj_evaluate_goods` WHERE ( geval_goodsid = '102069' ) AND ( (geval_image <> '') OR (geval_image_again <> '') ) LIMIT 1  
[2018-07-18 03:21:44] /shop/index.php?act=goods&op=comments_list&goods_id=102473 ( act=goods&op=comments_list ) 
ERR: Db Error: Unknown column 'geval_image_again' in 'where clause'
SELECT COUNT(*) AS nc_count FROM `zmkj_evaluate_goods` WHERE ( geval_goodsid = '102473' ) AND ( (geval_image <> '') OR (geval_image_again <> '') ) LIMIT 1  
[2018-07-18 03:28:22] /shop/index.php?act=search&cate_id=2141&op=index ( act=search&op=index ) 
ERR: Db Error: Unknown column 'gc_id_' in 'where clause'
SELECT count(distinct CONCAT(goods_commonid)) AS nc_count FROM `zmkj_goods` WHERE ( gc_id_ = '2141' ) AND ( goods_state = '1' ) AND ( goods_verify = '1' ) LIMIT 1  
[2018-07-18 03:30:07] /shop/index.php?act=goods&op=comments_list&goods_id=102071 ( act=goods&op=comments_list ) 
ERR: Db Error: Unknown column 'geval_image_again' in 'where clause'
SELECT COUNT(*) AS nc_count FROM `zmkj_evaluate_goods` WHERE ( geval_goodsid = '102071' ) AND ( (geval_image <> '') OR (geval_image_again <> '') ) LIMIT 1  
[2018-07-18 03:55:18] /shop/index.php?act=goods&op=comments_list&goods_id=103722 ( act=goods&op=comments_list ) 
ERR: Db Error: Unknown column 'geval_image_again' in 'where clause'
SELECT COUNT(*) AS nc_count FROM `zmkj_evaluate_goods` WHERE ( geval_goodsid = '103722' ) AND ( (geval_image <> '') OR (geval_image_again <> '') ) LIMIT 1  
[2018-07-18 03:56:07] /shop/index.php?act=goods&op=comments_list&goods_id=105509 ( act=goods&op=comments_list ) 
ERR: Db Error: Unknown column 'geval_image_again' in 'where clause'
SELECT COUNT(*) AS nc_count FROM `zmkj_evaluate_goods` WHERE ( geval_goodsid = '105509' ) AND ( (geval_image <> '') OR (geval_image_again <> '') ) LIMIT 1  
[2018-07-18 03:59:30] /shop/index.php?act=goods&op=comments_list&goods_id=102085 ( act=goods&op=comments_list ) 
ERR: Db Error: Unknown column 'geval_image_again' in 'where clause'
SELECT COUNT(*) AS nc_count FROM `zmkj_evaluate_goods` WHERE ( geval_goodsid = '102085' ) AND ( (geval_image <> '') OR (geval_image_again <> '') ) LIMIT 1  
[2018-07-18 04:03:42] /shop/index.php?act=goods&op=comments_list&goods_id=101942 ( act=goods&op=comments_list ) 
ERR: Db Error: Unknown column 'geval_image_again' in 'where clause'
SELECT COUNT(*) AS nc_count FROM `zmkj_evaluate_goods` WHERE ( geval_goodsid = '101942' ) AND ( (geval_image <> '') OR (geval_image_again <> '') ) LIMIT 1  
[2018-07-18 04:07:54] /shop/index.php?act=goods&op=comments_list&goods_id=102015 ( act=goods&op=comments_list ) 
ERR: Db Error: Unknown column 'geval_image_again' in 'where clause'
SELECT COUNT(*) AS nc_count FROM `zmkj_evaluate_goods` WHERE ( geval_goodsid = '102015' ) AND ( (geval_image <> '') OR (geval_image_again <> '') ) LIMIT 1  
[2018-07-18 07:05:56] /shop/index.php?act=goods&op=comments_list&goods_id=102673&type=2 ( act=goods&op=comments_list ) 
ERR: Db Error: Unknown column 'geval_image_again' in 'where clause'
SELECT COUNT(*) AS nc_count FROM `zmkj_evaluate_goods` WHERE ( geval_goodsid = '102673' ) AND ( (geval_image <> '') OR (geval_image_again <> '') ) LIMIT 1  
[2018-07-18 11:37:32] /admin/index.php?act=goods_orm&op=edit&id=169 ( act=goods_orm&op=edit ) 
ERR: Db Error: Unknown column 'goods_id' in 'field list'
select goods_id from zmkj_goods_orm where productId='3520a894-8515-49ca-9125-a24296a5209b and id !=169'
[2018-07-18 11:38:20] /admin/index.php?act=goods_orm&op=edit&id=161 ( act=goods_orm&op=edit ) 
ERR: Db Error: Unknown column 'goods_id' in 'field list'
select goods_id from zmkj_goods_orm where productId='b25b5357-0575-4151-a131-8d584bfc43fa and id !=161'
[2018-07-18 11:38:37] /admin/index.php?act=goods_orm&op=edit&id=163 ( act=goods_orm&op=edit ) 
ERR: Db Error: Unknown column 'goods_id' in 'field list'
select goods_id from zmkj_goods_orm where productId='6032832c-aee8-46ef-8bbe-b7f1cfa0547f and id !=163'
[2018-07-18 11:39:01] /admin/index.php?act=goods_orm&op=edit&id=166 ( act=goods_orm&op=edit ) 
ERR: Db Error: Unknown column 'goods_id' in 'field list'
select goods_id from zmkj_goods_orm where productId='1a896c43-e640-4326-9b13-4e637e6ab0c4 and id !=166'
[2018-07-18 11:39:20] /admin/index.php?act=goods_orm&op=edit&id=167 ( act=goods_orm&op=edit ) 
ERR: Db Error: Unknown column 'goods_id' in 'field list'
select goods_id from zmkj_goods_orm where productId='067126b2-4905-4032-b77c-c2a0e35663e2 and id !=167'
[2018-07-18 11:42:19] /admin/index.php?act=zf_class&op=bind_goods&id=31 ( act=zf_class&op=bind_goods ) 
ERR: Db Error: Unknown column 'zf_class_id' in 'where clause'
SELECT COUNT(*) AS nc_count FROM `zmkj_goods_common` WHERE ( zf_class_id = '' ) AND ( store_name = '51' ) AND ( goods_state = '1' ) AND ( goods_verify = '1' ) ORDER BY goods_commonid desc LIMIT 1  
[2018-07-18 11:42:19] /admin/index.php?act=zf_class&op=bind_goods&id=31 ( act=zf_class&op=bind_goods ) 
ERR: Db Error: Unknown column 'zf_class_id' in 'where clause'
SELECT * FROM `zmkj_goods_common` WHERE ( zf_class_id = '' ) AND ( store_name = '51' ) AND ( goods_state = '1' ) AND ( goods_verify = '1' ) ORDER BY goods_commonid desc LIMIT 0,10  
[2018-07-18 11:43:21] /admin/index.php?act=zf_class&op=bind_goods&id=31 ( act=zf_class&op=bind_goods ) 
ERR: Db Error: Unknown column 'zf_class_id' in 'where clause'
SELECT COUNT(*) AS nc_count FROM `zmkj_goods_common` WHERE ( zf_class_id = '' ) AND ( store_name = '51' ) AND ( goods_state = '1' ) AND ( goods_verify = '1' ) ORDER BY goods_commonid desc LIMIT 1  
[2018-07-18 11:43:21] /admin/index.php?act=zf_class&op=bind_goods&id=31 ( act=zf_class&op=bind_goods ) 
ERR: Db Error: Unknown column 'zf_class_id' in 'where clause'
SELECT * FROM `zmkj_goods_common` WHERE ( zf_class_id = '' ) AND ( store_name = '51' ) AND ( goods_state = '1' ) AND ( goods_verify = '1' ) ORDER BY goods_commonid desc LIMIT 0,10  
[2018-07-18 11:47:58] /admin/index.php?act=zf_class&op=bind_goods&id=31 ( act=zf_class&op=bind_goods ) 
ERR: Db Error: Unknown column 'zf_class_id' in 'where clause'
SELECT COUNT(*) AS nc_count FROM `zmkj_goods_common` WHERE ( zf_class_id = '' ) AND ( store_name = '51' ) AND ( goods_state = '1' ) AND ( goods_verify = '1' ) ORDER BY goods_commonid desc LIMIT 1  
[2018-07-18 11:47:58] /admin/index.php?act=zf_class&op=bind_goods&id=31 ( act=zf_class&op=bind_goods ) 
ERR: Db Error: Unknown column 'zf_class_id' in 'where clause'
SELECT * FROM `zmkj_goods_common` WHERE ( zf_class_id = '' ) AND ( store_name = '51' ) AND ( goods_state = '1' ) AND ( goods_verify = '1' ) ORDER BY goods_commonid desc LIMIT 0,10  
[2018-07-18 11:50:46] /shop/index.php?act=search&op=index&cate_id=1566 ( act=search&op=index ) 
ERR: Db Error: Unknown column 'gc_id_' in 'where clause'
SELECT count(distinct CONCAT(goods_commonid)) AS nc_count FROM `zmkj_goods` WHERE ( gc_id_ = '1566' ) AND ( goods_state = '1' ) AND ( goods_verify = '1' ) LIMIT 1  
[2018-07-18 11:50:48] /shop/index.php?act=search&op=index&cate_id=1571 ( act=search&op=index ) 
ERR: Db Error: Unknown column 'gc_id_' in 'where clause'
SELECT count(distinct CONCAT(goods_commonid)) AS nc_count FROM `zmkj_goods` WHERE ( gc_id_ = '1571' ) AND ( goods_state = '1' ) AND ( goods_verify = '1' ) LIMIT 1  
[2018-07-18 11:50:50] /shop/index.php?act=search&op=index&cate_id=1568 ( act=search&op=index ) 
ERR: Db Error: Unknown column 'gc_id_' in 'where clause'
SELECT count(distinct CONCAT(goods_commonid)) AS nc_count FROM `zmkj_goods` WHERE ( gc_id_ = '1568' ) AND ( goods_state = '1' ) AND ( goods_verify = '1' ) LIMIT 1  
[2018-07-18 11:50:50] /shop/index.php?act=search&op=index&cate_id=1586 ( act=search&op=index ) 
ERR: Db Error: Unknown column 'gc_id_' in 'where clause'
SELECT count(distinct CONCAT(goods_commonid)) AS nc_count FROM `zmkj_goods` WHERE ( gc_id_ = '1586' ) AND ( goods_state = '1' ) AND ( goods_verify = '1' ) LIMIT 1  
[2018-07-18 11:50:52] /shop/index.php?act=search&op=index&cate_id=1573 ( act=search&op=index ) 
ERR: Db Error: Unknown column 'gc_id_' in 'where clause'
SELECT count(distinct CONCAT(goods_commonid)) AS nc_count FROM `zmkj_goods` WHERE ( gc_id_ = '1573' ) AND ( goods_state = '1' ) AND ( goods_verify = '1' ) LIMIT 1  
[2018-07-18 11:50:53] /shop/index.php?act=search&op=index&cate_id=1574 ( act=search&op=index ) 
ERR: Db Error: Unknown column 'gc_id_' in 'where clause'
SELECT count(distinct CONCAT(goods_commonid)) AS nc_count FROM `zmkj_goods` WHERE ( gc_id_ = '1574' ) AND ( goods_state = '1' ) AND ( goods_verify = '1' ) LIMIT 1  
[2018-07-18 11:50:55] /shop/index.php?act=search&op=index&cate_id=1578 ( act=search&op=index ) 
ERR: Db Error: Unknown column 'gc_id_' in 'where clause'
SELECT count(distinct CONCAT(goods_commonid)) AS nc_count FROM `zmkj_goods` WHERE ( gc_id_ = '1578' ) AND ( goods_state = '1' ) AND ( goods_verify = '1' ) LIMIT 1  
[2018-07-18 11:50:57] /shop/index.php?act=search&op=index&cate_id=1583 ( act=search&op=index ) 
ERR: Db Error: Unknown column 'gc_id_' in 'where clause'
SELECT count(distinct CONCAT(goods_commonid)) AS nc_count FROM `zmkj_goods` WHERE ( gc_id_ = '1583' ) AND ( goods_state = '1' ) AND ( goods_verify = '1' ) LIMIT 1  
[2018-07-18 11:50:58] /shop/index.php?act=search&op=index&cate_id=1588 ( act=search&op=index ) 
ERR: Db Error: Unknown column 'gc_id_' in 'where clause'
SELECT count(distinct CONCAT(goods_commonid)) AS nc_count FROM `zmkj_goods` WHERE ( gc_id_ = '1588' ) AND ( goods_state = '1' ) AND ( goods_verify = '1' ) LIMIT 1  
[2018-07-18 11:51:00] /shop/index.php?act=search&op=index&cate_id=1594 ( act=search&op=index ) 
ERR: Db Error: Unknown column 'gc_id_' in 'where clause'
SELECT count(distinct CONCAT(goods_commonid)) AS nc_count FROM `zmkj_goods` WHERE ( gc_id_ = '1594' ) AND ( goods_state = '1' ) AND ( goods_verify = '1' ) LIMIT 1  
[2018-07-18 11:51:02] /shop/index.php?act=search&op=index&cate_id=1598 ( act=search&op=index ) 
ERR: Db Error: Unknown column 'gc_id_' in 'where clause'
SELECT count(distinct CONCAT(goods_commonid)) AS nc_count FROM `zmkj_goods` WHERE ( gc_id_ = '1598' ) AND ( goods_state = '1' ) AND ( goods_verify = '1' ) LIMIT 1  
[2018-07-18 11:51:03] /shop/index.php?act=search&op=index&cate_id=1600 ( act=search&op=index ) 
ERR: Db Error: Unknown column 'gc_id_' in 'where clause'
SELECT count(distinct CONCAT(goods_commonid)) AS nc_count FROM `zmkj_goods` WHERE ( gc_id_ = '1600' ) AND ( goods_state = '1' ) AND ( goods_verify = '1' ) LIMIT 1  
[2018-07-18 11:51:05] /shop/index.php?act=search&op=index&cate_id=1696 ( act=search&op=index ) 
ERR: Db Error: Unknown column 'gc_id_' in 'where clause'
SELECT count(distinct CONCAT(goods_commonid)) AS nc_count FROM `zmkj_goods` WHERE ( gc_id_ = '1696' ) AND ( goods_state = '1' ) AND ( goods_verify = '1' ) LIMIT 1  
[2018-07-18 11:51:17] /shop/index.php?act=search&op=index&cate_id=1567 ( act=search&op=index ) 
ERR: Db Error: Unknown column 'gc_id_' in 'where clause'
SELECT count(distinct CONCAT(goods_commonid)) AS nc_count FROM `zmkj_goods` WHERE ( gc_id_ = '1567' ) AND ( goods_state = '1' ) AND ( goods_verify = '1' ) LIMIT 1  
[2018-07-18 11:51:19] /shop/index.php?act=search&op=index&cate_id=1577 ( act=search&op=index ) 
ERR: Db Error: Unknown column 'gc_id_' in 'where clause'
SELECT count(distinct CONCAT(goods_commonid)) AS nc_count FROM `zmkj_goods` WHERE ( gc_id_ = '1577' ) AND ( goods_state = '1' ) AND ( goods_verify = '1' ) LIMIT 1  
[2018-07-18 11:51:20] /shop/index.php?act=search&op=index&cate_id=1580 ( act=search&op=index ) 
ERR: Db Error: Unknown column 'gc_id_' in 'where clause'
SELECT count(distinct CONCAT(goods_commonid)) AS nc_count FROM `zmkj_goods` WHERE ( gc_id_ = '1580' ) AND ( goods_state = '1' ) AND ( goods_verify = '1' ) LIMIT 1  
[2018-07-18 11:51:22] /shop/index.php?act=search&op=index&cate_id=1587 ( act=search&op=index ) 
ERR: Db Error: Unknown column 'gc_id_' in 'where clause'
SELECT count(distinct CONCAT(goods_commonid)) AS nc_count FROM `zmkj_goods` WHERE ( gc_id_ = '1587' ) AND ( goods_state = '1' ) AND ( goods_verify = '1' ) LIMIT 1  
[2018-07-18 11:58:46] /admin/index.php?act=zf_class&op=bind_goods&id=40 ( act=zf_class&op=bind_goods ) 
ERR: Db Error: Unknown column 'zf_class_id' in 'where clause'
SELECT COUNT(*) AS nc_count FROM `zmkj_goods_common` WHERE ( zf_class_id = '' ) AND ( store_name = '51' ) AND ( goods_state = '1' ) AND ( goods_verify = '1' ) ORDER BY goods_commonid desc LIMIT 1  
[2018-07-18 11:58:46] /admin/index.php?act=zf_class&op=bind_goods&id=40 ( act=zf_class&op=bind_goods ) 
ERR: Db Error: Unknown column 'zf_class_id' in 'where clause'
SELECT * FROM `zmkj_goods_common` WHERE ( zf_class_id = '' ) AND ( store_name = '51' ) AND ( goods_state = '1' ) AND ( goods_verify = '1' ) ORDER BY goods_commonid desc LIMIT 0,10  
[2018-07-18 11:59:57] /admin/index.php?act=zf_class&op=bind_goods&id=33 ( act=zf_class&op=bind_goods ) 
ERR: Db Error: Unknown column 'zf_class_id' in 'where clause'
SELECT COUNT(*) AS nc_count FROM `zmkj_goods_common` WHERE ( zf_class_id = '' ) AND ( store_name = '51' ) AND ( goods_state = '1' ) AND ( goods_verify = '1' ) ORDER BY goods_commonid desc LIMIT 1  
[2018-07-18 11:59:57] /admin/index.php?act=zf_class&op=bind_goods&id=33 ( act=zf_class&op=bind_goods ) 
ERR: Db Error: Unknown column 'zf_class_id' in 'where clause'
SELECT * FROM `zmkj_goods_common` WHERE ( zf_class_id = '' ) AND ( store_name = '51' ) AND ( goods_state = '1' ) AND ( goods_verify = '1' ) ORDER BY goods_commonid desc LIMIT 0,10  
[2018-07-18 14:24:59] /shop/index.php?act=search&op=index&cate_id=1601 ( act=search&op=index ) 
ERR: Db Error: Unknown column 'gc_id_' in 'where clause'
SELECT count(distinct CONCAT(goods_commonid)) AS nc_count FROM `zmkj_goods` WHERE ( gc_id_ = '1601' ) AND ( goods_state = '1' ) AND ( goods_verify = '1' ) LIMIT 1  
[2018-07-18 14:25:02] /shop/index.php?act=search&op=index&cate_id=1599 ( act=search&op=index ) 
ERR: Db Error: Unknown column 'gc_id_' in 'where clause'
SELECT count(distinct CONCAT(goods_commonid)) AS nc_count FROM `zmkj_goods` WHERE ( gc_id_ = '1599' ) AND ( goods_state = '1' ) AND ( goods_verify = '1' ) LIMIT 1  
[2018-07-18 14:25:04] /shop/index.php?act=search&op=index&cate_id=1595 ( act=search&op=index ) 
ERR: Db Error: Unknown column 'gc_id_' in 'where clause'
SELECT count(distinct CONCAT(goods_commonid)) AS nc_count FROM `zmkj_goods` WHERE ( gc_id_ = '1595' ) AND ( goods_state = '1' ) AND ( goods_verify = '1' ) LIMIT 1  
[2018-07-18 14:25:07] /shop/index.php?act=search&op=index&cate_id=1579 ( act=search&op=index ) 
ERR: Db Error: Unknown column 'gc_id_' in 'where clause'
SELECT count(distinct CONCAT(goods_commonid)) AS nc_count FROM `zmkj_goods` WHERE ( gc_id_ = '1579' ) AND ( goods_state = '1' ) AND ( goods_verify = '1' ) LIMIT 1  
[2018-07-18 14:25:17] /shop/index.php?act=search&op=index&cate_id=1582 ( act=search&op=index ) 
ERR: Db Error: Unknown column 'gc_id_' in 'where clause'
SELECT count(distinct CONCAT(goods_commonid)) AS nc_count FROM `zmkj_goods` WHERE ( gc_id_ = '1582' ) AND ( goods_state = '1' ) AND ( goods_verify = '1' ) LIMIT 1  
[2018-07-18 14:25:22] /shop/index.php?act=search&op=index&cate_id=1589 ( act=search&op=index ) 
ERR: Db Error: Unknown column 'gc_id_' in 'where clause'
SELECT count(distinct CONCAT(goods_commonid)) AS nc_count FROM `zmkj_goods` WHERE ( gc_id_ = '1589' ) AND ( goods_state = '1' ) AND ( goods_verify = '1' ) LIMIT 1  
[2018-07-18 14:25:23] /shop/index.php?act=search&op=index&cate_id=1593 ( act=search&op=index ) 
ERR: Db Error: Unknown column 'gc_id_' in 'where clause'
SELECT count(distinct CONCAT(goods_commonid)) AS nc_count FROM `zmkj_goods` WHERE ( gc_id_ = '1593' ) AND ( goods_state = '1' ) AND ( goods_verify = '1' ) LIMIT 1  
[2018-07-18 14:25:24] /shop/index.php?act=search&op=index&cate_id=1697 ( act=search&op=index ) 
ERR: Db Error: Unknown column 'gc_id_' in 'where clause'
SELECT count(distinct CONCAT(goods_commonid)) AS nc_count FROM `zmkj_goods` WHERE ( gc_id_ = '1697' ) AND ( goods_state = '1' ) AND ( goods_verify = '1' ) LIMIT 1  
[2018-07-18 14:25:27] /shop/index.php?act=search&op=index&cate_id=1592 ( act=search&op=index ) 
ERR: Db Error: Unknown column 'gc_id_' in 'where clause'
SELECT count(distinct CONCAT(goods_commonid)) AS nc_count FROM `zmkj_goods` WHERE ( gc_id_ = '1592' ) AND ( goods_state = '1' ) AND ( goods_verify = '1' ) LIMIT 1  
[2018-07-18 14:25:31] /shop/index.php?act=search&op=index&cate_id=1585 ( act=search&op=index ) 
ERR: Db Error: Unknown column 'gc_id_' in 'where clause'
SELECT count(distinct CONCAT(goods_commonid)) AS nc_count FROM `zmkj_goods` WHERE ( gc_id_ = '1585' ) AND ( goods_state = '1' ) AND ( goods_verify = '1' ) LIMIT 1  
[2018-07-18 15:46:30] /admin/index.php?act=goods_orm&op=edit&id=165 ( act=goods_orm&op=edit ) 
ERR: Db Error: Unknown column 'goods_id' in 'field list'
select goods_id from zmkj_goods_orm where productId='b84993dd-9814-4963-b04b-130884d56b87 and id !=165'
[2018-07-18 15:48:18] /admin/index.php?act=goods_orm&op=edit&id=181 ( act=goods_orm&op=edit ) 
ERR: Db Error: Unknown column 'goods_id' in 'field list'
select goods_id from zmkj_goods_orm where productId='23b8128d-3031-4873-a010-af07c5bb6d3d and id !=181'
[2018-07-18 18:28:07] /shop/index.php?act=search&area_id=10&cate_id=1586&gift=1&op=index ( act=search&op=index ) 
ERR: Db Error: Unknown column 'gc_id_' in 'where clause'
SELECT count(distinct CONCAT(goods_commonid)) AS nc_count FROM `zmkj_goods` WHERE ( gc_id_ = '1586' ) AND ( areaid_1 = '10' ) AND ( have_gift = '1' ) AND ( goods_state = '1' ) AND ( goods_verify = '1' ) LIMIT 1  
[2018-07-18 18:28:07] /shop/index.php?act=search&cate_id=2154&op=index ( act=search&op=index ) 
ERR: Db Error: Unknown column 'gc_id_' in 'where clause'
SELECT count(distinct CONCAT(goods_commonid)) AS nc_count FROM `zmkj_goods` WHERE ( gc_id_ = '2154' ) AND ( goods_state = '1' ) AND ( goods_verify = '1' ) LIMIT 1  
[2018-07-18 18:28:09] /shop/index.php?act=search&cate_id=2175&op=index ( act=search&op=index ) 
ERR: Db Error: Unknown column 'gc_id_' in 'where clause'
SELECT count(distinct CONCAT(goods_commonid)) AS nc_count FROM `zmkj_goods` WHERE ( gc_id_ = '2175' ) AND ( goods_state = '1' ) AND ( goods_verify = '1' ) LIMIT 1  
[2018-07-18 18:28:09] /shop/index.php?act=search&cate_id=2189&op=index ( act=search&op=index ) 
ERR: Db Error: Unknown column 'gc_id_' in 'where clause'
SELECT count(distinct CONCAT(goods_commonid)) AS nc_count FROM `zmkj_goods` WHERE ( gc_id_ = '2189' ) AND ( goods_state = '1' ) AND ( goods_verify = '1' ) LIMIT 1  
[2018-07-18 18:28:10] /shop/index.php?act=search&cate_id=1573&op=index ( act=search&op=index ) 
ERR: Db Error: Unknown column 'gc_id_' in 'where clause'
SELECT count(distinct CONCAT(goods_commonid)) AS nc_count FROM `zmkj_goods` WHERE ( gc_id_ = '1573' ) AND ( goods_state = '1' ) AND ( goods_verify = '1' ) LIMIT 1  
[2018-07-18 18:28:10] /shop/index.php?act=search&cate_id=2119&op=index ( act=search&op=index ) 
ERR: Db Error: Unknown column 'gc_id_' in 'where clause'
SELECT count(distinct CONCAT(goods_commonid)) AS nc_count FROM `zmkj_goods` WHERE ( gc_id_ = '2119' ) AND ( goods_state = '1' ) AND ( goods_verify = '1' ) LIMIT 1  
[2018-07-18 18:28:11] /shop/index.php?act=goods&goods_id=101354&op=comments_list ( act=goods&op=comments_list ) 
ERR: Db Error: Unknown column 'geval_image_again' in 'where clause'
SELECT COUNT(*) AS nc_count FROM `zmkj_evaluate_goods` WHERE ( geval_goodsid = '101354' ) AND ( (geval_image <> '') OR (geval_image_again <> '') ) LIMIT 1  
[2018-07-18 18:28:11] /shop/index.php?act=goods&goods_id=105328&op=comments_list ( act=goods&op=comments_list ) 
ERR: Db Error: Unknown column 'geval_image_again' in 'where clause'
SELECT COUNT(*) AS nc_count FROM `zmkj_evaluate_goods` WHERE ( geval_goodsid = '105328' ) AND ( (geval_image <> '') OR (geval_image_again <> '') ) LIMIT 1  
[2018-07-18 18:28:12] /shop/index.php?act=search&cate_id=2145&op=index ( act=search&op=index ) 
ERR: Db Error: Unknown column 'gc_id_' in 'where clause'
SELECT count(distinct CONCAT(goods_commonid)) AS nc_count FROM `zmkj_goods` WHERE ( gc_id_ = '2145' ) AND ( goods_state = '1' ) AND ( goods_verify = '1' ) LIMIT 1  
[2018-07-18 18:28:12] /shop/index.php?act=search&cate_id=2128&op=index ( act=search&op=index ) 
ERR: Db Error: Unknown column 'gc_id_' in 'where clause'
SELECT count(distinct CONCAT(goods_commonid)) AS nc_count FROM `zmkj_goods` WHERE ( gc_id_ = '2128' ) AND ( goods_state = '1' ) AND ( goods_verify = '1' ) LIMIT 1  
[2018-07-18 20:28:00] /shop/index.php?act=search&op=index&cate_id=2117 ( act=search&op=index ) 
ERR: Db Error: Unknown column 'gc_id_' in 'where clause'
SELECT count(distinct CONCAT(goods_commonid)) AS nc_count FROM `zmkj_goods` WHERE ( gc_id_ = '2117' ) AND ( goods_state = '1' ) AND ( goods_verify = '1' ) LIMIT 1  
[2018-07-18 21:27:01] /shop/index.php?act=goods&op=comments_list&goods_id=101419 ( act=goods&op=comments_list ) 
ERR: Db Error: Unknown column 'geval_image_again' in 'where clause'
SELECT COUNT(*) AS nc_count FROM `zmkj_evaluate_goods` WHERE ( geval_goodsid = '101419' ) AND ( (geval_image <> '') OR (geval_image_again <> '') ) LIMIT 1  
[2018-07-18 22:57:58] /shop/index.php?act=search&cate_id=2139&op=index ( act=search&op=index ) 
ERR: Db Error: Unknown column 'gc_id_' in 'where clause'
SELECT count(distinct CONCAT(goods_commonid)) AS nc_count FROM `zmkj_goods` WHERE ( gc_id_ = '2139' ) AND ( goods_state = '1' ) AND ( goods_verify = '1' ) LIMIT 1  
