[2018-05-16 03:00:56] /shop/index.php?act=goods&op=comments_list&goods_id=102182 ( act=goods&op=comments_list ) 
ERR: Db Error: Unknown column 'geval_image_again' in 'where clause'
SELECT COUNT(*) AS nc_count FROM `zmkj_evaluate_goods` WHERE ( geval_goodsid = '102182' ) AND ( (geval_image <> '') OR (geval_image_again <> '') ) LIMIT 1  
[2018-05-16 07:08:22] /shop/index.php?act=goods&op=comments_list&goods_id=102194 ( act=goods&op=comments_list ) 
ERR: Db Error: Unknown column 'geval_image_again' in 'where clause'
SELECT COUNT(*) AS nc_count FROM `zmkj_evaluate_goods` WHERE ( geval_goodsid = '102194' ) AND ( (geval_image <> '') OR (geval_image_again <> '') ) LIMIT 1  
[2018-05-16 07:59:16] /shop/index.php?act=goods&op=comments_list&goods_id=102722 ( act=goods&op=comments_list ) 
ERR: Db Error: Unknown column 'geval_image_again' in 'where clause'
SELECT COUNT(*) AS nc_count FROM `zmkj_evaluate_goods` WHERE ( geval_goodsid = '102722' ) AND ( (geval_image <> '') OR (geval_image_again <> '') ) LIMIT 1  
[2018-05-16 08:00:21] /shop/index.php?act=goods&op=comments_list&goods_id=102108 ( act=goods&op=comments_list ) 
ERR: Db Error: Unknown column 'geval_image_again' in 'where clause'
SELECT COUNT(*) AS nc_count FROM `zmkj_evaluate_goods` WHERE ( geval_goodsid = '102108' ) AND ( (geval_image <> '') OR (geval_image_again <> '') ) LIMIT 1  
[2018-05-16 08:02:39] /shop/index.php?act=goods&op=comments_list&goods_id=102176 ( act=goods&op=comments_list ) 
ERR: Db Error: Unknown column 'geval_image_again' in 'where clause'
SELECT COUNT(*) AS nc_count FROM `zmkj_evaluate_goods` WHERE ( geval_goodsid = '102176' ) AND ( (geval_image <> '') OR (geval_image_again <> '') ) LIMIT 1  
[2018-05-16 08:33:47] /shop/index.php?act=goods&op=comments_list&goods_id=102144 ( act=goods&op=comments_list ) 
ERR: Db Error: Unknown column 'geval_image_again' in 'where clause'
SELECT COUNT(*) AS nc_count FROM `zmkj_evaluate_goods` WHERE ( geval_goodsid = '102144' ) AND ( (geval_image <> '') OR (geval_image_again <> '') ) LIMIT 1  
[2018-05-16 08:34:46] /shop/index.php?act=goods&op=comments_list&goods_id=102196 ( act=goods&op=comments_list ) 
ERR: Db Error: Unknown column 'geval_image_again' in 'where clause'
SELECT COUNT(*) AS nc_count FROM `zmkj_evaluate_goods` WHERE ( geval_goodsid = '102196' ) AND ( (geval_image <> '') OR (geval_image_again <> '') ) LIMIT 1  
[2018-05-16 08:36:59] /shop/index.php?act=goods&op=comments_list&goods_id=102172 ( act=goods&op=comments_list ) 
ERR: Db Error: Unknown column 'geval_image_again' in 'where clause'
SELECT COUNT(*) AS nc_count FROM `zmkj_evaluate_goods` WHERE ( geval_goodsid = '102172' ) AND ( (geval_image <> '') OR (geval_image_again <> '') ) LIMIT 1  
[2018-05-16 09:13:27] /shop/index.php?act=goods&op=comments_list&goods_id=102186 ( act=goods&op=comments_list ) 
ERR: Db Error: Unknown column 'geval_image_again' in 'where clause'
SELECT COUNT(*) AS nc_count FROM `zmkj_evaluate_goods` WHERE ( geval_goodsid = '102186' ) AND ( (geval_image <> '') OR (geval_image_again <> '') ) LIMIT 1  
[2018-05-16 09:39:37] /shop/index.php?act=goods&op=comments_list&goods_id=102189 ( act=goods&op=comments_list ) 
ERR: Db Error: Unknown column 'geval_image_again' in 'where clause'
SELECT COUNT(*) AS nc_count FROM `zmkj_evaluate_goods` WHERE ( geval_goodsid = '102189' ) AND ( (geval_image <> '') OR (geval_image_again <> '') ) LIMIT 1  
[2018-05-16 09:40:37] /shop/index.php?act=goods&op=comments_list&goods_id=102231 ( act=goods&op=comments_list ) 
ERR: Db Error: Unknown column 'geval_image_again' in 'where clause'
SELECT COUNT(*) AS nc_count FROM `zmkj_evaluate_goods` WHERE ( geval_goodsid = '102231' ) AND ( (geval_image <> '') OR (geval_image_again <> '') ) LIMIT 1  
[2018-05-16 09:43:57] /shop/index.php?act=goods&op=comments_list&goods_id=103181 ( act=goods&op=comments_list ) 
ERR: Db Error: Unknown column 'geval_image_again' in 'where clause'
SELECT COUNT(*) AS nc_count FROM `zmkj_evaluate_goods` WHERE ( geval_goodsid = '103181' ) AND ( (geval_image <> '') OR (geval_image_again <> '') ) LIMIT 1  
[2018-05-16 11:00:26] /shop/index.php?act=goods&op=comments_list&goods_id=102171 ( act=goods&op=comments_list ) 
ERR: Db Error: Unknown column 'geval_image_again' in 'where clause'
SELECT COUNT(*) AS nc_count FROM `zmkj_evaluate_goods` WHERE ( geval_goodsid = '102171' ) AND ( (geval_image <> '') OR (geval_image_again <> '') ) LIMIT 1  
[2018-05-16 11:06:40] /shop/index.php?act=goods&op=comments_list&goods_id=103181&type=3 ( act=goods&op=comments_list ) 
ERR: Db Error: Unknown column 'geval_image_again' in 'where clause'
SELECT COUNT(*) AS nc_count FROM `zmkj_evaluate_goods` WHERE ( geval_goodsid = '103181' ) AND ( (geval_image <> '') OR (geval_image_again <> '') ) LIMIT 1  
[2018-05-16 13:10:33] /shop/index.php?act=goods&op=comments_list&goods_id=102230 ( act=goods&op=comments_list ) 
ERR: Db Error: Unknown column 'geval_image_again' in 'where clause'
SELECT COUNT(*) AS nc_count FROM `zmkj_evaluate_goods` WHERE ( geval_goodsid = '102230' ) AND ( (geval_image <> '') OR (geval_image_again <> '') ) LIMIT 1  
[2018-05-16 16:57:55] /shop/index.php?act=goods&op=comments_list&goods_id=102213 ( act=goods&op=comments_list ) 
ERR: Db Error: Unknown column 'geval_image_again' in 'where clause'
SELECT COUNT(*) AS nc_count FROM `zmkj_evaluate_goods` WHERE ( geval_goodsid = '102213' ) AND ( (geval_image <> '') OR (geval_image_again <> '') ) LIMIT 1  
[2018-05-16 17:26:52] /admin/index.php?act=rent_goods&op=get_goods_list_ajax&rent_id=102022 ( act=rent_goods&op=get_goods_list_ajax ) 
ERR: Db Error: You have an error in your SQL syntax; check the manual that corresponds to your MySQL server version for the right syntax to use near '' at line 1
select * from zmkj_goods_rent where goods_id=
[2018-05-16 17:26:55] /admin/index.php?act=rent_goods&op=get_goods_list_ajax&rent_id=102025 ( act=rent_goods&op=get_goods_list_ajax ) 
ERR: Db Error: You have an error in your SQL syntax; check the manual that corresponds to your MySQL server version for the right syntax to use near '' at line 1
select * from zmkj_goods_rent where goods_id=
[2018-05-16 17:26:56] /admin/index.php?act=rent_goods&op=get_goods_list_ajax&rent_id=102025 ( act=rent_goods&op=get_goods_list_ajax ) 
ERR: Db Error: You have an error in your SQL syntax; check the manual that corresponds to your MySQL server version for the right syntax to use near '' at line 1
select * from zmkj_goods_rent where goods_id=
[2018-05-16 17:26:57] /admin/index.php?act=rent_goods&op=get_goods_list_ajax&rent_id=102024 ( act=rent_goods&op=get_goods_list_ajax ) 
ERR: Db Error: You have an error in your SQL syntax; check the manual that corresponds to your MySQL server version for the right syntax to use near '' at line 1
select * from zmkj_goods_rent where goods_id=
[2018-05-16 17:38:26] /admin/index.php?act=rent_goods&op=get_goods_list_ajax&rent_id=102024 ( act=rent_goods&op=get_goods_list_ajax ) 
ERR: Db Error: You have an error in your SQL syntax; check the manual that corresponds to your MySQL server version for the right syntax to use near '' at line 1
select * from zmkj_goods_rent where goods_id=
[2018-05-16 17:38:27] /admin/index.php?act=rent_goods&op=get_goods_list_ajax&rent_id=102021 ( act=rent_goods&op=get_goods_list_ajax ) 
ERR: Db Error: You have an error in your SQL syntax; check the manual that corresponds to your MySQL server version for the right syntax to use near '' at line 1
select * from zmkj_goods_rent where goods_id=
[2018-05-16 17:38:29] /admin/index.php?act=rent_goods&op=get_goods_list_ajax&rent_id=102020 ( act=rent_goods&op=get_goods_list_ajax ) 
ERR: Db Error: You have an error in your SQL syntax; check the manual that corresponds to your MySQL server version for the right syntax to use near '' at line 1
select * from zmkj_goods_rent where goods_id=
[2018-05-16 17:38:31] /admin/index.php?act=rent_goods&op=get_goods_list_ajax&rent_id=102019 ( act=rent_goods&op=get_goods_list_ajax ) 
ERR: Db Error: You have an error in your SQL syntax; check the manual that corresponds to your MySQL server version for the right syntax to use near '' at line 1
select * from zmkj_goods_rent where goods_id=
[2018-05-16 17:38:33] /admin/index.php?act=rent_goods&op=get_goods_list_ajax&rent_id=102019 ( act=rent_goods&op=get_goods_list_ajax ) 
ERR: Db Error: You have an error in your SQL syntax; check the manual that corresponds to your MySQL server version for the right syntax to use near '' at line 1
select * from zmkj_goods_rent where goods_id=
[2018-05-16 17:38:34] /admin/index.php?act=rent_goods&op=get_goods_list_ajax&rent_id=102019 ( act=rent_goods&op=get_goods_list_ajax ) 
ERR: Db Error: You have an error in your SQL syntax; check the manual that corresponds to your MySQL server version for the right syntax to use near '' at line 1
select * from zmkj_goods_rent where goods_id=
[2018-05-16 17:44:55] /admin/index.php?act=rent_goods&op=get_goods_list_ajax&rent_id=102022 ( act=rent_goods&op=get_goods_list_ajax ) 
ERR: Db Error: You have an error in your SQL syntax; check the manual that corresponds to your MySQL server version for the right syntax to use near '' at line 1
select * from zmkj_goods_rent where goods_id=
[2018-05-16 17:46:06] /admin/index.php?act=rent_goods&op=get_goods_list_ajax&rent_id=102022 ( act=rent_goods&op=get_goods_list_ajax ) 
ERR: Db Error: You have an error in your SQL syntax; check the manual that corresponds to your MySQL server version for the right syntax to use near '' at line 1
select * from zmkj_goods_rent where goods_id=
[2018-05-16 17:46:08] /admin/index.php?act=rent_goods&op=get_goods_list_ajax&rent_id=102022 ( act=rent_goods&op=get_goods_list_ajax ) 
ERR: Db Error: You have an error in your SQL syntax; check the manual that corresponds to your MySQL server version for the right syntax to use near '' at line 1
select * from zmkj_goods_rent where goods_id=
[2018-05-16 17:46:09] /admin/index.php?act=rent_goods&op=get_goods_list_ajax&rent_id=102022 ( act=rent_goods&op=get_goods_list_ajax ) 
ERR: Db Error: You have an error in your SQL syntax; check the manual that corresponds to your MySQL server version for the right syntax to use near '' at line 1
select * from zmkj_goods_rent where goods_id=
[2018-05-16 17:46:16] /admin/index.php?act=rent_goods&op=get_goods_list_ajax&rent_id=102023 ( act=rent_goods&op=get_goods_list_ajax ) 
ERR: Db Error: You have an error in your SQL syntax; check the manual that corresponds to your MySQL server version for the right syntax to use near '' at line 1
select * from zmkj_goods_rent where goods_id=
[2018-05-16 17:48:23] /admin/index.php?act=rent_goods&op=get_goods_list_ajax&rent_id=100582 ( act=rent_goods&op=get_goods_list_ajax ) 
ERR: Db Error: You have an error in your SQL syntax; check the manual that corresponds to your MySQL server version for the right syntax to use near '' at line 1
select * from zmkj_goods_rent where goods_id=
[2018-05-16 18:13:43] /shop/index.php?act=goods&op=comments_list&goods_id=102113 ( act=goods&op=comments_list ) 
ERR: Db Error: Unknown column 'geval_image_again' in 'where clause'
SELECT COUNT(*) AS nc_count FROM `zmkj_evaluate_goods` WHERE ( geval_goodsid = '102113' ) AND ( (geval_image <> '') OR (geval_image_again <> '') ) LIMIT 1  
[2018-05-16 23:16:54] /shop/index.php?act=goods&op=comments_list&goods_id=102178 ( act=goods&op=comments_list ) 
ERR: Db Error: Unknown column 'geval_image_again' in 'where clause'
SELECT COUNT(*) AS nc_count FROM `zmkj_evaluate_goods` WHERE ( geval_goodsid = '102178' ) AND ( (geval_image <> '') OR (geval_image_again <> '') ) LIMIT 1  
