[2018-11-23 02:59:40] /shop/index.php?act=goods&op=comments_list&goods_id=101196 ( act=goods&op=comments_list ) 
ERR: Db Error: Unknown column 'geval_image_again' in 'where clause'
SELECT COUNT(*) AS nc_count FROM `zmkj_evaluate_goods` WHERE ( geval_goodsid = '101196' ) AND ( (geval_image <> '') OR (geval_image_again <> '') ) LIMIT 1  
[2018-11-23 04:02:04] /shop/index.php?act=goods&op=comments_list&goods_id=103085 ( act=goods&op=comments_list ) 
ERR: Db Error: Unknown column 'geval_image_again' in 'where clause'
SELECT COUNT(*) AS nc_count FROM `zmkj_evaluate_goods` WHERE ( geval_goodsid = '103085' ) AND ( (geval_image <> '') OR (geval_image_again <> '') ) LIMIT 1  
[2018-11-23 05:18:52] /shop/index.php?act=goods&op=comments_list&goods_id=103816 ( act=goods&op=comments_list ) 
ERR: Db Error: Unknown column 'geval_image_again' in 'where clause'
SELECT COUNT(*) AS nc_count FROM `zmkj_evaluate_goods` WHERE ( geval_goodsid = '103816' ) AND ( (geval_image <> '') OR (geval_image_again <> '') ) LIMIT 1  
[2018-11-23 06:11:40] /shop/index.php?act=goods&op=comments_list&goods_id=105651 ( act=goods&op=comments_list ) 
ERR: Db Error: Unknown column 'geval_image_again' in 'where clause'
SELECT COUNT(*) AS nc_count FROM `zmkj_evaluate_goods` WHERE ( geval_goodsid = '105651' ) AND ( (geval_image <> '') OR (geval_image_again <> '') ) LIMIT 1  
[2018-11-23 07:09:16] /shop/index.php?act=goods&op=comments_list&goods_id=100545 ( act=goods&op=comments_list ) 
ERR: Db Error: Unknown column 'geval_image_again' in 'where clause'
SELECT COUNT(*) AS nc_count FROM `zmkj_evaluate_goods` WHERE ( geval_goodsid = '100545' ) AND ( (geval_image <> '') OR (geval_image_again <> '') ) LIMIT 1  
[2018-11-23 07:18:52] /shop/index.php?act=goods&op=comments_list&goods_id=105548 ( act=goods&op=comments_list ) 
ERR: Db Error: Unknown column 'geval_image_again' in 'where clause'
SELECT COUNT(*) AS nc_count FROM `zmkj_evaluate_goods` WHERE ( geval_goodsid = '105548' ) AND ( (geval_image <> '') OR (geval_image_again <> '') ) LIMIT 1  
[2018-11-23 08:02:05] /shop/index.php?act=goods&op=comments_list&goods_id=103606 ( act=goods&op=comments_list ) 
ERR: Db Error: Unknown column 'geval_image_again' in 'where clause'
SELECT COUNT(*) AS nc_count FROM `zmkj_evaluate_goods` WHERE ( geval_goodsid = '103606' ) AND ( (geval_image <> '') OR (geval_image_again <> '') ) LIMIT 1  
[2018-11-23 08:06:52] /shop/index.php?act=goods&op=comments_list&goods_id=105524 ( act=goods&op=comments_list ) 
ERR: Db Error: Unknown column 'geval_image_again' in 'where clause'
SELECT COUNT(*) AS nc_count FROM `zmkj_evaluate_goods` WHERE ( geval_goodsid = '105524' ) AND ( (geval_image <> '') OR (geval_image_again <> '') ) LIMIT 1  
[2018-11-23 08:26:05] /shop/index.php?act=goods&op=comments_list&goods_id=105168 ( act=goods&op=comments_list ) 
ERR: Db Error: Unknown column 'geval_image_again' in 'where clause'
SELECT COUNT(*) AS nc_count FROM `zmkj_evaluate_goods` WHERE ( geval_goodsid = '105168' ) AND ( (geval_image <> '') OR (geval_image_again <> '') ) LIMIT 1  
[2018-11-23 08:50:04] /shop/index.php?act=goods&op=comments_list&goods_id=105510 ( act=goods&op=comments_list ) 
ERR: Db Error: Unknown column 'geval_image_again' in 'where clause'
SELECT COUNT(*) AS nc_count FROM `zmkj_evaluate_goods` WHERE ( geval_goodsid = '105510' ) AND ( (geval_image <> '') OR (geval_image_again <> '') ) LIMIT 1  
[2018-11-23 08:54:52] /shop/index.php?act=goods&op=comments_list&goods_id=106870 ( act=goods&op=comments_list ) 
ERR: Db Error: Unknown column 'geval_image_again' in 'where clause'
SELECT COUNT(*) AS nc_count FROM `zmkj_evaluate_goods` WHERE ( geval_goodsid = '106870' ) AND ( (geval_image <> '') OR (geval_image_again <> '') ) LIMIT 1  
[2018-11-23 09:14:04] /shop/index.php?act=goods&op=comments_list&goods_id=105514 ( act=goods&op=comments_list ) 
ERR: Db Error: Unknown column 'geval_image_again' in 'where clause'
SELECT COUNT(*) AS nc_count FROM `zmkj_evaluate_goods` WHERE ( geval_goodsid = '105514' ) AND ( (geval_image <> '') OR (geval_image_again <> '') ) LIMIT 1  
[2018-11-23 09:18:52] /shop/index.php?act=goods&op=comments_list&goods_id=105547 ( act=goods&op=comments_list ) 
ERR: Db Error: Unknown column 'geval_image_again' in 'where clause'
SELECT COUNT(*) AS nc_count FROM `zmkj_evaluate_goods` WHERE ( geval_goodsid = '105547' ) AND ( (geval_image <> '') OR (geval_image_again <> '') ) LIMIT 1  
[2018-11-23 09:28:28] /shop/index.php?act=goods&op=comments_list&goods_id=105664 ( act=goods&op=comments_list ) 
ERR: Db Error: Unknown column 'geval_image_again' in 'where clause'
SELECT COUNT(*) AS nc_count FROM `zmkj_evaluate_goods` WHERE ( geval_goodsid = '105664' ) AND ( (geval_image <> '') OR (geval_image_again <> '') ) LIMIT 1  
[2018-11-23 09:33:16] /shop/index.php?act=goods&op=comments_list&goods_id=106869 ( act=goods&op=comments_list ) 
ERR: Db Error: Unknown column 'geval_image_again' in 'where clause'
SELECT COUNT(*) AS nc_count FROM `zmkj_evaluate_goods` WHERE ( geval_goodsid = '106869' ) AND ( (geval_image <> '') OR (geval_image_again <> '') ) LIMIT 1  
[2018-11-23 09:47:40] /shop/index.php?act=goods&op=comments_list&goods_id=105170 ( act=goods&op=comments_list ) 
ERR: Db Error: Unknown column 'geval_image_again' in 'where clause'
SELECT COUNT(*) AS nc_count FROM `zmkj_evaluate_goods` WHERE ( geval_goodsid = '105170' ) AND ( (geval_image <> '') OR (geval_image_again <> '') ) LIMIT 1  
[2018-11-23 09:57:16] /shop/index.php?act=goods&op=comments_list&goods_id=105219 ( act=goods&op=comments_list ) 
ERR: Db Error: Unknown column 'geval_image_again' in 'where clause'
SELECT COUNT(*) AS nc_count FROM `zmkj_evaluate_goods` WHERE ( geval_goodsid = '105219' ) AND ( (geval_image <> '') OR (geval_image_again <> '') ) LIMIT 1  
[2018-11-23 10:16:28] /shop/index.php?act=goods&op=comments_list&goods_id=105221 ( act=goods&op=comments_list ) 
ERR: Db Error: Unknown column 'geval_image_again' in 'where clause'
SELECT COUNT(*) AS nc_count FROM `zmkj_evaluate_goods` WHERE ( geval_goodsid = '105221' ) AND ( (geval_image <> '') OR (geval_image_again <> '') ) LIMIT 1  
[2018-11-23 10:21:16] /shop/index.php?act=goods&op=comments_list&goods_id=105188 ( act=goods&op=comments_list ) 
ERR: Db Error: Unknown column 'geval_image_again' in 'where clause'
SELECT COUNT(*) AS nc_count FROM `zmkj_evaluate_goods` WHERE ( geval_goodsid = '105188' ) AND ( (geval_image <> '') OR (geval_image_again <> '') ) LIMIT 1  
[2018-11-23 10:40:28] /shop/index.php?act=goods&op=comments_list&goods_id=100586 ( act=goods&op=comments_list ) 
ERR: Db Error: Unknown column 'geval_image_again' in 'where clause'
SELECT COUNT(*) AS nc_count FROM `zmkj_evaluate_goods` WHERE ( geval_goodsid = '100586' ) AND ( (geval_image <> '') OR (geval_image_again <> '') ) LIMIT 1  
[2018-11-23 11:14:04] /shop/index.php?act=goods&op=comments_list&goods_id=105566 ( act=goods&op=comments_list ) 
ERR: Db Error: Unknown column 'geval_image_again' in 'where clause'
SELECT COUNT(*) AS nc_count FROM `zmkj_evaluate_goods` WHERE ( geval_goodsid = '105566' ) AND ( (geval_image <> '') OR (geval_image_again <> '') ) LIMIT 1  
[2018-11-23 11:33:16] /shop/index.php?act=goods&op=comments_list&goods_id=105194 ( act=goods&op=comments_list ) 
ERR: Db Error: Unknown column 'geval_image_again' in 'where clause'
SELECT COUNT(*) AS nc_count FROM `zmkj_evaluate_goods` WHERE ( geval_goodsid = '105194' ) AND ( (geval_image <> '') OR (geval_image_again <> '') ) LIMIT 1  
[2018-11-23 11:52:28] /shop/index.php?act=goods&op=comments_list&goods_id=105220 ( act=goods&op=comments_list ) 
ERR: Db Error: Unknown column 'geval_image_again' in 'where clause'
SELECT COUNT(*) AS nc_count FROM `zmkj_evaluate_goods` WHERE ( geval_goodsid = '105220' ) AND ( (geval_image <> '') OR (geval_image_again <> '') ) LIMIT 1  
[2018-11-23 12:02:04] /shop/index.php?act=goods&op=comments_list&goods_id=105504 ( act=goods&op=comments_list ) 
ERR: Db Error: Unknown column 'geval_image_again' in 'where clause'
SELECT COUNT(*) AS nc_count FROM `zmkj_evaluate_goods` WHERE ( geval_goodsid = '105504' ) AND ( (geval_image <> '') OR (geval_image_again <> '') ) LIMIT 1  
[2018-11-23 12:06:52] /shop/index.php?act=goods&op=comments_list&goods_id=105667 ( act=goods&op=comments_list ) 
ERR: Db Error: Unknown column 'geval_image_again' in 'where clause'
SELECT COUNT(*) AS nc_count FROM `zmkj_evaluate_goods` WHERE ( geval_goodsid = '105667' ) AND ( (geval_image <> '') OR (geval_image_again <> '') ) LIMIT 1  
[2018-11-23 12:21:16] /shop/index.php?act=goods&op=comments_list&goods_id=106861 ( act=goods&op=comments_list ) 
ERR: Db Error: Unknown column 'geval_image_again' in 'where clause'
SELECT COUNT(*) AS nc_count FROM `zmkj_evaluate_goods` WHERE ( geval_goodsid = '106861' ) AND ( (geval_image <> '') OR (geval_image_again <> '') ) LIMIT 1  
[2018-11-23 12:45:00] /shop/index.php?act=goods&goods_id=102816&op=comments_list ( act=goods&op=comments_list ) 
ERR: Db Error: Unknown column 'geval_image_again' in 'where clause'
SELECT COUNT(*) AS nc_count FROM `zmkj_evaluate_goods` WHERE ( geval_goodsid = '102816' ) AND ( (geval_image <> '') OR (geval_image_again <> '') ) LIMIT 1  
[2018-11-23 12:45:00] /shop/index.php?act=goods&goods_id=103595&op=comments_list ( act=goods&op=comments_list ) 
ERR: Db Error: Unknown column 'geval_image_again' in 'where clause'
SELECT COUNT(*) AS nc_count FROM `zmkj_evaluate_goods` WHERE ( geval_goodsid = '103595' ) AND ( (geval_image <> '') OR (geval_image_again <> '') ) LIMIT 1  
[2018-11-23 12:45:06] /shop/index.php?act=hot_sale&op=index ( act=hot_sale&op=index ) 
ERR: Db Error: You have an error in your SQL syntax; check the manual that corresponds to your MySQL server version for the right syntax to use near ') and goods_state=1' at line 1
select * from zmkj_goods where goods_id in () and goods_state=1
[2018-11-23 12:45:06] /shop/index.php?act=hot_sale&op=index ( act=hot_sale&op=index ) 
ERR: Db Error: You have an error in your SQL syntax; check the manual that corresponds to your MySQL server version for the right syntax to use near '' at line 1
select `member_id` from zmkj_store where store_id = 
[2018-11-23 12:50:04] /shop/index.php?act=goods&op=comments_list&goods_id=105675 ( act=goods&op=comments_list ) 
ERR: Db Error: Unknown column 'geval_image_again' in 'where clause'
SELECT COUNT(*) AS nc_count FROM `zmkj_evaluate_goods` WHERE ( geval_goodsid = '105675' ) AND ( (geval_image <> '') OR (geval_image_again <> '') ) LIMIT 1  
[2018-11-23 13:23:40] /shop/index.php?act=goods&op=comments_list&goods_id=106863 ( act=goods&op=comments_list ) 
ERR: Db Error: Unknown column 'geval_image_again' in 'where clause'
SELECT COUNT(*) AS nc_count FROM `zmkj_evaluate_goods` WHERE ( geval_goodsid = '106863' ) AND ( (geval_image <> '') OR (geval_image_again <> '') ) LIMIT 1  
[2018-11-23 13:38:04] /shop/index.php?act=goods&op=comments_list&goods_id=105522 ( act=goods&op=comments_list ) 
ERR: Db Error: Unknown column 'geval_image_again' in 'where clause'
SELECT COUNT(*) AS nc_count FROM `zmkj_evaluate_goods` WHERE ( geval_goodsid = '105522' ) AND ( (geval_image <> '') OR (geval_image_again <> '') ) LIMIT 1  
[2018-11-23 13:42:52] /shop/index.php?act=goods&op=comments_list&goods_id=100591 ( act=goods&op=comments_list ) 
ERR: Db Error: Unknown column 'geval_image_again' in 'where clause'
SELECT COUNT(*) AS nc_count FROM `zmkj_evaluate_goods` WHERE ( geval_goodsid = '100591' ) AND ( (geval_image <> '') OR (geval_image_again <> '') ) LIMIT 1  
[2018-11-23 13:52:28] /shop/index.php?act=goods&op=comments_list&goods_id=105669 ( act=goods&op=comments_list ) 
ERR: Db Error: Unknown column 'geval_image_again' in 'where clause'
SELECT COUNT(*) AS nc_count FROM `zmkj_evaluate_goods` WHERE ( geval_goodsid = '105669' ) AND ( (geval_image <> '') OR (geval_image_again <> '') ) LIMIT 1  
[2018-11-23 14:06:52] /shop/index.php?act=goods&op=comments_list&goods_id=105207 ( act=goods&op=comments_list ) 
ERR: Db Error: Unknown column 'geval_image_again' in 'where clause'
SELECT COUNT(*) AS nc_count FROM `zmkj_evaluate_goods` WHERE ( geval_goodsid = '105207' ) AND ( (geval_image <> '') OR (geval_image_again <> '') ) LIMIT 1  
[2018-11-23 14:11:41] /shop/index.php?act=goods&op=comments_list&goods_id=105567 ( act=goods&op=comments_list ) 
ERR: Db Error: Unknown column 'geval_image_again' in 'where clause'
SELECT COUNT(*) AS nc_count FROM `zmkj_evaluate_goods` WHERE ( geval_goodsid = '105567' ) AND ( (geval_image <> '') OR (geval_image_again <> '') ) LIMIT 1  
[2018-11-23 14:16:28] /shop/index.php?act=goods&op=comments_list&goods_id=105663 ( act=goods&op=comments_list ) 
ERR: Db Error: Unknown column 'geval_image_again' in 'where clause'
SELECT COUNT(*) AS nc_count FROM `zmkj_evaluate_goods` WHERE ( geval_goodsid = '105663' ) AND ( (geval_image <> '') OR (geval_image_again <> '') ) LIMIT 1  
[2018-11-23 14:35:40] /shop/index.php?act=goods&op=comments_list&goods_id=105505 ( act=goods&op=comments_list ) 
ERR: Db Error: Unknown column 'geval_image_again' in 'where clause'
SELECT COUNT(*) AS nc_count FROM `zmkj_evaluate_goods` WHERE ( geval_goodsid = '105505' ) AND ( (geval_image <> '') OR (geval_image_again <> '') ) LIMIT 1  
[2018-11-23 14:50:04] /shop/index.php?act=goods&op=comments_list&goods_id=105228 ( act=goods&op=comments_list ) 
ERR: Db Error: Unknown column 'geval_image_again' in 'where clause'
SELECT COUNT(*) AS nc_count FROM `zmkj_evaluate_goods` WHERE ( geval_goodsid = '105228' ) AND ( (geval_image <> '') OR (geval_image_again <> '') ) LIMIT 1  
[2018-11-23 14:59:40] /shop/index.php?act=goods&op=comments_list&goods_id=106857 ( act=goods&op=comments_list ) 
ERR: Db Error: Unknown column 'geval_image_again' in 'where clause'
SELECT COUNT(*) AS nc_count FROM `zmkj_evaluate_goods` WHERE ( geval_goodsid = '106857' ) AND ( (geval_image <> '') OR (geval_image_again <> '') ) LIMIT 1  
[2018-11-23 15:08:40] /shop/index.php?act=goods&goods_id=101917&op=comments_list&type=1 ( act=goods&op=comments_list ) 
ERR: Db Error: Unknown column 'geval_image_again' in 'where clause'
SELECT COUNT(*) AS nc_count FROM `zmkj_evaluate_goods` WHERE ( geval_goodsid = '101917' ) AND ( (geval_image <> '') OR (geval_image_again <> '') ) LIMIT 1  
[2018-11-23 15:18:52] /shop/index.php?act=goods&op=comments_list&goods_id=105179 ( act=goods&op=comments_list ) 
ERR: Db Error: Unknown column 'geval_image_again' in 'where clause'
SELECT COUNT(*) AS nc_count FROM `zmkj_evaluate_goods` WHERE ( geval_goodsid = '105179' ) AND ( (geval_image <> '') OR (geval_image_again <> '') ) LIMIT 1  
[2018-11-23 15:28:28] /shop/index.php?act=goods&op=comments_list&goods_id=100505 ( act=goods&op=comments_list ) 
ERR: Db Error: Unknown column 'geval_image_again' in 'where clause'
SELECT COUNT(*) AS nc_count FROM `zmkj_evaluate_goods` WHERE ( geval_goodsid = '100505' ) AND ( (geval_image <> '') OR (geval_image_again <> '') ) LIMIT 1  
[2018-11-23 15:38:04] /shop/index.php?act=goods&op=comments_list&goods_id=105515 ( act=goods&op=comments_list ) 
ERR: Db Error: Unknown column 'geval_image_again' in 'where clause'
SELECT COUNT(*) AS nc_count FROM `zmkj_evaluate_goods` WHERE ( geval_goodsid = '105515' ) AND ( (geval_image <> '') OR (geval_image_again <> '') ) LIMIT 1  
[2018-11-23 15:52:28] /shop/index.php?act=goods&op=comments_list&goods_id=105666 ( act=goods&op=comments_list ) 
ERR: Db Error: Unknown column 'geval_image_again' in 'where clause'
SELECT COUNT(*) AS nc_count FROM `zmkj_evaluate_goods` WHERE ( geval_goodsid = '105666' ) AND ( (geval_image <> '') OR (geval_image_again <> '') ) LIMIT 1  
[2018-11-23 15:57:16] /shop/index.php?act=goods&op=comments_list&goods_id=103604 ( act=goods&op=comments_list ) 
ERR: Db Error: Unknown column 'geval_image_again' in 'where clause'
SELECT COUNT(*) AS nc_count FROM `zmkj_evaluate_goods` WHERE ( geval_goodsid = '103604' ) AND ( (geval_image <> '') OR (geval_image_again <> '') ) LIMIT 1  
[2018-11-23 16:02:04] /shop/index.php?act=goods&op=comments_list&goods_id=105532 ( act=goods&op=comments_list ) 
ERR: Db Error: Unknown column 'geval_image_again' in 'where clause'
SELECT COUNT(*) AS nc_count FROM `zmkj_evaluate_goods` WHERE ( geval_goodsid = '105532' ) AND ( (geval_image <> '') OR (geval_image_again <> '') ) LIMIT 1  
[2018-11-23 16:21:16] /shop/index.php?act=goods&op=comments_list&goods_id=104277 ( act=goods&op=comments_list ) 
ERR: Db Error: Unknown column 'geval_image_again' in 'where clause'
SELECT COUNT(*) AS nc_count FROM `zmkj_evaluate_goods` WHERE ( geval_goodsid = '104277' ) AND ( (geval_image <> '') OR (geval_image_again <> '') ) LIMIT 1  
[2018-11-23 16:59:40] /shop/index.php?act=goods&op=comments_list&goods_id=105508 ( act=goods&op=comments_list ) 
ERR: Db Error: Unknown column 'geval_image_again' in 'where clause'
SELECT COUNT(*) AS nc_count FROM `zmkj_evaluate_goods` WHERE ( geval_goodsid = '105508' ) AND ( (geval_image <> '') OR (geval_image_again <> '') ) LIMIT 1  
[2018-11-23 17:04:28] /shop/index.php?act=goods&op=comments_list&goods_id=105523 ( act=goods&op=comments_list ) 
ERR: Db Error: Unknown column 'geval_image_again' in 'where clause'
SELECT COUNT(*) AS nc_count FROM `zmkj_evaluate_goods` WHERE ( geval_goodsid = '105523' ) AND ( (geval_image <> '') OR (geval_image_again <> '') ) LIMIT 1  
[2018-11-23 17:18:52] /shop/index.php?act=goods&op=comments_list&goods_id=105674 ( act=goods&op=comments_list ) 
ERR: Db Error: Unknown column 'geval_image_again' in 'where clause'
SELECT COUNT(*) AS nc_count FROM `zmkj_evaluate_goods` WHERE ( geval_goodsid = '105674' ) AND ( (geval_image <> '') OR (geval_image_again <> '') ) LIMIT 1  
