[2018-01-28 01:03:28] /shop/index.php?act=goods&goods_id=100339&op=index ( act=goods&op=index ) 
ERR: Db Error: Unknown column 'geval_image_again' in 'where clause'
SELECT COUNT(*) AS nc_count FROM `zmkj_evaluate_goods` WHERE ( geval_goodsid = '100339' ) AND ( (geval_image <> '') OR (geval_image_again <> '') ) LIMIT 1  
[2018-01-28 03:49:31] /shop/index.php?act=goods&goods_id=100022&op=index ( act=goods&op=index ) 
ERR: Db Error: Unknown column 'geval_image_again' in 'where clause'
SELECT COUNT(*) AS nc_count FROM `zmkj_evaluate_goods` WHERE ( geval_goodsid = '100022' ) AND ( (geval_image <> '') OR (geval_image_again <> '') ) LIMIT 1  
[2018-01-28 04:53:02] /shop/index.php?act=goods&goods_id=100320&op=index ( act=goods&op=index ) 
ERR: Db Error: Unknown column 'geval_image_again' in 'where clause'
SELECT COUNT(*) AS nc_count FROM `zmkj_evaluate_goods` WHERE ( geval_goodsid = '100320' ) AND ( (geval_image <> '') OR (geval_image_again <> '') ) LIMIT 1  
[2018-01-28 05:28:03] /shop/index.php?act=goods&goods_id=100036&op=index ( act=goods&op=index ) 
ERR: Db Error: Unknown column 'geval_image_again' in 'where clause'
SELECT COUNT(*) AS nc_count FROM `zmkj_evaluate_goods` WHERE ( geval_goodsid = '100036' ) AND ( (geval_image <> '') OR (geval_image_again <> '') ) LIMIT 1  
[2018-01-28 05:54:04] /shop/index.php?act=goods&goods_id=100065&op=index ( act=goods&op=index ) 
ERR: Db Error: Unknown column 'geval_image_again' in 'where clause'
SELECT COUNT(*) AS nc_count FROM `zmkj_evaluate_goods` WHERE ( geval_goodsid = '100065' ) AND ( (geval_image <> '') OR (geval_image_again <> '') ) LIMIT 1  
[2018-01-28 06:13:04] /shop/index.php?act=goods&goods_id=100032&op=index ( act=goods&op=index ) 
ERR: Db Error: Unknown column 'geval_image_again' in 'where clause'
SELECT COUNT(*) AS nc_count FROM `zmkj_evaluate_goods` WHERE ( geval_goodsid = '100032' ) AND ( (geval_image <> '') OR (geval_image_again <> '') ) LIMIT 1  
[2018-01-28 06:36:35] /shop/index.php?act=goods&goods_id=100010&op=index ( act=goods&op=index ) 
ERR: Db Error: Unknown column 'geval_image_again' in 'where clause'
SELECT COUNT(*) AS nc_count FROM `zmkj_evaluate_goods` WHERE ( geval_goodsid = '100010' ) AND ( (geval_image <> '') OR (geval_image_again <> '') ) LIMIT 1  
[2018-01-28 06:55:24] /shop/index.php?act=goods&op=index&goods_id=100505 ( act=goods&op=index ) 
ERR: Db Error: Unknown column 'geval_image_again' in 'where clause'
SELECT COUNT(*) AS nc_count FROM `zmkj_evaluate_goods` WHERE ( geval_goodsid = '100505' ) AND ( (geval_image <> '') OR (geval_image_again <> '') ) LIMIT 1  
[2018-01-28 09:18:01] /shop/index.php?act=goods&op=index&goods_id=100652 ( act=goods&op=index ) 
ERR: Db Error: Unknown column 'geval_image_again' in 'where clause'
SELECT COUNT(*) AS nc_count FROM `zmkj_evaluate_goods` WHERE ( geval_goodsid = '100652' ) AND ( (geval_image <> '') OR (geval_image_again <> '') ) LIMIT 1  
[2018-01-28 09:18:49] /shop/index.php?act=goods&op=index&goods_id=100504 ( act=goods&op=index ) 
ERR: Db Error: Unknown column 'geval_image_again' in 'where clause'
SELECT COUNT(*) AS nc_count FROM `zmkj_evaluate_goods` WHERE ( geval_goodsid = '100504' ) AND ( (geval_image <> '') OR (geval_image_again <> '') ) LIMIT 1  
[2018-01-28 09:19:00] /shop/index.php?act=goods&op=index&goods_id=100646 ( act=goods&op=index ) 
ERR: Db Error: Unknown column 'geval_image_again' in 'where clause'
SELECT COUNT(*) AS nc_count FROM `zmkj_evaluate_goods` WHERE ( geval_goodsid = '100646' ) AND ( (geval_image <> '') OR (geval_image_again <> '') ) LIMIT 1  
[2018-01-28 09:19:22] /shop/index.php?act=goods&op=index&goods_id=100650 ( act=goods&op=index ) 
ERR: Db Error: Unknown column 'geval_image_again' in 'where clause'
SELECT COUNT(*) AS nc_count FROM `zmkj_evaluate_goods` WHERE ( geval_goodsid = '100650' ) AND ( (geval_image <> '') OR (geval_image_again <> '') ) LIMIT 1  
[2018-01-28 09:19:58] /shop/index.php?act=goods&goods_id=100464&op=index ( act=goods&op=index ) 
ERR: Db Error: Unknown column 'geval_image_again' in 'where clause'
SELECT COUNT(*) AS nc_count FROM `zmkj_evaluate_goods` WHERE ( geval_goodsid = '100464' ) AND ( (geval_image <> '') OR (geval_image_again <> '') ) LIMIT 1  
[2018-01-28 09:33:21] /shop/index.php?act=goods&op=index&goods_id=100653 ( act=goods&op=index ) 
ERR: Db Error: Unknown column 'geval_image_again' in 'where clause'
SELECT COUNT(*) AS nc_count FROM `zmkj_evaluate_goods` WHERE ( geval_goodsid = '100653' ) AND ( (geval_image <> '') OR (geval_image_again <> '') ) LIMIT 1  
[2018-01-28 09:35:17] /shop/index.php?act=goods&op=index&goods_id=100653 ( act=goods&op=index ) 
ERR: Db Error: Unknown column 'geval_image_again' in 'where clause'
SELECT COUNT(*) AS nc_count FROM `zmkj_evaluate_goods` WHERE ( geval_goodsid = '100653' ) AND ( (geval_image <> '') OR (geval_image_again <> '') ) LIMIT 1  
[2018-01-28 09:44:53] /shop/index.php?act=goods&op=index&goods_id=100654 ( act=goods&op=index ) 
ERR: Db Error: Unknown column 'geval_image_again' in 'where clause'
SELECT COUNT(*) AS nc_count FROM `zmkj_evaluate_goods` WHERE ( geval_goodsid = '100654' ) AND ( (geval_image <> '') OR (geval_image_again <> '') ) LIMIT 1  
[2018-01-28 09:46:35] /shop/index.php?act=goods&op=index&goods_id=100654 ( act=goods&op=index ) 
ERR: Db Error: Unknown column 'geval_image_again' in 'where clause'
SELECT COUNT(*) AS nc_count FROM `zmkj_evaluate_goods` WHERE ( geval_goodsid = '100654' ) AND ( (geval_image <> '') OR (geval_image_again <> '') ) LIMIT 1  
[2018-01-28 09:50:17] /shop/index.php?act=goods&op=index&goods_id=100647 ( act=goods&op=index ) 
ERR: Db Error: Unknown column 'geval_image_again' in 'where clause'
SELECT COUNT(*) AS nc_count FROM `zmkj_evaluate_goods` WHERE ( geval_goodsid = '100647' ) AND ( (geval_image <> '') OR (geval_image_again <> '') ) LIMIT 1  
[2018-01-28 09:58:29] /shop/index.php?act=goods&goods_id=100556&op=index ( act=goods&op=index ) 
ERR: Db Error: Unknown column 'geval_image_again' in 'where clause'
SELECT COUNT(*) AS nc_count FROM `zmkj_evaluate_goods` WHERE ( geval_goodsid = '100556' ) AND ( (geval_image <> '') OR (geval_image_again <> '') ) LIMIT 1  
[2018-01-28 10:03:39] /shop/index.php?act=goods&op=index&goods_id=100655 ( act=goods&op=index ) 
ERR: Db Error: Unknown column 'geval_image_again' in 'where clause'
SELECT COUNT(*) AS nc_count FROM `zmkj_evaluate_goods` WHERE ( geval_goodsid = '100655' ) AND ( (geval_image <> '') OR (geval_image_again <> '') ) LIMIT 1  
[2018-01-28 10:11:37] /shop/index.php?act=goods&op=index&goods_id=100656 ( act=goods&op=index ) 
ERR: Db Error: Unknown column 'geval_image_again' in 'where clause'
SELECT COUNT(*) AS nc_count FROM `zmkj_evaluate_goods` WHERE ( geval_goodsid = '100656' ) AND ( (geval_image <> '') OR (geval_image_again <> '') ) LIMIT 1  
[2018-01-28 10:19:04] /shop/index.php?act=goods&op=index&goods_id=100655 ( act=goods&op=index ) 
ERR: Db Error: Unknown column 'geval_image_again' in 'where clause'
SELECT COUNT(*) AS nc_count FROM `zmkj_evaluate_goods` WHERE ( geval_goodsid = '100655' ) AND ( (geval_image <> '') OR (geval_image_again <> '') ) LIMIT 1  
[2018-01-28 10:25:05] /shop/index.php?act=goods&op=index&goods_id=100658 ( act=goods&op=index ) 
ERR: Db Error: Unknown column 'geval_image_again' in 'where clause'
SELECT COUNT(*) AS nc_count FROM `zmkj_evaluate_goods` WHERE ( geval_goodsid = '100658' ) AND ( (geval_image <> '') OR (geval_image_again <> '') ) LIMIT 1  
[2018-01-28 10:43:30] /shop/index.php?act=goods&goods_id=100603&op=index ( act=goods&op=index ) 
ERR: Db Error: Unknown column 'geval_image_again' in 'where clause'
SELECT COUNT(*) AS nc_count FROM `zmkj_evaluate_goods` WHERE ( geval_goodsid = '100603' ) AND ( (geval_image <> '') OR (geval_image_again <> '') ) LIMIT 1  
[2018-01-28 10:44:59] /shop/index.php?act=goods&op=index&goods_id=100659 ( act=goods&op=index ) 
ERR: Db Error: Unknown column 'geval_image_again' in 'where clause'
SELECT COUNT(*) AS nc_count FROM `zmkj_evaluate_goods` WHERE ( geval_goodsid = '100659' ) AND ( (geval_image <> '') OR (geval_image_again <> '') ) LIMIT 1  
[2018-01-28 10:46:52] /shop/index.php?act=goods&op=index&goods_id=100503 ( act=goods&op=index ) 
ERR: Db Error: Unknown column 'geval_image_again' in 'where clause'
SELECT COUNT(*) AS nc_count FROM `zmkj_evaluate_goods` WHERE ( geval_goodsid = '100503' ) AND ( (geval_image <> '') OR (geval_image_again <> '') ) LIMIT 1  
[2018-01-28 11:02:01] /shop/index.php?act=goods&goods_id=100649&op=index ( act=goods&op=index ) 
ERR: Db Error: Unknown column 'geval_image_again' in 'where clause'
SELECT COUNT(*) AS nc_count FROM `zmkj_evaluate_goods` WHERE ( geval_goodsid = '100649' ) AND ( (geval_image <> '') OR (geval_image_again <> '') ) LIMIT 1  
[2018-01-28 11:21:31] /shop/index.php?act=goods&goods_id=100632&op=index ( act=goods&op=index ) 
ERR: Db Error: Unknown column 'geval_image_again' in 'where clause'
SELECT COUNT(*) AS nc_count FROM `zmkj_evaluate_goods` WHERE ( geval_goodsid = '100632' ) AND ( (geval_image <> '') OR (geval_image_again <> '') ) LIMIT 1  
[2018-01-28 11:42:53] /shop/index.php?act=goods&op=index&goods_id=100660 ( act=goods&op=index ) 
ERR: Db Error: Unknown column 'geval_image_again' in 'where clause'
SELECT COUNT(*) AS nc_count FROM `zmkj_evaluate_goods` WHERE ( geval_goodsid = '100660' ) AND ( (geval_image <> '') OR (geval_image_again <> '') ) LIMIT 1  
[2018-01-28 11:44:02] /shop/index.php?act=goods&goods_id=100655&op=index ( act=goods&op=index ) 
ERR: Db Error: Unknown column 'geval_image_again' in 'where clause'
SELECT COUNT(*) AS nc_count FROM `zmkj_evaluate_goods` WHERE ( geval_goodsid = '100655' ) AND ( (geval_image <> '') OR (geval_image_again <> '') ) LIMIT 1  
[2018-01-28 12:04:32] /shop/index.php?act=goods&goods_id=100631&op=index ( act=goods&op=index ) 
ERR: Db Error: Unknown column 'geval_image_again' in 'where clause'
SELECT COUNT(*) AS nc_count FROM `zmkj_evaluate_goods` WHERE ( geval_goodsid = '100631' ) AND ( (geval_image <> '') OR (geval_image_again <> '') ) LIMIT 1  
[2018-01-28 12:34:01] /shop/index.php?act=goods&op=index&goods_id=100661 ( act=goods&op=index ) 
ERR: Db Error: Unknown column 'geval_image_again' in 'where clause'
SELECT COUNT(*) AS nc_count FROM `zmkj_evaluate_goods` WHERE ( geval_goodsid = '100661' ) AND ( (geval_image <> '') OR (geval_image_again <> '') ) LIMIT 1  
[2018-01-28 12:48:48] /shop/index.php?act=goods&op=index&goods_id=100662 ( act=goods&op=index ) 
ERR: Db Error: Unknown column 'geval_image_again' in 'where clause'
SELECT COUNT(*) AS nc_count FROM `zmkj_evaluate_goods` WHERE ( geval_goodsid = '100662' ) AND ( (geval_image <> '') OR (geval_image_again <> '') ) LIMIT 1  
[2018-01-28 13:13:04] /shop/index.php?act=goods&op=index&goods_id=100663 ( act=goods&op=index ) 
ERR: Db Error: Unknown column 'geval_image_again' in 'where clause'
SELECT COUNT(*) AS nc_count FROM `zmkj_evaluate_goods` WHERE ( geval_goodsid = '100663' ) AND ( (geval_image <> '') OR (geval_image_again <> '') ) LIMIT 1  
[2018-01-28 13:15:11] /shop/index.php?act=goods&op=index&goods_id=100663 ( act=goods&op=index ) 
ERR: Db Error: Unknown column 'geval_image_again' in 'where clause'
SELECT COUNT(*) AS nc_count FROM `zmkj_evaluate_goods` WHERE ( geval_goodsid = '100663' ) AND ( (geval_image <> '') OR (geval_image_again <> '') ) LIMIT 1  
[2018-01-28 13:17:23] /shop/index.php?act=goods&op=index&goods_id=100663 ( act=goods&op=index ) 
ERR: Db Error: Unknown column 'geval_image_again' in 'where clause'
SELECT COUNT(*) AS nc_count FROM `zmkj_evaluate_goods` WHERE ( geval_goodsid = '100663' ) AND ( (geval_image <> '') OR (geval_image_again <> '') ) LIMIT 1  
[2018-01-28 13:28:28] /shop/index.php?act=goods&op=index&goods_id=100664 ( act=goods&op=index ) 
ERR: Db Error: Unknown column 'geval_image_again' in 'where clause'
SELECT COUNT(*) AS nc_count FROM `zmkj_evaluate_goods` WHERE ( geval_goodsid = '100664' ) AND ( (geval_image <> '') OR (geval_image_again <> '') ) LIMIT 1  
[2018-01-28 13:33:40] /shop/index.php?act=goods&op=index&goods_id=100665 ( act=goods&op=index ) 
ERR: Db Error: Unknown column 'geval_image_again' in 'where clause'
SELECT COUNT(*) AS nc_count FROM `zmkj_evaluate_goods` WHERE ( geval_goodsid = '100665' ) AND ( (geval_image <> '') OR (geval_image_again <> '') ) LIMIT 1  
[2018-01-28 13:33:47] /shop/index.php?act=goods&op=index&goods_id=100664 ( act=goods&op=index ) 
ERR: Db Error: Unknown column 'geval_image_again' in 'where clause'
SELECT COUNT(*) AS nc_count FROM `zmkj_evaluate_goods` WHERE ( geval_goodsid = '100664' ) AND ( (geval_image <> '') OR (geval_image_again <> '') ) LIMIT 1  
[2018-01-28 13:34:05] /shop/index.php?act=goods&op=index&goods_id=100635 ( act=goods&op=index ) 
ERR: Db Error: Unknown column 'geval_image_again' in 'where clause'
SELECT COUNT(*) AS nc_count FROM `zmkj_evaluate_goods` WHERE ( geval_goodsid = '100635' ) AND ( (geval_image <> '') OR (geval_image_again <> '') ) LIMIT 1  
[2018-01-28 13:34:40] /shop/index.php?act=goods&op=index&goods_id=100664 ( act=goods&op=index ) 
ERR: Db Error: Unknown column 'geval_image_again' in 'where clause'
SELECT COUNT(*) AS nc_count FROM `zmkj_evaluate_goods` WHERE ( geval_goodsid = '100664' ) AND ( (geval_image <> '') OR (geval_image_again <> '') ) LIMIT 1  
[2018-01-28 13:37:45] /shop/index.php?act=goods&op=index&goods_id=100664 ( act=goods&op=index ) 
ERR: Db Error: Unknown column 'geval_image_again' in 'where clause'
SELECT COUNT(*) AS nc_count FROM `zmkj_evaluate_goods` WHERE ( geval_goodsid = '100664' ) AND ( (geval_image <> '') OR (geval_image_again <> '') ) LIMIT 1  
[2018-01-28 13:38:07] /shop/index.php?act=goods&op=index&goods_id=100656 ( act=goods&op=index ) 
ERR: Db Error: Unknown column 'geval_image_again' in 'where clause'
SELECT COUNT(*) AS nc_count FROM `zmkj_evaluate_goods` WHERE ( geval_goodsid = '100656' ) AND ( (geval_image <> '') OR (geval_image_again <> '') ) LIMIT 1  
[2018-01-28 13:38:56] /shop/index.php?act=goods&op=index&goods_id=100662 ( act=goods&op=index ) 
ERR: Db Error: Unknown column 'geval_image_again' in 'where clause'
SELECT COUNT(*) AS nc_count FROM `zmkj_evaluate_goods` WHERE ( geval_goodsid = '100662' ) AND ( (geval_image <> '') OR (geval_image_again <> '') ) LIMIT 1  
[2018-01-28 13:43:57] /shop/index.php?act=goods&op=index&goods_id=100664 ( act=goods&op=index ) 
ERR: Db Error: Unknown column 'geval_image_again' in 'where clause'
SELECT COUNT(*) AS nc_count FROM `zmkj_evaluate_goods` WHERE ( geval_goodsid = '100664' ) AND ( (geval_image <> '') OR (geval_image_again <> '') ) LIMIT 1  
[2018-01-28 13:44:25] /shop/index.php?act=goods&op=index&goods_id=100665 ( act=goods&op=index ) 
ERR: Db Error: Unknown column 'geval_image_again' in 'where clause'
SELECT COUNT(*) AS nc_count FROM `zmkj_evaluate_goods` WHERE ( geval_goodsid = '100665' ) AND ( (geval_image <> '') OR (geval_image_again <> '') ) LIMIT 1  
[2018-01-28 13:46:41] /shop/index.php?act=goods&op=index&goods_id=100664 ( act=goods&op=index ) 
ERR: Db Error: Unknown column 'geval_image_again' in 'where clause'
SELECT COUNT(*) AS nc_count FROM `zmkj_evaluate_goods` WHERE ( geval_goodsid = '100664' ) AND ( (geval_image <> '') OR (geval_image_again <> '') ) LIMIT 1  
[2018-01-28 13:52:13] /shop/index.php?act=goods&op=index&goods_id=100666 ( act=goods&op=index ) 
ERR: Db Error: Unknown column 'geval_image_again' in 'where clause'
SELECT COUNT(*) AS nc_count FROM `zmkj_evaluate_goods` WHERE ( geval_goodsid = '100666' ) AND ( (geval_image <> '') OR (geval_image_again <> '') ) LIMIT 1  
[2018-01-28 13:57:10] /shop/index.php?act=goods&op=index&goods_id=100667 ( act=goods&op=index ) 
ERR: Db Error: Unknown column 'geval_image_again' in 'where clause'
SELECT COUNT(*) AS nc_count FROM `zmkj_evaluate_goods` WHERE ( geval_goodsid = '100667' ) AND ( (geval_image <> '') OR (geval_image_again <> '') ) LIMIT 1  
[2018-01-28 13:58:48] /shop/index.php?act=goods&op=index&goods_id=100667 ( act=goods&op=index ) 
ERR: Db Error: Unknown column 'geval_image_again' in 'where clause'
SELECT COUNT(*) AS nc_count FROM `zmkj_evaluate_goods` WHERE ( geval_goodsid = '100667' ) AND ( (geval_image <> '') OR (geval_image_again <> '') ) LIMIT 1  
[2018-01-28 14:03:36] /shop/index.php?act=goods&op=index&goods_id=100668 ( act=goods&op=index ) 
ERR: Db Error: Unknown column 'geval_image_again' in 'where clause'
SELECT COUNT(*) AS nc_count FROM `zmkj_evaluate_goods` WHERE ( geval_goodsid = '100668' ) AND ( (geval_image <> '') OR (geval_image_again <> '') ) LIMIT 1  
[2018-01-28 14:06:06] /shop/index.php?act=goods&goods_id=100627&op=index ( act=goods&op=index ) 
ERR: Db Error: Unknown column 'geval_image_again' in 'where clause'
SELECT COUNT(*) AS nc_count FROM `zmkj_evaluate_goods` WHERE ( geval_goodsid = '100627' ) AND ( (geval_image <> '') OR (geval_image_again <> '') ) LIMIT 1  
[2018-01-28 14:09:09] /shop/index.php?act=goods&op=index&goods_id=100669 ( act=goods&op=index ) 
ERR: Db Error: Unknown column 'geval_image_again' in 'where clause'
SELECT COUNT(*) AS nc_count FROM `zmkj_evaluate_goods` WHERE ( geval_goodsid = '100669' ) AND ( (geval_image <> '') OR (geval_image_again <> '') ) LIMIT 1  
[2018-01-28 14:12:25] /shop/index.php?act=goods&op=index&goods_id=100669 ( act=goods&op=index ) 
ERR: Db Error: Unknown column 'geval_image_again' in 'where clause'
SELECT COUNT(*) AS nc_count FROM `zmkj_evaluate_goods` WHERE ( geval_goodsid = '100669' ) AND ( (geval_image <> '') OR (geval_image_again <> '') ) LIMIT 1  
[2018-01-28 14:21:30] /shop/index.php?act=goods&op=index&goods_id=100671 ( act=goods&op=index ) 
ERR: Db Error: Unknown column 'geval_image_again' in 'where clause'
SELECT COUNT(*) AS nc_count FROM `zmkj_evaluate_goods` WHERE ( geval_goodsid = '100671' ) AND ( (geval_image <> '') OR (geval_image_again <> '') ) LIMIT 1  
[2018-01-28 14:29:06] /shop/index.php?act=goods&goods_id=100650&op=index ( act=goods&op=index ) 
ERR: Db Error: Unknown column 'geval_image_again' in 'where clause'
SELECT COUNT(*) AS nc_count FROM `zmkj_evaluate_goods` WHERE ( geval_goodsid = '100650' ) AND ( (geval_image <> '') OR (geval_image_again <> '') ) LIMIT 1  
[2018-01-28 14:31:29] /shop/index.php?act=goods&op=index&goods_id=100672 ( act=goods&op=index ) 
ERR: Db Error: Unknown column 'geval_image_again' in 'where clause'
SELECT COUNT(*) AS nc_count FROM `zmkj_evaluate_goods` WHERE ( geval_goodsid = '100672' ) AND ( (geval_image <> '') OR (geval_image_again <> '') ) LIMIT 1  
[2018-01-28 14:32:26] /shop/index.php?act=goods&op=index&goods_id=100673 ( act=goods&op=index ) 
ERR: Db Error: Unknown column 'geval_image_again' in 'where clause'
SELECT COUNT(*) AS nc_count FROM `zmkj_evaluate_goods` WHERE ( geval_goodsid = '100673' ) AND ( (geval_image <> '') OR (geval_image_again <> '') ) LIMIT 1  
[2018-01-28 14:32:54] /shop/index.php?act=goods&op=index&goods_id=100671 ( act=goods&op=index ) 
ERR: Db Error: Unknown column 'geval_image_again' in 'where clause'
SELECT COUNT(*) AS nc_count FROM `zmkj_evaluate_goods` WHERE ( geval_goodsid = '100671' ) AND ( (geval_image <> '') OR (geval_image_again <> '') ) LIMIT 1  
[2018-01-28 14:33:02] /shop/index.php?act=goods&op=index&goods_id=100570 ( act=goods&op=index ) 
ERR: Db Error: Unknown column 'geval_image_again' in 'where clause'
SELECT COUNT(*) AS nc_count FROM `zmkj_evaluate_goods` WHERE ( geval_goodsid = '100570' ) AND ( (geval_image <> '') OR (geval_image_again <> '') ) LIMIT 1  
[2018-01-28 14:33:10] /shop/index.php?act=goods&op=index&goods_id=100570 ( act=goods&op=index ) 
ERR: Db Error: Unknown column 'geval_image_again' in 'where clause'
SELECT COUNT(*) AS nc_count FROM `zmkj_evaluate_goods` WHERE ( geval_goodsid = '100570' ) AND ( (geval_image <> '') OR (geval_image_again <> '') ) LIMIT 1  
[2018-01-28 14:33:10] /shop/index.php?act=goods&op=index&goods_id=100570 ( act=goods&op=index ) 
ERR: Db Error: Unknown column 'geval_image_again' in 'where clause'
SELECT COUNT(*) AS nc_count FROM `zmkj_evaluate_goods` WHERE ( geval_goodsid = '100570' ) AND ( (geval_image <> '') OR (geval_image_again <> '') ) LIMIT 1  
[2018-01-28 14:33:36] /shop/index.php?act=goods&op=index&goods_id=100671 ( act=goods&op=index ) 
ERR: Db Error: Unknown column 'geval_image_again' in 'where clause'
SELECT COUNT(*) AS nc_count FROM `zmkj_evaluate_goods` WHERE ( geval_goodsid = '100671' ) AND ( (geval_image <> '') OR (geval_image_again <> '') ) LIMIT 1  
[2018-01-28 14:34:01] /shop/index.php?act=goods&op=index&goods_id=100670 ( act=goods&op=index ) 
ERR: Db Error: Unknown column 'geval_image_again' in 'where clause'
SELECT COUNT(*) AS nc_count FROM `zmkj_evaluate_goods` WHERE ( geval_goodsid = '100670' ) AND ( (geval_image <> '') OR (geval_image_again <> '') ) LIMIT 1  
[2018-01-28 14:34:25] /shop/index.php?act=goods&op=index&goods_id=100205 ( act=goods&op=index ) 
ERR: Db Error: Unknown column 'geval_image_again' in 'where clause'
SELECT COUNT(*) AS nc_count FROM `zmkj_evaluate_goods` WHERE ( geval_goodsid = '100205' ) AND ( (geval_image <> '') OR (geval_image_again <> '') ) LIMIT 1  
[2018-01-28 14:34:26] /shop/index.php?act=goods&op=index&goods_id=100205 ( act=goods&op=index ) 
ERR: Db Error: Unknown column 'geval_image_again' in 'where clause'
SELECT COUNT(*) AS nc_count FROM `zmkj_evaluate_goods` WHERE ( geval_goodsid = '100205' ) AND ( (geval_image <> '') OR (geval_image_again <> '') ) LIMIT 1  
[2018-01-28 14:34:28] /shop/index.php?act=goods&op=index&goods_id=100205 ( act=goods&op=index ) 
ERR: Db Error: Unknown column 'geval_image_again' in 'where clause'
SELECT COUNT(*) AS nc_count FROM `zmkj_evaluate_goods` WHERE ( geval_goodsid = '100205' ) AND ( (geval_image <> '') OR (geval_image_again <> '') ) LIMIT 1  
[2018-01-28 14:34:42] /shop/index.php?act=goods&op=index&goods_id=100671 ( act=goods&op=index ) 
ERR: Db Error: Unknown column 'geval_image_again' in 'where clause'
SELECT COUNT(*) AS nc_count FROM `zmkj_evaluate_goods` WHERE ( geval_goodsid = '100671' ) AND ( (geval_image <> '') OR (geval_image_again <> '') ) LIMIT 1  
[2018-01-28 14:34:53] /shop/index.php?act=goods&op=index&goods_id=100673 ( act=goods&op=index ) 
ERR: Db Error: Unknown column 'geval_image_again' in 'where clause'
SELECT COUNT(*) AS nc_count FROM `zmkj_evaluate_goods` WHERE ( geval_goodsid = '100673' ) AND ( (geval_image <> '') OR (geval_image_again <> '') ) LIMIT 1  
[2018-01-28 14:35:10] /shop/index.php?act=goods&op=index&goods_id=100671 ( act=goods&op=index ) 
ERR: Db Error: Unknown column 'geval_image_again' in 'where clause'
SELECT COUNT(*) AS nc_count FROM `zmkj_evaluate_goods` WHERE ( geval_goodsid = '100671' ) AND ( (geval_image <> '') OR (geval_image_again <> '') ) LIMIT 1  
[2018-01-28 14:35:16] /shop/index.php?act=goods&op=index&goods_id=100570 ( act=goods&op=index ) 
ERR: Db Error: Unknown column 'geval_image_again' in 'where clause'
SELECT COUNT(*) AS nc_count FROM `zmkj_evaluate_goods` WHERE ( geval_goodsid = '100570' ) AND ( (geval_image <> '') OR (geval_image_again <> '') ) LIMIT 1  
[2018-01-28 14:36:25] /shop/index.php?act=goods&op=index&goods_id=100665 ( act=goods&op=index ) 
ERR: Db Error: Unknown column 'geval_image_again' in 'where clause'
SELECT COUNT(*) AS nc_count FROM `zmkj_evaluate_goods` WHERE ( geval_goodsid = '100665' ) AND ( (geval_image <> '') OR (geval_image_again <> '') ) LIMIT 1  
[2018-01-28 14:36:33] /shop/index.php?act=goods&op=index&goods_id=100665 ( act=goods&op=index ) 
ERR: Db Error: Unknown column 'geval_image_again' in 'where clause'
SELECT COUNT(*) AS nc_count FROM `zmkj_evaluate_goods` WHERE ( geval_goodsid = '100665' ) AND ( (geval_image <> '') OR (geval_image_again <> '') ) LIMIT 1  
[2018-01-28 14:36:36] /shop/index.php?act=goods&op=index&goods_id=100665 ( act=goods&op=index ) 
ERR: Db Error: Unknown column 'geval_image_again' in 'where clause'
SELECT COUNT(*) AS nc_count FROM `zmkj_evaluate_goods` WHERE ( geval_goodsid = '100665' ) AND ( (geval_image <> '') OR (geval_image_again <> '') ) LIMIT 1  
[2018-01-28 14:36:49] /shop/index.php?act=goods&op=index&goods_id=100671 ( act=goods&op=index ) 
ERR: Db Error: Unknown column 'geval_image_again' in 'where clause'
SELECT COUNT(*) AS nc_count FROM `zmkj_evaluate_goods` WHERE ( geval_goodsid = '100671' ) AND ( (geval_image <> '') OR (geval_image_again <> '') ) LIMIT 1  
[2018-01-28 14:37:08] /shop/index.php?act=goods&op=index&goods_id=100673 ( act=goods&op=index ) 
ERR: Db Error: Unknown column 'geval_image_again' in 'where clause'
SELECT COUNT(*) AS nc_count FROM `zmkj_evaluate_goods` WHERE ( geval_goodsid = '100673' ) AND ( (geval_image <> '') OR (geval_image_again <> '') ) LIMIT 1  
[2018-01-28 14:38:22] /shop/index.php?act=goods&op=index&goods_id=100647 ( act=goods&op=index ) 
ERR: Db Error: Unknown column 'geval_image_again' in 'where clause'
SELECT COUNT(*) AS nc_count FROM `zmkj_evaluate_goods` WHERE ( geval_goodsid = '100647' ) AND ( (geval_image <> '') OR (geval_image_again <> '') ) LIMIT 1  
[2018-01-28 14:38:26] /shop/index.php?act=goods&op=index&goods_id=100647 ( act=goods&op=index ) 
ERR: Db Error: Unknown column 'geval_image_again' in 'where clause'
SELECT COUNT(*) AS nc_count FROM `zmkj_evaluate_goods` WHERE ( geval_goodsid = '100647' ) AND ( (geval_image <> '') OR (geval_image_again <> '') ) LIMIT 1  
[2018-01-28 14:38:29] /shop/index.php?act=goods&op=index&goods_id=100647 ( act=goods&op=index ) 
ERR: Db Error: Unknown column 'geval_image_again' in 'where clause'
SELECT COUNT(*) AS nc_count FROM `zmkj_evaluate_goods` WHERE ( geval_goodsid = '100647' ) AND ( (geval_image <> '') OR (geval_image_again <> '') ) LIMIT 1  
[2018-01-28 14:39:01] /shop/index.php?act=goods&op=index&goods_id=100642 ( act=goods&op=index ) 
ERR: Db Error: Unknown column 'geval_image_again' in 'where clause'
SELECT COUNT(*) AS nc_count FROM `zmkj_evaluate_goods` WHERE ( geval_goodsid = '100642' ) AND ( (geval_image <> '') OR (geval_image_again <> '') ) LIMIT 1  
[2018-01-28 14:39:01] /shop/index.php?act=goods&op=index&goods_id=100642 ( act=goods&op=index ) 
ERR: Db Error: Unknown column 'geval_image_again' in 'where clause'
SELECT COUNT(*) AS nc_count FROM `zmkj_evaluate_goods` WHERE ( geval_goodsid = '100642' ) AND ( (geval_image <> '') OR (geval_image_again <> '') ) LIMIT 1  
[2018-01-28 14:39:06] /shop/index.php?act=goods&op=index&goods_id=100642 ( act=goods&op=index ) 
ERR: Db Error: Unknown column 'geval_image_again' in 'where clause'
SELECT COUNT(*) AS nc_count FROM `zmkj_evaluate_goods` WHERE ( geval_goodsid = '100642' ) AND ( (geval_image <> '') OR (geval_image_again <> '') ) LIMIT 1  
[2018-01-28 14:40:07] /shop/index.php?act=goods&op=index&goods_id=100650 ( act=goods&op=index ) 
ERR: Db Error: Unknown column 'geval_image_again' in 'where clause'
SELECT COUNT(*) AS nc_count FROM `zmkj_evaluate_goods` WHERE ( geval_goodsid = '100650' ) AND ( (geval_image <> '') OR (geval_image_again <> '') ) LIMIT 1  
[2018-01-28 14:40:09] /shop/index.php?act=goods&op=index&goods_id=100650 ( act=goods&op=index ) 
ERR: Db Error: Unknown column 'geval_image_again' in 'where clause'
SELECT COUNT(*) AS nc_count FROM `zmkj_evaluate_goods` WHERE ( geval_goodsid = '100650' ) AND ( (geval_image <> '') OR (geval_image_again <> '') ) LIMIT 1  
[2018-01-28 14:40:17] /shop/index.php?act=goods&op=index&goods_id=100650 ( act=goods&op=index ) 
ERR: Db Error: Unknown column 'geval_image_again' in 'where clause'
SELECT COUNT(*) AS nc_count FROM `zmkj_evaluate_goods` WHERE ( geval_goodsid = '100650' ) AND ( (geval_image <> '') OR (geval_image_again <> '') ) LIMIT 1  
[2018-01-28 14:41:06] /shop/index.php?act=goods&op=index&goods_id=100672 ( act=goods&op=index ) 
ERR: Db Error: Unknown column 'geval_image_again' in 'where clause'
SELECT COUNT(*) AS nc_count FROM `zmkj_evaluate_goods` WHERE ( geval_goodsid = '100672' ) AND ( (geval_image <> '') OR (geval_image_again <> '') ) LIMIT 1  
[2018-01-28 14:41:10] /shop/index.php?act=goods&op=index&goods_id=100672 ( act=goods&op=index ) 
ERR: Db Error: Unknown column 'geval_image_again' in 'where clause'
SELECT COUNT(*) AS nc_count FROM `zmkj_evaluate_goods` WHERE ( geval_goodsid = '100672' ) AND ( (geval_image <> '') OR (geval_image_again <> '') ) LIMIT 1  
[2018-01-28 14:41:19] /shop/index.php?act=goods&op=index&goods_id=100672 ( act=goods&op=index ) 
ERR: Db Error: Unknown column 'geval_image_again' in 'where clause'
SELECT COUNT(*) AS nc_count FROM `zmkj_evaluate_goods` WHERE ( geval_goodsid = '100672' ) AND ( (geval_image <> '') OR (geval_image_again <> '') ) LIMIT 1  
[2018-01-28 14:43:13] /shop/index.php?act=goods&op=index&goods_id=100551 ( act=goods&op=index ) 
ERR: Db Error: Unknown column 'geval_image_again' in 'where clause'
SELECT COUNT(*) AS nc_count FROM `zmkj_evaluate_goods` WHERE ( geval_goodsid = '100551' ) AND ( (geval_image <> '') OR (geval_image_again <> '') ) LIMIT 1  
[2018-01-28 14:43:14] /shop/index.php?act=goods&op=index&goods_id=100551 ( act=goods&op=index ) 
ERR: Db Error: Unknown column 'geval_image_again' in 'where clause'
SELECT COUNT(*) AS nc_count FROM `zmkj_evaluate_goods` WHERE ( geval_goodsid = '100551' ) AND ( (geval_image <> '') OR (geval_image_again <> '') ) LIMIT 1  
[2018-01-28 14:43:18] /shop/index.php?act=goods&op=index&goods_id=100551 ( act=goods&op=index ) 
ERR: Db Error: Unknown column 'geval_image_again' in 'where clause'
SELECT COUNT(*) AS nc_count FROM `zmkj_evaluate_goods` WHERE ( geval_goodsid = '100551' ) AND ( (geval_image <> '') OR (geval_image_again <> '') ) LIMIT 1  
[2018-01-28 14:45:37] /shop/index.php?act=goods&goods_id=100587&op=index ( act=goods&op=index ) 
ERR: Db Error: Unknown column 'geval_image_again' in 'where clause'
SELECT COUNT(*) AS nc_count FROM `zmkj_evaluate_goods` WHERE ( geval_goodsid = '100587' ) AND ( (geval_image <> '') OR (geval_image_again <> '') ) LIMIT 1  
[2018-01-28 14:53:37] /shop/index.php?act=goods&op=index&goods_id=100674 ( act=goods&op=index ) 
ERR: Db Error: Unknown column 'geval_image_again' in 'where clause'
SELECT COUNT(*) AS nc_count FROM `zmkj_evaluate_goods` WHERE ( geval_goodsid = '100674' ) AND ( (geval_image <> '') OR (geval_image_again <> '') ) LIMIT 1  
[2018-01-28 15:13:38] /shop/index.php?act=goods&goods_id=100648&op=index ( act=goods&op=index ) 
ERR: Db Error: Unknown column 'geval_image_again' in 'where clause'
SELECT COUNT(*) AS nc_count FROM `zmkj_evaluate_goods` WHERE ( geval_goodsid = '100648' ) AND ( (geval_image <> '') OR (geval_image_again <> '') ) LIMIT 1  
[2018-01-28 15:30:58] /shop/index.php?act=goods&goods_id=100635&op=index ( act=goods&op=index ) 
ERR: Db Error: Unknown column 'geval_image_again' in 'where clause'
SELECT COUNT(*) AS nc_count FROM `zmkj_evaluate_goods` WHERE ( geval_goodsid = '100635' ) AND ( (geval_image <> '') OR (geval_image_again <> '') ) LIMIT 1  
[2018-01-28 15:35:00] /shop/index.php?act=goods&op=index&goods_id=100675 ( act=goods&op=index ) 
ERR: Db Error: Unknown column 'geval_image_again' in 'where clause'
SELECT COUNT(*) AS nc_count FROM `zmkj_evaluate_goods` WHERE ( geval_goodsid = '100675' ) AND ( (geval_image <> '') OR (geval_image_again <> '') ) LIMIT 1  
[2018-01-28 15:39:32] /shop/index.php?act=goods&op=index&goods_id=100675 ( act=goods&op=index ) 
ERR: Db Error: Unknown column 'geval_image_again' in 'where clause'
SELECT COUNT(*) AS nc_count FROM `zmkj_evaluate_goods` WHERE ( geval_goodsid = '100675' ) AND ( (geval_image <> '') OR (geval_image_again <> '') ) LIMIT 1  
[2018-01-28 15:48:30] /shop/index.php?act=goods&goods_id=100638&op=index ( act=goods&op=index ) 
ERR: Db Error: Unknown column 'geval_image_again' in 'where clause'
SELECT COUNT(*) AS nc_count FROM `zmkj_evaluate_goods` WHERE ( geval_goodsid = '100638' ) AND ( (geval_image <> '') OR (geval_image_again <> '') ) LIMIT 1  
[2018-01-28 16:08:29] /shop/index.php?act=goods&goods_id=100654&op=index ( act=goods&op=index ) 
ERR: Db Error: Unknown column 'geval_image_again' in 'where clause'
SELECT COUNT(*) AS nc_count FROM `zmkj_evaluate_goods` WHERE ( geval_goodsid = '100654' ) AND ( (geval_image <> '') OR (geval_image_again <> '') ) LIMIT 1  
[2018-01-28 16:10:42] /shop/index.php?act=goods&op=index&goods_id=100676 ( act=goods&op=index ) 
ERR: Db Error: Unknown column 'geval_image_again' in 'where clause'
SELECT COUNT(*) AS nc_count FROM `zmkj_evaluate_goods` WHERE ( geval_goodsid = '100676' ) AND ( (geval_image <> '') OR (geval_image_again <> '') ) LIMIT 1  
[2018-01-28 16:20:05] /shop/index.php?act=goods&op=index&goods_id=100570 ( act=goods&op=index ) 
ERR: Db Error: Unknown column 'geval_image_again' in 'where clause'
SELECT COUNT(*) AS nc_count FROM `zmkj_evaluate_goods` WHERE ( geval_goodsid = '100570' ) AND ( (geval_image <> '') OR (geval_image_again <> '') ) LIMIT 1  
[2018-01-28 16:22:35] /shop/index.php?act=goods&op=index&goods_id=100677 ( act=goods&op=index ) 
ERR: Db Error: Unknown column 'geval_image_again' in 'where clause'
SELECT COUNT(*) AS nc_count FROM `zmkj_evaluate_goods` WHERE ( geval_goodsid = '100677' ) AND ( (geval_image <> '') OR (geval_image_again <> '') ) LIMIT 1  
[2018-01-28 16:31:06] /shop/index.php?act=goods&op=index&goods_id=100678 ( act=goods&op=index ) 
ERR: Db Error: Unknown column 'geval_image_again' in 'where clause'
SELECT COUNT(*) AS nc_count FROM `zmkj_evaluate_goods` WHERE ( geval_goodsid = '100678' ) AND ( (geval_image <> '') OR (geval_image_again <> '') ) LIMIT 1  
[2018-01-28 16:31:48] /shop/index.php?act=goods&op=index&goods_id=100678 ( act=goods&op=index ) 
ERR: Db Error: Unknown column 'geval_image_again' in 'where clause'
SELECT COUNT(*) AS nc_count FROM `zmkj_evaluate_goods` WHERE ( geval_goodsid = '100678' ) AND ( (geval_image <> '') OR (geval_image_again <> '') ) LIMIT 1  
[2018-01-28 16:32:32] /shop/index.php?act=goods&op=index&goods_id=100678 ( act=goods&op=index ) 
ERR: Db Error: Unknown column 'geval_image_again' in 'where clause'
SELECT COUNT(*) AS nc_count FROM `zmkj_evaluate_goods` WHERE ( geval_goodsid = '100678' ) AND ( (geval_image <> '') OR (geval_image_again <> '') ) LIMIT 1  
[2018-01-28 16:35:16] /shop/index.php?act=goods&op=index&goods_id=100678 ( act=goods&op=index ) 
ERR: Db Error: Unknown column 'geval_image_again' in 'where clause'
SELECT COUNT(*) AS nc_count FROM `zmkj_evaluate_goods` WHERE ( geval_goodsid = '100678' ) AND ( (geval_image <> '') OR (geval_image_again <> '') ) LIMIT 1  
[2018-01-28 16:41:22] /shop/index.php?act=goods&op=index&goods_id=100679 ( act=goods&op=index ) 
ERR: Db Error: Unknown column 'geval_image_again' in 'where clause'
SELECT COUNT(*) AS nc_count FROM `zmkj_evaluate_goods` WHERE ( geval_goodsid = '100679' ) AND ( (geval_image <> '') OR (geval_image_again <> '') ) LIMIT 1  
[2018-01-28 16:43:03] /shop/index.php?act=goods&op=index&goods_id=100679 ( act=goods&op=index ) 
ERR: Db Error: Unknown column 'geval_image_again' in 'where clause'
SELECT COUNT(*) AS nc_count FROM `zmkj_evaluate_goods` WHERE ( geval_goodsid = '100679' ) AND ( (geval_image <> '') OR (geval_image_again <> '') ) LIMIT 1  
[2018-01-28 16:48:14] /shop/index.php?act=goods&op=index&goods_id=100680 ( act=goods&op=index ) 
ERR: Db Error: Unknown column 'geval_image_again' in 'where clause'
SELECT COUNT(*) AS nc_count FROM `zmkj_evaluate_goods` WHERE ( geval_goodsid = '100680' ) AND ( (geval_image <> '') OR (geval_image_again <> '') ) LIMIT 1  
[2018-01-28 16:51:15] /shop/index.php?act=goods&op=index&goods_id=100680 ( act=goods&op=index ) 
ERR: Db Error: Unknown column 'geval_image_again' in 'where clause'
SELECT COUNT(*) AS nc_count FROM `zmkj_evaluate_goods` WHERE ( geval_goodsid = '100680' ) AND ( (geval_image <> '') OR (geval_image_again <> '') ) LIMIT 1  
[2018-01-28 16:55:08] /shop/index.php?act=goods&op=index&goods_id=100681 ( act=goods&op=index ) 
ERR: Db Error: Unknown column 'geval_image_again' in 'where clause'
SELECT COUNT(*) AS nc_count FROM `zmkj_evaluate_goods` WHERE ( geval_goodsid = '100681' ) AND ( (geval_image <> '') OR (geval_image_again <> '') ) LIMIT 1  
[2018-01-28 16:56:42] /shop/index.php?act=goods&op=index&goods_id=100681 ( act=goods&op=index ) 
ERR: Db Error: Unknown column 'geval_image_again' in 'where clause'
SELECT COUNT(*) AS nc_count FROM `zmkj_evaluate_goods` WHERE ( geval_goodsid = '100681' ) AND ( (geval_image <> '') OR (geval_image_again <> '') ) LIMIT 1  
[2018-01-28 16:57:23] /shop/index.php?act=goods&op=index&goods_id=100679 ( act=goods&op=index ) 
ERR: Db Error: Unknown column 'geval_image_again' in 'where clause'
SELECT COUNT(*) AS nc_count FROM `zmkj_evaluate_goods` WHERE ( geval_goodsid = '100679' ) AND ( (geval_image <> '') OR (geval_image_again <> '') ) LIMIT 1  
[2018-01-28 17:04:42] /shop/index.php?act=goods&op=index&goods_id=100682 ( act=goods&op=index ) 
ERR: Db Error: Unknown column 'geval_image_again' in 'where clause'
SELECT COUNT(*) AS nc_count FROM `zmkj_evaluate_goods` WHERE ( geval_goodsid = '100682' ) AND ( (geval_image <> '') OR (geval_image_again <> '') ) LIMIT 1  
[2018-01-28 17:08:52] /shop/index.php?act=goods&op=index&goods_id=100683 ( act=goods&op=index ) 
ERR: Db Error: Unknown column 'geval_image_again' in 'where clause'
SELECT COUNT(*) AS nc_count FROM `zmkj_evaluate_goods` WHERE ( geval_goodsid = '100683' ) AND ( (geval_image <> '') OR (geval_image_again <> '') ) LIMIT 1  
[2018-01-28 17:09:59] /shop/index.php?act=goods&op=index&goods_id=100683 ( act=goods&op=index ) 
ERR: Db Error: Unknown column 'geval_image_again' in 'where clause'
SELECT COUNT(*) AS nc_count FROM `zmkj_evaluate_goods` WHERE ( geval_goodsid = '100683' ) AND ( (geval_image <> '') OR (geval_image_again <> '') ) LIMIT 1  
[2018-01-28 17:13:15] /shop/index.php?act=goods&op=index&goods_id=100682 ( act=goods&op=index ) 
ERR: Db Error: Unknown column 'geval_image_again' in 'where clause'
SELECT COUNT(*) AS nc_count FROM `zmkj_evaluate_goods` WHERE ( geval_goodsid = '100682' ) AND ( (geval_image <> '') OR (geval_image_again <> '') ) LIMIT 1  
[2018-01-28 17:15:46] /shop/index.php?act=goods&op=index&goods_id=100684 ( act=goods&op=index ) 
ERR: Db Error: Unknown column 'geval_image_again' in 'where clause'
SELECT COUNT(*) AS nc_count FROM `zmkj_evaluate_goods` WHERE ( geval_goodsid = '100684' ) AND ( (geval_image <> '') OR (geval_image_again <> '') ) LIMIT 1  
[2018-01-28 17:23:29] /shop/index.php?act=goods&op=index&goods_id=100685 ( act=goods&op=index ) 
ERR: Db Error: Unknown column 'geval_image_again' in 'where clause'
SELECT COUNT(*) AS nc_count FROM `zmkj_evaluate_goods` WHERE ( geval_goodsid = '100685' ) AND ( (geval_image <> '') OR (geval_image_again <> '') ) LIMIT 1  
[2018-01-28 17:23:54] /shop/index.php?act=goods&op=index&goods_id=100676 ( act=goods&op=index ) 
ERR: Db Error: Unknown column 'geval_image_again' in 'where clause'
SELECT COUNT(*) AS nc_count FROM `zmkj_evaluate_goods` WHERE ( geval_goodsid = '100676' ) AND ( (geval_image <> '') OR (geval_image_again <> '') ) LIMIT 1  
[2018-01-28 17:24:05] /shop/index.php?act=goods&op=index&goods_id=100680 ( act=goods&op=index ) 
ERR: Db Error: Unknown column 'geval_image_again' in 'where clause'
SELECT COUNT(*) AS nc_count FROM `zmkj_evaluate_goods` WHERE ( geval_goodsid = '100680' ) AND ( (geval_image <> '') OR (geval_image_again <> '') ) LIMIT 1  
[2018-01-28 17:24:31] /shop/index.php?act=goods&op=index&goods_id=100674 ( act=goods&op=index ) 
ERR: Db Error: Unknown column 'geval_image_again' in 'where clause'
SELECT COUNT(*) AS nc_count FROM `zmkj_evaluate_goods` WHERE ( geval_goodsid = '100674' ) AND ( (geval_image <> '') OR (geval_image_again <> '') ) LIMIT 1  
[2018-01-28 17:24:37] /shop/index.php?act=goods&op=index&goods_id=100675 ( act=goods&op=index ) 
ERR: Db Error: Unknown column 'geval_image_again' in 'where clause'
SELECT COUNT(*) AS nc_count FROM `zmkj_evaluate_goods` WHERE ( geval_goodsid = '100675' ) AND ( (geval_image <> '') OR (geval_image_again <> '') ) LIMIT 1  
[2018-01-28 17:24:44] /shop/index.php?act=goods&op=index&goods_id=100669 ( act=goods&op=index ) 
ERR: Db Error: Unknown column 'geval_image_again' in 'where clause'
SELECT COUNT(*) AS nc_count FROM `zmkj_evaluate_goods` WHERE ( geval_goodsid = '100669' ) AND ( (geval_image <> '') OR (geval_image_again <> '') ) LIMIT 1  
[2018-01-28 17:24:54] /shop/index.php?act=goods&op=index&goods_id=100667 ( act=goods&op=index ) 
ERR: Db Error: Unknown column 'geval_image_again' in 'where clause'
SELECT COUNT(*) AS nc_count FROM `zmkj_evaluate_goods` WHERE ( geval_goodsid = '100667' ) AND ( (geval_image <> '') OR (geval_image_again <> '') ) LIMIT 1  
[2018-01-28 17:25:03] /shop/index.php?act=goods&op=index&goods_id=100680 ( act=goods&op=index ) 
ERR: Db Error: Unknown column 'geval_image_again' in 'where clause'
SELECT COUNT(*) AS nc_count FROM `zmkj_evaluate_goods` WHERE ( geval_goodsid = '100680' ) AND ( (geval_image <> '') OR (geval_image_again <> '') ) LIMIT 1  
[2018-01-28 17:25:09] /shop/index.php?act=goods&op=index&goods_id=100681 ( act=goods&op=index ) 
ERR: Db Error: Unknown column 'geval_image_again' in 'where clause'
SELECT COUNT(*) AS nc_count FROM `zmkj_evaluate_goods` WHERE ( geval_goodsid = '100681' ) AND ( (geval_image <> '') OR (geval_image_again <> '') ) LIMIT 1  
[2018-01-28 17:25:15] /shop/index.php?act=goods&op=index&goods_id=100682 ( act=goods&op=index ) 
ERR: Db Error: Unknown column 'geval_image_again' in 'where clause'
SELECT COUNT(*) AS nc_count FROM `zmkj_evaluate_goods` WHERE ( geval_goodsid = '100682' ) AND ( (geval_image <> '') OR (geval_image_again <> '') ) LIMIT 1  
[2018-01-28 17:25:21] /shop/index.php?act=goods&op=index&goods_id=100678 ( act=goods&op=index ) 
ERR: Db Error: Unknown column 'geval_image_again' in 'where clause'
SELECT COUNT(*) AS nc_count FROM `zmkj_evaluate_goods` WHERE ( geval_goodsid = '100678' ) AND ( (geval_image <> '') OR (geval_image_again <> '') ) LIMIT 1  
[2018-01-28 17:37:50] /shop/index.php?act=goods&op=index&goods_id=100686 ( act=goods&op=index ) 
ERR: Db Error: Unknown column 'geval_image_again' in 'where clause'
SELECT COUNT(*) AS nc_count FROM `zmkj_evaluate_goods` WHERE ( geval_goodsid = '100686' ) AND ( (geval_image <> '') OR (geval_image_again <> '') ) LIMIT 1  
[2018-01-28 17:45:48] /shop/index.php?act=goods&op=index&goods_id=100686 ( act=goods&op=index ) 
ERR: Db Error: Unknown column 'geval_image_again' in 'where clause'
SELECT COUNT(*) AS nc_count FROM `zmkj_evaluate_goods` WHERE ( geval_goodsid = '100686' ) AND ( (geval_image <> '') OR (geval_image_again <> '') ) LIMIT 1  
[2018-01-28 17:52:38] /shop/index.php?act=goods&op=index&goods_id=100687 ( act=goods&op=index ) 
ERR: Db Error: Unknown column 'geval_image_again' in 'where clause'
SELECT COUNT(*) AS nc_count FROM `zmkj_evaluate_goods` WHERE ( geval_goodsid = '100687' ) AND ( (geval_image <> '') OR (geval_image_again <> '') ) LIMIT 1  
[2018-01-28 17:57:43] /shop/index.php?act=goods&op=index&goods_id=100688 ( act=goods&op=index ) 
ERR: Db Error: Unknown column 'geval_image_again' in 'where clause'
SELECT COUNT(*) AS nc_count FROM `zmkj_evaluate_goods` WHERE ( geval_goodsid = '100688' ) AND ( (geval_image <> '') OR (geval_image_again <> '') ) LIMIT 1  
[2018-01-28 17:58:57] /shop/index.php?act=goods&op=index&goods_id=100683 ( act=goods&op=index ) 
ERR: Db Error: Unknown column 'geval_image_again' in 'where clause'
SELECT COUNT(*) AS nc_count FROM `zmkj_evaluate_goods` WHERE ( geval_goodsid = '100683' ) AND ( (geval_image <> '') OR (geval_image_again <> '') ) LIMIT 1  
[2018-01-28 18:08:31] /shop/index.php?act=goods&op=index&goods_id=100689 ( act=goods&op=index ) 
ERR: Db Error: Unknown column 'geval_image_again' in 'where clause'
SELECT COUNT(*) AS nc_count FROM `zmkj_evaluate_goods` WHERE ( geval_goodsid = '100689' ) AND ( (geval_image <> '') OR (geval_image_again <> '') ) LIMIT 1  
[2018-01-28 18:26:03] /shop/index.php?act=goods&op=index&goods_id=100690 ( act=goods&op=index ) 
ERR: Db Error: Unknown column 'geval_image_again' in 'where clause'
SELECT COUNT(*) AS nc_count FROM `zmkj_evaluate_goods` WHERE ( geval_goodsid = '100690' ) AND ( (geval_image <> '') OR (geval_image_again <> '') ) LIMIT 1  
[2018-01-28 18:26:47] /shop/index.php?act=goods&op=index&goods_id=100690 ( act=goods&op=index ) 
ERR: Db Error: Unknown column 'geval_image_again' in 'where clause'
SELECT COUNT(*) AS nc_count FROM `zmkj_evaluate_goods` WHERE ( geval_goodsid = '100690' ) AND ( (geval_image <> '') OR (geval_image_again <> '') ) LIMIT 1  
[2018-01-28 18:36:39] /shop/index.php?act=goods&op=index&goods_id=100691 ( act=goods&op=index ) 
ERR: Db Error: Unknown column 'geval_image_again' in 'where clause'
SELECT COUNT(*) AS nc_count FROM `zmkj_evaluate_goods` WHERE ( geval_goodsid = '100691' ) AND ( (geval_image <> '') OR (geval_image_again <> '') ) LIMIT 1  
[2018-01-28 19:11:00] /shop/index.php?act=goods&op=index&goods_id=100692 ( act=goods&op=index ) 
ERR: Db Error: Unknown column 'geval_image_again' in 'where clause'
SELECT COUNT(*) AS nc_count FROM `zmkj_evaluate_goods` WHERE ( geval_goodsid = '100692' ) AND ( (geval_image <> '') OR (geval_image_again <> '') ) LIMIT 1  
[2018-01-28 19:21:52] /shop/index.php?act=goods&op=index&goods_id=100694 ( act=goods&op=index ) 
ERR: Db Error: Unknown column 'geval_image_again' in 'where clause'
SELECT COUNT(*) AS nc_count FROM `zmkj_evaluate_goods` WHERE ( geval_goodsid = '100694' ) AND ( (geval_image <> '') OR (geval_image_again <> '') ) LIMIT 1  
[2018-01-28 19:52:32] /shop/index.php?act=goods&goods_id=100633&op=index ( act=goods&op=index ) 
ERR: Db Error: Unknown column 'geval_image_again' in 'where clause'
SELECT COUNT(*) AS nc_count FROM `zmkj_evaluate_goods` WHERE ( geval_goodsid = '100633' ) AND ( (geval_image <> '') OR (geval_image_again <> '') ) LIMIT 1  
[2018-01-28 20:17:33] /shop/index.php?act=goods&goods_id=100647&op=index ( act=goods&op=index ) 
ERR: Db Error: Unknown column 'geval_image_again' in 'where clause'
SELECT COUNT(*) AS nc_count FROM `zmkj_evaluate_goods` WHERE ( geval_goodsid = '100647' ) AND ( (geval_image <> '') OR (geval_image_again <> '') ) LIMIT 1  
[2018-01-28 20:39:03] /shop/index.php?act=goods&goods_id=100642&op=index ( act=goods&op=index ) 
ERR: Db Error: Unknown column 'geval_image_again' in 'where clause'
SELECT COUNT(*) AS nc_count FROM `zmkj_evaluate_goods` WHERE ( geval_goodsid = '100642' ) AND ( (geval_image <> '') OR (geval_image_again <> '') ) LIMIT 1  
[2018-01-28 20:50:24] /shop/index.php?act=goods&goods_id=100557&op=index ( act=goods&op=index ) 
ERR: Db Error: Unknown column 'geval_image_again' in 'where clause'
SELECT COUNT(*) AS nc_count FROM `zmkj_evaluate_goods` WHERE ( geval_goodsid = '100557' ) AND ( (geval_image <> '') OR (geval_image_again <> '') ) LIMIT 1  
[2018-01-28 20:50:25] /shop/index.php?act=goods&goods_id=100470&op=comments_list ( act=goods&op=comments_list ) 
ERR: Db Error: Unknown column 'geval_image_again' in 'where clause'
SELECT COUNT(*) AS nc_count FROM `zmkj_evaluate_goods` WHERE ( geval_goodsid = '100470' ) AND ( (geval_image <> '') OR (geval_image_again <> '') ) LIMIT 1  
[2018-01-28 20:52:06] /shop/index.php?act=goods&goods_id=100505&op=index ( act=goods&op=index ) 
ERR: Db Error: Unknown column 'geval_image_again' in 'where clause'
SELECT COUNT(*) AS nc_count FROM `zmkj_evaluate_goods` WHERE ( geval_goodsid = '100505' ) AND ( (geval_image <> '') OR (geval_image_again <> '') ) LIMIT 1  
[2018-01-28 20:52:16] /shop/index.php?act=goods&goods_id=100023&op=index ( act=goods&op=index ) 
ERR: Db Error: Unknown column 'geval_image_again' in 'where clause'
SELECT COUNT(*) AS nc_count FROM `zmkj_evaluate_goods` WHERE ( geval_goodsid = '100023' ) AND ( (geval_image <> '') OR (geval_image_again <> '') ) LIMIT 1  
[2018-01-28 21:58:35] /shop/index.php?act=goods&goods_id=100652&op=index ( act=goods&op=index ) 
ERR: Db Error: Unknown column 'geval_image_again' in 'where clause'
SELECT COUNT(*) AS nc_count FROM `zmkj_evaluate_goods` WHERE ( geval_goodsid = '100652' ) AND ( (geval_image <> '') OR (geval_image_again <> '') ) LIMIT 1  
[2018-01-28 22:22:05] /shop/index.php?act=goods&goods_id=100645&op=index ( act=goods&op=index ) 
ERR: Db Error: Unknown column 'geval_image_again' in 'where clause'
SELECT COUNT(*) AS nc_count FROM `zmkj_evaluate_goods` WHERE ( geval_goodsid = '100645' ) AND ( (geval_image <> '') OR (geval_image_again <> '') ) LIMIT 1  
[2018-01-28 22:35:19] /shop/index.php?act=goods&op=index&goods_id=100694 ( act=goods&op=index ) 
ERR: Db Error: Unknown column 'geval_image_again' in 'where clause'
SELECT COUNT(*) AS nc_count FROM `zmkj_evaluate_goods` WHERE ( geval_goodsid = '100694' ) AND ( (geval_image <> '') OR (geval_image_again <> '') ) LIMIT 1  
[2018-01-28 22:36:24] /shop/index.php?act=goods&op=index&goods_id=100678 ( act=goods&op=index ) 
ERR: Db Error: Unknown column 'geval_image_again' in 'where clause'
SELECT COUNT(*) AS nc_count FROM `zmkj_evaluate_goods` WHERE ( geval_goodsid = '100678' ) AND ( (geval_image <> '') OR (geval_image_again <> '') ) LIMIT 1  
[2018-01-28 22:37:10] /shop/index.php?act=goods&op=index&goods_id=100687 ( act=goods&op=index ) 
ERR: Db Error: Unknown column 'geval_image_again' in 'where clause'
SELECT COUNT(*) AS nc_count FROM `zmkj_evaluate_goods` WHERE ( geval_goodsid = '100687' ) AND ( (geval_image <> '') OR (geval_image_again <> '') ) LIMIT 1  
[2018-01-28 22:37:33] /shop/index.php?act=goods&op=index&goods_id=100686 ( act=goods&op=index ) 
ERR: Db Error: Unknown column 'geval_image_again' in 'where clause'
SELECT COUNT(*) AS nc_count FROM `zmkj_evaluate_goods` WHERE ( geval_goodsid = '100686' ) AND ( (geval_image <> '') OR (geval_image_again <> '') ) LIMIT 1  
[2018-01-28 22:37:45] /shop/index.php?act=goods&op=index&goods_id=100687 ( act=goods&op=index ) 
ERR: Db Error: Unknown column 'geval_image_again' in 'where clause'
SELECT COUNT(*) AS nc_count FROM `zmkj_evaluate_goods` WHERE ( geval_goodsid = '100687' ) AND ( (geval_image <> '') OR (geval_image_again <> '') ) LIMIT 1  
[2018-01-28 22:38:03] /shop/index.php?act=goods&op=index&goods_id=100686 ( act=goods&op=index ) 
ERR: Db Error: Unknown column 'geval_image_again' in 'where clause'
SELECT COUNT(*) AS nc_count FROM `zmkj_evaluate_goods` WHERE ( geval_goodsid = '100686' ) AND ( (geval_image <> '') OR (geval_image_again <> '') ) LIMIT 1  
[2018-01-28 22:38:23] /shop/index.php?act=goods&op=index&goods_id=100681 ( act=goods&op=index ) 
ERR: Db Error: Unknown column 'geval_image_again' in 'where clause'
SELECT COUNT(*) AS nc_count FROM `zmkj_evaluate_goods` WHERE ( geval_goodsid = '100681' ) AND ( (geval_image <> '') OR (geval_image_again <> '') ) LIMIT 1  
[2018-01-28 22:38:23] /shop/index.php?act=goods&op=index&goods_id=100681 ( act=goods&op=index ) 
ERR: Db Error: Unknown column 'geval_image_again' in 'where clause'
SELECT COUNT(*) AS nc_count FROM `zmkj_evaluate_goods` WHERE ( geval_goodsid = '100681' ) AND ( (geval_image <> '') OR (geval_image_again <> '') ) LIMIT 1  
[2018-01-28 22:39:23] /shop/index.php?act=goods&op=index&goods_id=100693 ( act=goods&op=index ) 
ERR: Db Error: Unknown column 'geval_image_again' in 'where clause'
SELECT COUNT(*) AS nc_count FROM `zmkj_evaluate_goods` WHERE ( geval_goodsid = '100693' ) AND ( (geval_image <> '') OR (geval_image_again <> '') ) LIMIT 1  
[2018-01-28 22:39:53] /shop/index.php?act=goods&op=index&goods_id=100692 ( act=goods&op=index ) 
ERR: Db Error: Unknown column 'geval_image_again' in 'where clause'
SELECT COUNT(*) AS nc_count FROM `zmkj_evaluate_goods` WHERE ( geval_goodsid = '100692' ) AND ( (geval_image <> '') OR (geval_image_again <> '') ) LIMIT 1  
[2018-01-28 22:40:06] /shop/index.php?act=goods&goods_id=100653&op=index ( act=goods&op=index ) 
ERR: Db Error: Unknown column 'geval_image_again' in 'where clause'
SELECT COUNT(*) AS nc_count FROM `zmkj_evaluate_goods` WHERE ( geval_goodsid = '100653' ) AND ( (geval_image <> '') OR (geval_image_again <> '') ) LIMIT 1  
[2018-01-28 22:40:29] /shop/index.php?act=goods&op=index&goods_id=100604 ( act=goods&op=index ) 
ERR: Db Error: Unknown column 'geval_image_again' in 'where clause'
SELECT COUNT(*) AS nc_count FROM `zmkj_evaluate_goods` WHERE ( geval_goodsid = '100604' ) AND ( (geval_image <> '') OR (geval_image_again <> '') ) LIMIT 1  
[2018-01-28 22:41:22] /shop/index.php?act=goods&op=index&goods_id=100618 ( act=goods&op=index ) 
ERR: Db Error: Unknown column 'geval_image_again' in 'where clause'
SELECT COUNT(*) AS nc_count FROM `zmkj_evaluate_goods` WHERE ( geval_goodsid = '100618' ) AND ( (geval_image <> '') OR (geval_image_again <> '') ) LIMIT 1  
