[2018-12-15 06:50:04] /shop/index.php?act=goods&op=comments_list&goods_id=105959 ( act=goods&op=comments_list ) 
ERR: Db Error: Unknown column 'geval_image_again' in 'where clause'
SELECT COUNT(*) AS nc_count FROM `zmkj_evaluate_goods` WHERE ( geval_goodsid = '105959' ) AND ( (geval_image <> '') OR (geval_image_again <> '') ) LIMIT 1  
[2018-12-15 06:52:35] /shop/index.php?act=goods&op=comments_list&goods_id=107029 ( act=goods&op=comments_list ) 
ERR: Db Error: Unknown column 'geval_image_again' in 'where clause'
SELECT COUNT(*) AS nc_count FROM `zmkj_evaluate_goods` WHERE ( geval_goodsid = '107029' ) AND ( (geval_image <> '') OR (geval_image_again <> '') ) LIMIT 1  
[2018-12-15 07:01:15] /shop/index.php?act=goods&op=comments_list&goods_id=105185 ( act=goods&op=comments_list ) 
ERR: Db Error: Unknown column 'geval_image_again' in 'where clause'
SELECT COUNT(*) AS nc_count FROM `zmkj_evaluate_goods` WHERE ( geval_goodsid = '105185' ) AND ( (geval_image <> '') OR (geval_image_again <> '') ) LIMIT 1  
[2018-12-15 07:25:30] /shop/index.php?act=goods&op=comments_list&goods_id=102079 ( act=goods&op=comments_list ) 
ERR: Db Error: Unknown column 'geval_image_again' in 'where clause'
SELECT COUNT(*) AS nc_count FROM `zmkj_evaluate_goods` WHERE ( geval_goodsid = '102079' ) AND ( (geval_image <> '') OR (geval_image_again <> '') ) LIMIT 1  
[2018-12-15 08:09:26] /shop/index.php?act=goods&op=comments_list&goods_id=103879 ( act=goods&op=comments_list ) 
ERR: Db Error: Unknown column 'geval_image_again' in 'where clause'
SELECT COUNT(*) AS nc_count FROM `zmkj_evaluate_goods` WHERE ( geval_goodsid = '103879' ) AND ( (geval_image <> '') OR (geval_image_again <> '') ) LIMIT 1  
[2018-12-15 08:13:44] /shop/index.php?act=goods&op=comments_list&goods_id=107035 ( act=goods&op=comments_list ) 
ERR: Db Error: Unknown column 'geval_image_again' in 'where clause'
SELECT COUNT(*) AS nc_count FROM `zmkj_evaluate_goods` WHERE ( geval_goodsid = '107035' ) AND ( (geval_image <> '') OR (geval_image_again <> '') ) LIMIT 1  
[2018-12-15 09:43:33] /shop/index.php?act=search&op=index&cate_id=1582 ( act=search&op=index ) 
ERR: Db Error: Unknown column 'gc_id_' in 'where clause'
SELECT count(distinct CONCAT(goods_commonid)) AS nc_count FROM `zmkj_goods` WHERE ( gc_id_ = '1582' ) AND ( goods_state = '1' ) AND ( goods_verify = '1' ) LIMIT 1  
[2018-12-15 09:45:16] /shop/index.php?act=search&op=index&cate_id=1601 ( act=search&op=index ) 
ERR: Db Error: Unknown column 'gc_id_' in 'where clause'
SELECT count(distinct CONCAT(goods_commonid)) AS nc_count FROM `zmkj_goods` WHERE ( gc_id_ = '1601' ) AND ( goods_state = '1' ) AND ( goods_verify = '1' ) LIMIT 1  
[2018-12-15 09:45:19] /shop/index.php?act=search&op=index&cate_id=1599 ( act=search&op=index ) 
ERR: Db Error: Unknown column 'gc_id_' in 'where clause'
SELECT count(distinct CONCAT(goods_commonid)) AS nc_count FROM `zmkj_goods` WHERE ( gc_id_ = '1599' ) AND ( goods_state = '1' ) AND ( goods_verify = '1' ) LIMIT 1  
[2018-12-15 09:45:23] /shop/index.php?act=search&op=index&cate_id=1595 ( act=search&op=index ) 
ERR: Db Error: Unknown column 'gc_id_' in 'where clause'
SELECT count(distinct CONCAT(goods_commonid)) AS nc_count FROM `zmkj_goods` WHERE ( gc_id_ = '1595' ) AND ( goods_state = '1' ) AND ( goods_verify = '1' ) LIMIT 1  
[2018-12-15 09:45:59] /shop/index.php?act=search&op=index&cate_id=1592 ( act=search&op=index ) 
ERR: Db Error: Unknown column 'gc_id_' in 'where clause'
SELECT count(distinct CONCAT(goods_commonid)) AS nc_count FROM `zmkj_goods` WHERE ( gc_id_ = '1592' ) AND ( goods_state = '1' ) AND ( goods_verify = '1' ) LIMIT 1  
[2018-12-15 09:46:01] /shop/index.php?act=search&op=index&cate_id=1589 ( act=search&op=index ) 
ERR: Db Error: Unknown column 'gc_id_' in 'where clause'
SELECT count(distinct CONCAT(goods_commonid)) AS nc_count FROM `zmkj_goods` WHERE ( gc_id_ = '1589' ) AND ( goods_state = '1' ) AND ( goods_verify = '1' ) LIMIT 1  
[2018-12-15 09:46:17] /shop/index.php?act=search&op=index&cate_id=1585 ( act=search&op=index ) 
ERR: Db Error: Unknown column 'gc_id_' in 'where clause'
SELECT count(distinct CONCAT(goods_commonid)) AS nc_count FROM `zmkj_goods` WHERE ( gc_id_ = '1585' ) AND ( goods_state = '1' ) AND ( goods_verify = '1' ) LIMIT 1  
[2018-12-15 11:15:09] /shop/index.php?act=goods&goods_id=106700&op=comments_list ( act=goods&op=comments_list ) 
ERR: Db Error: Unknown column 'geval_image_again' in 'where clause'
SELECT COUNT(*) AS nc_count FROM `zmkj_evaluate_goods` WHERE ( geval_goodsid = '106700' ) AND ( (geval_image <> '') OR (geval_image_again <> '') ) LIMIT 1  
[2018-12-15 11:19:30] /shop/index.php?act=goods&op=comments_list&goods_id=104479 ( act=goods&op=comments_list ) 
ERR: Db Error: Unknown column 'geval_image_again' in 'where clause'
SELECT COUNT(*) AS nc_count FROM `zmkj_evaluate_goods` WHERE ( geval_goodsid = '104479' ) AND ( (geval_image <> '') OR (geval_image_again <> '') ) LIMIT 1  
[2018-12-15 13:56:22] /shop/index.php?act=goods&op=comments_list&goods_id=107039 ( act=goods&op=comments_list ) 
ERR: Db Error: Unknown column 'geval_image_again' in 'where clause'
SELECT COUNT(*) AS nc_count FROM `zmkj_evaluate_goods` WHERE ( geval_goodsid = '107039' ) AND ( (geval_image <> '') OR (geval_image_again <> '') ) LIMIT 1  
[2018-12-15 14:23:25] /shop/index.php?act=goods&op=comments_list&goods_id=107034 ( act=goods&op=comments_list ) 
ERR: Db Error: Unknown column 'geval_image_again' in 'where clause'
SELECT COUNT(*) AS nc_count FROM `zmkj_evaluate_goods` WHERE ( geval_goodsid = '107034' ) AND ( (geval_image <> '') OR (geval_image_again <> '') ) LIMIT 1  
