[2018-06-16 01:32:18] /shop/index.php?act=goods&op=comments_list&goods_id=103635 ( act=goods&op=comments_list ) 
ERR: Db Error: Unknown column 'geval_image_again' in 'where clause'
SELECT COUNT(*) AS nc_count FROM `zmkj_evaluate_goods` WHERE ( geval_goodsid = '103635' ) AND ( (geval_image <> '') OR (geval_image_again <> '') ) LIMIT 1  
[2018-06-16 04:11:19] /shop/index.php?act=goods&op=comments_list&goods_id=104462 ( act=goods&op=comments_list ) 
ERR: Db Error: Unknown column 'geval_image_again' in 'where clause'
SELECT COUNT(*) AS nc_count FROM `zmkj_evaluate_goods` WHERE ( geval_goodsid = '104462' ) AND ( (geval_image <> '') OR (geval_image_again <> '') ) LIMIT 1  
[2018-06-16 09:33:04] /shop/index.php?act=goods&op=comments_list&goods_id=102642 ( act=goods&op=comments_list ) 
ERR: Db Error: Unknown column 'geval_image_again' in 'where clause'
SELECT COUNT(*) AS nc_count FROM `zmkj_evaluate_goods` WHERE ( geval_goodsid = '102642' ) AND ( (geval_image <> '') OR (geval_image_again <> '') ) LIMIT 1  
[2018-06-16 11:44:14] /shop/index.php?act=goods&op=comments_list&goods_id=103872 ( act=goods&op=comments_list ) 
ERR: Db Error: Unknown column 'geval_image_again' in 'where clause'
SELECT COUNT(*) AS nc_count FROM `zmkj_evaluate_goods` WHERE ( geval_goodsid = '103872' ) AND ( (geval_image <> '') OR (geval_image_again <> '') ) LIMIT 1  
[2018-06-16 11:44:16] /shop/index.php?act=goods&op=comments_list&goods_id=103872&type=1 ( act=goods&op=comments_list ) 
ERR: Db Error: Unknown column 'geval_image_again' in 'where clause'
SELECT COUNT(*) AS nc_count FROM `zmkj_evaluate_goods` WHERE ( geval_goodsid = '103872' ) AND ( (geval_image <> '') OR (geval_image_again <> '') ) LIMIT 1  
[2018-06-16 11:44:19] /shop/index.php?act=goods&op=comments_list&goods_id=103872 ( act=goods&op=comments_list ) 
ERR: Db Error: Unknown column 'geval_image_again' in 'where clause'
SELECT COUNT(*) AS nc_count FROM `zmkj_evaluate_goods` WHERE ( geval_goodsid = '103872' ) AND ( (geval_image <> '') OR (geval_image_again <> '') ) LIMIT 1  
[2018-06-16 11:44:20] /shop/index.php?act=goods&op=comments_list&goods_id=103872&type=1 ( act=goods&op=comments_list ) 
ERR: Db Error: Unknown column 'geval_image_again' in 'where clause'
SELECT COUNT(*) AS nc_count FROM `zmkj_evaluate_goods` WHERE ( geval_goodsid = '103872' ) AND ( (geval_image <> '') OR (geval_image_again <> '') ) LIMIT 1  
[2018-06-16 11:44:55] /shop/index.php?act=goods&op=comments_list&goods_id=103872&type=1 ( act=goods&op=comments_list ) 
ERR: Db Error: Unknown column 'geval_image_again' in 'where clause'
SELECT COUNT(*) AS nc_count FROM `zmkj_evaluate_goods` WHERE ( geval_goodsid = '103872' ) AND ( (geval_image <> '') OR (geval_image_again <> '') ) LIMIT 1  
[2018-06-16 11:45:24] /shop/index.php?act=goods&op=comments_list&goods_id=103872&type=1 ( act=goods&op=comments_list ) 
ERR: Db Error: Unknown column 'geval_image_again' in 'where clause'
SELECT COUNT(*) AS nc_count FROM `zmkj_evaluate_goods` WHERE ( geval_goodsid = '103872' ) AND ( (geval_image <> '') OR (geval_image_again <> '') ) LIMIT 1  
[2018-06-16 12:47:28] /shop/index.php?act=goods&op=comments_list&goods_id=103872 ( act=goods&op=comments_list ) 
ERR: Db Error: Unknown column 'geval_image_again' in 'where clause'
SELECT COUNT(*) AS nc_count FROM `zmkj_evaluate_goods` WHERE ( geval_goodsid = '103872' ) AND ( (geval_image <> '') OR (geval_image_again <> '') ) LIMIT 1  
[2018-06-16 14:30:20] /admin/index.php?act=evaluate&op=evalgoods_del ( act=evaluate&op=evalgoods_del ) 
ERR: Db Error: Unknown column 'evaluation_again_state' in 'field list'
UPDATE `zmkj_order` SET evaluation_again_state='1' WHERE ( order_id IN ('332') )
[2018-06-16 14:36:12] /shop/index.php?act=goods&op=comments_list&goods_id=102820 ( act=goods&op=comments_list ) 
ERR: Db Error: Unknown column 'geval_image_again' in 'where clause'
SELECT COUNT(*) AS nc_count FROM `zmkj_evaluate_goods` WHERE ( geval_goodsid = '102820' ) AND ( (geval_image <> '') OR (geval_image_again <> '') ) LIMIT 1  
[2018-06-16 15:51:59] /shop/index.php?act=goods&op=comments_list&goods_id=101938 ( act=goods&op=comments_list ) 
ERR: Db Error: Unknown column 'geval_image_again' in 'where clause'
SELECT COUNT(*) AS nc_count FROM `zmkj_evaluate_goods` WHERE ( geval_goodsid = '101938' ) AND ( (geval_image <> '') OR (geval_image_again <> '') ) LIMIT 1  
[2018-06-16 23:37:18] /shop/index.php?act=search&cate_id=2151&op=index ( act=search&op=index ) 
ERR: Db Error: Unknown column 'gc_id_' in 'where clause'
SELECT count(distinct CONCAT(goods_commonid)) AS nc_count FROM `zmkj_goods` WHERE ( gc_id_ = '2151' ) AND ( goods_state = '1' ) AND ( goods_verify = '1' ) LIMIT 1  
