[2018-08-13 00:09:09] /shop/index.php?act=goods&op=comments_list&goods_id=104021 ( act=goods&op=comments_list ) 
ERR: Db Error: Unknown column 'geval_image_again' in 'where clause'
SELECT COUNT(*) AS nc_count FROM `zmkj_evaluate_goods` WHERE ( geval_goodsid = '104021' ) AND ( (geval_image <> '') OR (geval_image_again <> '') ) LIMIT 1  
[2018-08-13 00:12:49] /shop/index.php?act=goods&op=comments_list&goods_id=103864 ( act=goods&op=comments_list ) 
ERR: Db Error: Unknown column 'geval_image_again' in 'where clause'
SELECT COUNT(*) AS nc_count FROM `zmkj_evaluate_goods` WHERE ( geval_goodsid = '103864' ) AND ( (geval_image <> '') OR (geval_image_again <> '') ) LIMIT 1  
[2018-08-13 00:16:29] /shop/index.php?act=goods&op=comments_list&goods_id=103993 ( act=goods&op=comments_list ) 
ERR: Db Error: Unknown column 'geval_image_again' in 'where clause'
SELECT COUNT(*) AS nc_count FROM `zmkj_evaluate_goods` WHERE ( geval_goodsid = '103993' ) AND ( (geval_image <> '') OR (geval_image_again <> '') ) LIMIT 1  
[2018-08-13 00:42:09] /shop/index.php?act=goods&op=comments_list&goods_id=103999 ( act=goods&op=comments_list ) 
ERR: Db Error: Unknown column 'geval_image_again' in 'where clause'
SELECT COUNT(*) AS nc_count FROM `zmkj_evaluate_goods` WHERE ( geval_goodsid = '103999' ) AND ( (geval_image <> '') OR (geval_image_again <> '') ) LIMIT 1  
[2018-08-13 00:51:11] /shop/index.php?act=goods&op=comments_list&goods_id=101829 ( act=goods&op=comments_list ) 
ERR: Db Error: Unknown column 'geval_image_again' in 'where clause'
SELECT COUNT(*) AS nc_count FROM `zmkj_evaluate_goods` WHERE ( geval_goodsid = '101829' ) AND ( (geval_image <> '') OR (geval_image_again <> '') ) LIMIT 1  
[2018-08-13 00:52:37] /shop/index.php?act=goods&op=comments_list&goods_id=105353 ( act=goods&op=comments_list ) 
ERR: Db Error: Unknown column 'geval_image_again' in 'where clause'
SELECT COUNT(*) AS nc_count FROM `zmkj_evaluate_goods` WHERE ( geval_goodsid = '105353' ) AND ( (geval_image <> '') OR (geval_image_again <> '') ) LIMIT 1  
[2018-08-13 00:53:09] /shop/index.php?act=goods&op=comments_list&goods_id=105773 ( act=goods&op=comments_list ) 
ERR: Db Error: Unknown column 'geval_image_again' in 'where clause'
SELECT COUNT(*) AS nc_count FROM `zmkj_evaluate_goods` WHERE ( geval_goodsid = '105773' ) AND ( (geval_image <> '') OR (geval_image_again <> '') ) LIMIT 1  
[2018-08-13 00:56:49] /shop/index.php?act=goods&op=comments_list&goods_id=104000 ( act=goods&op=comments_list ) 
ERR: Db Error: Unknown column 'geval_image_again' in 'where clause'
SELECT COUNT(*) AS nc_count FROM `zmkj_evaluate_goods` WHERE ( geval_goodsid = '104000' ) AND ( (geval_image <> '') OR (geval_image_again <> '') ) LIMIT 1  
[2018-08-13 01:07:49] /shop/index.php?act=goods&op=comments_list&goods_id=105771 ( act=goods&op=comments_list ) 
ERR: Db Error: Unknown column 'geval_image_again' in 'where clause'
SELECT COUNT(*) AS nc_count FROM `zmkj_evaluate_goods` WHERE ( geval_goodsid = '105771' ) AND ( (geval_image <> '') OR (geval_image_again <> '') ) LIMIT 1  
[2018-08-13 02:03:19] /shop/index.php?act=goods&op=comments_list&goods_id=103955 ( act=goods&op=comments_list ) 
ERR: Db Error: Unknown column 'geval_image_again' in 'where clause'
SELECT COUNT(*) AS nc_count FROM `zmkj_evaluate_goods` WHERE ( geval_goodsid = '103955' ) AND ( (geval_image <> '') OR (geval_image_again <> '') ) LIMIT 1  
[2018-08-13 03:52:02] /shop/index.php?act=search&op=index&cate_id=2176 ( act=search&op=index ) 
ERR: Db Error: Unknown column 'gc_id_' in 'where clause'
SELECT count(distinct CONCAT(goods_commonid)) AS nc_count FROM `zmkj_goods` WHERE ( gc_id_ = '2176' ) AND ( goods_state = '1' ) AND ( goods_verify = '1' ) LIMIT 1  
[2018-08-13 04:24:01] /shop/index.php?act=goods&op=comments_list&goods_id=103867 ( act=goods&op=comments_list ) 
ERR: Db Error: Unknown column 'geval_image_again' in 'where clause'
SELECT COUNT(*) AS nc_count FROM `zmkj_evaluate_goods` WHERE ( geval_goodsid = '103867' ) AND ( (geval_image <> '') OR (geval_image_again <> '') ) LIMIT 1  
[2018-08-13 05:35:48] /shop/index.php?act=goods&op=comments_list&goods_id=102365 ( act=goods&op=comments_list ) 
ERR: Db Error: Unknown column 'geval_image_again' in 'where clause'
SELECT COUNT(*) AS nc_count FROM `zmkj_evaluate_goods` WHERE ( geval_goodsid = '102365' ) AND ( (geval_image <> '') OR (geval_image_again <> '') ) LIMIT 1  
[2018-08-13 05:42:49] /shop/index.php?act=goods&op=comments_list&goods_id=103931 ( act=goods&op=comments_list ) 
ERR: Db Error: Unknown column 'geval_image_again' in 'where clause'
SELECT COUNT(*) AS nc_count FROM `zmkj_evaluate_goods` WHERE ( geval_goodsid = '103931' ) AND ( (geval_image <> '') OR (geval_image_again <> '') ) LIMIT 1  
[2018-08-13 05:46:29] /shop/index.php?act=goods&op=comments_list&goods_id=103558 ( act=goods&op=comments_list ) 
ERR: Db Error: Unknown column 'geval_image_again' in 'where clause'
SELECT COUNT(*) AS nc_count FROM `zmkj_evaluate_goods` WHERE ( geval_goodsid = '103558' ) AND ( (geval_image <> '') OR (geval_image_again <> '') ) LIMIT 1  
[2018-08-13 05:50:09] /shop/index.php?act=goods&op=comments_list&goods_id=105776 ( act=goods&op=comments_list ) 
ERR: Db Error: Unknown column 'geval_image_again' in 'where clause'
SELECT COUNT(*) AS nc_count FROM `zmkj_evaluate_goods` WHERE ( geval_goodsid = '105776' ) AND ( (geval_image <> '') OR (geval_image_again <> '') ) LIMIT 1  
[2018-08-13 05:55:44] /shop/index.php?act=goods&op=comments_list&goods_id=105772 ( act=goods&op=comments_list ) 
ERR: Db Error: Unknown column 'geval_image_again' in 'where clause'
SELECT COUNT(*) AS nc_count FROM `zmkj_evaluate_goods` WHERE ( geval_goodsid = '105772' ) AND ( (geval_image <> '') OR (geval_image_again <> '') ) LIMIT 1  
[2018-08-13 06:26:49] /shop/index.php?act=goods&op=comments_list&goods_id=104017 ( act=goods&op=comments_list ) 
ERR: Db Error: Unknown column 'geval_image_again' in 'where clause'
SELECT COUNT(*) AS nc_count FROM `zmkj_evaluate_goods` WHERE ( geval_goodsid = '104017' ) AND ( (geval_image <> '') OR (geval_image_again <> '') ) LIMIT 1  
[2018-08-13 06:35:26] /shop/index.php?act=goods&op=comments_list&goods_id=103870 ( act=goods&op=comments_list ) 
ERR: Db Error: Unknown column 'geval_image_again' in 'where clause'
SELECT COUNT(*) AS nc_count FROM `zmkj_evaluate_goods` WHERE ( geval_goodsid = '103870' ) AND ( (geval_image <> '') OR (geval_image_again <> '') ) LIMIT 1  
[2018-08-13 06:37:49] /shop/index.php?act=goods&op=comments_list&goods_id=105782 ( act=goods&op=comments_list ) 
ERR: Db Error: Unknown column 'geval_image_again' in 'where clause'
SELECT COUNT(*) AS nc_count FROM `zmkj_evaluate_goods` WHERE ( geval_goodsid = '105782' ) AND ( (geval_image <> '') OR (geval_image_again <> '') ) LIMIT 1  
[2018-08-13 06:41:29] /shop/index.php?act=goods&op=comments_list&goods_id=104416 ( act=goods&op=comments_list ) 
ERR: Db Error: Unknown column 'geval_image_again' in 'where clause'
SELECT COUNT(*) AS nc_count FROM `zmkj_evaluate_goods` WHERE ( geval_goodsid = '104416' ) AND ( (geval_image <> '') OR (geval_image_again <> '') ) LIMIT 1  
[2018-08-13 06:45:09] /shop/index.php?act=goods&op=comments_list&goods_id=105783 ( act=goods&op=comments_list ) 
ERR: Db Error: Unknown column 'geval_image_again' in 'where clause'
SELECT COUNT(*) AS nc_count FROM `zmkj_evaluate_goods` WHERE ( geval_goodsid = '105783' ) AND ( (geval_image <> '') OR (geval_image_again <> '') ) LIMIT 1  
[2018-08-13 06:47:37] /shop/index.php?act=goods&op=comments_list&goods_id=104007 ( act=goods&op=comments_list ) 
ERR: Db Error: Unknown column 'geval_image_again' in 'where clause'
SELECT COUNT(*) AS nc_count FROM `zmkj_evaluate_goods` WHERE ( geval_goodsid = '104007' ) AND ( (geval_image <> '') OR (geval_image_again <> '') ) LIMIT 1  
[2018-08-13 06:59:29] /shop/index.php?act=goods&op=comments_list&goods_id=105770 ( act=goods&op=comments_list ) 
ERR: Db Error: Unknown column 'geval_image_again' in 'where clause'
SELECT COUNT(*) AS nc_count FROM `zmkj_evaluate_goods` WHERE ( geval_goodsid = '105770' ) AND ( (geval_image <> '') OR (geval_image_again <> '') ) LIMIT 1  
[2018-08-13 07:11:44] /shop/index.php?act=goods&op=comments_list&goods_id=102372 ( act=goods&op=comments_list ) 
ERR: Db Error: Unknown column 'geval_image_again' in 'where clause'
SELECT COUNT(*) AS nc_count FROM `zmkj_evaluate_goods` WHERE ( geval_goodsid = '102372' ) AND ( (geval_image <> '') OR (geval_image_again <> '') ) LIMIT 1  
[2018-08-13 07:18:09] /shop/index.php?act=goods&op=comments_list&goods_id=105779 ( act=goods&op=comments_list ) 
ERR: Db Error: Unknown column 'geval_image_again' in 'where clause'
SELECT COUNT(*) AS nc_count FROM `zmkj_evaluate_goods` WHERE ( geval_goodsid = '105779' ) AND ( (geval_image <> '') OR (geval_image_again <> '') ) LIMIT 1  
[2018-08-13 07:31:23] /shop/index.php?act=goods&op=comments_list&goods_id=102367 ( act=goods&op=comments_list ) 
ERR: Db Error: Unknown column 'geval_image_again' in 'where clause'
SELECT COUNT(*) AS nc_count FROM `zmkj_evaluate_goods` WHERE ( geval_goodsid = '102367' ) AND ( (geval_image <> '') OR (geval_image_again <> '') ) LIMIT 1  
[2018-08-13 07:32:07] /shop/index.php?act=goods&op=comments_list&goods_id=102373 ( act=goods&op=comments_list ) 
ERR: Db Error: Unknown column 'geval_image_again' in 'where clause'
SELECT COUNT(*) AS nc_count FROM `zmkj_evaluate_goods` WHERE ( geval_goodsid = '102373' ) AND ( (geval_image <> '') OR (geval_image_again <> '') ) LIMIT 1  
[2018-08-13 07:34:42] /shop/index.php?act=goods&op=comments_list&goods_id=103987 ( act=goods&op=comments_list ) 
ERR: Db Error: Unknown column 'geval_image_again' in 'where clause'
SELECT COUNT(*) AS nc_count FROM `zmkj_evaluate_goods` WHERE ( geval_goodsid = '103987' ) AND ( (geval_image <> '') OR (geval_image_again <> '') ) LIMIT 1  
[2018-08-13 07:35:15] /shop/index.php?act=search&op=index&cate_id=1569&area_id=12 ( act=search&op=index ) 
ERR: Db Error: Unknown column 'gc_id_' in 'where clause'
SELECT count(distinct CONCAT(goods_commonid)) AS nc_count FROM `zmkj_goods` WHERE ( gc_id_ = '1569' ) AND ( areaid_1 = '12' ) AND ( goods_state = '1' ) AND ( goods_verify = '1' ) LIMIT 1  
[2018-08-13 07:37:12] /shop/index.php?act=search&op=index&cate_id=1599&key=1&order=2 ( act=search&op=index ) 
ERR: Db Error: Unknown column 'gc_id_' in 'where clause'
SELECT count(distinct CONCAT(goods_commonid)) AS nc_count FROM `zmkj_goods` WHERE ( gc_id_ = '1599' ) AND ( goods_state = '1' ) AND ( goods_verify = '1' ) LIMIT 1  
[2018-08-13 07:41:54] /shop/index.php?act=goods&op=comments_list&goods_id=104009 ( act=goods&op=comments_list ) 
ERR: Db Error: Unknown column 'geval_image_again' in 'where clause'
SELECT COUNT(*) AS nc_count FROM `zmkj_evaluate_goods` WHERE ( geval_goodsid = '104009' ) AND ( (geval_image <> '') OR (geval_image_again <> '') ) LIMIT 1  
[2018-08-13 07:43:49] /shop/index.php?act=goods&op=comments_list&goods_id=103888 ( act=goods&op=comments_list ) 
ERR: Db Error: Unknown column 'geval_image_again' in 'where clause'
SELECT COUNT(*) AS nc_count FROM `zmkj_evaluate_goods` WHERE ( geval_goodsid = '103888' ) AND ( (geval_image <> '') OR (geval_image_again <> '') ) LIMIT 1  
[2018-08-13 07:47:29] /shop/index.php?act=goods&op=comments_list&goods_id=105785 ( act=goods&op=comments_list ) 
ERR: Db Error: Unknown column 'geval_image_again' in 'where clause'
SELECT COUNT(*) AS nc_count FROM `zmkj_evaluate_goods` WHERE ( geval_goodsid = '105785' ) AND ( (geval_image <> '') OR (geval_image_again <> '') ) LIMIT 1  
[2018-08-13 07:58:29] /shop/index.php?act=goods&op=comments_list&goods_id=104435 ( act=goods&op=comments_list ) 
ERR: Db Error: Unknown column 'geval_image_again' in 'where clause'
SELECT COUNT(*) AS nc_count FROM `zmkj_evaluate_goods` WHERE ( geval_goodsid = '104435' ) AND ( (geval_image <> '') OR (geval_image_again <> '') ) LIMIT 1  
[2018-08-13 08:02:09] /shop/index.php?act=goods&op=comments_list&goods_id=105778 ( act=goods&op=comments_list ) 
ERR: Db Error: Unknown column 'geval_image_again' in 'where clause'
SELECT COUNT(*) AS nc_count FROM `zmkj_evaluate_goods` WHERE ( geval_goodsid = '105778' ) AND ( (geval_image <> '') OR (geval_image_again <> '') ) LIMIT 1  
[2018-08-13 08:16:00] /shop/index.php?act=goods&op=comments_list&goods_id=105769 ( act=goods&op=comments_list ) 
ERR: Db Error: Unknown column 'geval_image_again' in 'where clause'
SELECT COUNT(*) AS nc_count FROM `zmkj_evaluate_goods` WHERE ( geval_goodsid = '105769' ) AND ( (geval_image <> '') OR (geval_image_again <> '') ) LIMIT 1  
[2018-08-13 08:36:09] /shop/index.php?act=goods&op=comments_list&goods_id=104452 ( act=goods&op=comments_list ) 
ERR: Db Error: Unknown column 'geval_image_again' in 'where clause'
SELECT COUNT(*) AS nc_count FROM `zmkj_evaluate_goods` WHERE ( geval_goodsid = '104452' ) AND ( (geval_image <> '') OR (geval_image_again <> '') ) LIMIT 1  
[2018-08-13 08:51:22] /shop/index.php?act=goods&op=comments_list&goods_id=102291 ( act=goods&op=comments_list ) 
ERR: Db Error: Unknown column 'geval_image_again' in 'where clause'
SELECT COUNT(*) AS nc_count FROM `zmkj_evaluate_goods` WHERE ( geval_goodsid = '102291' ) AND ( (geval_image <> '') OR (geval_image_again <> '') ) LIMIT 1  
[2018-08-13 09:08:14] /shop/index.php?act=goods&op=comments_list&goods_id=102325 ( act=goods&op=comments_list ) 
ERR: Db Error: Unknown column 'geval_image_again' in 'where clause'
SELECT COUNT(*) AS nc_count FROM `zmkj_evaluate_goods` WHERE ( geval_goodsid = '102325' ) AND ( (geval_image <> '') OR (geval_image_again <> '') ) LIMIT 1  
[2018-08-13 09:10:48] /shop/index.php?act=goods&op=comments_list&goods_id=102364 ( act=goods&op=comments_list ) 
ERR: Db Error: Unknown column 'geval_image_again' in 'where clause'
SELECT COUNT(*) AS nc_count FROM `zmkj_evaluate_goods` WHERE ( geval_goodsid = '102364' ) AND ( (geval_image <> '') OR (geval_image_again <> '') ) LIMIT 1  
[2018-08-13 09:40:02] /shop/index.php?act=goods&op=comments_list&goods_id=102368 ( act=goods&op=comments_list ) 
ERR: Db Error: Unknown column 'geval_image_again' in 'where clause'
SELECT COUNT(*) AS nc_count FROM `zmkj_evaluate_goods` WHERE ( geval_goodsid = '102368' ) AND ( (geval_image <> '') OR (geval_image_again <> '') ) LIMIT 1  
[2018-08-13 10:11:25] /shop/index.php?act=goods&op=comments_list&goods_id=105784&type=3 ( act=goods&op=comments_list ) 
ERR: Db Error: Unknown column 'geval_image_again' in 'where clause'
SELECT COUNT(*) AS nc_count FROM `zmkj_evaluate_goods` WHERE ( geval_goodsid = '105784' ) AND ( (geval_image <> '') OR (geval_image_again <> '') ) LIMIT 1  
[2018-08-13 10:39:46] /shop/index.php?act=goods&op=comments_list&goods_id=104010 ( act=goods&op=comments_list ) 
ERR: Db Error: Unknown column 'geval_image_again' in 'where clause'
SELECT COUNT(*) AS nc_count FROM `zmkj_evaluate_goods` WHERE ( geval_goodsid = '104010' ) AND ( (geval_image <> '') OR (geval_image_again <> '') ) LIMIT 1  
[2018-08-13 10:52:29] /shop/index.php?act=goods&op=comments_list&goods_id=102336 ( act=goods&op=comments_list ) 
ERR: Db Error: Unknown column 'geval_image_again' in 'where clause'
SELECT COUNT(*) AS nc_count FROM `zmkj_evaluate_goods` WHERE ( geval_goodsid = '102336' ) AND ( (geval_image <> '') OR (geval_image_again <> '') ) LIMIT 1  
[2018-08-13 11:05:56] /shop/index.php?act=goods&op=comments_list&goods_id=103968 ( act=goods&op=comments_list ) 
ERR: Db Error: Unknown column 'geval_image_again' in 'where clause'
SELECT COUNT(*) AS nc_count FROM `zmkj_evaluate_goods` WHERE ( geval_goodsid = '103968' ) AND ( (geval_image <> '') OR (geval_image_again <> '') ) LIMIT 1  
[2018-08-13 11:06:16] /shop/index.php?act=goods&op=comments_list&goods_id=102317 ( act=goods&op=comments_list ) 
ERR: Db Error: Unknown column 'geval_image_again' in 'where clause'
SELECT COUNT(*) AS nc_count FROM `zmkj_evaluate_goods` WHERE ( geval_goodsid = '102317' ) AND ( (geval_image <> '') OR (geval_image_again <> '') ) LIMIT 1  
[2018-08-13 11:16:23] /shop/index.php?act=goods&op=comments_list&goods_id=103668 ( act=goods&op=comments_list ) 
ERR: Db Error: Unknown column 'geval_image_again' in 'where clause'
SELECT COUNT(*) AS nc_count FROM `zmkj_evaluate_goods` WHERE ( geval_goodsid = '103668' ) AND ( (geval_image <> '') OR (geval_image_again <> '') ) LIMIT 1  
[2018-08-13 11:33:31] /shop/index.php?act=goods&op=comments_list&goods_id=101721 ( act=goods&op=comments_list ) 
ERR: Db Error: Unknown column 'geval_image_again' in 'where clause'
SELECT COUNT(*) AS nc_count FROM `zmkj_evaluate_goods` WHERE ( geval_goodsid = '101721' ) AND ( (geval_image <> '') OR (geval_image_again <> '') ) LIMIT 1  
[2018-08-13 12:01:38] /shop/index.php?act=goods&op=comments_list&goods_id=103290 ( act=goods&op=comments_list ) 
ERR: Db Error: Unknown column 'geval_image_again' in 'where clause'
SELECT COUNT(*) AS nc_count FROM `zmkj_evaluate_goods` WHERE ( geval_goodsid = '103290' ) AND ( (geval_image <> '') OR (geval_image_again <> '') ) LIMIT 1  
[2018-08-13 12:06:30] /shop/index.php?act=goods&op=comments_list&goods_id=102312 ( act=goods&op=comments_list ) 
ERR: Db Error: Unknown column 'geval_image_again' in 'where clause'
SELECT COUNT(*) AS nc_count FROM `zmkj_evaluate_goods` WHERE ( geval_goodsid = '102312' ) AND ( (geval_image <> '') OR (geval_image_again <> '') ) LIMIT 1  
[2018-08-13 12:12:20] /shop/index.php?act=goods&op=comments_list&goods_id=102344 ( act=goods&op=comments_list ) 
ERR: Db Error: Unknown column 'geval_image_again' in 'where clause'
SELECT COUNT(*) AS nc_count FROM `zmkj_evaluate_goods` WHERE ( geval_goodsid = '102344' ) AND ( (geval_image <> '') OR (geval_image_again <> '') ) LIMIT 1  
[2018-08-13 12:45:56] /shop/index.php?act=goods&op=comments_list&goods_id=103867&type=1 ( act=goods&op=comments_list ) 
ERR: Db Error: Unknown column 'geval_image_again' in 'where clause'
SELECT COUNT(*) AS nc_count FROM `zmkj_evaluate_goods` WHERE ( geval_goodsid = '103867' ) AND ( (geval_image <> '') OR (geval_image_again <> '') ) LIMIT 1  
[2018-08-13 15:43:53] /shop/index.php?act=goods&op=comments_list&goods_id=105784&type=1 ( act=goods&op=comments_list ) 
ERR: Db Error: Unknown column 'geval_image_again' in 'where clause'
SELECT COUNT(*) AS nc_count FROM `zmkj_evaluate_goods` WHERE ( geval_goodsid = '105784' ) AND ( (geval_image <> '') OR (geval_image_again <> '') ) LIMIT 1  
[2018-08-13 17:42:15] /shop/index.php?act=search&cate_id=2112&op=index ( act=search&op=index ) 
ERR: Db Error: Unknown column 'gc_id_' in 'where clause'
SELECT count(distinct CONCAT(goods_commonid)) AS nc_count FROM `zmkj_goods` WHERE ( gc_id_ = '2112' ) AND ( goods_state = '1' ) AND ( goods_verify = '1' ) LIMIT 1  
[2018-08-13 17:51:03] /shop/index.php?act=goods&op=comments_list&goods_id=103875 ( act=goods&op=comments_list ) 
ERR: Db Error: Unknown column 'geval_image_again' in 'where clause'
SELECT COUNT(*) AS nc_count FROM `zmkj_evaluate_goods` WHERE ( geval_goodsid = '103875' ) AND ( (geval_image <> '') OR (geval_image_again <> '') ) LIMIT 1  
[2018-08-13 18:35:27] /shop/index.php?act=search&op=index&cate_id=1590 ( act=search&op=index ) 
ERR: Db Error: Unknown column 'gc_id_' in 'where clause'
SELECT count(distinct CONCAT(goods_commonid)) AS nc_count FROM `zmkj_goods` WHERE ( gc_id_ = '1590' ) AND ( goods_state = '1' ) AND ( goods_verify = '1' ) LIMIT 1  
[2018-08-13 18:54:49] /shop/index.php?act=goods&op=comments_list&goods_id=102716 ( act=goods&op=comments_list ) 
ERR: Db Error: Unknown column 'geval_image_again' in 'where clause'
SELECT COUNT(*) AS nc_count FROM `zmkj_evaluate_goods` WHERE ( geval_goodsid = '102716' ) AND ( (geval_image <> '') OR (geval_image_again <> '') ) LIMIT 1  
[2018-08-13 19:02:11] /shop/index.php?act=goods&op=comments_list&goods_id=103967 ( act=goods&op=comments_list ) 
ERR: Db Error: Unknown column 'geval_image_again' in 'where clause'
SELECT COUNT(*) AS nc_count FROM `zmkj_evaluate_goods` WHERE ( geval_goodsid = '103967' ) AND ( (geval_image <> '') OR (geval_image_again <> '') ) LIMIT 1  
[2018-08-13 19:42:29] /shop/index.php?act=goods&op=comments_list&goods_id=102714 ( act=goods&op=comments_list ) 
ERR: Db Error: Unknown column 'geval_image_again' in 'where clause'
SELECT COUNT(*) AS nc_count FROM `zmkj_evaluate_goods` WHERE ( geval_goodsid = '102714' ) AND ( (geval_image <> '') OR (geval_image_again <> '') ) LIMIT 1  
[2018-08-13 20:08:13] /shop/index.php?act=goods&op=comments_list&goods_id=101721&type=3 ( act=goods&op=comments_list ) 
ERR: Db Error: Unknown column 'geval_image_again' in 'where clause'
SELECT COUNT(*) AS nc_count FROM `zmkj_evaluate_goods` WHERE ( geval_goodsid = '101721' ) AND ( (geval_image <> '') OR (geval_image_again <> '') ) LIMIT 1  
[2018-08-13 20:11:20] /shop/index.php?act=goods&op=comments_list&goods_id=101721&type=2 ( act=goods&op=comments_list ) 
ERR: Db Error: Unknown column 'geval_image_again' in 'where clause'
SELECT COUNT(*) AS nc_count FROM `zmkj_evaluate_goods` WHERE ( geval_goodsid = '101721' ) AND ( (geval_image <> '') OR (geval_image_again <> '') ) LIMIT 1  
[2018-08-13 20:11:49] /shop/index.php?act=goods&op=comments_list&goods_id=102715 ( act=goods&op=comments_list ) 
ERR: Db Error: Unknown column 'geval_image_again' in 'where clause'
SELECT COUNT(*) AS nc_count FROM `zmkj_evaluate_goods` WHERE ( geval_goodsid = '102715' ) AND ( (geval_image <> '') OR (geval_image_again <> '') ) LIMIT 1  
[2018-08-13 20:19:09] /shop/index.php?act=goods&op=comments_list&goods_id=102718 ( act=goods&op=comments_list ) 
ERR: Db Error: Unknown column 'geval_image_again' in 'where clause'
SELECT COUNT(*) AS nc_count FROM `zmkj_evaluate_goods` WHERE ( geval_goodsid = '102718' ) AND ( (geval_image <> '') OR (geval_image_again <> '') ) LIMIT 1  
[2018-08-13 20:34:06] /shop/index.php?act=goods&op=comments_list&goods_id=105773 ( act=goods&op=comments_list ) 
ERR: Db Error: Unknown column 'geval_image_again' in 'where clause'
SELECT COUNT(*) AS nc_count FROM `zmkj_evaluate_goods` WHERE ( geval_goodsid = '105773' ) AND ( (geval_image <> '') OR (geval_image_again <> '') ) LIMIT 1  
[2018-08-13 20:42:51] /shop/index.php?act=goods&op=comments_list&goods_id=103966 ( act=goods&op=comments_list ) 
ERR: Db Error: Unknown column 'geval_image_again' in 'where clause'
SELECT COUNT(*) AS nc_count FROM `zmkj_evaluate_goods` WHERE ( geval_goodsid = '103966' ) AND ( (geval_image <> '') OR (geval_image_again <> '') ) LIMIT 1  
[2018-08-13 21:51:38] /shop/index.php?act=goods&op=comments_list&goods_id=103982&type=3 ( act=goods&op=comments_list ) 
ERR: Db Error: Unknown column 'geval_image_again' in 'where clause'
SELECT COUNT(*) AS nc_count FROM `zmkj_evaluate_goods` WHERE ( geval_goodsid = '103982' ) AND ( (geval_image <> '') OR (geval_image_again <> '') ) LIMIT 1  
[2018-08-13 22:08:11] /shop/index.php?act=search&cate_id=2198&op=index ( act=search&op=index ) 
ERR: Db Error: Unknown column 'gc_id_' in 'where clause'
SELECT count(distinct CONCAT(goods_commonid)) AS nc_count FROM `zmkj_goods` WHERE ( gc_id_ = '2198' ) AND ( goods_state = '1' ) AND ( goods_verify = '1' ) LIMIT 1  
[2018-08-13 23:11:26] /shop/index.php?act=goods&op=comments_list&goods_id=104336 ( act=goods&op=comments_list ) 
ERR: Db Error: Unknown column 'geval_image_again' in 'where clause'
SELECT COUNT(*) AS nc_count FROM `zmkj_evaluate_goods` WHERE ( geval_goodsid = '104336' ) AND ( (geval_image <> '') OR (geval_image_again <> '') ) LIMIT 1  
