[2018-08-20 02:55:25] /shop/index.php?act=search&op=index&cate_id=2204 ( act=search&op=index ) 
ERR: Db Error: Unknown column 'gc_id_' in 'where clause'
SELECT count(distinct CONCAT(goods_commonid)) AS nc_count FROM `zmkj_goods` WHERE ( gc_id_ = '2204' ) AND ( goods_state = '1' ) AND ( goods_verify = '1' ) LIMIT 1  
[2018-08-20 03:46:38] /shop/index.php?act=goods&op=comments_list&goods_id=105669 ( act=goods&op=comments_list ) 
ERR: Db Error: Unknown column 'geval_image_again' in 'where clause'
SELECT COUNT(*) AS nc_count FROM `zmkj_evaluate_goods` WHERE ( geval_goodsid = '105669' ) AND ( (geval_image <> '') OR (geval_image_again <> '') ) LIMIT 1  
[2018-08-20 04:26:34] /shop/index.php?act=goods&op=comments_list&goods_id=105705 ( act=goods&op=comments_list ) 
ERR: Db Error: Unknown column 'geval_image_again' in 'where clause'
SELECT COUNT(*) AS nc_count FROM `zmkj_evaluate_goods` WHERE ( geval_goodsid = '105705' ) AND ( (geval_image <> '') OR (geval_image_again <> '') ) LIMIT 1  
[2018-08-20 04:37:42] /shop/index.php?act=goods&op=comments_list&goods_id=102027 ( act=goods&op=comments_list ) 
ERR: Db Error: Unknown column 'geval_image_again' in 'where clause'
SELECT COUNT(*) AS nc_count FROM `zmkj_evaluate_goods` WHERE ( geval_goodsid = '102027' ) AND ( (geval_image <> '') OR (geval_image_again <> '') ) LIMIT 1  
[2018-08-20 05:14:19] /shop/index.php?act=goods&op=comments_list&goods_id=102027&type=1 ( act=goods&op=comments_list ) 
ERR: Db Error: Unknown column 'geval_image_again' in 'where clause'
SELECT COUNT(*) AS nc_count FROM `zmkj_evaluate_goods` WHERE ( geval_goodsid = '102027' ) AND ( (geval_image <> '') OR (geval_image_again <> '') ) LIMIT 1  
[2018-08-20 05:14:44] /shop/index.php?act=goods&op=comments_list&goods_id=102027&type=3 ( act=goods&op=comments_list ) 
ERR: Db Error: Unknown column 'geval_image_again' in 'where clause'
SELECT COUNT(*) AS nc_count FROM `zmkj_evaluate_goods` WHERE ( geval_goodsid = '102027' ) AND ( (geval_image <> '') OR (geval_image_again <> '') ) LIMIT 1  
[2018-08-20 05:15:13] /shop/index.php?act=goods&op=comments_list&goods_id=102027&type=2 ( act=goods&op=comments_list ) 
ERR: Db Error: Unknown column 'geval_image_again' in 'where clause'
SELECT COUNT(*) AS nc_count FROM `zmkj_evaluate_goods` WHERE ( geval_goodsid = '102027' ) AND ( (geval_image <> '') OR (geval_image_again <> '') ) LIMIT 1  
[2018-08-20 07:17:06] /shop/index.php?act=goods&op=comments_list&goods_id=102844 ( act=goods&op=comments_list ) 
ERR: Db Error: Unknown column 'geval_image_again' in 'where clause'
SELECT COUNT(*) AS nc_count FROM `zmkj_evaluate_goods` WHERE ( geval_goodsid = '102844' ) AND ( (geval_image <> '') OR (geval_image_again <> '') ) LIMIT 1  
[2018-08-20 07:21:18] /shop/index.php?act=goods&op=comments_list&goods_id=101981 ( act=goods&op=comments_list ) 
ERR: Db Error: Unknown column 'geval_image_again' in 'where clause'
SELECT COUNT(*) AS nc_count FROM `zmkj_evaluate_goods` WHERE ( geval_goodsid = '101981' ) AND ( (geval_image <> '') OR (geval_image_again <> '') ) LIMIT 1  
[2018-08-20 08:10:50] /shop/index.php?act=goods&op=comments_list&goods_id=101981&type=2 ( act=goods&op=comments_list ) 
ERR: Db Error: Unknown column 'geval_image_again' in 'where clause'
SELECT COUNT(*) AS nc_count FROM `zmkj_evaluate_goods` WHERE ( geval_goodsid = '101981' ) AND ( (geval_image <> '') OR (geval_image_again <> '') ) LIMIT 1  
[2018-08-20 09:21:34] /shop/index.php?act=goods&op=comments_list&goods_id=101727 ( act=goods&op=comments_list ) 
ERR: Db Error: Unknown column 'geval_image_again' in 'where clause'
SELECT COUNT(*) AS nc_count FROM `zmkj_evaluate_goods` WHERE ( geval_goodsid = '101727' ) AND ( (geval_image <> '') OR (geval_image_again <> '') ) LIMIT 1  
[2018-08-20 11:29:17] /shop/index.php?act=goods&op=comments_list&goods_id=105562 ( act=goods&op=comments_list ) 
ERR: Db Error: Unknown column 'geval_image_again' in 'where clause'
SELECT COUNT(*) AS nc_count FROM `zmkj_evaluate_goods` WHERE ( geval_goodsid = '105562' ) AND ( (geval_image <> '') OR (geval_image_again <> '') ) LIMIT 1  
[2018-08-20 11:50:37] /shop/index.php?act=goods&op=comments_list&goods_id=101729 ( act=goods&op=comments_list ) 
ERR: Db Error: Unknown column 'geval_image_again' in 'where clause'
SELECT COUNT(*) AS nc_count FROM `zmkj_evaluate_goods` WHERE ( geval_goodsid = '101729' ) AND ( (geval_image <> '') OR (geval_image_again <> '') ) LIMIT 1  
[2018-08-20 13:56:46] /shop/index.php?act=goods&op=comments_list&goods_id=105915 ( act=goods&op=comments_list ) 
ERR: Db Error: Unknown column 'geval_image_again' in 'where clause'
SELECT COUNT(*) AS nc_count FROM `zmkj_evaluate_goods` WHERE ( geval_goodsid = '105915' ) AND ( (geval_image <> '') OR (geval_image_again <> '') ) LIMIT 1  
[2018-08-20 16:23:33] /shop/index.php?act=search&area_id=33&cate_id=2130&op=index ( act=search&op=index ) 
ERR: Db Error: Unknown column 'gc_id_' in 'where clause'
SELECT count(distinct CONCAT(goods_commonid)) AS nc_count FROM `zmkj_goods` WHERE ( gc_id_ = '2130' ) AND ( areaid_1 = '33' ) AND ( goods_state = '1' ) AND ( goods_verify = '1' ) LIMIT 1  
[2018-08-20 20:11:07] /shop/index.php?act=search&cate_id=2151&op=index ( act=search&op=index ) 
ERR: Db Error: Unknown column 'gc_id_' in 'where clause'
SELECT count(distinct CONCAT(goods_commonid)) AS nc_count FROM `zmkj_goods` WHERE ( gc_id_ = '2151' ) AND ( goods_state = '1' ) AND ( goods_verify = '1' ) LIMIT 1  
[2018-08-20 21:46:10] /shop/index.php?act=goods&op=comments_list&goods_id=101738 ( act=goods&op=comments_list ) 
ERR: Db Error: Unknown column 'geval_image_again' in 'where clause'
SELECT COUNT(*) AS nc_count FROM `zmkj_evaluate_goods` WHERE ( geval_goodsid = '101738' ) AND ( (geval_image <> '') OR (geval_image_again <> '') ) LIMIT 1  
