[2018-12-04 00:52:53] /shop/index.php?act=goods&op=comments_list&goods_id=105136 ( act=goods&op=comments_list ) 
ERR: Db Error: Unknown column 'geval_image_again' in 'where clause'
SELECT COUNT(*) AS nc_count FROM `zmkj_evaluate_goods` WHERE ( geval_goodsid = '105136' ) AND ( (geval_image <> '') OR (geval_image_again <> '') ) LIMIT 1  
[2018-12-04 00:57:41] /shop/index.php?act=search&op=index&cate_id=2194 ( act=search&op=index ) 
ERR: Db Error: Unknown column 'gc_id_' in 'where clause'
SELECT count(distinct CONCAT(goods_commonid)) AS nc_count FROM `zmkj_goods` WHERE ( gc_id_ = '2194' ) AND ( goods_state = '1' ) AND ( goods_verify = '1' ) LIMIT 1  
[2018-12-04 01:45:41] /shop/index.php?act=goods&op=comments_list&goods_id=101997 ( act=goods&op=comments_list ) 
ERR: Db Error: Unknown column 'geval_image_again' in 'where clause'
SELECT COUNT(*) AS nc_count FROM `zmkj_evaluate_goods` WHERE ( geval_goodsid = '101997' ) AND ( (geval_image <> '') OR (geval_image_again <> '') ) LIMIT 1  
[2018-12-04 02:19:17] /shop/index.php?act=goods&op=comments_list&goods_id=102056 ( act=goods&op=comments_list ) 
ERR: Db Error: Unknown column 'geval_image_again' in 'where clause'
SELECT COUNT(*) AS nc_count FROM `zmkj_evaluate_goods` WHERE ( geval_goodsid = '102056' ) AND ( (geval_image <> '') OR (geval_image_again <> '') ) LIMIT 1  
[2018-12-04 02:57:41] /shop/index.php?act=goods&op=comments_list&goods_id=104206 ( act=goods&op=comments_list ) 
ERR: Db Error: Unknown column 'geval_image_again' in 'where clause'
SELECT COUNT(*) AS nc_count FROM `zmkj_evaluate_goods` WHERE ( geval_goodsid = '104206' ) AND ( (geval_image <> '') OR (geval_image_again <> '') ) LIMIT 1  
[2018-12-04 03:50:29] /shop/index.php?act=goods&op=comments_list&goods_id=106152 ( act=goods&op=comments_list ) 
ERR: Db Error: Unknown column 'geval_image_again' in 'where clause'
SELECT COUNT(*) AS nc_count FROM `zmkj_evaluate_goods` WHERE ( geval_goodsid = '106152' ) AND ( (geval_image <> '') OR (geval_image_again <> '') ) LIMIT 1  
[2018-12-04 04:24:01] /shop/index.php?act=goods&op=comments_list&goods_id=102452 ( act=goods&op=comments_list ) 
ERR: Db Error: Unknown column 'geval_image_again' in 'where clause'
SELECT COUNT(*) AS nc_count FROM `zmkj_evaluate_goods` WHERE ( geval_goodsid = '102452' ) AND ( (geval_image <> '') OR (geval_image_again <> '') ) LIMIT 1  
[2018-12-04 04:36:52] /shop/index.php?act=goods&op=comments_list&goods_id=102456 ( act=goods&op=comments_list ) 
ERR: Db Error: Unknown column 'geval_image_again' in 'where clause'
SELECT COUNT(*) AS nc_count FROM `zmkj_evaluate_goods` WHERE ( geval_goodsid = '102456' ) AND ( (geval_image <> '') OR (geval_image_again <> '') ) LIMIT 1  
[2018-12-04 04:59:10] /shop/index.php?act=goods&op=comments_list&goods_id=102465 ( act=goods&op=comments_list ) 
ERR: Db Error: Unknown column 'geval_image_again' in 'where clause'
SELECT COUNT(*) AS nc_count FROM `zmkj_evaluate_goods` WHERE ( geval_goodsid = '102465' ) AND ( (geval_image <> '') OR (geval_image_again <> '') ) LIMIT 1  
[2018-12-04 05:02:29] /shop/index.php?act=goods&op=comments_list&goods_id=106864 ( act=goods&op=comments_list ) 
ERR: Db Error: Unknown column 'geval_image_again' in 'where clause'
SELECT COUNT(*) AS nc_count FROM `zmkj_evaluate_goods` WHERE ( geval_goodsid = '106864' ) AND ( (geval_image <> '') OR (geval_image_again <> '') ) LIMIT 1  
[2018-12-04 05:05:54] /shop/index.php?act=goods&op=comments_list&goods_id=102445 ( act=goods&op=comments_list ) 
ERR: Db Error: Unknown column 'geval_image_again' in 'where clause'
SELECT COUNT(*) AS nc_count FROM `zmkj_evaluate_goods` WHERE ( geval_goodsid = '102445' ) AND ( (geval_image <> '') OR (geval_image_again <> '') ) LIMIT 1  
[2018-12-04 05:09:35] /shop/index.php?act=goods&op=comments_list&goods_id=102378 ( act=goods&op=comments_list ) 
ERR: Db Error: Unknown column 'geval_image_again' in 'where clause'
SELECT COUNT(*) AS nc_count FROM `zmkj_evaluate_goods` WHERE ( geval_goodsid = '102378' ) AND ( (geval_image <> '') OR (geval_image_again <> '') ) LIMIT 1  
[2018-12-04 05:22:48] /shop/index.php?act=goods&op=comments_list&goods_id=102374 ( act=goods&op=comments_list ) 
ERR: Db Error: Unknown column 'geval_image_again' in 'where clause'
SELECT COUNT(*) AS nc_count FROM `zmkj_evaluate_goods` WHERE ( geval_goodsid = '102374' ) AND ( (geval_image <> '') OR (geval_image_again <> '') ) LIMIT 1  
[2018-12-04 05:38:21] /shop/index.php?act=goods&op=comments_list&goods_id=102438 ( act=goods&op=comments_list ) 
ERR: Db Error: Unknown column 'geval_image_again' in 'where clause'
SELECT COUNT(*) AS nc_count FROM `zmkj_evaluate_goods` WHERE ( geval_goodsid = '102438' ) AND ( (geval_image <> '') OR (geval_image_again <> '') ) LIMIT 1  
[2018-12-04 05:55:17] /shop/index.php?act=goods&op=comments_list&goods_id=105521 ( act=goods&op=comments_list ) 
ERR: Db Error: Unknown column 'geval_image_again' in 'where clause'
SELECT COUNT(*) AS nc_count FROM `zmkj_evaluate_goods` WHERE ( geval_goodsid = '105521' ) AND ( (geval_image <> '') OR (geval_image_again <> '') ) LIMIT 1  
[2018-12-04 05:57:03] /shop/index.php?act=goods&op=comments_list&goods_id=102387 ( act=goods&op=comments_list ) 
ERR: Db Error: Unknown column 'geval_image_again' in 'where clause'
SELECT COUNT(*) AS nc_count FROM `zmkj_evaluate_goods` WHERE ( geval_goodsid = '102387' ) AND ( (geval_image <> '') OR (geval_image_again <> '') ) LIMIT 1  
[2018-12-04 06:09:36] /shop/index.php?act=goods&op=comments_list&goods_id=102430 ( act=goods&op=comments_list ) 
ERR: Db Error: Unknown column 'geval_image_again' in 'where clause'
SELECT COUNT(*) AS nc_count FROM `zmkj_evaluate_goods` WHERE ( geval_goodsid = '102430' ) AND ( (geval_image <> '') OR (geval_image_again <> '') ) LIMIT 1  
[2018-12-04 06:30:29] /shop/index.php?act=goods&op=comments_list&goods_id=102433 ( act=goods&op=comments_list ) 
ERR: Db Error: Unknown column 'geval_image_again' in 'where clause'
SELECT COUNT(*) AS nc_count FROM `zmkj_evaluate_goods` WHERE ( geval_goodsid = '102433' ) AND ( (geval_image <> '') OR (geval_image_again <> '') ) LIMIT 1  
[2018-12-04 07:01:28] /shop/index.php?act=goods&op=comments_list&goods_id=102425 ( act=goods&op=comments_list ) 
ERR: Db Error: Unknown column 'geval_image_again' in 'where clause'
SELECT COUNT(*) AS nc_count FROM `zmkj_evaluate_goods` WHERE ( geval_goodsid = '102425' ) AND ( (geval_image <> '') OR (geval_image_again <> '') ) LIMIT 1  
[2018-12-04 07:04:53] /shop/index.php?act=goods&op=comments_list&goods_id=105183 ( act=goods&op=comments_list ) 
ERR: Db Error: Unknown column 'geval_image_again' in 'where clause'
SELECT COUNT(*) AS nc_count FROM `zmkj_evaluate_goods` WHERE ( geval_goodsid = '105183' ) AND ( (geval_image <> '') OR (geval_image_again <> '') ) LIMIT 1  
[2018-12-04 07:27:49] /shop/index.php?act=goods&op=comments_list&goods_id=102373 ( act=goods&op=comments_list ) 
ERR: Db Error: Unknown column 'geval_image_again' in 'where clause'
SELECT COUNT(*) AS nc_count FROM `zmkj_evaluate_goods` WHERE ( geval_goodsid = '102373' ) AND ( (geval_image <> '') OR (geval_image_again <> '') ) LIMIT 1  
[2018-12-04 07:35:10] /shop/index.php?act=goods&op=comments_list&goods_id=102401 ( act=goods&op=comments_list ) 
ERR: Db Error: Unknown column 'geval_image_again' in 'where clause'
SELECT COUNT(*) AS nc_count FROM `zmkj_evaluate_goods` WHERE ( geval_goodsid = '102401' ) AND ( (geval_image <> '') OR (geval_image_again <> '') ) LIMIT 1  
[2018-12-04 07:40:53] /shop/index.php?act=goods&op=comments_list&goods_id=100600 ( act=goods&op=comments_list ) 
ERR: Db Error: Unknown column 'geval_image_again' in 'where clause'
SELECT COUNT(*) AS nc_count FROM `zmkj_evaluate_goods` WHERE ( geval_goodsid = '100600' ) AND ( (geval_image <> '') OR (geval_image_again <> '') ) LIMIT 1  
[2018-12-04 07:45:12] /shop/index.php?act=goods&op=comments_list&goods_id=101198&type=3 ( act=goods&op=comments_list ) 
ERR: Db Error: Unknown column 'geval_image_again' in 'where clause'
SELECT COUNT(*) AS nc_count FROM `zmkj_evaluate_goods` WHERE ( geval_goodsid = '101198' ) AND ( (geval_image <> '') OR (geval_image_again <> '') ) LIMIT 1  
[2018-12-04 07:45:41] /shop/index.php?act=goods&op=comments_list&goods_id=103403 ( act=goods&op=comments_list ) 
ERR: Db Error: Unknown column 'geval_image_again' in 'where clause'
SELECT COUNT(*) AS nc_count FROM `zmkj_evaluate_goods` WHERE ( geval_goodsid = '103403' ) AND ( (geval_image <> '') OR (geval_image_again <> '') ) LIMIT 1  
[2018-12-04 08:14:54] /shop/index.php?act=goods&op=comments_list&goods_id=102370 ( act=goods&op=comments_list ) 
ERR: Db Error: Unknown column 'geval_image_again' in 'where clause'
SELECT COUNT(*) AS nc_count FROM `zmkj_evaluate_goods` WHERE ( geval_goodsid = '102370' ) AND ( (geval_image <> '') OR (geval_image_again <> '') ) LIMIT 1  
[2018-12-04 08:48:02] /shop/index.php?act=goods&op=comments_list&goods_id=102420 ( act=goods&op=comments_list ) 
ERR: Db Error: Unknown column 'geval_image_again' in 'where clause'
SELECT COUNT(*) AS nc_count FROM `zmkj_evaluate_goods` WHERE ( geval_goodsid = '102420' ) AND ( (geval_image <> '') OR (geval_image_again <> '') ) LIMIT 1  
[2018-12-04 09:13:08] /shop/index.php?act=goods&op=comments_list&goods_id=102372 ( act=goods&op=comments_list ) 
ERR: Db Error: Unknown column 'geval_image_again' in 'where clause'
SELECT COUNT(*) AS nc_count FROM `zmkj_evaluate_goods` WHERE ( geval_goodsid = '102372' ) AND ( (geval_image <> '') OR (geval_image_again <> '') ) LIMIT 1  
[2018-12-04 09:13:57] /shop/index.php?act=goods&op=comments_list&goods_id=102444 ( act=goods&op=comments_list ) 
ERR: Db Error: Unknown column 'geval_image_again' in 'where clause'
SELECT COUNT(*) AS nc_count FROM `zmkj_evaluate_goods` WHERE ( geval_goodsid = '102444' ) AND ( (geval_image <> '') OR (geval_image_again <> '') ) LIMIT 1  
[2018-12-04 09:30:13] /shop/index.php?act=goods&op=comments_list&goods_id=102437 ( act=goods&op=comments_list ) 
ERR: Db Error: Unknown column 'geval_image_again' in 'where clause'
SELECT COUNT(*) AS nc_count FROM `zmkj_evaluate_goods` WHERE ( geval_goodsid = '102437' ) AND ( (geval_image <> '') OR (geval_image_again <> '') ) LIMIT 1  
[2018-12-04 09:31:17] /shop/index.php?act=goods&op=comments_list&goods_id=100775 ( act=goods&op=comments_list ) 
ERR: Db Error: Unknown column 'geval_image_again' in 'where clause'
SELECT COUNT(*) AS nc_count FROM `zmkj_evaluate_goods` WHERE ( geval_goodsid = '100775' ) AND ( (geval_image <> '') OR (geval_image_again <> '') ) LIMIT 1  
[2018-12-04 09:49:01] /shop/index.php?act=search&op=index&cate_id=2126&gift=1 ( act=search&op=index ) 
ERR: Db Error: Unknown column 'gc_id_' in 'where clause'
SELECT count(distinct CONCAT(goods_commonid)) AS nc_count FROM `zmkj_goods` WHERE ( gc_id_ = '2126' ) AND ( have_gift = '1' ) AND ( goods_state = '1' ) AND ( goods_verify = '1' ) LIMIT 1  
[2018-12-04 10:14:29] /shop/index.php?act=goods&op=comments_list&goods_id=105177 ( act=goods&op=comments_list ) 
ERR: Db Error: Unknown column 'geval_image_again' in 'where clause'
SELECT COUNT(*) AS nc_count FROM `zmkj_evaluate_goods` WHERE ( geval_goodsid = '105177' ) AND ( (geval_image <> '') OR (geval_image_again <> '') ) LIMIT 1  
[2018-12-04 11:02:29] /shop/index.php?act=goods&op=comments_list&goods_id=102700 ( act=goods&op=comments_list ) 
ERR: Db Error: Unknown column 'geval_image_again' in 'where clause'
SELECT COUNT(*) AS nc_count FROM `zmkj_evaluate_goods` WHERE ( geval_goodsid = '102700' ) AND ( (geval_image <> '') OR (geval_image_again <> '') ) LIMIT 1  
[2018-12-04 11:48:10] /shop/index.php?act=goods&goods_id=101250&op=comments_list ( act=goods&op=comments_list ) 
ERR: Db Error: Unknown column 'geval_image_again' in 'where clause'
SELECT COUNT(*) AS nc_count FROM `zmkj_evaluate_goods` WHERE ( geval_goodsid = '101250' ) AND ( (geval_image <> '') OR (geval_image_again <> '') ) LIMIT 1  
[2018-12-04 11:48:13] /shop/index.php?act=goods&goods_id=101250&op=comments_list ( act=goods&op=comments_list ) 
ERR: Db Error: Unknown column 'geval_image_again' in 'where clause'
SELECT COUNT(*) AS nc_count FROM `zmkj_evaluate_goods` WHERE ( geval_goodsid = '101250' ) AND ( (geval_image <> '') OR (geval_image_again <> '') ) LIMIT 1  
[2018-12-04 14:00:41] /shop/index.php?act=hot_sale&op=index ( act=hot_sale&op=index ) 
ERR: Db Error: You have an error in your SQL syntax; check the manual that corresponds to your MySQL server version for the right syntax to use near ') and goods_state=1' at line 1
select * from zmkj_goods where goods_id in () and goods_state=1
[2018-12-04 14:00:41] /shop/index.php?act=hot_sale&op=index ( act=hot_sale&op=index ) 
ERR: Db Error: You have an error in your SQL syntax; check the manual that corresponds to your MySQL server version for the right syntax to use near '' at line 1
select `member_id` from zmkj_store where store_id = 
[2018-12-04 14:01:41] /shop/index.php?act=hot_sale&op=index ( act=hot_sale&op=index ) 
ERR: Db Error: You have an error in your SQL syntax; check the manual that corresponds to your MySQL server version for the right syntax to use near ') and goods_state=1' at line 1
select * from zmkj_goods where goods_id in () and goods_state=1
[2018-12-04 14:01:41] /shop/index.php?act=hot_sale&op=index ( act=hot_sale&op=index ) 
ERR: Db Error: You have an error in your SQL syntax; check the manual that corresponds to your MySQL server version for the right syntax to use near '' at line 1
select `member_id` from zmkj_store where store_id = 
[2018-12-04 19:45:41] /shop/index.php?act=goods&op=comments_list&goods_id=104309 ( act=goods&op=comments_list ) 
ERR: Db Error: Unknown column 'geval_image_again' in 'where clause'
SELECT COUNT(*) AS nc_count FROM `zmkj_evaluate_goods` WHERE ( geval_goodsid = '104309' ) AND ( (geval_image <> '') OR (geval_image_again <> '') ) LIMIT 1  
[2018-12-04 20:14:29] /shop/index.php?act=goods&op=comments_list&goods_id=105212 ( act=goods&op=comments_list ) 
ERR: Db Error: Unknown column 'geval_image_again' in 'where clause'
SELECT COUNT(*) AS nc_count FROM `zmkj_evaluate_goods` WHERE ( geval_goodsid = '105212' ) AND ( (geval_image <> '') OR (geval_image_again <> '') ) LIMIT 1  
[2018-12-04 20:38:29] /shop/index.php?act=goods&op=comments_list&goods_id=105281 ( act=goods&op=comments_list ) 
ERR: Db Error: Unknown column 'geval_image_again' in 'where clause'
SELECT COUNT(*) AS nc_count FROM `zmkj_evaluate_goods` WHERE ( geval_goodsid = '105281' ) AND ( (geval_image <> '') OR (geval_image_again <> '') ) LIMIT 1  
[2018-12-04 20:48:05] /shop/index.php?act=goods&op=comments_list&goods_id=105164 ( act=goods&op=comments_list ) 
ERR: Db Error: Unknown column 'geval_image_again' in 'where clause'
SELECT COUNT(*) AS nc_count FROM `zmkj_evaluate_goods` WHERE ( geval_goodsid = '105164' ) AND ( (geval_image <> '') OR (geval_image_again <> '') ) LIMIT 1  
[2018-12-04 22:43:17] /shop/index.php?act=goods&op=comments_list&goods_id=103667 ( act=goods&op=comments_list ) 
ERR: Db Error: Unknown column 'geval_image_again' in 'where clause'
SELECT COUNT(*) AS nc_count FROM `zmkj_evaluate_goods` WHERE ( geval_goodsid = '103667' ) AND ( (geval_image <> '') OR (geval_image_again <> '') ) LIMIT 1  
[2018-12-04 23:26:29] /shop/index.php?act=goods&op=comments_list&goods_id=103887 ( act=goods&op=comments_list ) 
ERR: Db Error: Unknown column 'geval_image_again' in 'where clause'
SELECT COUNT(*) AS nc_count FROM `zmkj_evaluate_goods` WHERE ( geval_goodsid = '103887' ) AND ( (geval_image <> '') OR (geval_image_again <> '') ) LIMIT 1  
[2018-12-04 23:38:23] /shop/index.php?act=search&op=index&cate_id=1573 ( act=search&op=index ) 
ERR: Db Error: Unknown column 'gc_id_' in 'where clause'
SELECT count(distinct CONCAT(goods_commonid)) AS nc_count FROM `zmkj_goods` WHERE ( gc_id_ = '1573' ) AND ( goods_state = '1' ) AND ( goods_verify = '1' ) LIMIT 1  
