[2018-03-09 04:42:06] /shop/index.php?act=goods&op=index&goods_id=102064 ( act=goods&op=index ) 
ERR: Db Error: Unknown column 'geval_image_again' in 'where clause'
SELECT COUNT(*) AS nc_count FROM `zmkj_evaluate_goods` WHERE ( geval_goodsid = '102064' ) AND ( (geval_image <> '') OR (geval_image_again <> '') ) LIMIT 1  
[2018-03-09 05:16:33] /shop/index.php?act=goods&goods_id=100978&op=index ( act=goods&op=index ) 
ERR: Db Error: Unknown column 'geval_image_again' in 'where clause'
SELECT COUNT(*) AS nc_count FROM `zmkj_evaluate_goods` WHERE ( geval_goodsid = '100978' ) AND ( (geval_image <> '') OR (geval_image_again <> '') ) LIMIT 1  
[2018-03-09 05:16:33] /shop/index.php?act=goods&goods_id=101305&op=index ( act=goods&op=index ) 
ERR: Db Error: Unknown column 'geval_image_again' in 'where clause'
SELECT COUNT(*) AS nc_count FROM `zmkj_evaluate_goods` WHERE ( geval_goodsid = '101305' ) AND ( (geval_image <> '') OR (geval_image_again <> '') ) LIMIT 1  
[2018-03-09 05:16:36] /shop/index.php?act=goods&goods_id=101246&op=comments_list ( act=goods&op=comments_list ) 
ERR: Db Error: Unknown column 'geval_image_again' in 'where clause'
SELECT COUNT(*) AS nc_count FROM `zmkj_evaluate_goods` WHERE ( geval_goodsid = '101246' ) AND ( (geval_image <> '') OR (geval_image_again <> '') ) LIMIT 1  
[2018-03-09 05:16:49] /shop/index.php?act=goods&goods_id=100980&op=comments_list ( act=goods&op=comments_list ) 
ERR: Db Error: Unknown column 'geval_image_again' in 'where clause'
SELECT COUNT(*) AS nc_count FROM `zmkj_evaluate_goods` WHERE ( geval_goodsid = '100980' ) AND ( (geval_image <> '') OR (geval_image_again <> '') ) LIMIT 1  
[2018-03-09 07:30:11] /shop/index.php?act=goods&op=index&goods_id=100360 ( act=goods&op=index ) 
ERR: Db Error: Unknown column 'geval_image_again' in 'where clause'
SELECT COUNT(*) AS nc_count FROM `zmkj_evaluate_goods` WHERE ( geval_goodsid = '100360' ) AND ( (geval_image <> '') OR (geval_image_again <> '') ) LIMIT 1  
[2018-03-09 08:46:05] /shop/index.php?act=goods&op=index&goods_id=102074 ( act=goods&op=index ) 
ERR: Db Error: Unknown column 'geval_image_again' in 'where clause'
SELECT COUNT(*) AS nc_count FROM `zmkj_evaluate_goods` WHERE ( geval_goodsid = '102074' ) AND ( (geval_image <> '') OR (geval_image_again <> '') ) LIMIT 1  
[2018-03-09 09:00:16] /shop/index.php?act=goods&op=index&goods_id=102076 ( act=goods&op=index ) 
ERR: Db Error: Unknown column 'geval_image_again' in 'where clause'
SELECT COUNT(*) AS nc_count FROM `zmkj_evaluate_goods` WHERE ( geval_goodsid = '102076' ) AND ( (geval_image <> '') OR (geval_image_again <> '') ) LIMIT 1  
[2018-03-09 09:01:16] /shop/index.php?act=goods&op=index&goods_id=102076 ( act=goods&op=index ) 
ERR: Db Error: Unknown column 'geval_image_again' in 'where clause'
SELECT COUNT(*) AS nc_count FROM `zmkj_evaluate_goods` WHERE ( geval_goodsid = '102076' ) AND ( (geval_image <> '') OR (geval_image_again <> '') ) LIMIT 1  
[2018-03-09 09:05:46] /shop/index.php?act=goods&op=index&goods_id=102077 ( act=goods&op=index ) 
ERR: Db Error: Unknown column 'geval_image_again' in 'where clause'
SELECT COUNT(*) AS nc_count FROM `zmkj_evaluate_goods` WHERE ( geval_goodsid = '102077' ) AND ( (geval_image <> '') OR (geval_image_again <> '') ) LIMIT 1  
[2018-03-09 09:10:41] /shop/index.php?act=goods&op=index&goods_id=102078 ( act=goods&op=index ) 
ERR: Db Error: Unknown column 'geval_image_again' in 'where clause'
SELECT COUNT(*) AS nc_count FROM `zmkj_evaluate_goods` WHERE ( geval_goodsid = '102078' ) AND ( (geval_image <> '') OR (geval_image_again <> '') ) LIMIT 1  
[2018-03-09 09:11:41] /shop/index.php?act=goods&op=index&goods_id=102078 ( act=goods&op=index ) 
ERR: Db Error: Unknown column 'geval_image_again' in 'where clause'
SELECT COUNT(*) AS nc_count FROM `zmkj_evaluate_goods` WHERE ( geval_goodsid = '102078' ) AND ( (geval_image <> '') OR (geval_image_again <> '') ) LIMIT 1  
[2018-03-09 09:12:21] /shop/index.php?act=goods&op=index&goods_id=102079 ( act=goods&op=index ) 
ERR: Db Error: Unknown column 'geval_image_again' in 'where clause'
SELECT COUNT(*) AS nc_count FROM `zmkj_evaluate_goods` WHERE ( geval_goodsid = '102079' ) AND ( (geval_image <> '') OR (geval_image_again <> '') ) LIMIT 1  
[2018-03-09 09:18:42] /shop/index.php?act=goods&op=index&goods_id=102080 ( act=goods&op=index ) 
ERR: Db Error: Unknown column 'geval_image_again' in 'where clause'
SELECT COUNT(*) AS nc_count FROM `zmkj_evaluate_goods` WHERE ( geval_goodsid = '102080' ) AND ( (geval_image <> '') OR (geval_image_again <> '') ) LIMIT 1  
[2018-03-09 09:24:09] /shop/index.php?act=goods&op=index&goods_id=102081 ( act=goods&op=index ) 
ERR: Db Error: Unknown column 'geval_image_again' in 'where clause'
SELECT COUNT(*) AS nc_count FROM `zmkj_evaluate_goods` WHERE ( geval_goodsid = '102081' ) AND ( (geval_image <> '') OR (geval_image_again <> '') ) LIMIT 1  
[2018-03-09 09:24:20] /shop/index.php?act=goods&op=index&goods_id=102082 ( act=goods&op=index ) 
ERR: Db Error: Unknown column 'geval_image_again' in 'where clause'
SELECT COUNT(*) AS nc_count FROM `zmkj_evaluate_goods` WHERE ( geval_goodsid = '102082' ) AND ( (geval_image <> '') OR (geval_image_again <> '') ) LIMIT 1  
[2018-03-09 09:27:48] /shop/index.php?act=goods&op=index&goods_id=102083 ( act=goods&op=index ) 
ERR: Db Error: Unknown column 'geval_image_again' in 'where clause'
SELECT COUNT(*) AS nc_count FROM `zmkj_evaluate_goods` WHERE ( geval_goodsid = '102083' ) AND ( (geval_image <> '') OR (geval_image_again <> '') ) LIMIT 1  
[2018-03-09 09:35:30] /shop/index.php?act=goods&op=index&goods_id=102084 ( act=goods&op=index ) 
ERR: Db Error: Unknown column 'geval_image_again' in 'where clause'
SELECT COUNT(*) AS nc_count FROM `zmkj_evaluate_goods` WHERE ( geval_goodsid = '102084' ) AND ( (geval_image <> '') OR (geval_image_again <> '') ) LIMIT 1  
[2018-03-09 09:37:27] /shop/index.php?act=goods&op=index&goods_id=102085 ( act=goods&op=index ) 
ERR: Db Error: Unknown column 'geval_image_again' in 'where clause'
SELECT COUNT(*) AS nc_count FROM `zmkj_evaluate_goods` WHERE ( geval_goodsid = '102085' ) AND ( (geval_image <> '') OR (geval_image_again <> '') ) LIMIT 1  
[2018-03-09 09:38:37] /shop/index.php?act=goods&op=index&goods_id=102088 ( act=goods&op=index ) 
ERR: Db Error: Unknown column 'geval_image_again' in 'where clause'
SELECT COUNT(*) AS nc_count FROM `zmkj_evaluate_goods` WHERE ( geval_goodsid = '102088' ) AND ( (geval_image <> '') OR (geval_image_again <> '') ) LIMIT 1  
[2018-03-09 09:41:51] /shop/index.php?act=goods&op=index&goods_id=102084 ( act=goods&op=index ) 
ERR: Db Error: Unknown column 'geval_image_again' in 'where clause'
SELECT COUNT(*) AS nc_count FROM `zmkj_evaluate_goods` WHERE ( geval_goodsid = '102084' ) AND ( (geval_image <> '') OR (geval_image_again <> '') ) LIMIT 1  
[2018-03-09 09:45:51] /shop/index.php?act=goods&op=index&goods_id=102089 ( act=goods&op=index ) 
ERR: Db Error: Unknown column 'geval_image_again' in 'where clause'
SELECT COUNT(*) AS nc_count FROM `zmkj_evaluate_goods` WHERE ( geval_goodsid = '102089' ) AND ( (geval_image <> '') OR (geval_image_again <> '') ) LIMIT 1  
[2018-03-09 09:47:18] /shop/index.php?act=goods&op=index&goods_id=102084 ( act=goods&op=index ) 
ERR: Db Error: Unknown column 'geval_image_again' in 'where clause'
SELECT COUNT(*) AS nc_count FROM `zmkj_evaluate_goods` WHERE ( geval_goodsid = '102084' ) AND ( (geval_image <> '') OR (geval_image_again <> '') ) LIMIT 1  
[2018-03-09 10:13:24] /shop/index.php?act=goods&op=index&goods_id=102090 ( act=goods&op=index ) 
ERR: Db Error: Unknown column 'geval_image_again' in 'where clause'
SELECT COUNT(*) AS nc_count FROM `zmkj_evaluate_goods` WHERE ( geval_goodsid = '102090' ) AND ( (geval_image <> '') OR (geval_image_again <> '') ) LIMIT 1  
[2018-03-09 10:25:25] /shop/index.php?act=goods&op=index&goods_id=102092 ( act=goods&op=index ) 
ERR: Db Error: Unknown column 'geval_image_again' in 'where clause'
SELECT COUNT(*) AS nc_count FROM `zmkj_evaluate_goods` WHERE ( geval_goodsid = '102092' ) AND ( (geval_image <> '') OR (geval_image_again <> '') ) LIMIT 1  
[2018-03-09 10:34:10] /shop/index.php?act=goods&op=index&goods_id=102094 ( act=goods&op=index ) 
ERR: Db Error: Unknown column 'geval_image_again' in 'where clause'
SELECT COUNT(*) AS nc_count FROM `zmkj_evaluate_goods` WHERE ( geval_goodsid = '102094' ) AND ( (geval_image <> '') OR (geval_image_again <> '') ) LIMIT 1  
[2018-03-09 10:37:54] /shop/index.php?act=goods&op=index&goods_id=101327 ( act=goods&op=index ) 
ERR: Db Error: Unknown column 'geval_image_again' in 'where clause'
SELECT COUNT(*) AS nc_count FROM `zmkj_evaluate_goods` WHERE ( geval_goodsid = '101327' ) AND ( (geval_image <> '') OR (geval_image_again <> '') ) LIMIT 1  
[2018-03-09 10:38:29] /shop/index.php?act=goods&op=index&goods_id=102095 ( act=goods&op=index ) 
ERR: Db Error: Unknown column 'geval_image_again' in 'where clause'
SELECT COUNT(*) AS nc_count FROM `zmkj_evaluate_goods` WHERE ( geval_goodsid = '102095' ) AND ( (geval_image <> '') OR (geval_image_again <> '') ) LIMIT 1  
[2018-03-09 10:39:41] /shop/index.php?act=goods&op=index&goods_id=102094 ( act=goods&op=index ) 
ERR: Db Error: Unknown column 'geval_image_again' in 'where clause'
SELECT COUNT(*) AS nc_count FROM `zmkj_evaluate_goods` WHERE ( geval_goodsid = '102094' ) AND ( (geval_image <> '') OR (geval_image_again <> '') ) LIMIT 1  
[2018-03-09 10:39:51] /shop/index.php?act=goods&op=index&goods_id=102094 ( act=goods&op=index ) 
ERR: Db Error: Unknown column 'geval_image_again' in 'where clause'
SELECT COUNT(*) AS nc_count FROM `zmkj_evaluate_goods` WHERE ( geval_goodsid = '102094' ) AND ( (geval_image <> '') OR (geval_image_again <> '') ) LIMIT 1  
[2018-03-09 10:40:25] /shop/index.php?act=goods&op=index&goods_id=100563 ( act=goods&op=index ) 
ERR: Db Error: Unknown column 'geval_image_again' in 'where clause'
SELECT COUNT(*) AS nc_count FROM `zmkj_evaluate_goods` WHERE ( geval_goodsid = '100563' ) AND ( (geval_image <> '') OR (geval_image_again <> '') ) LIMIT 1  
[2018-03-09 10:45:21] /shop/index.php?act=goods&op=index&goods_id=102097 ( act=goods&op=index ) 
ERR: Db Error: Unknown column 'geval_image_again' in 'where clause'
SELECT COUNT(*) AS nc_count FROM `zmkj_evaluate_goods` WHERE ( geval_goodsid = '102097' ) AND ( (geval_image <> '') OR (geval_image_again <> '') ) LIMIT 1  
[2018-03-09 10:48:52] /shop/index.php?act=goods&op=index&goods_id=102098 ( act=goods&op=index ) 
ERR: Db Error: Unknown column 'geval_image_again' in 'where clause'
SELECT COUNT(*) AS nc_count FROM `zmkj_evaluate_goods` WHERE ( geval_goodsid = '102098' ) AND ( (geval_image <> '') OR (geval_image_again <> '') ) LIMIT 1  
[2018-03-09 10:52:24] /shop/index.php?act=goods&op=index&goods_id=101327 ( act=goods&op=index ) 
ERR: Db Error: Unknown column 'geval_image_again' in 'where clause'
SELECT COUNT(*) AS nc_count FROM `zmkj_evaluate_goods` WHERE ( geval_goodsid = '101327' ) AND ( (geval_image <> '') OR (geval_image_again <> '') ) LIMIT 1  
[2018-03-09 10:53:21] /shop/index.php?act=goods&op=index&goods_id=101327 ( act=goods&op=index ) 
ERR: Db Error: Unknown column 'geval_image_again' in 'where clause'
SELECT COUNT(*) AS nc_count FROM `zmkj_evaluate_goods` WHERE ( geval_goodsid = '101327' ) AND ( (geval_image <> '') OR (geval_image_again <> '') ) LIMIT 1  
[2018-03-09 10:53:44] /shop/index.php?act=goods&op=index&goods_id=101327 ( act=goods&op=index ) 
ERR: Db Error: Unknown column 'geval_image_again' in 'where clause'
SELECT COUNT(*) AS nc_count FROM `zmkj_evaluate_goods` WHERE ( geval_goodsid = '101327' ) AND ( (geval_image <> '') OR (geval_image_again <> '') ) LIMIT 1  
[2018-03-09 10:53:50] /shop/index.php?act=goods&op=index&goods_id=101327 ( act=goods&op=index ) 
ERR: Db Error: Unknown column 'geval_image_again' in 'where clause'
SELECT COUNT(*) AS nc_count FROM `zmkj_evaluate_goods` WHERE ( geval_goodsid = '101327' ) AND ( (geval_image <> '') OR (geval_image_again <> '') ) LIMIT 1  
[2018-03-09 10:54:04] /shop/index.php?act=goods&op=index&goods_id=102100 ( act=goods&op=index ) 
ERR: Db Error: Unknown column 'geval_image_again' in 'where clause'
SELECT COUNT(*) AS nc_count FROM `zmkj_evaluate_goods` WHERE ( geval_goodsid = '102100' ) AND ( (geval_image <> '') OR (geval_image_again <> '') ) LIMIT 1  
[2018-03-09 10:54:28] /shop/index.php?act=goods&op=index&goods_id=101327 ( act=goods&op=index ) 
ERR: Db Error: Unknown column 'geval_image_again' in 'where clause'
SELECT COUNT(*) AS nc_count FROM `zmkj_evaluate_goods` WHERE ( geval_goodsid = '101327' ) AND ( (geval_image <> '') OR (geval_image_again <> '') ) LIMIT 1  
[2018-03-09 10:56:17] /shop/index.php?act=goods&op=index&goods_id=102100 ( act=goods&op=index ) 
ERR: Db Error: Unknown column 'geval_image_again' in 'where clause'
SELECT COUNT(*) AS nc_count FROM `zmkj_evaluate_goods` WHERE ( geval_goodsid = '102100' ) AND ( (geval_image <> '') OR (geval_image_again <> '') ) LIMIT 1  
[2018-03-09 11:03:34] /shop/index.php?act=goods&op=index&goods_id=102102 ( act=goods&op=index ) 
ERR: Db Error: Unknown column 'geval_image_again' in 'where clause'
SELECT COUNT(*) AS nc_count FROM `zmkj_evaluate_goods` WHERE ( geval_goodsid = '102102' ) AND ( (geval_image <> '') OR (geval_image_again <> '') ) LIMIT 1  
[2018-03-09 11:11:51] /shop/index.php?act=goods&op=index&goods_id=102105 ( act=goods&op=index ) 
ERR: Db Error: Unknown column 'geval_image_again' in 'where clause'
SELECT COUNT(*) AS nc_count FROM `zmkj_evaluate_goods` WHERE ( geval_goodsid = '102105' ) AND ( (geval_image <> '') OR (geval_image_again <> '') ) LIMIT 1  
[2018-03-09 11:12:47] /shop/index.php?act=goods&op=index&goods_id=102106 ( act=goods&op=index ) 
ERR: Db Error: Unknown column 'geval_image_again' in 'where clause'
SELECT COUNT(*) AS nc_count FROM `zmkj_evaluate_goods` WHERE ( geval_goodsid = '102106' ) AND ( (geval_image <> '') OR (geval_image_again <> '') ) LIMIT 1  
[2018-03-09 11:13:52] /shop/index.php?act=goods&op=index&goods_id=102106 ( act=goods&op=index ) 
ERR: Db Error: Unknown column 'geval_image_again' in 'where clause'
SELECT COUNT(*) AS nc_count FROM `zmkj_evaluate_goods` WHERE ( geval_goodsid = '102106' ) AND ( (geval_image <> '') OR (geval_image_again <> '') ) LIMIT 1  
[2018-03-09 11:17:15] /shop/index.php?act=goods&op=index&goods_id=102106 ( act=goods&op=index ) 
ERR: Db Error: Unknown column 'geval_image_again' in 'where clause'
SELECT COUNT(*) AS nc_count FROM `zmkj_evaluate_goods` WHERE ( geval_goodsid = '102106' ) AND ( (geval_image <> '') OR (geval_image_again <> '') ) LIMIT 1  
[2018-03-09 11:18:55] /shop/index.php?act=goods&op=index&goods_id=102106 ( act=goods&op=index ) 
ERR: Db Error: Unknown column 'geval_image_again' in 'where clause'
SELECT COUNT(*) AS nc_count FROM `zmkj_evaluate_goods` WHERE ( geval_goodsid = '102106' ) AND ( (geval_image <> '') OR (geval_image_again <> '') ) LIMIT 1  
[2018-03-09 11:25:37] /shop/index.php?act=goods&op=index&goods_id=102107 ( act=goods&op=index ) 
ERR: Db Error: Unknown column 'geval_image_again' in 'where clause'
SELECT COUNT(*) AS nc_count FROM `zmkj_evaluate_goods` WHERE ( geval_goodsid = '102107' ) AND ( (geval_image <> '') OR (geval_image_again <> '') ) LIMIT 1  
[2018-03-09 11:28:20] /shop/index.php?act=goods&op=index&goods_id=102108 ( act=goods&op=index ) 
ERR: Db Error: Unknown column 'geval_image_again' in 'where clause'
SELECT COUNT(*) AS nc_count FROM `zmkj_evaluate_goods` WHERE ( geval_goodsid = '102108' ) AND ( (geval_image <> '') OR (geval_image_again <> '') ) LIMIT 1  
[2018-03-09 11:30:13] /shop/index.php?act=goods&op=index&goods_id=102109 ( act=goods&op=index ) 
ERR: Db Error: Unknown column 'geval_image_again' in 'where clause'
SELECT COUNT(*) AS nc_count FROM `zmkj_evaluate_goods` WHERE ( geval_goodsid = '102109' ) AND ( (geval_image <> '') OR (geval_image_again <> '') ) LIMIT 1  
[2018-03-09 11:30:19] /shop/index.php?act=goods&op=index&goods_id=102108 ( act=goods&op=index ) 
ERR: Db Error: Unknown column 'geval_image_again' in 'where clause'
SELECT COUNT(*) AS nc_count FROM `zmkj_evaluate_goods` WHERE ( geval_goodsid = '102108' ) AND ( (geval_image <> '') OR (geval_image_again <> '') ) LIMIT 1  
[2018-03-09 11:30:42] /shop/index.php?act=goods&op=index&goods_id=102109 ( act=goods&op=index ) 
ERR: Db Error: Unknown column 'geval_image_again' in 'where clause'
SELECT COUNT(*) AS nc_count FROM `zmkj_evaluate_goods` WHERE ( geval_goodsid = '102109' ) AND ( (geval_image <> '') OR (geval_image_again <> '') ) LIMIT 1  
[2018-03-09 11:31:07] /shop/index.php?act=goods&op=index&goods_id=102109 ( act=goods&op=index ) 
ERR: Db Error: Unknown column 'geval_image_again' in 'where clause'
SELECT COUNT(*) AS nc_count FROM `zmkj_evaluate_goods` WHERE ( geval_goodsid = '102109' ) AND ( (geval_image <> '') OR (geval_image_again <> '') ) LIMIT 1  
[2018-03-09 11:38:59] /shop/index.php?act=goods&op=index&goods_id=102111 ( act=goods&op=index ) 
ERR: Db Error: Unknown column 'geval_image_again' in 'where clause'
SELECT COUNT(*) AS nc_count FROM `zmkj_evaluate_goods` WHERE ( geval_goodsid = '102111' ) AND ( (geval_image <> '') OR (geval_image_again <> '') ) LIMIT 1  
[2018-03-09 11:39:28] /shop/index.php?act=goods&op=index&goods_id=102111 ( act=goods&op=index ) 
ERR: Db Error: Unknown column 'geval_image_again' in 'where clause'
SELECT COUNT(*) AS nc_count FROM `zmkj_evaluate_goods` WHERE ( geval_goodsid = '102111' ) AND ( (geval_image <> '') OR (geval_image_again <> '') ) LIMIT 1  
[2018-03-09 11:46:11] /shop/index.php?act=goods&op=index&goods_id=102089 ( act=goods&op=index ) 
ERR: Db Error: Unknown column 'geval_image_again' in 'where clause'
SELECT COUNT(*) AS nc_count FROM `zmkj_evaluate_goods` WHERE ( geval_goodsid = '102089' ) AND ( (geval_image <> '') OR (geval_image_again <> '') ) LIMIT 1  
[2018-03-09 11:47:07] /shop/index.php?act=goods&op=index&goods_id=102113 ( act=goods&op=index ) 
ERR: Db Error: Unknown column 'geval_image_again' in 'where clause'
SELECT COUNT(*) AS nc_count FROM `zmkj_evaluate_goods` WHERE ( geval_goodsid = '102113' ) AND ( (geval_image <> '') OR (geval_image_again <> '') ) LIMIT 1  
[2018-03-09 11:53:25] /shop/index.php?act=goods&op=index&goods_id=102138 ( act=goods&op=index ) 
ERR: Db Error: Unknown column 'geval_image_again' in 'where clause'
SELECT COUNT(*) AS nc_count FROM `zmkj_evaluate_goods` WHERE ( geval_goodsid = '102138' ) AND ( (geval_image <> '') OR (geval_image_again <> '') ) LIMIT 1  
[2018-03-09 12:01:49] /shop/index.php?act=goods&op=index&goods_id=102139 ( act=goods&op=index ) 
ERR: Db Error: Unknown column 'geval_image_again' in 'where clause'
SELECT COUNT(*) AS nc_count FROM `zmkj_evaluate_goods` WHERE ( geval_goodsid = '102139' ) AND ( (geval_image <> '') OR (geval_image_again <> '') ) LIMIT 1  
[2018-03-09 13:34:53] /shop/index.php?act=goods&op=index&goods_id=101619 ( act=goods&op=index ) 
ERR: Db Error: Unknown column 'geval_image_again' in 'where clause'
SELECT COUNT(*) AS nc_count FROM `zmkj_evaluate_goods` WHERE ( geval_goodsid = '101619' ) AND ( (geval_image <> '') OR (geval_image_again <> '') ) LIMIT 1  
[2018-03-09 13:36:24] /shop/index.php?act=goods&op=index&goods_id=102140 ( act=goods&op=index ) 
ERR: Db Error: Unknown column 'geval_image_again' in 'where clause'
SELECT COUNT(*) AS nc_count FROM `zmkj_evaluate_goods` WHERE ( geval_goodsid = '102140' ) AND ( (geval_image <> '') OR (geval_image_again <> '') ) LIMIT 1  
[2018-03-09 13:38:41] /shop/index.php?act=goods&op=index&goods_id=101619 ( act=goods&op=index ) 
ERR: Db Error: Unknown column 'geval_image_again' in 'where clause'
SELECT COUNT(*) AS nc_count FROM `zmkj_evaluate_goods` WHERE ( geval_goodsid = '101619' ) AND ( (geval_image <> '') OR (geval_image_again <> '') ) LIMIT 1  
[2018-03-09 13:39:39] /shop/index.php?act=goods&op=index&goods_id=101619 ( act=goods&op=index ) 
ERR: Db Error: Unknown column 'geval_image_again' in 'where clause'
SELECT COUNT(*) AS nc_count FROM `zmkj_evaluate_goods` WHERE ( geval_goodsid = '101619' ) AND ( (geval_image <> '') OR (geval_image_again <> '') ) LIMIT 1  
[2018-03-09 13:44:48] /shop/index.php?act=goods&op=index&goods_id=102114 ( act=goods&op=index ) 
ERR: Db Error: Unknown column 'geval_image_again' in 'where clause'
SELECT COUNT(*) AS nc_count FROM `zmkj_evaluate_goods` WHERE ( geval_goodsid = '102114' ) AND ( (geval_image <> '') OR (geval_image_again <> '') ) LIMIT 1  
[2018-03-09 13:45:46] /shop/index.php?act=goods&op=index&goods_id=102114 ( act=goods&op=index ) 
ERR: Db Error: Unknown column 'geval_image_again' in 'where clause'
SELECT COUNT(*) AS nc_count FROM `zmkj_evaluate_goods` WHERE ( geval_goodsid = '102114' ) AND ( (geval_image <> '') OR (geval_image_again <> '') ) LIMIT 1  
[2018-03-09 13:46:00] /shop/index.php?act=goods&op=index&goods_id=102140 ( act=goods&op=index ) 
ERR: Db Error: Unknown column 'geval_image_again' in 'where clause'
SELECT COUNT(*) AS nc_count FROM `zmkj_evaluate_goods` WHERE ( geval_goodsid = '102140' ) AND ( (geval_image <> '') OR (geval_image_again <> '') ) LIMIT 1  
[2018-03-09 13:53:44] /shop/index.php?act=goods&op=index&goods_id=102144 ( act=goods&op=index ) 
ERR: Db Error: Unknown column 'geval_image_again' in 'where clause'
SELECT COUNT(*) AS nc_count FROM `zmkj_evaluate_goods` WHERE ( geval_goodsid = '102144' ) AND ( (geval_image <> '') OR (geval_image_again <> '') ) LIMIT 1  
[2018-03-09 13:53:57] /shop/index.php?act=goods&op=index&goods_id=101661 ( act=goods&op=index ) 
ERR: Db Error: Unknown column 'geval_image_again' in 'where clause'
SELECT COUNT(*) AS nc_count FROM `zmkj_evaluate_goods` WHERE ( geval_goodsid = '101661' ) AND ( (geval_image <> '') OR (geval_image_again <> '') ) LIMIT 1  
[2018-03-09 13:54:16] /shop/index.php?act=goods&goods_id=101619 ( act=goods&op=index ) 
ERR: Db Error: Unknown column 'geval_image_again' in 'where clause'
SELECT COUNT(*) AS nc_count FROM `zmkj_evaluate_goods` WHERE ( geval_goodsid = '101619' ) AND ( (geval_image <> '') OR (geval_image_again <> '') ) LIMIT 1  
[2018-03-09 13:55:14] /shop/index.php?act=goods&goods_id=101619 ( act=goods&op=index ) 
ERR: Db Error: Unknown column 'geval_image_again' in 'where clause'
SELECT COUNT(*) AS nc_count FROM `zmkj_evaluate_goods` WHERE ( geval_goodsid = '101619' ) AND ( (geval_image <> '') OR (geval_image_again <> '') ) LIMIT 1  
[2018-03-09 13:56:00] /shop/index.php?act=goods&op=index&goods_id=102144 ( act=goods&op=index ) 
ERR: Db Error: Unknown column 'geval_image_again' in 'where clause'
SELECT COUNT(*) AS nc_count FROM `zmkj_evaluate_goods` WHERE ( geval_goodsid = '102144' ) AND ( (geval_image <> '') OR (geval_image_again <> '') ) LIMIT 1  
[2018-03-09 13:57:49] /shop/index.php?act=goods&op=index&goods_id=102145 ( act=goods&op=index ) 
ERR: Db Error: Unknown column 'geval_image_again' in 'where clause'
SELECT COUNT(*) AS nc_count FROM `zmkj_evaluate_goods` WHERE ( geval_goodsid = '102145' ) AND ( (geval_image <> '') OR (geval_image_again <> '') ) LIMIT 1  
[2018-03-09 14:07:20] /shop/index.php?act=goods&op=index&goods_id=102146 ( act=goods&op=index ) 
ERR: Db Error: Unknown column 'geval_image_again' in 'where clause'
SELECT COUNT(*) AS nc_count FROM `zmkj_evaluate_goods` WHERE ( geval_goodsid = '102146' ) AND ( (geval_image <> '') OR (geval_image_again <> '') ) LIMIT 1  
[2018-03-09 14:11:48] /shop/index.php?act=goods&op=index&goods_id=102171 ( act=goods&op=index ) 
ERR: Db Error: Unknown column 'geval_image_again' in 'where clause'
SELECT COUNT(*) AS nc_count FROM `zmkj_evaluate_goods` WHERE ( geval_goodsid = '102171' ) AND ( (geval_image <> '') OR (geval_image_again <> '') ) LIMIT 1  
[2018-03-09 14:21:21] /shop/index.php?act=goods&op=index&goods_id=102172 ( act=goods&op=index ) 
ERR: Db Error: Unknown column 'geval_image_again' in 'where clause'
SELECT COUNT(*) AS nc_count FROM `zmkj_evaluate_goods` WHERE ( geval_goodsid = '102172' ) AND ( (geval_image <> '') OR (geval_image_again <> '') ) LIMIT 1  
[2018-03-09 14:27:46] /shop/index.php?act=goods&op=index&goods_id=100591 ( act=goods&op=index ) 
ERR: Db Error: Unknown column 'geval_image_again' in 'where clause'
SELECT COUNT(*) AS nc_count FROM `zmkj_evaluate_goods` WHERE ( geval_goodsid = '100591' ) AND ( (geval_image <> '') OR (geval_image_again <> '') ) LIMIT 1  
[2018-03-09 14:29:39] /shop/index.php?act=goods&op=index&goods_id=100590 ( act=goods&op=index ) 
ERR: Db Error: Unknown column 'geval_image_again' in 'where clause'
SELECT COUNT(*) AS nc_count FROM `zmkj_evaluate_goods` WHERE ( geval_goodsid = '100590' ) AND ( (geval_image <> '') OR (geval_image_again <> '') ) LIMIT 1  
[2018-03-09 14:34:30] /shop/index.php?act=goods&op=index&goods_id=100604 ( act=goods&op=index ) 
ERR: Db Error: Unknown column 'geval_image_again' in 'where clause'
SELECT COUNT(*) AS nc_count FROM `zmkj_evaluate_goods` WHERE ( geval_goodsid = '100604' ) AND ( (geval_image <> '') OR (geval_image_again <> '') ) LIMIT 1  
[2018-03-09 14:34:39] /shop/index.php?act=goods&op=index&goods_id=100607 ( act=goods&op=index ) 
ERR: Db Error: Unknown column 'geval_image_again' in 'where clause'
SELECT COUNT(*) AS nc_count FROM `zmkj_evaluate_goods` WHERE ( geval_goodsid = '100607' ) AND ( (geval_image <> '') OR (geval_image_again <> '') ) LIMIT 1  
[2018-03-09 14:35:13] /shop/index.php?act=goods&op=index&goods_id=102173 ( act=goods&op=index ) 
ERR: Db Error: Unknown column 'geval_image_again' in 'where clause'
SELECT COUNT(*) AS nc_count FROM `zmkj_evaluate_goods` WHERE ( geval_goodsid = '102173' ) AND ( (geval_image <> '') OR (geval_image_again <> '') ) LIMIT 1  
[2018-03-09 14:43:42] /shop/index.php?act=goods&op=index&goods_id=101884 ( act=goods&op=index ) 
ERR: Db Error: Unknown column 'geval_image_again' in 'where clause'
SELECT COUNT(*) AS nc_count FROM `zmkj_evaluate_goods` WHERE ( geval_goodsid = '101884' ) AND ( (geval_image <> '') OR (geval_image_again <> '') ) LIMIT 1  
[2018-03-09 14:45:50] /shop/index.php?act=goods&op=index&goods_id=102174 ( act=goods&op=index ) 
ERR: Db Error: Unknown column 'geval_image_again' in 'where clause'
SELECT COUNT(*) AS nc_count FROM `zmkj_evaluate_goods` WHERE ( geval_goodsid = '102174' ) AND ( (geval_image <> '') OR (geval_image_again <> '') ) LIMIT 1  
[2018-03-09 14:46:05] /shop/index.php?act=goods&op=index&goods_id=102174 ( act=goods&op=index ) 
ERR: Db Error: Unknown column 'geval_image_again' in 'where clause'
SELECT COUNT(*) AS nc_count FROM `zmkj_evaluate_goods` WHERE ( geval_goodsid = '102174' ) AND ( (geval_image <> '') OR (geval_image_again <> '') ) LIMIT 1  
[2018-03-09 14:49:41] /shop/index.php?act=goods&op=index&goods_id=102175 ( act=goods&op=index ) 
ERR: Db Error: Unknown column 'geval_image_again' in 'where clause'
SELECT COUNT(*) AS nc_count FROM `zmkj_evaluate_goods` WHERE ( geval_goodsid = '102175' ) AND ( (geval_image <> '') OR (geval_image_again <> '') ) LIMIT 1  
[2018-03-09 14:58:56] /shop/index.php?act=goods&op=index&goods_id=102176 ( act=goods&op=index ) 
ERR: Db Error: Unknown column 'geval_image_again' in 'where clause'
SELECT COUNT(*) AS nc_count FROM `zmkj_evaluate_goods` WHERE ( geval_goodsid = '102176' ) AND ( (geval_image <> '') OR (geval_image_again <> '') ) LIMIT 1  
[2018-03-09 14:59:28] /shop/index.php?act=goods&op=index&goods_id=102175 ( act=goods&op=index ) 
ERR: Db Error: Unknown column 'geval_image_again' in 'where clause'
SELECT COUNT(*) AS nc_count FROM `zmkj_evaluate_goods` WHERE ( geval_goodsid = '102175' ) AND ( (geval_image <> '') OR (geval_image_again <> '') ) LIMIT 1  
[2018-03-09 15:12:47] /shop/index.php?act=goods&op=index&goods_id=102178 ( act=goods&op=index ) 
ERR: Db Error: Unknown column 'geval_image_again' in 'where clause'
SELECT COUNT(*) AS nc_count FROM `zmkj_evaluate_goods` WHERE ( geval_goodsid = '102178' ) AND ( (geval_image <> '') OR (geval_image_again <> '') ) LIMIT 1  
[2018-03-09 15:13:25] /shop/index.php?act=goods&op=index&goods_id=102178 ( act=goods&op=index ) 
ERR: Db Error: Unknown column 'geval_image_again' in 'where clause'
SELECT COUNT(*) AS nc_count FROM `zmkj_evaluate_goods` WHERE ( geval_goodsid = '102178' ) AND ( (geval_image <> '') OR (geval_image_again <> '') ) LIMIT 1  
[2018-03-09 15:13:29] /shop/index.php?act=goods&op=index&goods_id=102177 ( act=goods&op=index ) 
ERR: Db Error: Unknown column 'geval_image_again' in 'where clause'
SELECT COUNT(*) AS nc_count FROM `zmkj_evaluate_goods` WHERE ( geval_goodsid = '102177' ) AND ( (geval_image <> '') OR (geval_image_again <> '') ) LIMIT 1  
[2018-03-09 15:15:46] /shop/index.php?act=goods&op=index&goods_id=101929 ( act=goods&op=index ) 
ERR: Db Error: Unknown column 'geval_image_again' in 'where clause'
SELECT COUNT(*) AS nc_count FROM `zmkj_evaluate_goods` WHERE ( geval_goodsid = '101929' ) AND ( (geval_image <> '') OR (geval_image_again <> '') ) LIMIT 1  
[2018-03-09 15:16:01] /shop/index.php?act=goods&op=index&goods_id=101931 ( act=goods&op=index ) 
ERR: Db Error: Unknown column 'geval_image_again' in 'where clause'
SELECT COUNT(*) AS nc_count FROM `zmkj_evaluate_goods` WHERE ( geval_goodsid = '101931' ) AND ( (geval_image <> '') OR (geval_image_again <> '') ) LIMIT 1  
[2018-03-09 15:16:31] /shop/index.php?act=goods&op=index&goods_id=101946 ( act=goods&op=index ) 
ERR: Db Error: Unknown column 'geval_image_again' in 'where clause'
SELECT COUNT(*) AS nc_count FROM `zmkj_evaluate_goods` WHERE ( geval_goodsid = '101946' ) AND ( (geval_image <> '') OR (geval_image_again <> '') ) LIMIT 1  
[2018-03-09 15:16:37] /shop/index.php?act=goods&op=index&goods_id=101947 ( act=goods&op=index ) 
ERR: Db Error: Unknown column 'geval_image_again' in 'where clause'
SELECT COUNT(*) AS nc_count FROM `zmkj_evaluate_goods` WHERE ( geval_goodsid = '101947' ) AND ( (geval_image <> '') OR (geval_image_again <> '') ) LIMIT 1  
[2018-03-09 15:17:05] /shop/index.php?act=goods&op=index&goods_id=101950 ( act=goods&op=index ) 
ERR: Db Error: Unknown column 'geval_image_again' in 'where clause'
SELECT COUNT(*) AS nc_count FROM `zmkj_evaluate_goods` WHERE ( geval_goodsid = '101950' ) AND ( (geval_image <> '') OR (geval_image_again <> '') ) LIMIT 1  
[2018-03-09 15:17:53] /shop/index.php?act=goods&op=index&goods_id=101956 ( act=goods&op=index ) 
ERR: Db Error: Unknown column 'geval_image_again' in 'where clause'
SELECT COUNT(*) AS nc_count FROM `zmkj_evaluate_goods` WHERE ( geval_goodsid = '101956' ) AND ( (geval_image <> '') OR (geval_image_again <> '') ) LIMIT 1  
[2018-03-09 15:17:58] /shop/index.php?act=goods&op=index&goods_id=101954 ( act=goods&op=index ) 
ERR: Db Error: Unknown column 'geval_image_again' in 'where clause'
SELECT COUNT(*) AS nc_count FROM `zmkj_evaluate_goods` WHERE ( geval_goodsid = '101954' ) AND ( (geval_image <> '') OR (geval_image_again <> '') ) LIMIT 1  
[2018-03-09 15:18:05] /shop/index.php?act=goods&op=index&goods_id=101955 ( act=goods&op=index ) 
ERR: Db Error: Unknown column 'geval_image_again' in 'where clause'
SELECT COUNT(*) AS nc_count FROM `zmkj_evaluate_goods` WHERE ( geval_goodsid = '101955' ) AND ( (geval_image <> '') OR (geval_image_again <> '') ) LIMIT 1  
[2018-03-09 15:18:09] /shop/index.php?act=goods&op=index&goods_id=101956 ( act=goods&op=index ) 
ERR: Db Error: Unknown column 'geval_image_again' in 'where clause'
SELECT COUNT(*) AS nc_count FROM `zmkj_evaluate_goods` WHERE ( geval_goodsid = '101956' ) AND ( (geval_image <> '') OR (geval_image_again <> '') ) LIMIT 1  
[2018-03-09 15:19:21] /shop/index.php?act=goods&op=index&goods_id=102179 ( act=goods&op=index ) 
ERR: Db Error: Unknown column 'geval_image_again' in 'where clause'
SELECT COUNT(*) AS nc_count FROM `zmkj_evaluate_goods` WHERE ( geval_goodsid = '102179' ) AND ( (geval_image <> '') OR (geval_image_again <> '') ) LIMIT 1  
[2018-03-09 15:23:30] /shop/index.php?act=goods&op=index&goods_id=102022 ( act=goods&op=index ) 
ERR: Db Error: Unknown column 'geval_image_again' in 'where clause'
SELECT COUNT(*) AS nc_count FROM `zmkj_evaluate_goods` WHERE ( geval_goodsid = '102022' ) AND ( (geval_image <> '') OR (geval_image_again <> '') ) LIMIT 1  
[2018-03-09 15:23:36] /shop/index.php?act=goods&op=index&goods_id=102021 ( act=goods&op=index ) 
ERR: Db Error: Unknown column 'geval_image_again' in 'where clause'
SELECT COUNT(*) AS nc_count FROM `zmkj_evaluate_goods` WHERE ( geval_goodsid = '102021' ) AND ( (geval_image <> '') OR (geval_image_again <> '') ) LIMIT 1  
[2018-03-09 15:24:54] /shop/index.php?act=goods&op=index&goods_id=102181 ( act=goods&op=index ) 
ERR: Db Error: Unknown column 'geval_image_again' in 'where clause'
SELECT COUNT(*) AS nc_count FROM `zmkj_evaluate_goods` WHERE ( geval_goodsid = '102181' ) AND ( (geval_image <> '') OR (geval_image_again <> '') ) LIMIT 1  
[2018-03-09 15:29:20] /shop/index.php?act=goods&op=index&goods_id=102182 ( act=goods&op=index ) 
ERR: Db Error: Unknown column 'geval_image_again' in 'where clause'
SELECT COUNT(*) AS nc_count FROM `zmkj_evaluate_goods` WHERE ( geval_goodsid = '102182' ) AND ( (geval_image <> '') OR (geval_image_again <> '') ) LIMIT 1  
[2018-03-09 15:38:59] /shop/index.php?act=goods&op=index&goods_id=102184 ( act=goods&op=index ) 
ERR: Db Error: Unknown column 'geval_image_again' in 'where clause'
SELECT COUNT(*) AS nc_count FROM `zmkj_evaluate_goods` WHERE ( geval_goodsid = '102184' ) AND ( (geval_image <> '') OR (geval_image_again <> '') ) LIMIT 1  
[2018-03-09 15:39:25] /shop/index.php?act=goods&op=index&goods_id=102184 ( act=goods&op=index ) 
ERR: Db Error: Unknown column 'geval_image_again' in 'where clause'
SELECT COUNT(*) AS nc_count FROM `zmkj_evaluate_goods` WHERE ( geval_goodsid = '102184' ) AND ( (geval_image <> '') OR (geval_image_again <> '') ) LIMIT 1  
[2018-03-09 15:41:34] /shop/index.php?act=goods&op=index&goods_id=102187 ( act=goods&op=index ) 
ERR: Db Error: Unknown column 'geval_image_again' in 'where clause'
SELECT COUNT(*) AS nc_count FROM `zmkj_evaluate_goods` WHERE ( geval_goodsid = '102187' ) AND ( (geval_image <> '') OR (geval_image_again <> '') ) LIMIT 1  
[2018-03-09 15:50:51] /shop/index.php?act=goods&op=index&goods_id=102188 ( act=goods&op=index ) 
ERR: Db Error: Unknown column 'geval_image_again' in 'where clause'
SELECT COUNT(*) AS nc_count FROM `zmkj_evaluate_goods` WHERE ( geval_goodsid = '102188' ) AND ( (geval_image <> '') OR (geval_image_again <> '') ) LIMIT 1  
[2018-03-09 16:00:32] /shop/index.php?act=goods&op=index&goods_id=102189 ( act=goods&op=index ) 
ERR: Db Error: Unknown column 'geval_image_again' in 'where clause'
SELECT COUNT(*) AS nc_count FROM `zmkj_evaluate_goods` WHERE ( geval_goodsid = '102189' ) AND ( (geval_image <> '') OR (geval_image_again <> '') ) LIMIT 1  
[2018-03-09 16:10:27] /shop/index.php?act=goods&op=index&goods_id=102191 ( act=goods&op=index ) 
ERR: Db Error: Unknown column 'geval_image_again' in 'where clause'
SELECT COUNT(*) AS nc_count FROM `zmkj_evaluate_goods` WHERE ( geval_goodsid = '102191' ) AND ( (geval_image <> '') OR (geval_image_again <> '') ) LIMIT 1  
[2018-03-09 16:15:12] /shop/index.php?act=goods&op=index&goods_id=102193 ( act=goods&op=index ) 
ERR: Db Error: Unknown column 'geval_image_again' in 'where clause'
SELECT COUNT(*) AS nc_count FROM `zmkj_evaluate_goods` WHERE ( geval_goodsid = '102193' ) AND ( (geval_image <> '') OR (geval_image_again <> '') ) LIMIT 1  
[2018-03-09 16:17:00] /shop/index.php?act=goods&op=index&goods_id=102193 ( act=goods&op=index ) 
ERR: Db Error: Unknown column 'geval_image_again' in 'where clause'
SELECT COUNT(*) AS nc_count FROM `zmkj_evaluate_goods` WHERE ( geval_goodsid = '102193' ) AND ( (geval_image <> '') OR (geval_image_again <> '') ) LIMIT 1  
[2018-03-09 16:18:24] /shop/index.php?act=goods&op=index&goods_id=102194 ( act=goods&op=index ) 
ERR: Db Error: Unknown column 'geval_image_again' in 'where clause'
SELECT COUNT(*) AS nc_count FROM `zmkj_evaluate_goods` WHERE ( geval_goodsid = '102194' ) AND ( (geval_image <> '') OR (geval_image_again <> '') ) LIMIT 1  
[2018-03-09 16:28:09] /shop/index.php?act=goods&op=index&goods_id=102196 ( act=goods&op=index ) 
ERR: Db Error: Unknown column 'geval_image_again' in 'where clause'
SELECT COUNT(*) AS nc_count FROM `zmkj_evaluate_goods` WHERE ( geval_goodsid = '102196' ) AND ( (geval_image <> '') OR (geval_image_again <> '') ) LIMIT 1  
[2018-03-09 16:28:24] /shop/index.php?act=goods&op=index&goods_id=102198 ( act=goods&op=index ) 
ERR: Db Error: Unknown column 'geval_image_again' in 'where clause'
SELECT COUNT(*) AS nc_count FROM `zmkj_evaluate_goods` WHERE ( geval_goodsid = '102198' ) AND ( (geval_image <> '') OR (geval_image_again <> '') ) LIMIT 1  
[2018-03-09 16:34:19] /shop/index.php?act=goods&op=index&goods_id=102193 ( act=goods&op=index ) 
ERR: Db Error: Unknown column 'geval_image_again' in 'where clause'
SELECT COUNT(*) AS nc_count FROM `zmkj_evaluate_goods` WHERE ( geval_goodsid = '102193' ) AND ( (geval_image <> '') OR (geval_image_again <> '') ) LIMIT 1  
[2018-03-09 16:34:28] /shop/index.php?act=goods&op=index&goods_id=102193 ( act=goods&op=index ) 
ERR: Db Error: Unknown column 'geval_image_again' in 'where clause'
SELECT COUNT(*) AS nc_count FROM `zmkj_evaluate_goods` WHERE ( geval_goodsid = '102193' ) AND ( (geval_image <> '') OR (geval_image_again <> '') ) LIMIT 1  
[2018-03-09 16:34:54] /shop/index.php?act=goods&op=index&goods_id=100520 ( act=goods&op=index ) 
ERR: Db Error: Unknown column 'geval_image_again' in 'where clause'
SELECT COUNT(*) AS nc_count FROM `zmkj_evaluate_goods` WHERE ( geval_goodsid = '100520' ) AND ( (geval_image <> '') OR (geval_image_again <> '') ) LIMIT 1  
[2018-03-09 16:36:30] /shop/index.php?act=goods&op=index&goods_id=101818 ( act=goods&op=index ) 
ERR: Db Error: Unknown column 'geval_image_again' in 'where clause'
SELECT COUNT(*) AS nc_count FROM `zmkj_evaluate_goods` WHERE ( geval_goodsid = '101818' ) AND ( (geval_image <> '') OR (geval_image_again <> '') ) LIMIT 1  
[2018-03-09 16:38:00] /shop/index.php?act=goods&op=index&goods_id=102193 ( act=goods&op=index ) 
ERR: Db Error: Unknown column 'geval_image_again' in 'where clause'
SELECT COUNT(*) AS nc_count FROM `zmkj_evaluate_goods` WHERE ( geval_goodsid = '102193' ) AND ( (geval_image <> '') OR (geval_image_again <> '') ) LIMIT 1  
[2018-03-09 16:38:00] /shop/index.php?act=goods&op=index&goods_id=102193 ( act=goods&op=index ) 
ERR: Db Error: Unknown column 'geval_image_again' in 'where clause'
SELECT COUNT(*) AS nc_count FROM `zmkj_evaluate_goods` WHERE ( geval_goodsid = '102193' ) AND ( (geval_image <> '') OR (geval_image_again <> '') ) LIMIT 1  
[2018-03-09 16:38:01] /shop/index.php?act=goods&op=index&goods_id=102193 ( act=goods&op=index ) 
ERR: Db Error: Unknown column 'geval_image_again' in 'where clause'
SELECT COUNT(*) AS nc_count FROM `zmkj_evaluate_goods` WHERE ( geval_goodsid = '102193' ) AND ( (geval_image <> '') OR (geval_image_again <> '') ) LIMIT 1  
[2018-03-09 16:38:42] /shop/index.php?act=goods&op=index&goods_id=102193 ( act=goods&op=index ) 
ERR: Db Error: Unknown column 'geval_image_again' in 'where clause'
SELECT COUNT(*) AS nc_count FROM `zmkj_evaluate_goods` WHERE ( geval_goodsid = '102193' ) AND ( (geval_image <> '') OR (geval_image_again <> '') ) LIMIT 1  
[2018-03-09 16:38:46] /shop/index.php?act=goods&op=index&goods_id=102202 ( act=goods&op=index ) 
ERR: Db Error: Unknown column 'geval_image_again' in 'where clause'
SELECT COUNT(*) AS nc_count FROM `zmkj_evaluate_goods` WHERE ( geval_goodsid = '102202' ) AND ( (geval_image <> '') OR (geval_image_again <> '') ) LIMIT 1  
[2018-03-09 16:39:26] /shop/index.php?act=goods&op=index&goods_id=102021 ( act=goods&op=index ) 
ERR: Db Error: Unknown column 'geval_image_again' in 'where clause'
SELECT COUNT(*) AS nc_count FROM `zmkj_evaluate_goods` WHERE ( geval_goodsid = '102021' ) AND ( (geval_image <> '') OR (geval_image_again <> '') ) LIMIT 1  
[2018-03-09 16:39:49] /shop/index.php?act=goods&op=index&goods_id=101665 ( act=goods&op=index ) 
ERR: Db Error: Unknown column 'geval_image_again' in 'where clause'
SELECT COUNT(*) AS nc_count FROM `zmkj_evaluate_goods` WHERE ( geval_goodsid = '101665' ) AND ( (geval_image <> '') OR (geval_image_again <> '') ) LIMIT 1  
[2018-03-09 16:40:49] /shop/index.php?act=goods&op=index&goods_id=101665 ( act=goods&op=index ) 
ERR: Db Error: Unknown column 'geval_image_again' in 'where clause'
SELECT COUNT(*) AS nc_count FROM `zmkj_evaluate_goods` WHERE ( geval_goodsid = '101665' ) AND ( (geval_image <> '') OR (geval_image_again <> '') ) LIMIT 1  
[2018-03-09 16:42:55] /shop/index.php?act=goods&op=index&goods_id=102021 ( act=goods&op=index ) 
ERR: Db Error: Unknown column 'geval_image_again' in 'where clause'
SELECT COUNT(*) AS nc_count FROM `zmkj_evaluate_goods` WHERE ( geval_goodsid = '102021' ) AND ( (geval_image <> '') OR (geval_image_again <> '') ) LIMIT 1  
[2018-03-09 16:43:07] /shop/index.php?act=goods&op=index&goods_id=102021 ( act=goods&op=index ) 
ERR: Db Error: Unknown column 'geval_image_again' in 'where clause'
SELECT COUNT(*) AS nc_count FROM `zmkj_evaluate_goods` WHERE ( geval_goodsid = '102021' ) AND ( (geval_image <> '') OR (geval_image_again <> '') ) LIMIT 1  
[2018-03-09 16:48:22] /shop/index.php?act=goods&op=index&goods_id=102203 ( act=goods&op=index ) 
ERR: Db Error: Unknown column 'geval_image_again' in 'where clause'
SELECT COUNT(*) AS nc_count FROM `zmkj_evaluate_goods` WHERE ( geval_goodsid = '102203' ) AND ( (geval_image <> '') OR (geval_image_again <> '') ) LIMIT 1  
[2018-03-09 16:51:09] /shop/index.php?act=goods&op=index&goods_id=102204 ( act=goods&op=index ) 
ERR: Db Error: Unknown column 'geval_image_again' in 'where clause'
SELECT COUNT(*) AS nc_count FROM `zmkj_evaluate_goods` WHERE ( geval_goodsid = '102204' ) AND ( (geval_image <> '') OR (geval_image_again <> '') ) LIMIT 1  
[2018-03-09 16:55:12] /shop/index.php?act=goods&op=index&goods_id=102206 ( act=goods&op=index ) 
ERR: Db Error: Unknown column 'geval_image_again' in 'where clause'
SELECT COUNT(*) AS nc_count FROM `zmkj_evaluate_goods` WHERE ( geval_goodsid = '102206' ) AND ( (geval_image <> '') OR (geval_image_again <> '') ) LIMIT 1  
[2018-03-09 17:00:41] /shop/index.php?act=goods&op=index&goods_id=102208 ( act=goods&op=index ) 
ERR: Db Error: Unknown column 'geval_image_again' in 'where clause'
SELECT COUNT(*) AS nc_count FROM `zmkj_evaluate_goods` WHERE ( geval_goodsid = '102208' ) AND ( (geval_image <> '') OR (geval_image_again <> '') ) LIMIT 1  
[2018-03-09 17:01:04] /shop/index.php?act=goods&op=index&goods_id=102186 ( act=goods&op=index ) 
ERR: Db Error: Unknown column 'geval_image_again' in 'where clause'
SELECT COUNT(*) AS nc_count FROM `zmkj_evaluate_goods` WHERE ( geval_goodsid = '102186' ) AND ( (geval_image <> '') OR (geval_image_again <> '') ) LIMIT 1  
[2018-03-09 17:01:29] /shop/index.php?act=goods&op=index&goods_id=102187 ( act=goods&op=index ) 
ERR: Db Error: Unknown column 'geval_image_again' in 'where clause'
SELECT COUNT(*) AS nc_count FROM `zmkj_evaluate_goods` WHERE ( geval_goodsid = '102187' ) AND ( (geval_image <> '') OR (geval_image_again <> '') ) LIMIT 1  
[2018-03-09 17:02:17] /shop/index.php?act=goods&op=index&goods_id=102209 ( act=goods&op=index ) 
ERR: Db Error: Unknown column 'geval_image_again' in 'where clause'
SELECT COUNT(*) AS nc_count FROM `zmkj_evaluate_goods` WHERE ( geval_goodsid = '102209' ) AND ( (geval_image <> '') OR (geval_image_again <> '') ) LIMIT 1  
[2018-03-09 17:04:29] /shop/index.php?act=goods&op=index&goods_id=102186 ( act=goods&op=index ) 
ERR: Db Error: Unknown column 'geval_image_again' in 'where clause'
SELECT COUNT(*) AS nc_count FROM `zmkj_evaluate_goods` WHERE ( geval_goodsid = '102186' ) AND ( (geval_image <> '') OR (geval_image_again <> '') ) LIMIT 1  
[2018-03-09 17:05:45] /shop/index.php?act=goods&op=index&goods_id=102186 ( act=goods&op=index ) 
ERR: Db Error: Unknown column 'geval_image_again' in 'where clause'
SELECT COUNT(*) AS nc_count FROM `zmkj_evaluate_goods` WHERE ( geval_goodsid = '102186' ) AND ( (geval_image <> '') OR (geval_image_again <> '') ) LIMIT 1  
[2018-03-09 17:10:04] /shop/index.php?act=goods&op=index&goods_id=102213 ( act=goods&op=index ) 
ERR: Db Error: Unknown column 'geval_image_again' in 'where clause'
SELECT COUNT(*) AS nc_count FROM `zmkj_evaluate_goods` WHERE ( geval_goodsid = '102213' ) AND ( (geval_image <> '') OR (geval_image_again <> '') ) LIMIT 1  
[2018-03-09 17:13:15] /shop/index.php?act=goods&op=index&goods_id=102208 ( act=goods&op=index ) 
ERR: Db Error: Unknown column 'geval_image_again' in 'where clause'
SELECT COUNT(*) AS nc_count FROM `zmkj_evaluate_goods` WHERE ( geval_goodsid = '102208' ) AND ( (geval_image <> '') OR (geval_image_again <> '') ) LIMIT 1  
[2018-03-09 17:13:47] /shop/index.php?act=goods&op=index&goods_id=102211 ( act=goods&op=index ) 
ERR: Db Error: Unknown column 'geval_image_again' in 'where clause'
SELECT COUNT(*) AS nc_count FROM `zmkj_evaluate_goods` WHERE ( geval_goodsid = '102211' ) AND ( (geval_image <> '') OR (geval_image_again <> '') ) LIMIT 1  
[2018-03-09 17:17:43] /shop/index.php?act=goods&op=index&goods_id=102214 ( act=goods&op=index ) 
ERR: Db Error: Unknown column 'geval_image_again' in 'where clause'
SELECT COUNT(*) AS nc_count FROM `zmkj_evaluate_goods` WHERE ( geval_goodsid = '102214' ) AND ( (geval_image <> '') OR (geval_image_again <> '') ) LIMIT 1  
[2018-03-09 17:18:41] /shop/index.php?act=goods&op=index&goods_id=102214 ( act=goods&op=index ) 
ERR: Db Error: Unknown column 'geval_image_again' in 'where clause'
SELECT COUNT(*) AS nc_count FROM `zmkj_evaluate_goods` WHERE ( geval_goodsid = '102214' ) AND ( (geval_image <> '') OR (geval_image_again <> '') ) LIMIT 1  
[2018-03-09 17:18:47] /shop/index.php?act=goods&op=index&goods_id=102215 ( act=goods&op=index ) 
ERR: Db Error: Unknown column 'geval_image_again' in 'where clause'
SELECT COUNT(*) AS nc_count FROM `zmkj_evaluate_goods` WHERE ( geval_goodsid = '102215' ) AND ( (geval_image <> '') OR (geval_image_again <> '') ) LIMIT 1  
[2018-03-09 17:21:04] /shop/index.php?act=goods&op=index&goods_id=102217 ( act=goods&op=index ) 
ERR: Db Error: Unknown column 'geval_image_again' in 'where clause'
SELECT COUNT(*) AS nc_count FROM `zmkj_evaluate_goods` WHERE ( geval_goodsid = '102217' ) AND ( (geval_image <> '') OR (geval_image_again <> '') ) LIMIT 1  
[2018-03-09 17:26:02] /shop/index.php?act=goods&op=index&goods_id=102220 ( act=goods&op=index ) 
ERR: Db Error: Unknown column 'geval_image_again' in 'where clause'
SELECT COUNT(*) AS nc_count FROM `zmkj_evaluate_goods` WHERE ( geval_goodsid = '102220' ) AND ( (geval_image <> '') OR (geval_image_again <> '') ) LIMIT 1  
[2018-03-09 17:26:04] /shop/index.php?act=goods&op=index&goods_id=102221 ( act=goods&op=index ) 
ERR: Db Error: Unknown column 'geval_image_again' in 'where clause'
SELECT COUNT(*) AS nc_count FROM `zmkj_evaluate_goods` WHERE ( geval_goodsid = '102221' ) AND ( (geval_image <> '') OR (geval_image_again <> '') ) LIMIT 1  
[2018-03-09 17:26:07] /shop/index.php?act=goods&op=index&goods_id=102220 ( act=goods&op=index ) 
ERR: Db Error: Unknown column 'geval_image_again' in 'where clause'
SELECT COUNT(*) AS nc_count FROM `zmkj_evaluate_goods` WHERE ( geval_goodsid = '102220' ) AND ( (geval_image <> '') OR (geval_image_again <> '') ) LIMIT 1  
[2018-03-09 17:26:16] /shop/index.php?act=goods&op=index&goods_id=102221 ( act=goods&op=index ) 
ERR: Db Error: Unknown column 'geval_image_again' in 'where clause'
SELECT COUNT(*) AS nc_count FROM `zmkj_evaluate_goods` WHERE ( geval_goodsid = '102221' ) AND ( (geval_image <> '') OR (geval_image_again <> '') ) LIMIT 1  
[2018-03-09 17:28:33] /shop/index.php?act=goods&op=index&goods_id=102220 ( act=goods&op=index ) 
ERR: Db Error: Unknown column 'geval_image_again' in 'where clause'
SELECT COUNT(*) AS nc_count FROM `zmkj_evaluate_goods` WHERE ( geval_goodsid = '102220' ) AND ( (geval_image <> '') OR (geval_image_again <> '') ) LIMIT 1  
[2018-03-09 17:38:33] /shop/index.php?act=goods&op=index&goods_id=101522 ( act=goods&op=index ) 
ERR: Db Error: Unknown column 'geval_image_again' in 'where clause'
SELECT COUNT(*) AS nc_count FROM `zmkj_evaluate_goods` WHERE ( geval_goodsid = '101522' ) AND ( (geval_image <> '') OR (geval_image_again <> '') ) LIMIT 1  
[2018-03-09 17:40:37] /shop/index.php?act=goods&op=index&goods_id=102208 ( act=goods&op=index ) 
ERR: Db Error: Unknown column 'geval_image_again' in 'where clause'
SELECT COUNT(*) AS nc_count FROM `zmkj_evaluate_goods` WHERE ( geval_goodsid = '102208' ) AND ( (geval_image <> '') OR (geval_image_again <> '') ) LIMIT 1  
[2018-03-09 17:49:44] /shop/index.php?act=goods&op=index&goods_id=101736 ( act=goods&op=index ) 
ERR: Db Error: Unknown column 'geval_image_again' in 'where clause'
SELECT COUNT(*) AS nc_count FROM `zmkj_evaluate_goods` WHERE ( geval_goodsid = '101736' ) AND ( (geval_image <> '') OR (geval_image_again <> '') ) LIMIT 1  
[2018-03-09 17:49:52] /shop/index.php?act=goods&op=index&goods_id=101623 ( act=goods&op=index ) 
ERR: Db Error: Unknown column 'geval_image_again' in 'where clause'
SELECT COUNT(*) AS nc_count FROM `zmkj_evaluate_goods` WHERE ( geval_goodsid = '101623' ) AND ( (geval_image <> '') OR (geval_image_again <> '') ) LIMIT 1  
[2018-03-09 17:49:58] /shop/index.php?act=goods&op=index&goods_id=101110 ( act=goods&op=index ) 
ERR: Db Error: Unknown column 'geval_image_again' in 'where clause'
SELECT COUNT(*) AS nc_count FROM `zmkj_evaluate_goods` WHERE ( geval_goodsid = '101110' ) AND ( (geval_image <> '') OR (geval_image_again <> '') ) LIMIT 1  
[2018-03-09 17:50:42] /shop/index.php?act=goods&op=index&goods_id=101736 ( act=goods&op=index ) 
ERR: Db Error: Unknown column 'geval_image_again' in 'where clause'
SELECT COUNT(*) AS nc_count FROM `zmkj_evaluate_goods` WHERE ( geval_goodsid = '101736' ) AND ( (geval_image <> '') OR (geval_image_again <> '') ) LIMIT 1  
[2018-03-09 17:50:50] /shop/index.php?act=goods&op=index&goods_id=101623 ( act=goods&op=index ) 
ERR: Db Error: Unknown column 'geval_image_again' in 'where clause'
SELECT COUNT(*) AS nc_count FROM `zmkj_evaluate_goods` WHERE ( geval_goodsid = '101623' ) AND ( (geval_image <> '') OR (geval_image_again <> '') ) LIMIT 1  
[2018-03-09 17:50:56] /shop/index.php?act=goods&op=index&goods_id=101110 ( act=goods&op=index ) 
ERR: Db Error: Unknown column 'geval_image_again' in 'where clause'
SELECT COUNT(*) AS nc_count FROM `zmkj_evaluate_goods` WHERE ( geval_goodsid = '101110' ) AND ( (geval_image <> '') OR (geval_image_again <> '') ) LIMIT 1  
[2018-03-09 18:07:34] /shop/index.php?act=goods&op=index&goods_id=101863 ( act=goods&op=index ) 
ERR: Db Error: Unknown column 'geval_image_again' in 'where clause'
SELECT COUNT(*) AS nc_count FROM `zmkj_evaluate_goods` WHERE ( geval_goodsid = '101863' ) AND ( (geval_image <> '') OR (geval_image_again <> '') ) LIMIT 1  
[2018-03-09 18:08:32] /shop/index.php?act=goods&op=index&goods_id=101863 ( act=goods&op=index ) 
ERR: Db Error: Unknown column 'geval_image_again' in 'where clause'
SELECT COUNT(*) AS nc_count FROM `zmkj_evaluate_goods` WHERE ( geval_goodsid = '101863' ) AND ( (geval_image <> '') OR (geval_image_again <> '') ) LIMIT 1  
[2018-03-09 18:10:45] /shop/index.php?act=goods&op=index&goods_id=102181 ( act=goods&op=index ) 
ERR: Db Error: Unknown column 'geval_image_again' in 'where clause'
SELECT COUNT(*) AS nc_count FROM `zmkj_evaluate_goods` WHERE ( geval_goodsid = '102181' ) AND ( (geval_image <> '') OR (geval_image_again <> '') ) LIMIT 1  
[2018-03-09 18:11:22] /shop/index.php?act=goods&op=index&goods_id=101661 ( act=goods&op=index ) 
ERR: Db Error: Unknown column 'geval_image_again' in 'where clause'
SELECT COUNT(*) AS nc_count FROM `zmkj_evaluate_goods` WHERE ( geval_goodsid = '101661' ) AND ( (geval_image <> '') OR (geval_image_again <> '') ) LIMIT 1  
[2018-03-09 18:11:43] /shop/index.php?act=goods&op=index&goods_id=102181 ( act=goods&op=index ) 
ERR: Db Error: Unknown column 'geval_image_again' in 'where clause'
SELECT COUNT(*) AS nc_count FROM `zmkj_evaluate_goods` WHERE ( geval_goodsid = '102181' ) AND ( (geval_image <> '') OR (geval_image_again <> '') ) LIMIT 1  
[2018-03-09 18:12:39] /shop/index.php?act=goods&op=index&goods_id=102181 ( act=goods&op=index ) 
ERR: Db Error: Unknown column 'geval_image_again' in 'where clause'
SELECT COUNT(*) AS nc_count FROM `zmkj_evaluate_goods` WHERE ( geval_goodsid = '102181' ) AND ( (geval_image <> '') OR (geval_image_again <> '') ) LIMIT 1  
[2018-03-09 22:49:41] /shop/index.php?act=goods&op=index&goods_id=101180 ( act=goods&op=index ) 
ERR: Db Error: Unknown column 'geval_image_again' in 'where clause'
SELECT COUNT(*) AS nc_count FROM `zmkj_evaluate_goods` WHERE ( geval_goodsid = '101180' ) AND ( (geval_image <> '') OR (geval_image_again <> '') ) LIMIT 1  
