[2018-11-22 01:04:28] /shop/index.php?act=goods&op=comments_list&goods_id=101958 ( act=goods&op=comments_list ) 
ERR: Db Error: Unknown column 'geval_image_again' in 'where clause'
SELECT COUNT(*) AS nc_count FROM `zmkj_evaluate_goods` WHERE ( geval_goodsid = '101958' ) AND ( (geval_image <> '') OR (geval_image_again <> '') ) LIMIT 1  
[2018-11-22 01:09:16] /shop/index.php?act=goods&op=comments_list&goods_id=101351 ( act=goods&op=comments_list ) 
ERR: Db Error: Unknown column 'geval_image_again' in 'where clause'
SELECT COUNT(*) AS nc_count FROM `zmkj_evaluate_goods` WHERE ( geval_goodsid = '101351' ) AND ( (geval_image <> '') OR (geval_image_again <> '') ) LIMIT 1  
[2018-11-22 01:18:52] /shop/index.php?act=goods&op=comments_list&goods_id=101553 ( act=goods&op=comments_list ) 
ERR: Db Error: Unknown column 'geval_image_again' in 'where clause'
SELECT COUNT(*) AS nc_count FROM `zmkj_evaluate_goods` WHERE ( geval_goodsid = '101553' ) AND ( (geval_image <> '') OR (geval_image_again <> '') ) LIMIT 1  
[2018-11-22 01:23:40] /shop/index.php?act=goods&op=comments_list&goods_id=104083 ( act=goods&op=comments_list ) 
ERR: Db Error: Unknown column 'geval_image_again' in 'where clause'
SELECT COUNT(*) AS nc_count FROM `zmkj_evaluate_goods` WHERE ( geval_goodsid = '104083' ) AND ( (geval_image <> '') OR (geval_image_again <> '') ) LIMIT 1  
[2018-11-22 01:33:16] /shop/index.php?act=goods&op=comments_list&goods_id=101422 ( act=goods&op=comments_list ) 
ERR: Db Error: Unknown column 'geval_image_again' in 'where clause'
SELECT COUNT(*) AS nc_count FROM `zmkj_evaluate_goods` WHERE ( geval_goodsid = '101422' ) AND ( (geval_image <> '') OR (geval_image_again <> '') ) LIMIT 1  
[2018-11-22 02:06:52] /shop/index.php?act=goods&op=comments_list&goods_id=101402 ( act=goods&op=comments_list ) 
ERR: Db Error: Unknown column 'geval_image_again' in 'where clause'
SELECT COUNT(*) AS nc_count FROM `zmkj_evaluate_goods` WHERE ( geval_goodsid = '101402' ) AND ( (geval_image <> '') OR (geval_image_again <> '') ) LIMIT 1  
[2018-11-22 02:11:40] /shop/index.php?act=goods&op=comments_list&goods_id=101941 ( act=goods&op=comments_list ) 
ERR: Db Error: Unknown column 'geval_image_again' in 'where clause'
SELECT COUNT(*) AS nc_count FROM `zmkj_evaluate_goods` WHERE ( geval_goodsid = '101941' ) AND ( (geval_image <> '') OR (geval_image_again <> '') ) LIMIT 1  
[2018-11-22 02:16:29] /shop/index.php?act=goods&op=comments_list&goods_id=101299 ( act=goods&op=comments_list ) 
ERR: Db Error: Unknown column 'geval_image_again' in 'where clause'
SELECT COUNT(*) AS nc_count FROM `zmkj_evaluate_goods` WHERE ( geval_goodsid = '101299' ) AND ( (geval_image <> '') OR (geval_image_again <> '') ) LIMIT 1  
[2018-11-22 02:21:16] /shop/index.php?act=goods&op=comments_list&goods_id=101935 ( act=goods&op=comments_list ) 
ERR: Db Error: Unknown column 'geval_image_again' in 'where clause'
SELECT COUNT(*) AS nc_count FROM `zmkj_evaluate_goods` WHERE ( geval_goodsid = '101935' ) AND ( (geval_image <> '') OR (geval_image_again <> '') ) LIMIT 1  
[2018-11-22 02:45:16] /shop/index.php?act=goods&op=comments_list&goods_id=104556 ( act=goods&op=comments_list ) 
ERR: Db Error: Unknown column 'geval_image_again' in 'where clause'
SELECT COUNT(*) AS nc_count FROM `zmkj_evaluate_goods` WHERE ( geval_goodsid = '104556' ) AND ( (geval_image <> '') OR (geval_image_again <> '') ) LIMIT 1  
[2018-11-22 02:50:04] /shop/index.php?act=goods&op=comments_list&goods_id=101954 ( act=goods&op=comments_list ) 
ERR: Db Error: Unknown column 'geval_image_again' in 'where clause'
SELECT COUNT(*) AS nc_count FROM `zmkj_evaluate_goods` WHERE ( geval_goodsid = '101954' ) AND ( (geval_image <> '') OR (geval_image_again <> '') ) LIMIT 1  
[2018-11-22 02:54:52] /shop/index.php?act=goods&op=comments_list&goods_id=101933 ( act=goods&op=comments_list ) 
ERR: Db Error: Unknown column 'geval_image_again' in 'where clause'
SELECT COUNT(*) AS nc_count FROM `zmkj_evaluate_goods` WHERE ( geval_goodsid = '101933' ) AND ( (geval_image <> '') OR (geval_image_again <> '') ) LIMIT 1  
[2018-11-22 03:04:28] /shop/index.php?act=goods&op=comments_list&goods_id=101354 ( act=goods&op=comments_list ) 
ERR: Db Error: Unknown column 'geval_image_again' in 'where clause'
SELECT COUNT(*) AS nc_count FROM `zmkj_evaluate_goods` WHERE ( geval_goodsid = '101354' ) AND ( (geval_image <> '') OR (geval_image_again <> '') ) LIMIT 1  
[2018-11-22 03:18:52] /shop/index.php?act=goods&op=comments_list&goods_id=103137 ( act=goods&op=comments_list ) 
ERR: Db Error: Unknown column 'geval_image_again' in 'where clause'
SELECT COUNT(*) AS nc_count FROM `zmkj_evaluate_goods` WHERE ( geval_goodsid = '103137' ) AND ( (geval_image <> '') OR (geval_image_again <> '') ) LIMIT 1  
[2018-11-22 03:38:04] /shop/index.php?act=goods&op=comments_list&goods_id=101419 ( act=goods&op=comments_list ) 
ERR: Db Error: Unknown column 'geval_image_again' in 'where clause'
SELECT COUNT(*) AS nc_count FROM `zmkj_evaluate_goods` WHERE ( geval_goodsid = '101419' ) AND ( (geval_image <> '') OR (geval_image_again <> '') ) LIMIT 1  
[2018-11-22 03:52:28] /shop/index.php?act=goods&op=comments_list&goods_id=102853 ( act=goods&op=comments_list ) 
ERR: Db Error: Unknown column 'geval_image_again' in 'where clause'
SELECT COUNT(*) AS nc_count FROM `zmkj_evaluate_goods` WHERE ( geval_goodsid = '102853' ) AND ( (geval_image <> '') OR (geval_image_again <> '') ) LIMIT 1  
[2018-11-22 04:21:16] /shop/index.php?act=goods&op=comments_list&goods_id=103853 ( act=goods&op=comments_list ) 
ERR: Db Error: Unknown column 'geval_image_again' in 'where clause'
SELECT COUNT(*) AS nc_count FROM `zmkj_evaluate_goods` WHERE ( geval_goodsid = '103853' ) AND ( (geval_image <> '') OR (geval_image_again <> '') ) LIMIT 1  
[2018-11-22 05:04:28] /shop/index.php?act=goods&op=comments_list&goods_id=101387 ( act=goods&op=comments_list ) 
ERR: Db Error: Unknown column 'geval_image_again' in 'where clause'
SELECT COUNT(*) AS nc_count FROM `zmkj_evaluate_goods` WHERE ( geval_goodsid = '101387' ) AND ( (geval_image <> '') OR (geval_image_again <> '') ) LIMIT 1  
[2018-11-22 05:14:04] /shop/index.php?act=goods&op=comments_list&goods_id=101408 ( act=goods&op=comments_list ) 
ERR: Db Error: Unknown column 'geval_image_again' in 'where clause'
SELECT COUNT(*) AS nc_count FROM `zmkj_evaluate_goods` WHERE ( geval_goodsid = '101408' ) AND ( (geval_image <> '') OR (geval_image_again <> '') ) LIMIT 1  
[2018-11-22 05:42:52] /shop/index.php?act=goods&op=comments_list&goods_id=101361 ( act=goods&op=comments_list ) 
ERR: Db Error: Unknown column 'geval_image_again' in 'where clause'
SELECT COUNT(*) AS nc_count FROM `zmkj_evaluate_goods` WHERE ( geval_goodsid = '101361' ) AND ( (geval_image <> '') OR (geval_image_again <> '') ) LIMIT 1  
[2018-11-22 05:47:41] /shop/index.php?act=goods&op=comments_list&goods_id=101963 ( act=goods&op=comments_list ) 
ERR: Db Error: Unknown column 'geval_image_again' in 'where clause'
SELECT COUNT(*) AS nc_count FROM `zmkj_evaluate_goods` WHERE ( geval_goodsid = '101963' ) AND ( (geval_image <> '') OR (geval_image_again <> '') ) LIMIT 1  
[2018-11-22 05:52:28] /shop/index.php?act=goods&op=comments_list&goods_id=103851 ( act=goods&op=comments_list ) 
ERR: Db Error: Unknown column 'geval_image_again' in 'where clause'
SELECT COUNT(*) AS nc_count FROM `zmkj_evaluate_goods` WHERE ( geval_goodsid = '103851' ) AND ( (geval_image <> '') OR (geval_image_again <> '') ) LIMIT 1  
[2018-11-22 06:11:40] /shop/index.php?act=goods&op=comments_list&goods_id=101510 ( act=goods&op=comments_list ) 
ERR: Db Error: Unknown column 'geval_image_again' in 'where clause'
SELECT COUNT(*) AS nc_count FROM `zmkj_evaluate_goods` WHERE ( geval_goodsid = '101510' ) AND ( (geval_image <> '') OR (geval_image_again <> '') ) LIMIT 1  
[2018-11-22 06:21:16] /shop/index.php?act=goods&op=comments_list&goods_id=101417 ( act=goods&op=comments_list ) 
ERR: Db Error: Unknown column 'geval_image_again' in 'where clause'
SELECT COUNT(*) AS nc_count FROM `zmkj_evaluate_goods` WHERE ( geval_goodsid = '101417' ) AND ( (geval_image <> '') OR (geval_image_again <> '') ) LIMIT 1  
[2018-11-22 06:35:40] /shop/index.php?act=goods&op=comments_list&goods_id=103855 ( act=goods&op=comments_list ) 
ERR: Db Error: Unknown column 'geval_image_again' in 'where clause'
SELECT COUNT(*) AS nc_count FROM `zmkj_evaluate_goods` WHERE ( geval_goodsid = '103855' ) AND ( (geval_image <> '') OR (geval_image_again <> '') ) LIMIT 1  
[2018-11-22 07:14:04] /shop/index.php?act=goods&op=comments_list&goods_id=101950 ( act=goods&op=comments_list ) 
ERR: Db Error: Unknown column 'geval_image_again' in 'where clause'
SELECT COUNT(*) AS nc_count FROM `zmkj_evaluate_goods` WHERE ( geval_goodsid = '101950' ) AND ( (geval_image <> '') OR (geval_image_again <> '') ) LIMIT 1  
[2018-11-22 07:18:52] /shop/index.php?act=goods&op=comments_list&goods_id=101395 ( act=goods&op=comments_list ) 
ERR: Db Error: Unknown column 'geval_image_again' in 'where clause'
SELECT COUNT(*) AS nc_count FROM `zmkj_evaluate_goods` WHERE ( geval_goodsid = '101395' ) AND ( (geval_image <> '') OR (geval_image_again <> '') ) LIMIT 1  
[2018-11-22 07:38:04] /shop/index.php?act=goods&op=comments_list&goods_id=101983 ( act=goods&op=comments_list ) 
ERR: Db Error: Unknown column 'geval_image_again' in 'where clause'
SELECT COUNT(*) AS nc_count FROM `zmkj_evaluate_goods` WHERE ( geval_goodsid = '101983' ) AND ( (geval_image <> '') OR (geval_image_again <> '') ) LIMIT 1  
[2018-11-22 07:42:52] /shop/index.php?act=goods&op=comments_list&goods_id=101413 ( act=goods&op=comments_list ) 
ERR: Db Error: Unknown column 'geval_image_again' in 'where clause'
SELECT COUNT(*) AS nc_count FROM `zmkj_evaluate_goods` WHERE ( geval_goodsid = '101413' ) AND ( (geval_image <> '') OR (geval_image_again <> '') ) LIMIT 1  
[2018-11-22 07:43:35] /shop/index.php?act=goods&op=comments_list&goods_id=105533 ( act=goods&op=comments_list ) 
ERR: Db Error: Unknown column 'geval_image_again' in 'where clause'
SELECT COUNT(*) AS nc_count FROM `zmkj_evaluate_goods` WHERE ( geval_goodsid = '105533' ) AND ( (geval_image <> '') OR (geval_image_again <> '') ) LIMIT 1  
[2018-11-22 07:44:35] /shop/index.php?act=goods&op=comments_list&goods_id=105533 ( act=goods&op=comments_list ) 
ERR: Db Error: Unknown column 'geval_image_again' in 'where clause'
SELECT COUNT(*) AS nc_count FROM `zmkj_evaluate_goods` WHERE ( geval_goodsid = '105533' ) AND ( (geval_image <> '') OR (geval_image_again <> '') ) LIMIT 1  
[2018-11-22 07:47:40] /shop/index.php?act=goods&op=comments_list&goods_id=101619 ( act=goods&op=comments_list ) 
ERR: Db Error: Unknown column 'geval_image_again' in 'where clause'
SELECT COUNT(*) AS nc_count FROM `zmkj_evaluate_goods` WHERE ( geval_goodsid = '101619' ) AND ( (geval_image <> '') OR (geval_image_again <> '') ) LIMIT 1  
[2018-11-22 07:52:28] /shop/index.php?act=goods&op=comments_list&goods_id=101454 ( act=goods&op=comments_list ) 
ERR: Db Error: Unknown column 'geval_image_again' in 'where clause'
SELECT COUNT(*) AS nc_count FROM `zmkj_evaluate_goods` WHERE ( geval_goodsid = '101454' ) AND ( (geval_image <> '') OR (geval_image_again <> '') ) LIMIT 1  
[2018-11-22 08:11:40] /shop/index.php?act=goods&op=comments_list&goods_id=104065 ( act=goods&op=comments_list ) 
ERR: Db Error: Unknown column 'geval_image_again' in 'where clause'
SELECT COUNT(*) AS nc_count FROM `zmkj_evaluate_goods` WHERE ( geval_goodsid = '104065' ) AND ( (geval_image <> '') OR (geval_image_again <> '') ) LIMIT 1  
[2018-11-22 08:35:40] /shop/index.php?act=goods&op=comments_list&goods_id=101447 ( act=goods&op=comments_list ) 
ERR: Db Error: Unknown column 'geval_image_again' in 'where clause'
SELECT COUNT(*) AS nc_count FROM `zmkj_evaluate_goods` WHERE ( geval_goodsid = '101447' ) AND ( (geval_image <> '') OR (geval_image_again <> '') ) LIMIT 1  
[2018-11-22 08:45:16] /shop/index.php?act=goods&op=comments_list&goods_id=101400 ( act=goods&op=comments_list ) 
ERR: Db Error: Unknown column 'geval_image_again' in 'where clause'
SELECT COUNT(*) AS nc_count FROM `zmkj_evaluate_goods` WHERE ( geval_goodsid = '101400' ) AND ( (geval_image <> '') OR (geval_image_again <> '') ) LIMIT 1  
[2018-11-22 08:50:07] /shop/index.php?act=goods&op=comments_list&goods_id=101968 ( act=goods&op=comments_list ) 
ERR: Db Error: Unknown column 'geval_image_again' in 'where clause'
SELECT COUNT(*) AS nc_count FROM `zmkj_evaluate_goods` WHERE ( geval_goodsid = '101968' ) AND ( (geval_image <> '') OR (geval_image_again <> '') ) LIMIT 1  
[2018-11-22 10:30:52] /shop/index.php?act=goods&op=comments_list&goods_id=105641 ( act=goods&op=comments_list ) 
ERR: Db Error: Unknown column 'geval_image_again' in 'where clause'
SELECT COUNT(*) AS nc_count FROM `zmkj_evaluate_goods` WHERE ( geval_goodsid = '105641' ) AND ( (geval_image <> '') OR (geval_image_again <> '') ) LIMIT 1  
[2018-11-22 10:54:52] /shop/index.php?act=goods&op=comments_list&goods_id=105612 ( act=goods&op=comments_list ) 
ERR: Db Error: Unknown column 'geval_image_again' in 'where clause'
SELECT COUNT(*) AS nc_count FROM `zmkj_evaluate_goods` WHERE ( geval_goodsid = '105612' ) AND ( (geval_image <> '') OR (geval_image_again <> '') ) LIMIT 1  
[2018-11-22 11:04:28] /shop/index.php?act=goods&op=comments_list&goods_id=105658 ( act=goods&op=comments_list ) 
ERR: Db Error: Unknown column 'geval_image_again' in 'where clause'
SELECT COUNT(*) AS nc_count FROM `zmkj_evaluate_goods` WHERE ( geval_goodsid = '105658' ) AND ( (geval_image <> '') OR (geval_image_again <> '') ) LIMIT 1  
[2018-11-22 11:42:52] /shop/index.php?act=goods&op=comments_list&goods_id=105653 ( act=goods&op=comments_list ) 
ERR: Db Error: Unknown column 'geval_image_again' in 'where clause'
SELECT COUNT(*) AS nc_count FROM `zmkj_evaluate_goods` WHERE ( geval_goodsid = '105653' ) AND ( (geval_image <> '') OR (geval_image_again <> '') ) LIMIT 1  
[2018-11-22 12:02:04] /shop/index.php?act=goods&op=comments_list&goods_id=105644 ( act=goods&op=comments_list ) 
ERR: Db Error: Unknown column 'geval_image_again' in 'where clause'
SELECT COUNT(*) AS nc_count FROM `zmkj_evaluate_goods` WHERE ( geval_goodsid = '105644' ) AND ( (geval_image <> '') OR (geval_image_again <> '') ) LIMIT 1  
[2018-11-22 12:59:40] /shop/index.php?act=goods&op=comments_list&goods_id=105639 ( act=goods&op=comments_list ) 
ERR: Db Error: Unknown column 'geval_image_again' in 'where clause'
SELECT COUNT(*) AS nc_count FROM `zmkj_evaluate_goods` WHERE ( geval_goodsid = '105639' ) AND ( (geval_image <> '') OR (geval_image_again <> '') ) LIMIT 1  
[2018-11-22 13:25:05] /shop/index.php?act=hot_sale&op=index ( act=hot_sale&op=index ) 
ERR: Db Error: You have an error in your SQL syntax; check the manual that corresponds to your MySQL server version for the right syntax to use near ') and goods_state=1' at line 1
select * from zmkj_goods where goods_id in () and goods_state=1
[2018-11-22 13:25:05] /shop/index.php?act=hot_sale&op=index ( act=hot_sale&op=index ) 
ERR: Db Error: You have an error in your SQL syntax; check the manual that corresponds to your MySQL server version for the right syntax to use near '' at line 1
select `member_id` from zmkj_store where store_id = 
[2018-11-22 13:33:16] /shop/index.php?act=goods&op=comments_list&goods_id=105650 ( act=goods&op=comments_list ) 
ERR: Db Error: Unknown column 'geval_image_again' in 'where clause'
SELECT COUNT(*) AS nc_count FROM `zmkj_evaluate_goods` WHERE ( geval_goodsid = '105650' ) AND ( (geval_image <> '') OR (geval_image_again <> '') ) LIMIT 1  
[2018-11-22 13:42:52] /shop/index.php?act=goods&op=comments_list&goods_id=105660 ( act=goods&op=comments_list ) 
ERR: Db Error: Unknown column 'geval_image_again' in 'where clause'
SELECT COUNT(*) AS nc_count FROM `zmkj_evaluate_goods` WHERE ( geval_goodsid = '105660' ) AND ( (geval_image <> '') OR (geval_image_again <> '') ) LIMIT 1  
[2018-11-22 13:47:40] /shop/index.php?act=goods&op=comments_list&goods_id=105635 ( act=goods&op=comments_list ) 
ERR: Db Error: Unknown column 'geval_image_again' in 'where clause'
SELECT COUNT(*) AS nc_count FROM `zmkj_evaluate_goods` WHERE ( geval_goodsid = '105635' ) AND ( (geval_image <> '') OR (geval_image_again <> '') ) LIMIT 1  
[2018-11-22 14:26:04] /shop/index.php?act=goods&op=comments_list&goods_id=105668 ( act=goods&op=comments_list ) 
ERR: Db Error: Unknown column 'geval_image_again' in 'where clause'
SELECT COUNT(*) AS nc_count FROM `zmkj_evaluate_goods` WHERE ( geval_goodsid = '105668' ) AND ( (geval_image <> '') OR (geval_image_again <> '') ) LIMIT 1  
[2018-11-22 14:50:05] /shop/index.php?act=goods&op=comments_list&goods_id=105637 ( act=goods&op=comments_list ) 
ERR: Db Error: Unknown column 'geval_image_again' in 'where clause'
SELECT COUNT(*) AS nc_count FROM `zmkj_evaluate_goods` WHERE ( geval_goodsid = '105637' ) AND ( (geval_image <> '') OR (geval_image_again <> '') ) LIMIT 1  
[2018-11-22 15:38:05] /shop/index.php?act=goods&op=comments_list&goods_id=105655 ( act=goods&op=comments_list ) 
ERR: Db Error: Unknown column 'geval_image_again' in 'where clause'
SELECT COUNT(*) AS nc_count FROM `zmkj_evaluate_goods` WHERE ( geval_goodsid = '105655' ) AND ( (geval_image <> '') OR (geval_image_again <> '') ) LIMIT 1  
[2018-11-22 15:47:40] /shop/index.php?act=goods&op=comments_list&goods_id=105631 ( act=goods&op=comments_list ) 
ERR: Db Error: Unknown column 'geval_image_again' in 'where clause'
SELECT COUNT(*) AS nc_count FROM `zmkj_evaluate_goods` WHERE ( geval_goodsid = '105631' ) AND ( (geval_image <> '') OR (geval_image_again <> '') ) LIMIT 1  
[2018-11-22 16:40:28] /shop/index.php?act=goods&op=comments_list&goods_id=105628 ( act=goods&op=comments_list ) 
ERR: Db Error: Unknown column 'geval_image_again' in 'where clause'
SELECT COUNT(*) AS nc_count FROM `zmkj_evaluate_goods` WHERE ( geval_goodsid = '105628' ) AND ( (geval_image <> '') OR (geval_image_again <> '') ) LIMIT 1  
[2018-11-22 16:50:04] /shop/index.php?act=goods&op=comments_list&goods_id=105645 ( act=goods&op=comments_list ) 
ERR: Db Error: Unknown column 'geval_image_again' in 'where clause'
SELECT COUNT(*) AS nc_count FROM `zmkj_evaluate_goods` WHERE ( geval_goodsid = '105645' ) AND ( (geval_image <> '') OR (geval_image_again <> '') ) LIMIT 1  
[2018-11-22 17:52:28] /shop/index.php?act=goods&op=comments_list&goods_id=105661 ( act=goods&op=comments_list ) 
ERR: Db Error: Unknown column 'geval_image_again' in 'where clause'
SELECT COUNT(*) AS nc_count FROM `zmkj_evaluate_goods` WHERE ( geval_goodsid = '105661' ) AND ( (geval_image <> '') OR (geval_image_again <> '') ) LIMIT 1  
[2018-11-22 18:02:04] /shop/index.php?act=goods&op=comments_list&goods_id=105659 ( act=goods&op=comments_list ) 
ERR: Db Error: Unknown column 'geval_image_again' in 'where clause'
SELECT COUNT(*) AS nc_count FROM `zmkj_evaluate_goods` WHERE ( geval_goodsid = '105659' ) AND ( (geval_image <> '') OR (geval_image_again <> '') ) LIMIT 1  
[2018-11-22 18:16:28] /shop/index.php?act=goods&op=comments_list&goods_id=105642 ( act=goods&op=comments_list ) 
ERR: Db Error: Unknown column 'geval_image_again' in 'where clause'
SELECT COUNT(*) AS nc_count FROM `zmkj_evaluate_goods` WHERE ( geval_goodsid = '105642' ) AND ( (geval_image <> '') OR (geval_image_again <> '') ) LIMIT 1  
[2018-11-22 18:21:16] /shop/index.php?act=goods&op=comments_list&goods_id=105829 ( act=goods&op=comments_list ) 
ERR: Db Error: Unknown column 'geval_image_again' in 'where clause'
SELECT COUNT(*) AS nc_count FROM `zmkj_evaluate_goods` WHERE ( geval_goodsid = '105829' ) AND ( (geval_image <> '') OR (geval_image_again <> '') ) LIMIT 1  
[2018-11-22 18:30:52] /shop/index.php?act=goods&op=comments_list&goods_id=102694 ( act=goods&op=comments_list ) 
ERR: Db Error: Unknown column 'geval_image_again' in 'where clause'
SELECT COUNT(*) AS nc_count FROM `zmkj_evaluate_goods` WHERE ( geval_goodsid = '102694' ) AND ( (geval_image <> '') OR (geval_image_again <> '') ) LIMIT 1  
[2018-11-22 18:45:16] /shop/index.php?act=goods&op=comments_list&goods_id=105648 ( act=goods&op=comments_list ) 
ERR: Db Error: Unknown column 'geval_image_again' in 'where clause'
SELECT COUNT(*) AS nc_count FROM `zmkj_evaluate_goods` WHERE ( geval_goodsid = '105648' ) AND ( (geval_image <> '') OR (geval_image_again <> '') ) LIMIT 1  
[2018-11-22 19:57:16] /shop/index.php?act=goods&op=comments_list&goods_id=105654 ( act=goods&op=comments_list ) 
ERR: Db Error: Unknown column 'geval_image_again' in 'where clause'
SELECT COUNT(*) AS nc_count FROM `zmkj_evaluate_goods` WHERE ( geval_goodsid = '105654' ) AND ( (geval_image <> '') OR (geval_image_again <> '') ) LIMIT 1  
[2018-11-22 20:21:16] /shop/index.php?act=goods&op=comments_list&goods_id=105234 ( act=goods&op=comments_list ) 
ERR: Db Error: Unknown column 'geval_image_again' in 'where clause'
SELECT COUNT(*) AS nc_count FROM `zmkj_evaluate_goods` WHERE ( geval_goodsid = '105234' ) AND ( (geval_image <> '') OR (geval_image_again <> '') ) LIMIT 1  
[2018-11-22 20:26:04] /shop/index.php?act=goods&op=comments_list&goods_id=105623 ( act=goods&op=comments_list ) 
ERR: Db Error: Unknown column 'geval_image_again' in 'where clause'
SELECT COUNT(*) AS nc_count FROM `zmkj_evaluate_goods` WHERE ( geval_goodsid = '105623' ) AND ( (geval_image <> '') OR (geval_image_again <> '') ) LIMIT 1  
[2018-11-22 21:44:10] /shop/index.php?act=goods&op=comments_list&goods_id=100626&type=3 ( act=goods&op=comments_list ) 
ERR: Db Error: Unknown column 'geval_image_again' in 'where clause'
SELECT COUNT(*) AS nc_count FROM `zmkj_evaluate_goods` WHERE ( geval_goodsid = '100626' ) AND ( (geval_image <> '') OR (geval_image_again <> '') ) LIMIT 1  
[2018-11-22 23:38:04] /shop/index.php?act=goods&op=comments_list&goods_id=103154 ( act=goods&op=comments_list ) 
ERR: Db Error: Unknown column 'geval_image_again' in 'where clause'
SELECT COUNT(*) AS nc_count FROM `zmkj_evaluate_goods` WHERE ( geval_goodsid = '103154' ) AND ( (geval_image <> '') OR (geval_image_again <> '') ) LIMIT 1  
