[2019-09-30 00:09:43] /shop/index.php?act=goods&op=comments_list&goods_id=108527 ( act=goods&op=comments_list ) 
ERR: Db Error: Unknown column 'geval_image_again' in 'where clause'
SELECT COUNT(*) AS nc_count FROM `zmkj_evaluate_goods` WHERE ( geval_goodsid = '108527' ) AND ( (geval_image <> '') OR (geval_image_again <> '') ) LIMIT 1  
[2019-09-30 00:17:54] /shop/index.php?act=goods&op=comments_list&goods_id=109956 ( act=goods&op=comments_list ) 
ERR: Db Error: Unknown column 'geval_image_again' in 'where clause'
SELECT COUNT(*) AS nc_count FROM `zmkj_evaluate_goods` WHERE ( geval_goodsid = '109956' ) AND ( (geval_image <> '') OR (geval_image_again <> '') ) LIMIT 1  
[2019-09-30 00:26:05] /shop/index.php?act=goods&op=comments_list&goods_id=109937 ( act=goods&op=comments_list ) 
ERR: Db Error: Unknown column 'geval_image_again' in 'where clause'
SELECT COUNT(*) AS nc_count FROM `zmkj_evaluate_goods` WHERE ( geval_goodsid = '109937' ) AND ( (geval_image <> '') OR (geval_image_again <> '') ) LIMIT 1  
[2019-09-30 00:30:11] /shop/index.php?act=goods&op=comments_list&goods_id=108784 ( act=goods&op=comments_list ) 
ERR: Db Error: Unknown column 'geval_image_again' in 'where clause'
SELECT COUNT(*) AS nc_count FROM `zmkj_evaluate_goods` WHERE ( geval_goodsid = '108784' ) AND ( (geval_image <> '') OR (geval_image_again <> '') ) LIMIT 1  
[2019-09-30 00:56:18] /shop/index.php?act=goods&op=comments_list&goods_id=109232 ( act=goods&op=comments_list ) 
ERR: Db Error: Unknown column 'geval_image_again' in 'where clause'
SELECT COUNT(*) AS nc_count FROM `zmkj_evaluate_goods` WHERE ( geval_goodsid = '109232' ) AND ( (geval_image <> '') OR (geval_image_again <> '') ) LIMIT 1  
[2019-09-30 01:21:24] /shop/index.php?act=goods&op=comments_list&goods_id=108301 ( act=goods&op=comments_list ) 
ERR: Db Error: Unknown column 'geval_image_again' in 'where clause'
SELECT COUNT(*) AS nc_count FROM `zmkj_evaluate_goods` WHERE ( geval_goodsid = '108301' ) AND ( (geval_image <> '') OR (geval_image_again <> '') ) LIMIT 1  
[2019-09-30 01:39:20] /shop/index.php?act=goods&op=comments_list&goods_id=111515 ( act=goods&op=comments_list ) 
ERR: Db Error: Unknown column 'geval_image_again' in 'where clause'
SELECT COUNT(*) AS nc_count FROM `zmkj_evaluate_goods` WHERE ( geval_goodsid = '111515' ) AND ( (geval_image <> '') OR (geval_image_again <> '') ) LIMIT 1  
[2019-09-30 01:46:30] /shop/index.php?act=goods&op=comments_list&goods_id=102609 ( act=goods&op=comments_list ) 
ERR: Db Error: Unknown column 'geval_image_again' in 'where clause'
SELECT COUNT(*) AS nc_count FROM `zmkj_evaluate_goods` WHERE ( geval_goodsid = '102609' ) AND ( (geval_image <> '') OR (geval_image_again <> '') ) LIMIT 1  
[2019-09-30 02:51:03] /shop/index.php?act=goods&op=comments_list&goods_id=108904 ( act=goods&op=comments_list ) 
ERR: Db Error: Unknown column 'geval_image_again' in 'where clause'
SELECT COUNT(*) AS nc_count FROM `zmkj_evaluate_goods` WHERE ( geval_goodsid = '108904' ) AND ( (geval_image <> '') OR (geval_image_again <> '') ) LIMIT 1  
[2019-09-30 03:01:48] /shop/index.php?act=goods&op=comments_list&goods_id=111526 ( act=goods&op=comments_list ) 
ERR: Db Error: Unknown column 'geval_image_again' in 'where clause'
SELECT COUNT(*) AS nc_count FROM `zmkj_evaluate_goods` WHERE ( geval_goodsid = '111526' ) AND ( (geval_image <> '') OR (geval_image_again <> '') ) LIMIT 1  
[2019-09-30 03:16:09] /shop/index.php?act=goods&op=comments_list&goods_id=111531 ( act=goods&op=comments_list ) 
ERR: Db Error: Unknown column 'geval_image_again' in 'where clause'
SELECT COUNT(*) AS nc_count FROM `zmkj_evaluate_goods` WHERE ( geval_goodsid = '111531' ) AND ( (geval_image <> '') OR (geval_image_again <> '') ) LIMIT 1  
[2019-09-30 03:26:55] /shop/index.php?act=goods&op=comments_list&goods_id=109191 ( act=goods&op=comments_list ) 
ERR: Db Error: Unknown column 'geval_image_again' in 'where clause'
SELECT COUNT(*) AS nc_count FROM `zmkj_evaluate_goods` WHERE ( geval_goodsid = '109191' ) AND ( (geval_image <> '') OR (geval_image_again <> '') ) LIMIT 1  
[2019-09-30 03:34:05] /shop/index.php?act=goods&op=comments_list&goods_id=104415 ( act=goods&op=comments_list ) 
ERR: Db Error: Unknown column 'geval_image_again' in 'where clause'
SELECT COUNT(*) AS nc_count FROM `zmkj_evaluate_goods` WHERE ( geval_goodsid = '104415' ) AND ( (geval_image <> '') OR (geval_image_again <> '') ) LIMIT 1  
[2019-09-30 04:17:07] /shop/index.php?act=goods&op=comments_list&goods_id=108777 ( act=goods&op=comments_list ) 
ERR: Db Error: Unknown column 'geval_image_again' in 'where clause'
SELECT COUNT(*) AS nc_count FROM `zmkj_evaluate_goods` WHERE ( geval_goodsid = '108777' ) AND ( (geval_image <> '') OR (geval_image_again <> '') ) LIMIT 1  
[2019-09-30 04:24:17] /shop/index.php?act=goods&op=comments_list&goods_id=102909 ( act=goods&op=comments_list ) 
ERR: Db Error: Unknown column 'geval_image_again' in 'where clause'
SELECT COUNT(*) AS nc_count FROM `zmkj_evaluate_goods` WHERE ( geval_goodsid = '102909' ) AND ( (geval_image <> '') OR (geval_image_again <> '') ) LIMIT 1  
[2019-09-30 04:41:33] /shop/index.php?act=goods&op=comments_list&goods_id=111511 ( act=goods&op=comments_list ) 
ERR: Db Error: Unknown column 'geval_image_again' in 'where clause'
SELECT COUNT(*) AS nc_count FROM `zmkj_evaluate_goods` WHERE ( geval_goodsid = '111511' ) AND ( (geval_image <> '') OR (geval_image_again <> '') ) LIMIT 1  
[2019-09-30 04:43:01] /shop/index.php?act=goods&op=comments_list&goods_id=111594 ( act=goods&op=comments_list ) 
ERR: Db Error: Unknown column 'geval_image_again' in 'where clause'
SELECT COUNT(*) AS nc_count FROM `zmkj_evaluate_goods` WHERE ( geval_goodsid = '111594' ) AND ( (geval_image <> '') OR (geval_image_again <> '') ) LIMIT 1  
[2019-09-30 04:45:57] /shop/index.php?act=goods&op=comments_list&goods_id=103214 ( act=goods&op=comments_list ) 
ERR: Db Error: Unknown column 'geval_image_again' in 'where clause'
SELECT COUNT(*) AS nc_count FROM `zmkj_evaluate_goods` WHERE ( geval_goodsid = '103214' ) AND ( (geval_image <> '') OR (geval_image_again <> '') ) LIMIT 1  
[2019-09-30 04:46:57] /shop/index.php?act=goods&op=comments_list&goods_id=103214 ( act=goods&op=comments_list ) 
ERR: Db Error: Unknown column 'geval_image_again' in 'where clause'
SELECT COUNT(*) AS nc_count FROM `zmkj_evaluate_goods` WHERE ( geval_goodsid = '103214' ) AND ( (geval_image <> '') OR (geval_image_again <> '') ) LIMIT 1  
[2019-09-30 05:26:59] /shop/index.php?act=goods&op=comments_list&goods_id=111528 ( act=goods&op=comments_list ) 
ERR: Db Error: Unknown column 'geval_image_again' in 'where clause'
SELECT COUNT(*) AS nc_count FROM `zmkj_evaluate_goods` WHERE ( geval_goodsid = '111528' ) AND ( (geval_image <> '') OR (geval_image_again <> '') ) LIMIT 1  
[2019-09-30 06:21:12] /shop/index.php?act=goods&op=comments_list&goods_id=101244 ( act=goods&op=comments_list ) 
ERR: Db Error: Unknown column 'geval_image_again' in 'where clause'
SELECT COUNT(*) AS nc_count FROM `zmkj_evaluate_goods` WHERE ( geval_goodsid = '101244' ) AND ( (geval_image <> '') OR (geval_image_again <> '') ) LIMIT 1  
[2019-09-30 06:22:40] /shop/index.php?act=goods&op=comments_list&goods_id=111559 ( act=goods&op=comments_list ) 
ERR: Db Error: Unknown column 'geval_image_again' in 'where clause'
SELECT COUNT(*) AS nc_count FROM `zmkj_evaluate_goods` WHERE ( geval_goodsid = '111559' ) AND ( (geval_image <> '') OR (geval_image_again <> '') ) LIMIT 1  
[2019-09-30 06:27:03] /shop/index.php?act=goods&op=comments_list&goods_id=109201 ( act=goods&op=comments_list ) 
ERR: Db Error: Unknown column 'geval_image_again' in 'where clause'
SELECT COUNT(*) AS nc_count FROM `zmkj_evaluate_goods` WHERE ( geval_goodsid = '109201' ) AND ( (geval_image <> '') OR (geval_image_again <> '') ) LIMIT 1  
[2019-09-30 06:37:19] /shop/index.php?act=goods&op=comments_list&goods_id=109349 ( act=goods&op=comments_list ) 
ERR: Db Error: Unknown column 'geval_image_again' in 'where clause'
SELECT COUNT(*) AS nc_count FROM `zmkj_evaluate_goods` WHERE ( geval_goodsid = '109349' ) AND ( (geval_image <> '') OR (geval_image_again <> '') ) LIMIT 1  
[2019-09-30 06:43:09] /shop/index.php?act=goods&op=comments_list&goods_id=102639 ( act=goods&op=comments_list ) 
ERR: Db Error: Unknown column 'geval_image_again' in 'where clause'
SELECT COUNT(*) AS nc_count FROM `zmkj_evaluate_goods` WHERE ( geval_goodsid = '102639' ) AND ( (geval_image <> '') OR (geval_image_again <> '') ) LIMIT 1  
[2019-09-30 07:33:47] /shop/index.php?act=goods&op=comments_list&goods_id=111516 ( act=goods&op=comments_list ) 
ERR: Db Error: Unknown column 'geval_image_again' in 'where clause'
SELECT COUNT(*) AS nc_count FROM `zmkj_evaluate_goods` WHERE ( geval_goodsid = '111516' ) AND ( (geval_image <> '') OR (geval_image_again <> '') ) LIMIT 1  
[2019-09-30 07:39:38] /shop/index.php?act=goods&op=comments_list&goods_id=109286 ( act=goods&op=comments_list ) 
ERR: Db Error: Unknown column 'geval_image_again' in 'where clause'
SELECT COUNT(*) AS nc_count FROM `zmkj_evaluate_goods` WHERE ( geval_goodsid = '109286' ) AND ( (geval_image <> '') OR (geval_image_again <> '') ) LIMIT 1  
[2019-09-30 07:45:28] /shop/index.php?act=goods&op=comments_list&goods_id=104460 ( act=goods&op=comments_list ) 
ERR: Db Error: Unknown column 'geval_image_again' in 'where clause'
SELECT COUNT(*) AS nc_count FROM `zmkj_evaluate_goods` WHERE ( geval_goodsid = '104460' ) AND ( (geval_image <> '') OR (geval_image_again <> '') ) LIMIT 1  
[2019-09-30 08:32:12] /shop/index.php?act=goods&op=comments_list&goods_id=108765 ( act=goods&op=comments_list ) 
ERR: Db Error: Unknown column 'geval_image_again' in 'where clause'
SELECT COUNT(*) AS nc_count FROM `zmkj_evaluate_goods` WHERE ( geval_goodsid = '108765' ) AND ( (geval_image <> '') OR (geval_image_again <> '') ) LIMIT 1  
[2019-09-30 09:51:46] /shop/index.php?act=goods&op=comments_list&goods_id=111436 ( act=goods&op=comments_list ) 
ERR: Db Error: Unknown column 'geval_image_again' in 'where clause'
SELECT COUNT(*) AS nc_count FROM `zmkj_evaluate_goods` WHERE ( geval_goodsid = '111436' ) AND ( (geval_image <> '') OR (geval_image_again <> '') ) LIMIT 1  
[2019-09-30 10:02:54] /shop/index.php?act=goods&op=comments_list&goods_id=111351 ( act=goods&op=comments_list ) 
ERR: Db Error: Unknown column 'geval_image_again' in 'where clause'
SELECT COUNT(*) AS nc_count FROM `zmkj_evaluate_goods` WHERE ( geval_goodsid = '111351' ) AND ( (geval_image <> '') OR (geval_image_again <> '') ) LIMIT 1  
[2019-09-30 11:58:18] /shop/index.php?act=goods&op=comments_list&goods_id=111304 ( act=goods&op=comments_list ) 
ERR: Db Error: Unknown column 'geval_image_again' in 'where clause'
SELECT COUNT(*) AS nc_count FROM `zmkj_evaluate_goods` WHERE ( geval_goodsid = '111304' ) AND ( (geval_image <> '') OR (geval_image_again <> '') ) LIMIT 1  
[2019-09-30 12:00:18] /shop/index.php?act=goods&op=comments_list&goods_id=111340 ( act=goods&op=comments_list ) 
ERR: Db Error: Unknown column 'geval_image_again' in 'where clause'
SELECT COUNT(*) AS nc_count FROM `zmkj_evaluate_goods` WHERE ( geval_goodsid = '111340' ) AND ( (geval_image <> '') OR (geval_image_again <> '') ) LIMIT 1  
[2019-09-30 12:18:18] /shop/index.php?act=goods&op=comments_list&goods_id=104925 ( act=goods&op=comments_list ) 
ERR: Db Error: Unknown column 'geval_image_again' in 'where clause'
SELECT COUNT(*) AS nc_count FROM `zmkj_evaluate_goods` WHERE ( geval_goodsid = '104925' ) AND ( (geval_image <> '') OR (geval_image_again <> '') ) LIMIT 1  
[2019-09-30 16:28:24] /shop/index.php?act=goods&op=comments_list&goods_id=109234 ( act=goods&op=comments_list ) 
ERR: Db Error: Unknown column 'geval_image_again' in 'where clause'
SELECT COUNT(*) AS nc_count FROM `zmkj_evaluate_goods` WHERE ( geval_goodsid = '109234' ) AND ( (geval_image <> '') OR (geval_image_again <> '') ) LIMIT 1  
[2019-09-30 17:24:56] /admin/index.php?act=goods_orm&op=edit&id=2439 ( act=goods_orm&op=edit ) 
ERR: Db Error: Unknown column 'goods_id' in 'field list'
select goods_id from zmkj_goods_orm where productId='e8a51e55-884b-4fbf-811b-927dc8f128e1 and id !=2439'
[2019-09-30 20:55:22] /shop/index.php?act=search&op=index&cate_id=1582&gift=1 ( act=search&op=index ) 
ERR: Db Error: Unknown column 'gc_id_' in 'where clause'
SELECT count(distinct CONCAT(goods_commonid)) AS nc_count FROM `zmkj_goods` WHERE ( gc_id_ = '1582' ) AND ( have_gift = '1' ) AND ( goods_state = '1' ) AND ( goods_verify = '1' ) LIMIT 1  
[2019-09-30 21:22:51] /shop/index.php?act=goods&goods_id=100785&op=comments_list ( act=goods&op=comments_list ) 
ERR: Db Error: Unknown column 'geval_image_again' in 'where clause'
SELECT COUNT(*) AS nc_count FROM `zmkj_evaluate_goods` WHERE ( geval_goodsid = '100785' ) AND ( (geval_image <> '') OR (geval_image_again <> '') ) LIMIT 1  
[2019-09-30 21:42:15] /shop/index.php?act=goods&goods_id=107490&op=comments_list ( act=goods&op=comments_list ) 
ERR: Db Error: Unknown column 'geval_image_again' in 'where clause'
SELECT COUNT(*) AS nc_count FROM `zmkj_evaluate_goods` WHERE ( geval_goodsid = '107490' ) AND ( (geval_image <> '') OR (geval_image_again <> '') ) LIMIT 1  
[2019-09-30 21:43:43] /shop/index.php?act=goods&goods_id=108103&op=comments_list ( act=goods&op=comments_list ) 
ERR: Db Error: Unknown column 'geval_image_again' in 'where clause'
SELECT COUNT(*) AS nc_count FROM `zmkj_evaluate_goods` WHERE ( geval_goodsid = '108103' ) AND ( (geval_image <> '') OR (geval_image_again <> '') ) LIMIT 1  
