[2019-12-22 01:32:11] /shop/index.php?act=goods&op=comments_list&goods_id=112851 ( act=goods&op=comments_list ) 
ERR: Db Error: Unknown column 'geval_image_again' in 'where clause'
SELECT COUNT(*) AS nc_count FROM `zmkj_evaluate_goods` WHERE ( geval_goodsid = '112851' ) AND ( (geval_image <> '') OR (geval_image_again <> '') ) LIMIT 1  
[2019-12-22 01:32:46] /shop/index.php?act=goods&op=comments_list&goods_id=112872 ( act=goods&op=comments_list ) 
ERR: Db Error: Unknown column 'geval_image_again' in 'where clause'
SELECT COUNT(*) AS nc_count FROM `zmkj_evaluate_goods` WHERE ( geval_goodsid = '112872' ) AND ( (geval_image <> '') OR (geval_image_again <> '') ) LIMIT 1  
[2019-12-22 01:33:29] /shop/index.php?act=goods&op=comments_list&goods_id=112873 ( act=goods&op=comments_list ) 
ERR: Db Error: Unknown column 'geval_image_again' in 'where clause'
SELECT COUNT(*) AS nc_count FROM `zmkj_evaluate_goods` WHERE ( geval_goodsid = '112873' ) AND ( (geval_image <> '') OR (geval_image_again <> '') ) LIMIT 1  
[2019-12-22 01:33:48] /shop/index.php?act=goods&op=comments_list&goods_id=112878 ( act=goods&op=comments_list ) 
ERR: Db Error: Unknown column 'geval_image_again' in 'where clause'
SELECT COUNT(*) AS nc_count FROM `zmkj_evaluate_goods` WHERE ( geval_goodsid = '112878' ) AND ( (geval_image <> '') OR (geval_image_again <> '') ) LIMIT 1  
[2019-12-22 01:34:09] /shop/index.php?act=goods&op=comments_list&goods_id=112879 ( act=goods&op=comments_list ) 
ERR: Db Error: Unknown column 'geval_image_again' in 'where clause'
SELECT COUNT(*) AS nc_count FROM `zmkj_evaluate_goods` WHERE ( geval_goodsid = '112879' ) AND ( (geval_image <> '') OR (geval_image_again <> '') ) LIMIT 1  
[2019-12-22 01:34:28] /shop/index.php?act=goods&op=comments_list&goods_id=112856 ( act=goods&op=comments_list ) 
ERR: Db Error: Unknown column 'geval_image_again' in 'where clause'
SELECT COUNT(*) AS nc_count FROM `zmkj_evaluate_goods` WHERE ( geval_goodsid = '112856' ) AND ( (geval_image <> '') OR (geval_image_again <> '') ) LIMIT 1  
[2019-12-22 01:36:14] /shop/index.php?act=goods&op=comments_list&goods_id=102527 ( act=goods&op=comments_list ) 
ERR: Db Error: Unknown column 'geval_image_again' in 'where clause'
SELECT COUNT(*) AS nc_count FROM `zmkj_evaluate_goods` WHERE ( geval_goodsid = '102527' ) AND ( (geval_image <> '') OR (geval_image_again <> '') ) LIMIT 1  
[2019-12-22 01:36:36] /shop/index.php?act=goods&op=comments_list&goods_id=102551 ( act=goods&op=comments_list ) 
ERR: Db Error: Unknown column 'geval_image_again' in 'where clause'
SELECT COUNT(*) AS nc_count FROM `zmkj_evaluate_goods` WHERE ( geval_goodsid = '102551' ) AND ( (geval_image <> '') OR (geval_image_again <> '') ) LIMIT 1  
[2019-12-22 01:37:05] /shop/index.php?act=goods&op=comments_list&goods_id=103998 ( act=goods&op=comments_list ) 
ERR: Db Error: Unknown column 'geval_image_again' in 'where clause'
SELECT COUNT(*) AS nc_count FROM `zmkj_evaluate_goods` WHERE ( geval_goodsid = '103998' ) AND ( (geval_image <> '') OR (geval_image_again <> '') ) LIMIT 1  
[2019-12-22 01:37:19] /shop/index.php?act=goods&op=comments_list&goods_id=106333 ( act=goods&op=comments_list ) 
ERR: Db Error: Unknown column 'geval_image_again' in 'where clause'
SELECT COUNT(*) AS nc_count FROM `zmkj_evaluate_goods` WHERE ( geval_goodsid = '106333' ) AND ( (geval_image <> '') OR (geval_image_again <> '') ) LIMIT 1  
[2019-12-22 02:27:48] /shop/index.php?act=goods&op=comments_list&goods_id=101231 ( act=goods&op=comments_list ) 
ERR: Db Error: Unknown column 'geval_image_again' in 'where clause'
SELECT COUNT(*) AS nc_count FROM `zmkj_evaluate_goods` WHERE ( geval_goodsid = '101231' ) AND ( (geval_image <> '') OR (geval_image_again <> '') ) LIMIT 1  
[2019-12-22 02:28:30] /shop/index.php?act=goods&op=comments_list&goods_id=101897 ( act=goods&op=comments_list ) 
ERR: Db Error: Unknown column 'geval_image_again' in 'where clause'
SELECT COUNT(*) AS nc_count FROM `zmkj_evaluate_goods` WHERE ( geval_goodsid = '101897' ) AND ( (geval_image <> '') OR (geval_image_again <> '') ) LIMIT 1  
[2019-12-22 02:29:11] /shop/index.php?act=goods&op=comments_list&goods_id=101899 ( act=goods&op=comments_list ) 
ERR: Db Error: Unknown column 'geval_image_again' in 'where clause'
SELECT COUNT(*) AS nc_count FROM `zmkj_evaluate_goods` WHERE ( geval_goodsid = '101899' ) AND ( (geval_image <> '') OR (geval_image_again <> '') ) LIMIT 1  
[2019-12-22 02:29:49] /shop/index.php?act=goods&op=comments_list&goods_id=101900 ( act=goods&op=comments_list ) 
ERR: Db Error: Unknown column 'geval_image_again' in 'where clause'
SELECT COUNT(*) AS nc_count FROM `zmkj_evaluate_goods` WHERE ( geval_goodsid = '101900' ) AND ( (geval_image <> '') OR (geval_image_again <> '') ) LIMIT 1  
[2019-12-22 02:30:29] /shop/index.php?act=goods&op=comments_list&goods_id=101901 ( act=goods&op=comments_list ) 
ERR: Db Error: Unknown column 'geval_image_again' in 'where clause'
SELECT COUNT(*) AS nc_count FROM `zmkj_evaluate_goods` WHERE ( geval_goodsid = '101901' ) AND ( (geval_image <> '') OR (geval_image_again <> '') ) LIMIT 1  
[2019-12-22 02:31:08] /shop/index.php?act=goods&op=comments_list&goods_id=101902 ( act=goods&op=comments_list ) 
ERR: Db Error: Unknown column 'geval_image_again' in 'where clause'
SELECT COUNT(*) AS nc_count FROM `zmkj_evaluate_goods` WHERE ( geval_goodsid = '101902' ) AND ( (geval_image <> '') OR (geval_image_again <> '') ) LIMIT 1  
[2019-12-22 02:31:37] /shop/index.php?act=goods&op=comments_list&goods_id=103941 ( act=goods&op=comments_list ) 
ERR: Db Error: Unknown column 'geval_image_again' in 'where clause'
SELECT COUNT(*) AS nc_count FROM `zmkj_evaluate_goods` WHERE ( geval_goodsid = '103941' ) AND ( (geval_image <> '') OR (geval_image_again <> '') ) LIMIT 1  
[2019-12-22 02:36:32] /shop/index.php?act=goods&op=comments_list&goods_id=112855 ( act=goods&op=comments_list ) 
ERR: Db Error: Unknown column 'geval_image_again' in 'where clause'
SELECT COUNT(*) AS nc_count FROM `zmkj_evaluate_goods` WHERE ( geval_goodsid = '112855' ) AND ( (geval_image <> '') OR (geval_image_again <> '') ) LIMIT 1  
[2019-12-22 02:36:47] /shop/index.php?act=goods&op=comments_list&goods_id=112870 ( act=goods&op=comments_list ) 
ERR: Db Error: Unknown column 'geval_image_again' in 'where clause'
SELECT COUNT(*) AS nc_count FROM `zmkj_evaluate_goods` WHERE ( geval_goodsid = '112870' ) AND ( (geval_image <> '') OR (geval_image_again <> '') ) LIMIT 1  
[2019-12-22 03:12:10] /shop/index.php?act=goods&op=comments_list&goods_id=104984 ( act=goods&op=comments_list ) 
ERR: Db Error: Unknown column 'geval_image_again' in 'where clause'
SELECT COUNT(*) AS nc_count FROM `zmkj_evaluate_goods` WHERE ( geval_goodsid = '104984' ) AND ( (geval_image <> '') OR (geval_image_again <> '') ) LIMIT 1  
[2019-12-22 03:17:12] /shop/index.php?act=goods&op=comments_list&goods_id=101907 ( act=goods&op=comments_list ) 
ERR: Db Error: Unknown column 'geval_image_again' in 'where clause'
SELECT COUNT(*) AS nc_count FROM `zmkj_evaluate_goods` WHERE ( geval_goodsid = '101907' ) AND ( (geval_image <> '') OR (geval_image_again <> '') ) LIMIT 1  
[2019-12-22 03:17:32] /shop/index.php?act=goods&op=comments_list&goods_id=105689 ( act=goods&op=comments_list ) 
ERR: Db Error: Unknown column 'geval_image_again' in 'where clause'
SELECT COUNT(*) AS nc_count FROM `zmkj_evaluate_goods` WHERE ( geval_goodsid = '105689' ) AND ( (geval_image <> '') OR (geval_image_again <> '') ) LIMIT 1  
[2019-12-22 04:17:08] /shop/index.php?act=hot_sale&op=index ( act=hot_sale&op=index ) 
ERR: Db Error: You have an error in your SQL syntax; check the manual that corresponds to your MySQL server version for the right syntax to use near ') and goods_state=1' at line 1
select * from zmkj_goods where goods_id in () and goods_state=1
[2019-12-22 04:17:08] /shop/index.php?act=hot_sale&op=index ( act=hot_sale&op=index ) 
ERR: Db Error: You have an error in your SQL syntax; check the manual that corresponds to your MySQL server version for the right syntax to use near '' at line 1
select `member_id` from zmkj_store where store_id = 
[2019-12-22 04:53:19] /shop/index.php?act=goods&op=comments_list&goods_id=101888 ( act=goods&op=comments_list ) 
ERR: Db Error: Unknown column 'geval_image_again' in 'where clause'
SELECT COUNT(*) AS nc_count FROM `zmkj_evaluate_goods` WHERE ( geval_goodsid = '101888' ) AND ( (geval_image <> '') OR (geval_image_again <> '') ) LIMIT 1  
[2019-12-22 04:53:24] /shop/index.php?act=goods&op=comments_list&goods_id=101894 ( act=goods&op=comments_list ) 
ERR: Db Error: Unknown column 'geval_image_again' in 'where clause'
SELECT COUNT(*) AS nc_count FROM `zmkj_evaluate_goods` WHERE ( geval_goodsid = '101894' ) AND ( (geval_image <> '') OR (geval_image_again <> '') ) LIMIT 1  
[2019-12-22 04:53:29] /shop/index.php?act=goods&op=comments_list&goods_id=105691 ( act=goods&op=comments_list ) 
ERR: Db Error: Unknown column 'geval_image_again' in 'where clause'
SELECT COUNT(*) AS nc_count FROM `zmkj_evaluate_goods` WHERE ( geval_goodsid = '105691' ) AND ( (geval_image <> '') OR (geval_image_again <> '') ) LIMIT 1  
[2019-12-22 05:20:24] /shop/index.php?act=goods&op=comments_list&goods_id=112871 ( act=goods&op=comments_list ) 
ERR: Db Error: Unknown column 'geval_image_again' in 'where clause'
SELECT COUNT(*) AS nc_count FROM `zmkj_evaluate_goods` WHERE ( geval_goodsid = '112871' ) AND ( (geval_image <> '') OR (geval_image_again <> '') ) LIMIT 1  
[2019-12-22 05:24:57] /shop/index.php?act=goods&op=comments_list&goods_id=112875 ( act=goods&op=comments_list ) 
ERR: Db Error: Unknown column 'geval_image_again' in 'where clause'
SELECT COUNT(*) AS nc_count FROM `zmkj_evaluate_goods` WHERE ( geval_goodsid = '112875' ) AND ( (geval_image <> '') OR (geval_image_again <> '') ) LIMIT 1  
[2019-12-22 05:26:13] /shop/index.php?act=goods&op=comments_list&goods_id=112886 ( act=goods&op=comments_list ) 
ERR: Db Error: Unknown column 'geval_image_again' in 'where clause'
SELECT COUNT(*) AS nc_count FROM `zmkj_evaluate_goods` WHERE ( geval_goodsid = '112886' ) AND ( (geval_image <> '') OR (geval_image_again <> '') ) LIMIT 1  
[2019-12-22 05:27:10] /shop/index.php?act=goods&op=comments_list&goods_id=112887 ( act=goods&op=comments_list ) 
ERR: Db Error: Unknown column 'geval_image_again' in 'where clause'
SELECT COUNT(*) AS nc_count FROM `zmkj_evaluate_goods` WHERE ( geval_goodsid = '112887' ) AND ( (geval_image <> '') OR (geval_image_again <> '') ) LIMIT 1  
[2019-12-22 05:27:59] /shop/index.php?act=goods&op=comments_list&goods_id=112895 ( act=goods&op=comments_list ) 
ERR: Db Error: Unknown column 'geval_image_again' in 'where clause'
SELECT COUNT(*) AS nc_count FROM `zmkj_evaluate_goods` WHERE ( geval_goodsid = '112895' ) AND ( (geval_image <> '') OR (geval_image_again <> '') ) LIMIT 1  
[2019-12-22 05:28:43] /shop/index.php?act=goods&op=comments_list&goods_id=112897 ( act=goods&op=comments_list ) 
ERR: Db Error: Unknown column 'geval_image_again' in 'where clause'
SELECT COUNT(*) AS nc_count FROM `zmkj_evaluate_goods` WHERE ( geval_goodsid = '112897' ) AND ( (geval_image <> '') OR (geval_image_again <> '') ) LIMIT 1  
[2019-12-22 06:19:58] /shop/index.php?act=goods&op=comments_list&goods_id=105296 ( act=goods&op=comments_list ) 
ERR: Db Error: Unknown column 'geval_image_again' in 'where clause'
SELECT COUNT(*) AS nc_count FROM `zmkj_evaluate_goods` WHERE ( geval_goodsid = '105296' ) AND ( (geval_image <> '') OR (geval_image_again <> '') ) LIMIT 1  
[2019-12-22 07:57:46] /shop/index.php?act=goods&op=comments_list&goods_id=112961 ( act=goods&op=comments_list ) 
ERR: Db Error: Unknown column 'geval_image_again' in 'where clause'
SELECT COUNT(*) AS nc_count FROM `zmkj_evaluate_goods` WHERE ( geval_goodsid = '112961' ) AND ( (geval_image <> '') OR (geval_image_again <> '') ) LIMIT 1  
[2019-12-22 07:58:02] /shop/index.php?act=goods&op=comments_list&goods_id=112918 ( act=goods&op=comments_list ) 
ERR: Db Error: Unknown column 'geval_image_again' in 'where clause'
SELECT COUNT(*) AS nc_count FROM `zmkj_evaluate_goods` WHERE ( geval_goodsid = '112918' ) AND ( (geval_image <> '') OR (geval_image_again <> '') ) LIMIT 1  
[2019-12-22 07:58:20] /shop/index.php?act=goods&op=comments_list&goods_id=112901 ( act=goods&op=comments_list ) 
ERR: Db Error: Unknown column 'geval_image_again' in 'where clause'
SELECT COUNT(*) AS nc_count FROM `zmkj_evaluate_goods` WHERE ( geval_goodsid = '112901' ) AND ( (geval_image <> '') OR (geval_image_again <> '') ) LIMIT 1  
[2019-12-22 07:58:36] /shop/index.php?act=goods&op=comments_list&goods_id=112959 ( act=goods&op=comments_list ) 
ERR: Db Error: Unknown column 'geval_image_again' in 'where clause'
SELECT COUNT(*) AS nc_count FROM `zmkj_evaluate_goods` WHERE ( geval_goodsid = '112959' ) AND ( (geval_image <> '') OR (geval_image_again <> '') ) LIMIT 1  
[2019-12-22 10:48:58] /shop/index.php?act=goods&op=comments_list&goods_id=112831 ( act=goods&op=comments_list ) 
ERR: Db Error: Unknown column 'geval_image_again' in 'where clause'
SELECT COUNT(*) AS nc_count FROM `zmkj_evaluate_goods` WHERE ( geval_goodsid = '112831' ) AND ( (geval_image <> '') OR (geval_image_again <> '') ) LIMIT 1  
[2019-12-22 10:59:24] /shop/index.php?act=goods&op=comments_list&goods_id=112824 ( act=goods&op=comments_list ) 
ERR: Db Error: Unknown column 'geval_image_again' in 'where clause'
SELECT COUNT(*) AS nc_count FROM `zmkj_evaluate_goods` WHERE ( geval_goodsid = '112824' ) AND ( (geval_image <> '') OR (geval_image_again <> '') ) LIMIT 1  
[2019-12-22 11:04:37] /shop/index.php?act=goods&op=comments_list&goods_id=112823 ( act=goods&op=comments_list ) 
ERR: Db Error: Unknown column 'geval_image_again' in 'where clause'
SELECT COUNT(*) AS nc_count FROM `zmkj_evaluate_goods` WHERE ( geval_goodsid = '112823' ) AND ( (geval_image <> '') OR (geval_image_again <> '') ) LIMIT 1  
[2019-12-22 11:28:06] /shop/index.php?act=goods&op=comments_list&goods_id=112818 ( act=goods&op=comments_list ) 
ERR: Db Error: Unknown column 'geval_image_again' in 'where clause'
SELECT COUNT(*) AS nc_count FROM `zmkj_evaluate_goods` WHERE ( geval_goodsid = '112818' ) AND ( (geval_image <> '') OR (geval_image_again <> '') ) LIMIT 1  
[2019-12-22 11:33:19] /shop/index.php?act=goods&op=comments_list&goods_id=112812 ( act=goods&op=comments_list ) 
ERR: Db Error: Unknown column 'geval_image_again' in 'where clause'
SELECT COUNT(*) AS nc_count FROM `zmkj_evaluate_goods` WHERE ( geval_goodsid = '112812' ) AND ( (geval_image <> '') OR (geval_image_again <> '') ) LIMIT 1  
[2019-12-22 11:47:50] /shop/index.php?act=goods&op=comments_list&goods_id=102588 ( act=goods&op=comments_list ) 
ERR: Db Error: Unknown column 'geval_image_again' in 'where clause'
SELECT COUNT(*) AS nc_count FROM `zmkj_evaluate_goods` WHERE ( geval_goodsid = '102588' ) AND ( (geval_image <> '') OR (geval_image_again <> '') ) LIMIT 1  
[2019-12-22 13:37:28] /shop/index.php?act=goods&op=comments_list&goods_id=112883 ( act=goods&op=comments_list ) 
ERR: Db Error: Unknown column 'geval_image_again' in 'where clause'
SELECT COUNT(*) AS nc_count FROM `zmkj_evaluate_goods` WHERE ( geval_goodsid = '112883' ) AND ( (geval_image <> '') OR (geval_image_again <> '') ) LIMIT 1  
[2019-12-22 13:40:42] /shop/index.php?act=goods&op=comments_list&goods_id=112893 ( act=goods&op=comments_list ) 
ERR: Db Error: Unknown column 'geval_image_again' in 'where clause'
SELECT COUNT(*) AS nc_count FROM `zmkj_evaluate_goods` WHERE ( geval_goodsid = '112893' ) AND ( (geval_image <> '') OR (geval_image_again <> '') ) LIMIT 1  
[2019-12-22 13:50:30] /shop/index.php?act=goods&op=comments_list&goods_id=112892 ( act=goods&op=comments_list ) 
ERR: Db Error: Unknown column 'geval_image_again' in 'where clause'
SELECT COUNT(*) AS nc_count FROM `zmkj_evaluate_goods` WHERE ( geval_goodsid = '112892' ) AND ( (geval_image <> '') OR (geval_image_again <> '') ) LIMIT 1  
[2019-12-22 15:00:20] /shop/index.php?act=goods&op=comments_list&goods_id=112466 ( act=goods&op=comments_list ) 
ERR: Db Error: Unknown column 'geval_image_again' in 'where clause'
SELECT COUNT(*) AS nc_count FROM `zmkj_evaluate_goods` WHERE ( geval_goodsid = '112466' ) AND ( (geval_image <> '') OR (geval_image_again <> '') ) LIMIT 1  
[2019-12-22 16:22:30] /shop/index.php?act=goods&op=comments_list&goods_id=112903 ( act=goods&op=comments_list ) 
ERR: Db Error: Unknown column 'geval_image_again' in 'where clause'
SELECT COUNT(*) AS nc_count FROM `zmkj_evaluate_goods` WHERE ( geval_goodsid = '112903' ) AND ( (geval_image <> '') OR (geval_image_again <> '') ) LIMIT 1  
[2019-12-22 16:32:22] /shop/index.php?act=goods&op=comments_list&goods_id=112935 ( act=goods&op=comments_list ) 
ERR: Db Error: Unknown column 'geval_image_again' in 'where clause'
SELECT COUNT(*) AS nc_count FROM `zmkj_evaluate_goods` WHERE ( geval_goodsid = '112935' ) AND ( (geval_image <> '') OR (geval_image_again <> '') ) LIMIT 1  
[2019-12-22 16:37:33] /shop/index.php?act=goods&op=comments_list&goods_id=112825 ( act=goods&op=comments_list ) 
ERR: Db Error: Unknown column 'geval_image_again' in 'where clause'
SELECT COUNT(*) AS nc_count FROM `zmkj_evaluate_goods` WHERE ( geval_goodsid = '112825' ) AND ( (geval_image <> '') OR (geval_image_again <> '') ) LIMIT 1  
[2019-12-22 17:42:56] /shop/index.php?act=goods&op=comments_list&goods_id=112822 ( act=goods&op=comments_list ) 
ERR: Db Error: Unknown column 'geval_image_again' in 'where clause'
SELECT COUNT(*) AS nc_count FROM `zmkj_evaluate_goods` WHERE ( geval_goodsid = '112822' ) AND ( (geval_image <> '') OR (geval_image_again <> '') ) LIMIT 1  
[2019-12-22 17:54:50] /shop/index.php?act=goods&op=comments_list&goods_id=112817 ( act=goods&op=comments_list ) 
ERR: Db Error: Unknown column 'geval_image_again' in 'where clause'
SELECT COUNT(*) AS nc_count FROM `zmkj_evaluate_goods` WHERE ( geval_goodsid = '112817' ) AND ( (geval_image <> '') OR (geval_image_again <> '') ) LIMIT 1  
[2019-12-22 17:58:48] /shop/index.php?act=goods&op=comments_list&goods_id=112819 ( act=goods&op=comments_list ) 
ERR: Db Error: Unknown column 'geval_image_again' in 'where clause'
SELECT COUNT(*) AS nc_count FROM `zmkj_evaluate_goods` WHERE ( geval_goodsid = '112819' ) AND ( (geval_image <> '') OR (geval_image_again <> '') ) LIMIT 1  
[2019-12-22 18:20:35] /shop/index.php?act=goods&op=comments_list&goods_id=112815 ( act=goods&op=comments_list ) 
ERR: Db Error: Unknown column 'geval_image_again' in 'where clause'
SELECT COUNT(*) AS nc_count FROM `zmkj_evaluate_goods` WHERE ( geval_goodsid = '112815' ) AND ( (geval_image <> '') OR (geval_image_again <> '') ) LIMIT 1  
[2019-12-22 20:17:34] /shop/index.php?act=goods&op=comments_list&goods_id=112807 ( act=goods&op=comments_list ) 
ERR: Db Error: Unknown column 'geval_image_again' in 'where clause'
SELECT COUNT(*) AS nc_count FROM `zmkj_evaluate_goods` WHERE ( geval_goodsid = '112807' ) AND ( (geval_image <> '') OR (geval_image_again <> '') ) LIMIT 1  
[2019-12-22 20:54:06] /shop/index.php?act=goods&op=comments_list&goods_id=112281 ( act=goods&op=comments_list ) 
ERR: Db Error: Unknown column 'geval_image_again' in 'where clause'
SELECT COUNT(*) AS nc_count FROM `zmkj_evaluate_goods` WHERE ( geval_goodsid = '112281' ) AND ( (geval_image <> '') OR (geval_image_again <> '') ) LIMIT 1  
[2019-12-22 21:35:48] /shop/index.php?act=goods&op=comments_list&goods_id=102575 ( act=goods&op=comments_list ) 
ERR: Db Error: Unknown column 'geval_image_again' in 'where clause'
SELECT COUNT(*) AS nc_count FROM `zmkj_evaluate_goods` WHERE ( geval_goodsid = '102575' ) AND ( (geval_image <> '') OR (geval_image_again <> '') ) LIMIT 1  
[2019-12-22 23:23:30] /shop/index.php?act=goods&op=comments_list&goods_id=112811 ( act=goods&op=comments_list ) 
ERR: Db Error: Unknown column 'geval_image_again' in 'where clause'
SELECT COUNT(*) AS nc_count FROM `zmkj_evaluate_goods` WHERE ( geval_goodsid = '112811' ) AND ( (geval_image <> '') OR (geval_image_again <> '') ) LIMIT 1  
