[2019-12-31 00:52:21] /shop/index.php?act=goods&goods_id=108020&op=comments_list ( act=goods&op=comments_list ) 
ERR: Db Error: Unknown column 'geval_image_again' in 'where clause'
SELECT COUNT(*) AS nc_count FROM `zmkj_evaluate_goods` WHERE ( geval_goodsid = '108020' ) AND ( (geval_image <> '') OR (geval_image_again <> '') ) LIMIT 1  
[2019-12-31 00:59:02] /shop/index.php?act=goods&goods_id=107363&op=comments_list ( act=goods&op=comments_list ) 
ERR: Db Error: Unknown column 'geval_image_again' in 'where clause'
SELECT COUNT(*) AS nc_count FROM `zmkj_evaluate_goods` WHERE ( geval_goodsid = '107363' ) AND ( (geval_image <> '') OR (geval_image_again <> '') ) LIMIT 1  
[2019-12-31 00:59:16] /shop/index.php?act=goods&goods_id=104448&op=comments_list&type=2 ( act=goods&op=comments_list ) 
ERR: Db Error: Unknown column 'geval_image_again' in 'where clause'
SELECT COUNT(*) AS nc_count FROM `zmkj_evaluate_goods` WHERE ( geval_goodsid = '104448' ) AND ( (geval_image <> '') OR (geval_image_again <> '') ) LIMIT 1  
[2019-12-31 01:00:13] /shop/index.php?act=goods&goods_id=108319&op=comments_list ( act=goods&op=comments_list ) 
ERR: Db Error: Unknown column 'geval_image_again' in 'where clause'
SELECT COUNT(*) AS nc_count FROM `zmkj_evaluate_goods` WHERE ( geval_goodsid = '108319' ) AND ( (geval_image <> '') OR (geval_image_again <> '') ) LIMIT 1  
[2019-12-31 01:00:35] /shop/index.php?act=goods&goods_id=104464&op=comments_list ( act=goods&op=comments_list ) 
ERR: Db Error: Unknown column 'geval_image_again' in 'where clause'
SELECT COUNT(*) AS nc_count FROM `zmkj_evaluate_goods` WHERE ( geval_goodsid = '104464' ) AND ( (geval_image <> '') OR (geval_image_again <> '') ) LIMIT 1  
[2019-12-31 02:01:22] /shop/index.php?act=goods&goods_id=108020&op=comments_list ( act=goods&op=comments_list ) 
ERR: Db Error: Unknown column 'geval_image_again' in 'where clause'
SELECT COUNT(*) AS nc_count FROM `zmkj_evaluate_goods` WHERE ( geval_goodsid = '108020' ) AND ( (geval_image <> '') OR (geval_image_again <> '') ) LIMIT 1  
[2019-12-31 02:06:41] /shop/index.php?act=goods&goods_id=107002&op=comments_list ( act=goods&op=comments_list ) 
ERR: Db Error: Unknown column 'geval_image_again' in 'where clause'
SELECT COUNT(*) AS nc_count FROM `zmkj_evaluate_goods` WHERE ( geval_goodsid = '107002' ) AND ( (geval_image <> '') OR (geval_image_again <> '') ) LIMIT 1  
[2019-12-31 02:07:52] /shop/index.php?act=goods&goods_id=104448&op=comments_list&type=2 ( act=goods&op=comments_list ) 
ERR: Db Error: Unknown column 'geval_image_again' in 'where clause'
SELECT COUNT(*) AS nc_count FROM `zmkj_evaluate_goods` WHERE ( geval_goodsid = '104448' ) AND ( (geval_image <> '') OR (geval_image_again <> '') ) LIMIT 1  
[2019-12-31 02:10:23] /shop/index.php?act=goods&goods_id=104464&op=comments_list ( act=goods&op=comments_list ) 
ERR: Db Error: Unknown column 'geval_image_again' in 'where clause'
SELECT COUNT(*) AS nc_count FROM `zmkj_evaluate_goods` WHERE ( geval_goodsid = '104464' ) AND ( (geval_image <> '') OR (geval_image_again <> '') ) LIMIT 1  
[2019-12-31 03:00:02] /shop/index.php?act=goods&goods_id=108020&op=comments_list ( act=goods&op=comments_list ) 
ERR: Db Error: Unknown column 'geval_image_again' in 'where clause'
SELECT COUNT(*) AS nc_count FROM `zmkj_evaluate_goods` WHERE ( geval_goodsid = '108020' ) AND ( (geval_image <> '') OR (geval_image_again <> '') ) LIMIT 1  
[2019-12-31 03:03:09] /shop/index.php?act=goods&goods_id=107002&op=comments_list ( act=goods&op=comments_list ) 
ERR: Db Error: Unknown column 'geval_image_again' in 'where clause'
SELECT COUNT(*) AS nc_count FROM `zmkj_evaluate_goods` WHERE ( geval_goodsid = '107002' ) AND ( (geval_image <> '') OR (geval_image_again <> '') ) LIMIT 1  
[2019-12-31 03:03:42] /shop/index.php?act=goods&goods_id=107363&op=comments_list ( act=goods&op=comments_list ) 
ERR: Db Error: Unknown column 'geval_image_again' in 'where clause'
SELECT COUNT(*) AS nc_count FROM `zmkj_evaluate_goods` WHERE ( geval_goodsid = '107363' ) AND ( (geval_image <> '') OR (geval_image_again <> '') ) LIMIT 1  
[2019-12-31 03:03:51] /shop/index.php?act=goods&goods_id=104448&op=comments_list&type=2 ( act=goods&op=comments_list ) 
ERR: Db Error: Unknown column 'geval_image_again' in 'where clause'
SELECT COUNT(*) AS nc_count FROM `zmkj_evaluate_goods` WHERE ( geval_goodsid = '104448' ) AND ( (geval_image <> '') OR (geval_image_again <> '') ) LIMIT 1  
[2019-12-31 03:04:26] /shop/index.php?act=goods&goods_id=108319&op=comments_list ( act=goods&op=comments_list ) 
ERR: Db Error: Unknown column 'geval_image_again' in 'where clause'
SELECT COUNT(*) AS nc_count FROM `zmkj_evaluate_goods` WHERE ( geval_goodsid = '108319' ) AND ( (geval_image <> '') OR (geval_image_again <> '') ) LIMIT 1  
[2019-12-31 03:04:40] /shop/index.php?act=goods&goods_id=104464&op=comments_list ( act=goods&op=comments_list ) 
ERR: Db Error: Unknown column 'geval_image_again' in 'where clause'
SELECT COUNT(*) AS nc_count FROM `zmkj_evaluate_goods` WHERE ( geval_goodsid = '104464' ) AND ( (geval_image <> '') OR (geval_image_again <> '') ) LIMIT 1  
[2019-12-31 03:57:34] /shop/index.php?act=goods&goods_id=108020&op=comments_list ( act=goods&op=comments_list ) 
ERR: Db Error: Unknown column 'geval_image_again' in 'where clause'
SELECT COUNT(*) AS nc_count FROM `zmkj_evaluate_goods` WHERE ( geval_goodsid = '108020' ) AND ( (geval_image <> '') OR (geval_image_again <> '') ) LIMIT 1  
[2019-12-31 04:00:40] /shop/index.php?act=goods&goods_id=107002&op=comments_list ( act=goods&op=comments_list ) 
ERR: Db Error: Unknown column 'geval_image_again' in 'where clause'
SELECT COUNT(*) AS nc_count FROM `zmkj_evaluate_goods` WHERE ( geval_goodsid = '107002' ) AND ( (geval_image <> '') OR (geval_image_again <> '') ) LIMIT 1  
[2019-12-31 04:01:21] /shop/index.php?act=goods&goods_id=107363&op=comments_list ( act=goods&op=comments_list ) 
ERR: Db Error: Unknown column 'geval_image_again' in 'where clause'
SELECT COUNT(*) AS nc_count FROM `zmkj_evaluate_goods` WHERE ( geval_goodsid = '107363' ) AND ( (geval_image <> '') OR (geval_image_again <> '') ) LIMIT 1  
[2019-12-31 04:01:30] /shop/index.php?act=goods&goods_id=104448&op=comments_list&type=2 ( act=goods&op=comments_list ) 
ERR: Db Error: Unknown column 'geval_image_again' in 'where clause'
SELECT COUNT(*) AS nc_count FROM `zmkj_evaluate_goods` WHERE ( geval_goodsid = '104448' ) AND ( (geval_image <> '') OR (geval_image_again <> '') ) LIMIT 1  
[2019-12-31 04:02:11] /shop/index.php?act=goods&goods_id=108319&op=comments_list ( act=goods&op=comments_list ) 
ERR: Db Error: Unknown column 'geval_image_again' in 'where clause'
SELECT COUNT(*) AS nc_count FROM `zmkj_evaluate_goods` WHERE ( geval_goodsid = '108319' ) AND ( (geval_image <> '') OR (geval_image_again <> '') ) LIMIT 1  
[2019-12-31 04:02:27] /shop/index.php?act=goods&goods_id=104464&op=comments_list ( act=goods&op=comments_list ) 
ERR: Db Error: Unknown column 'geval_image_again' in 'where clause'
SELECT COUNT(*) AS nc_count FROM `zmkj_evaluate_goods` WHERE ( geval_goodsid = '104464' ) AND ( (geval_image <> '') OR (geval_image_again <> '') ) LIMIT 1  
[2019-12-31 05:05:01] /shop/index.php?act=goods&goods_id=108020&op=comments_list ( act=goods&op=comments_list ) 
ERR: Db Error: Unknown column 'geval_image_again' in 'where clause'
SELECT COUNT(*) AS nc_count FROM `zmkj_evaluate_goods` WHERE ( geval_goodsid = '108020' ) AND ( (geval_image <> '') OR (geval_image_again <> '') ) LIMIT 1  
[2019-12-31 05:07:50] /shop/index.php?act=goods&goods_id=107002&op=comments_list ( act=goods&op=comments_list ) 
ERR: Db Error: Unknown column 'geval_image_again' in 'where clause'
SELECT COUNT(*) AS nc_count FROM `zmkj_evaluate_goods` WHERE ( geval_goodsid = '107002' ) AND ( (geval_image <> '') OR (geval_image_again <> '') ) LIMIT 1  
[2019-12-31 05:08:39] /shop/index.php?act=goods&goods_id=107363&op=comments_list ( act=goods&op=comments_list ) 
ERR: Db Error: Unknown column 'geval_image_again' in 'where clause'
SELECT COUNT(*) AS nc_count FROM `zmkj_evaluate_goods` WHERE ( geval_goodsid = '107363' ) AND ( (geval_image <> '') OR (geval_image_again <> '') ) LIMIT 1  
[2019-12-31 05:08:52] /shop/index.php?act=goods&goods_id=104448&op=comments_list&type=2 ( act=goods&op=comments_list ) 
ERR: Db Error: Unknown column 'geval_image_again' in 'where clause'
SELECT COUNT(*) AS nc_count FROM `zmkj_evaluate_goods` WHERE ( geval_goodsid = '104448' ) AND ( (geval_image <> '') OR (geval_image_again <> '') ) LIMIT 1  
[2019-12-31 05:09:38] /shop/index.php?act=goods&goods_id=108319&op=comments_list ( act=goods&op=comments_list ) 
ERR: Db Error: Unknown column 'geval_image_again' in 'where clause'
SELECT COUNT(*) AS nc_count FROM `zmkj_evaluate_goods` WHERE ( geval_goodsid = '108319' ) AND ( (geval_image <> '') OR (geval_image_again <> '') ) LIMIT 1  
[2019-12-31 05:09:56] /shop/index.php?act=goods&goods_id=104464&op=comments_list ( act=goods&op=comments_list ) 
ERR: Db Error: Unknown column 'geval_image_again' in 'where clause'
SELECT COUNT(*) AS nc_count FROM `zmkj_evaluate_goods` WHERE ( geval_goodsid = '104464' ) AND ( (geval_image <> '') OR (geval_image_again <> '') ) LIMIT 1  
[2019-12-31 06:00:10] /shop/index.php?act=goods&goods_id=108020&op=comments_list ( act=goods&op=comments_list ) 
ERR: Db Error: Unknown column 'geval_image_again' in 'where clause'
SELECT COUNT(*) AS nc_count FROM `zmkj_evaluate_goods` WHERE ( geval_goodsid = '108020' ) AND ( (geval_image <> '') OR (geval_image_again <> '') ) LIMIT 1  
[2019-12-31 06:03:22] /shop/index.php?act=goods&goods_id=107002&op=comments_list ( act=goods&op=comments_list ) 
ERR: Db Error: Unknown column 'geval_image_again' in 'where clause'
SELECT COUNT(*) AS nc_count FROM `zmkj_evaluate_goods` WHERE ( geval_goodsid = '107002' ) AND ( (geval_image <> '') OR (geval_image_again <> '') ) LIMIT 1  
[2019-12-31 06:04:07] /shop/index.php?act=goods&goods_id=107363&op=comments_list ( act=goods&op=comments_list ) 
ERR: Db Error: Unknown column 'geval_image_again' in 'where clause'
SELECT COUNT(*) AS nc_count FROM `zmkj_evaluate_goods` WHERE ( geval_goodsid = '107363' ) AND ( (geval_image <> '') OR (geval_image_again <> '') ) LIMIT 1  
[2019-12-31 06:05:03] /shop/index.php?act=goods&goods_id=108319&op=comments_list ( act=goods&op=comments_list ) 
ERR: Db Error: Unknown column 'geval_image_again' in 'where clause'
SELECT COUNT(*) AS nc_count FROM `zmkj_evaluate_goods` WHERE ( geval_goodsid = '108319' ) AND ( (geval_image <> '') OR (geval_image_again <> '') ) LIMIT 1  
[2019-12-31 06:05:25] /shop/index.php?act=goods&goods_id=104464&op=comments_list ( act=goods&op=comments_list ) 
ERR: Db Error: Unknown column 'geval_image_again' in 'where clause'
SELECT COUNT(*) AS nc_count FROM `zmkj_evaluate_goods` WHERE ( geval_goodsid = '104464' ) AND ( (geval_image <> '') OR (geval_image_again <> '') ) LIMIT 1  
[2019-12-31 07:07:11] /shop/index.php?act=goods&goods_id=107002&op=comments_list ( act=goods&op=comments_list ) 
ERR: Db Error: Unknown column 'geval_image_again' in 'where clause'
SELECT COUNT(*) AS nc_count FROM `zmkj_evaluate_goods` WHERE ( geval_goodsid = '107002' ) AND ( (geval_image <> '') OR (geval_image_again <> '') ) LIMIT 1  
[2019-12-31 07:07:55] /shop/index.php?act=goods&goods_id=107363&op=comments_list ( act=goods&op=comments_list ) 
ERR: Db Error: Unknown column 'geval_image_again' in 'where clause'
SELECT COUNT(*) AS nc_count FROM `zmkj_evaluate_goods` WHERE ( geval_goodsid = '107363' ) AND ( (geval_image <> '') OR (geval_image_again <> '') ) LIMIT 1  
[2019-12-31 07:08:06] /shop/index.php?act=goods&goods_id=104448&op=comments_list&type=2 ( act=goods&op=comments_list ) 
ERR: Db Error: Unknown column 'geval_image_again' in 'where clause'
SELECT COUNT(*) AS nc_count FROM `zmkj_evaluate_goods` WHERE ( geval_goodsid = '104448' ) AND ( (geval_image <> '') OR (geval_image_again <> '') ) LIMIT 1  
[2019-12-31 07:08:51] /shop/index.php?act=goods&goods_id=108319&op=comments_list ( act=goods&op=comments_list ) 
ERR: Db Error: Unknown column 'geval_image_again' in 'where clause'
SELECT COUNT(*) AS nc_count FROM `zmkj_evaluate_goods` WHERE ( geval_goodsid = '108319' ) AND ( (geval_image <> '') OR (geval_image_again <> '') ) LIMIT 1  
[2019-12-31 07:09:14] /shop/index.php?act=goods&goods_id=104464&op=comments_list ( act=goods&op=comments_list ) 
ERR: Db Error: Unknown column 'geval_image_again' in 'where clause'
SELECT COUNT(*) AS nc_count FROM `zmkj_evaluate_goods` WHERE ( geval_goodsid = '104464' ) AND ( (geval_image <> '') OR (geval_image_again <> '') ) LIMIT 1  
[2019-12-31 08:19:11] /shop/index.php?act=goods&goods_id=108020&op=comments_list ( act=goods&op=comments_list ) 
ERR: Db Error: Unknown column 'geval_image_again' in 'where clause'
SELECT COUNT(*) AS nc_count FROM `zmkj_evaluate_goods` WHERE ( geval_goodsid = '108020' ) AND ( (geval_image <> '') OR (geval_image_again <> '') ) LIMIT 1  
[2019-12-31 08:22:41] /shop/index.php?act=goods&goods_id=107002&op=comments_list ( act=goods&op=comments_list ) 
ERR: Db Error: Unknown column 'geval_image_again' in 'where clause'
SELECT COUNT(*) AS nc_count FROM `zmkj_evaluate_goods` WHERE ( geval_goodsid = '107002' ) AND ( (geval_image <> '') OR (geval_image_again <> '') ) LIMIT 1  
[2019-12-31 08:23:29] /shop/index.php?act=goods&goods_id=107363&op=comments_list ( act=goods&op=comments_list ) 
ERR: Db Error: Unknown column 'geval_image_again' in 'where clause'
SELECT COUNT(*) AS nc_count FROM `zmkj_evaluate_goods` WHERE ( geval_goodsid = '107363' ) AND ( (geval_image <> '') OR (geval_image_again <> '') ) LIMIT 1  
[2019-12-31 08:23:41] /shop/index.php?act=goods&goods_id=104448&op=comments_list&type=2 ( act=goods&op=comments_list ) 
ERR: Db Error: Unknown column 'geval_image_again' in 'where clause'
SELECT COUNT(*) AS nc_count FROM `zmkj_evaluate_goods` WHERE ( geval_goodsid = '104448' ) AND ( (geval_image <> '') OR (geval_image_again <> '') ) LIMIT 1  
[2019-12-31 08:24:30] /shop/index.php?act=goods&goods_id=108319&op=comments_list ( act=goods&op=comments_list ) 
ERR: Db Error: Unknown column 'geval_image_again' in 'where clause'
SELECT COUNT(*) AS nc_count FROM `zmkj_evaluate_goods` WHERE ( geval_goodsid = '108319' ) AND ( (geval_image <> '') OR (geval_image_again <> '') ) LIMIT 1  
[2019-12-31 08:24:47] /shop/index.php?act=goods&goods_id=104464&op=comments_list ( act=goods&op=comments_list ) 
ERR: Db Error: Unknown column 'geval_image_again' in 'where clause'
SELECT COUNT(*) AS nc_count FROM `zmkj_evaluate_goods` WHERE ( geval_goodsid = '104464' ) AND ( (geval_image <> '') OR (geval_image_again <> '') ) LIMIT 1  
[2019-12-31 08:29:58] /shop/index.php?act=goods&op=comments_list&goods_id=111886 ( act=goods&op=comments_list ) 
ERR: Db Error: Unknown column 'geval_image_again' in 'where clause'
SELECT COUNT(*) AS nc_count FROM `zmkj_evaluate_goods` WHERE ( geval_goodsid = '111886' ) AND ( (geval_image <> '') OR (geval_image_again <> '') ) LIMIT 1  
[2019-12-31 09:09:08] /shop/index.php?act=goods&goods_id=108020&op=comments_list ( act=goods&op=comments_list ) 
ERR: Db Error: Unknown column 'geval_image_again' in 'where clause'
SELECT COUNT(*) AS nc_count FROM `zmkj_evaluate_goods` WHERE ( geval_goodsid = '108020' ) AND ( (geval_image <> '') OR (geval_image_again <> '') ) LIMIT 1  
[2019-12-31 09:14:28] /shop/index.php?act=goods&goods_id=107002&op=comments_list ( act=goods&op=comments_list ) 
ERR: Db Error: Unknown column 'geval_image_again' in 'where clause'
SELECT COUNT(*) AS nc_count FROM `zmkj_evaluate_goods` WHERE ( geval_goodsid = '107002' ) AND ( (geval_image <> '') OR (geval_image_again <> '') ) LIMIT 1  
[2019-12-31 09:15:30] /shop/index.php?act=goods&goods_id=107363&op=comments_list ( act=goods&op=comments_list ) 
ERR: Db Error: Unknown column 'geval_image_again' in 'where clause'
SELECT COUNT(*) AS nc_count FROM `zmkj_evaluate_goods` WHERE ( geval_goodsid = '107363' ) AND ( (geval_image <> '') OR (geval_image_again <> '') ) LIMIT 1  
[2019-12-31 09:15:44] /shop/index.php?act=goods&goods_id=104448&op=comments_list&type=2 ( act=goods&op=comments_list ) 
ERR: Db Error: Unknown column 'geval_image_again' in 'where clause'
SELECT COUNT(*) AS nc_count FROM `zmkj_evaluate_goods` WHERE ( geval_goodsid = '104448' ) AND ( (geval_image <> '') OR (geval_image_again <> '') ) LIMIT 1  
[2019-12-31 09:16:39] /shop/index.php?act=goods&goods_id=108319&op=comments_list ( act=goods&op=comments_list ) 
ERR: Db Error: Unknown column 'geval_image_again' in 'where clause'
SELECT COUNT(*) AS nc_count FROM `zmkj_evaluate_goods` WHERE ( geval_goodsid = '108319' ) AND ( (geval_image <> '') OR (geval_image_again <> '') ) LIMIT 1  
[2019-12-31 09:16:58] /shop/index.php?act=goods&goods_id=104464&op=comments_list ( act=goods&op=comments_list ) 
ERR: Db Error: Unknown column 'geval_image_again' in 'where clause'
SELECT COUNT(*) AS nc_count FROM `zmkj_evaluate_goods` WHERE ( geval_goodsid = '104464' ) AND ( (geval_image <> '') OR (geval_image_again <> '') ) LIMIT 1  
[2019-12-31 10:07:05] /shop/index.php?act=goods&goods_id=108020&op=comments_list ( act=goods&op=comments_list ) 
ERR: Db Error: Unknown column 'geval_image_again' in 'where clause'
SELECT COUNT(*) AS nc_count FROM `zmkj_evaluate_goods` WHERE ( geval_goodsid = '108020' ) AND ( (geval_image <> '') OR (geval_image_again <> '') ) LIMIT 1  
[2019-12-31 10:08:47] /shop/index.php?act=goods&goods_id=107002&op=comments_list ( act=goods&op=comments_list ) 
ERR: Db Error: Unknown column 'geval_image_again' in 'where clause'
SELECT COUNT(*) AS nc_count FROM `zmkj_evaluate_goods` WHERE ( geval_goodsid = '107002' ) AND ( (geval_image <> '') OR (geval_image_again <> '') ) LIMIT 1  
[2019-12-31 10:09:08] /shop/index.php?act=goods&goods_id=107363&op=comments_list ( act=goods&op=comments_list ) 
ERR: Db Error: Unknown column 'geval_image_again' in 'where clause'
SELECT COUNT(*) AS nc_count FROM `zmkj_evaluate_goods` WHERE ( geval_goodsid = '107363' ) AND ( (geval_image <> '') OR (geval_image_again <> '') ) LIMIT 1  
[2019-12-31 10:09:14] /shop/index.php?act=goods&goods_id=104448&op=comments_list&type=2 ( act=goods&op=comments_list ) 
ERR: Db Error: Unknown column 'geval_image_again' in 'where clause'
SELECT COUNT(*) AS nc_count FROM `zmkj_evaluate_goods` WHERE ( geval_goodsid = '104448' ) AND ( (geval_image <> '') OR (geval_image_again <> '') ) LIMIT 1  
[2019-12-31 10:09:44] /shop/index.php?act=goods&goods_id=104464&op=comments_list ( act=goods&op=comments_list ) 
ERR: Db Error: Unknown column 'geval_image_again' in 'where clause'
SELECT COUNT(*) AS nc_count FROM `zmkj_evaluate_goods` WHERE ( geval_goodsid = '104464' ) AND ( (geval_image <> '') OR (geval_image_again <> '') ) LIMIT 1  
[2019-12-31 10:23:15] /admin/index.php?act=goods_orm&op=edit&id=3144 ( act=goods_orm&op=edit ) 
ERR: Db Error: Unknown column 'goods_id' in 'field list'
select goods_id from zmkj_goods_orm where productId='45ccfeda-320f-4bbe-86d0-198c5787b5c0 and id !=3144'
[2019-12-31 10:49:58] /shop/index.php?act=goods&op=comments_list&goods_id=106335 ( act=goods&op=comments_list ) 
ERR: Db Error: Unknown column 'geval_image_again' in 'where clause'
SELECT COUNT(*) AS nc_count FROM `zmkj_evaluate_goods` WHERE ( geval_goodsid = '106335' ) AND ( (geval_image <> '') OR (geval_image_again <> '') ) LIMIT 1  
[2019-12-31 10:50:12] /shop/index.php?act=goods&op=comments_list&goods_id=111551 ( act=goods&op=comments_list ) 
ERR: Db Error: Unknown column 'geval_image_again' in 'where clause'
SELECT COUNT(*) AS nc_count FROM `zmkj_evaluate_goods` WHERE ( geval_goodsid = '111551' ) AND ( (geval_image <> '') OR (geval_image_again <> '') ) LIMIT 1  
[2019-12-31 11:19:59] /shop/index.php?act=goods&goods_id=108020&op=comments_list ( act=goods&op=comments_list ) 
ERR: Db Error: Unknown column 'geval_image_again' in 'where clause'
SELECT COUNT(*) AS nc_count FROM `zmkj_evaluate_goods` WHERE ( geval_goodsid = '108020' ) AND ( (geval_image <> '') OR (geval_image_again <> '') ) LIMIT 1  
[2019-12-31 11:23:12] /shop/index.php?act=goods&goods_id=107002&op=comments_list ( act=goods&op=comments_list ) 
ERR: Db Error: Unknown column 'geval_image_again' in 'where clause'
SELECT COUNT(*) AS nc_count FROM `zmkj_evaluate_goods` WHERE ( geval_goodsid = '107002' ) AND ( (geval_image <> '') OR (geval_image_again <> '') ) LIMIT 1  
[2019-12-31 11:23:57] /shop/index.php?act=goods&goods_id=107363&op=comments_list ( act=goods&op=comments_list ) 
ERR: Db Error: Unknown column 'geval_image_again' in 'where clause'
SELECT COUNT(*) AS nc_count FROM `zmkj_evaluate_goods` WHERE ( geval_goodsid = '107363' ) AND ( (geval_image <> '') OR (geval_image_again <> '') ) LIMIT 1  
[2019-12-31 11:24:09] /shop/index.php?act=goods&goods_id=104448&op=comments_list&type=2 ( act=goods&op=comments_list ) 
ERR: Db Error: Unknown column 'geval_image_again' in 'where clause'
SELECT COUNT(*) AS nc_count FROM `zmkj_evaluate_goods` WHERE ( geval_goodsid = '104448' ) AND ( (geval_image <> '') OR (geval_image_again <> '') ) LIMIT 1  
[2019-12-31 11:24:56] /shop/index.php?act=goods&goods_id=108319&op=comments_list ( act=goods&op=comments_list ) 
ERR: Db Error: Unknown column 'geval_image_again' in 'where clause'
SELECT COUNT(*) AS nc_count FROM `zmkj_evaluate_goods` WHERE ( geval_goodsid = '108319' ) AND ( (geval_image <> '') OR (geval_image_again <> '') ) LIMIT 1  
[2019-12-31 11:25:13] /shop/index.php?act=goods&goods_id=104464&op=comments_list ( act=goods&op=comments_list ) 
ERR: Db Error: Unknown column 'geval_image_again' in 'where clause'
SELECT COUNT(*) AS nc_count FROM `zmkj_evaluate_goods` WHERE ( geval_goodsid = '104464' ) AND ( (geval_image <> '') OR (geval_image_again <> '') ) LIMIT 1  
[2019-12-31 12:16:07] /shop/index.php?act=goods&goods_id=108020&op=comments_list ( act=goods&op=comments_list ) 
ERR: Db Error: Unknown column 'geval_image_again' in 'where clause'
SELECT COUNT(*) AS nc_count FROM `zmkj_evaluate_goods` WHERE ( geval_goodsid = '108020' ) AND ( (geval_image <> '') OR (geval_image_again <> '') ) LIMIT 1  
[2019-12-31 12:19:08] /shop/index.php?act=goods&goods_id=107002&op=comments_list ( act=goods&op=comments_list ) 
ERR: Db Error: Unknown column 'geval_image_again' in 'where clause'
SELECT COUNT(*) AS nc_count FROM `zmkj_evaluate_goods` WHERE ( geval_goodsid = '107002' ) AND ( (geval_image <> '') OR (geval_image_again <> '') ) LIMIT 1  
[2019-12-31 12:19:44] /shop/index.php?act=goods&goods_id=107363&op=comments_list ( act=goods&op=comments_list ) 
ERR: Db Error: Unknown column 'geval_image_again' in 'where clause'
SELECT COUNT(*) AS nc_count FROM `zmkj_evaluate_goods` WHERE ( geval_goodsid = '107363' ) AND ( (geval_image <> '') OR (geval_image_again <> '') ) LIMIT 1  
[2019-12-31 12:19:52] /shop/index.php?act=goods&goods_id=104448&op=comments_list&type=2 ( act=goods&op=comments_list ) 
ERR: Db Error: Unknown column 'geval_image_again' in 'where clause'
SELECT COUNT(*) AS nc_count FROM `zmkj_evaluate_goods` WHERE ( geval_goodsid = '104448' ) AND ( (geval_image <> '') OR (geval_image_again <> '') ) LIMIT 1  
[2019-12-31 12:20:30] /shop/index.php?act=goods&goods_id=108319&op=comments_list ( act=goods&op=comments_list ) 
ERR: Db Error: Unknown column 'geval_image_again' in 'where clause'
SELECT COUNT(*) AS nc_count FROM `zmkj_evaluate_goods` WHERE ( geval_goodsid = '108319' ) AND ( (geval_image <> '') OR (geval_image_again <> '') ) LIMIT 1  
[2019-12-31 12:20:42] /shop/index.php?act=goods&goods_id=104464&op=comments_list ( act=goods&op=comments_list ) 
ERR: Db Error: Unknown column 'geval_image_again' in 'where clause'
SELECT COUNT(*) AS nc_count FROM `zmkj_evaluate_goods` WHERE ( geval_goodsid = '104464' ) AND ( (geval_image <> '') OR (geval_image_again <> '') ) LIMIT 1  
[2019-12-31 13:21:20] /shop/index.php?act=goods&goods_id=108020&op=comments_list ( act=goods&op=comments_list ) 
ERR: Db Error: Unknown column 'geval_image_again' in 'where clause'
SELECT COUNT(*) AS nc_count FROM `zmkj_evaluate_goods` WHERE ( geval_goodsid = '108020' ) AND ( (geval_image <> '') OR (geval_image_again <> '') ) LIMIT 1  
[2019-12-31 13:24:21] /shop/index.php?act=goods&goods_id=107002&op=comments_list ( act=goods&op=comments_list ) 
ERR: Db Error: Unknown column 'geval_image_again' in 'where clause'
SELECT COUNT(*) AS nc_count FROM `zmkj_evaluate_goods` WHERE ( geval_goodsid = '107002' ) AND ( (geval_image <> '') OR (geval_image_again <> '') ) LIMIT 1  
[2019-12-31 13:24:58] /shop/index.php?act=goods&goods_id=107363&op=comments_list ( act=goods&op=comments_list ) 
ERR: Db Error: Unknown column 'geval_image_again' in 'where clause'
SELECT COUNT(*) AS nc_count FROM `zmkj_evaluate_goods` WHERE ( geval_goodsid = '107363' ) AND ( (geval_image <> '') OR (geval_image_again <> '') ) LIMIT 1  
[2019-12-31 13:25:09] /shop/index.php?act=goods&goods_id=104448&op=comments_list&type=2 ( act=goods&op=comments_list ) 
ERR: Db Error: Unknown column 'geval_image_again' in 'where clause'
SELECT COUNT(*) AS nc_count FROM `zmkj_evaluate_goods` WHERE ( geval_goodsid = '104448' ) AND ( (geval_image <> '') OR (geval_image_again <> '') ) LIMIT 1  
[2019-12-31 13:25:46] /shop/index.php?act=goods&goods_id=108319&op=comments_list ( act=goods&op=comments_list ) 
ERR: Db Error: Unknown column 'geval_image_again' in 'where clause'
SELECT COUNT(*) AS nc_count FROM `zmkj_evaluate_goods` WHERE ( geval_goodsid = '108319' ) AND ( (geval_image <> '') OR (geval_image_again <> '') ) LIMIT 1  
[2019-12-31 13:26:01] /shop/index.php?act=goods&goods_id=104464&op=comments_list ( act=goods&op=comments_list ) 
ERR: Db Error: Unknown column 'geval_image_again' in 'where clause'
SELECT COUNT(*) AS nc_count FROM `zmkj_evaluate_goods` WHERE ( geval_goodsid = '104464' ) AND ( (geval_image <> '') OR (geval_image_again <> '') ) LIMIT 1  
[2019-12-31 14:03:38] /shop/index.php?act=goods&op=comments_list&goods_id=110672 ( act=goods&op=comments_list ) 
ERR: Db Error: Unknown column 'geval_image_again' in 'where clause'
SELECT COUNT(*) AS nc_count FROM `zmkj_evaluate_goods` WHERE ( geval_goodsid = '110672' ) AND ( (geval_image <> '') OR (geval_image_again <> '') ) LIMIT 1  
[2019-12-31 14:26:30] /shop/index.php?act=goods&goods_id=108020&op=comments_list ( act=goods&op=comments_list ) 
ERR: Db Error: Unknown column 'geval_image_again' in 'where clause'
SELECT COUNT(*) AS nc_count FROM `zmkj_evaluate_goods` WHERE ( geval_goodsid = '108020' ) AND ( (geval_image <> '') OR (geval_image_again <> '') ) LIMIT 1  
[2019-12-31 14:29:08] /shop/index.php?act=goods&goods_id=107002&op=comments_list ( act=goods&op=comments_list ) 
ERR: Db Error: Unknown column 'geval_image_again' in 'where clause'
SELECT COUNT(*) AS nc_count FROM `zmkj_evaluate_goods` WHERE ( geval_goodsid = '107002' ) AND ( (geval_image <> '') OR (geval_image_again <> '') ) LIMIT 1  
[2019-12-31 14:29:47] /shop/index.php?act=goods&goods_id=107363&op=comments_list ( act=goods&op=comments_list ) 
ERR: Db Error: Unknown column 'geval_image_again' in 'where clause'
SELECT COUNT(*) AS nc_count FROM `zmkj_evaluate_goods` WHERE ( geval_goodsid = '107363' ) AND ( (geval_image <> '') OR (geval_image_again <> '') ) LIMIT 1  
[2019-12-31 14:29:57] /shop/index.php?act=goods&goods_id=104448&op=comments_list&type=2 ( act=goods&op=comments_list ) 
ERR: Db Error: Unknown column 'geval_image_again' in 'where clause'
SELECT COUNT(*) AS nc_count FROM `zmkj_evaluate_goods` WHERE ( geval_goodsid = '104448' ) AND ( (geval_image <> '') OR (geval_image_again <> '') ) LIMIT 1  
[2019-12-31 14:30:33] /shop/index.php?act=goods&goods_id=108319&op=comments_list ( act=goods&op=comments_list ) 
ERR: Db Error: Unknown column 'geval_image_again' in 'where clause'
SELECT COUNT(*) AS nc_count FROM `zmkj_evaluate_goods` WHERE ( geval_goodsid = '108319' ) AND ( (geval_image <> '') OR (geval_image_again <> '') ) LIMIT 1  
[2019-12-31 14:30:46] /shop/index.php?act=goods&goods_id=104464&op=comments_list ( act=goods&op=comments_list ) 
ERR: Db Error: Unknown column 'geval_image_again' in 'where clause'
SELECT COUNT(*) AS nc_count FROM `zmkj_evaluate_goods` WHERE ( geval_goodsid = '104464' ) AND ( (geval_image <> '') OR (geval_image_again <> '') ) LIMIT 1  
[2019-12-31 14:53:50] /shop/index.php?act=goods&op=comments_list&goods_id=102370 ( act=goods&op=comments_list ) 
ERR: Db Error: Unknown column 'geval_image_again' in 'where clause'
SELECT COUNT(*) AS nc_count FROM `zmkj_evaluate_goods` WHERE ( geval_goodsid = '102370' ) AND ( (geval_image <> '') OR (geval_image_again <> '') ) LIMIT 1  
[2019-12-31 14:54:22] /shop/index.php?act=goods&op=comments_list&goods_id=106290 ( act=goods&op=comments_list ) 
ERR: Db Error: Unknown column 'geval_image_again' in 'where clause'
SELECT COUNT(*) AS nc_count FROM `zmkj_evaluate_goods` WHERE ( geval_goodsid = '106290' ) AND ( (geval_image <> '') OR (geval_image_again <> '') ) LIMIT 1  
[2019-12-31 15:32:07] /shop/index.php?act=goods&goods_id=108020&op=comments_list ( act=goods&op=comments_list ) 
ERR: Db Error: Unknown column 'geval_image_again' in 'where clause'
SELECT COUNT(*) AS nc_count FROM `zmkj_evaluate_goods` WHERE ( geval_goodsid = '108020' ) AND ( (geval_image <> '') OR (geval_image_again <> '') ) LIMIT 1  
[2019-12-31 15:35:07] /shop/index.php?act=goods&goods_id=107002&op=comments_list ( act=goods&op=comments_list ) 
ERR: Db Error: Unknown column 'geval_image_again' in 'where clause'
SELECT COUNT(*) AS nc_count FROM `zmkj_evaluate_goods` WHERE ( geval_goodsid = '107002' ) AND ( (geval_image <> '') OR (geval_image_again <> '') ) LIMIT 1  
[2019-12-31 15:36:09] /shop/index.php?act=goods&goods_id=104448&op=comments_list&type=2 ( act=goods&op=comments_list ) 
ERR: Db Error: Unknown column 'geval_image_again' in 'where clause'
SELECT COUNT(*) AS nc_count FROM `zmkj_evaluate_goods` WHERE ( geval_goodsid = '104448' ) AND ( (geval_image <> '') OR (geval_image_again <> '') ) LIMIT 1  
[2019-12-31 15:36:48] /shop/index.php?act=goods&goods_id=108319&op=comments_list ( act=goods&op=comments_list ) 
ERR: Db Error: Unknown column 'geval_image_again' in 'where clause'
SELECT COUNT(*) AS nc_count FROM `zmkj_evaluate_goods` WHERE ( geval_goodsid = '108319' ) AND ( (geval_image <> '') OR (geval_image_again <> '') ) LIMIT 1  
[2019-12-31 15:37:03] /shop/index.php?act=goods&goods_id=104464&op=comments_list ( act=goods&op=comments_list ) 
ERR: Db Error: Unknown column 'geval_image_again' in 'where clause'
SELECT COUNT(*) AS nc_count FROM `zmkj_evaluate_goods` WHERE ( geval_goodsid = '104464' ) AND ( (geval_image <> '') OR (geval_image_again <> '') ) LIMIT 1  
[2019-12-31 16:32:15] /shop/index.php?act=hot_sale&op=index ( act=hot_sale&op=index ) 
ERR: Db Error: You have an error in your SQL syntax; check the manual that corresponds to your MySQL server version for the right syntax to use near ') and goods_state=1' at line 1
select * from zmkj_goods where goods_id in () and goods_state=1
[2019-12-31 16:32:15] /shop/index.php?act=hot_sale&op=index ( act=hot_sale&op=index ) 
ERR: Db Error: You have an error in your SQL syntax; check the manual that corresponds to your MySQL server version for the right syntax to use near '' at line 1
select `member_id` from zmkj_store where store_id = 
[2019-12-31 16:38:56] /shop/index.php?act=goods&goods_id=108020&op=comments_list ( act=goods&op=comments_list ) 
ERR: Db Error: Unknown column 'geval_image_again' in 'where clause'
SELECT COUNT(*) AS nc_count FROM `zmkj_evaluate_goods` WHERE ( geval_goodsid = '108020' ) AND ( (geval_image <> '') OR (geval_image_again <> '') ) LIMIT 1  
[2019-12-31 16:42:41] /shop/index.php?act=goods&goods_id=107002&op=comments_list ( act=goods&op=comments_list ) 
ERR: Db Error: Unknown column 'geval_image_again' in 'where clause'
SELECT COUNT(*) AS nc_count FROM `zmkj_evaluate_goods` WHERE ( geval_goodsid = '107002' ) AND ( (geval_image <> '') OR (geval_image_again <> '') ) LIMIT 1  
[2019-12-31 16:43:31] /shop/index.php?act=goods&goods_id=107363&op=comments_list ( act=goods&op=comments_list ) 
ERR: Db Error: Unknown column 'geval_image_again' in 'where clause'
SELECT COUNT(*) AS nc_count FROM `zmkj_evaluate_goods` WHERE ( geval_goodsid = '107363' ) AND ( (geval_image <> '') OR (geval_image_again <> '') ) LIMIT 1  
[2019-12-31 16:43:43] /shop/index.php?act=goods&goods_id=104448&op=comments_list&type=2 ( act=goods&op=comments_list ) 
ERR: Db Error: Unknown column 'geval_image_again' in 'where clause'
SELECT COUNT(*) AS nc_count FROM `zmkj_evaluate_goods` WHERE ( geval_goodsid = '104448' ) AND ( (geval_image <> '') OR (geval_image_again <> '') ) LIMIT 1  
[2019-12-31 16:44:30] /shop/index.php?act=goods&goods_id=108319&op=comments_list ( act=goods&op=comments_list ) 
ERR: Db Error: Unknown column 'geval_image_again' in 'where clause'
SELECT COUNT(*) AS nc_count FROM `zmkj_evaluate_goods` WHERE ( geval_goodsid = '108319' ) AND ( (geval_image <> '') OR (geval_image_again <> '') ) LIMIT 1  
[2019-12-31 16:44:49] /shop/index.php?act=goods&goods_id=104464&op=comments_list ( act=goods&op=comments_list ) 
ERR: Db Error: Unknown column 'geval_image_again' in 'where clause'
SELECT COUNT(*) AS nc_count FROM `zmkj_evaluate_goods` WHERE ( geval_goodsid = '104464' ) AND ( (geval_image <> '') OR (geval_image_again <> '') ) LIMIT 1  
[2019-12-31 16:49:07] /shop/index.php?act=goods&op=comments_list&goods_id=111702 ( act=goods&op=comments_list ) 
ERR: Db Error: Unknown column 'geval_image_again' in 'where clause'
SELECT COUNT(*) AS nc_count FROM `zmkj_evaluate_goods` WHERE ( geval_goodsid = '111702' ) AND ( (geval_image <> '') OR (geval_image_again <> '') ) LIMIT 1  
[2019-12-31 17:32:27] /shop/index.php?act=goods&op=comments_list&goods_id=111634 ( act=goods&op=comments_list ) 
ERR: Db Error: Unknown column 'geval_image_again' in 'where clause'
SELECT COUNT(*) AS nc_count FROM `zmkj_evaluate_goods` WHERE ( geval_goodsid = '111634' ) AND ( (geval_image <> '') OR (geval_image_again <> '') ) LIMIT 1  
[2019-12-31 17:38:10] /shop/index.php?act=goods&goods_id=108020&op=comments_list ( act=goods&op=comments_list ) 
ERR: Db Error: Unknown column 'geval_image_again' in 'where clause'
SELECT COUNT(*) AS nc_count FROM `zmkj_evaluate_goods` WHERE ( geval_goodsid = '108020' ) AND ( (geval_image <> '') OR (geval_image_again <> '') ) LIMIT 1  
[2019-12-31 17:40:49] /shop/index.php?act=goods&goods_id=107002&op=comments_list ( act=goods&op=comments_list ) 
ERR: Db Error: Unknown column 'geval_image_again' in 'where clause'
SELECT COUNT(*) AS nc_count FROM `zmkj_evaluate_goods` WHERE ( geval_goodsid = '107002' ) AND ( (geval_image <> '') OR (geval_image_again <> '') ) LIMIT 1  
[2019-12-31 17:41:29] /shop/index.php?act=goods&goods_id=107363&op=comments_list ( act=goods&op=comments_list ) 
ERR: Db Error: Unknown column 'geval_image_again' in 'where clause'
SELECT COUNT(*) AS nc_count FROM `zmkj_evaluate_goods` WHERE ( geval_goodsid = '107363' ) AND ( (geval_image <> '') OR (geval_image_again <> '') ) LIMIT 1  
[2019-12-31 17:41:38] /shop/index.php?act=goods&goods_id=104448&op=comments_list&type=2 ( act=goods&op=comments_list ) 
ERR: Db Error: Unknown column 'geval_image_again' in 'where clause'
SELECT COUNT(*) AS nc_count FROM `zmkj_evaluate_goods` WHERE ( geval_goodsid = '104448' ) AND ( (geval_image <> '') OR (geval_image_again <> '') ) LIMIT 1  
[2019-12-31 17:42:16] /shop/index.php?act=goods&goods_id=108319&op=comments_list ( act=goods&op=comments_list ) 
ERR: Db Error: Unknown column 'geval_image_again' in 'where clause'
SELECT COUNT(*) AS nc_count FROM `zmkj_evaluate_goods` WHERE ( geval_goodsid = '108319' ) AND ( (geval_image <> '') OR (geval_image_again <> '') ) LIMIT 1  
[2019-12-31 17:42:30] /shop/index.php?act=goods&goods_id=104464&op=comments_list ( act=goods&op=comments_list ) 
ERR: Db Error: Unknown column 'geval_image_again' in 'where clause'
SELECT COUNT(*) AS nc_count FROM `zmkj_evaluate_goods` WHERE ( geval_goodsid = '104464' ) AND ( (geval_image <> '') OR (geval_image_again <> '') ) LIMIT 1  
[2019-12-31 18:40:15] /shop/index.php?act=goods&goods_id=108020&op=comments_list ( act=goods&op=comments_list ) 
ERR: Db Error: Unknown column 'geval_image_again' in 'where clause'
SELECT COUNT(*) AS nc_count FROM `zmkj_evaluate_goods` WHERE ( geval_goodsid = '108020' ) AND ( (geval_image <> '') OR (geval_image_again <> '') ) LIMIT 1  
[2019-12-31 18:43:17] /shop/index.php?act=goods&goods_id=107002&op=comments_list ( act=goods&op=comments_list ) 
ERR: Db Error: Unknown column 'geval_image_again' in 'where clause'
SELECT COUNT(*) AS nc_count FROM `zmkj_evaluate_goods` WHERE ( geval_goodsid = '107002' ) AND ( (geval_image <> '') OR (geval_image_again <> '') ) LIMIT 1  
[2019-12-31 18:43:54] /shop/index.php?act=goods&goods_id=107363&op=comments_list ( act=goods&op=comments_list ) 
ERR: Db Error: Unknown column 'geval_image_again' in 'where clause'
SELECT COUNT(*) AS nc_count FROM `zmkj_evaluate_goods` WHERE ( geval_goodsid = '107363' ) AND ( (geval_image <> '') OR (geval_image_again <> '') ) LIMIT 1  
[2019-12-31 18:44:03] /shop/index.php?act=goods&goods_id=104448&op=comments_list&type=2 ( act=goods&op=comments_list ) 
ERR: Db Error: Unknown column 'geval_image_again' in 'where clause'
SELECT COUNT(*) AS nc_count FROM `zmkj_evaluate_goods` WHERE ( geval_goodsid = '104448' ) AND ( (geval_image <> '') OR (geval_image_again <> '') ) LIMIT 1  
[2019-12-31 18:44:39] /shop/index.php?act=goods&goods_id=108319&op=comments_list ( act=goods&op=comments_list ) 
ERR: Db Error: Unknown column 'geval_image_again' in 'where clause'
SELECT COUNT(*) AS nc_count FROM `zmkj_evaluate_goods` WHERE ( geval_goodsid = '108319' ) AND ( (geval_image <> '') OR (geval_image_again <> '') ) LIMIT 1  
[2019-12-31 18:44:53] /shop/index.php?act=goods&goods_id=104464&op=comments_list ( act=goods&op=comments_list ) 
ERR: Db Error: Unknown column 'geval_image_again' in 'where clause'
SELECT COUNT(*) AS nc_count FROM `zmkj_evaluate_goods` WHERE ( geval_goodsid = '104464' ) AND ( (geval_image <> '') OR (geval_image_again <> '') ) LIMIT 1  
[2019-12-31 19:23:07] /shop/index.php?act=goods&op=comments_list&goods_id=111246 ( act=goods&op=comments_list ) 
ERR: Db Error: Unknown column 'geval_image_again' in 'where clause'
SELECT COUNT(*) AS nc_count FROM `zmkj_evaluate_goods` WHERE ( geval_goodsid = '111246' ) AND ( (geval_image <> '') OR (geval_image_again <> '') ) LIMIT 1  
[2019-12-31 19:42:34] /shop/index.php?act=goods&goods_id=108020&op=comments_list ( act=goods&op=comments_list ) 
ERR: Db Error: Unknown column 'geval_image_again' in 'where clause'
SELECT COUNT(*) AS nc_count FROM `zmkj_evaluate_goods` WHERE ( geval_goodsid = '108020' ) AND ( (geval_image <> '') OR (geval_image_again <> '') ) LIMIT 1  
[2019-12-31 19:43:22] /shop/index.php?act=goods&op=comments_list&goods_id=111888 ( act=goods&op=comments_list ) 
ERR: Db Error: Unknown column 'geval_image_again' in 'where clause'
SELECT COUNT(*) AS nc_count FROM `zmkj_evaluate_goods` WHERE ( geval_goodsid = '111888' ) AND ( (geval_image <> '') OR (geval_image_again <> '') ) LIMIT 1  
[2019-12-31 19:45:50] /shop/index.php?act=goods&goods_id=107002&op=comments_list ( act=goods&op=comments_list ) 
ERR: Db Error: Unknown column 'geval_image_again' in 'where clause'
SELECT COUNT(*) AS nc_count FROM `zmkj_evaluate_goods` WHERE ( geval_goodsid = '107002' ) AND ( (geval_image <> '') OR (geval_image_again <> '') ) LIMIT 1  
[2019-12-31 19:46:36] /shop/index.php?act=goods&goods_id=107363&op=comments_list ( act=goods&op=comments_list ) 
ERR: Db Error: Unknown column 'geval_image_again' in 'where clause'
SELECT COUNT(*) AS nc_count FROM `zmkj_evaluate_goods` WHERE ( geval_goodsid = '107363' ) AND ( (geval_image <> '') OR (geval_image_again <> '') ) LIMIT 1  
[2019-12-31 19:46:47] /shop/index.php?act=goods&goods_id=104448&op=comments_list&type=2 ( act=goods&op=comments_list ) 
ERR: Db Error: Unknown column 'geval_image_again' in 'where clause'
SELECT COUNT(*) AS nc_count FROM `zmkj_evaluate_goods` WHERE ( geval_goodsid = '104448' ) AND ( (geval_image <> '') OR (geval_image_again <> '') ) LIMIT 1  
[2019-12-31 19:47:34] /shop/index.php?act=goods&goods_id=108319&op=comments_list ( act=goods&op=comments_list ) 
ERR: Db Error: Unknown column 'geval_image_again' in 'where clause'
SELECT COUNT(*) AS nc_count FROM `zmkj_evaluate_goods` WHERE ( geval_goodsid = '108319' ) AND ( (geval_image <> '') OR (geval_image_again <> '') ) LIMIT 1  
[2019-12-31 19:47:51] /shop/index.php?act=goods&goods_id=104464&op=comments_list ( act=goods&op=comments_list ) 
ERR: Db Error: Unknown column 'geval_image_again' in 'where clause'
SELECT COUNT(*) AS nc_count FROM `zmkj_evaluate_goods` WHERE ( geval_goodsid = '104464' ) AND ( (geval_image <> '') OR (geval_image_again <> '') ) LIMIT 1  
[2019-12-31 19:55:44] /shop/index.php?act=goods&op=comments_list&goods_id=102776 ( act=goods&op=comments_list ) 
ERR: Db Error: Unknown column 'geval_image_again' in 'where clause'
SELECT COUNT(*) AS nc_count FROM `zmkj_evaluate_goods` WHERE ( geval_goodsid = '102776' ) AND ( (geval_image <> '') OR (geval_image_again <> '') ) LIMIT 1  
[2019-12-31 19:55:51] /shop/index.php?act=goods&op=comments_list&goods_id=111771 ( act=goods&op=comments_list ) 
ERR: Db Error: Unknown column 'geval_image_again' in 'where clause'
SELECT COUNT(*) AS nc_count FROM `zmkj_evaluate_goods` WHERE ( geval_goodsid = '111771' ) AND ( (geval_image <> '') OR (geval_image_again <> '') ) LIMIT 1  
[2019-12-31 19:55:56] /shop/index.php?act=goods&op=comments_list&goods_id=111875 ( act=goods&op=comments_list ) 
ERR: Db Error: Unknown column 'geval_image_again' in 'where clause'
SELECT COUNT(*) AS nc_count FROM `zmkj_evaluate_goods` WHERE ( geval_goodsid = '111875' ) AND ( (geval_image <> '') OR (geval_image_again <> '') ) LIMIT 1  
[2019-12-31 20:45:22] /shop/index.php?act=goods&goods_id=108020&op=comments_list ( act=goods&op=comments_list ) 
ERR: Db Error: Unknown column 'geval_image_again' in 'where clause'
SELECT COUNT(*) AS nc_count FROM `zmkj_evaluate_goods` WHERE ( geval_goodsid = '108020' ) AND ( (geval_image <> '') OR (geval_image_again <> '') ) LIMIT 1  
[2019-12-31 20:48:16] /shop/index.php?act=goods&goods_id=107002&op=comments_list ( act=goods&op=comments_list ) 
ERR: Db Error: Unknown column 'geval_image_again' in 'where clause'
SELECT COUNT(*) AS nc_count FROM `zmkj_evaluate_goods` WHERE ( geval_goodsid = '107002' ) AND ( (geval_image <> '') OR (geval_image_again <> '') ) LIMIT 1  
[2019-12-31 20:48:57] /shop/index.php?act=goods&goods_id=107363&op=comments_list ( act=goods&op=comments_list ) 
ERR: Db Error: Unknown column 'geval_image_again' in 'where clause'
SELECT COUNT(*) AS nc_count FROM `zmkj_evaluate_goods` WHERE ( geval_goodsid = '107363' ) AND ( (geval_image <> '') OR (geval_image_again <> '') ) LIMIT 1  
[2019-12-31 20:49:08] /shop/index.php?act=goods&goods_id=104448&op=comments_list&type=2 ( act=goods&op=comments_list ) 
ERR: Db Error: Unknown column 'geval_image_again' in 'where clause'
SELECT COUNT(*) AS nc_count FROM `zmkj_evaluate_goods` WHERE ( geval_goodsid = '104448' ) AND ( (geval_image <> '') OR (geval_image_again <> '') ) LIMIT 1  
[2019-12-31 20:49:52] /shop/index.php?act=goods&goods_id=108319&op=comments_list ( act=goods&op=comments_list ) 
ERR: Db Error: Unknown column 'geval_image_again' in 'where clause'
SELECT COUNT(*) AS nc_count FROM `zmkj_evaluate_goods` WHERE ( geval_goodsid = '108319' ) AND ( (geval_image <> '') OR (geval_image_again <> '') ) LIMIT 1  
[2019-12-31 20:50:07] /shop/index.php?act=goods&goods_id=104464&op=comments_list ( act=goods&op=comments_list ) 
ERR: Db Error: Unknown column 'geval_image_again' in 'where clause'
SELECT COUNT(*) AS nc_count FROM `zmkj_evaluate_goods` WHERE ( geval_goodsid = '104464' ) AND ( (geval_image <> '') OR (geval_image_again <> '') ) LIMIT 1  
[2019-12-31 21:42:52] /shop/index.php?act=goods&op=comments_list&goods_id=102344 ( act=goods&op=comments_list ) 
ERR: Db Error: Unknown column 'geval_image_again' in 'where clause'
SELECT COUNT(*) AS nc_count FROM `zmkj_evaluate_goods` WHERE ( geval_goodsid = '102344' ) AND ( (geval_image <> '') OR (geval_image_again <> '') ) LIMIT 1  
[2019-12-31 21:49:52] /shop/index.php?act=goods&goods_id=108020&op=comments_list ( act=goods&op=comments_list ) 
ERR: Db Error: Unknown column 'geval_image_again' in 'where clause'
SELECT COUNT(*) AS nc_count FROM `zmkj_evaluate_goods` WHERE ( geval_goodsid = '108020' ) AND ( (geval_image <> '') OR (geval_image_again <> '') ) LIMIT 1  
[2019-12-31 21:53:33] /shop/index.php?act=goods&goods_id=107002&op=comments_list ( act=goods&op=comments_list ) 
ERR: Db Error: Unknown column 'geval_image_again' in 'where clause'
SELECT COUNT(*) AS nc_count FROM `zmkj_evaluate_goods` WHERE ( geval_goodsid = '107002' ) AND ( (geval_image <> '') OR (geval_image_again <> '') ) LIMIT 1  
[2019-12-31 21:54:57] /shop/index.php?act=goods&goods_id=107363&op=comments_list ( act=goods&op=comments_list ) 
ERR: Db Error: Unknown column 'geval_image_again' in 'where clause'
SELECT COUNT(*) AS nc_count FROM `zmkj_evaluate_goods` WHERE ( geval_goodsid = '107363' ) AND ( (geval_image <> '') OR (geval_image_again <> '') ) LIMIT 1  
[2019-12-31 21:55:06] /shop/index.php?act=goods&goods_id=104448&op=comments_list&type=2 ( act=goods&op=comments_list ) 
ERR: Db Error: Unknown column 'geval_image_again' in 'where clause'
SELECT COUNT(*) AS nc_count FROM `zmkj_evaluate_goods` WHERE ( geval_goodsid = '104448' ) AND ( (geval_image <> '') OR (geval_image_again <> '') ) LIMIT 1  
[2019-12-31 21:55:43] /shop/index.php?act=goods&goods_id=108319&op=comments_list ( act=goods&op=comments_list ) 
ERR: Db Error: Unknown column 'geval_image_again' in 'where clause'
SELECT COUNT(*) AS nc_count FROM `zmkj_evaluate_goods` WHERE ( geval_goodsid = '108319' ) AND ( (geval_image <> '') OR (geval_image_again <> '') ) LIMIT 1  
[2019-12-31 21:56:07] /shop/index.php?act=goods&goods_id=104464&op=comments_list ( act=goods&op=comments_list ) 
ERR: Db Error: Unknown column 'geval_image_again' in 'where clause'
SELECT COUNT(*) AS nc_count FROM `zmkj_evaluate_goods` WHERE ( geval_goodsid = '104464' ) AND ( (geval_image <> '') OR (geval_image_again <> '') ) LIMIT 1  
[2019-12-31 22:50:32] /shop/index.php?act=goods&goods_id=108020&op=comments_list ( act=goods&op=comments_list ) 
ERR: Db Error: Unknown column 'geval_image_again' in 'where clause'
SELECT COUNT(*) AS nc_count FROM `zmkj_evaluate_goods` WHERE ( geval_goodsid = '108020' ) AND ( (geval_image <> '') OR (geval_image_again <> '') ) LIMIT 1  
[2019-12-31 22:54:11] /shop/index.php?act=goods&goods_id=107002&op=comments_list ( act=goods&op=comments_list ) 
ERR: Db Error: Unknown column 'geval_image_again' in 'where clause'
SELECT COUNT(*) AS nc_count FROM `zmkj_evaluate_goods` WHERE ( geval_goodsid = '107002' ) AND ( (geval_image <> '') OR (geval_image_again <> '') ) LIMIT 1  
[2019-12-31 22:55:15] /shop/index.php?act=goods&goods_id=107363&op=comments_list ( act=goods&op=comments_list ) 
ERR: Db Error: Unknown column 'geval_image_again' in 'where clause'
SELECT COUNT(*) AS nc_count FROM `zmkj_evaluate_goods` WHERE ( geval_goodsid = '107363' ) AND ( (geval_image <> '') OR (geval_image_again <> '') ) LIMIT 1  
[2019-12-31 22:55:31] /shop/index.php?act=goods&goods_id=104448&op=comments_list&type=2 ( act=goods&op=comments_list ) 
ERR: Db Error: Unknown column 'geval_image_again' in 'where clause'
SELECT COUNT(*) AS nc_count FROM `zmkj_evaluate_goods` WHERE ( geval_goodsid = '104448' ) AND ( (geval_image <> '') OR (geval_image_again <> '') ) LIMIT 1  
[2019-12-31 22:56:30] /shop/index.php?act=goods&goods_id=108319&op=comments_list ( act=goods&op=comments_list ) 
ERR: Db Error: Unknown column 'geval_image_again' in 'where clause'
SELECT COUNT(*) AS nc_count FROM `zmkj_evaluate_goods` WHERE ( geval_goodsid = '108319' ) AND ( (geval_image <> '') OR (geval_image_again <> '') ) LIMIT 1  
[2019-12-31 22:56:52] /shop/index.php?act=goods&goods_id=104464&op=comments_list ( act=goods&op=comments_list ) 
ERR: Db Error: Unknown column 'geval_image_again' in 'where clause'
SELECT COUNT(*) AS nc_count FROM `zmkj_evaluate_goods` WHERE ( geval_goodsid = '104464' ) AND ( (geval_image <> '') OR (geval_image_again <> '') ) LIMIT 1  
[2019-12-31 23:10:21] /shop/index.php?act=goods&op=comments_list&goods_id=102779 ( act=goods&op=comments_list ) 
ERR: Db Error: Unknown column 'geval_image_again' in 'where clause'
SELECT COUNT(*) AS nc_count FROM `zmkj_evaluate_goods` WHERE ( geval_goodsid = '102779' ) AND ( (geval_image <> '') OR (geval_image_again <> '') ) LIMIT 1  
[2019-12-31 23:10:32] /shop/index.php?act=goods&op=comments_list&goods_id=106321 ( act=goods&op=comments_list ) 
ERR: Db Error: Unknown column 'geval_image_again' in 'where clause'
SELECT COUNT(*) AS nc_count FROM `zmkj_evaluate_goods` WHERE ( geval_goodsid = '106321' ) AND ( (geval_image <> '') OR (geval_image_again <> '') ) LIMIT 1  
[2019-12-31 23:51:27] /shop/index.php?act=goods&goods_id=108020&op=comments_list ( act=goods&op=comments_list ) 
ERR: Db Error: Unknown column 'geval_image_again' in 'where clause'
SELECT COUNT(*) AS nc_count FROM `zmkj_evaluate_goods` WHERE ( geval_goodsid = '108020' ) AND ( (geval_image <> '') OR (geval_image_again <> '') ) LIMIT 1  
[2019-12-31 23:57:21] /shop/index.php?act=goods&goods_id=107002&op=comments_list ( act=goods&op=comments_list ) 
ERR: Db Error: Unknown column 'geval_image_again' in 'where clause'
SELECT COUNT(*) AS nc_count FROM `zmkj_evaluate_goods` WHERE ( geval_goodsid = '107002' ) AND ( (geval_image <> '') OR (geval_image_again <> '') ) LIMIT 1  
[2019-12-31 23:58:30] /shop/index.php?act=goods&goods_id=107363&op=comments_list ( act=goods&op=comments_list ) 
ERR: Db Error: Unknown column 'geval_image_again' in 'where clause'
SELECT COUNT(*) AS nc_count FROM `zmkj_evaluate_goods` WHERE ( geval_goodsid = '107363' ) AND ( (geval_image <> '') OR (geval_image_again <> '') ) LIMIT 1  
[2019-12-31 23:58:41] /shop/index.php?act=goods&goods_id=104448&op=comments_list&type=2 ( act=goods&op=comments_list ) 
ERR: Db Error: Unknown column 'geval_image_again' in 'where clause'
SELECT COUNT(*) AS nc_count FROM `zmkj_evaluate_goods` WHERE ( geval_goodsid = '104448' ) AND ( (geval_image <> '') OR (geval_image_again <> '') ) LIMIT 1  
[2020-01-01 00:00:00] /shop/index.php?act=goods&goods_id=108319&op=comments_list ( act=goods&op=comments_list ) 
ERR: Db Error: Unknown column 'geval_image_again' in 'where clause'
SELECT COUNT(*) AS nc_count FROM `zmkj_evaluate_goods` WHERE ( geval_goodsid = '108319' ) AND ( (geval_image <> '') OR (geval_image_again <> '') ) LIMIT 1  
