[2019-08-14 00:06:55] /shop/index.php?act=goods&op=comments_list&goods_id=110160&type=3 ( act=goods&op=comments_list ) 
ERR: Db Error: Unknown column 'geval_image_again' in 'where clause'
SELECT COUNT(*) AS nc_count FROM `zmkj_evaluate_goods` WHERE ( geval_goodsid = '110160' ) AND ( (geval_image <> '') OR (geval_image_again <> '') ) LIMIT 1  
[2019-08-14 00:15:06] /shop/index.php?act=goods&op=comments_list&goods_id=110176 ( act=goods&op=comments_list ) 
ERR: Db Error: Unknown column 'geval_image_again' in 'where clause'
SELECT COUNT(*) AS nc_count FROM `zmkj_evaluate_goods` WHERE ( geval_goodsid = '110176' ) AND ( (geval_image <> '') OR (geval_image_again <> '') ) LIMIT 1  
[2019-08-14 00:23:17] /shop/index.php?act=goods&op=comments_list&goods_id=111004 ( act=goods&op=comments_list ) 
ERR: Db Error: Unknown column 'geval_image_again' in 'where clause'
SELECT COUNT(*) AS nc_count FROM `zmkj_evaluate_goods` WHERE ( geval_goodsid = '111004' ) AND ( (geval_image <> '') OR (geval_image_again <> '') ) LIMIT 1  
[2019-08-14 00:34:12] /shop/index.php?act=goods&op=comments_list&goods_id=110740 ( act=goods&op=comments_list ) 
ERR: Db Error: Unknown column 'geval_image_again' in 'where clause'
SELECT COUNT(*) AS nc_count FROM `zmkj_evaluate_goods` WHERE ( geval_goodsid = '110740' ) AND ( (geval_image <> '') OR (geval_image_again <> '') ) LIMIT 1  
[2019-08-14 01:09:39] /shop/index.php?act=goods&op=comments_list&goods_id=100862&type=1 ( act=goods&op=comments_list ) 
ERR: Db Error: Unknown column 'geval_image_again' in 'where clause'
SELECT COUNT(*) AS nc_count FROM `zmkj_evaluate_goods` WHERE ( geval_goodsid = '100862' ) AND ( (geval_image <> '') OR (geval_image_again <> '') ) LIMIT 1  
[2019-08-14 01:12:23] /shop/index.php?act=goods&op=comments_list&goods_id=110939 ( act=goods&op=comments_list ) 
ERR: Db Error: Unknown column 'geval_image_again' in 'where clause'
SELECT COUNT(*) AS nc_count FROM `zmkj_evaluate_goods` WHERE ( geval_goodsid = '110939' ) AND ( (geval_image <> '') OR (geval_image_again <> '') ) LIMIT 1  
[2019-08-14 01:26:01] /shop/index.php?act=goods&op=comments_list&goods_id=110971 ( act=goods&op=comments_list ) 
ERR: Db Error: Unknown column 'geval_image_again' in 'where clause'
SELECT COUNT(*) AS nc_count FROM `zmkj_evaluate_goods` WHERE ( geval_goodsid = '110971' ) AND ( (geval_image <> '') OR (geval_image_again <> '') ) LIMIT 1  
[2019-08-14 01:50:34] /shop/index.php?act=goods&op=comments_list&goods_id=109347 ( act=goods&op=comments_list ) 
ERR: Db Error: Unknown column 'geval_image_again' in 'where clause'
SELECT COUNT(*) AS nc_count FROM `zmkj_evaluate_goods` WHERE ( geval_goodsid = '109347' ) AND ( (geval_image <> '') OR (geval_image_again <> '') ) LIMIT 1  
[2019-08-14 01:56:01] /shop/index.php?act=goods&op=comments_list&goods_id=104911&type=1 ( act=goods&op=comments_list ) 
ERR: Db Error: Unknown column 'geval_image_again' in 'where clause'
SELECT COUNT(*) AS nc_count FROM `zmkj_evaluate_goods` WHERE ( geval_goodsid = '104911' ) AND ( (geval_image <> '') OR (geval_image_again <> '') ) LIMIT 1  
[2019-08-14 02:01:28] /shop/index.php?act=goods&op=comments_list&goods_id=110713&type=1 ( act=goods&op=comments_list ) 
ERR: Db Error: Unknown column 'geval_image_again' in 'where clause'
SELECT COUNT(*) AS nc_count FROM `zmkj_evaluate_goods` WHERE ( geval_goodsid = '110713' ) AND ( (geval_image <> '') OR (geval_image_again <> '') ) LIMIT 1  
[2019-08-14 02:43:02] /shop/index.php?act=search&op=index&cate_id=2192 ( act=search&op=index ) 
ERR: Db Error: Unknown column 'gc_id_' in 'where clause'
SELECT count(distinct CONCAT(goods_commonid)) AS nc_count FROM `zmkj_goods` WHERE ( gc_id_ = '2192' ) AND ( goods_state = '1' ) AND ( goods_verify = '1' ) LIMIT 1  
[2019-08-14 02:43:05] /shop/index.php?act=goods&op=comments_list&goods_id=108593 ( act=goods&op=comments_list ) 
ERR: Db Error: Unknown column 'geval_image_again' in 'where clause'
SELECT COUNT(*) AS nc_count FROM `zmkj_evaluate_goods` WHERE ( geval_goodsid = '108593' ) AND ( (geval_image <> '') OR (geval_image_again <> '') ) LIMIT 1  
[2019-08-14 02:43:07] /shop/index.php?act=search&op=index&cate_id=2185 ( act=search&op=index ) 
ERR: Db Error: Unknown column 'gc_id_' in 'where clause'
SELECT count(distinct CONCAT(goods_commonid)) AS nc_count FROM `zmkj_goods` WHERE ( gc_id_ = '2185' ) AND ( goods_state = '1' ) AND ( goods_verify = '1' ) LIMIT 1  
[2019-08-14 02:43:08] /shop/index.php?act=search&op=index&cate_id=2175 ( act=search&op=index ) 
ERR: Db Error: Unknown column 'gc_id_' in 'where clause'
SELECT count(distinct CONCAT(goods_commonid)) AS nc_count FROM `zmkj_goods` WHERE ( gc_id_ = '2175' ) AND ( goods_state = '1' ) AND ( goods_verify = '1' ) LIMIT 1  
[2019-08-14 02:43:09] /shop/index.php?act=search&op=index&cate_id=2172 ( act=search&op=index ) 
ERR: Db Error: Unknown column 'gc_id_' in 'where clause'
SELECT count(distinct CONCAT(goods_commonid)) AS nc_count FROM `zmkj_goods` WHERE ( gc_id_ = '2172' ) AND ( goods_state = '1' ) AND ( goods_verify = '1' ) LIMIT 1  
[2019-08-14 02:43:09] /shop/index.php?act=search&op=index&cate_id=2115 ( act=search&op=index ) 
ERR: Db Error: Unknown column 'gc_id_' in 'where clause'
SELECT count(distinct CONCAT(goods_commonid)) AS nc_count FROM `zmkj_goods` WHERE ( gc_id_ = '2115' ) AND ( goods_state = '1' ) AND ( goods_verify = '1' ) LIMIT 1  
[2019-08-14 02:43:10] /shop/index.php?act=search&op=index&cate_id=2169 ( act=search&op=index ) 
ERR: Db Error: Unknown column 'gc_id_' in 'where clause'
SELECT count(distinct CONCAT(goods_commonid)) AS nc_count FROM `zmkj_goods` WHERE ( gc_id_ = '2169' ) AND ( goods_state = '1' ) AND ( goods_verify = '1' ) LIMIT 1  
[2019-08-14 02:43:11] /shop/index.php?act=search&op=index&cate_id=2165 ( act=search&op=index ) 
ERR: Db Error: Unknown column 'gc_id_' in 'where clause'
SELECT count(distinct CONCAT(goods_commonid)) AS nc_count FROM `zmkj_goods` WHERE ( gc_id_ = '2165' ) AND ( goods_state = '1' ) AND ( goods_verify = '1' ) LIMIT 1  
[2019-08-14 02:43:13] /shop/index.php?act=search&op=index&cate_id=2140 ( act=search&op=index ) 
ERR: Db Error: Unknown column 'gc_id_' in 'where clause'
SELECT count(distinct CONCAT(goods_commonid)) AS nc_count FROM `zmkj_goods` WHERE ( gc_id_ = '2140' ) AND ( goods_state = '1' ) AND ( goods_verify = '1' ) LIMIT 1  
[2019-08-14 02:43:15] /shop/index.php?act=search&op=index&cate_id=2126 ( act=search&op=index ) 
ERR: Db Error: Unknown column 'gc_id_' in 'where clause'
SELECT count(distinct CONCAT(goods_commonid)) AS nc_count FROM `zmkj_goods` WHERE ( gc_id_ = '2126' ) AND ( goods_state = '1' ) AND ( goods_verify = '1' ) LIMIT 1  
[2019-08-14 02:43:23] /shop/index.php?act=search&op=index&cate_id=2164 ( act=search&op=index ) 
ERR: Db Error: Unknown column 'gc_id_' in 'where clause'
SELECT count(distinct CONCAT(goods_commonid)) AS nc_count FROM `zmkj_goods` WHERE ( gc_id_ = '2164' ) AND ( goods_state = '1' ) AND ( goods_verify = '1' ) LIMIT 1  
[2019-08-14 02:43:37] /shop/index.php?act=search&op=index&cate_id=2124 ( act=search&op=index ) 
ERR: Db Error: Unknown column 'gc_id_' in 'where clause'
SELECT count(distinct CONCAT(goods_commonid)) AS nc_count FROM `zmkj_goods` WHERE ( gc_id_ = '2124' ) AND ( goods_state = '1' ) AND ( goods_verify = '1' ) LIMIT 1  
[2019-08-14 02:43:40] /shop/index.php?act=search&op=index&cate_id=2194 ( act=search&op=index ) 
ERR: Db Error: Unknown column 'gc_id_' in 'where clause'
SELECT count(distinct CONCAT(goods_commonid)) AS nc_count FROM `zmkj_goods` WHERE ( gc_id_ = '2194' ) AND ( goods_state = '1' ) AND ( goods_verify = '1' ) LIMIT 1  
[2019-08-14 02:43:43] /shop/index.php?act=goods&op=comments_list&goods_id=108046 ( act=goods&op=comments_list ) 
ERR: Db Error: Unknown column 'geval_image_again' in 'where clause'
SELECT COUNT(*) AS nc_count FROM `zmkj_evaluate_goods` WHERE ( geval_goodsid = '108046' ) AND ( (geval_image <> '') OR (geval_image_again <> '') ) LIMIT 1  
[2019-08-14 02:43:47] /shop/index.php?act=search&op=index&cate_id=2137 ( act=search&op=index ) 
ERR: Db Error: Unknown column 'gc_id_' in 'where clause'
SELECT count(distinct CONCAT(goods_commonid)) AS nc_count FROM `zmkj_goods` WHERE ( gc_id_ = '2137' ) AND ( goods_state = '1' ) AND ( goods_verify = '1' ) LIMIT 1  
[2019-08-14 02:44:10] /shop/index.php?act=search&op=index&cate_id=2190 ( act=search&op=index ) 
ERR: Db Error: Unknown column 'gc_id_' in 'where clause'
SELECT count(distinct CONCAT(goods_commonid)) AS nc_count FROM `zmkj_goods` WHERE ( gc_id_ = '2190' ) AND ( goods_state = '1' ) AND ( goods_verify = '1' ) LIMIT 1  
[2019-08-14 02:44:10] /shop/index.php?act=search&op=index&cate_id=2187 ( act=search&op=index ) 
ERR: Db Error: Unknown column 'gc_id_' in 'where clause'
SELECT count(distinct CONCAT(goods_commonid)) AS nc_count FROM `zmkj_goods` WHERE ( gc_id_ = '2187' ) AND ( goods_state = '1' ) AND ( goods_verify = '1' ) LIMIT 1  
[2019-08-14 02:44:14] /shop/index.php?act=search&op=index&cate_id=1585 ( act=search&op=index ) 
ERR: Db Error: Unknown column 'gc_id_' in 'where clause'
SELECT count(distinct CONCAT(goods_commonid)) AS nc_count FROM `zmkj_goods` WHERE ( gc_id_ = '1585' ) AND ( goods_state = '1' ) AND ( goods_verify = '1' ) LIMIT 1  
[2019-08-14 02:44:15] /shop/index.php?act=search&op=index&cate_id=1579 ( act=search&op=index ) 
ERR: Db Error: Unknown column 'gc_id_' in 'where clause'
SELECT count(distinct CONCAT(goods_commonid)) AS nc_count FROM `zmkj_goods` WHERE ( gc_id_ = '1579' ) AND ( goods_state = '1' ) AND ( goods_verify = '1' ) LIMIT 1  
[2019-08-14 02:44:15] /shop/index.php?act=search&op=index&cate_id=2155 ( act=search&op=index ) 
ERR: Db Error: Unknown column 'gc_id_' in 'where clause'
SELECT count(distinct CONCAT(goods_commonid)) AS nc_count FROM `zmkj_goods` WHERE ( gc_id_ = '2155' ) AND ( goods_state = '1' ) AND ( goods_verify = '1' ) LIMIT 1  
[2019-08-14 02:44:46] /shop/index.php?act=search&op=index&cate_id=2129 ( act=search&op=index ) 
ERR: Db Error: Unknown column 'gc_id_' in 'where clause'
SELECT count(distinct CONCAT(goods_commonid)) AS nc_count FROM `zmkj_goods` WHERE ( gc_id_ = '2129' ) AND ( goods_state = '1' ) AND ( goods_verify = '1' ) LIMIT 1  
[2019-08-14 03:56:01] /shop/index.php?act=goods&op=comments_list&goods_id=108640 ( act=goods&op=comments_list ) 
ERR: Db Error: Unknown column 'geval_image_again' in 'where clause'
SELECT COUNT(*) AS nc_count FROM `zmkj_evaluate_goods` WHERE ( geval_goodsid = '108640' ) AND ( (geval_image <> '') OR (geval_image_again <> '') ) LIMIT 1  
[2019-08-14 04:01:28] /shop/index.php?act=goods&op=comments_list&goods_id=103658 ( act=goods&op=comments_list ) 
ERR: Db Error: Unknown column 'geval_image_again' in 'where clause'
SELECT COUNT(*) AS nc_count FROM `zmkj_evaluate_goods` WHERE ( geval_goodsid = '103658' ) AND ( (geval_image <> '') OR (geval_image_again <> '') ) LIMIT 1  
[2019-08-14 04:06:55] /shop/index.php?act=goods&op=comments_list&goods_id=104596 ( act=goods&op=comments_list ) 
ERR: Db Error: Unknown column 'geval_image_again' in 'where clause'
SELECT COUNT(*) AS nc_count FROM `zmkj_evaluate_goods` WHERE ( geval_goodsid = '104596' ) AND ( (geval_image <> '') OR (geval_image_again <> '') ) LIMIT 1  
[2019-08-14 04:31:28] /shop/index.php?act=goods&op=comments_list&goods_id=110459 ( act=goods&op=comments_list ) 
ERR: Db Error: Unknown column 'geval_image_again' in 'where clause'
SELECT COUNT(*) AS nc_count FROM `zmkj_evaluate_goods` WHERE ( geval_goodsid = '110459' ) AND ( (geval_image <> '') OR (geval_image_again <> '') ) LIMIT 1  
[2019-08-14 04:42:23] /shop/index.php?act=goods&op=comments_list&goods_id=110486&type=3 ( act=goods&op=comments_list ) 
ERR: Db Error: Unknown column 'geval_image_again' in 'where clause'
SELECT COUNT(*) AS nc_count FROM `zmkj_evaluate_goods` WHERE ( geval_goodsid = '110486' ) AND ( (geval_image <> '') OR (geval_image_again <> '') ) LIMIT 1  
[2019-08-14 04:53:17] /shop/index.php?act=goods&op=comments_list&goods_id=109971&type=1 ( act=goods&op=comments_list ) 
ERR: Db Error: Unknown column 'geval_image_again' in 'where clause'
SELECT COUNT(*) AS nc_count FROM `zmkj_evaluate_goods` WHERE ( geval_goodsid = '109971' ) AND ( (geval_image <> '') OR (geval_image_again <> '') ) LIMIT 1  
[2019-08-14 05:06:55] /shop/index.php?act=goods&op=comments_list&goods_id=110943 ( act=goods&op=comments_list ) 
ERR: Db Error: Unknown column 'geval_image_again' in 'where clause'
SELECT COUNT(*) AS nc_count FROM `zmkj_evaluate_goods` WHERE ( geval_goodsid = '110943' ) AND ( (geval_image <> '') OR (geval_image_again <> '') ) LIMIT 1  
[2019-08-14 05:09:39] /shop/index.php?act=goods&op=comments_list&goods_id=108180 ( act=goods&op=comments_list ) 
ERR: Db Error: Unknown column 'geval_image_again' in 'where clause'
SELECT COUNT(*) AS nc_count FROM `zmkj_evaluate_goods` WHERE ( geval_goodsid = '108180' ) AND ( (geval_image <> '') OR (geval_image_again <> '') ) LIMIT 1  
[2019-08-14 05:12:23] /shop/index.php?act=goods&op=comments_list&goods_id=109725 ( act=goods&op=comments_list ) 
ERR: Db Error: Unknown column 'geval_image_again' in 'where clause'
SELECT COUNT(*) AS nc_count FROM `zmkj_evaluate_goods` WHERE ( geval_goodsid = '109725' ) AND ( (geval_image <> '') OR (geval_image_again <> '') ) LIMIT 1  
[2019-08-14 05:15:06] /shop/index.php?act=goods&op=comments_list&goods_id=111005 ( act=goods&op=comments_list ) 
ERR: Db Error: Unknown column 'geval_image_again' in 'where clause'
SELECT COUNT(*) AS nc_count FROM `zmkj_evaluate_goods` WHERE ( geval_goodsid = '111005' ) AND ( (geval_image <> '') OR (geval_image_again <> '') ) LIMIT 1  
[2019-08-14 05:28:44] /shop/index.php?act=goods&op=comments_list&goods_id=102457 ( act=goods&op=comments_list ) 
ERR: Db Error: Unknown column 'geval_image_again' in 'where clause'
SELECT COUNT(*) AS nc_count FROM `zmkj_evaluate_goods` WHERE ( geval_goodsid = '102457' ) AND ( (geval_image <> '') OR (geval_image_again <> '') ) LIMIT 1  
[2019-08-14 05:39:39] /shop/index.php?act=goods&op=comments_list&goods_id=111011 ( act=goods&op=comments_list ) 
ERR: Db Error: Unknown column 'geval_image_again' in 'where clause'
SELECT COUNT(*) AS nc_count FROM `zmkj_evaluate_goods` WHERE ( geval_goodsid = '111011' ) AND ( (geval_image <> '') OR (geval_image_again <> '') ) LIMIT 1  
[2019-08-14 05:45:06] /shop/index.php?act=goods&op=comments_list&goods_id=108185 ( act=goods&op=comments_list ) 
ERR: Db Error: Unknown column 'geval_image_again' in 'where clause'
SELECT COUNT(*) AS nc_count FROM `zmkj_evaluate_goods` WHERE ( geval_goodsid = '108185' ) AND ( (geval_image <> '') OR (geval_image_again <> '') ) LIMIT 1  
[2019-08-14 05:58:44] /shop/index.php?act=goods&op=comments_list&goods_id=109689 ( act=goods&op=comments_list ) 
ERR: Db Error: Unknown column 'geval_image_again' in 'where clause'
SELECT COUNT(*) AS nc_count FROM `zmkj_evaluate_goods` WHERE ( geval_goodsid = '109689' ) AND ( (geval_image <> '') OR (geval_image_again <> '') ) LIMIT 1  
[2019-08-14 07:06:58] /shop/index.php?act=goods&goods_id=105447&op=comments_list ( act=goods&op=comments_list ) 
ERR: Db Error: Unknown column 'geval_image_again' in 'where clause'
SELECT COUNT(*) AS nc_count FROM `zmkj_evaluate_goods` WHERE ( geval_goodsid = '105447' ) AND ( (geval_image <> '') OR (geval_image_again <> '') ) LIMIT 1  
[2019-08-14 07:07:00] /shop/index.php?act=goods&goods_id=107124&op=comments_list ( act=goods&op=comments_list ) 
ERR: Db Error: Unknown column 'geval_image_again' in 'where clause'
SELECT COUNT(*) AS nc_count FROM `zmkj_evaluate_goods` WHERE ( geval_goodsid = '107124' ) AND ( (geval_image <> '') OR (geval_image_again <> '') ) LIMIT 1  
[2019-08-14 07:09:03] /shop/index.php?act=goods&goods_id=103027&op=comments_list&type=3 ( act=goods&op=comments_list ) 
ERR: Db Error: Unknown column 'geval_image_again' in 'where clause'
SELECT COUNT(*) AS nc_count FROM `zmkj_evaluate_goods` WHERE ( geval_goodsid = '103027' ) AND ( (geval_image <> '') OR (geval_image_again <> '') ) LIMIT 1  
[2019-08-14 07:09:32] /shop/index.php?act=goods&goods_id=105886&op=comments_list ( act=goods&op=comments_list ) 
ERR: Db Error: Unknown column 'geval_image_again' in 'where clause'
SELECT COUNT(*) AS nc_count FROM `zmkj_evaluate_goods` WHERE ( geval_goodsid = '105886' ) AND ( (geval_image <> '') OR (geval_image_again <> '') ) LIMIT 1  
[2019-08-14 07:17:50] /shop/index.php?act=goods&op=comments_list&goods_id=108773 ( act=goods&op=comments_list ) 
ERR: Db Error: Unknown column 'geval_image_again' in 'where clause'
SELECT COUNT(*) AS nc_count FROM `zmkj_evaluate_goods` WHERE ( geval_goodsid = '108773' ) AND ( (geval_image <> '') OR (geval_image_again <> '') ) LIMIT 1  
[2019-08-14 07:39:39] /shop/index.php?act=goods&op=comments_list&goods_id=102098 ( act=goods&op=comments_list ) 
ERR: Db Error: Unknown column 'geval_image_again' in 'where clause'
SELECT COUNT(*) AS nc_count FROM `zmkj_evaluate_goods` WHERE ( geval_goodsid = '102098' ) AND ( (geval_image <> '') OR (geval_image_again <> '') ) LIMIT 1  
[2019-08-14 07:50:33] /shop/index.php?act=goods&op=comments_list&goods_id=104081 ( act=goods&op=comments_list ) 
ERR: Db Error: Unknown column 'geval_image_again' in 'where clause'
SELECT COUNT(*) AS nc_count FROM `zmkj_evaluate_goods` WHERE ( geval_goodsid = '104081' ) AND ( (geval_image <> '') OR (geval_image_again <> '') ) LIMIT 1  
[2019-08-14 08:06:55] /shop/index.php?act=goods&op=comments_list&goods_id=109350 ( act=goods&op=comments_list ) 
ERR: Db Error: Unknown column 'geval_image_again' in 'where clause'
SELECT COUNT(*) AS nc_count FROM `zmkj_evaluate_goods` WHERE ( geval_goodsid = '109350' ) AND ( (geval_image <> '') OR (geval_image_again <> '') ) LIMIT 1  
[2019-08-14 08:28:49] /shop/index.php?act=goods&op=comments_list&goods_id=108742 ( act=goods&op=comments_list ) 
ERR: Db Error: Unknown column 'geval_image_again' in 'where clause'
SELECT COUNT(*) AS nc_count FROM `zmkj_evaluate_goods` WHERE ( geval_goodsid = '108742' ) AND ( (geval_image <> '') OR (geval_image_again <> '') ) LIMIT 1  
[2019-08-14 08:30:46] /shop/index.php?act=goods&op=comments_list&goods_id=108742 ( act=goods&op=comments_list ) 
ERR: Db Error: Unknown column 'geval_image_again' in 'where clause'
SELECT COUNT(*) AS nc_count FROM `zmkj_evaluate_goods` WHERE ( geval_goodsid = '108742' ) AND ( (geval_image <> '') OR (geval_image_again <> '') ) LIMIT 1  
[2019-08-14 08:34:12] /shop/index.php?act=goods&op=comments_list&goods_id=110239 ( act=goods&op=comments_list ) 
ERR: Db Error: Unknown column 'geval_image_again' in 'where clause'
SELECT COUNT(*) AS nc_count FROM `zmkj_evaluate_goods` WHERE ( geval_goodsid = '110239' ) AND ( (geval_image <> '') OR (geval_image_again <> '') ) LIMIT 1  
[2019-08-14 08:53:17] /shop/index.php?act=goods&op=comments_list&goods_id=104290 ( act=goods&op=comments_list ) 
ERR: Db Error: Unknown column 'geval_image_again' in 'where clause'
SELECT COUNT(*) AS nc_count FROM `zmkj_evaluate_goods` WHERE ( geval_goodsid = '104290' ) AND ( (geval_image <> '') OR (geval_image_again <> '') ) LIMIT 1  
[2019-08-14 08:58:44] /shop/index.php?act=goods&op=comments_list&goods_id=110886 ( act=goods&op=comments_list ) 
ERR: Db Error: Unknown column 'geval_image_again' in 'where clause'
SELECT COUNT(*) AS nc_count FROM `zmkj_evaluate_goods` WHERE ( geval_goodsid = '110886' ) AND ( (geval_image <> '') OR (geval_image_again <> '') ) LIMIT 1  
[2019-08-14 08:59:44] /shop/index.php?act=goods&op=comments_list&goods_id=110886 ( act=goods&op=comments_list ) 
ERR: Db Error: Unknown column 'geval_image_again' in 'where clause'
SELECT COUNT(*) AS nc_count FROM `zmkj_evaluate_goods` WHERE ( geval_goodsid = '110886' ) AND ( (geval_image <> '') OR (geval_image_again <> '') ) LIMIT 1  
[2019-08-14 09:01:28] /shop/index.php?act=goods&op=comments_list&goods_id=110595&type=1 ( act=goods&op=comments_list ) 
ERR: Db Error: Unknown column 'geval_image_again' in 'where clause'
SELECT COUNT(*) AS nc_count FROM `zmkj_evaluate_goods` WHERE ( geval_goodsid = '110595' ) AND ( (geval_image <> '') OR (geval_image_again <> '') ) LIMIT 1  
[2019-08-14 09:42:22] /shop/index.php?act=goods&op=comments_list&goods_id=110982 ( act=goods&op=comments_list ) 
ERR: Db Error: Unknown column 'geval_image_again' in 'where clause'
SELECT COUNT(*) AS nc_count FROM `zmkj_evaluate_goods` WHERE ( geval_goodsid = '110982' ) AND ( (geval_image <> '') OR (geval_image_again <> '') ) LIMIT 1  
[2019-08-14 09:50:33] /shop/index.php?act=goods&op=comments_list&goods_id=102931&type=1 ( act=goods&op=comments_list ) 
ERR: Db Error: Unknown column 'geval_image_again' in 'where clause'
SELECT COUNT(*) AS nc_count FROM `zmkj_evaluate_goods` WHERE ( geval_goodsid = '102931' ) AND ( (geval_image <> '') OR (geval_image_again <> '') ) LIMIT 1  
[2019-08-14 14:56:03] /shop/index.php?act=goods&op=comments_list&goods_id=110541 ( act=goods&op=comments_list ) 
ERR: Db Error: Unknown column 'geval_image_again' in 'where clause'
SELECT COUNT(*) AS nc_count FROM `zmkj_evaluate_goods` WHERE ( geval_goodsid = '110541' ) AND ( (geval_image <> '') OR (geval_image_again <> '') ) LIMIT 1  
[2019-08-14 15:04:13] /shop/index.php?act=goods&op=comments_list&goods_id=110618 ( act=goods&op=comments_list ) 
ERR: Db Error: Unknown column 'geval_image_again' in 'where clause'
SELECT COUNT(*) AS nc_count FROM `zmkj_evaluate_goods` WHERE ( geval_goodsid = '110618' ) AND ( (geval_image <> '') OR (geval_image_again <> '') ) LIMIT 1  
[2019-08-14 15:56:02] /shop/index.php?act=goods&op=comments_list&goods_id=110562 ( act=goods&op=comments_list ) 
ERR: Db Error: Unknown column 'geval_image_again' in 'where clause'
SELECT COUNT(*) AS nc_count FROM `zmkj_evaluate_goods` WHERE ( geval_goodsid = '110562' ) AND ( (geval_image <> '') OR (geval_image_again <> '') ) LIMIT 1  
[2019-08-14 16:52:36] /shop/index.php?act=goods&op=comments_list&goods_id=107550 ( act=goods&op=comments_list ) 
ERR: Db Error: Unknown column 'geval_image_again' in 'where clause'
SELECT COUNT(*) AS nc_count FROM `zmkj_evaluate_goods` WHERE ( geval_goodsid = '107550' ) AND ( (geval_image <> '') OR (geval_image_again <> '') ) LIMIT 1  
[2019-08-14 16:54:02] /shop/index.php?act=goods&op=comments_list&goods_id=102924 ( act=goods&op=comments_list ) 
ERR: Db Error: Unknown column 'geval_image_again' in 'where clause'
SELECT COUNT(*) AS nc_count FROM `zmkj_evaluate_goods` WHERE ( geval_goodsid = '102924' ) AND ( (geval_image <> '') OR (geval_image_again <> '') ) LIMIT 1  
[2019-08-14 17:05:31] /shop/index.php?act=goods&op=comments_list&goods_id=106152 ( act=goods&op=comments_list ) 
ERR: Db Error: Unknown column 'geval_image_again' in 'where clause'
SELECT COUNT(*) AS nc_count FROM `zmkj_evaluate_goods` WHERE ( geval_goodsid = '106152' ) AND ( (geval_image <> '') OR (geval_image_again <> '') ) LIMIT 1  
[2019-08-14 17:08:24] /shop/index.php?act=goods&op=comments_list&goods_id=110849 ( act=goods&op=comments_list ) 
ERR: Db Error: Unknown column 'geval_image_again' in 'where clause'
SELECT COUNT(*) AS nc_count FROM `zmkj_evaluate_goods` WHERE ( geval_goodsid = '110849' ) AND ( (geval_image <> '') OR (geval_image_again <> '') ) LIMIT 1  
[2019-08-14 17:15:34] /shop/index.php?act=goods&op=comments_list&goods_id=104038 ( act=goods&op=comments_list ) 
ERR: Db Error: Unknown column 'geval_image_again' in 'where clause'
SELECT COUNT(*) AS nc_count FROM `zmkj_evaluate_goods` WHERE ( geval_goodsid = '104038' ) AND ( (geval_image <> '') OR (geval_image_again <> '') ) LIMIT 1  
[2019-08-14 17:21:19] /shop/index.php?act=goods&op=comments_list&goods_id=107608 ( act=goods&op=comments_list ) 
ERR: Db Error: Unknown column 'geval_image_again' in 'where clause'
SELECT COUNT(*) AS nc_count FROM `zmkj_evaluate_goods` WHERE ( geval_goodsid = '107608' ) AND ( (geval_image <> '') OR (geval_image_again <> '') ) LIMIT 1  
[2019-08-14 17:22:45] /shop/index.php?act=goods&op=comments_list&goods_id=105251 ( act=goods&op=comments_list ) 
ERR: Db Error: Unknown column 'geval_image_again' in 'where clause'
SELECT COUNT(*) AS nc_count FROM `zmkj_evaluate_goods` WHERE ( geval_goodsid = '105251' ) AND ( (geval_image <> '') OR (geval_image_again <> '') ) LIMIT 1  
[2019-08-14 17:24:11] /shop/index.php?act=goods&op=comments_list&goods_id=110821 ( act=goods&op=comments_list ) 
ERR: Db Error: Unknown column 'geval_image_again' in 'where clause'
SELECT COUNT(*) AS nc_count FROM `zmkj_evaluate_goods` WHERE ( geval_goodsid = '110821' ) AND ( (geval_image <> '') OR (geval_image_again <> '') ) LIMIT 1  
[2019-08-14 17:28:30] /shop/index.php?act=goods&op=comments_list&goods_id=107539 ( act=goods&op=comments_list ) 
ERR: Db Error: Unknown column 'geval_image_again' in 'where clause'
SELECT COUNT(*) AS nc_count FROM `zmkj_evaluate_goods` WHERE ( geval_goodsid = '107539' ) AND ( (geval_image <> '') OR (geval_image_again <> '') ) LIMIT 1  
[2019-08-14 17:31:22] /shop/index.php?act=goods&op=comments_list&goods_id=110212&type=1 ( act=goods&op=comments_list ) 
ERR: Db Error: Unknown column 'geval_image_again' in 'where clause'
SELECT COUNT(*) AS nc_count FROM `zmkj_evaluate_goods` WHERE ( geval_goodsid = '110212' ) AND ( (geval_image <> '') OR (geval_image_again <> '') ) LIMIT 1  
[2019-08-14 17:32:48] /shop/index.php?act=goods&op=comments_list&goods_id=110909 ( act=goods&op=comments_list ) 
ERR: Db Error: Unknown column 'geval_image_again' in 'where clause'
SELECT COUNT(*) AS nc_count FROM `zmkj_evaluate_goods` WHERE ( geval_goodsid = '110909' ) AND ( (geval_image <> '') OR (geval_image_again <> '') ) LIMIT 1  
[2019-08-14 17:38:33] /shop/index.php?act=goods&op=comments_list&goods_id=106065 ( act=goods&op=comments_list ) 
ERR: Db Error: Unknown column 'geval_image_again' in 'where clause'
SELECT COUNT(*) AS nc_count FROM `zmkj_evaluate_goods` WHERE ( geval_goodsid = '106065' ) AND ( (geval_image <> '') OR (geval_image_again <> '') ) LIMIT 1  
[2019-08-14 17:41:25] /shop/index.php?act=goods&op=comments_list&goods_id=106386 ( act=goods&op=comments_list ) 
ERR: Db Error: Unknown column 'geval_image_again' in 'where clause'
SELECT COUNT(*) AS nc_count FROM `zmkj_evaluate_goods` WHERE ( geval_goodsid = '106386' ) AND ( (geval_image <> '') OR (geval_image_again <> '') ) LIMIT 1  
[2019-08-14 17:42:51] /shop/index.php?act=goods&op=comments_list&goods_id=110883 ( act=goods&op=comments_list ) 
ERR: Db Error: Unknown column 'geval_image_again' in 'where clause'
SELECT COUNT(*) AS nc_count FROM `zmkj_evaluate_goods` WHERE ( geval_goodsid = '110883' ) AND ( (geval_image <> '') OR (geval_image_again <> '') ) LIMIT 1  
[2019-08-14 17:54:21] /shop/index.php?act=goods&op=comments_list&goods_id=105344 ( act=goods&op=comments_list ) 
ERR: Db Error: Unknown column 'geval_image_again' in 'where clause'
SELECT COUNT(*) AS nc_count FROM `zmkj_evaluate_goods` WHERE ( geval_goodsid = '105344' ) AND ( (geval_image <> '') OR (geval_image_again <> '') ) LIMIT 1  
[2019-08-14 17:57:13] /shop/index.php?act=goods&op=comments_list&goods_id=107262 ( act=goods&op=comments_list ) 
ERR: Db Error: Unknown column 'geval_image_again' in 'where clause'
SELECT COUNT(*) AS nc_count FROM `zmkj_evaluate_goods` WHERE ( geval_goodsid = '107262' ) AND ( (geval_image <> '') OR (geval_image_again <> '') ) LIMIT 1  
[2019-08-14 17:58:39] /shop/index.php?act=goods&op=comments_list&goods_id=110792 ( act=goods&op=comments_list ) 
ERR: Db Error: Unknown column 'geval_image_again' in 'where clause'
SELECT COUNT(*) AS nc_count FROM `zmkj_evaluate_goods` WHERE ( geval_goodsid = '110792' ) AND ( (geval_image <> '') OR (geval_image_again <> '') ) LIMIT 1  
[2019-08-14 18:01:31] /shop/index.php?act=goods&op=comments_list&goods_id=107603 ( act=goods&op=comments_list ) 
ERR: Db Error: Unknown column 'geval_image_again' in 'where clause'
SELECT COUNT(*) AS nc_count FROM `zmkj_evaluate_goods` WHERE ( geval_goodsid = '107603' ) AND ( (geval_image <> '') OR (geval_image_again <> '') ) LIMIT 1  
[2019-08-14 18:04:24] /shop/index.php?act=goods&op=comments_list&goods_id=110781 ( act=goods&op=comments_list ) 
ERR: Db Error: Unknown column 'geval_image_again' in 'where clause'
SELECT COUNT(*) AS nc_count FROM `zmkj_evaluate_goods` WHERE ( geval_goodsid = '110781' ) AND ( (geval_image <> '') OR (geval_image_again <> '') ) LIMIT 1  
[2019-08-14 18:05:50] /shop/index.php?act=goods&op=comments_list&goods_id=106536 ( act=goods&op=comments_list ) 
ERR: Db Error: Unknown column 'geval_image_again' in 'where clause'
SELECT COUNT(*) AS nc_count FROM `zmkj_evaluate_goods` WHERE ( geval_goodsid = '106536' ) AND ( (geval_image <> '') OR (geval_image_again <> '') ) LIMIT 1  
[2019-08-14 18:07:16] /shop/index.php?act=goods&op=comments_list&goods_id=103879 ( act=goods&op=comments_list ) 
ERR: Db Error: Unknown column 'geval_image_again' in 'where clause'
SELECT COUNT(*) AS nc_count FROM `zmkj_evaluate_goods` WHERE ( geval_goodsid = '103879' ) AND ( (geval_image <> '') OR (geval_image_again <> '') ) LIMIT 1  
[2019-08-14 18:11:34] /shop/index.php?act=goods&op=comments_list&goods_id=110944 ( act=goods&op=comments_list ) 
ERR: Db Error: Unknown column 'geval_image_again' in 'where clause'
SELECT COUNT(*) AS nc_count FROM `zmkj_evaluate_goods` WHERE ( geval_goodsid = '110944' ) AND ( (geval_image <> '') OR (geval_image_again <> '') ) LIMIT 1  
[2019-08-14 18:13:01] /shop/index.php?act=goods&op=comments_list&goods_id=105668 ( act=goods&op=comments_list ) 
ERR: Db Error: Unknown column 'geval_image_again' in 'where clause'
SELECT COUNT(*) AS nc_count FROM `zmkj_evaluate_goods` WHERE ( geval_goodsid = '105668' ) AND ( (geval_image <> '') OR (geval_image_again <> '') ) LIMIT 1  
[2019-08-14 18:15:53] /shop/index.php?act=goods&op=comments_list&goods_id=107557 ( act=goods&op=comments_list ) 
ERR: Db Error: Unknown column 'geval_image_again' in 'where clause'
SELECT COUNT(*) AS nc_count FROM `zmkj_evaluate_goods` WHERE ( geval_goodsid = '107557' ) AND ( (geval_image <> '') OR (geval_image_again <> '') ) LIMIT 1  
[2019-08-14 18:17:19] /shop/index.php?act=goods&op=comments_list&goods_id=107941 ( act=goods&op=comments_list ) 
ERR: Db Error: Unknown column 'geval_image_again' in 'where clause'
SELECT COUNT(*) AS nc_count FROM `zmkj_evaluate_goods` WHERE ( geval_goodsid = '107941' ) AND ( (geval_image <> '') OR (geval_image_again <> '') ) LIMIT 1  
[2019-08-14 18:27:22] /shop/index.php?act=goods&op=comments_list&goods_id=107518 ( act=goods&op=comments_list ) 
ERR: Db Error: Unknown column 'geval_image_again' in 'where clause'
SELECT COUNT(*) AS nc_count FROM `zmkj_evaluate_goods` WHERE ( geval_goodsid = '107518' ) AND ( (geval_image <> '') OR (geval_image_again <> '') ) LIMIT 1  
[2019-08-14 18:31:41] /shop/index.php?act=goods&op=comments_list&goods_id=110503 ( act=goods&op=comments_list ) 
ERR: Db Error: Unknown column 'geval_image_again' in 'where clause'
SELECT COUNT(*) AS nc_count FROM `zmkj_evaluate_goods` WHERE ( geval_goodsid = '110503' ) AND ( (geval_image <> '') OR (geval_image_again <> '') ) LIMIT 1  
[2019-08-14 18:35:59] /shop/index.php?act=goods&op=comments_list&goods_id=110780 ( act=goods&op=comments_list ) 
ERR: Db Error: Unknown column 'geval_image_again' in 'where clause'
SELECT COUNT(*) AS nc_count FROM `zmkj_evaluate_goods` WHERE ( geval_goodsid = '110780' ) AND ( (geval_image <> '') OR (geval_image_again <> '') ) LIMIT 1  
[2019-08-14 18:41:44] /shop/index.php?act=goods&op=comments_list&goods_id=103662 ( act=goods&op=comments_list ) 
ERR: Db Error: Unknown column 'geval_image_again' in 'where clause'
SELECT COUNT(*) AS nc_count FROM `zmkj_evaluate_goods` WHERE ( geval_goodsid = '103662' ) AND ( (geval_image <> '') OR (geval_image_again <> '') ) LIMIT 1  
[2019-08-14 18:48:55] /shop/index.php?act=goods&op=comments_list&goods_id=111057 ( act=goods&op=comments_list ) 
ERR: Db Error: Unknown column 'geval_image_again' in 'where clause'
SELECT COUNT(*) AS nc_count FROM `zmkj_evaluate_goods` WHERE ( geval_goodsid = '111057' ) AND ( (geval_image <> '') OR (geval_image_again <> '') ) LIMIT 1  
[2019-08-14 18:50:21] /shop/index.php?act=goods&op=comments_list&goods_id=110754 ( act=goods&op=comments_list ) 
ERR: Db Error: Unknown column 'geval_image_again' in 'where clause'
SELECT COUNT(*) AS nc_count FROM `zmkj_evaluate_goods` WHERE ( geval_goodsid = '110754' ) AND ( (geval_image <> '') OR (geval_image_again <> '') ) LIMIT 1  
[2019-08-14 18:51:47] /shop/index.php?act=goods&op=comments_list&goods_id=110268 ( act=goods&op=comments_list ) 
ERR: Db Error: Unknown column 'geval_image_again' in 'where clause'
SELECT COUNT(*) AS nc_count FROM `zmkj_evaluate_goods` WHERE ( geval_goodsid = '110268' ) AND ( (geval_image <> '') OR (geval_image_again <> '') ) LIMIT 1  
[2019-08-14 18:54:39] /shop/index.php?act=goods&op=comments_list&goods_id=105662&type=1 ( act=goods&op=comments_list ) 
ERR: Db Error: Unknown column 'geval_image_again' in 'where clause'
SELECT COUNT(*) AS nc_count FROM `zmkj_evaluate_goods` WHERE ( geval_goodsid = '105662' ) AND ( (geval_image <> '') OR (geval_image_again <> '') ) LIMIT 1  
[2019-08-14 18:56:05] /shop/index.php?act=goods&op=comments_list&goods_id=109061 ( act=goods&op=comments_list ) 
ERR: Db Error: Unknown column 'geval_image_again' in 'where clause'
SELECT COUNT(*) AS nc_count FROM `zmkj_evaluate_goods` WHERE ( geval_goodsid = '109061' ) AND ( (geval_image <> '') OR (geval_image_again <> '') ) LIMIT 1  
[2019-08-14 18:57:31] /shop/index.php?act=goods&op=comments_list&goods_id=109586 ( act=goods&op=comments_list ) 
ERR: Db Error: Unknown column 'geval_image_again' in 'where clause'
SELECT COUNT(*) AS nc_count FROM `zmkj_evaluate_goods` WHERE ( geval_goodsid = '109586' ) AND ( (geval_image <> '') OR (geval_image_again <> '') ) LIMIT 1  
[2019-08-14 19:03:16] /shop/index.php?act=goods&op=comments_list&goods_id=106338 ( act=goods&op=comments_list ) 
ERR: Db Error: Unknown column 'geval_image_again' in 'where clause'
SELECT COUNT(*) AS nc_count FROM `zmkj_evaluate_goods` WHERE ( geval_goodsid = '106338' ) AND ( (geval_image <> '') OR (geval_image_again <> '') ) LIMIT 1  
[2019-08-14 19:07:34] /shop/index.php?act=goods&op=comments_list&goods_id=107306 ( act=goods&op=comments_list ) 
ERR: Db Error: Unknown column 'geval_image_again' in 'where clause'
SELECT COUNT(*) AS nc_count FROM `zmkj_evaluate_goods` WHERE ( geval_goodsid = '107306' ) AND ( (geval_image <> '') OR (geval_image_again <> '') ) LIMIT 1  
[2019-08-14 19:14:45] /shop/index.php?act=goods&op=comments_list&goods_id=111010 ( act=goods&op=comments_list ) 
ERR: Db Error: Unknown column 'geval_image_again' in 'where clause'
SELECT COUNT(*) AS nc_count FROM `zmkj_evaluate_goods` WHERE ( geval_goodsid = '111010' ) AND ( (geval_image <> '') OR (geval_image_again <> '') ) LIMIT 1  
[2019-08-14 19:17:38] /shop/index.php?act=goods&op=comments_list&goods_id=107573 ( act=goods&op=comments_list ) 
ERR: Db Error: Unknown column 'geval_image_again' in 'where clause'
SELECT COUNT(*) AS nc_count FROM `zmkj_evaluate_goods` WHERE ( geval_goodsid = '107573' ) AND ( (geval_image <> '') OR (geval_image_again <> '') ) LIMIT 1  
[2019-08-14 19:29:07] /shop/index.php?act=goods&op=comments_list&goods_id=110804&type=1 ( act=goods&op=comments_list ) 
ERR: Db Error: Unknown column 'geval_image_again' in 'where clause'
SELECT COUNT(*) AS nc_count FROM `zmkj_evaluate_goods` WHERE ( geval_goodsid = '110804' ) AND ( (geval_image <> '') OR (geval_image_again <> '') ) LIMIT 1  
[2019-08-14 19:33:25] /shop/index.php?act=goods&op=comments_list&goods_id=107028 ( act=goods&op=comments_list ) 
ERR: Db Error: Unknown column 'geval_image_again' in 'where clause'
SELECT COUNT(*) AS nc_count FROM `zmkj_evaluate_goods` WHERE ( geval_goodsid = '107028' ) AND ( (geval_image <> '') OR (geval_image_again <> '') ) LIMIT 1  
[2019-08-14 19:56:24] /shop/index.php?act=goods&op=comments_list&goods_id=110846 ( act=goods&op=comments_list ) 
ERR: Db Error: Unknown column 'geval_image_again' in 'where clause'
SELECT COUNT(*) AS nc_count FROM `zmkj_evaluate_goods` WHERE ( geval_goodsid = '110846' ) AND ( (geval_image <> '') OR (geval_image_again <> '') ) LIMIT 1  
[2019-08-14 20:02:08] /shop/index.php?act=goods&op=comments_list&goods_id=107526 ( act=goods&op=comments_list ) 
ERR: Db Error: Unknown column 'geval_image_again' in 'where clause'
SELECT COUNT(*) AS nc_count FROM `zmkj_evaluate_goods` WHERE ( geval_goodsid = '107526' ) AND ( (geval_image <> '') OR (geval_image_again <> '') ) LIMIT 1  
[2019-08-14 20:12:11] /shop/index.php?act=goods&op=comments_list&goods_id=106063 ( act=goods&op=comments_list ) 
ERR: Db Error: Unknown column 'geval_image_again' in 'where clause'
SELECT COUNT(*) AS nc_count FROM `zmkj_evaluate_goods` WHERE ( geval_goodsid = '106063' ) AND ( (geval_image <> '') OR (geval_image_again <> '') ) LIMIT 1  
[2019-08-14 20:17:56] /shop/index.php?act=goods&op=comments_list&goods_id=103372 ( act=goods&op=comments_list ) 
ERR: Db Error: Unknown column 'geval_image_again' in 'where clause'
SELECT COUNT(*) AS nc_count FROM `zmkj_evaluate_goods` WHERE ( geval_goodsid = '103372' ) AND ( (geval_image <> '') OR (geval_image_again <> '') ) LIMIT 1  
[2019-08-14 20:23:41] /shop/index.php?act=goods&op=comments_list&goods_id=107179 ( act=goods&op=comments_list ) 
ERR: Db Error: Unknown column 'geval_image_again' in 'where clause'
SELECT COUNT(*) AS nc_count FROM `zmkj_evaluate_goods` WHERE ( geval_goodsid = '107179' ) AND ( (geval_image <> '') OR (geval_image_again <> '') ) LIMIT 1  
[2019-08-14 20:30:52] /shop/index.php?act=goods&op=comments_list&goods_id=107547 ( act=goods&op=comments_list ) 
ERR: Db Error: Unknown column 'geval_image_again' in 'where clause'
SELECT COUNT(*) AS nc_count FROM `zmkj_evaluate_goods` WHERE ( geval_goodsid = '107547' ) AND ( (geval_image <> '') OR (geval_image_again <> '') ) LIMIT 1  
[2019-08-14 20:36:36] /shop/index.php?act=goods&op=comments_list&goods_id=110991 ( act=goods&op=comments_list ) 
ERR: Db Error: Unknown column 'geval_image_again' in 'where clause'
SELECT COUNT(*) AS nc_count FROM `zmkj_evaluate_goods` WHERE ( geval_goodsid = '110991' ) AND ( (geval_image <> '') OR (geval_image_again <> '') ) LIMIT 1  
[2019-08-14 20:55:16] /shop/index.php?act=goods&op=comments_list&goods_id=110949 ( act=goods&op=comments_list ) 
ERR: Db Error: Unknown column 'geval_image_again' in 'where clause'
SELECT COUNT(*) AS nc_count FROM `zmkj_evaluate_goods` WHERE ( geval_goodsid = '110949' ) AND ( (geval_image <> '') OR (geval_image_again <> '') ) LIMIT 1  
[2019-08-14 20:58:08] /shop/index.php?act=goods&op=comments_list&goods_id=106720 ( act=goods&op=comments_list ) 
ERR: Db Error: Unknown column 'geval_image_again' in 'where clause'
SELECT COUNT(*) AS nc_count FROM `zmkj_evaluate_goods` WHERE ( geval_goodsid = '106720' ) AND ( (geval_image <> '') OR (geval_image_again <> '') ) LIMIT 1  
[2019-08-14 21:01:01] /shop/index.php?act=goods&op=comments_list&goods_id=106596 ( act=goods&op=comments_list ) 
ERR: Db Error: Unknown column 'geval_image_again' in 'where clause'
SELECT COUNT(*) AS nc_count FROM `zmkj_evaluate_goods` WHERE ( geval_goodsid = '106596' ) AND ( (geval_image <> '') OR (geval_image_again <> '') ) LIMIT 1  
[2019-08-14 21:02:27] /shop/index.php?act=goods&op=comments_list&goods_id=110093 ( act=goods&op=comments_list ) 
ERR: Db Error: Unknown column 'geval_image_again' in 'where clause'
SELECT COUNT(*) AS nc_count FROM `zmkj_evaluate_goods` WHERE ( geval_goodsid = '110093' ) AND ( (geval_image <> '') OR (geval_image_again <> '') ) LIMIT 1  
[2019-08-14 21:11:04] /shop/index.php?act=goods&op=comments_list&goods_id=109771 ( act=goods&op=comments_list ) 
ERR: Db Error: Unknown column 'geval_image_again' in 'where clause'
SELECT COUNT(*) AS nc_count FROM `zmkj_evaluate_goods` WHERE ( geval_goodsid = '109771' ) AND ( (geval_image <> '') OR (geval_image_again <> '') ) LIMIT 1  
[2019-08-14 21:25:25] /shop/index.php?act=goods&op=comments_list&goods_id=110452 ( act=goods&op=comments_list ) 
ERR: Db Error: Unknown column 'geval_image_again' in 'where clause'
SELECT COUNT(*) AS nc_count FROM `zmkj_evaluate_goods` WHERE ( geval_goodsid = '110452' ) AND ( (geval_image <> '') OR (geval_image_again <> '') ) LIMIT 1  
[2019-08-14 21:39:47] /shop/index.php?act=goods&op=comments_list&goods_id=110751 ( act=goods&op=comments_list ) 
ERR: Db Error: Unknown column 'geval_image_again' in 'where clause'
SELECT COUNT(*) AS nc_count FROM `zmkj_evaluate_goods` WHERE ( geval_goodsid = '110751' ) AND ( (geval_image <> '') OR (geval_image_again <> '') ) LIMIT 1  
[2019-08-14 21:55:35] /shop/index.php?act=goods&op=comments_list&goods_id=101670 ( act=goods&op=comments_list ) 
ERR: Db Error: Unknown column 'geval_image_again' in 'where clause'
SELECT COUNT(*) AS nc_count FROM `zmkj_evaluate_goods` WHERE ( geval_goodsid = '101670' ) AND ( (geval_image <> '') OR (geval_image_again <> '') ) LIMIT 1  
[2019-08-14 22:01:19] /shop/index.php?act=goods&op=comments_list&goods_id=111009 ( act=goods&op=comments_list ) 
ERR: Db Error: Unknown column 'geval_image_again' in 'where clause'
SELECT COUNT(*) AS nc_count FROM `zmkj_evaluate_goods` WHERE ( geval_goodsid = '111009' ) AND ( (geval_image <> '') OR (geval_image_again <> '') ) LIMIT 1  
[2019-08-14 22:09:56] /shop/index.php?act=goods&op=comments_list&goods_id=107305 ( act=goods&op=comments_list ) 
ERR: Db Error: Unknown column 'geval_image_again' in 'where clause'
SELECT COUNT(*) AS nc_count FROM `zmkj_evaluate_goods` WHERE ( geval_goodsid = '107305' ) AND ( (geval_image <> '') OR (geval_image_again <> '') ) LIMIT 1  
[2019-08-14 22:11:22] /shop/index.php?act=goods&op=comments_list&goods_id=111003 ( act=goods&op=comments_list ) 
ERR: Db Error: Unknown column 'geval_image_again' in 'where clause'
SELECT COUNT(*) AS nc_count FROM `zmkj_evaluate_goods` WHERE ( geval_goodsid = '111003' ) AND ( (geval_image <> '') OR (geval_image_again <> '') ) LIMIT 1  
[2019-08-14 22:22:52] /shop/index.php?act=goods&op=comments_list&goods_id=110272 ( act=goods&op=comments_list ) 
ERR: Db Error: Unknown column 'geval_image_again' in 'where clause'
SELECT COUNT(*) AS nc_count FROM `zmkj_evaluate_goods` WHERE ( geval_goodsid = '110272' ) AND ( (geval_image <> '') OR (geval_image_again <> '') ) LIMIT 1  
[2019-08-14 22:32:55] /shop/index.php?act=goods&op=comments_list&goods_id=111000 ( act=goods&op=comments_list ) 
ERR: Db Error: Unknown column 'geval_image_again' in 'where clause'
SELECT COUNT(*) AS nc_count FROM `zmkj_evaluate_goods` WHERE ( geval_goodsid = '111000' ) AND ( (geval_image <> '') OR (geval_image_again <> '') ) LIMIT 1  
[2019-08-14 22:34:21] /shop/index.php?act=goods&op=comments_list&goods_id=108474 ( act=goods&op=comments_list ) 
ERR: Db Error: Unknown column 'geval_image_again' in 'where clause'
SELECT COUNT(*) AS nc_count FROM `zmkj_evaluate_goods` WHERE ( geval_goodsid = '108474' ) AND ( (geval_image <> '') OR (geval_image_again <> '') ) LIMIT 1  
[2019-08-14 22:35:47] /shop/index.php?act=goods&op=comments_list&goods_id=105866 ( act=goods&op=comments_list ) 
ERR: Db Error: Unknown column 'geval_image_again' in 'where clause'
SELECT COUNT(*) AS nc_count FROM `zmkj_evaluate_goods` WHERE ( geval_goodsid = '105866' ) AND ( (geval_image <> '') OR (geval_image_again <> '') ) LIMIT 1  
[2019-08-14 22:37:13] /shop/index.php?act=goods&op=comments_list&goods_id=110907 ( act=goods&op=comments_list ) 
ERR: Db Error: Unknown column 'geval_image_again' in 'where clause'
SELECT COUNT(*) AS nc_count FROM `zmkj_evaluate_goods` WHERE ( geval_goodsid = '110907' ) AND ( (geval_image <> '') OR (geval_image_again <> '') ) LIMIT 1  
[2019-08-14 22:41:16] /shop/index.php?act=goods&op=comments_list&goods_id=110935 ( act=goods&op=comments_list ) 
ERR: Db Error: Unknown column 'geval_image_again' in 'where clause'
SELECT COUNT(*) AS nc_count FROM `zmkj_evaluate_goods` WHERE ( geval_goodsid = '110935' ) AND ( (geval_image <> '') OR (geval_image_again <> '') ) LIMIT 1  
[2019-08-14 22:42:28] /shop/index.php?act=goods&op=comments_list&goods_id=110742 ( act=goods&op=comments_list ) 
ERR: Db Error: Unknown column 'geval_image_again' in 'where clause'
SELECT COUNT(*) AS nc_count FROM `zmkj_evaluate_goods` WHERE ( geval_goodsid = '110742' ) AND ( (geval_image <> '') OR (geval_image_again <> '') ) LIMIT 1  
[2019-08-14 22:46:01] /shop/index.php?act=goods&op=comments_list&goods_id=109765&type=1 ( act=goods&op=comments_list ) 
ERR: Db Error: Unknown column 'geval_image_again' in 'where clause'
SELECT COUNT(*) AS nc_count FROM `zmkj_evaluate_goods` WHERE ( geval_goodsid = '109765' ) AND ( (geval_image <> '') OR (geval_image_again <> '') ) LIMIT 1  
[2019-08-14 22:47:12] /shop/index.php?act=goods&op=comments_list&goods_id=110902&type=1 ( act=goods&op=comments_list ) 
ERR: Db Error: Unknown column 'geval_image_again' in 'where clause'
SELECT COUNT(*) AS nc_count FROM `zmkj_evaluate_goods` WHERE ( geval_goodsid = '110902' ) AND ( (geval_image <> '') OR (geval_image_again <> '') ) LIMIT 1  
[2019-08-14 22:50:45] /shop/index.php?act=goods&op=comments_list&goods_id=100504&type=1 ( act=goods&op=comments_list ) 
ERR: Db Error: Unknown column 'geval_image_again' in 'where clause'
SELECT COUNT(*) AS nc_count FROM `zmkj_evaluate_goods` WHERE ( geval_goodsid = '100504' ) AND ( (geval_image <> '') OR (geval_image_again <> '') ) LIMIT 1  
[2019-08-14 22:54:18] /shop/index.php?act=goods&op=comments_list&goods_id=110826 ( act=goods&op=comments_list ) 
ERR: Db Error: Unknown column 'geval_image_again' in 'where clause'
SELECT COUNT(*) AS nc_count FROM `zmkj_evaluate_goods` WHERE ( geval_goodsid = '110826' ) AND ( (geval_image <> '') OR (geval_image_again <> '') ) LIMIT 1  
[2019-08-14 22:56:40] /shop/index.php?act=goods&op=comments_list&goods_id=107554 ( act=goods&op=comments_list ) 
ERR: Db Error: Unknown column 'geval_image_again' in 'where clause'
SELECT COUNT(*) AS nc_count FROM `zmkj_evaluate_goods` WHERE ( geval_goodsid = '107554' ) AND ( (geval_image <> '') OR (geval_image_again <> '') ) LIMIT 1  
[2019-08-14 22:59:03] /shop/index.php?act=goods&op=comments_list&goods_id=110454 ( act=goods&op=comments_list ) 
ERR: Db Error: Unknown column 'geval_image_again' in 'where clause'
SELECT COUNT(*) AS nc_count FROM `zmkj_evaluate_goods` WHERE ( geval_goodsid = '110454' ) AND ( (geval_image <> '') OR (geval_image_again <> '') ) LIMIT 1  
[2019-08-14 23:04:58] /shop/index.php?act=goods&op=comments_list&goods_id=110090 ( act=goods&op=comments_list ) 
ERR: Db Error: Unknown column 'geval_image_again' in 'where clause'
SELECT COUNT(*) AS nc_count FROM `zmkj_evaluate_goods` WHERE ( geval_goodsid = '110090' ) AND ( (geval_image <> '') OR (geval_image_again <> '') ) LIMIT 1  
[2019-08-14 23:15:38] /shop/index.php?act=goods&op=comments_list&goods_id=110820 ( act=goods&op=comments_list ) 
ERR: Db Error: Unknown column 'geval_image_again' in 'where clause'
SELECT COUNT(*) AS nc_count FROM `zmkj_evaluate_goods` WHERE ( geval_goodsid = '110820' ) AND ( (geval_image <> '') OR (geval_image_again <> '') ) LIMIT 1  
[2019-08-14 23:21:33] /shop/index.php?act=goods&op=comments_list&goods_id=101266 ( act=goods&op=comments_list ) 
ERR: Db Error: Unknown column 'geval_image_again' in 'where clause'
SELECT COUNT(*) AS nc_count FROM `zmkj_evaluate_goods` WHERE ( geval_goodsid = '101266' ) AND ( (geval_image <> '') OR (geval_image_again <> '') ) LIMIT 1  
[2019-08-14 23:23:55] /shop/index.php?act=goods&op=comments_list&goods_id=104037 ( act=goods&op=comments_list ) 
ERR: Db Error: Unknown column 'geval_image_again' in 'where clause'
SELECT COUNT(*) AS nc_count FROM `zmkj_evaluate_goods` WHERE ( geval_goodsid = '104037' ) AND ( (geval_image <> '') OR (geval_image_again <> '') ) LIMIT 1  
[2019-08-14 23:25:06] /shop/index.php?act=goods&op=comments_list&goods_id=108675 ( act=goods&op=comments_list ) 
ERR: Db Error: Unknown column 'geval_image_again' in 'where clause'
SELECT COUNT(*) AS nc_count FROM `zmkj_evaluate_goods` WHERE ( geval_goodsid = '108675' ) AND ( (geval_image <> '') OR (geval_image_again <> '') ) LIMIT 1  
[2019-08-14 23:33:24] /shop/index.php?act=goods&op=comments_list&goods_id=107559 ( act=goods&op=comments_list ) 
ERR: Db Error: Unknown column 'geval_image_again' in 'where clause'
SELECT COUNT(*) AS nc_count FROM `zmkj_evaluate_goods` WHERE ( geval_goodsid = '107559' ) AND ( (geval_image <> '') OR (geval_image_again <> '') ) LIMIT 1  
[2019-08-14 23:44:03] /shop/index.php?act=goods&op=comments_list&goods_id=108864 ( act=goods&op=comments_list ) 
ERR: Db Error: Unknown column 'geval_image_again' in 'where clause'
SELECT COUNT(*) AS nc_count FROM `zmkj_evaluate_goods` WHERE ( geval_goodsid = '108864' ) AND ( (geval_image <> '') OR (geval_image_again <> '') ) LIMIT 1  
