[2019-04-16 01:05:27] /shop/index.php?act=goods&op=comments_list&goods_id=109084 ( act=goods&op=comments_list ) 
ERR: Db Error: Unknown column 'geval_image_again' in 'where clause'
SELECT COUNT(*) AS nc_count FROM `zmkj_evaluate_goods` WHERE ( geval_goodsid = '109084' ) AND ( (geval_image <> '') OR (geval_image_again <> '') ) LIMIT 1  
[2019-04-16 06:13:23] /shop/index.php?act=goods&goods_id=103967&op=comments_list ( act=goods&op=comments_list ) 
ERR: Db Error: Unknown column 'geval_image_again' in 'where clause'
SELECT COUNT(*) AS nc_count FROM `zmkj_evaluate_goods` WHERE ( geval_goodsid = '103967' ) AND ( (geval_image <> '') OR (geval_image_again <> '') ) LIMIT 1  
[2019-04-16 06:13:29] /shop/index.php?act=goods&goods_id=105359&op=comments_list ( act=goods&op=comments_list ) 
ERR: Db Error: Unknown column 'geval_image_again' in 'where clause'
SELECT COUNT(*) AS nc_count FROM `zmkj_evaluate_goods` WHERE ( geval_goodsid = '105359' ) AND ( (geval_image <> '') OR (geval_image_again <> '') ) LIMIT 1  
[2019-04-16 06:13:32] /shop/index.php?act=goods&goods_id=101347&op=comments_list ( act=goods&op=comments_list ) 
ERR: Db Error: Unknown column 'geval_image_again' in 'where clause'
SELECT COUNT(*) AS nc_count FROM `zmkj_evaluate_goods` WHERE ( geval_goodsid = '101347' ) AND ( (geval_image <> '') OR (geval_image_again <> '') ) LIMIT 1  
[2019-04-16 06:13:42] /shop/index.php?act=goods&goods_id=104209&op=comments_list ( act=goods&op=comments_list ) 
ERR: Db Error: Unknown column 'geval_image_again' in 'where clause'
SELECT COUNT(*) AS nc_count FROM `zmkj_evaluate_goods` WHERE ( geval_goodsid = '104209' ) AND ( (geval_image <> '') OR (geval_image_again <> '') ) LIMIT 1  
[2019-04-16 06:13:49] /shop/index.php?act=goods&goods_id=108069&op=comments_list ( act=goods&op=comments_list ) 
ERR: Db Error: Unknown column 'geval_image_again' in 'where clause'
SELECT COUNT(*) AS nc_count FROM `zmkj_evaluate_goods` WHERE ( geval_goodsid = '108069' ) AND ( (geval_image <> '') OR (geval_image_again <> '') ) LIMIT 1  
[2019-04-16 06:13:53] /shop/index.php?act=goods&goods_id=101921&op=comments_list ( act=goods&op=comments_list ) 
ERR: Db Error: Unknown column 'geval_image_again' in 'where clause'
SELECT COUNT(*) AS nc_count FROM `zmkj_evaluate_goods` WHERE ( geval_goodsid = '101921' ) AND ( (geval_image <> '') OR (geval_image_again <> '') ) LIMIT 1  
[2019-04-16 06:14:04] /shop/index.php?act=goods&goods_id=100964&op=comments_list ( act=goods&op=comments_list ) 
ERR: Db Error: Unknown column 'geval_image_again' in 'where clause'
SELECT COUNT(*) AS nc_count FROM `zmkj_evaluate_goods` WHERE ( geval_goodsid = '100964' ) AND ( (geval_image <> '') OR (geval_image_again <> '') ) LIMIT 1  
[2019-04-16 06:14:05] /shop/index.php?act=goods&goods_id=105543&op=comments_list ( act=goods&op=comments_list ) 
ERR: Db Error: Unknown column 'geval_image_again' in 'where clause'
SELECT COUNT(*) AS nc_count FROM `zmkj_evaluate_goods` WHERE ( geval_goodsid = '105543' ) AND ( (geval_image <> '') OR (geval_image_again <> '') ) LIMIT 1  
[2019-04-16 06:14:05] /shop/index.php?act=goods&goods_id=102604&op=comments_list ( act=goods&op=comments_list ) 
ERR: Db Error: Unknown column 'geval_image_again' in 'where clause'
SELECT COUNT(*) AS nc_count FROM `zmkj_evaluate_goods` WHERE ( geval_goodsid = '102604' ) AND ( (geval_image <> '') OR (geval_image_again <> '') ) LIMIT 1  
[2019-04-16 08:45:09] /shop/index.php?act=goods&op=comments_list&goods_id=103195 ( act=goods&op=comments_list ) 
ERR: Db Error: Unknown column 'geval_image_again' in 'where clause'
SELECT COUNT(*) AS nc_count FROM `zmkj_evaluate_goods` WHERE ( geval_goodsid = '103195' ) AND ( (geval_image <> '') OR (geval_image_again <> '') ) LIMIT 1  
[2019-04-16 09:24:59] /shop/index.php?act=goods&op=comments_list&goods_id=108389 ( act=goods&op=comments_list ) 
ERR: Db Error: Unknown column 'geval_image_again' in 'where clause'
SELECT COUNT(*) AS nc_count FROM `zmkj_evaluate_goods` WHERE ( geval_goodsid = '108389' ) AND ( (geval_image <> '') OR (geval_image_again <> '') ) LIMIT 1  
[2019-04-16 10:50:29] /shop/index.php?act=goods&op=comments_list&goods_id=108896 ( act=goods&op=comments_list ) 
ERR: Db Error: Unknown column 'geval_image_again' in 'where clause'
SELECT COUNT(*) AS nc_count FROM `zmkj_evaluate_goods` WHERE ( geval_goodsid = '108896' ) AND ( (geval_image <> '') OR (geval_image_again <> '') ) LIMIT 1  
[2019-04-16 11:20:51] /shop/index.php?act=goods&op=comments_list&goods_id=108913 ( act=goods&op=comments_list ) 
ERR: Db Error: Unknown column 'geval_image_again' in 'where clause'
SELECT COUNT(*) AS nc_count FROM `zmkj_evaluate_goods` WHERE ( geval_goodsid = '108913' ) AND ( (geval_image <> '') OR (geval_image_again <> '') ) LIMIT 1  
[2019-04-16 13:30:18] /shop/index.php?act=goods&op=comments_list&goods_id=104449 ( act=goods&op=comments_list ) 
ERR: Db Error: Unknown column 'geval_image_again' in 'where clause'
SELECT COUNT(*) AS nc_count FROM `zmkj_evaluate_goods` WHERE ( geval_goodsid = '104449' ) AND ( (geval_image <> '') OR (geval_image_again <> '') ) LIMIT 1  
[2019-04-16 13:51:49] /shop/index.php?act=goods&op=comments_list&goods_id=109019 ( act=goods&op=comments_list ) 
ERR: Db Error: Unknown column 'geval_image_again' in 'where clause'
SELECT COUNT(*) AS nc_count FROM `zmkj_evaluate_goods` WHERE ( geval_goodsid = '109019' ) AND ( (geval_image <> '') OR (geval_image_again <> '') ) LIMIT 1  
[2019-04-16 13:59:53] /shop/index.php?act=search&op=index&cate_id=2122&area_id=21&key=1&order=2 ( act=search&op=index ) 
ERR: Db Error: Unknown column 'gc_id_' in 'where clause'
SELECT count(distinct CONCAT(goods_commonid)) AS nc_count FROM `zmkj_goods` WHERE ( gc_id_ = '2122' ) AND ( areaid_1 = '21' ) AND ( goods_state = '1' ) AND ( goods_verify = '1' ) LIMIT 1  
[2019-04-16 14:47:18] /shop/index.php?act=goods&op=comments_list&goods_id=108758&type=1 ( act=goods&op=comments_list ) 
ERR: Db Error: Unknown column 'geval_image_again' in 'where clause'
SELECT COUNT(*) AS nc_count FROM `zmkj_evaluate_goods` WHERE ( geval_goodsid = '108758' ) AND ( (geval_image <> '') OR (geval_image_again <> '') ) LIMIT 1  
[2019-04-16 17:08:02] /shop/index.php?act=goods&op=comments_list&goods_id=107311 ( act=goods&op=comments_list ) 
ERR: Db Error: Unknown column 'geval_image_again' in 'where clause'
SELECT COUNT(*) AS nc_count FROM `zmkj_evaluate_goods` WHERE ( geval_goodsid = '107311' ) AND ( (geval_image <> '') OR (geval_image_again <> '') ) LIMIT 1  
[2019-04-16 18:23:22] /shop/index.php?act=goods&op=comments_list&goods_id=109012 ( act=goods&op=comments_list ) 
ERR: Db Error: Unknown column 'geval_image_again' in 'where clause'
SELECT COUNT(*) AS nc_count FROM `zmkj_evaluate_goods` WHERE ( geval_goodsid = '109012' ) AND ( (geval_image <> '') OR (geval_image_again <> '') ) LIMIT 1  
[2019-04-16 22:49:48] /shop/index.php?act=goods&op=comments_list&goods_id=108841 ( act=goods&op=comments_list ) 
ERR: Db Error: Unknown column 'geval_image_again' in 'where clause'
SELECT COUNT(*) AS nc_count FROM `zmkj_evaluate_goods` WHERE ( geval_goodsid = '108841' ) AND ( (geval_image <> '') OR (geval_image_again <> '') ) LIMIT 1  
[2019-04-16 23:00:55] /shop/index.php?act=goods&op=comments_list&goods_id=104449&type=2 ( act=goods&op=comments_list ) 
ERR: Db Error: Unknown column 'geval_image_again' in 'where clause'
SELECT COUNT(*) AS nc_count FROM `zmkj_evaluate_goods` WHERE ( geval_goodsid = '104449' ) AND ( (geval_image <> '') OR (geval_image_again <> '') ) LIMIT 1  
[2019-04-16 23:47:01] /shop/index.php?act=goods&op=comments_list&goods_id=104256 ( act=goods&op=comments_list ) 
ERR: Db Error: Unknown column 'geval_image_again' in 'where clause'
SELECT COUNT(*) AS nc_count FROM `zmkj_evaluate_goods` WHERE ( geval_goodsid = '104256' ) AND ( (geval_image <> '') OR (geval_image_again <> '') ) LIMIT 1  
