[2019-04-11 00:14:46] /shop/index.php?act=goods&op=comments_list&goods_id=103658 ( act=goods&op=comments_list ) 
ERR: Db Error: Unknown column 'geval_image_again' in 'where clause'
SELECT COUNT(*) AS nc_count FROM `zmkj_evaluate_goods` WHERE ( geval_goodsid = '103658' ) AND ( (geval_image <> '') OR (geval_image_again <> '') ) LIMIT 1  
[2019-04-11 00:17:40] /shop/index.php?act=goods&op=comments_list&goods_id=103947 ( act=goods&op=comments_list ) 
ERR: Db Error: Unknown column 'geval_image_again' in 'where clause'
SELECT COUNT(*) AS nc_count FROM `zmkj_evaluate_goods` WHERE ( geval_goodsid = '103947' ) AND ( (geval_image <> '') OR (geval_image_again <> '') ) LIMIT 1  
[2019-04-11 00:41:06] /shop/index.php?act=goods&op=comments_list&goods_id=108762 ( act=goods&op=comments_list ) 
ERR: Db Error: Unknown column 'geval_image_again' in 'where clause'
SELECT COUNT(*) AS nc_count FROM `zmkj_evaluate_goods` WHERE ( geval_goodsid = '108762' ) AND ( (geval_image <> '') OR (geval_image_again <> '') ) LIMIT 1  
[2019-04-11 00:48:29] /shop/index.php?act=goods&op=comments_list&goods_id=101344 ( act=goods&op=comments_list ) 
ERR: Db Error: Unknown column 'geval_image_again' in 'where clause'
SELECT COUNT(*) AS nc_count FROM `zmkj_evaluate_goods` WHERE ( geval_goodsid = '101344' ) AND ( (geval_image <> '') OR (geval_image_again <> '') ) LIMIT 1  
[2019-04-11 00:57:40] /shop/index.php?act=goods&op=comments_list&goods_id=102685 ( act=goods&op=comments_list ) 
ERR: Db Error: Unknown column 'geval_image_again' in 'where clause'
SELECT COUNT(*) AS nc_count FROM `zmkj_evaluate_goods` WHERE ( geval_goodsid = '102685' ) AND ( (geval_image <> '') OR (geval_image_again <> '') ) LIMIT 1  
[2019-04-11 01:06:42] /shop/index.php?act=goods&op=comments_list&goods_id=101933 ( act=goods&op=comments_list ) 
ERR: Db Error: Unknown column 'geval_image_again' in 'where clause'
SELECT COUNT(*) AS nc_count FROM `zmkj_evaluate_goods` WHERE ( geval_goodsid = '101933' ) AND ( (geval_image <> '') OR (geval_image_again <> '') ) LIMIT 1  
[2019-04-11 01:12:08] /shop/index.php?act=goods&op=comments_list&goods_id=108853 ( act=goods&op=comments_list ) 
ERR: Db Error: Unknown column 'geval_image_again' in 'where clause'
SELECT COUNT(*) AS nc_count FROM `zmkj_evaluate_goods` WHERE ( geval_goodsid = '108853' ) AND ( (geval_image <> '') OR (geval_image_again <> '') ) LIMIT 1  
[2019-04-11 01:14:55] /shop/index.php?act=goods&op=comments_list&goods_id=106881 ( act=goods&op=comments_list ) 
ERR: Db Error: Unknown column 'geval_image_again' in 'where clause'
SELECT COUNT(*) AS nc_count FROM `zmkj_evaluate_goods` WHERE ( geval_goodsid = '106881' ) AND ( (geval_image <> '') OR (geval_image_again <> '') ) LIMIT 1  
[2019-04-11 01:20:13] /shop/index.php?act=goods&op=comments_list&goods_id=108839 ( act=goods&op=comments_list ) 
ERR: Db Error: Unknown column 'geval_image_again' in 'where clause'
SELECT COUNT(*) AS nc_count FROM `zmkj_evaluate_goods` WHERE ( geval_goodsid = '108839' ) AND ( (geval_image <> '') OR (geval_image_again <> '') ) LIMIT 1  
[2019-04-11 01:26:29] /shop/index.php?act=goods&op=comments_list&goods_id=107315&type=2 ( act=goods&op=comments_list ) 
ERR: Db Error: Unknown column 'geval_image_again' in 'where clause'
SELECT COUNT(*) AS nc_count FROM `zmkj_evaluate_goods` WHERE ( geval_goodsid = '107315' ) AND ( (geval_image <> '') OR (geval_image_again <> '') ) LIMIT 1  
[2019-04-11 01:40:43] /shop/index.php?act=goods&op=comments_list&goods_id=108710 ( act=goods&op=comments_list ) 
ERR: Db Error: Unknown column 'geval_image_again' in 'where clause'
SELECT COUNT(*) AS nc_count FROM `zmkj_evaluate_goods` WHERE ( geval_goodsid = '108710' ) AND ( (geval_image <> '') OR (geval_image_again <> '') ) LIMIT 1  
[2019-04-11 01:44:53] /shop/index.php?act=goods&op=comments_list&goods_id=107143 ( act=goods&op=comments_list ) 
ERR: Db Error: Unknown column 'geval_image_again' in 'where clause'
SELECT COUNT(*) AS nc_count FROM `zmkj_evaluate_goods` WHERE ( geval_goodsid = '107143' ) AND ( (geval_image <> '') OR (geval_image_again <> '') ) LIMIT 1  
[2019-04-11 02:03:31] /shop/index.php?act=hot_sale&op=index ( act=hot_sale&op=index ) 
ERR: Db Error: You have an error in your SQL syntax; check the manual that corresponds to your MySQL server version for the right syntax to use near ') and goods_state=1' at line 1
select * from zmkj_goods where goods_id in () and goods_state=1
[2019-04-11 02:03:31] /shop/index.php?act=hot_sale&op=index ( act=hot_sale&op=index ) 
ERR: Db Error: You have an error in your SQL syntax; check the manual that corresponds to your MySQL server version for the right syntax to use near '' at line 1
select `member_id` from zmkj_store where store_id = 
[2019-04-11 02:13:16] /shop/index.php?act=goods&op=comments_list&goods_id=108843 ( act=goods&op=comments_list ) 
ERR: Db Error: Unknown column 'geval_image_again' in 'where clause'
SELECT COUNT(*) AS nc_count FROM `zmkj_evaluate_goods` WHERE ( geval_goodsid = '108843' ) AND ( (geval_image <> '') OR (geval_image_again <> '') ) LIMIT 1  
[2019-04-11 02:13:24] /shop/index.php?act=goods&op=comments_list&goods_id=105481 ( act=goods&op=comments_list ) 
ERR: Db Error: Unknown column 'geval_image_again' in 'where clause'
SELECT COUNT(*) AS nc_count FROM `zmkj_evaluate_goods` WHERE ( geval_goodsid = '105481' ) AND ( (geval_image <> '') OR (geval_image_again <> '') ) LIMIT 1  
[2019-04-11 02:17:42] /shop/index.php?act=goods&op=comments_list&goods_id=103137 ( act=goods&op=comments_list ) 
ERR: Db Error: Unknown column 'geval_image_again' in 'where clause'
SELECT COUNT(*) AS nc_count FROM `zmkj_evaluate_goods` WHERE ( geval_goodsid = '103137' ) AND ( (geval_image <> '') OR (geval_image_again <> '') ) LIMIT 1  
[2019-04-11 02:33:10] /shop/index.php?act=goods&op=comments_list&goods_id=108832 ( act=goods&op=comments_list ) 
ERR: Db Error: Unknown column 'geval_image_again' in 'where clause'
SELECT COUNT(*) AS nc_count FROM `zmkj_evaluate_goods` WHERE ( geval_goodsid = '108832' ) AND ( (geval_image <> '') OR (geval_image_again <> '') ) LIMIT 1  
[2019-04-11 02:36:22] /shop/index.php?act=goods&op=comments_list&goods_id=108771 ( act=goods&op=comments_list ) 
ERR: Db Error: Unknown column 'geval_image_again' in 'where clause'
SELECT COUNT(*) AS nc_count FROM `zmkj_evaluate_goods` WHERE ( geval_goodsid = '108771' ) AND ( (geval_image <> '') OR (geval_image_again <> '') ) LIMIT 1  
[2019-04-11 02:41:26] /shop/index.php?act=goods&op=comments_list&goods_id=108760 ( act=goods&op=comments_list ) 
ERR: Db Error: Unknown column 'geval_image_again' in 'where clause'
SELECT COUNT(*) AS nc_count FROM `zmkj_evaluate_goods` WHERE ( geval_goodsid = '108760' ) AND ( (geval_image <> '') OR (geval_image_again <> '') ) LIMIT 1  
[2019-04-11 02:45:06] /shop/index.php?act=goods&op=comments_list&goods_id=104290 ( act=goods&op=comments_list ) 
ERR: Db Error: Unknown column 'geval_image_again' in 'where clause'
SELECT COUNT(*) AS nc_count FROM `zmkj_evaluate_goods` WHERE ( geval_goodsid = '104290' ) AND ( (geval_image <> '') OR (geval_image_again <> '') ) LIMIT 1  
[2019-04-11 02:48:12] /shop/index.php?act=goods&goods_id=103124&op=comments_list ( act=goods&op=comments_list ) 
ERR: Db Error: Unknown column 'geval_image_again' in 'where clause'
SELECT COUNT(*) AS nc_count FROM `zmkj_evaluate_goods` WHERE ( geval_goodsid = '103124' ) AND ( (geval_image <> '') OR (geval_image_again <> '') ) LIMIT 1  
[2019-04-11 02:50:56] /shop/index.php?act=goods&op=comments_list&goods_id=103290 ( act=goods&op=comments_list ) 
ERR: Db Error: Unknown column 'geval_image_again' in 'where clause'
SELECT COUNT(*) AS nc_count FROM `zmkj_evaluate_goods` WHERE ( geval_goodsid = '103290' ) AND ( (geval_image <> '') OR (geval_image_again <> '') ) LIMIT 1  
[2019-04-11 02:54:36] /shop/index.php?act=goods&op=comments_list&goods_id=103877 ( act=goods&op=comments_list ) 
ERR: Db Error: Unknown column 'geval_image_again' in 'where clause'
SELECT COUNT(*) AS nc_count FROM `zmkj_evaluate_goods` WHERE ( geval_goodsid = '103877' ) AND ( (geval_image <> '') OR (geval_image_again <> '') ) LIMIT 1  
[2019-04-11 02:59:58] /shop/index.php?act=goods&op=comments_list&goods_id=105146 ( act=goods&op=comments_list ) 
ERR: Db Error: Unknown column 'geval_image_again' in 'where clause'
SELECT COUNT(*) AS nc_count FROM `zmkj_evaluate_goods` WHERE ( geval_goodsid = '105146' ) AND ( (geval_image <> '') OR (geval_image_again <> '') ) LIMIT 1  
[2019-04-11 03:00:46] /shop/index.php?act=goods&op=comments_list&goods_id=106052 ( act=goods&op=comments_list ) 
ERR: Db Error: Unknown column 'geval_image_again' in 'where clause'
SELECT COUNT(*) AS nc_count FROM `zmkj_evaluate_goods` WHERE ( geval_goodsid = '106052' ) AND ( (geval_image <> '') OR (geval_image_again <> '') ) LIMIT 1  
[2019-04-11 03:03:32] /shop/index.php?act=goods&op=comments_list&goods_id=104092 ( act=goods&op=comments_list ) 
ERR: Db Error: Unknown column 'geval_image_again' in 'where clause'
SELECT COUNT(*) AS nc_count FROM `zmkj_evaluate_goods` WHERE ( geval_goodsid = '104092' ) AND ( (geval_image <> '') OR (geval_image_again <> '') ) LIMIT 1  
[2019-04-11 03:07:32] /shop/index.php?act=goods&op=comments_list&goods_id=101175 ( act=goods&op=comments_list ) 
ERR: Db Error: Unknown column 'geval_image_again' in 'where clause'
SELECT COUNT(*) AS nc_count FROM `zmkj_evaluate_goods` WHERE ( geval_goodsid = '101175' ) AND ( (geval_image <> '') OR (geval_image_again <> '') ) LIMIT 1  
[2019-04-11 03:08:14] /shop/index.php?act=goods&op=comments_list&goods_id=102468 ( act=goods&op=comments_list ) 
ERR: Db Error: Unknown column 'geval_image_again' in 'where clause'
SELECT COUNT(*) AS nc_count FROM `zmkj_evaluate_goods` WHERE ( geval_goodsid = '102468' ) AND ( (geval_image <> '') OR (geval_image_again <> '') ) LIMIT 1  
[2019-04-11 03:11:55] /shop/index.php?act=goods&op=comments_list&goods_id=103637 ( act=goods&op=comments_list ) 
ERR: Db Error: Unknown column 'geval_image_again' in 'where clause'
SELECT COUNT(*) AS nc_count FROM `zmkj_evaluate_goods` WHERE ( geval_goodsid = '103637' ) AND ( (geval_image <> '') OR (geval_image_again <> '') ) LIMIT 1  
[2019-04-11 03:12:48] /shop/index.php?act=goods&op=comments_list&goods_id=107530 ( act=goods&op=comments_list ) 
ERR: Db Error: Unknown column 'geval_image_again' in 'where clause'
SELECT COUNT(*) AS nc_count FROM `zmkj_evaluate_goods` WHERE ( geval_goodsid = '107530' ) AND ( (geval_image <> '') OR (geval_image_again <> '') ) LIMIT 1  
[2019-04-11 03:22:20] /shop/index.php?act=goods&op=comments_list&goods_id=107581 ( act=goods&op=comments_list ) 
ERR: Db Error: Unknown column 'geval_image_again' in 'where clause'
SELECT COUNT(*) AS nc_count FROM `zmkj_evaluate_goods` WHERE ( geval_goodsid = '107581' ) AND ( (geval_image <> '') OR (geval_image_again <> '') ) LIMIT 1  
[2019-04-11 03:28:52] /shop/index.php?act=goods&op=comments_list&goods_id=101817 ( act=goods&op=comments_list ) 
ERR: Db Error: Unknown column 'geval_image_again' in 'where clause'
SELECT COUNT(*) AS nc_count FROM `zmkj_evaluate_goods` WHERE ( geval_goodsid = '101817' ) AND ( (geval_image <> '') OR (geval_image_again <> '') ) LIMIT 1  
[2019-04-11 03:29:06] /shop/index.php?act=goods&op=comments_list&goods_id=108736 ( act=goods&op=comments_list ) 
ERR: Db Error: Unknown column 'geval_image_again' in 'where clause'
SELECT COUNT(*) AS nc_count FROM `zmkj_evaluate_goods` WHERE ( geval_goodsid = '108736' ) AND ( (geval_image <> '') OR (geval_image_again <> '') ) LIMIT 1  
[2019-04-11 03:31:16] /shop/index.php?act=goods&op=comments_list&goods_id=105859 ( act=goods&op=comments_list ) 
ERR: Db Error: Unknown column 'geval_image_again' in 'where clause'
SELECT COUNT(*) AS nc_count FROM `zmkj_evaluate_goods` WHERE ( geval_goodsid = '105859' ) AND ( (geval_image <> '') OR (geval_image_again <> '') ) LIMIT 1  
[2019-04-11 03:31:36] /shop/index.php?act=goods&op=comments_list&goods_id=103917 ( act=goods&op=comments_list ) 
ERR: Db Error: Unknown column 'geval_image_again' in 'where clause'
SELECT COUNT(*) AS nc_count FROM `zmkj_evaluate_goods` WHERE ( geval_goodsid = '103917' ) AND ( (geval_image <> '') OR (geval_image_again <> '') ) LIMIT 1  
[2019-04-11 03:31:50] /shop/index.php?act=goods&op=comments_list&goods_id=102668 ( act=goods&op=comments_list ) 
ERR: Db Error: Unknown column 'geval_image_again' in 'where clause'
SELECT COUNT(*) AS nc_count FROM `zmkj_evaluate_goods` WHERE ( geval_goodsid = '102668' ) AND ( (geval_image <> '') OR (geval_image_again <> '') ) LIMIT 1  
[2019-04-11 03:32:10] /shop/index.php?act=goods&op=comments_list&goods_id=105562 ( act=goods&op=comments_list ) 
ERR: Db Error: Unknown column 'geval_image_again' in 'where clause'
SELECT COUNT(*) AS nc_count FROM `zmkj_evaluate_goods` WHERE ( geval_goodsid = '105562' ) AND ( (geval_image <> '') OR (geval_image_again <> '') ) LIMIT 1  
[2019-04-11 03:33:26] /shop/index.php?act=goods&op=comments_list&goods_id=108449 ( act=goods&op=comments_list ) 
ERR: Db Error: Unknown column 'geval_image_again' in 'where clause'
SELECT COUNT(*) AS nc_count FROM `zmkj_evaluate_goods` WHERE ( geval_goodsid = '108449' ) AND ( (geval_image <> '') OR (geval_image_again <> '') ) LIMIT 1  
[2019-04-11 03:34:14] /shop/index.php?act=goods&op=comments_list&goods_id=107252 ( act=goods&op=comments_list ) 
ERR: Db Error: Unknown column 'geval_image_again' in 'where clause'
SELECT COUNT(*) AS nc_count FROM `zmkj_evaluate_goods` WHERE ( geval_goodsid = '107252' ) AND ( (geval_image <> '') OR (geval_image_again <> '') ) LIMIT 1  
[2019-04-11 03:35:16] /shop/index.php?act=goods&op=comments_list&goods_id=107555 ( act=goods&op=comments_list ) 
ERR: Db Error: Unknown column 'geval_image_again' in 'where clause'
SELECT COUNT(*) AS nc_count FROM `zmkj_evaluate_goods` WHERE ( geval_goodsid = '107555' ) AND ( (geval_image <> '') OR (geval_image_again <> '') ) LIMIT 1  
[2019-04-11 03:36:12] /shop/index.php?act=goods&op=comments_list&goods_id=105162 ( act=goods&op=comments_list ) 
ERR: Db Error: Unknown column 'geval_image_again' in 'where clause'
SELECT COUNT(*) AS nc_count FROM `zmkj_evaluate_goods` WHERE ( geval_goodsid = '105162' ) AND ( (geval_image <> '') OR (geval_image_again <> '') ) LIMIT 1  
[2019-04-11 03:37:40] /shop/index.php?act=goods&op=comments_list&goods_id=105101 ( act=goods&op=comments_list ) 
ERR: Db Error: Unknown column 'geval_image_again' in 'where clause'
SELECT COUNT(*) AS nc_count FROM `zmkj_evaluate_goods` WHERE ( geval_goodsid = '105101' ) AND ( (geval_image <> '') OR (geval_image_again <> '') ) LIMIT 1  
[2019-04-11 03:41:14] /shop/index.php?act=goods&op=comments_list&goods_id=104291 ( act=goods&op=comments_list ) 
ERR: Db Error: Unknown column 'geval_image_again' in 'where clause'
SELECT COUNT(*) AS nc_count FROM `zmkj_evaluate_goods` WHERE ( geval_goodsid = '104291' ) AND ( (geval_image <> '') OR (geval_image_again <> '') ) LIMIT 1  
[2019-04-11 03:43:52] /shop/index.php?act=goods&op=comments_list&goods_id=103223 ( act=goods&op=comments_list ) 
ERR: Db Error: Unknown column 'geval_image_again' in 'where clause'
SELECT COUNT(*) AS nc_count FROM `zmkj_evaluate_goods` WHERE ( geval_goodsid = '103223' ) AND ( (geval_image <> '') OR (geval_image_again <> '') ) LIMIT 1  
[2019-04-11 03:46:02] /shop/index.php?act=goods&op=comments_list&goods_id=108485 ( act=goods&op=comments_list ) 
ERR: Db Error: Unknown column 'geval_image_again' in 'where clause'
SELECT COUNT(*) AS nc_count FROM `zmkj_evaluate_goods` WHERE ( geval_goodsid = '108485' ) AND ( (geval_image <> '') OR (geval_image_again <> '') ) LIMIT 1  
[2019-04-11 03:46:16] /shop/index.php?act=goods&op=comments_list&goods_id=103027 ( act=goods&op=comments_list ) 
ERR: Db Error: Unknown column 'geval_image_again' in 'where clause'
SELECT COUNT(*) AS nc_count FROM `zmkj_evaluate_goods` WHERE ( geval_goodsid = '103027' ) AND ( (geval_image <> '') OR (geval_image_again <> '') ) LIMIT 1  
[2019-04-11 03:48:26] /shop/index.php?act=goods&op=comments_list&goods_id=107152 ( act=goods&op=comments_list ) 
ERR: Db Error: Unknown column 'geval_image_again' in 'where clause'
SELECT COUNT(*) AS nc_count FROM `zmkj_evaluate_goods` WHERE ( geval_goodsid = '107152' ) AND ( (geval_image <> '') OR (geval_image_again <> '') ) LIMIT 1  
[2019-04-11 03:52:15] /shop/index.php?act=goods&op=comments_list&goods_id=105018 ( act=goods&op=comments_list ) 
ERR: Db Error: Unknown column 'geval_image_again' in 'where clause'
SELECT COUNT(*) AS nc_count FROM `zmkj_evaluate_goods` WHERE ( geval_goodsid = '105018' ) AND ( (geval_image <> '') OR (geval_image_again <> '') ) LIMIT 1  
[2019-04-11 03:59:21] /shop/index.php?act=goods&op=comments_list&goods_id=103653 ( act=goods&op=comments_list ) 
ERR: Db Error: Unknown column 'geval_image_again' in 'where clause'
SELECT COUNT(*) AS nc_count FROM `zmkj_evaluate_goods` WHERE ( geval_goodsid = '103653' ) AND ( (geval_image <> '') OR (geval_image_again <> '') ) LIMIT 1  
[2019-04-11 03:59:27] /shop/index.php?act=goods&op=comments_list&goods_id=106580 ( act=goods&op=comments_list ) 
ERR: Db Error: Unknown column 'geval_image_again' in 'where clause'
SELECT COUNT(*) AS nc_count FROM `zmkj_evaluate_goods` WHERE ( geval_goodsid = '106580' ) AND ( (geval_image <> '') OR (geval_image_again <> '') ) LIMIT 1  
[2019-04-11 03:59:41] /shop/index.php?act=goods&op=comments_list&goods_id=103900 ( act=goods&op=comments_list ) 
ERR: Db Error: Unknown column 'geval_image_again' in 'where clause'
SELECT COUNT(*) AS nc_count FROM `zmkj_evaluate_goods` WHERE ( geval_goodsid = '103900' ) AND ( (geval_image <> '') OR (geval_image_again <> '') ) LIMIT 1  
[2019-04-11 04:00:15] /shop/index.php?act=goods&op=comments_list&goods_id=108439 ( act=goods&op=comments_list ) 
ERR: Db Error: Unknown column 'geval_image_again' in 'where clause'
SELECT COUNT(*) AS nc_count FROM `zmkj_evaluate_goods` WHERE ( geval_goodsid = '108439' ) AND ( (geval_image <> '') OR (geval_image_again <> '') ) LIMIT 1  
[2019-04-11 04:01:17] /shop/index.php?act=goods&op=comments_list&goods_id=105934 ( act=goods&op=comments_list ) 
ERR: Db Error: Unknown column 'geval_image_again' in 'where clause'
SELECT COUNT(*) AS nc_count FROM `zmkj_evaluate_goods` WHERE ( geval_goodsid = '105934' ) AND ( (geval_image <> '') OR (geval_image_again <> '') ) LIMIT 1  
[2019-04-11 04:04:17] /shop/index.php?act=goods&op=comments_list&goods_id=103571 ( act=goods&op=comments_list ) 
ERR: Db Error: Unknown column 'geval_image_again' in 'where clause'
SELECT COUNT(*) AS nc_count FROM `zmkj_evaluate_goods` WHERE ( geval_goodsid = '103571' ) AND ( (geval_image <> '') OR (geval_image_again <> '') ) LIMIT 1  
[2019-04-11 04:06:41] /shop/index.php?act=goods&op=comments_list&goods_id=104887 ( act=goods&op=comments_list ) 
ERR: Db Error: Unknown column 'geval_image_again' in 'where clause'
SELECT COUNT(*) AS nc_count FROM `zmkj_evaluate_goods` WHERE ( geval_goodsid = '104887' ) AND ( (geval_image <> '') OR (geval_image_again <> '') ) LIMIT 1  
[2019-04-11 04:07:49] /shop/index.php?act=goods&op=comments_list&goods_id=108789 ( act=goods&op=comments_list ) 
ERR: Db Error: Unknown column 'geval_image_again' in 'where clause'
SELECT COUNT(*) AS nc_count FROM `zmkj_evaluate_goods` WHERE ( geval_goodsid = '108789' ) AND ( (geval_image <> '') OR (geval_image_again <> '') ) LIMIT 1  
[2019-04-11 04:08:31] /shop/index.php?act=goods&op=comments_list&goods_id=104964 ( act=goods&op=comments_list ) 
ERR: Db Error: Unknown column 'geval_image_again' in 'where clause'
SELECT COUNT(*) AS nc_count FROM `zmkj_evaluate_goods` WHERE ( geval_goodsid = '104964' ) AND ( (geval_image <> '') OR (geval_image_again <> '') ) LIMIT 1  
[2019-04-11 04:09:05] /shop/index.php?act=goods&op=comments_list&goods_id=105348 ( act=goods&op=comments_list ) 
ERR: Db Error: Unknown column 'geval_image_again' in 'where clause'
SELECT COUNT(*) AS nc_count FROM `zmkj_evaluate_goods` WHERE ( geval_goodsid = '105348' ) AND ( (geval_image <> '') OR (geval_image_again <> '') ) LIMIT 1  
[2019-04-11 04:09:39] /shop/index.php?act=goods&op=comments_list&goods_id=101862 ( act=goods&op=comments_list ) 
ERR: Db Error: Unknown column 'geval_image_again' in 'where clause'
SELECT COUNT(*) AS nc_count FROM `zmkj_evaluate_goods` WHERE ( geval_goodsid = '101862' ) AND ( (geval_image <> '') OR (geval_image_again <> '') ) LIMIT 1  
[2019-04-11 04:12:17] /shop/index.php?act=goods&op=comments_list&goods_id=103656 ( act=goods&op=comments_list ) 
ERR: Db Error: Unknown column 'geval_image_again' in 'where clause'
SELECT COUNT(*) AS nc_count FROM `zmkj_evaluate_goods` WHERE ( geval_goodsid = '103656' ) AND ( (geval_image <> '') OR (geval_image_again <> '') ) LIMIT 1  
[2019-04-11 04:13:33] /shop/index.php?act=goods&op=comments_list&goods_id=105546 ( act=goods&op=comments_list ) 
ERR: Db Error: Unknown column 'geval_image_again' in 'where clause'
SELECT COUNT(*) AS nc_count FROM `zmkj_evaluate_goods` WHERE ( geval_goodsid = '105546' ) AND ( (geval_image <> '') OR (geval_image_again <> '') ) LIMIT 1  
[2019-04-11 04:16:59] /shop/index.php?act=goods&op=comments_list&goods_id=103849 ( act=goods&op=comments_list ) 
ERR: Db Error: Unknown column 'geval_image_again' in 'where clause'
SELECT COUNT(*) AS nc_count FROM `zmkj_evaluate_goods` WHERE ( geval_goodsid = '103849' ) AND ( (geval_image <> '') OR (geval_image_again <> '') ) LIMIT 1  
[2019-04-11 04:18:35] /shop/index.php?act=goods&op=comments_list&goods_id=103793 ( act=goods&op=comments_list ) 
ERR: Db Error: Unknown column 'geval_image_again' in 'where clause'
SELECT COUNT(*) AS nc_count FROM `zmkj_evaluate_goods` WHERE ( geval_goodsid = '103793' ) AND ( (geval_image <> '') OR (geval_image_again <> '') ) LIMIT 1  
[2019-04-11 04:19:45] /shop/index.php?act=goods&op=comments_list&goods_id=101350 ( act=goods&op=comments_list ) 
ERR: Db Error: Unknown column 'geval_image_again' in 'where clause'
SELECT COUNT(*) AS nc_count FROM `zmkj_evaluate_goods` WHERE ( geval_goodsid = '101350' ) AND ( (geval_image <> '') OR (geval_image_again <> '') ) LIMIT 1  
[2019-04-11 04:21:35] /shop/index.php?act=goods&op=comments_list&goods_id=108834 ( act=goods&op=comments_list ) 
ERR: Db Error: Unknown column 'geval_image_again' in 'where clause'
SELECT COUNT(*) AS nc_count FROM `zmkj_evaluate_goods` WHERE ( geval_goodsid = '108834' ) AND ( (geval_image <> '') OR (geval_image_again <> '') ) LIMIT 1  
[2019-04-11 04:22:23] /shop/index.php?act=goods&op=comments_list&goods_id=108360 ( act=goods&op=comments_list ) 
ERR: Db Error: Unknown column 'geval_image_again' in 'where clause'
SELECT COUNT(*) AS nc_count FROM `zmkj_evaluate_goods` WHERE ( geval_goodsid = '108360' ) AND ( (geval_image <> '') OR (geval_image_again <> '') ) LIMIT 1  
[2019-04-11 04:22:29] /shop/index.php?act=goods&op=comments_list&goods_id=101859 ( act=goods&op=comments_list ) 
ERR: Db Error: Unknown column 'geval_image_again' in 'where clause'
SELECT COUNT(*) AS nc_count FROM `zmkj_evaluate_goods` WHERE ( geval_goodsid = '101859' ) AND ( (geval_image <> '') OR (geval_image_again <> '') ) LIMIT 1  
[2019-04-11 04:25:01] /shop/index.php?act=goods&op=comments_list&goods_id=103956 ( act=goods&op=comments_list ) 
ERR: Db Error: Unknown column 'geval_image_again' in 'where clause'
SELECT COUNT(*) AS nc_count FROM `zmkj_evaluate_goods` WHERE ( geval_goodsid = '103956' ) AND ( (geval_image <> '') OR (geval_image_again <> '') ) LIMIT 1  
[2019-04-11 04:27:05] /shop/index.php?act=goods&op=comments_list&goods_id=104925 ( act=goods&op=comments_list ) 
ERR: Db Error: Unknown column 'geval_image_again' in 'where clause'
SELECT COUNT(*) AS nc_count FROM `zmkj_evaluate_goods` WHERE ( geval_goodsid = '104925' ) AND ( (geval_image <> '') OR (geval_image_again <> '') ) LIMIT 1  
[2019-04-11 04:27:25] /shop/index.php?act=goods&op=comments_list&goods_id=106966 ( act=goods&op=comments_list ) 
ERR: Db Error: Unknown column 'geval_image_again' in 'where clause'
SELECT COUNT(*) AS nc_count FROM `zmkj_evaluate_goods` WHERE ( geval_goodsid = '106966' ) AND ( (geval_image <> '') OR (geval_image_again <> '') ) LIMIT 1  
[2019-04-11 04:28:07] /shop/index.php?act=goods&op=comments_list&goods_id=107191 ( act=goods&op=comments_list ) 
ERR: Db Error: Unknown column 'geval_image_again' in 'where clause'
SELECT COUNT(*) AS nc_count FROM `zmkj_evaluate_goods` WHERE ( geval_goodsid = '107191' ) AND ( (geval_image <> '') OR (geval_image_again <> '') ) LIMIT 1  
[2019-04-11 04:29:43] /shop/index.php?act=goods&op=comments_list&goods_id=104355 ( act=goods&op=comments_list ) 
ERR: Db Error: Unknown column 'geval_image_again' in 'where clause'
SELECT COUNT(*) AS nc_count FROM `zmkj_evaluate_goods` WHERE ( geval_goodsid = '104355' ) AND ( (geval_image <> '') OR (geval_image_again <> '') ) LIMIT 1  
[2019-04-11 04:30:45] /shop/index.php?act=goods&op=comments_list&goods_id=103934 ( act=goods&op=comments_list ) 
ERR: Db Error: Unknown column 'geval_image_again' in 'where clause'
SELECT COUNT(*) AS nc_count FROM `zmkj_evaluate_goods` WHERE ( geval_goodsid = '103934' ) AND ( (geval_image <> '') OR (geval_image_again <> '') ) LIMIT 1  
[2019-04-11 04:31:25] /shop/index.php?act=goods&op=comments_list&goods_id=108274 ( act=goods&op=comments_list ) 
ERR: Db Error: Unknown column 'geval_image_again' in 'where clause'
SELECT COUNT(*) AS nc_count FROM `zmkj_evaluate_goods` WHERE ( geval_goodsid = '108274' ) AND ( (geval_image <> '') OR (geval_image_again <> '') ) LIMIT 1  
[2019-04-11 04:31:39] /shop/index.php?act=goods&op=comments_list&goods_id=106594 ( act=goods&op=comments_list ) 
ERR: Db Error: Unknown column 'geval_image_again' in 'where clause'
SELECT COUNT(*) AS nc_count FROM `zmkj_evaluate_goods` WHERE ( geval_goodsid = '106594' ) AND ( (geval_image <> '') OR (geval_image_again <> '') ) LIMIT 1  
[2019-04-11 04:32:35] /shop/index.php?act=goods&op=comments_list&goods_id=105944 ( act=goods&op=comments_list ) 
ERR: Db Error: Unknown column 'geval_image_again' in 'where clause'
SELECT COUNT(*) AS nc_count FROM `zmkj_evaluate_goods` WHERE ( geval_goodsid = '105944' ) AND ( (geval_image <> '') OR (geval_image_again <> '') ) LIMIT 1  
[2019-04-11 04:33:43] /shop/index.php?act=goods&op=comments_list&goods_id=107453 ( act=goods&op=comments_list ) 
ERR: Db Error: Unknown column 'geval_image_again' in 'where clause'
SELECT COUNT(*) AS nc_count FROM `zmkj_evaluate_goods` WHERE ( geval_goodsid = '107453' ) AND ( (geval_image <> '') OR (geval_image_again <> '') ) LIMIT 1  
[2019-04-11 04:33:49] /shop/index.php?act=goods&op=comments_list&goods_id=108379 ( act=goods&op=comments_list ) 
ERR: Db Error: Unknown column 'geval_image_again' in 'where clause'
SELECT COUNT(*) AS nc_count FROM `zmkj_evaluate_goods` WHERE ( geval_goodsid = '108379' ) AND ( (geval_image <> '') OR (geval_image_again <> '') ) LIMIT 1  
[2019-04-11 04:36:21] /shop/index.php?act=goods&op=comments_list&goods_id=102655 ( act=goods&op=comments_list ) 
ERR: Db Error: Unknown column 'geval_image_again' in 'where clause'
SELECT COUNT(*) AS nc_count FROM `zmkj_evaluate_goods` WHERE ( geval_goodsid = '102655' ) AND ( (geval_image <> '') OR (geval_image_again <> '') ) LIMIT 1  
[2019-04-11 04:37:49] /shop/index.php?act=goods&op=comments_list&goods_id=105555 ( act=goods&op=comments_list ) 
ERR: Db Error: Unknown column 'geval_image_again' in 'where clause'
SELECT COUNT(*) AS nc_count FROM `zmkj_evaluate_goods` WHERE ( geval_goodsid = '105555' ) AND ( (geval_image <> '') OR (geval_image_again <> '') ) LIMIT 1  
[2019-04-11 04:40:27] /shop/index.php?act=goods&op=comments_list&goods_id=108087 ( act=goods&op=comments_list ) 
ERR: Db Error: Unknown column 'geval_image_again' in 'where clause'
SELECT COUNT(*) AS nc_count FROM `zmkj_evaluate_goods` WHERE ( geval_goodsid = '108087' ) AND ( (geval_image <> '') OR (geval_image_again <> '') ) LIMIT 1  
[2019-04-11 04:40:55] /shop/index.php?act=goods&op=comments_list&goods_id=108443 ( act=goods&op=comments_list ) 
ERR: Db Error: Unknown column 'geval_image_again' in 'where clause'
SELECT COUNT(*) AS nc_count FROM `zmkj_evaluate_goods` WHERE ( geval_goodsid = '108443' ) AND ( (geval_image <> '') OR (geval_image_again <> '') ) LIMIT 1  
[2019-04-11 04:41:54] /shop/index.php?act=goods&op=comments_list&goods_id=103666 ( act=goods&op=comments_list ) 
ERR: Db Error: Unknown column 'geval_image_again' in 'where clause'
SELECT COUNT(*) AS nc_count FROM `zmkj_evaluate_goods` WHERE ( geval_goodsid = '103666' ) AND ( (geval_image <> '') OR (geval_image_again <> '') ) LIMIT 1  
[2019-04-11 06:40:39] /shop/index.php?act=goods&op=comments_list&goods_id=105954 ( act=goods&op=comments_list ) 
ERR: Db Error: Unknown column 'geval_image_again' in 'where clause'
SELECT COUNT(*) AS nc_count FROM `zmkj_evaluate_goods` WHERE ( geval_goodsid = '105954' ) AND ( (geval_image <> '') OR (geval_image_again <> '') ) LIMIT 1  
[2019-04-11 07:05:07] /shop/index.php?act=goods&op=comments_list&goods_id=104082 ( act=goods&op=comments_list ) 
ERR: Db Error: Unknown column 'geval_image_again' in 'where clause'
SELECT COUNT(*) AS nc_count FROM `zmkj_evaluate_goods` WHERE ( geval_goodsid = '104082' ) AND ( (geval_image <> '') OR (geval_image_again <> '') ) LIMIT 1  
[2019-04-11 07:26:11] /shop/index.php?act=goods&op=comments_list&goods_id=102387 ( act=goods&op=comments_list ) 
ERR: Db Error: Unknown column 'geval_image_again' in 'where clause'
SELECT COUNT(*) AS nc_count FROM `zmkj_evaluate_goods` WHERE ( geval_goodsid = '102387' ) AND ( (geval_image <> '') OR (geval_image_again <> '') ) LIMIT 1  
[2019-04-11 08:45:37] /shop/index.php?act=goods&op=comments_list&goods_id=104242 ( act=goods&op=comments_list ) 
ERR: Db Error: Unknown column 'geval_image_again' in 'where clause'
SELECT COUNT(*) AS nc_count FROM `zmkj_evaluate_goods` WHERE ( geval_goodsid = '104242' ) AND ( (geval_image <> '') OR (geval_image_again <> '') ) LIMIT 1  
[2019-04-11 09:15:01] /shop/index.php?act=goods&op=comments_list&goods_id=103635 ( act=goods&op=comments_list ) 
ERR: Db Error: Unknown column 'geval_image_again' in 'where clause'
SELECT COUNT(*) AS nc_count FROM `zmkj_evaluate_goods` WHERE ( geval_goodsid = '103635' ) AND ( (geval_image <> '') OR (geval_image_again <> '') ) LIMIT 1  
[2019-04-11 09:38:27] /shop/index.php?act=goods&op=comments_list&goods_id=103825 ( act=goods&op=comments_list ) 
ERR: Db Error: Unknown column 'geval_image_again' in 'where clause'
SELECT COUNT(*) AS nc_count FROM `zmkj_evaluate_goods` WHERE ( geval_goodsid = '103825' ) AND ( (geval_image <> '') OR (geval_image_again <> '') ) LIMIT 1  
[2019-04-11 10:56:49] /shop/index.php?act=goods&op=comments_list&goods_id=101348 ( act=goods&op=comments_list ) 
ERR: Db Error: Unknown column 'geval_image_again' in 'where clause'
SELECT COUNT(*) AS nc_count FROM `zmkj_evaluate_goods` WHERE ( geval_goodsid = '101348' ) AND ( (geval_image <> '') OR (geval_image_again <> '') ) LIMIT 1  
[2019-04-11 10:57:49] /shop/index.php?act=goods&op=comments_list&goods_id=106330 ( act=goods&op=comments_list ) 
ERR: Db Error: Unknown column 'geval_image_again' in 'where clause'
SELECT COUNT(*) AS nc_count FROM `zmkj_evaluate_goods` WHERE ( geval_goodsid = '106330' ) AND ( (geval_image <> '') OR (geval_image_again <> '') ) LIMIT 1  
[2019-04-11 12:35:12] /shop/index.php?act=goods&op=comments_list&goods_id=103897 ( act=goods&op=comments_list ) 
ERR: Db Error: Unknown column 'geval_image_again' in 'where clause'
SELECT COUNT(*) AS nc_count FROM `zmkj_evaluate_goods` WHERE ( geval_goodsid = '103897' ) AND ( (geval_image <> '') OR (geval_image_again <> '') ) LIMIT 1  
[2019-04-11 12:40:44] /shop/index.php?act=goods&op=comments_list&goods_id=107550 ( act=goods&op=comments_list ) 
ERR: Db Error: Unknown column 'geval_image_again' in 'where clause'
SELECT COUNT(*) AS nc_count FROM `zmkj_evaluate_goods` WHERE ( geval_goodsid = '107550' ) AND ( (geval_image <> '') OR (geval_image_again <> '') ) LIMIT 1  
[2019-04-11 12:52:30] /shop/index.php?act=goods&op=comments_list&goods_id=101221 ( act=goods&op=comments_list ) 
ERR: Db Error: Unknown column 'geval_image_again' in 'where clause'
SELECT COUNT(*) AS nc_count FROM `zmkj_evaluate_goods` WHERE ( geval_goodsid = '101221' ) AND ( (geval_image <> '') OR (geval_image_again <> '') ) LIMIT 1  
[2019-04-11 12:59:54] /shop/index.php?act=goods&op=comments_list&goods_id=101831 ( act=goods&op=comments_list ) 
ERR: Db Error: Unknown column 'geval_image_again' in 'where clause'
SELECT COUNT(*) AS nc_count FROM `zmkj_evaluate_goods` WHERE ( geval_goodsid = '101831' ) AND ( (geval_image <> '') OR (geval_image_again <> '') ) LIMIT 1  
[2019-04-11 13:28:48] /shop/index.php?act=goods&op=comments_list&goods_id=107321 ( act=goods&op=comments_list ) 
ERR: Db Error: Unknown column 'geval_image_again' in 'where clause'
SELECT COUNT(*) AS nc_count FROM `zmkj_evaluate_goods` WHERE ( geval_goodsid = '107321' ) AND ( (geval_image <> '') OR (geval_image_again <> '') ) LIMIT 1  
[2019-04-11 13:41:37] /shop/index.php?act=goods&op=comments_list&goods_id=108261 ( act=goods&op=comments_list ) 
ERR: Db Error: Unknown column 'geval_image_again' in 'where clause'
SELECT COUNT(*) AS nc_count FROM `zmkj_evaluate_goods` WHERE ( geval_goodsid = '108261' ) AND ( (geval_image <> '') OR (geval_image_again <> '') ) LIMIT 1  
[2019-04-11 13:43:36] /shop/index.php?act=goods&op=comments_list&goods_id=105179 ( act=goods&op=comments_list ) 
ERR: Db Error: Unknown column 'geval_image_again' in 'where clause'
SELECT COUNT(*) AS nc_count FROM `zmkj_evaluate_goods` WHERE ( geval_goodsid = '105179' ) AND ( (geval_image <> '') OR (geval_image_again <> '') ) LIMIT 1  
[2019-04-11 13:49:18] /shop/index.php?act=goods&op=comments_list&goods_id=105275 ( act=goods&op=comments_list ) 
ERR: Db Error: Unknown column 'geval_image_again' in 'where clause'
SELECT COUNT(*) AS nc_count FROM `zmkj_evaluate_goods` WHERE ( geval_goodsid = '105275' ) AND ( (geval_image <> '') OR (geval_image_again <> '') ) LIMIT 1  
[2019-04-11 13:51:50] /shop/index.php?act=goods&op=comments_list&goods_id=107459 ( act=goods&op=comments_list ) 
ERR: Db Error: Unknown column 'geval_image_again' in 'where clause'
SELECT COUNT(*) AS nc_count FROM `zmkj_evaluate_goods` WHERE ( geval_goodsid = '107459' ) AND ( (geval_image <> '') OR (geval_image_again <> '') ) LIMIT 1  
[2019-04-11 13:58:54] /shop/index.php?act=goods&op=comments_list&goods_id=107180 ( act=goods&op=comments_list ) 
ERR: Db Error: Unknown column 'geval_image_again' in 'where clause'
SELECT COUNT(*) AS nc_count FROM `zmkj_evaluate_goods` WHERE ( geval_goodsid = '107180' ) AND ( (geval_image <> '') OR (geval_image_again <> '') ) LIMIT 1  
[2019-04-11 14:29:40] /shop/index.php?act=goods&op=comments_list&goods_id=107176 ( act=goods&op=comments_list ) 
ERR: Db Error: Unknown column 'geval_image_again' in 'where clause'
SELECT COUNT(*) AS nc_count FROM `zmkj_evaluate_goods` WHERE ( geval_goodsid = '107176' ) AND ( (geval_image <> '') OR (geval_image_again <> '') ) LIMIT 1  
[2019-04-11 14:31:40] /shop/index.php?act=goods&op=comments_list&goods_id=105661 ( act=goods&op=comments_list ) 
ERR: Db Error: Unknown column 'geval_image_again' in 'where clause'
SELECT COUNT(*) AS nc_count FROM `zmkj_evaluate_goods` WHERE ( geval_goodsid = '105661' ) AND ( (geval_image <> '') OR (geval_image_again <> '') ) LIMIT 1  
[2019-04-11 14:47:06] /shop/index.php?act=goods&op=comments_list&goods_id=107573 ( act=goods&op=comments_list ) 
ERR: Db Error: Unknown column 'geval_image_again' in 'where clause'
SELECT COUNT(*) AS nc_count FROM `zmkj_evaluate_goods` WHERE ( geval_goodsid = '107573' ) AND ( (geval_image <> '') OR (geval_image_again <> '') ) LIMIT 1  
[2019-04-11 14:49:54] /shop/index.php?act=goods&op=comments_list&goods_id=104093 ( act=goods&op=comments_list ) 
ERR: Db Error: Unknown column 'geval_image_again' in 'where clause'
SELECT COUNT(*) AS nc_count FROM `zmkj_evaluate_goods` WHERE ( geval_goodsid = '104093' ) AND ( (geval_image <> '') OR (geval_image_again <> '') ) LIMIT 1  
[2019-04-11 15:27:46] /shop/index.php?act=goods&op=comments_list&goods_id=105502 ( act=goods&op=comments_list ) 
ERR: Db Error: Unknown column 'geval_image_again' in 'where clause'
SELECT COUNT(*) AS nc_count FROM `zmkj_evaluate_goods` WHERE ( geval_goodsid = '105502' ) AND ( (geval_image <> '') OR (geval_image_again <> '') ) LIMIT 1  
[2019-04-11 15:32:44] /shop/index.php?act=goods&op=comments_list&goods_id=107305 ( act=goods&op=comments_list ) 
ERR: Db Error: Unknown column 'geval_image_again' in 'where clause'
SELECT COUNT(*) AS nc_count FROM `zmkj_evaluate_goods` WHERE ( geval_goodsid = '107305' ) AND ( (geval_image <> '') OR (geval_image_again <> '') ) LIMIT 1  
[2019-04-11 15:40:02] /shop/index.php?act=goods&op=comments_list&goods_id=106886 ( act=goods&op=comments_list ) 
ERR: Db Error: Unknown column 'geval_image_again' in 'where clause'
SELECT COUNT(*) AS nc_count FROM `zmkj_evaluate_goods` WHERE ( geval_goodsid = '106886' ) AND ( (geval_image <> '') OR (geval_image_again <> '') ) LIMIT 1  
[2019-04-11 15:46:18] /shop/index.php?act=goods&op=comments_list&goods_id=103211 ( act=goods&op=comments_list ) 
ERR: Db Error: Unknown column 'geval_image_again' in 'where clause'
SELECT COUNT(*) AS nc_count FROM `zmkj_evaluate_goods` WHERE ( geval_goodsid = '103211' ) AND ( (geval_image <> '') OR (geval_image_again <> '') ) LIMIT 1  
[2019-04-11 15:46:58] /shop/index.php?act=goods&op=comments_list&goods_id=103224 ( act=goods&op=comments_list ) 
ERR: Db Error: Unknown column 'geval_image_again' in 'where clause'
SELECT COUNT(*) AS nc_count FROM `zmkj_evaluate_goods` WHERE ( geval_goodsid = '103224' ) AND ( (geval_image <> '') OR (geval_image_again <> '') ) LIMIT 1  
[2019-04-11 16:11:50] /shop/index.php?act=goods&op=comments_list&goods_id=105664 ( act=goods&op=comments_list ) 
ERR: Db Error: Unknown column 'geval_image_again' in 'where clause'
SELECT COUNT(*) AS nc_count FROM `zmkj_evaluate_goods` WHERE ( geval_goodsid = '105664' ) AND ( (geval_image <> '') OR (geval_image_again <> '') ) LIMIT 1  
[2019-04-11 16:38:48] /shop/index.php?act=goods&op=comments_list&goods_id=105776 ( act=goods&op=comments_list ) 
ERR: Db Error: Unknown column 'geval_image_again' in 'where clause'
SELECT COUNT(*) AS nc_count FROM `zmkj_evaluate_goods` WHERE ( geval_goodsid = '105776' ) AND ( (geval_image <> '') OR (geval_image_again <> '') ) LIMIT 1  
[2019-04-11 16:44:24] /shop/index.php?act=goods&op=comments_list&goods_id=106379 ( act=goods&op=comments_list ) 
ERR: Db Error: Unknown column 'geval_image_again' in 'where clause'
SELECT COUNT(*) AS nc_count FROM `zmkj_evaluate_goods` WHERE ( geval_goodsid = '106379' ) AND ( (geval_image <> '') OR (geval_image_again <> '') ) LIMIT 1  
[2019-04-11 16:50:18] /shop/index.php?act=goods&op=comments_list&goods_id=103282 ( act=goods&op=comments_list ) 
ERR: Db Error: Unknown column 'geval_image_again' in 'where clause'
SELECT COUNT(*) AS nc_count FROM `zmkj_evaluate_goods` WHERE ( geval_goodsid = '103282' ) AND ( (geval_image <> '') OR (geval_image_again <> '') ) LIMIT 1  
[2019-04-11 16:58:20] /shop/index.php?act=goods&op=comments_list&goods_id=103588 ( act=goods&op=comments_list ) 
ERR: Db Error: Unknown column 'geval_image_again' in 'where clause'
SELECT COUNT(*) AS nc_count FROM `zmkj_evaluate_goods` WHERE ( geval_goodsid = '103588' ) AND ( (geval_image <> '') OR (geval_image_again <> '') ) LIMIT 1  
[2019-04-11 17:02:52] /shop/index.php?act=goods&op=comments_list&goods_id=101182 ( act=goods&op=comments_list ) 
ERR: Db Error: Unknown column 'geval_image_again' in 'where clause'
SELECT COUNT(*) AS nc_count FROM `zmkj_evaluate_goods` WHERE ( geval_goodsid = '101182' ) AND ( (geval_image <> '') OR (geval_image_again <> '') ) LIMIT 1  
[2019-04-11 17:09:08] /shop/index.php?act=goods&op=comments_list&goods_id=103845 ( act=goods&op=comments_list ) 
ERR: Db Error: Unknown column 'geval_image_again' in 'where clause'
SELECT COUNT(*) AS nc_count FROM `zmkj_evaluate_goods` WHERE ( geval_goodsid = '103845' ) AND ( (geval_image <> '') OR (geval_image_again <> '') ) LIMIT 1  
[2019-04-11 17:51:50] /shop/index.php?act=goods&op=comments_list&goods_id=108794 ( act=goods&op=comments_list ) 
ERR: Db Error: Unknown column 'geval_image_again' in 'where clause'
SELECT COUNT(*) AS nc_count FROM `zmkj_evaluate_goods` WHERE ( geval_goodsid = '108794' ) AND ( (geval_image <> '') OR (geval_image_again <> '') ) LIMIT 1  
[2019-04-11 19:00:14] /shop/index.php?act=goods&op=comments_list&goods_id=107138 ( act=goods&op=comments_list ) 
ERR: Db Error: Unknown column 'geval_image_again' in 'where clause'
SELECT COUNT(*) AS nc_count FROM `zmkj_evaluate_goods` WHERE ( geval_goodsid = '107138' ) AND ( (geval_image <> '') OR (geval_image_again <> '') ) LIMIT 1  
[2019-04-11 19:10:06] /shop/index.php?act=goods&op=comments_list&goods_id=107965 ( act=goods&op=comments_list ) 
ERR: Db Error: Unknown column 'geval_image_again' in 'where clause'
SELECT COUNT(*) AS nc_count FROM `zmkj_evaluate_goods` WHERE ( geval_goodsid = '107965' ) AND ( (geval_image <> '') OR (geval_image_again <> '') ) LIMIT 1  
[2019-04-11 19:16:24] /shop/index.php?act=goods&op=comments_list&goods_id=101691 ( act=goods&op=comments_list ) 
ERR: Db Error: Unknown column 'geval_image_again' in 'where clause'
SELECT COUNT(*) AS nc_count FROM `zmkj_evaluate_goods` WHERE ( geval_goodsid = '101691' ) AND ( (geval_image <> '') OR (geval_image_again <> '') ) LIMIT 1  
[2019-04-11 19:27:12] /shop/index.php?act=goods&op=comments_list&goods_id=101227 ( act=goods&op=comments_list ) 
ERR: Db Error: Unknown column 'geval_image_again' in 'where clause'
SELECT COUNT(*) AS nc_count FROM `zmkj_evaluate_goods` WHERE ( geval_goodsid = '101227' ) AND ( (geval_image <> '') OR (geval_image_again <> '') ) LIMIT 1  
[2019-04-11 19:59:32] /shop/index.php?act=goods&op=comments_list&goods_id=106342 ( act=goods&op=comments_list ) 
ERR: Db Error: Unknown column 'geval_image_again' in 'where clause'
SELECT COUNT(*) AS nc_count FROM `zmkj_evaluate_goods` WHERE ( geval_goodsid = '106342' ) AND ( (geval_image <> '') OR (geval_image_again <> '') ) LIMIT 1  
[2019-04-11 20:24:06] /shop/index.php?act=goods&op=comments_list&goods_id=105515 ( act=goods&op=comments_list ) 
ERR: Db Error: Unknown column 'geval_image_again' in 'where clause'
SELECT COUNT(*) AS nc_count FROM `zmkj_evaluate_goods` WHERE ( geval_goodsid = '105515' ) AND ( (geval_image <> '') OR (geval_image_again <> '') ) LIMIT 1  
[2019-04-11 20:46:34] /shop/index.php?act=goods&op=comments_list&goods_id=101180 ( act=goods&op=comments_list ) 
ERR: Db Error: Unknown column 'geval_image_again' in 'where clause'
SELECT COUNT(*) AS nc_count FROM `zmkj_evaluate_goods` WHERE ( geval_goodsid = '101180' ) AND ( (geval_image <> '') OR (geval_image_again <> '') ) LIMIT 1  
[2019-04-11 20:47:32] /shop/index.php?act=goods&op=comments_list&goods_id=108218 ( act=goods&op=comments_list ) 
ERR: Db Error: Unknown column 'geval_image_again' in 'where clause'
SELECT COUNT(*) AS nc_count FROM `zmkj_evaluate_goods` WHERE ( geval_goodsid = '108218' ) AND ( (geval_image <> '') OR (geval_image_again <> '') ) LIMIT 1  
[2019-04-11 20:49:34] /shop/index.php?act=goods&op=comments_list&goods_id=101655 ( act=goods&op=comments_list ) 
ERR: Db Error: Unknown column 'geval_image_again' in 'where clause'
SELECT COUNT(*) AS nc_count FROM `zmkj_evaluate_goods` WHERE ( geval_goodsid = '101655' ) AND ( (geval_image <> '') OR (geval_image_again <> '') ) LIMIT 1  
