[2019-11-06 00:03:38] /shop/index.php?act=goods&op=comments_list&goods_id=111836 ( act=goods&op=comments_list ) 
ERR: Db Error: Unknown column 'geval_image_again' in 'where clause'
SELECT COUNT(*) AS nc_count FROM `zmkj_evaluate_goods` WHERE ( geval_goodsid = '111836' ) AND ( (geval_image <> '') OR (geval_image_again <> '') ) LIMIT 1  
[2019-11-06 00:14:03] /shop/index.php?act=goods&op=comments_list&goods_id=109648 ( act=goods&op=comments_list ) 
ERR: Db Error: Unknown column 'geval_image_again' in 'where clause'
SELECT COUNT(*) AS nc_count FROM `zmkj_evaluate_goods` WHERE ( geval_goodsid = '109648' ) AND ( (geval_image <> '') OR (geval_image_again <> '') ) LIMIT 1  
[2019-11-06 01:03:46] /shop/index.php?act=goods&op=comments_list&goods_id=109832 ( act=goods&op=comments_list ) 
ERR: Db Error: Unknown column 'geval_image_again' in 'where clause'
SELECT COUNT(*) AS nc_count FROM `zmkj_evaluate_goods` WHERE ( geval_goodsid = '109832' ) AND ( (geval_image <> '') OR (geval_image_again <> '') ) LIMIT 1  
[2019-11-06 01:07:19] /shop/index.php?act=goods&op=comments_list&goods_id=110243 ( act=goods&op=comments_list ) 
ERR: Db Error: Unknown column 'geval_image_again' in 'where clause'
SELECT COUNT(*) AS nc_count FROM `zmkj_evaluate_goods` WHERE ( geval_goodsid = '110243' ) AND ( (geval_image <> '') OR (geval_image_again <> '') ) LIMIT 1  
[2019-11-06 01:25:05] /shop/index.php?act=goods&op=comments_list&goods_id=109270 ( act=goods&op=comments_list ) 
ERR: Db Error: Unknown column 'geval_image_again' in 'where clause'
SELECT COUNT(*) AS nc_count FROM `zmkj_evaluate_goods` WHERE ( geval_goodsid = '109270' ) AND ( (geval_image <> '') OR (geval_image_again <> '') ) LIMIT 1  
[2019-11-06 01:53:30] /shop/index.php?act=goods&op=comments_list&goods_id=109851 ( act=goods&op=comments_list ) 
ERR: Db Error: Unknown column 'geval_image_again' in 'where clause'
SELECT COUNT(*) AS nc_count FROM `zmkj_evaluate_goods` WHERE ( geval_goodsid = '109851' ) AND ( (geval_image <> '') OR (geval_image_again <> '') ) LIMIT 1  
[2019-11-06 01:55:50] /shop/index.php?act=goods&op=comments_list&goods_id=111619 ( act=goods&op=comments_list ) 
ERR: Db Error: Unknown column 'geval_image_again' in 'where clause'
SELECT COUNT(*) AS nc_count FROM `zmkj_evaluate_goods` WHERE ( geval_goodsid = '111619' ) AND ( (geval_image <> '') OR (geval_image_again <> '') ) LIMIT 1  
[2019-11-06 02:00:36] /shop/index.php?act=goods&op=comments_list&goods_id=109628 ( act=goods&op=comments_list ) 
ERR: Db Error: Unknown column 'geval_image_again' in 'where clause'
SELECT COUNT(*) AS nc_count FROM `zmkj_evaluate_goods` WHERE ( geval_goodsid = '109628' ) AND ( (geval_image <> '') OR (geval_image_again <> '') ) LIMIT 1  
[2019-11-06 02:11:15] /shop/index.php?act=goods&op=comments_list&goods_id=111992 ( act=goods&op=comments_list ) 
ERR: Db Error: Unknown column 'geval_image_again' in 'where clause'
SELECT COUNT(*) AS nc_count FROM `zmkj_evaluate_goods` WHERE ( geval_goodsid = '111992' ) AND ( (geval_image <> '') OR (geval_image_again <> '') ) LIMIT 1  
[2019-11-06 02:29:01] /shop/index.php?act=goods&op=comments_list&goods_id=111617 ( act=goods&op=comments_list ) 
ERR: Db Error: Unknown column 'geval_image_again' in 'where clause'
SELECT COUNT(*) AS nc_count FROM `zmkj_evaluate_goods` WHERE ( geval_goodsid = '111617' ) AND ( (geval_image <> '') OR (geval_image_again <> '') ) LIMIT 1  
[2019-11-06 02:48:46] /shop/index.php?act=goods&op=comments_list&goods_id=111847 ( act=goods&op=comments_list ) 
ERR: Db Error: Unknown column 'geval_image_again' in 'where clause'
SELECT COUNT(*) AS nc_count FROM `zmkj_evaluate_goods` WHERE ( geval_goodsid = '111847' ) AND ( (geval_image <> '') OR (geval_image_again <> '') ) LIMIT 1  
[2019-11-06 04:08:56] /shop/index.php?act=goods&op=comments_list&goods_id=111823 ( act=goods&op=comments_list ) 
ERR: Db Error: Unknown column 'geval_image_again' in 'where clause'
SELECT COUNT(*) AS nc_count FROM `zmkj_evaluate_goods` WHERE ( geval_goodsid = '111823' ) AND ( (geval_image <> '') OR (geval_image_again <> '') ) LIMIT 1  
[2019-11-06 04:58:32] /shop/index.php?act=goods&op=comments_list&goods_id=111766 ( act=goods&op=comments_list ) 
ERR: Db Error: Unknown column 'geval_image_again' in 'where clause'
SELECT COUNT(*) AS nc_count FROM `zmkj_evaluate_goods` WHERE ( geval_goodsid = '111766' ) AND ( (geval_image <> '') OR (geval_image_again <> '') ) LIMIT 1  
[2019-11-06 06:16:55] /shop/index.php?act=goods&op=comments_list&goods_id=111935 ( act=goods&op=comments_list ) 
ERR: Db Error: Unknown column 'geval_image_again' in 'where clause'
SELECT COUNT(*) AS nc_count FROM `zmkj_evaluate_goods` WHERE ( geval_goodsid = '111935' ) AND ( (geval_image <> '') OR (geval_image_again <> '') ) LIMIT 1  
[2019-11-06 08:09:31] /shop/index.php?act=goods&op=comments_list&goods_id=111833 ( act=goods&op=comments_list ) 
ERR: Db Error: Unknown column 'geval_image_again' in 'where clause'
SELECT COUNT(*) AS nc_count FROM `zmkj_evaluate_goods` WHERE ( geval_goodsid = '111833' ) AND ( (geval_image <> '') OR (geval_image_again <> '') ) LIMIT 1  
[2019-11-06 08:52:46] /shop/index.php?act=goods&op=comments_list&goods_id=111839 ( act=goods&op=comments_list ) 
ERR: Db Error: Unknown column 'geval_image_again' in 'where clause'
SELECT COUNT(*) AS nc_count FROM `zmkj_evaluate_goods` WHERE ( geval_goodsid = '111839' ) AND ( (geval_image <> '') OR (geval_image_again <> '') ) LIMIT 1  
[2019-11-06 09:43:49] /shop/index.php?act=goods&op=comments_list&goods_id=110247 ( act=goods&op=comments_list ) 
ERR: Db Error: Unknown column 'geval_image_again' in 'where clause'
SELECT COUNT(*) AS nc_count FROM `zmkj_evaluate_goods` WHERE ( geval_goodsid = '110247' ) AND ( (geval_image <> '') OR (geval_image_again <> '') ) LIMIT 1  
[2019-11-06 10:05:42] /shop/index.php?act=goods&op=comments_list&goods_id=111824 ( act=goods&op=comments_list ) 
ERR: Db Error: Unknown column 'geval_image_again' in 'where clause'
SELECT COUNT(*) AS nc_count FROM `zmkj_evaluate_goods` WHERE ( geval_goodsid = '111824' ) AND ( (geval_image <> '') OR (geval_image_again <> '') ) LIMIT 1  
[2019-11-06 10:13:00] /shop/index.php?act=goods&op=comments_list&goods_id=111859 ( act=goods&op=comments_list ) 
ERR: Db Error: Unknown column 'geval_image_again' in 'where clause'
SELECT COUNT(*) AS nc_count FROM `zmkj_evaluate_goods` WHERE ( geval_goodsid = '111859' ) AND ( (geval_image <> '') OR (geval_image_again <> '') ) LIMIT 1  
[2019-11-06 10:48:03] /shop/index.php?act=goods&op=comments_list&goods_id=111572 ( act=goods&op=comments_list ) 
ERR: Db Error: Unknown column 'geval_image_again' in 'where clause'
SELECT COUNT(*) AS nc_count FROM `zmkj_evaluate_goods` WHERE ( geval_goodsid = '111572' ) AND ( (geval_image <> '') OR (geval_image_again <> '') ) LIMIT 1  
[2019-11-06 11:02:45] /shop/index.php?act=goods&op=comments_list&goods_id=111889 ( act=goods&op=comments_list ) 
ERR: Db Error: Unknown column 'geval_image_again' in 'where clause'
SELECT COUNT(*) AS nc_count FROM `zmkj_evaluate_goods` WHERE ( geval_goodsid = '111889' ) AND ( (geval_image <> '') OR (geval_image_again <> '') ) LIMIT 1  
[2019-11-06 11:10:44] /shop/index.php?act=goods&op=comments_list&goods_id=111619 ( act=goods&op=comments_list ) 
ERR: Db Error: Unknown column 'geval_image_again' in 'where clause'
SELECT COUNT(*) AS nc_count FROM `zmkj_evaluate_goods` WHERE ( geval_goodsid = '111619' ) AND ( (geval_image <> '') OR (geval_image_again <> '') ) LIMIT 1  
[2019-11-06 11:17:27] /shop/index.php?act=goods&op=comments_list&goods_id=111902 ( act=goods&op=comments_list ) 
ERR: Db Error: Unknown column 'geval_image_again' in 'where clause'
SELECT COUNT(*) AS nc_count FROM `zmkj_evaluate_goods` WHERE ( geval_goodsid = '111902' ) AND ( (geval_image <> '') OR (geval_image_again <> '') ) LIMIT 1  
[2019-11-06 11:23:20] /shop/index.php?act=goods&op=comments_list&goods_id=110226 ( act=goods&op=comments_list ) 
ERR: Db Error: Unknown column 'geval_image_again' in 'where clause'
SELECT COUNT(*) AS nc_count FROM `zmkj_evaluate_goods` WHERE ( geval_goodsid = '110226' ) AND ( (geval_image <> '') OR (geval_image_again <> '') ) LIMIT 1  
[2019-11-06 11:24:20] /shop/index.php?act=goods&op=comments_list&goods_id=110226 ( act=goods&op=comments_list ) 
ERR: Db Error: Unknown column 'geval_image_again' in 'where clause'
SELECT COUNT(*) AS nc_count FROM `zmkj_evaluate_goods` WHERE ( geval_goodsid = '110226' ) AND ( (geval_image <> '') OR (geval_image_again <> '') ) LIMIT 1  
[2019-11-06 11:35:06] /shop/index.php?act=goods&op=comments_list&goods_id=111949 ( act=goods&op=comments_list ) 
ERR: Db Error: Unknown column 'geval_image_again' in 'where clause'
SELECT COUNT(*) AS nc_count FROM `zmkj_evaluate_goods` WHERE ( geval_goodsid = '111949' ) AND ( (geval_image <> '') OR (geval_image_again <> '') ) LIMIT 1  
[2019-11-06 11:55:41] /shop/index.php?act=goods&op=comments_list&goods_id=111770 ( act=goods&op=comments_list ) 
ERR: Db Error: Unknown column 'geval_image_again' in 'where clause'
SELECT COUNT(*) AS nc_count FROM `zmkj_evaluate_goods` WHERE ( geval_goodsid = '111770' ) AND ( (geval_image <> '') OR (geval_image_again <> '') ) LIMIT 1  
[2019-11-06 12:10:23] /shop/index.php?act=goods&op=comments_list&goods_id=111705 ( act=goods&op=comments_list ) 
ERR: Db Error: Unknown column 'geval_image_again' in 'where clause'
SELECT COUNT(*) AS nc_count FROM `zmkj_evaluate_goods` WHERE ( geval_goodsid = '111705' ) AND ( (geval_image <> '') OR (geval_image_again <> '') ) LIMIT 1  
[2019-11-06 12:53:38] /shop/index.php?act=goods&op=comments_list&goods_id=110365 ( act=goods&op=comments_list ) 
ERR: Db Error: Unknown column 'geval_image_again' in 'where clause'
SELECT COUNT(*) AS nc_count FROM `zmkj_evaluate_goods` WHERE ( geval_goodsid = '110365' ) AND ( (geval_image <> '') OR (geval_image_again <> '') ) LIMIT 1  
[2019-11-06 12:56:26] /shop/index.php?act=goods&op=comments_list&goods_id=111312 ( act=goods&op=comments_list ) 
ERR: Db Error: Unknown column 'geval_image_again' in 'where clause'
SELECT COUNT(*) AS nc_count FROM `zmkj_evaluate_goods` WHERE ( geval_goodsid = '111312' ) AND ( (geval_image <> '') OR (geval_image_again <> '') ) LIMIT 1  
[2019-11-06 13:07:38] /shop/index.php?act=goods&op=comments_list&goods_id=109905 ( act=goods&op=comments_list ) 
ERR: Db Error: Unknown column 'geval_image_again' in 'where clause'
SELECT COUNT(*) AS nc_count FROM `zmkj_evaluate_goods` WHERE ( geval_goodsid = '109905' ) AND ( (geval_image <> '') OR (geval_image_again <> '') ) LIMIT 1  
[2019-11-06 13:21:37] /shop/index.php?act=goods&op=comments_list&goods_id=111333 ( act=goods&op=comments_list ) 
ERR: Db Error: Unknown column 'geval_image_again' in 'where clause'
SELECT COUNT(*) AS nc_count FROM `zmkj_evaluate_goods` WHERE ( geval_goodsid = '111333' ) AND ( (geval_image <> '') OR (geval_image_again <> '') ) LIMIT 1  
[2019-11-06 13:24:25] /shop/index.php?act=goods&op=comments_list&goods_id=111973 ( act=goods&op=comments_list ) 
ERR: Db Error: Unknown column 'geval_image_again' in 'where clause'
SELECT COUNT(*) AS nc_count FROM `zmkj_evaluate_goods` WHERE ( geval_goodsid = '111973' ) AND ( (geval_image <> '') OR (geval_image_again <> '') ) LIMIT 1  
[2019-11-06 13:32:48] /shop/index.php?act=goods&op=comments_list&goods_id=111753 ( act=goods&op=comments_list ) 
ERR: Db Error: Unknown column 'geval_image_again' in 'where clause'
SELECT COUNT(*) AS nc_count FROM `zmkj_evaluate_goods` WHERE ( geval_goodsid = '111753' ) AND ( (geval_image <> '') OR (geval_image_again <> '') ) LIMIT 1  
[2019-11-06 14:55:04] /shop/index.php?act=goods&op=comments_list&goods_id=111686 ( act=goods&op=comments_list ) 
ERR: Db Error: Unknown column 'geval_image_again' in 'where clause'
SELECT COUNT(*) AS nc_count FROM `zmkj_evaluate_goods` WHERE ( geval_goodsid = '111686' ) AND ( (geval_image <> '') OR (geval_image_again <> '') ) LIMIT 1  
[2019-11-06 15:02:14] /shop/index.php?act=goods&op=comments_list&goods_id=101773 ( act=goods&op=comments_list ) 
ERR: Db Error: Unknown column 'geval_image_again' in 'where clause'
SELECT COUNT(*) AS nc_count FROM `zmkj_evaluate_goods` WHERE ( geval_goodsid = '101773' ) AND ( (geval_image <> '') OR (geval_image_again <> '') ) LIMIT 1  
[2019-11-06 15:05:49] /shop/index.php?act=goods&op=comments_list&goods_id=111925 ( act=goods&op=comments_list ) 
ERR: Db Error: Unknown column 'geval_image_again' in 'where clause'
SELECT COUNT(*) AS nc_count FROM `zmkj_evaluate_goods` WHERE ( geval_goodsid = '111925' ) AND ( (geval_image <> '') OR (geval_image_again <> '') ) LIMIT 1  
[2019-11-06 15:12:59] /shop/index.php?act=goods&op=comments_list&goods_id=111899 ( act=goods&op=comments_list ) 
ERR: Db Error: Unknown column 'geval_image_again' in 'where clause'
SELECT COUNT(*) AS nc_count FROM `zmkj_evaluate_goods` WHERE ( geval_goodsid = '111899' ) AND ( (geval_image <> '') OR (geval_image_again <> '') ) LIMIT 1  
[2019-11-06 15:16:34] /shop/index.php?act=goods&op=comments_list&goods_id=111641 ( act=goods&op=comments_list ) 
ERR: Db Error: Unknown column 'geval_image_again' in 'where clause'
SELECT COUNT(*) AS nc_count FROM `zmkj_evaluate_goods` WHERE ( geval_goodsid = '111641' ) AND ( (geval_image <> '') OR (geval_image_again <> '') ) LIMIT 1  
[2019-11-06 15:17:35] /shop/index.php?act=goods&op=comments_list&goods_id=110972 ( act=goods&op=comments_list ) 
ERR: Db Error: Unknown column 'geval_image_again' in 'where clause'
SELECT COUNT(*) AS nc_count FROM `zmkj_evaluate_goods` WHERE ( geval_goodsid = '110972' ) AND ( (geval_image <> '') OR (geval_image_again <> '') ) LIMIT 1  
[2019-11-06 15:48:49] /shop/index.php?act=goods&op=comments_list&goods_id=111867 ( act=goods&op=comments_list ) 
ERR: Db Error: Unknown column 'geval_image_again' in 'where clause'
SELECT COUNT(*) AS nc_count FROM `zmkj_evaluate_goods` WHERE ( geval_goodsid = '111867' ) AND ( (geval_image <> '') OR (geval_image_again <> '') ) LIMIT 1  
[2019-11-06 15:52:24] /shop/index.php?act=goods&op=comments_list&goods_id=111884 ( act=goods&op=comments_list ) 
ERR: Db Error: Unknown column 'geval_image_again' in 'where clause'
SELECT COUNT(*) AS nc_count FROM `zmkj_evaluate_goods` WHERE ( geval_goodsid = '111884' ) AND ( (geval_image <> '') OR (geval_image_again <> '') ) LIMIT 1  
[2019-11-06 16:13:54] /shop/index.php?act=goods&op=comments_list&goods_id=111919 ( act=goods&op=comments_list ) 
ERR: Db Error: Unknown column 'geval_image_again' in 'where clause'
SELECT COUNT(*) AS nc_count FROM `zmkj_evaluate_goods` WHERE ( geval_goodsid = '111919' ) AND ( (geval_image <> '') OR (geval_image_again <> '') ) LIMIT 1  
[2019-11-06 16:17:29] /shop/index.php?act=goods&op=comments_list&goods_id=111868 ( act=goods&op=comments_list ) 
ERR: Db Error: Unknown column 'geval_image_again' in 'where clause'
SELECT COUNT(*) AS nc_count FROM `zmkj_evaluate_goods` WHERE ( geval_goodsid = '111868' ) AND ( (geval_image <> '') OR (geval_image_again <> '') ) LIMIT 1  
[2019-11-06 16:25:02] /admin/index.php?act=goods_orm&op=edit&id=2884 ( act=goods_orm&op=edit ) 
ERR: Db Error: Unknown column 'goods_id' in 'field list'
select goods_id from zmkj_goods_orm where productId='82fc0de4-e046-482d-81fb-bf15b4fa99a9 and id !=2884'
[2019-11-06 16:53:26] /shop/index.php?act=goods&op=comments_list&goods_id=101244 ( act=goods&op=comments_list ) 
ERR: Db Error: Unknown column 'geval_image_again' in 'where clause'
SELECT COUNT(*) AS nc_count FROM `zmkj_evaluate_goods` WHERE ( geval_goodsid = '101244' ) AND ( (geval_image <> '') OR (geval_image_again <> '') ) LIMIT 1  
[2019-11-06 16:59:13] /shop/index.php?act=goods&op=comments_list&goods_id=111446 ( act=goods&op=comments_list ) 
ERR: Db Error: Unknown column 'geval_image_again' in 'where clause'
SELECT COUNT(*) AS nc_count FROM `zmkj_evaluate_goods` WHERE ( geval_goodsid = '111446' ) AND ( (geval_image <> '') OR (geval_image_again <> '') ) LIMIT 1  
[2019-11-06 17:48:21] /shop/index.php?act=goods&op=comments_list&goods_id=111873 ( act=goods&op=comments_list ) 
ERR: Db Error: Unknown column 'geval_image_again' in 'where clause'
SELECT COUNT(*) AS nc_count FROM `zmkj_evaluate_goods` WHERE ( geval_goodsid = '111873' ) AND ( (geval_image <> '') OR (geval_image_again <> '') ) LIMIT 1  
[2019-11-06 18:23:02] /shop/index.php?act=goods&op=comments_list&goods_id=111684 ( act=goods&op=comments_list ) 
ERR: Db Error: Unknown column 'geval_image_again' in 'where clause'
SELECT COUNT(*) AS nc_count FROM `zmkj_evaluate_goods` WHERE ( geval_goodsid = '111684' ) AND ( (geval_image <> '') OR (geval_image_again <> '') ) LIMIT 1  
[2019-11-06 18:34:36] /shop/index.php?act=goods&op=comments_list&goods_id=111936 ( act=goods&op=comments_list ) 
ERR: Db Error: Unknown column 'geval_image_again' in 'where clause'
SELECT COUNT(*) AS nc_count FROM `zmkj_evaluate_goods` WHERE ( geval_goodsid = '111936' ) AND ( (geval_image <> '') OR (geval_image_again <> '') ) LIMIT 1  
[2019-11-06 18:37:29] /shop/index.php?act=goods&op=comments_list&goods_id=111500 ( act=goods&op=comments_list ) 
ERR: Db Error: Unknown column 'geval_image_again' in 'where clause'
SELECT COUNT(*) AS nc_count FROM `zmkj_evaluate_goods` WHERE ( geval_goodsid = '111500' ) AND ( (geval_image <> '') OR (geval_image_again <> '') ) LIMIT 1  
[2019-11-06 18:40:23] /shop/index.php?act=goods&op=comments_list&goods_id=111343 ( act=goods&op=comments_list ) 
ERR: Db Error: Unknown column 'geval_image_again' in 'where clause'
SELECT COUNT(*) AS nc_count FROM `zmkj_evaluate_goods` WHERE ( geval_goodsid = '111343' ) AND ( (geval_image <> '') OR (geval_image_again <> '') ) LIMIT 1  
[2019-11-06 19:26:37] /shop/index.php?act=goods&op=comments_list&goods_id=110033 ( act=goods&op=comments_list ) 
ERR: Db Error: Unknown column 'geval_image_again' in 'where clause'
SELECT COUNT(*) AS nc_count FROM `zmkj_evaluate_goods` WHERE ( geval_goodsid = '110033' ) AND ( (geval_image <> '') OR (geval_image_again <> '') ) LIMIT 1  
[2019-11-06 19:43:58] /shop/index.php?act=goods&op=comments_list&goods_id=111603 ( act=goods&op=comments_list ) 
ERR: Db Error: Unknown column 'geval_image_again' in 'where clause'
SELECT COUNT(*) AS nc_count FROM `zmkj_evaluate_goods` WHERE ( geval_goodsid = '111603' ) AND ( (geval_image <> '') OR (geval_image_again <> '') ) LIMIT 1  
[2019-11-06 20:07:05] /shop/index.php?act=goods&op=comments_list&goods_id=111842 ( act=goods&op=comments_list ) 
ERR: Db Error: Unknown column 'geval_image_again' in 'where clause'
SELECT COUNT(*) AS nc_count FROM `zmkj_evaluate_goods` WHERE ( geval_goodsid = '111842' ) AND ( (geval_image <> '') OR (geval_image_again <> '') ) LIMIT 1  
[2019-11-06 20:24:26] /shop/index.php?act=goods&op=comments_list&goods_id=102916 ( act=goods&op=comments_list ) 
ERR: Db Error: Unknown column 'geval_image_again' in 'where clause'
SELECT COUNT(*) AS nc_count FROM `zmkj_evaluate_goods` WHERE ( geval_goodsid = '102916' ) AND ( (geval_image <> '') OR (geval_image_again <> '') ) LIMIT 1  
[2019-11-06 20:33:06] /shop/index.php?act=goods&op=comments_list&goods_id=111760 ( act=goods&op=comments_list ) 
ERR: Db Error: Unknown column 'geval_image_again' in 'where clause'
SELECT COUNT(*) AS nc_count FROM `zmkj_evaluate_goods` WHERE ( geval_goodsid = '111760' ) AND ( (geval_image <> '') OR (geval_image_again <> '') ) LIMIT 1  
[2019-11-06 21:49:07] /shop/index.php?act=goods&op=comments_list&goods_id=111909 ( act=goods&op=comments_list ) 
ERR: Db Error: Unknown column 'geval_image_again' in 'where clause'
SELECT COUNT(*) AS nc_count FROM `zmkj_evaluate_goods` WHERE ( geval_goodsid = '111909' ) AND ( (geval_image <> '') OR (geval_image_again <> '') ) LIMIT 1  
[2019-11-06 21:52:18] /shop/index.php?act=goods&op=comments_list&goods_id=112042 ( act=goods&op=comments_list ) 
ERR: Db Error: Unknown column 'geval_image_again' in 'where clause'
SELECT COUNT(*) AS nc_count FROM `zmkj_evaluate_goods` WHERE ( geval_goodsid = '112042' ) AND ( (geval_image <> '') OR (geval_image_again <> '') ) LIMIT 1  
[2019-11-06 21:58:41] /shop/index.php?act=goods&op=comments_list&goods_id=111981 ( act=goods&op=comments_list ) 
ERR: Db Error: Unknown column 'geval_image_again' in 'where clause'
SELECT COUNT(*) AS nc_count FROM `zmkj_evaluate_goods` WHERE ( geval_goodsid = '111981' ) AND ( (geval_image <> '') OR (geval_image_again <> '') ) LIMIT 1  
[2019-11-06 22:14:39] /shop/index.php?act=goods&op=comments_list&goods_id=101230 ( act=goods&op=comments_list ) 
ERR: Db Error: Unknown column 'geval_image_again' in 'where clause'
SELECT COUNT(*) AS nc_count FROM `zmkj_evaluate_goods` WHERE ( geval_goodsid = '101230' ) AND ( (geval_image <> '') OR (geval_image_again <> '') ) LIMIT 1  
[2019-11-06 22:17:50] /shop/index.php?act=goods&op=comments_list&goods_id=111570 ( act=goods&op=comments_list ) 
ERR: Db Error: Unknown column 'geval_image_again' in 'where clause'
SELECT COUNT(*) AS nc_count FROM `zmkj_evaluate_goods` WHERE ( geval_goodsid = '111570' ) AND ( (geval_image <> '') OR (geval_image_again <> '') ) LIMIT 1  
[2019-11-06 22:31:07] /shop/index.php?act=search&op=index&cate_id=2161 ( act=search&op=index ) 
ERR: Db Error: Unknown column 'gc_id_' in 'where clause'
SELECT count(distinct CONCAT(goods_commonid)) AS nc_count FROM `zmkj_goods` WHERE ( gc_id_ = '2161' ) AND ( goods_state = '1' ) AND ( goods_verify = '1' ) LIMIT 1  
[2019-11-06 22:31:15] /shop/index.php?act=search&op=index&cate_id=1575 ( act=search&op=index ) 
ERR: Db Error: Unknown column 'gc_id_' in 'where clause'
SELECT count(distinct CONCAT(goods_commonid)) AS nc_count FROM `zmkj_goods` WHERE ( gc_id_ = '1575' ) AND ( goods_state = '1' ) AND ( goods_verify = '1' ) LIMIT 1  
[2019-11-06 22:31:19] /shop/index.php?act=search&op=index&cate_id=2121 ( act=search&op=index ) 
ERR: Db Error: Unknown column 'gc_id_' in 'where clause'
SELECT count(distinct CONCAT(goods_commonid)) AS nc_count FROM `zmkj_goods` WHERE ( gc_id_ = '2121' ) AND ( goods_state = '1' ) AND ( goods_verify = '1' ) LIMIT 1  
[2019-11-06 22:31:29] /shop/index.php?act=search&op=index&cate_id=2114 ( act=search&op=index ) 
ERR: Db Error: Unknown column 'gc_id_' in 'where clause'
SELECT count(distinct CONCAT(goods_commonid)) AS nc_count FROM `zmkj_goods` WHERE ( gc_id_ = '2114' ) AND ( goods_state = '1' ) AND ( goods_verify = '1' ) LIMIT 1  
[2019-11-06 22:31:32] /shop/index.php?act=search&op=index&cate_id=2139 ( act=search&op=index ) 
ERR: Db Error: Unknown column 'gc_id_' in 'where clause'
SELECT count(distinct CONCAT(goods_commonid)) AS nc_count FROM `zmkj_goods` WHERE ( gc_id_ = '2139' ) AND ( goods_state = '1' ) AND ( goods_verify = '1' ) LIMIT 1  
[2019-11-06 22:31:40] /shop/index.php?act=search&op=index&cate_id=2124 ( act=search&op=index ) 
ERR: Db Error: Unknown column 'gc_id_' in 'where clause'
SELECT count(distinct CONCAT(goods_commonid)) AS nc_count FROM `zmkj_goods` WHERE ( gc_id_ = '2124' ) AND ( goods_state = '1' ) AND ( goods_verify = '1' ) LIMIT 1  
[2019-11-06 22:31:48] /shop/index.php?act=search&op=index&cate_id=1596 ( act=search&op=index ) 
ERR: Db Error: Unknown column 'gc_id_' in 'where clause'
SELECT count(distinct CONCAT(goods_commonid)) AS nc_count FROM `zmkj_goods` WHERE ( gc_id_ = '1596' ) AND ( goods_state = '1' ) AND ( goods_verify = '1' ) LIMIT 1  
[2019-11-06 22:32:02] /shop/index.php?act=search&op=index&cate_id=1580 ( act=search&op=index ) 
ERR: Db Error: Unknown column 'gc_id_' in 'where clause'
SELECT count(distinct CONCAT(goods_commonid)) AS nc_count FROM `zmkj_goods` WHERE ( gc_id_ = '1580' ) AND ( goods_state = '1' ) AND ( goods_verify = '1' ) LIMIT 1  
[2019-11-06 22:32:18] /shop/index.php?act=search&op=index&cate_id=2167 ( act=search&op=index ) 
ERR: Db Error: Unknown column 'gc_id_' in 'where clause'
SELECT count(distinct CONCAT(goods_commonid)) AS nc_count FROM `zmkj_goods` WHERE ( gc_id_ = '2167' ) AND ( goods_state = '1' ) AND ( goods_verify = '1' ) LIMIT 1  
[2019-11-06 22:34:12] /shop/index.php?act=hot_sale&op=index ( act=hot_sale&op=index ) 
ERR: Db Error: You have an error in your SQL syntax; check the manual that corresponds to your MySQL server version for the right syntax to use near ') and goods_state=1' at line 1
select * from zmkj_goods where goods_id in () and goods_state=1
[2019-11-06 22:34:12] /shop/index.php?act=hot_sale&op=index ( act=hot_sale&op=index ) 
ERR: Db Error: You have an error in your SQL syntax; check the manual that corresponds to your MySQL server version for the right syntax to use near '' at line 1
select `member_id` from zmkj_store where store_id = 
[2019-11-06 23:06:58] /shop/index.php?act=goods&op=comments_list&goods_id=109792 ( act=goods&op=comments_list ) 
ERR: Db Error: Unknown column 'geval_image_again' in 'where clause'
SELECT COUNT(*) AS nc_count FROM `zmkj_evaluate_goods` WHERE ( geval_goodsid = '109792' ) AND ( (geval_image <> '') OR (geval_image_again <> '') ) LIMIT 1  
[2019-11-06 23:11:58] /shop/index.php?act=goods&op=comments_list&goods_id=111968 ( act=goods&op=comments_list ) 
ERR: Db Error: Unknown column 'geval_image_again' in 'where clause'
SELECT COUNT(*) AS nc_count FROM `zmkj_evaluate_goods` WHERE ( geval_goodsid = '111968' ) AND ( (geval_image <> '') OR (geval_image_again <> '') ) LIMIT 1  
[2019-11-06 23:16:58] /shop/index.php?act=goods&op=comments_list&goods_id=111430 ( act=goods&op=comments_list ) 
ERR: Db Error: Unknown column 'geval_image_again' in 'where clause'
SELECT COUNT(*) AS nc_count FROM `zmkj_evaluate_goods` WHERE ( geval_goodsid = '111430' ) AND ( (geval_image <> '') OR (geval_image_again <> '') ) LIMIT 1  
[2019-11-06 23:36:56] /shop/index.php?act=goods&op=comments_list&goods_id=111581 ( act=goods&op=comments_list ) 
ERR: Db Error: Unknown column 'geval_image_again' in 'where clause'
SELECT COUNT(*) AS nc_count FROM `zmkj_evaluate_goods` WHERE ( geval_goodsid = '111581' ) AND ( (geval_image <> '') OR (geval_image_again <> '') ) LIMIT 1  
