[2019-12-05 04:21:03] /shop/index.php?act=goods&op=comments_list&goods_id=111307 ( act=goods&op=comments_list ) 
ERR: Db Error: Unknown column 'geval_image_again' in 'where clause'
SELECT COUNT(*) AS nc_count FROM `zmkj_evaluate_goods` WHERE ( geval_goodsid = '111307' ) AND ( (geval_image <> '') OR (geval_image_again <> '') ) LIMIT 1  
[2019-12-05 04:54:48] /shop/index.php?act=goods&op=comments_list&goods_id=108777 ( act=goods&op=comments_list ) 
ERR: Db Error: Unknown column 'geval_image_again' in 'where clause'
SELECT COUNT(*) AS nc_count FROM `zmkj_evaluate_goods` WHERE ( geval_goodsid = '108777' ) AND ( (geval_image <> '') OR (geval_image_again <> '') ) LIMIT 1  
[2019-12-05 05:06:03] /shop/index.php?act=goods&op=comments_list&goods_id=111578 ( act=goods&op=comments_list ) 
ERR: Db Error: Unknown column 'geval_image_again' in 'where clause'
SELECT COUNT(*) AS nc_count FROM `zmkj_evaluate_goods` WHERE ( geval_goodsid = '111578' ) AND ( (geval_image <> '') OR (geval_image_again <> '') ) LIMIT 1  
[2019-12-05 05:39:15] /shop/index.php?act=goods&op=comments_list&goods_id=111632 ( act=goods&op=comments_list ) 
ERR: Db Error: Unknown column 'geval_image_again' in 'where clause'
SELECT COUNT(*) AS nc_count FROM `zmkj_evaluate_goods` WHERE ( geval_goodsid = '111632' ) AND ( (geval_image <> '') OR (geval_image_again <> '') ) LIMIT 1  
[2019-12-05 06:17:26] /shop/index.php?act=goods&op=comments_list&goods_id=111628 ( act=goods&op=comments_list ) 
ERR: Db Error: Unknown column 'geval_image_again' in 'where clause'
SELECT COUNT(*) AS nc_count FROM `zmkj_evaluate_goods` WHERE ( geval_goodsid = '111628' ) AND ( (geval_image <> '') OR (geval_image_again <> '') ) LIMIT 1  
[2019-12-05 08:09:50] /shop/index.php?act=goods&op=comments_list&goods_id=104291 ( act=goods&op=comments_list ) 
ERR: Db Error: Unknown column 'geval_image_again' in 'where clause'
SELECT COUNT(*) AS nc_count FROM `zmkj_evaluate_goods` WHERE ( geval_goodsid = '104291' ) AND ( (geval_image <> '') OR (geval_image_again <> '') ) LIMIT 1  
[2019-12-05 10:24:38] /admin/index.php?act=goods_orm&op=edit&id=4744 ( act=goods_orm&op=edit ) 
ERR: Db Error: Unknown column 'goods_id' in 'field list'
select goods_id from zmkj_goods_orm where productId='f3740a3a-413b-4314-82c0-eade9ce72052 and id !=4744'
[2019-12-05 12:15:10] /shop/index.php?act=goods&op=comments_list&goods_id=107289 ( act=goods&op=comments_list ) 
ERR: Db Error: Unknown column 'geval_image_again' in 'where clause'
SELECT COUNT(*) AS nc_count FROM `zmkj_evaluate_goods` WHERE ( geval_goodsid = '107289' ) AND ( (geval_image <> '') OR (geval_image_again <> '') ) LIMIT 1  
[2019-12-05 13:00:53] /shop/index.php?act=goods&op=comments_list&goods_id=108572 ( act=goods&op=comments_list ) 
ERR: Db Error: Unknown column 'geval_image_again' in 'where clause'
SELECT COUNT(*) AS nc_count FROM `zmkj_evaluate_goods` WHERE ( geval_goodsid = '108572' ) AND ( (geval_image <> '') OR (geval_image_again <> '') ) LIMIT 1  
[2019-12-05 13:06:35] /shop/index.php?act=goods&op=comments_list&goods_id=111942 ( act=goods&op=comments_list ) 
ERR: Db Error: Unknown column 'geval_image_again' in 'where clause'
SELECT COUNT(*) AS nc_count FROM `zmkj_evaluate_goods` WHERE ( geval_goodsid = '111942' ) AND ( (geval_image <> '') OR (geval_image_again <> '') ) LIMIT 1  
[2019-12-05 13:58:01] /shop/index.php?act=goods&op=comments_list&goods_id=111358 ( act=goods&op=comments_list ) 
ERR: Db Error: Unknown column 'geval_image_again' in 'where clause'
SELECT COUNT(*) AS nc_count FROM `zmkj_evaluate_goods` WHERE ( geval_goodsid = '111358' ) AND ( (geval_image <> '') OR (geval_image_again <> '') ) LIMIT 1  
[2019-12-05 14:09:27] /shop/index.php?act=goods&op=comments_list&goods_id=111703 ( act=goods&op=comments_list ) 
ERR: Db Error: Unknown column 'geval_image_again' in 'where clause'
SELECT COUNT(*) AS nc_count FROM `zmkj_evaluate_goods` WHERE ( geval_goodsid = '111703' ) AND ( (geval_image <> '') OR (geval_image_again <> '') ) LIMIT 1  
[2019-12-05 14:23:21] /shop/index.php?act=goods&goods_id=101438&op=comments_list ( act=goods&op=comments_list ) 
ERR: Db Error: Unknown column 'geval_image_again' in 'where clause'
SELECT COUNT(*) AS nc_count FROM `zmkj_evaluate_goods` WHERE ( geval_goodsid = '101438' ) AND ( (geval_image <> '') OR (geval_image_again <> '') ) LIMIT 1  
[2019-12-05 14:38:01] /shop/index.php?act=goods&op=comments_list&goods_id=111110 ( act=goods&op=comments_list ) 
ERR: Db Error: Unknown column 'geval_image_again' in 'where clause'
SELECT COUNT(*) AS nc_count FROM `zmkj_evaluate_goods` WHERE ( geval_goodsid = '111110' ) AND ( (geval_image <> '') OR (geval_image_again <> '') ) LIMIT 1  
[2019-12-05 15:00:52] /shop/index.php?act=goods&op=comments_list&goods_id=107311 ( act=goods&op=comments_list ) 
ERR: Db Error: Unknown column 'geval_image_again' in 'where clause'
SELECT COUNT(*) AS nc_count FROM `zmkj_evaluate_goods` WHERE ( geval_goodsid = '107311' ) AND ( (geval_image <> '') OR (geval_image_again <> '') ) LIMIT 1  
[2019-12-05 15:35:09] /shop/index.php?act=goods&op=comments_list&goods_id=109188 ( act=goods&op=comments_list ) 
ERR: Db Error: Unknown column 'geval_image_again' in 'where clause'
SELECT COUNT(*) AS nc_count FROM `zmkj_evaluate_goods` WHERE ( geval_goodsid = '109188' ) AND ( (geval_image <> '') OR (geval_image_again <> '') ) LIMIT 1  
[2019-12-05 15:40:52] /shop/index.php?act=goods&op=comments_list&goods_id=109188 ( act=goods&op=comments_list ) 
ERR: Db Error: Unknown column 'geval_image_again' in 'where clause'
SELECT COUNT(*) AS nc_count FROM `zmkj_evaluate_goods` WHERE ( geval_goodsid = '109188' ) AND ( (geval_image <> '') OR (geval_image_again <> '') ) LIMIT 1  
[2019-12-05 16:15:10] /shop/index.php?act=goods&op=comments_list&goods_id=111880 ( act=goods&op=comments_list ) 
ERR: Db Error: Unknown column 'geval_image_again' in 'where clause'
SELECT COUNT(*) AS nc_count FROM `zmkj_evaluate_goods` WHERE ( geval_goodsid = '111880' ) AND ( (geval_image <> '') OR (geval_image_again <> '') ) LIMIT 1  
[2019-12-05 16:42:45] /shop/index.php?act=goods&op=comments_list&goods_id=102517 ( act=goods&op=comments_list ) 
ERR: Db Error: Unknown column 'geval_image_again' in 'where clause'
SELECT COUNT(*) AS nc_count FROM `zmkj_evaluate_goods` WHERE ( geval_goodsid = '102517' ) AND ( (geval_image <> '') OR (geval_image_again <> '') ) LIMIT 1  
[2019-12-05 18:34:29] /shop/index.php?act=goods&op=comments_list&goods_id=112204 ( act=goods&op=comments_list ) 
ERR: Db Error: Unknown column 'geval_image_again' in 'where clause'
SELECT COUNT(*) AS nc_count FROM `zmkj_evaluate_goods` WHERE ( geval_goodsid = '112204' ) AND ( (geval_image <> '') OR (geval_image_again <> '') ) LIMIT 1  
[2019-12-05 19:35:10] /shop/index.php?act=goods&op=comments_list&goods_id=111373 ( act=goods&op=comments_list ) 
ERR: Db Error: Unknown column 'geval_image_again' in 'where clause'
SELECT COUNT(*) AS nc_count FROM `zmkj_evaluate_goods` WHERE ( geval_goodsid = '111373' ) AND ( (geval_image <> '') OR (geval_image_again <> '') ) LIMIT 1  
[2019-12-05 19:52:18] /shop/index.php?act=goods&op=comments_list&goods_id=111927 ( act=goods&op=comments_list ) 
ERR: Db Error: Unknown column 'geval_image_again' in 'where clause'
SELECT COUNT(*) AS nc_count FROM `zmkj_evaluate_goods` WHERE ( geval_goodsid = '111927' ) AND ( (geval_image <> '') OR (geval_image_again <> '') ) LIMIT 1  
[2019-12-05 20:29:35] /shop/index.php?act=goods&goods_id=101438&op=comments_list ( act=goods&op=comments_list ) 
ERR: Db Error: Unknown column 'geval_image_again' in 'where clause'
SELECT COUNT(*) AS nc_count FROM `zmkj_evaluate_goods` WHERE ( geval_goodsid = '101438' ) AND ( (geval_image <> '') OR (geval_image_again <> '') ) LIMIT 1  
[2019-12-05 21:46:35] /shop/index.php?act=goods&op=comments_list&goods_id=111559 ( act=goods&op=comments_list ) 
ERR: Db Error: Unknown column 'geval_image_again' in 'where clause'
SELECT COUNT(*) AS nc_count FROM `zmkj_evaluate_goods` WHERE ( geval_goodsid = '111559' ) AND ( (geval_image <> '') OR (geval_image_again <> '') ) LIMIT 1  
[2019-12-05 22:09:27] /shop/index.php?act=goods&op=comments_list&goods_id=105799&type=1 ( act=goods&op=comments_list ) 
ERR: Db Error: Unknown column 'geval_image_again' in 'where clause'
SELECT COUNT(*) AS nc_count FROM `zmkj_evaluate_goods` WHERE ( geval_goodsid = '105799' ) AND ( (geval_image <> '') OR (geval_image_again <> '') ) LIMIT 1  
[2019-12-05 23:58:01] /shop/index.php?act=goods&op=comments_list&goods_id=111760 ( act=goods&op=comments_list ) 
ERR: Db Error: Unknown column 'geval_image_again' in 'where clause'
SELECT COUNT(*) AS nc_count FROM `zmkj_evaluate_goods` WHERE ( geval_goodsid = '111760' ) AND ( (geval_image <> '') OR (geval_image_again <> '') ) LIMIT 1  
