[2019-02-21 03:07:24] /shop/index.php?act=goods&op=comments_list&goods_id=105185 ( act=goods&op=comments_list ) 
ERR: Db Error: Unknown column 'geval_image_again' in 'where clause'
SELECT COUNT(*) AS nc_count FROM `zmkj_evaluate_goods` WHERE ( geval_goodsid = '105185' ) AND ( (geval_image <> '') OR (geval_image_again <> '') ) LIMIT 1  
[2019-02-21 04:27:07] /shop/index.php?act=goods&goods_id=107035&op=comments_list ( act=goods&op=comments_list ) 
ERR: Db Error: Unknown column 'geval_image_again' in 'where clause'
SELECT COUNT(*) AS nc_count FROM `zmkj_evaluate_goods` WHERE ( geval_goodsid = '107035' ) AND ( (geval_image <> '') OR (geval_image_again <> '') ) LIMIT 1  
[2019-02-21 08:12:06] /shop/index.php?act=search&op=index&cate_id=1582 ( act=search&op=index ) 
ERR: Db Error: Unknown column 'gc_id_' in 'where clause'
SELECT count(distinct CONCAT(goods_commonid)) AS nc_count FROM `zmkj_goods` WHERE ( gc_id_ = '1582' ) AND ( goods_state = '1' ) AND ( goods_verify = '1' ) LIMIT 1  
[2019-02-21 11:07:26] /shop/index.php?act=goods&op=comments_list&goods_id=108521 ( act=goods&op=comments_list ) 
ERR: Db Error: Unknown column 'geval_image_again' in 'where clause'
SELECT COUNT(*) AS nc_count FROM `zmkj_evaluate_goods` WHERE ( geval_goodsid = '108521' ) AND ( (geval_image <> '') OR (geval_image_again <> '') ) LIMIT 1  
[2019-02-21 11:22:39] /shop/index.php?act=goods&op=comments_list&goods_id=108487 ( act=goods&op=comments_list ) 
ERR: Db Error: Unknown column 'geval_image_again' in 'where clause'
SELECT COUNT(*) AS nc_count FROM `zmkj_evaluate_goods` WHERE ( geval_goodsid = '108487' ) AND ( (geval_image <> '') OR (geval_image_again <> '') ) LIMIT 1  
[2019-02-21 11:51:23] /shop/index.php?act=goods&op=comments_list&goods_id=108526 ( act=goods&op=comments_list ) 
ERR: Db Error: Unknown column 'geval_image_again' in 'where clause'
SELECT COUNT(*) AS nc_count FROM `zmkj_evaluate_goods` WHERE ( geval_goodsid = '108526' ) AND ( (geval_image <> '') OR (geval_image_again <> '') ) LIMIT 1  
[2019-02-21 12:18:26] /shop/index.php?act=goods&op=comments_list&goods_id=101780 ( act=goods&op=comments_list ) 
ERR: Db Error: Unknown column 'geval_image_again' in 'where clause'
SELECT COUNT(*) AS nc_count FROM `zmkj_evaluate_goods` WHERE ( geval_goodsid = '101780' ) AND ( (geval_image <> '') OR (geval_image_again <> '') ) LIMIT 1  
[2019-02-21 12:45:28] /shop/index.php?act=goods&op=comments_list&goods_id=105763 ( act=goods&op=comments_list ) 
ERR: Db Error: Unknown column 'geval_image_again' in 'where clause'
SELECT COUNT(*) AS nc_count FROM `zmkj_evaluate_goods` WHERE ( geval_goodsid = '105763' ) AND ( (geval_image <> '') OR (geval_image_again <> '') ) LIMIT 1  
[2019-02-21 14:13:22] /shop/index.php?act=goods&op=comments_list&goods_id=108516 ( act=goods&op=comments_list ) 
ERR: Db Error: Unknown column 'geval_image_again' in 'where clause'
SELECT COUNT(*) AS nc_count FROM `zmkj_evaluate_goods` WHERE ( geval_goodsid = '108516' ) AND ( (geval_image <> '') OR (geval_image_again <> '') ) LIMIT 1  
[2019-02-21 17:49:48] /shop/index.php?act=goods&op=comments_list&goods_id=107402 ( act=goods&op=comments_list ) 
ERR: Db Error: Unknown column 'geval_image_again' in 'where clause'
SELECT COUNT(*) AS nc_count FROM `zmkj_evaluate_goods` WHERE ( geval_goodsid = '107402' ) AND ( (geval_image <> '') OR (geval_image_again <> '') ) LIMIT 1  
[2019-02-21 19:51:07] /shop/index.php?act=goods&op=comments_list&goods_id=105516 ( act=goods&op=comments_list ) 
ERR: Db Error: Unknown column 'geval_image_again' in 'where clause'
SELECT COUNT(*) AS nc_count FROM `zmkj_evaluate_goods` WHERE ( geval_goodsid = '105516' ) AND ( (geval_image <> '') OR (geval_image_again <> '') ) LIMIT 1  
[2019-02-21 22:06:56] /shop/index.php?act=goods&op=comments_list&goods_id=107550 ( act=goods&op=comments_list ) 
ERR: Db Error: Unknown column 'geval_image_again' in 'where clause'
SELECT COUNT(*) AS nc_count FROM `zmkj_evaluate_goods` WHERE ( geval_goodsid = '107550' ) AND ( (geval_image <> '') OR (geval_image_again <> '') ) LIMIT 1  
