[2019-10-14 00:06:30] /shop/index.php?act=goods&goods_id=106314&op=comments_list ( act=goods&op=comments_list ) 
ERR: Db Error: Unknown column 'geval_image_again' in 'where clause'
SELECT COUNT(*) AS nc_count FROM `zmkj_evaluate_goods` WHERE ( geval_goodsid = '106314' ) AND ( (geval_image <> '') OR (geval_image_again <> '') ) LIMIT 1  
[2019-10-14 07:43:57] /shop/index.php?act=goods&op=comments_list&goods_id=108611 ( act=goods&op=comments_list ) 
ERR: Db Error: Unknown column 'geval_image_again' in 'where clause'
SELECT COUNT(*) AS nc_count FROM `zmkj_evaluate_goods` WHERE ( geval_goodsid = '108611' ) AND ( (geval_image <> '') OR (geval_image_again <> '') ) LIMIT 1  
[2019-10-14 08:15:30] /shop/index.php?act=goods&goods_id=101180&op=comments_list ( act=goods&op=comments_list ) 
ERR: Db Error: Unknown column 'geval_image_again' in 'where clause'
SELECT COUNT(*) AS nc_count FROM `zmkj_evaluate_goods` WHERE ( geval_goodsid = '101180' ) AND ( (geval_image <> '') OR (geval_image_again <> '') ) LIMIT 1  
[2019-10-14 09:16:33] /shop/index.php?act=goods&goods_id=103023&op=comments_list&type=2 ( act=goods&op=comments_list ) 
ERR: Db Error: Unknown column 'geval_image_again' in 'where clause'
SELECT COUNT(*) AS nc_count FROM `zmkj_evaluate_goods` WHERE ( geval_goodsid = '103023' ) AND ( (geval_image <> '') OR (geval_image_again <> '') ) LIMIT 1  
[2019-10-14 09:18:32] /shop/index.php?act=goods&goods_id=107055&op=comments_list ( act=goods&op=comments_list ) 
ERR: Db Error: Unknown column 'geval_image_again' in 'where clause'
SELECT COUNT(*) AS nc_count FROM `zmkj_evaluate_goods` WHERE ( geval_goodsid = '107055' ) AND ( (geval_image <> '') OR (geval_image_again <> '') ) LIMIT 1  
[2019-10-14 09:30:45] /shop/index.php?act=goods&goods_id=108476&op=comments_list ( act=goods&op=comments_list ) 
ERR: Db Error: Unknown column 'geval_image_again' in 'where clause'
SELECT COUNT(*) AS nc_count FROM `zmkj_evaluate_goods` WHERE ( geval_goodsid = '108476' ) AND ( (geval_image <> '') OR (geval_image_again <> '') ) LIMIT 1  
[2019-10-14 09:30:45] /shop/index.php?act=goods&goods_id=108281&op=comments_list ( act=goods&op=comments_list ) 
ERR: Db Error: Unknown column 'geval_image_again' in 'where clause'
SELECT COUNT(*) AS nc_count FROM `zmkj_evaluate_goods` WHERE ( geval_goodsid = '108281' ) AND ( (geval_image <> '') OR (geval_image_again <> '') ) LIMIT 1  
[2019-10-14 09:45:37] /shop/index.php?act=goods&goods_id=102044&op=comments_list ( act=goods&op=comments_list ) 
ERR: Db Error: Unknown column 'geval_image_again' in 'where clause'
SELECT COUNT(*) AS nc_count FROM `zmkj_evaluate_goods` WHERE ( geval_goodsid = '102044' ) AND ( (geval_image <> '') OR (geval_image_again <> '') ) LIMIT 1  
[2019-10-14 10:13:46] /shop/index.php?act=goods&goods_id=107108&op=comments_list ( act=goods&op=comments_list ) 
ERR: Db Error: Unknown column 'geval_image_again' in 'where clause'
SELECT COUNT(*) AS nc_count FROM `zmkj_evaluate_goods` WHERE ( geval_goodsid = '107108' ) AND ( (geval_image <> '') OR (geval_image_again <> '') ) LIMIT 1  
[2019-10-14 11:33:43] /admin/index.php?act=goods_orm&op=edit&id=2626 ( act=goods_orm&op=edit ) 
ERR: Db Error: Unknown column 'goods_id' in 'field list'
select goods_id from zmkj_goods_orm where productId='4b7e1983-c659-4d61-92d5-9120c0d52a79 and id !=2626'
[2019-10-14 17:37:46] /admin/index.php?act=goods_orm&op=edit&id=2633 ( act=goods_orm&op=edit ) 
ERR: Db Error: Unknown column 'goods_id' in 'field list'
select goods_id from zmkj_goods_orm where productId='c12bcee9-5c41-46c6-a67a-ca596c75a88c and id !=2633'
