[2019-06-11 05:54:34] /shop/index.php?act=goods&goods_id=104759&op=comments_list ( act=goods&op=comments_list ) 
ERR: Db Error: Unknown column 'geval_image_again' in 'where clause'
SELECT COUNT(*) AS nc_count FROM `zmkj_evaluate_goods` WHERE ( geval_goodsid = '104759' ) AND ( (geval_image <> '') OR (geval_image_again <> '') ) LIMIT 1  
[2019-06-11 05:54:35] /shop/index.php?act=goods&goods_id=108062&op=comments_list ( act=goods&op=comments_list ) 
ERR: Db Error: Unknown column 'geval_image_again' in 'where clause'
SELECT COUNT(*) AS nc_count FROM `zmkj_evaluate_goods` WHERE ( geval_goodsid = '108062' ) AND ( (geval_image <> '') OR (geval_image_again <> '') ) LIMIT 1  
[2019-06-11 05:54:36] /shop/index.php?act=goods&goods_id=101941&op=comments_list ( act=goods&op=comments_list ) 
ERR: Db Error: Unknown column 'geval_image_again' in 'where clause'
SELECT COUNT(*) AS nc_count FROM `zmkj_evaluate_goods` WHERE ( geval_goodsid = '101941' ) AND ( (geval_image <> '') OR (geval_image_again <> '') ) LIMIT 1  
[2019-06-11 05:54:42] /shop/index.php?act=search&area_id=1&cate_id=1592&op=index ( act=search&op=index ) 
ERR: Db Error: Unknown column 'gc_id_' in 'where clause'
SELECT count(distinct CONCAT(goods_commonid)) AS nc_count FROM `zmkj_goods` WHERE ( gc_id_ = '1592' ) AND ( areaid_1 = '1' ) AND ( goods_state = '1' ) AND ( goods_verify = '1' ) LIMIT 1  
[2019-06-11 07:16:38] /shop/index.php?act=goods&op=comments_list&goods_id=107241 ( act=goods&op=comments_list ) 
ERR: Db Error: Unknown column 'geval_image_again' in 'where clause'
SELECT COUNT(*) AS nc_count FROM `zmkj_evaluate_goods` WHERE ( geval_goodsid = '107241' ) AND ( (geval_image <> '') OR (geval_image_again <> '') ) LIMIT 1  
[2019-06-11 11:14:03] /shop/index.php?act=goods&op=comments_list&goods_id=105550 ( act=goods&op=comments_list ) 
ERR: Db Error: Unknown column 'geval_image_again' in 'where clause'
SELECT COUNT(*) AS nc_count FROM `zmkj_evaluate_goods` WHERE ( geval_goodsid = '105550' ) AND ( (geval_image <> '') OR (geval_image_again <> '') ) LIMIT 1  
[2019-06-11 23:28:17] /shop/index.php?act=goods&op=comments_list&goods_id=102929&type=2 ( act=goods&op=comments_list ) 
ERR: Db Error: Unknown column 'geval_image_again' in 'where clause'
SELECT COUNT(*) AS nc_count FROM `zmkj_evaluate_goods` WHERE ( geval_goodsid = '102929' ) AND ( (geval_image <> '') OR (geval_image_again <> '') ) LIMIT 1  
