[2019-02-13 00:39:40] /shop/index.php?act=goods&goods_id=104335&op=comments_list ( act=goods&op=comments_list ) 
ERR: Db Error: Unknown column 'geval_image_again' in 'where clause'
SELECT COUNT(*) AS nc_count FROM `zmkj_evaluate_goods` WHERE ( geval_goodsid = '104335' ) AND ( (geval_image <> '') OR (geval_image_again <> '') ) LIMIT 1  
[2019-02-13 01:28:09] /shop/index.php?act=goods&op=comments_list&goods_id=100059 ( act=goods&op=comments_list ) 
ERR: Db Error: Unknown column 'geval_image_again' in 'where clause'
SELECT COUNT(*) AS nc_count FROM `zmkj_evaluate_goods` WHERE ( geval_goodsid = '100059' ) AND ( (geval_image <> '') OR (geval_image_again <> '') ) LIMIT 1  
[2019-02-13 03:33:42] /shop/index.php?act=goods&op=comments_list&goods_id=104662 ( act=goods&op=comments_list ) 
ERR: Db Error: Unknown column 'geval_image_again' in 'where clause'
SELECT COUNT(*) AS nc_count FROM `zmkj_evaluate_goods` WHERE ( geval_goodsid = '104662' ) AND ( (geval_image <> '') OR (geval_image_again <> '') ) LIMIT 1  
[2019-02-13 03:40:31] /shop/index.php?act=goods&op=comments_list&goods_id=100065 ( act=goods&op=comments_list ) 
ERR: Db Error: Unknown column 'geval_image_again' in 'where clause'
SELECT COUNT(*) AS nc_count FROM `zmkj_evaluate_goods` WHERE ( geval_goodsid = '100065' ) AND ( (geval_image <> '') OR (geval_image_again <> '') ) LIMIT 1  
[2019-02-13 04:10:41] /shop/index.php?act=search&op=index&cate_id=2142 ( act=search&op=index ) 
ERR: Db Error: Unknown column 'gc_id_' in 'where clause'
SELECT count(distinct CONCAT(goods_commonid)) AS nc_count FROM `zmkj_goods` WHERE ( gc_id_ = '2142' ) AND ( goods_state = '1' ) AND ( goods_verify = '1' ) LIMIT 1  
[2019-02-13 04:12:09] /shop/index.php?act=search&op=index&cate_id=2120 ( act=search&op=index ) 
ERR: Db Error: Unknown column 'gc_id_' in 'where clause'
SELECT count(distinct CONCAT(goods_commonid)) AS nc_count FROM `zmkj_goods` WHERE ( gc_id_ = '2120' ) AND ( goods_state = '1' ) AND ( goods_verify = '1' ) LIMIT 1  
[2019-02-13 04:12:10] /shop/index.php?act=search&op=index&cate_id=2137 ( act=search&op=index ) 
ERR: Db Error: Unknown column 'gc_id_' in 'where clause'
SELECT count(distinct CONCAT(goods_commonid)) AS nc_count FROM `zmkj_goods` WHERE ( gc_id_ = '2137' ) AND ( goods_state = '1' ) AND ( goods_verify = '1' ) LIMIT 1  
[2019-02-13 04:12:12] /shop/index.php?act=search&op=index&cate_id=2151 ( act=search&op=index ) 
ERR: Db Error: Unknown column 'gc_id_' in 'where clause'
SELECT count(distinct CONCAT(goods_commonid)) AS nc_count FROM `zmkj_goods` WHERE ( gc_id_ = '2151' ) AND ( goods_state = '1' ) AND ( goods_verify = '1' ) LIMIT 1  
[2019-02-13 04:12:13] /shop/index.php?act=search&op=index&cate_id=2184 ( act=search&op=index ) 
ERR: Db Error: Unknown column 'gc_id_' in 'where clause'
SELECT count(distinct CONCAT(goods_commonid)) AS nc_count FROM `zmkj_goods` WHERE ( gc_id_ = '2184' ) AND ( goods_state = '1' ) AND ( goods_verify = '1' ) LIMIT 1  
[2019-02-13 04:12:13] /shop/index.php?act=search&op=index&cate_id=2198 ( act=search&op=index ) 
ERR: Db Error: Unknown column 'gc_id_' in 'where clause'
SELECT count(distinct CONCAT(goods_commonid)) AS nc_count FROM `zmkj_goods` WHERE ( gc_id_ = '2198' ) AND ( goods_state = '1' ) AND ( goods_verify = '1' ) LIMIT 1  
[2019-02-13 04:12:28] /shop/index.php?act=search&op=index&cate_id=1582 ( act=search&op=index ) 
ERR: Db Error: Unknown column 'gc_id_' in 'where clause'
SELECT count(distinct CONCAT(goods_commonid)) AS nc_count FROM `zmkj_goods` WHERE ( gc_id_ = '1582' ) AND ( goods_state = '1' ) AND ( goods_verify = '1' ) LIMIT 1  
[2019-02-13 04:12:29] /shop/index.php?act=search&op=index&cate_id=1585 ( act=search&op=index ) 
ERR: Db Error: Unknown column 'gc_id_' in 'where clause'
SELECT count(distinct CONCAT(goods_commonid)) AS nc_count FROM `zmkj_goods` WHERE ( gc_id_ = '1585' ) AND ( goods_state = '1' ) AND ( goods_verify = '1' ) LIMIT 1  
[2019-02-13 04:12:30] /shop/index.php?act=search&op=index&cate_id=1589 ( act=search&op=index ) 
ERR: Db Error: Unknown column 'gc_id_' in 'where clause'
SELECT count(distinct CONCAT(goods_commonid)) AS nc_count FROM `zmkj_goods` WHERE ( gc_id_ = '1589' ) AND ( goods_state = '1' ) AND ( goods_verify = '1' ) LIMIT 1  
[2019-02-13 04:12:31] /shop/index.php?act=search&op=index&cate_id=1592 ( act=search&op=index ) 
ERR: Db Error: Unknown column 'gc_id_' in 'where clause'
SELECT count(distinct CONCAT(goods_commonid)) AS nc_count FROM `zmkj_goods` WHERE ( gc_id_ = '1592' ) AND ( goods_state = '1' ) AND ( goods_verify = '1' ) LIMIT 1  
[2019-02-13 04:12:33] /shop/index.php?act=search&op=index&cate_id=1599 ( act=search&op=index ) 
ERR: Db Error: Unknown column 'gc_id_' in 'where clause'
SELECT count(distinct CONCAT(goods_commonid)) AS nc_count FROM `zmkj_goods` WHERE ( gc_id_ = '1599' ) AND ( goods_state = '1' ) AND ( goods_verify = '1' ) LIMIT 1  
[2019-02-13 04:12:39] /shop/index.php?act=search&op=index&cate_id=1697 ( act=search&op=index ) 
ERR: Db Error: Unknown column 'gc_id_' in 'where clause'
SELECT count(distinct CONCAT(goods_commonid)) AS nc_count FROM `zmkj_goods` WHERE ( gc_id_ = '1697' ) AND ( goods_state = '1' ) AND ( goods_verify = '1' ) LIMIT 1  
[2019-02-13 04:12:46] /shop/index.php?act=search&op=index&cate_id=2144 ( act=search&op=index ) 
ERR: Db Error: Unknown column 'gc_id_' in 'where clause'
SELECT count(distinct CONCAT(goods_commonid)) AS nc_count FROM `zmkj_goods` WHERE ( gc_id_ = '2144' ) AND ( goods_state = '1' ) AND ( goods_verify = '1' ) LIMIT 1  
[2019-02-13 04:12:47] /shop/index.php?act=search&op=index&cate_id=2176 ( act=search&op=index ) 
ERR: Db Error: Unknown column 'gc_id_' in 'where clause'
SELECT count(distinct CONCAT(goods_commonid)) AS nc_count FROM `zmkj_goods` WHERE ( gc_id_ = '2176' ) AND ( goods_state = '1' ) AND ( goods_verify = '1' ) LIMIT 1  
[2019-02-13 04:12:48] /shop/index.php?act=search&op=index&cate_id=1576 ( act=search&op=index ) 
ERR: Db Error: Unknown column 'gc_id_' in 'where clause'
SELECT count(distinct CONCAT(goods_commonid)) AS nc_count FROM `zmkj_goods` WHERE ( gc_id_ = '1576' ) AND ( goods_state = '1' ) AND ( goods_verify = '1' ) LIMIT 1  
[2019-02-13 04:12:48] /shop/index.php?act=search&op=index&cate_id=2186 ( act=search&op=index ) 
ERR: Db Error: Unknown column 'gc_id_' in 'where clause'
SELECT count(distinct CONCAT(goods_commonid)) AS nc_count FROM `zmkj_goods` WHERE ( gc_id_ = '2186' ) AND ( goods_state = '1' ) AND ( goods_verify = '1' ) LIMIT 1  
[2019-02-13 04:12:50] /shop/index.php?act=search&op=index&cate_id=1586 ( act=search&op=index ) 
ERR: Db Error: Unknown column 'gc_id_' in 'where clause'
SELECT count(distinct CONCAT(goods_commonid)) AS nc_count FROM `zmkj_goods` WHERE ( gc_id_ = '1586' ) AND ( goods_state = '1' ) AND ( goods_verify = '1' ) LIMIT 1  
[2019-02-13 04:12:57] /shop/index.php?act=search&op=index&cate_id=2114 ( act=search&op=index ) 
ERR: Db Error: Unknown column 'gc_id_' in 'where clause'
SELECT count(distinct CONCAT(goods_commonid)) AS nc_count FROM `zmkj_goods` WHERE ( gc_id_ = '2114' ) AND ( goods_state = '1' ) AND ( goods_verify = '1' ) LIMIT 1  
[2019-02-13 04:12:59] /shop/index.php?act=search&op=index&cate_id=2131 ( act=search&op=index ) 
ERR: Db Error: Unknown column 'gc_id_' in 'where clause'
SELECT count(distinct CONCAT(goods_commonid)) AS nc_count FROM `zmkj_goods` WHERE ( gc_id_ = '2131' ) AND ( goods_state = '1' ) AND ( goods_verify = '1' ) LIMIT 1  
[2019-02-13 04:13:00] /shop/index.php?act=search&op=index&cate_id=2165 ( act=search&op=index ) 
ERR: Db Error: Unknown column 'gc_id_' in 'where clause'
SELECT count(distinct CONCAT(goods_commonid)) AS nc_count FROM `zmkj_goods` WHERE ( gc_id_ = '2165' ) AND ( goods_state = '1' ) AND ( goods_verify = '1' ) LIMIT 1  
[2019-02-13 04:13:01] /shop/index.php?act=search&op=index&cate_id=2169 ( act=search&op=index ) 
ERR: Db Error: Unknown column 'gc_id_' in 'where clause'
SELECT count(distinct CONCAT(goods_commonid)) AS nc_count FROM `zmkj_goods` WHERE ( gc_id_ = '2169' ) AND ( goods_state = '1' ) AND ( goods_verify = '1' ) LIMIT 1  
[2019-02-13 04:13:02] /shop/index.php?act=search&op=index&cate_id=2172 ( act=search&op=index ) 
ERR: Db Error: Unknown column 'gc_id_' in 'where clause'
SELECT count(distinct CONCAT(goods_commonid)) AS nc_count FROM `zmkj_goods` WHERE ( gc_id_ = '2172' ) AND ( goods_state = '1' ) AND ( goods_verify = '1' ) LIMIT 1  
[2019-02-13 05:14:16] /shop/index.php?act=goods&op=comments_list&goods_id=108477 ( act=goods&op=comments_list ) 
ERR: Db Error: Unknown column 'geval_image_again' in 'where clause'
SELECT COUNT(*) AS nc_count FROM `zmkj_evaluate_goods` WHERE ( geval_goodsid = '108477' ) AND ( (geval_image <> '') OR (geval_image_again <> '') ) LIMIT 1  
[2019-02-13 05:46:06] /shop/index.php?act=goods&op=comments_list&goods_id=107979 ( act=goods&op=comments_list ) 
ERR: Db Error: Unknown column 'geval_image_again' in 'where clause'
SELECT COUNT(*) AS nc_count FROM `zmkj_evaluate_goods` WHERE ( geval_goodsid = '107979' ) AND ( (geval_image <> '') OR (geval_image_again <> '') ) LIMIT 1  
[2019-02-13 06:53:43] /shop/index.php?act=goods&op=comments_list&goods_id=100067 ( act=goods&op=comments_list ) 
ERR: Db Error: Unknown column 'geval_image_again' in 'where clause'
SELECT COUNT(*) AS nc_count FROM `zmkj_evaluate_goods` WHERE ( geval_goodsid = '100067' ) AND ( (geval_image <> '') OR (geval_image_again <> '') ) LIMIT 1  
[2019-02-13 09:39:07] /shop/index.php?act=goods&op=comments_list&goods_id=108433 ( act=goods&op=comments_list ) 
ERR: Db Error: Unknown column 'geval_image_again' in 'where clause'
SELECT COUNT(*) AS nc_count FROM `zmkj_evaluate_goods` WHERE ( geval_goodsid = '108433' ) AND ( (geval_image <> '') OR (geval_image_again <> '') ) LIMIT 1  
[2019-02-13 13:32:45] /shop/index.php?act=goods&op=comments_list&goods_id=108481 ( act=goods&op=comments_list ) 
ERR: Db Error: Unknown column 'geval_image_again' in 'where clause'
SELECT COUNT(*) AS nc_count FROM `zmkj_evaluate_goods` WHERE ( geval_goodsid = '108481' ) AND ( (geval_image <> '') OR (geval_image_again <> '') ) LIMIT 1  
[2019-02-13 14:27:37] /shop/index.php?act=show_store'&op=goods_all'&store_id=51'&inkeyword='&key=1'&order=2'&curpage=78'" ( act=index&op=index ) 
ERR: Db Error: You have an error in your SQL syntax; check the manual that corresponds to your MySQL server version for the right syntax to use near '-6,6' at line 1
SELECT * FROM `zmkj_evaluate_goods` WHERE ( geval_goodsid <> NULL ) AND ( geval_goodsname <> NULL ) AND ( geval_ordergoodsid <> NULL ) ORDER BY geval_id desc LIMIT -6,6  
[2019-02-13 14:27:41] /shop/index.php?op=goods_all&store_id=51&inkeyword=&key=1&order=2&curpage=78&act=show_store2121121121212.1 ( act=index&op=goods_all ) 
ERR: Db Error: You have an error in your SQL syntax; check the manual that corresponds to your MySQL server version for the right syntax to use near '-6,6' at line 1
SELECT * FROM `zmkj_evaluate_goods` WHERE ( geval_goodsid <> NULL ) AND ( geval_goodsname <> NULL ) AND ( geval_ordergoodsid <> NULL ) ORDER BY geval_id desc LIMIT -6,6  
[2019-02-13 14:27:43] /shop/index.php?op=goods_all&store_id=51&inkeyword=&key=1&order=2&curpage=78&act=show_store%20and%201%3D1 ( act=index&op=goods_all ) 
ERR: Db Error: You have an error in your SQL syntax; check the manual that corresponds to your MySQL server version for the right syntax to use near '-6,6' at line 1
SELECT * FROM `zmkj_evaluate_goods` WHERE ( geval_goodsid <> NULL ) AND ( geval_goodsname <> NULL ) AND ( geval_ordergoodsid <> NULL ) ORDER BY geval_id desc LIMIT -6,6  
[2019-02-13 14:27:59] /shop/index.php?op=goods_all&store_id=51&inkeyword=&key=1&order=2&curpage=78&act=show_store%20and%201%3E1 ( act=index&op=goods_all ) 
ERR: Db Error: You have an error in your SQL syntax; check the manual that corresponds to your MySQL server version for the right syntax to use near '-6,6' at line 1
SELECT * FROM `zmkj_evaluate_goods` WHERE ( geval_goodsid <> NULL ) AND ( geval_goodsname <> NULL ) AND ( geval_ordergoodsid <> NULL ) ORDER BY geval_id desc LIMIT -6,6  
[2019-02-13 14:28:18] /shop/index.php?op=goods_all&store_id=51&inkeyword=&key=1&order=2&curpage=78&act=show_store and 1%3E1 ( act=index&op=goods_all ) 
ERR: Db Error: You have an error in your SQL syntax; check the manual that corresponds to your MySQL server version for the right syntax to use near '-6,6' at line 1
SELECT * FROM `zmkj_evaluate_goods` WHERE ( geval_goodsid <> NULL ) AND ( geval_goodsname <> NULL ) AND ( geval_ordergoodsid <> NULL ) ORDER BY geval_id desc LIMIT -6,6  
[2019-02-13 14:28:36] /shop/index.php?op=goods_all&store_id=51&inkeyword=&key=1&order=2&curpage=78&act=show_store%27%20and%20%27x%27%3D%27x ( act=index&op=goods_all ) 
ERR: Db Error: You have an error in your SQL syntax; check the manual that corresponds to your MySQL server version for the right syntax to use near '-6,6' at line 1
SELECT * FROM `zmkj_evaluate_goods` WHERE ( geval_goodsid <> NULL ) AND ( geval_goodsname <> NULL ) AND ( geval_ordergoodsid <> NULL ) ORDER BY geval_id desc LIMIT -6,6  
[2019-02-13 14:28:58] /shop/index.php?op=goods_all&store_id=51&inkeyword=&key=1&order=2&curpage=78&act=show_store%27 and %27x%27%3D%27x ( act=index&op=goods_all ) 
ERR: Db Error: You have an error in your SQL syntax; check the manual that corresponds to your MySQL server version for the right syntax to use near '-6,6' at line 1
SELECT * FROM `zmkj_evaluate_goods` WHERE ( geval_goodsid <> NULL ) AND ( geval_goodsname <> NULL ) AND ( geval_ordergoodsid <> NULL ) ORDER BY geval_id desc LIMIT -6,6  
[2019-02-13 14:29:17] /shop/index.php?op=goods_all&store_id=51&inkeyword=&key=1&order=2&curpage=78&act=show_store%27%20and%20%27x%27%3D%27y ( act=index&op=goods_all ) 
ERR: Db Error: You have an error in your SQL syntax; check the manual that corresponds to your MySQL server version for the right syntax to use near '-6,6' at line 1
SELECT * FROM `zmkj_evaluate_goods` WHERE ( geval_goodsid <> NULL ) AND ( geval_goodsname <> NULL ) AND ( geval_ordergoodsid <> NULL ) ORDER BY geval_id desc LIMIT -6,6  
[2019-02-13 14:29:23] /shop/index.php?op=goods_all&store_id=51&inkeyword=&key=1&order=2&curpage=78&act=show_store"%20and%20"x"%3D"x ( act=index&op=goods_all ) 
ERR: Db Error: You have an error in your SQL syntax; check the manual that corresponds to your MySQL server version for the right syntax to use near '-6,6' at line 1
SELECT * FROM `zmkj_evaluate_goods` WHERE ( geval_goodsid <> NULL ) AND ( geval_goodsname <> NULL ) AND ( geval_ordergoodsid <> NULL ) ORDER BY geval_id desc LIMIT -6,6  
[2019-02-13 14:29:27] /shop/index.php?op=goods_all&store_id=51&inkeyword=&key=1&order=2&curpage=78&act=show_store%22%20and%20%22x%22%3D%22y ( act=index&op=goods_all ) 
ERR: Db Error: You have an error in your SQL syntax; check the manual that corresponds to your MySQL server version for the right syntax to use near '-6,6' at line 1
SELECT * FROM `zmkj_evaluate_goods` WHERE ( geval_goodsid <> NULL ) AND ( geval_goodsname <> NULL ) AND ( geval_ordergoodsid <> NULL ) ORDER BY geval_id desc LIMIT -6,6  
[2019-02-13 14:29:33] /shop/index.php?op=goods_all&store_id=51&inkeyword=&key=1&order=2&curpage=78&act=show_store%20AND%201=1 ( act=index&op=goods_all ) 
ERR: Db Error: You have an error in your SQL syntax; check the manual that corresponds to your MySQL server version for the right syntax to use near '-6,6' at line 1
SELECT * FROM `zmkj_evaluate_goods` WHERE ( geval_goodsid <> NULL ) AND ( geval_goodsname <> NULL ) AND ( geval_ordergoodsid <> NULL ) ORDER BY geval_id desc LIMIT -6,6  
[2019-02-13 14:31:06] /shop/index.php?op=goods_all&store_id=51&inkeyword=&key=1&order=2&curpage=78&act=show_store%27%20AnD%20sLeep%283%29%20ANd%20%271 ( act=index&op=goods_all ) 
ERR: Db Error: You have an error in your SQL syntax; check the manual that corresponds to your MySQL server version for the right syntax to use near '-6,6' at line 1
SELECT * FROM `zmkj_evaluate_goods` WHERE ( geval_goodsid <> NULL ) AND ( geval_goodsname <> NULL ) AND ( geval_ordergoodsid <> NULL ) ORDER BY geval_id desc LIMIT -6,6  
[2019-02-13 14:31:10] /shop/index.php?op=goods_all&store_id=51&inkeyword=&key=1&order=2&curpage=78&act=show_store%27%26%26sLEEp%283%29%26%26%271 ( act=index&op=goods_all ) 
ERR: Db Error: You have an error in your SQL syntax; check the manual that corresponds to your MySQL server version for the right syntax to use near '-6,6' at line 1
SELECT * FROM `zmkj_evaluate_goods` WHERE ( geval_goodsid <> NULL ) AND ( geval_goodsname <> NULL ) AND ( geval_ordergoodsid <> NULL ) ORDER BY geval_id desc LIMIT -6,6  
[2019-02-13 14:31:10] /shop/index.php?op=goods_all&store_id=51&inkeyword=&key=1&order=2&curpage=78&act=show_store%00%27%7C%7CSLeeP%283%29%26%26%271 ( act=index&op=goods_all ) 
ERR: Db Error: You have an error in your SQL syntax; check the manual that corresponds to your MySQL server version for the right syntax to use near '-6,6' at line 1
SELECT * FROM `zmkj_evaluate_goods` WHERE ( geval_goodsid <> NULL ) AND ( geval_goodsname <> NULL ) AND ( geval_ordergoodsid <> NULL ) ORDER BY geval_id desc LIMIT -6,6  
[2019-02-13 14:31:11] /shop/index.php?op=goods_all&store_id=51&inkeyword=&key=1&order=2&curpage=78&act=show_store%27%20aND%20BeNChMaRK%282999999%2CMd5%28NoW%28%29%29%29%20AnD%20%271 ( act=index&op=goods_all ) 
ERR: Db Error: You have an error in your SQL syntax; check the manual that corresponds to your MySQL server version for the right syntax to use near '-6,6' at line 1
SELECT * FROM `zmkj_evaluate_goods` WHERE ( geval_goodsid <> NULL ) AND ( geval_goodsname <> NULL ) AND ( geval_ordergoodsid <> NULL ) ORDER BY geval_id desc LIMIT -6,6  
[2019-02-13 14:31:11] /shop/index.php?op=goods_all&store_id=51&inkeyword=&key=1&order=2&curpage=78&act=show_store%27%26%26BeNChMaRK%282999999%2CmD5%28NOW%28%29%29%29%26%26%271 ( act=index&op=goods_all ) 
ERR: Db Error: You have an error in your SQL syntax; check the manual that corresponds to your MySQL server version for the right syntax to use near '-6,6' at line 1
SELECT * FROM `zmkj_evaluate_goods` WHERE ( geval_goodsid <> NULL ) AND ( geval_goodsname <> NULL ) AND ( geval_ordergoodsid <> NULL ) ORDER BY geval_id desc LIMIT -6,6  
[2019-02-13 14:31:12] /shop/index.php?op=goods_all&store_id=51&inkeyword=&key=1&order=2&curpage=78&act=show_store%27%20AnD%20sLeep%283%29%20ANd%20%270%27%3D%270 ( act=index&op=goods_all ) 
ERR: Db Error: You have an error in your SQL syntax; check the manual that corresponds to your MySQL server version for the right syntax to use near '-6,6' at line 1
SELECT * FROM `zmkj_evaluate_goods` WHERE ( geval_goodsid <> NULL ) AND ( geval_goodsname <> NULL ) AND ( geval_ordergoodsid <> NULL ) ORDER BY geval_id desc LIMIT -6,6  
[2019-02-13 14:57:10] /shop/index.php?act=show_store'&op=goods_all'&store_id=51'&inkeyword='&key=1'&order=2'&curpage=78'" ( act=index&op=index ) 
ERR: Db Error: You have an error in your SQL syntax; check the manual that corresponds to your MySQL server version for the right syntax to use near '-6,6' at line 1
SELECT * FROM `zmkj_evaluate_goods` WHERE ( geval_goodsid <> NULL ) AND ( geval_goodsname <> NULL ) AND ( geval_ordergoodsid <> NULL ) ORDER BY geval_id desc LIMIT -6,6  
[2019-02-13 14:57:14] /shop/index.php?op=goods_all&store_id=51&inkeyword=&key=1&order=2&curpage=78&act=show_store2121121121212.1 ( act=index&op=goods_all ) 
ERR: Db Error: You have an error in your SQL syntax; check the manual that corresponds to your MySQL server version for the right syntax to use near '-6,6' at line 1
SELECT * FROM `zmkj_evaluate_goods` WHERE ( geval_goodsid <> NULL ) AND ( geval_goodsname <> NULL ) AND ( geval_ordergoodsid <> NULL ) ORDER BY geval_id desc LIMIT -6,6  
[2019-02-13 14:57:16] /shop/index.php?op=goods_all&store_id=51&inkeyword=&key=1&order=2&curpage=78&act=show_store%20and%201%3D1 ( act=index&op=goods_all ) 
ERR: Db Error: You have an error in your SQL syntax; check the manual that corresponds to your MySQL server version for the right syntax to use near '-6,6' at line 1
SELECT * FROM `zmkj_evaluate_goods` WHERE ( geval_goodsid <> NULL ) AND ( geval_goodsname <> NULL ) AND ( geval_ordergoodsid <> NULL ) ORDER BY geval_id desc LIMIT -6,6  
[2019-02-13 14:57:18] /shop/index.php?op=goods_all&store_id=51&inkeyword=&key=1&order=2&curpage=78&act=show_store%20and%201%3E1 ( act=index&op=goods_all ) 
ERR: Db Error: You have an error in your SQL syntax; check the manual that corresponds to your MySQL server version for the right syntax to use near '-6,6' at line 1
SELECT * FROM `zmkj_evaluate_goods` WHERE ( geval_goodsid <> NULL ) AND ( geval_goodsname <> NULL ) AND ( geval_ordergoodsid <> NULL ) ORDER BY geval_id desc LIMIT -6,6  
[2019-02-13 14:57:19] /shop/index.php?op=goods_all&store_id=51&inkeyword=&key=1&order=2&curpage=78&act=show_store%27%20and%20%27x%27%3D%27x ( act=index&op=goods_all ) 
ERR: Db Error: You have an error in your SQL syntax; check the manual that corresponds to your MySQL server version for the right syntax to use near '-6,6' at line 1
SELECT * FROM `zmkj_evaluate_goods` WHERE ( geval_goodsid <> NULL ) AND ( geval_goodsname <> NULL ) AND ( geval_ordergoodsid <> NULL ) ORDER BY geval_id desc LIMIT -6,6  
[2019-02-13 14:57:23] /shop/index.php?op=goods_all&store_id=51&inkeyword=&key=1&order=2&curpage=78&act=show_store%27%20and%20%27x%27%3D%27y ( act=index&op=goods_all ) 
ERR: Db Error: You have an error in your SQL syntax; check the manual that corresponds to your MySQL server version for the right syntax to use near '-6,6' at line 1
SELECT * FROM `zmkj_evaluate_goods` WHERE ( geval_goodsid <> NULL ) AND ( geval_goodsname <> NULL ) AND ( geval_ordergoodsid <> NULL ) ORDER BY geval_id desc LIMIT -6,6  
[2019-02-13 14:57:25] /shop/index.php?op=goods_all&store_id=51&inkeyword=&key=1&order=2&curpage=78&act=show_store"%20and%20"x"%3D"x ( act=index&op=goods_all ) 
ERR: Db Error: You have an error in your SQL syntax; check the manual that corresponds to your MySQL server version for the right syntax to use near '-6,6' at line 1
SELECT * FROM `zmkj_evaluate_goods` WHERE ( geval_goodsid <> NULL ) AND ( geval_goodsname <> NULL ) AND ( geval_ordergoodsid <> NULL ) ORDER BY geval_id desc LIMIT -6,6  
[2019-02-13 14:57:28] /shop/index.php?op=goods_all&store_id=51&inkeyword=&key=1&order=2&curpage=78&act=show_store%22%20and%20%22x%22%3D%22y ( act=index&op=goods_all ) 
ERR: Db Error: You have an error in your SQL syntax; check the manual that corresponds to your MySQL server version for the right syntax to use near '-6,6' at line 1
SELECT * FROM `zmkj_evaluate_goods` WHERE ( geval_goodsid <> NULL ) AND ( geval_goodsname <> NULL ) AND ( geval_ordergoodsid <> NULL ) ORDER BY geval_id desc LIMIT -6,6  
[2019-02-13 14:57:30] /shop/index.php?op=goods_all&store_id=51&inkeyword=&key=1&order=2&curpage=78&act=show_store%20AND%201=1 ( act=index&op=goods_all ) 
ERR: Db Error: You have an error in your SQL syntax; check the manual that corresponds to your MySQL server version for the right syntax to use near '-6,6' at line 1
SELECT * FROM `zmkj_evaluate_goods` WHERE ( geval_goodsid <> NULL ) AND ( geval_goodsname <> NULL ) AND ( geval_ordergoodsid <> NULL ) ORDER BY geval_id desc LIMIT -6,6  
[2019-02-13 14:59:07] /shop/index.php?op=goods_all&store_id=51&inkeyword=&key=1&order=2&curpage=78&act=show_store%27%20AnD%20sLeep%283%29%20ANd%20%271 ( act=index&op=goods_all ) 
ERR: Db Error: You have an error in your SQL syntax; check the manual that corresponds to your MySQL server version for the right syntax to use near '-6,6' at line 1
SELECT * FROM `zmkj_evaluate_goods` WHERE ( geval_goodsid <> NULL ) AND ( geval_goodsname <> NULL ) AND ( geval_ordergoodsid <> NULL ) ORDER BY geval_id desc LIMIT -6,6  
[2019-02-13 14:59:07] /shop/index.php?op=goods_all&store_id=51&inkeyword=&key=1&order=2&curpage=78&act=show_store%27%26%26sLEEp%283%29%26%26%271 ( act=index&op=goods_all ) 
ERR: Db Error: You have an error in your SQL syntax; check the manual that corresponds to your MySQL server version for the right syntax to use near '-6,6' at line 1
SELECT * FROM `zmkj_evaluate_goods` WHERE ( geval_goodsid <> NULL ) AND ( geval_goodsname <> NULL ) AND ( geval_ordergoodsid <> NULL ) ORDER BY geval_id desc LIMIT -6,6  
[2019-02-13 14:59:09] /shop/index.php?op=goods_all&store_id=51&inkeyword=&key=1&order=2&curpage=78&act=show_store%00%27%7C%7CSLeeP%283%29%26%26%271 ( act=index&op=goods_all ) 
ERR: Db Error: You have an error in your SQL syntax; check the manual that corresponds to your MySQL server version for the right syntax to use near '-6,6' at line 1
SELECT * FROM `zmkj_evaluate_goods` WHERE ( geval_goodsid <> NULL ) AND ( geval_goodsname <> NULL ) AND ( geval_ordergoodsid <> NULL ) ORDER BY geval_id desc LIMIT -6,6  
[2019-02-13 14:59:10] /shop/index.php?op=goods_all&store_id=51&inkeyword=&key=1&order=2&curpage=78&act=show_store%27%20aND%20BeNChMaRK%282999999%2CMd5%28NoW%28%29%29%29%20AnD%20%271 ( act=index&op=goods_all ) 
ERR: Db Error: You have an error in your SQL syntax; check the manual that corresponds to your MySQL server version for the right syntax to use near '-6,6' at line 1
SELECT * FROM `zmkj_evaluate_goods` WHERE ( geval_goodsid <> NULL ) AND ( geval_goodsname <> NULL ) AND ( geval_ordergoodsid <> NULL ) ORDER BY geval_id desc LIMIT -6,6  
[2019-02-13 14:59:10] /shop/index.php?op=goods_all&store_id=51&inkeyword=&key=1&order=2&curpage=78&act=show_store%27%26%26BeNChMaRK%282999999%2CmD5%28NOW%28%29%29%29%26%26%271 ( act=index&op=goods_all ) 
ERR: Db Error: You have an error in your SQL syntax; check the manual that corresponds to your MySQL server version for the right syntax to use near '-6,6' at line 1
SELECT * FROM `zmkj_evaluate_goods` WHERE ( geval_goodsid <> NULL ) AND ( geval_goodsname <> NULL ) AND ( geval_ordergoodsid <> NULL ) ORDER BY geval_id desc LIMIT -6,6  
[2019-02-13 14:59:11] /shop/index.php?op=goods_all&store_id=51&inkeyword=&key=1&order=2&curpage=78&act=show_store%27%20AnD%20sLeep%283%29%20ANd%20%270%27%3D%270 ( act=index&op=goods_all ) 
ERR: Db Error: You have an error in your SQL syntax; check the manual that corresponds to your MySQL server version for the right syntax to use near '-6,6' at line 1
SELECT * FROM `zmkj_evaluate_goods` WHERE ( geval_goodsid <> NULL ) AND ( geval_goodsname <> NULL ) AND ( geval_ordergoodsid <> NULL ) ORDER BY geval_id desc LIMIT -6,6  
[2019-02-13 16:11:40] /shop/index.php?act=goods&op=comments_list&goods_id=100061 ( act=goods&op=comments_list ) 
ERR: Db Error: Unknown column 'geval_image_again' in 'where clause'
SELECT COUNT(*) AS nc_count FROM `zmkj_evaluate_goods` WHERE ( geval_goodsid = '100061' ) AND ( (geval_image <> '') OR (geval_image_again <> '') ) LIMIT 1  
[2019-02-13 16:22:00] /shop/index.php?act=goods&op=comments_list&goods_id=105185 ( act=goods&op=comments_list ) 
ERR: Db Error: Unknown column 'geval_image_again' in 'where clause'
SELECT COUNT(*) AS nc_count FROM `zmkj_evaluate_goods` WHERE ( geval_goodsid = '105185' ) AND ( (geval_image <> '') OR (geval_image_again <> '') ) LIMIT 1  
[2019-02-13 16:30:58] /shop/index.php?act=show_store'&op=goods_all'&store_id=51'&inkeyword='&key=1'&order=2'&curpage=78'" ( act=index&op=index ) 
ERR: Db Error: You have an error in your SQL syntax; check the manual that corresponds to your MySQL server version for the right syntax to use near '-6,6' at line 1
SELECT * FROM `zmkj_evaluate_goods` WHERE ( geval_goodsid <> NULL ) AND ( geval_goodsname <> NULL ) AND ( geval_ordergoodsid <> NULL ) ORDER BY geval_id desc LIMIT -6,6  
[2019-02-13 16:31:02] /shop/index.php?op=goods_all&store_id=51&inkeyword=&key=1&order=2&curpage=78&act=show_store2121121121212.1 ( act=index&op=goods_all ) 
ERR: Db Error: You have an error in your SQL syntax; check the manual that corresponds to your MySQL server version for the right syntax to use near '-6,6' at line 1
SELECT * FROM `zmkj_evaluate_goods` WHERE ( geval_goodsid <> NULL ) AND ( geval_goodsname <> NULL ) AND ( geval_ordergoodsid <> NULL ) ORDER BY geval_id desc LIMIT -6,6  
[2019-02-13 16:31:08] /shop/index.php?op=goods_all&store_id=51&inkeyword=&key=1&order=2&curpage=78&act=show_store%20and%201%3D1 ( act=index&op=goods_all ) 
ERR: Db Error: You have an error in your SQL syntax; check the manual that corresponds to your MySQL server version for the right syntax to use near '-6,6' at line 1
SELECT * FROM `zmkj_evaluate_goods` WHERE ( geval_goodsid <> NULL ) AND ( geval_goodsname <> NULL ) AND ( geval_ordergoodsid <> NULL ) ORDER BY geval_id desc LIMIT -6,6  
[2019-02-13 16:31:11] /shop/index.php?op=goods_all&store_id=51&inkeyword=&key=1&order=2&curpage=78&act=show_store%20and%201%3E1 ( act=index&op=goods_all ) 
ERR: Db Error: You have an error in your SQL syntax; check the manual that corresponds to your MySQL server version for the right syntax to use near '-6,6' at line 1
SELECT * FROM `zmkj_evaluate_goods` WHERE ( geval_goodsid <> NULL ) AND ( geval_goodsname <> NULL ) AND ( geval_ordergoodsid <> NULL ) ORDER BY geval_id desc LIMIT -6,6  
[2019-02-13 16:31:13] /shop/index.php?op=goods_all&store_id=51&inkeyword=&key=1&order=2&curpage=78&act=show_store%27%20and%20%27x%27%3D%27x ( act=index&op=goods_all ) 
ERR: Db Error: You have an error in your SQL syntax; check the manual that corresponds to your MySQL server version for the right syntax to use near '-6,6' at line 1
SELECT * FROM `zmkj_evaluate_goods` WHERE ( geval_goodsid <> NULL ) AND ( geval_goodsname <> NULL ) AND ( geval_ordergoodsid <> NULL ) ORDER BY geval_id desc LIMIT -6,6  
[2019-02-13 16:31:15] /shop/index.php?op=goods_all&store_id=51&inkeyword=&key=1&order=2&curpage=78&act=show_store%27%20and%20%27x%27%3D%27y ( act=index&op=goods_all ) 
ERR: Db Error: You have an error in your SQL syntax; check the manual that corresponds to your MySQL server version for the right syntax to use near '-6,6' at line 1
SELECT * FROM `zmkj_evaluate_goods` WHERE ( geval_goodsid <> NULL ) AND ( geval_goodsname <> NULL ) AND ( geval_ordergoodsid <> NULL ) ORDER BY geval_id desc LIMIT -6,6  
[2019-02-13 16:31:17] /shop/index.php?op=goods_all&store_id=51&inkeyword=&key=1&order=2&curpage=78&act=show_store"%20and%20"x"%3D"x ( act=index&op=goods_all ) 
ERR: Db Error: You have an error in your SQL syntax; check the manual that corresponds to your MySQL server version for the right syntax to use near '-6,6' at line 1
SELECT * FROM `zmkj_evaluate_goods` WHERE ( geval_goodsid <> NULL ) AND ( geval_goodsname <> NULL ) AND ( geval_ordergoodsid <> NULL ) ORDER BY geval_id desc LIMIT -6,6  
[2019-02-13 16:31:21] /shop/index.php?op=goods_all&store_id=51&inkeyword=&key=1&order=2&curpage=78&act=show_store%22%20and%20%22x%22%3D%22y ( act=index&op=goods_all ) 
ERR: Db Error: You have an error in your SQL syntax; check the manual that corresponds to your MySQL server version for the right syntax to use near '-6,6' at line 1
SELECT * FROM `zmkj_evaluate_goods` WHERE ( geval_goodsid <> NULL ) AND ( geval_goodsname <> NULL ) AND ( geval_ordergoodsid <> NULL ) ORDER BY geval_id desc LIMIT -6,6  
[2019-02-13 16:31:23] /shop/index.php?op=goods_all&store_id=51&inkeyword=&key=1&order=2&curpage=78&act=show_store%20AND%201=1 ( act=index&op=goods_all ) 
ERR: Db Error: You have an error in your SQL syntax; check the manual that corresponds to your MySQL server version for the right syntax to use near '-6,6' at line 1
SELECT * FROM `zmkj_evaluate_goods` WHERE ( geval_goodsid <> NULL ) AND ( geval_goodsname <> NULL ) AND ( geval_ordergoodsid <> NULL ) ORDER BY geval_id desc LIMIT -6,6  
[2019-02-13 16:33:27] /shop/index.php?op=goods_all&store_id=51&inkeyword=&key=1&order=2&curpage=78&act=show_store%27%20AnD%20sLeep%283%29%20ANd%20%271 ( act=index&op=goods_all ) 
ERR: Db Error: You have an error in your SQL syntax; check the manual that corresponds to your MySQL server version for the right syntax to use near '-6,6' at line 1
SELECT * FROM `zmkj_evaluate_goods` WHERE ( geval_goodsid <> NULL ) AND ( geval_goodsname <> NULL ) AND ( geval_ordergoodsid <> NULL ) ORDER BY geval_id desc LIMIT -6,6  
[2019-02-13 16:33:28] /shop/index.php?op=goods_all&store_id=51&inkeyword=&key=1&order=2&curpage=78&act=show_store%27%26%26sLEEp%283%29%26%26%271 ( act=index&op=goods_all ) 
ERR: Db Error: You have an error in your SQL syntax; check the manual that corresponds to your MySQL server version for the right syntax to use near '-6,6' at line 1
SELECT * FROM `zmkj_evaluate_goods` WHERE ( geval_goodsid <> NULL ) AND ( geval_goodsname <> NULL ) AND ( geval_ordergoodsid <> NULL ) ORDER BY geval_id desc LIMIT -6,6  
[2019-02-13 16:33:29] /shop/index.php?op=goods_all&store_id=51&inkeyword=&key=1&order=2&curpage=78&act=show_store%00%27%7C%7CSLeeP%283%29%26%26%271 ( act=index&op=goods_all ) 
ERR: Db Error: You have an error in your SQL syntax; check the manual that corresponds to your MySQL server version for the right syntax to use near '-6,6' at line 1
SELECT * FROM `zmkj_evaluate_goods` WHERE ( geval_goodsid <> NULL ) AND ( geval_goodsname <> NULL ) AND ( geval_ordergoodsid <> NULL ) ORDER BY geval_id desc LIMIT -6,6  
[2019-02-13 16:33:30] /shop/index.php?op=goods_all&store_id=51&inkeyword=&key=1&order=2&curpage=78&act=show_store%27%20aND%20BeNChMaRK%282999999%2CMd5%28NoW%28%29%29%29%20AnD%20%271 ( act=index&op=goods_all ) 
ERR: Db Error: You have an error in your SQL syntax; check the manual that corresponds to your MySQL server version for the right syntax to use near '-6,6' at line 1
SELECT * FROM `zmkj_evaluate_goods` WHERE ( geval_goodsid <> NULL ) AND ( geval_goodsname <> NULL ) AND ( geval_ordergoodsid <> NULL ) ORDER BY geval_id desc LIMIT -6,6  
[2019-02-13 16:33:30] /shop/index.php?op=goods_all&store_id=51&inkeyword=&key=1&order=2&curpage=78&act=show_store%27%26%26BeNChMaRK%282999999%2CmD5%28NOW%28%29%29%29%26%26%271 ( act=index&op=goods_all ) 
ERR: Db Error: You have an error in your SQL syntax; check the manual that corresponds to your MySQL server version for the right syntax to use near '-6,6' at line 1
SELECT * FROM `zmkj_evaluate_goods` WHERE ( geval_goodsid <> NULL ) AND ( geval_goodsname <> NULL ) AND ( geval_ordergoodsid <> NULL ) ORDER BY geval_id desc LIMIT -6,6  
[2019-02-13 16:33:31] /shop/index.php?op=goods_all&store_id=51&inkeyword=&key=1&order=2&curpage=78&act=show_store%27%20AnD%20sLeep%283%29%20ANd%20%270%27%3D%270 ( act=index&op=goods_all ) 
ERR: Db Error: You have an error in your SQL syntax; check the manual that corresponds to your MySQL server version for the right syntax to use near '-6,6' at line 1
SELECT * FROM `zmkj_evaluate_goods` WHERE ( geval_goodsid <> NULL ) AND ( geval_goodsname <> NULL ) AND ( geval_ordergoodsid <> NULL ) ORDER BY geval_id desc LIMIT -6,6  
[2019-02-13 17:01:52] /shop/index.php?act=show_store'&op=goods_all'&store_id=51'&inkeyword='&key=1'&order=2'&curpage=78'" ( act=index&op=index ) 
ERR: Db Error: You have an error in your SQL syntax; check the manual that corresponds to your MySQL server version for the right syntax to use near '-6,6' at line 1
SELECT * FROM `zmkj_evaluate_goods` WHERE ( geval_goodsid <> NULL ) AND ( geval_goodsname <> NULL ) AND ( geval_ordergoodsid <> NULL ) ORDER BY geval_id desc LIMIT -6,6  
[2019-02-13 17:01:58] /shop/index.php?op=goods_all&store_id=51&inkeyword=&key=1&order=2&curpage=78&act=show_store2121121121212.1 ( act=index&op=goods_all ) 
ERR: Db Error: You have an error in your SQL syntax; check the manual that corresponds to your MySQL server version for the right syntax to use near '-6,6' at line 1
SELECT * FROM `zmkj_evaluate_goods` WHERE ( geval_goodsid <> NULL ) AND ( geval_goodsname <> NULL ) AND ( geval_ordergoodsid <> NULL ) ORDER BY geval_id desc LIMIT -6,6  
[2019-02-13 17:02:00] /shop/index.php?op=goods_all&store_id=51&inkeyword=&key=1&order=2&curpage=78&act=show_store%20and%201%3D1 ( act=index&op=goods_all ) 
ERR: Db Error: You have an error in your SQL syntax; check the manual that corresponds to your MySQL server version for the right syntax to use near '-6,6' at line 1
SELECT * FROM `zmkj_evaluate_goods` WHERE ( geval_goodsid <> NULL ) AND ( geval_goodsname <> NULL ) AND ( geval_ordergoodsid <> NULL ) ORDER BY geval_id desc LIMIT -6,6  
[2019-02-13 17:02:02] /shop/index.php?op=goods_all&store_id=51&inkeyword=&key=1&order=2&curpage=78&act=show_store%20and%201%3E1 ( act=index&op=goods_all ) 
ERR: Db Error: You have an error in your SQL syntax; check the manual that corresponds to your MySQL server version for the right syntax to use near '-6,6' at line 1
SELECT * FROM `zmkj_evaluate_goods` WHERE ( geval_goodsid <> NULL ) AND ( geval_goodsname <> NULL ) AND ( geval_ordergoodsid <> NULL ) ORDER BY geval_id desc LIMIT -6,6  
[2019-02-13 17:02:04] /shop/index.php?op=goods_all&store_id=51&inkeyword=&key=1&order=2&curpage=78&act=show_store%27%20and%20%27x%27%3D%27x ( act=index&op=goods_all ) 
ERR: Db Error: You have an error in your SQL syntax; check the manual that corresponds to your MySQL server version for the right syntax to use near '-6,6' at line 1
SELECT * FROM `zmkj_evaluate_goods` WHERE ( geval_goodsid <> NULL ) AND ( geval_goodsname <> NULL ) AND ( geval_ordergoodsid <> NULL ) ORDER BY geval_id desc LIMIT -6,6  
[2019-02-13 17:02:06] /shop/index.php?op=goods_all&store_id=51&inkeyword=&key=1&order=2&curpage=78&act=show_store%27%20and%20%27x%27%3D%27y ( act=index&op=goods_all ) 
ERR: Db Error: You have an error in your SQL syntax; check the manual that corresponds to your MySQL server version for the right syntax to use near '-6,6' at line 1
SELECT * FROM `zmkj_evaluate_goods` WHERE ( geval_goodsid <> NULL ) AND ( geval_goodsname <> NULL ) AND ( geval_ordergoodsid <> NULL ) ORDER BY geval_id desc LIMIT -6,6  
[2019-02-13 17:02:08] /shop/index.php?op=goods_all&store_id=51&inkeyword=&key=1&order=2&curpage=78&act=show_store"%20and%20"x"%3D"x ( act=index&op=goods_all ) 
ERR: Db Error: You have an error in your SQL syntax; check the manual that corresponds to your MySQL server version for the right syntax to use near '-6,6' at line 1
SELECT * FROM `zmkj_evaluate_goods` WHERE ( geval_goodsid <> NULL ) AND ( geval_goodsname <> NULL ) AND ( geval_ordergoodsid <> NULL ) ORDER BY geval_id desc LIMIT -6,6  
[2019-02-13 17:02:09] /shop/index.php?op=goods_all&store_id=51&inkeyword=&key=1&order=2&curpage=78&act=show_store%22%20and%20%22x%22%3D%22y ( act=index&op=goods_all ) 
ERR: Db Error: You have an error in your SQL syntax; check the manual that corresponds to your MySQL server version for the right syntax to use near '-6,6' at line 1
SELECT * FROM `zmkj_evaluate_goods` WHERE ( geval_goodsid <> NULL ) AND ( geval_goodsname <> NULL ) AND ( geval_ordergoodsid <> NULL ) ORDER BY geval_id desc LIMIT -6,6  
[2019-02-13 17:02:12] /shop/index.php?op=goods_all&store_id=51&inkeyword=&key=1&order=2&curpage=78&act=show_store%20AND%201=1 ( act=index&op=goods_all ) 
ERR: Db Error: You have an error in your SQL syntax; check the manual that corresponds to your MySQL server version for the right syntax to use near '-6,6' at line 1
SELECT * FROM `zmkj_evaluate_goods` WHERE ( geval_goodsid <> NULL ) AND ( geval_goodsname <> NULL ) AND ( geval_ordergoodsid <> NULL ) ORDER BY geval_id desc LIMIT -6,6  
[2019-02-13 17:03:23] /shop/index.php?op=goods_all&store_id=51&inkeyword=&key=1&order=2&curpage=78&act=show_store%27%20AnD%20sLeep%283%29%20ANd%20%271 ( act=index&op=goods_all ) 
ERR: Db Error: You have an error in your SQL syntax; check the manual that corresponds to your MySQL server version for the right syntax to use near '-6,6' at line 1
SELECT * FROM `zmkj_evaluate_goods` WHERE ( geval_goodsid <> NULL ) AND ( geval_goodsname <> NULL ) AND ( geval_ordergoodsid <> NULL ) ORDER BY geval_id desc LIMIT -6,6  
[2019-02-13 17:03:27] /shop/index.php?op=goods_all&store_id=51&inkeyword=&key=1&order=2&curpage=78&act=show_store%27%26%26sLEEp%283%29%26%26%271 ( act=index&op=goods_all ) 
ERR: Db Error: You have an error in your SQL syntax; check the manual that corresponds to your MySQL server version for the right syntax to use near '-6,6' at line 1
SELECT * FROM `zmkj_evaluate_goods` WHERE ( geval_goodsid <> NULL ) AND ( geval_goodsname <> NULL ) AND ( geval_ordergoodsid <> NULL ) ORDER BY geval_id desc LIMIT -6,6  
[2019-02-13 17:03:29] /shop/index.php?op=goods_all&store_id=51&inkeyword=&key=1&order=2&curpage=78&act=show_store%00%27%7C%7CSLeeP%283%29%26%26%271 ( act=index&op=goods_all ) 
ERR: Db Error: You have an error in your SQL syntax; check the manual that corresponds to your MySQL server version for the right syntax to use near '-6,6' at line 1
SELECT * FROM `zmkj_evaluate_goods` WHERE ( geval_goodsid <> NULL ) AND ( geval_goodsname <> NULL ) AND ( geval_ordergoodsid <> NULL ) ORDER BY geval_id desc LIMIT -6,6  
[2019-02-13 17:03:30] /shop/index.php?op=goods_all&store_id=51&inkeyword=&key=1&order=2&curpage=78&act=show_store%27%20aND%20BeNChMaRK%282999999%2CMd5%28NoW%28%29%29%29%20AnD%20%271 ( act=index&op=goods_all ) 
ERR: Db Error: You have an error in your SQL syntax; check the manual that corresponds to your MySQL server version for the right syntax to use near '-6,6' at line 1
SELECT * FROM `zmkj_evaluate_goods` WHERE ( geval_goodsid <> NULL ) AND ( geval_goodsname <> NULL ) AND ( geval_ordergoodsid <> NULL ) ORDER BY geval_id desc LIMIT -6,6  
[2019-02-13 17:03:31] /shop/index.php?op=goods_all&store_id=51&inkeyword=&key=1&order=2&curpage=78&act=show_store%27%26%26BeNChMaRK%282999999%2CmD5%28NOW%28%29%29%29%26%26%271 ( act=index&op=goods_all ) 
ERR: Db Error: You have an error in your SQL syntax; check the manual that corresponds to your MySQL server version for the right syntax to use near '-6,6' at line 1
SELECT * FROM `zmkj_evaluate_goods` WHERE ( geval_goodsid <> NULL ) AND ( geval_goodsname <> NULL ) AND ( geval_ordergoodsid <> NULL ) ORDER BY geval_id desc LIMIT -6,6  
[2019-02-13 17:03:33] /shop/index.php?op=goods_all&store_id=51&inkeyword=&key=1&order=2&curpage=78&act=show_store%27%20AnD%20sLeep%283%29%20ANd%20%270%27%3D%270 ( act=index&op=goods_all ) 
ERR: Db Error: You have an error in your SQL syntax; check the manual that corresponds to your MySQL server version for the right syntax to use near '-6,6' at line 1
SELECT * FROM `zmkj_evaluate_goods` WHERE ( geval_goodsid <> NULL ) AND ( geval_goodsname <> NULL ) AND ( geval_ordergoodsid <> NULL ) ORDER BY geval_id desc LIMIT -6,6  
[2019-02-13 17:25:44] /shop/index.php?act=goods&op=comments_list&goods_id=107195&type=1 ( act=goods&op=comments_list ) 
ERR: Db Error: Unknown column 'geval_image_again' in 'where clause'
SELECT COUNT(*) AS nc_count FROM `zmkj_evaluate_goods` WHERE ( geval_goodsid = '107195' ) AND ( (geval_image <> '') OR (geval_image_again <> '') ) LIMIT 1  
[2019-02-13 17:28:43] /shop/index.php?act=goods&op=comments_list&goods_id=108438 ( act=goods&op=comments_list ) 
ERR: Db Error: Unknown column 'geval_image_again' in 'where clause'
SELECT COUNT(*) AS nc_count FROM `zmkj_evaluate_goods` WHERE ( geval_goodsid = '108438' ) AND ( (geval_image <> '') OR (geval_image_again <> '') ) LIMIT 1  
[2019-02-13 17:39:48] /shop/index.php?act=hot_sale&op=index ( act=hot_sale&op=index ) 
ERR: Db Error: You have an error in your SQL syntax; check the manual that corresponds to your MySQL server version for the right syntax to use near ') and goods_state=1' at line 1
select * from zmkj_goods where goods_id in () and goods_state=1
[2019-02-13 17:39:48] /shop/index.php?act=hot_sale&op=index ( act=hot_sale&op=index ) 
ERR: Db Error: You have an error in your SQL syntax; check the manual that corresponds to your MySQL server version for the right syntax to use near '' at line 1
select `member_id` from zmkj_store where store_id = 
[2019-02-13 17:42:28] /shop/index.php?act=hot_sale&op=index ( act=hot_sale&op=index ) 
ERR: Db Error: You have an error in your SQL syntax; check the manual that corresponds to your MySQL server version for the right syntax to use near ') and goods_state=1' at line 1
select * from zmkj_goods where goods_id in () and goods_state=1
[2019-02-13 17:42:28] /shop/index.php?act=hot_sale&op=index ( act=hot_sale&op=index ) 
ERR: Db Error: You have an error in your SQL syntax; check the manual that corresponds to your MySQL server version for the right syntax to use near '' at line 1
select `member_id` from zmkj_store where store_id = 
[2019-02-13 17:45:08] /shop/index.php?act=goods&op=comments_list&goods_id=100064 ( act=goods&op=comments_list ) 
ERR: Db Error: Unknown column 'geval_image_again' in 'where clause'
SELECT COUNT(*) AS nc_count FROM `zmkj_evaluate_goods` WHERE ( geval_goodsid = '100064' ) AND ( (geval_image <> '') OR (geval_image_again <> '') ) LIMIT 1  
[2019-02-13 17:52:30] /shop/index.php?act=hot_sale&op=index ( act=hot_sale&op=index ) 
ERR: Db Error: You have an error in your SQL syntax; check the manual that corresponds to your MySQL server version for the right syntax to use near ') and goods_state=1' at line 1
select * from zmkj_goods where goods_id in () and goods_state=1
[2019-02-13 17:52:30] /shop/index.php?act=hot_sale&op=index ( act=hot_sale&op=index ) 
ERR: Db Error: You have an error in your SQL syntax; check the manual that corresponds to your MySQL server version for the right syntax to use near '' at line 1
select `member_id` from zmkj_store where store_id = 
[2019-02-13 17:53:00] /shop/index.php?act=hot_sale&op=index ( act=hot_sale&op=index ) 
ERR: Db Error: You have an error in your SQL syntax; check the manual that corresponds to your MySQL server version for the right syntax to use near ') and goods_state=1' at line 1
select * from zmkj_goods where goods_id in () and goods_state=1
[2019-02-13 17:53:00] /shop/index.php?act=hot_sale&op=index ( act=hot_sale&op=index ) 
ERR: Db Error: You have an error in your SQL syntax; check the manual that corresponds to your MySQL server version for the right syntax to use near '' at line 1
select `member_id` from zmkj_store where store_id = 
[2019-02-13 18:03:02] /shop/index.php?act=goods&op=comments_list&goods_id=100060 ( act=goods&op=comments_list ) 
ERR: Db Error: Unknown column 'geval_image_again' in 'where clause'
SELECT COUNT(*) AS nc_count FROM `zmkj_evaluate_goods` WHERE ( geval_goodsid = '100060' ) AND ( (geval_image <> '') OR (geval_image_again <> '') ) LIMIT 1  
[2019-02-13 18:07:31] /shop/index.php?act=goods&op=comments_list&goods_id=100066 ( act=goods&op=comments_list ) 
ERR: Db Error: Unknown column 'geval_image_again' in 'where clause'
SELECT COUNT(*) AS nc_count FROM `zmkj_evaluate_goods` WHERE ( geval_goodsid = '100066' ) AND ( (geval_image <> '') OR (geval_image_again <> '') ) LIMIT 1  
[2019-02-13 20:17:15] /shop/index.php?act=search&op=index&cate_id=1569 ( act=search&op=index ) 
ERR: Db Error: Unknown column 'gc_id_' in 'where clause'
SELECT count(distinct CONCAT(goods_commonid)) AS nc_count FROM `zmkj_goods` WHERE ( gc_id_ = '1569' ) AND ( goods_state = '1' ) AND ( goods_verify = '1' ) LIMIT 1  
[2019-02-13 21:25:30] /shop/index.php?act=goods&goods_id=100602&op=comments_list&type=2 ( act=goods&op=comments_list ) 
ERR: Db Error: Unknown column 'geval_image_again' in 'where clause'
SELECT COUNT(*) AS nc_count FROM `zmkj_evaluate_goods` WHERE ( geval_goodsid = '100602' ) AND ( (geval_image <> '') OR (geval_image_again <> '') ) LIMIT 1  
[2019-02-13 21:25:32] /shop/index.php?act=goods&goods_id=103047&op=comments_list ( act=goods&op=comments_list ) 
ERR: Db Error: Unknown column 'geval_image_again' in 'where clause'
SELECT COUNT(*) AS nc_count FROM `zmkj_evaluate_goods` WHERE ( geval_goodsid = '103047' ) AND ( (geval_image <> '') OR (geval_image_again <> '') ) LIMIT 1  
[2019-02-13 21:25:32] /shop/index.php?act=goods&goods_id=101812&op=comments_list ( act=goods&op=comments_list ) 
ERR: Db Error: Unknown column 'geval_image_again' in 'where clause'
SELECT COUNT(*) AS nc_count FROM `zmkj_evaluate_goods` WHERE ( geval_goodsid = '101812' ) AND ( (geval_image <> '') OR (geval_image_again <> '') ) LIMIT 1  
[2019-02-13 21:25:35] /shop/index.php?act=goods&goods_id=103280&op=comments_list ( act=goods&op=comments_list ) 
ERR: Db Error: Unknown column 'geval_image_again' in 'where clause'
SELECT COUNT(*) AS nc_count FROM `zmkj_evaluate_goods` WHERE ( geval_goodsid = '103280' ) AND ( (geval_image <> '') OR (geval_image_again <> '') ) LIMIT 1  
[2019-02-13 21:25:40] /shop/index.php?act=goods&goods_id=101913&op=comments_list ( act=goods&op=comments_list ) 
ERR: Db Error: Unknown column 'geval_image_again' in 'where clause'
SELECT COUNT(*) AS nc_count FROM `zmkj_evaluate_goods` WHERE ( geval_goodsid = '101913' ) AND ( (geval_image <> '') OR (geval_image_again <> '') ) LIMIT 1  
