[2019-07-29 01:15:06] /shop/index.php?act=goods&op=comments_list&goods_id=109749&type=2 ( act=goods&op=comments_list ) 
ERR: Db Error: Unknown column 'geval_image_again' in 'where clause'
SELECT COUNT(*) AS nc_count FROM `zmkj_evaluate_goods` WHERE ( geval_goodsid = '109749' ) AND ( (geval_image <> '') OR (geval_image_again <> '') ) LIMIT 1  
[2019-07-29 02:26:02] /shop/index.php?act=goods&op=comments_list&goods_id=110332 ( act=goods&op=comments_list ) 
ERR: Db Error: Unknown column 'geval_image_again' in 'where clause'
SELECT COUNT(*) AS nc_count FROM `zmkj_evaluate_goods` WHERE ( geval_goodsid = '110332' ) AND ( (geval_image <> '') OR (geval_image_again <> '') ) LIMIT 1  
[2019-07-29 05:42:58] /shop/index.php?act=goods&op=comments_list&goods_id=109694&type=3 ( act=goods&op=comments_list ) 
ERR: Db Error: Unknown column 'geval_image_again' in 'where clause'
SELECT COUNT(*) AS nc_count FROM `zmkj_evaluate_goods` WHERE ( geval_goodsid = '109694' ) AND ( (geval_image <> '') OR (geval_image_again <> '') ) LIMIT 1  
[2019-07-29 08:39:51] /shop/index.php?act=goods&op=comments_list&goods_id=110663 ( act=goods&op=comments_list ) 
ERR: Db Error: Unknown column 'geval_image_again' in 'where clause'
SELECT COUNT(*) AS nc_count FROM `zmkj_evaluate_goods` WHERE ( geval_goodsid = '110663' ) AND ( (geval_image <> '') OR (geval_image_again <> '') ) LIMIT 1  
[2019-07-29 08:49:22] /shop/index.php?act=goods&op=comments_list&goods_id=107474 ( act=goods&op=comments_list ) 
ERR: Db Error: Unknown column 'geval_image_again' in 'where clause'
SELECT COUNT(*) AS nc_count FROM `zmkj_evaluate_goods` WHERE ( geval_goodsid = '107474' ) AND ( (geval_image <> '') OR (geval_image_again <> '') ) LIMIT 1  
[2019-07-29 09:26:55] /shop/index.php?act=goods&op=comments_list&goods_id=110288 ( act=goods&op=comments_list ) 
ERR: Db Error: Unknown column 'geval_image_again' in 'where clause'
SELECT COUNT(*) AS nc_count FROM `zmkj_evaluate_goods` WHERE ( geval_goodsid = '110288' ) AND ( (geval_image <> '') OR (geval_image_again <> '') ) LIMIT 1  
[2019-07-29 09:30:44] /shop/index.php?act=goods&op=comments_list&goods_id=109026&type=1 ( act=goods&op=comments_list ) 
ERR: Db Error: Unknown column 'geval_image_again' in 'where clause'
SELECT COUNT(*) AS nc_count FROM `zmkj_evaluate_goods` WHERE ( geval_goodsid = '109026' ) AND ( (geval_image <> '') OR (geval_image_again <> '') ) LIMIT 1  
[2019-07-29 16:17:57] /admin/index.php?act=goods_orm&op=edit&id=2139 ( act=goods_orm&op=edit ) 
ERR: Db Error: Unknown column 'goods_id' in 'field list'
select goods_id from zmkj_goods_orm where productId='5c26a488-d985-492d-bb4c-4e4b4fc64fb2 and id !=2139'
