[2019-02-27 03:25:36] /shop/index.php?act=goods&op=comments_list&goods_id=108543 ( act=goods&op=comments_list ) 
ERR: Db Error: Unknown column 'geval_image_again' in 'where clause'
SELECT COUNT(*) AS nc_count FROM `zmkj_evaluate_goods` WHERE ( geval_goodsid = '108543' ) AND ( (geval_image <> '') OR (geval_image_again <> '') ) LIMIT 1  
[2019-02-27 03:26:04] /shop/index.php?act=goods&op=comments_list&goods_id=103806&type=1 ( act=goods&op=comments_list ) 
ERR: Db Error: Unknown column 'geval_image_again' in 'where clause'
SELECT COUNT(*) AS nc_count FROM `zmkj_evaluate_goods` WHERE ( geval_goodsid = '103806' ) AND ( (geval_image <> '') OR (geval_image_again <> '') ) LIMIT 1  
[2019-02-27 04:25:42] /shop/index.php?act=goods&op=comments_list&goods_id=105889 ( act=goods&op=comments_list ) 
ERR: Db Error: Unknown column 'geval_image_again' in 'where clause'
SELECT COUNT(*) AS nc_count FROM `zmkj_evaluate_goods` WHERE ( geval_goodsid = '105889' ) AND ( (geval_image <> '') OR (geval_image_again <> '') ) LIMIT 1  
[2019-02-27 06:35:11] /shop/index.php?act=goods&op=comments_list&goods_id=108550 ( act=goods&op=comments_list ) 
ERR: Db Error: Unknown column 'geval_image_again' in 'where clause'
SELECT COUNT(*) AS nc_count FROM `zmkj_evaluate_goods` WHERE ( geval_goodsid = '108550' ) AND ( (geval_image <> '') OR (geval_image_again <> '') ) LIMIT 1  
[2019-02-27 09:19:05] /shop/index.php?act=goods&op=comments_list&goods_id=108275 ( act=goods&op=comments_list ) 
ERR: Db Error: Unknown column 'geval_image_again' in 'where clause'
SELECT COUNT(*) AS nc_count FROM `zmkj_evaluate_goods` WHERE ( geval_goodsid = '108275' ) AND ( (geval_image <> '') OR (geval_image_again <> '') ) LIMIT 1  
[2019-02-27 11:05:51] /shop/index.php?act=goods&op=comments_list&goods_id=108534 ( act=goods&op=comments_list ) 
ERR: Db Error: Unknown column 'geval_image_again' in 'where clause'
SELECT COUNT(*) AS nc_count FROM `zmkj_evaluate_goods` WHERE ( geval_goodsid = '108534' ) AND ( (geval_image <> '') OR (geval_image_again <> '') ) LIMIT 1  
[2019-02-27 12:17:40] /shop/index.php?act=goods&op=comments_list&goods_id=103292 ( act=goods&op=comments_list ) 
ERR: Db Error: Unknown column 'geval_image_again' in 'where clause'
SELECT COUNT(*) AS nc_count FROM `zmkj_evaluate_goods` WHERE ( geval_goodsid = '103292' ) AND ( (geval_image <> '') OR (geval_image_again <> '') ) LIMIT 1  
[2019-02-27 13:23:14] /shop/index.php?act=goods&op=comments_list&goods_id=102784&type=2 ( act=goods&op=comments_list ) 
ERR: Db Error: Unknown column 'geval_image_again' in 'where clause'
SELECT COUNT(*) AS nc_count FROM `zmkj_evaluate_goods` WHERE ( geval_goodsid = '102784' ) AND ( (geval_image <> '') OR (geval_image_again <> '') ) LIMIT 1  
[2019-02-27 13:45:46] /shop/index.php?act=goods&op=comments_list&goods_id=108548 ( act=goods&op=comments_list ) 
ERR: Db Error: Unknown column 'geval_image_again' in 'where clause'
SELECT COUNT(*) AS nc_count FROM `zmkj_evaluate_goods` WHERE ( geval_goodsid = '108548' ) AND ( (geval_image <> '') OR (geval_image_again <> '') ) LIMIT 1  
[2019-02-27 14:10:10] /admin/index.php?act=goods_orm&op=edit&id=1481 ( act=goods_orm&op=edit ) 
ERR: Db Error: Unknown column 'goods_id' in 'field list'
select goods_id from zmkj_goods_orm where productId='551f5546-b7d2-4d2e-b29e-254a1fbe5626 and id !=1481'
[2019-02-27 15:41:15] /shop/index.php?act=goods&op=comments_list&goods_id=108533 ( act=goods&op=comments_list ) 
ERR: Db Error: Unknown column 'geval_image_again' in 'where clause'
SELECT COUNT(*) AS nc_count FROM `zmkj_evaluate_goods` WHERE ( geval_goodsid = '108533' ) AND ( (geval_image <> '') OR (geval_image_again <> '') ) LIMIT 1  
[2019-02-27 16:06:50] /shop/index.php?act=goods&op=comments_list&goods_id=103283 ( act=goods&op=comments_list ) 
ERR: Db Error: Unknown column 'geval_image_again' in 'where clause'
SELECT COUNT(*) AS nc_count FROM `zmkj_evaluate_goods` WHERE ( geval_goodsid = '103283' ) AND ( (geval_image <> '') OR (geval_image_again <> '') ) LIMIT 1  
[2019-02-27 16:22:43] /shop/index.php?act=goods&op=comments_list&goods_id=104026 ( act=goods&op=comments_list ) 
ERR: Db Error: Unknown column 'geval_image_again' in 'where clause'
SELECT COUNT(*) AS nc_count FROM `zmkj_evaluate_goods` WHERE ( geval_goodsid = '104026' ) AND ( (geval_image <> '') OR (geval_image_again <> '') ) LIMIT 1  
[2019-02-27 16:53:01] /shop/index.php?act=goods&op=comments_list&goods_id=108278 ( act=goods&op=comments_list ) 
ERR: Db Error: Unknown column 'geval_image_again' in 'where clause'
SELECT COUNT(*) AS nc_count FROM `zmkj_evaluate_goods` WHERE ( geval_goodsid = '108278' ) AND ( (geval_image <> '') OR (geval_image_again <> '') ) LIMIT 1  
[2019-02-27 19:44:33] /shop/index.php?act=goods&op=comments_list&goods_id=103276 ( act=goods&op=comments_list ) 
ERR: Db Error: Unknown column 'geval_image_again' in 'where clause'
SELECT COUNT(*) AS nc_count FROM `zmkj_evaluate_goods` WHERE ( geval_goodsid = '103276' ) AND ( (geval_image <> '') OR (geval_image_again <> '') ) LIMIT 1  
[2019-02-27 19:59:59] /shop/index.php?act=goods&op=comments_list&goods_id=102483 ( act=goods&op=comments_list ) 
ERR: Db Error: Unknown column 'geval_image_again' in 'where clause'
SELECT COUNT(*) AS nc_count FROM `zmkj_evaluate_goods` WHERE ( geval_goodsid = '102483' ) AND ( (geval_image <> '') OR (geval_image_again <> '') ) LIMIT 1  
[2019-02-27 20:25:42] /shop/index.php?act=goods&op=comments_list&goods_id=100011 ( act=goods&op=comments_list ) 
ERR: Db Error: Unknown column 'geval_image_again' in 'where clause'
SELECT COUNT(*) AS nc_count FROM `zmkj_evaluate_goods` WHERE ( geval_goodsid = '100011' ) AND ( (geval_image <> '') OR (geval_image_again <> '') ) LIMIT 1  
[2019-02-27 20:30:50] /shop/index.php?act=goods&op=comments_list&goods_id=108536 ( act=goods&op=comments_list ) 
ERR: Db Error: Unknown column 'geval_image_again' in 'where clause'
SELECT COUNT(*) AS nc_count FROM `zmkj_evaluate_goods` WHERE ( geval_goodsid = '108536' ) AND ( (geval_image <> '') OR (geval_image_again <> '') ) LIMIT 1  
[2019-02-27 20:35:59] /shop/index.php?act=goods&op=comments_list&goods_id=108296 ( act=goods&op=comments_list ) 
ERR: Db Error: Unknown column 'geval_image_again' in 'where clause'
SELECT COUNT(*) AS nc_count FROM `zmkj_evaluate_goods` WHERE ( geval_goodsid = '108296' ) AND ( (geval_image <> '') OR (geval_image_again <> '') ) LIMIT 1  
[2019-02-27 20:41:07] /shop/index.php?act=goods&op=comments_list&goods_id=108312 ( act=goods&op=comments_list ) 
ERR: Db Error: Unknown column 'geval_image_again' in 'where clause'
SELECT COUNT(*) AS nc_count FROM `zmkj_evaluate_goods` WHERE ( geval_goodsid = '108312' ) AND ( (geval_image <> '') OR (geval_image_again <> '') ) LIMIT 1  
[2019-02-27 20:48:19] /shop/index.php?act=goods&op=comments_list&goods_id=102520 ( act=goods&op=comments_list ) 
ERR: Db Error: Unknown column 'geval_image_again' in 'where clause'
SELECT COUNT(*) AS nc_count FROM `zmkj_evaluate_goods` WHERE ( geval_goodsid = '102520' ) AND ( (geval_image <> '') OR (geval_image_again <> '') ) LIMIT 1  
[2019-02-27 20:55:31] /shop/index.php?act=goods&op=comments_list&goods_id=103914 ( act=goods&op=comments_list ) 
ERR: Db Error: Unknown column 'geval_image_again' in 'where clause'
SELECT COUNT(*) AS nc_count FROM `zmkj_evaluate_goods` WHERE ( geval_goodsid = '103914' ) AND ( (geval_image <> '') OR (geval_image_again <> '') ) LIMIT 1  
[2019-02-27 21:02:43] /shop/index.php?act=goods&op=comments_list&goods_id=108542 ( act=goods&op=comments_list ) 
ERR: Db Error: Unknown column 'geval_image_again' in 'where clause'
SELECT COUNT(*) AS nc_count FROM `zmkj_evaluate_goods` WHERE ( geval_goodsid = '108542' ) AND ( (geval_image <> '') OR (geval_image_again <> '') ) LIMIT 1  
[2019-02-27 21:17:08] /shop/index.php?act=goods&op=comments_list&goods_id=108554 ( act=goods&op=comments_list ) 
ERR: Db Error: Unknown column 'geval_image_again' in 'where clause'
SELECT COUNT(*) AS nc_count FROM `zmkj_evaluate_goods` WHERE ( geval_goodsid = '108554' ) AND ( (geval_image <> '') OR (geval_image_again <> '') ) LIMIT 1  
[2019-02-27 22:29:08] /shop/index.php?act=goods&op=comments_list&goods_id=102575 ( act=goods&op=comments_list ) 
ERR: Db Error: Unknown column 'geval_image_again' in 'where clause'
SELECT COUNT(*) AS nc_count FROM `zmkj_evaluate_goods` WHERE ( geval_goodsid = '102575' ) AND ( (geval_image <> '') OR (geval_image_again <> '') ) LIMIT 1  
[2019-02-27 23:10:00] /shop/index.php?act=goods&op=comments_list&goods_id=108544 ( act=goods&op=comments_list ) 
ERR: Db Error: Unknown column 'geval_image_again' in 'where clause'
SELECT COUNT(*) AS nc_count FROM `zmkj_evaluate_goods` WHERE ( geval_goodsid = '108544' ) AND ( (geval_image <> '') OR (geval_image_again <> '') ) LIMIT 1  
[2019-02-27 23:25:53] /shop/index.php?act=goods&op=comments_list&goods_id=102488 ( act=goods&op=comments_list ) 
ERR: Db Error: Unknown column 'geval_image_again' in 'where clause'
SELECT COUNT(*) AS nc_count FROM `zmkj_evaluate_goods` WHERE ( geval_goodsid = '102488' ) AND ( (geval_image <> '') OR (geval_image_again <> '') ) LIMIT 1  
[2019-02-27 23:31:10] /shop/index.php?act=goods&op=comments_list&goods_id=108532 ( act=goods&op=comments_list ) 
ERR: Db Error: Unknown column 'geval_image_again' in 'where clause'
SELECT COUNT(*) AS nc_count FROM `zmkj_evaluate_goods` WHERE ( geval_goodsid = '108532' ) AND ( (geval_image <> '') OR (geval_image_again <> '') ) LIMIT 1  
