[2019-11-21 02:50:04] /shop/index.php?act=goods&goods_id=101832&op=comments_list ( act=goods&op=comments_list ) 
ERR: Db Error: Unknown column 'geval_image_again' in 'where clause'
SELECT COUNT(*) AS nc_count FROM `zmkj_evaluate_goods` WHERE ( geval_goodsid = '101832' ) AND ( (geval_image <> '') OR (geval_image_again <> '') ) LIMIT 1  
[2019-11-21 03:17:25] /shop/index.php?act=goods&goods_id=105502&op=comments_list ( act=goods&op=comments_list ) 
ERR: Db Error: Unknown column 'geval_image_again' in 'where clause'
SELECT COUNT(*) AS nc_count FROM `zmkj_evaluate_goods` WHERE ( geval_goodsid = '105502' ) AND ( (geval_image <> '') OR (geval_image_again <> '') ) LIMIT 1  
[2019-11-21 03:29:49] /shop/index.php?act=goods&goods_id=106583&op=comments_list ( act=goods&op=comments_list ) 
ERR: Db Error: Unknown column 'geval_image_again' in 'where clause'
SELECT COUNT(*) AS nc_count FROM `zmkj_evaluate_goods` WHERE ( geval_goodsid = '106583' ) AND ( (geval_image <> '') OR (geval_image_again <> '') ) LIMIT 1  
[2019-11-21 03:29:50] /shop/index.php?act=goods&goods_id=107176&op=comments_list ( act=goods&op=comments_list ) 
ERR: Db Error: Unknown column 'geval_image_again' in 'where clause'
SELECT COUNT(*) AS nc_count FROM `zmkj_evaluate_goods` WHERE ( geval_goodsid = '107176' ) AND ( (geval_image <> '') OR (geval_image_again <> '') ) LIMIT 1  
[2019-11-21 03:29:50] /shop/index.php?act=goods&goods_id=107022&op=comments_list ( act=goods&op=comments_list ) 
ERR: Db Error: Unknown column 'geval_image_again' in 'where clause'
SELECT COUNT(*) AS nc_count FROM `zmkj_evaluate_goods` WHERE ( geval_goodsid = '107022' ) AND ( (geval_image <> '') OR (geval_image_again <> '') ) LIMIT 1  
[2019-11-21 03:47:49] /shop/index.php?act=goods&goods_id=100174&op=comments_list ( act=goods&op=comments_list ) 
ERR: Db Error: Unknown column 'geval_image_again' in 'where clause'
SELECT COUNT(*) AS nc_count FROM `zmkj_evaluate_goods` WHERE ( geval_goodsid = '100174' ) AND ( (geval_image <> '') OR (geval_image_again <> '') ) LIMIT 1  
[2019-11-21 04:02:00] /shop/index.php?act=goods&goods_id=107282&op=comments_list ( act=goods&op=comments_list ) 
ERR: Db Error: Unknown column 'geval_image_again' in 'where clause'
SELECT COUNT(*) AS nc_count FROM `zmkj_evaluate_goods` WHERE ( geval_goodsid = '107282' ) AND ( (geval_image <> '') OR (geval_image_again <> '') ) LIMIT 1  
[2019-11-21 04:02:01] /shop/index.php?act=goods&goods_id=105666&op=comments_list ( act=goods&op=comments_list ) 
ERR: Db Error: Unknown column 'geval_image_again' in 'where clause'
SELECT COUNT(*) AS nc_count FROM `zmkj_evaluate_goods` WHERE ( geval_goodsid = '105666' ) AND ( (geval_image <> '') OR (geval_image_again <> '') ) LIMIT 1  
[2019-11-21 04:27:43] /shop/index.php?act=goods&goods_id=104900&op=comments_list ( act=goods&op=comments_list ) 
ERR: Db Error: Unknown column 'geval_image_again' in 'where clause'
SELECT COUNT(*) AS nc_count FROM `zmkj_evaluate_goods` WHERE ( geval_goodsid = '104900' ) AND ( (geval_image <> '') OR (geval_image_again <> '') ) LIMIT 1  
[2019-11-21 04:39:22] /shop/index.php?act=goods&goods_id=103200&op=comments_list ( act=goods&op=comments_list ) 
ERR: Db Error: Unknown column 'geval_image_again' in 'where clause'
SELECT COUNT(*) AS nc_count FROM `zmkj_evaluate_goods` WHERE ( geval_goodsid = '103200' ) AND ( (geval_image <> '') OR (geval_image_again <> '') ) LIMIT 1  
[2019-11-21 04:45:49] /shop/index.php?act=hot_sale&op=index ( act=hot_sale&op=index ) 
ERR: Db Error: You have an error in your SQL syntax; check the manual that corresponds to your MySQL server version for the right syntax to use near ') and goods_state=1' at line 1
select * from zmkj_goods where goods_id in () and goods_state=1
[2019-11-21 04:45:49] /shop/index.php?act=hot_sale&op=index ( act=hot_sale&op=index ) 
ERR: Db Error: You have an error in your SQL syntax; check the manual that corresponds to your MySQL server version for the right syntax to use near '' at line 1
select `member_id` from zmkj_store where store_id = 
[2019-11-21 04:47:10] /shop/index.php?act=goods&goods_id=104170&op=comments_list ( act=goods&op=comments_list ) 
ERR: Db Error: Unknown column 'geval_image_again' in 'where clause'
SELECT COUNT(*) AS nc_count FROM `zmkj_evaluate_goods` WHERE ( geval_goodsid = '104170' ) AND ( (geval_image <> '') OR (geval_image_again <> '') ) LIMIT 1  
[2019-11-21 05:27:40] /shop/index.php?act=goods&goods_id=109917&op=comments_list ( act=goods&op=comments_list ) 
ERR: Db Error: Unknown column 'geval_image_again' in 'where clause'
SELECT COUNT(*) AS nc_count FROM `zmkj_evaluate_goods` WHERE ( geval_goodsid = '109917' ) AND ( (geval_image <> '') OR (geval_image_again <> '') ) LIMIT 1  
[2019-11-21 05:56:36] /shop/index.php?act=goods&goods_id=108301&op=comments_list ( act=goods&op=comments_list ) 
ERR: Db Error: Unknown column 'geval_image_again' in 'where clause'
SELECT COUNT(*) AS nc_count FROM `zmkj_evaluate_goods` WHERE ( geval_goodsid = '108301' ) AND ( (geval_image <> '') OR (geval_image_again <> '') ) LIMIT 1  
[2019-11-21 06:13:01] /shop/index.php?act=goods&goods_id=105666&op=comments_list ( act=goods&op=comments_list ) 
ERR: Db Error: Unknown column 'geval_image_again' in 'where clause'
SELECT COUNT(*) AS nc_count FROM `zmkj_evaluate_goods` WHERE ( geval_goodsid = '105666' ) AND ( (geval_image <> '') OR (geval_image_again <> '') ) LIMIT 1  
[2019-11-21 06:13:01] /shop/index.php?act=goods&goods_id=107282&op=comments_list ( act=goods&op=comments_list ) 
ERR: Db Error: Unknown column 'geval_image_again' in 'where clause'
SELECT COUNT(*) AS nc_count FROM `zmkj_evaluate_goods` WHERE ( geval_goodsid = '107282' ) AND ( (geval_image <> '') OR (geval_image_again <> '') ) LIMIT 1  
[2019-11-21 06:42:53] /shop/index.php?act=goods&goods_id=107780&op=comments_list ( act=goods&op=comments_list ) 
ERR: Db Error: Unknown column 'geval_image_again' in 'where clause'
SELECT COUNT(*) AS nc_count FROM `zmkj_evaluate_goods` WHERE ( geval_goodsid = '107780' ) AND ( (geval_image <> '') OR (geval_image_again <> '') ) LIMIT 1  
[2019-11-21 07:14:00] /shop/index.php?act=goods&goods_id=102638&op=comments_list ( act=goods&op=comments_list ) 
ERR: Db Error: Unknown column 'geval_image_again' in 'where clause'
SELECT COUNT(*) AS nc_count FROM `zmkj_evaluate_goods` WHERE ( geval_goodsid = '102638' ) AND ( (geval_image <> '') OR (geval_image_again <> '') ) LIMIT 1  
[2019-11-21 07:29:25] /shop/index.php?act=goods&goods_id=102643&op=comments_list ( act=goods&op=comments_list ) 
ERR: Db Error: Unknown column 'geval_image_again' in 'where clause'
SELECT COUNT(*) AS nc_count FROM `zmkj_evaluate_goods` WHERE ( geval_goodsid = '102643' ) AND ( (geval_image <> '') OR (geval_image_again <> '') ) LIMIT 1  
[2019-11-21 07:42:00] /shop/index.php?act=goods&goods_id=101348&op=comments_list ( act=goods&op=comments_list ) 
ERR: Db Error: Unknown column 'geval_image_again' in 'where clause'
SELECT COUNT(*) AS nc_count FROM `zmkj_evaluate_goods` WHERE ( geval_goodsid = '101348' ) AND ( (geval_image <> '') OR (geval_image_again <> '') ) LIMIT 1  
[2019-11-21 07:45:33] /shop/index.php?act=goods&goods_id=108227&op=comments_list ( act=goods&op=comments_list ) 
ERR: Db Error: Unknown column 'geval_image_again' in 'where clause'
SELECT COUNT(*) AS nc_count FROM `zmkj_evaluate_goods` WHERE ( geval_goodsid = '108227' ) AND ( (geval_image <> '') OR (geval_image_again <> '') ) LIMIT 1  
[2019-11-21 07:58:14] /shop/index.php?act=goods&op=comments_list&goods_id=107241 ( act=goods&op=comments_list ) 
ERR: Db Error: Unknown column 'geval_image_again' in 'where clause'
SELECT COUNT(*) AS nc_count FROM `zmkj_evaluate_goods` WHERE ( geval_goodsid = '107241' ) AND ( (geval_image <> '') OR (geval_image_again <> '') ) LIMIT 1  
[2019-11-21 08:18:23] /shop/index.php?act=goods&goods_id=103233&op=comments_list ( act=goods&op=comments_list ) 
ERR: Db Error: Unknown column 'geval_image_again' in 'where clause'
SELECT COUNT(*) AS nc_count FROM `zmkj_evaluate_goods` WHERE ( geval_goodsid = '103233' ) AND ( (geval_image <> '') OR (geval_image_again <> '') ) LIMIT 1  
[2019-11-21 09:36:10] /shop/index.php?act=goods&op=comments_list&goods_id=111352 ( act=goods&op=comments_list ) 
ERR: Db Error: Unknown column 'geval_image_again' in 'where clause'
SELECT COUNT(*) AS nc_count FROM `zmkj_evaluate_goods` WHERE ( geval_goodsid = '111352' ) AND ( (geval_image <> '') OR (geval_image_again <> '') ) LIMIT 1  
[2019-11-21 09:46:18] /shop/index.php?act=goods&op=comments_list&goods_id=107912 ( act=goods&op=comments_list ) 
ERR: Db Error: Unknown column 'geval_image_again' in 'where clause'
SELECT COUNT(*) AS nc_count FROM `zmkj_evaluate_goods` WHERE ( geval_goodsid = '107912' ) AND ( (geval_image <> '') OR (geval_image_again <> '') ) LIMIT 1  
[2019-11-21 10:27:46] /shop/index.php?act=goods&op=comments_list&goods_id=111246 ( act=goods&op=comments_list ) 
ERR: Db Error: Unknown column 'geval_image_again' in 'where clause'
SELECT COUNT(*) AS nc_count FROM `zmkj_evaluate_goods` WHERE ( geval_goodsid = '111246' ) AND ( (geval_image <> '') OR (geval_image_again <> '') ) LIMIT 1  
[2019-11-21 13:01:33] /shop/index.php?act=goods&op=comments_list&goods_id=108611 ( act=goods&op=comments_list ) 
ERR: Db Error: Unknown column 'geval_image_again' in 'where clause'
SELECT COUNT(*) AS nc_count FROM `zmkj_evaluate_goods` WHERE ( geval_goodsid = '108611' ) AND ( (geval_image <> '') OR (geval_image_again <> '') ) LIMIT 1  
[2019-11-21 13:26:20] /shop/index.php?act=goods&op=comments_list&goods_id=111081 ( act=goods&op=comments_list ) 
ERR: Db Error: Unknown column 'geval_image_again' in 'where clause'
SELECT COUNT(*) AS nc_count FROM `zmkj_evaluate_goods` WHERE ( geval_goodsid = '111081' ) AND ( (geval_image <> '') OR (geval_image_again <> '') ) LIMIT 1  
[2019-11-21 14:28:35] /shop/index.php?act=goods&op=comments_list&goods_id=111373 ( act=goods&op=comments_list ) 
ERR: Db Error: Unknown column 'geval_image_again' in 'where clause'
SELECT COUNT(*) AS nc_count FROM `zmkj_evaluate_goods` WHERE ( geval_goodsid = '111373' ) AND ( (geval_image <> '') OR (geval_image_again <> '') ) LIMIT 1  
[2019-11-21 16:10:18] /admin/index.php?act=goods_orm&op=edit&id=3838 ( act=goods_orm&op=edit ) 
ERR: Db Error: Unknown column 'goods_id' in 'field list'
select goods_id from zmkj_goods_orm where productId='89de39bb-61d7-484b-afe4-a626ed71ddf2 and id !=3838'
[2019-11-21 16:25:36] /shop/index.php?act=goods&op=comments_list&goods_id=111352 ( act=goods&op=comments_list ) 
ERR: Db Error: Unknown column 'geval_image_again' in 'where clause'
SELECT COUNT(*) AS nc_count FROM `zmkj_evaluate_goods` WHERE ( geval_goodsid = '111352' ) AND ( (geval_image <> '') OR (geval_image_again <> '') ) LIMIT 1  
[2019-11-21 19:46:06] /shop/index.php?act=goods&op=comments_list&goods_id=107241 ( act=goods&op=comments_list ) 
ERR: Db Error: Unknown column 'geval_image_again' in 'where clause'
SELECT COUNT(*) AS nc_count FROM `zmkj_evaluate_goods` WHERE ( geval_goodsid = '107241' ) AND ( (geval_image <> '') OR (geval_image_again <> '') ) LIMIT 1  
[2019-11-21 20:40:39] /shop/index.php?act=goods&op=comments_list&goods_id=111400 ( act=goods&op=comments_list ) 
ERR: Db Error: Unknown column 'geval_image_again' in 'where clause'
SELECT COUNT(*) AS nc_count FROM `zmkj_evaluate_goods` WHERE ( geval_goodsid = '111400' ) AND ( (geval_image <> '') OR (geval_image_again <> '') ) LIMIT 1  
[2019-11-21 22:46:01] /shop/index.php?act=goods&op=comments_list&goods_id=111246 ( act=goods&op=comments_list ) 
ERR: Db Error: Unknown column 'geval_image_again' in 'where clause'
SELECT COUNT(*) AS nc_count FROM `zmkj_evaluate_goods` WHERE ( geval_goodsid = '111246' ) AND ( (geval_image <> '') OR (geval_image_again <> '') ) LIMIT 1  
