[2019-08-07 00:17:55] /shop/index.php?act=goods&op=comments_list&goods_id=109625 ( act=goods&op=comments_list ) 
ERR: Db Error: Unknown column 'geval_image_again' in 'where clause'
SELECT COUNT(*) AS nc_count FROM `zmkj_evaluate_goods` WHERE ( geval_goodsid = '109625' ) AND ( (geval_image <> '') OR (geval_image_again <> '') ) LIMIT 1  
[2019-08-07 00:26:06] /shop/index.php?act=goods&op=comments_list&goods_id=102792&type=1 ( act=goods&op=comments_list ) 
ERR: Db Error: Unknown column 'geval_image_again' in 'where clause'
SELECT COUNT(*) AS nc_count FROM `zmkj_evaluate_goods` WHERE ( geval_goodsid = '102792' ) AND ( (geval_image <> '') OR (geval_image_again <> '') ) LIMIT 1  
[2019-08-07 00:34:17] /shop/index.php?act=goods&op=comments_list&goods_id=109656 ( act=goods&op=comments_list ) 
ERR: Db Error: Unknown column 'geval_image_again' in 'where clause'
SELECT COUNT(*) AS nc_count FROM `zmkj_evaluate_goods` WHERE ( geval_goodsid = '109656' ) AND ( (geval_image <> '') OR (geval_image_again <> '') ) LIMIT 1  
[2019-08-07 00:53:22] /shop/index.php?act=goods&op=comments_list&goods_id=102191 ( act=goods&op=comments_list ) 
ERR: Db Error: Unknown column 'geval_image_again' in 'where clause'
SELECT COUNT(*) AS nc_count FROM `zmkj_evaluate_goods` WHERE ( geval_goodsid = '102191' ) AND ( (geval_image <> '') OR (geval_image_again <> '') ) LIMIT 1  
[2019-08-07 01:09:44] /shop/index.php?act=goods&op=comments_list&goods_id=106331&type=2 ( act=goods&op=comments_list ) 
ERR: Db Error: Unknown column 'geval_image_again' in 'where clause'
SELECT COUNT(*) AS nc_count FROM `zmkj_evaluate_goods` WHERE ( geval_goodsid = '106331' ) AND ( (geval_image <> '') OR (geval_image_again <> '') ) LIMIT 1  
[2019-08-07 01:34:17] /shop/index.php?act=goods&op=comments_list&goods_id=110522 ( act=goods&op=comments_list ) 
ERR: Db Error: Unknown column 'geval_image_again' in 'where clause'
SELECT COUNT(*) AS nc_count FROM `zmkj_evaluate_goods` WHERE ( geval_goodsid = '110522' ) AND ( (geval_image <> '') OR (geval_image_again <> '') ) LIMIT 1  
[2019-08-07 01:58:50] /shop/index.php?act=goods&op=comments_list&goods_id=102792&type=2 ( act=goods&op=comments_list ) 
ERR: Db Error: Unknown column 'geval_image_again' in 'where clause'
SELECT COUNT(*) AS nc_count FROM `zmkj_evaluate_goods` WHERE ( geval_goodsid = '102792' ) AND ( (geval_image <> '') OR (geval_image_again <> '') ) LIMIT 1  
[2019-08-07 02:04:17] /shop/index.php?act=goods&op=comments_list&goods_id=110163&type=1 ( act=goods&op=comments_list ) 
ERR: Db Error: Unknown column 'geval_image_again' in 'where clause'
SELECT COUNT(*) AS nc_count FROM `zmkj_evaluate_goods` WHERE ( geval_goodsid = '110163' ) AND ( (geval_image <> '') OR (geval_image_again <> '') ) LIMIT 1  
[2019-08-07 02:17:55] /shop/index.php?act=goods&op=comments_list&goods_id=110478&type=2 ( act=goods&op=comments_list ) 
ERR: Db Error: Unknown column 'geval_image_again' in 'where clause'
SELECT COUNT(*) AS nc_count FROM `zmkj_evaluate_goods` WHERE ( geval_goodsid = '110478' ) AND ( (geval_image <> '') OR (geval_image_again <> '') ) LIMIT 1  
[2019-08-07 02:23:22] /shop/index.php?act=goods&op=comments_list&goods_id=109875&type=1 ( act=goods&op=comments_list ) 
ERR: Db Error: Unknown column 'geval_image_again' in 'where clause'
SELECT COUNT(*) AS nc_count FROM `zmkj_evaluate_goods` WHERE ( geval_goodsid = '109875' ) AND ( (geval_image <> '') OR (geval_image_again <> '') ) LIMIT 1  
[2019-08-07 02:45:12] /shop/index.php?act=goods&op=comments_list&goods_id=110111 ( act=goods&op=comments_list ) 
ERR: Db Error: Unknown column 'geval_image_again' in 'where clause'
SELECT COUNT(*) AS nc_count FROM `zmkj_evaluate_goods` WHERE ( geval_goodsid = '110111' ) AND ( (geval_image <> '') OR (geval_image_again <> '') ) LIMIT 1  
[2019-08-07 02:58:50] /shop/index.php?act=goods&op=comments_list&goods_id=106682&type=1 ( act=goods&op=comments_list ) 
ERR: Db Error: Unknown column 'geval_image_again' in 'where clause'
SELECT COUNT(*) AS nc_count FROM `zmkj_evaluate_goods` WHERE ( geval_goodsid = '106682' ) AND ( (geval_image <> '') OR (geval_image_again <> '') ) LIMIT 1  
[2019-08-07 03:47:55] /shop/index.php?act=goods&op=comments_list&goods_id=109151 ( act=goods&op=comments_list ) 
ERR: Db Error: Unknown column 'geval_image_again' in 'where clause'
SELECT COUNT(*) AS nc_count FROM `zmkj_evaluate_goods` WHERE ( geval_goodsid = '109151' ) AND ( (geval_image <> '') OR (geval_image_again <> '') ) LIMIT 1  
[2019-08-07 03:53:22] /shop/index.php?act=goods&op=comments_list&goods_id=109730&type=1 ( act=goods&op=comments_list ) 
ERR: Db Error: Unknown column 'geval_image_again' in 'where clause'
SELECT COUNT(*) AS nc_count FROM `zmkj_evaluate_goods` WHERE ( geval_goodsid = '109730' ) AND ( (geval_image <> '') OR (geval_image_again <> '') ) LIMIT 1  
[2019-08-07 04:17:55] /shop/index.php?act=goods&op=comments_list&goods_id=110545 ( act=goods&op=comments_list ) 
ERR: Db Error: Unknown column 'geval_image_again' in 'where clause'
SELECT COUNT(*) AS nc_count FROM `zmkj_evaluate_goods` WHERE ( geval_goodsid = '110545' ) AND ( (geval_image <> '') OR (geval_image_again <> '') ) LIMIT 1  
[2019-08-07 04:20:39] /shop/index.php?act=goods&op=comments_list&goods_id=106699&type=1 ( act=goods&op=comments_list ) 
ERR: Db Error: Unknown column 'geval_image_again' in 'where clause'
SELECT COUNT(*) AS nc_count FROM `zmkj_evaluate_goods` WHERE ( geval_goodsid = '106699' ) AND ( (geval_image <> '') OR (geval_image_again <> '') ) LIMIT 1  
[2019-08-07 04:23:22] /shop/index.php?act=goods&op=comments_list&goods_id=110149 ( act=goods&op=comments_list ) 
ERR: Db Error: Unknown column 'geval_image_again' in 'where clause'
SELECT COUNT(*) AS nc_count FROM `zmkj_evaluate_goods` WHERE ( geval_goodsid = '110149' ) AND ( (geval_image <> '') OR (geval_image_again <> '') ) LIMIT 1  
[2019-08-07 04:31:33] /shop/index.php?act=goods&op=comments_list&goods_id=101995&type=2 ( act=goods&op=comments_list ) 
ERR: Db Error: Unknown column 'geval_image_again' in 'where clause'
SELECT COUNT(*) AS nc_count FROM `zmkj_evaluate_goods` WHERE ( geval_goodsid = '101995' ) AND ( (geval_image <> '') OR (geval_image_again <> '') ) LIMIT 1  
[2019-08-07 04:34:17] /shop/index.php?act=goods&op=comments_list&goods_id=100504 ( act=goods&op=comments_list ) 
ERR: Db Error: Unknown column 'geval_image_again' in 'where clause'
SELECT COUNT(*) AS nc_count FROM `zmkj_evaluate_goods` WHERE ( geval_goodsid = '100504' ) AND ( (geval_image <> '') OR (geval_image_again <> '') ) LIMIT 1  
[2019-08-07 04:39:44] /shop/index.php?act=goods&op=comments_list&goods_id=110664 ( act=goods&op=comments_list ) 
ERR: Db Error: Unknown column 'geval_image_again' in 'where clause'
SELECT COUNT(*) AS nc_count FROM `zmkj_evaluate_goods` WHERE ( geval_goodsid = '110664' ) AND ( (geval_image <> '') OR (geval_image_again <> '') ) LIMIT 1  
[2019-08-07 05:04:17] /shop/index.php?act=goods&op=comments_list&goods_id=109042&type=1 ( act=goods&op=comments_list ) 
ERR: Db Error: Unknown column 'geval_image_again' in 'where clause'
SELECT COUNT(*) AS nc_count FROM `zmkj_evaluate_goods` WHERE ( geval_goodsid = '109042' ) AND ( (geval_image <> '') OR (geval_image_again <> '') ) LIMIT 1  
[2019-08-07 05:09:44] /shop/index.php?act=goods&op=comments_list&goods_id=109287&type=2 ( act=goods&op=comments_list ) 
ERR: Db Error: Unknown column 'geval_image_again' in 'where clause'
SELECT COUNT(*) AS nc_count FROM `zmkj_evaluate_goods` WHERE ( geval_goodsid = '109287' ) AND ( (geval_image <> '') OR (geval_image_again <> '') ) LIMIT 1  
[2019-08-07 05:17:55] /shop/index.php?act=goods&op=comments_list&goods_id=110552&type=1 ( act=goods&op=comments_list ) 
ERR: Db Error: Unknown column 'geval_image_again' in 'where clause'
SELECT COUNT(*) AS nc_count FROM `zmkj_evaluate_goods` WHERE ( geval_goodsid = '110552' ) AND ( (geval_image <> '') OR (geval_image_again <> '') ) LIMIT 1  
[2019-08-07 05:23:22] /shop/index.php?act=goods&op=comments_list&goods_id=101559&type=3 ( act=goods&op=comments_list ) 
ERR: Db Error: Unknown column 'geval_image_again' in 'where clause'
SELECT COUNT(*) AS nc_count FROM `zmkj_evaluate_goods` WHERE ( geval_goodsid = '101559' ) AND ( (geval_image <> '') OR (geval_image_again <> '') ) LIMIT 1  
[2019-08-07 05:28:50] /shop/index.php?act=goods&op=comments_list&goods_id=110301&type=1 ( act=goods&op=comments_list ) 
ERR: Db Error: Unknown column 'geval_image_again' in 'where clause'
SELECT COUNT(*) AS nc_count FROM `zmkj_evaluate_goods` WHERE ( geval_goodsid = '110301' ) AND ( (geval_image <> '') OR (geval_image_again <> '') ) LIMIT 1  
[2019-08-07 05:31:33] /shop/index.php?act=goods&op=comments_list&goods_id=107347&type=3 ( act=goods&op=comments_list ) 
ERR: Db Error: Unknown column 'geval_image_again' in 'where clause'
SELECT COUNT(*) AS nc_count FROM `zmkj_evaluate_goods` WHERE ( geval_goodsid = '107347' ) AND ( (geval_image <> '') OR (geval_image_again <> '') ) LIMIT 1  
[2019-08-07 05:42:28] /shop/index.php?act=goods&op=comments_list&goods_id=100862 ( act=goods&op=comments_list ) 
ERR: Db Error: Unknown column 'geval_image_again' in 'where clause'
SELECT COUNT(*) AS nc_count FROM `zmkj_evaluate_goods` WHERE ( geval_goodsid = '100862' ) AND ( (geval_image <> '') OR (geval_image_again <> '') ) LIMIT 1  
[2019-08-07 05:47:55] /shop/index.php?act=goods&op=comments_list&goods_id=110011 ( act=goods&op=comments_list ) 
ERR: Db Error: Unknown column 'geval_image_again' in 'where clause'
SELECT COUNT(*) AS nc_count FROM `zmkj_evaluate_goods` WHERE ( geval_goodsid = '110011' ) AND ( (geval_image <> '') OR (geval_image_again <> '') ) LIMIT 1  
[2019-08-07 06:09:44] /shop/index.php?act=goods&op=comments_list&goods_id=103846&type=2 ( act=goods&op=comments_list ) 
ERR: Db Error: Unknown column 'geval_image_again' in 'where clause'
SELECT COUNT(*) AS nc_count FROM `zmkj_evaluate_goods` WHERE ( geval_goodsid = '103846' ) AND ( (geval_image <> '') OR (geval_image_again <> '') ) LIMIT 1  
[2019-08-07 06:17:55] /shop/index.php?act=goods&op=comments_list&goods_id=102640 ( act=goods&op=comments_list ) 
ERR: Db Error: Unknown column 'geval_image_again' in 'where clause'
SELECT COUNT(*) AS nc_count FROM `zmkj_evaluate_goods` WHERE ( geval_goodsid = '102640' ) AND ( (geval_image <> '') OR (geval_image_again <> '') ) LIMIT 1  
[2019-08-07 06:39:44] /shop/index.php?act=goods&op=comments_list&goods_id=110634&type=1 ( act=goods&op=comments_list ) 
ERR: Db Error: Unknown column 'geval_image_again' in 'where clause'
SELECT COUNT(*) AS nc_count FROM `zmkj_evaluate_goods` WHERE ( geval_goodsid = '110634' ) AND ( (geval_image <> '') OR (geval_image_again <> '') ) LIMIT 1  
[2019-08-07 06:42:28] /shop/index.php?act=goods&op=comments_list&goods_id=105662 ( act=goods&op=comments_list ) 
ERR: Db Error: Unknown column 'geval_image_again' in 'where clause'
SELECT COUNT(*) AS nc_count FROM `zmkj_evaluate_goods` WHERE ( geval_goodsid = '105662' ) AND ( (geval_image <> '') OR (geval_image_again <> '') ) LIMIT 1  
[2019-08-07 07:01:33] /shop/index.php?act=goods&op=comments_list&goods_id=104916 ( act=goods&op=comments_list ) 
ERR: Db Error: Unknown column 'geval_image_again' in 'where clause'
SELECT COUNT(*) AS nc_count FROM `zmkj_evaluate_goods` WHERE ( geval_goodsid = '104916' ) AND ( (geval_image <> '') OR (geval_image_again <> '') ) LIMIT 1  
[2019-08-07 07:15:11] /shop/index.php?act=goods&op=comments_list&goods_id=102375 ( act=goods&op=comments_list ) 
ERR: Db Error: Unknown column 'geval_image_again' in 'where clause'
SELECT COUNT(*) AS nc_count FROM `zmkj_evaluate_goods` WHERE ( geval_goodsid = '102375' ) AND ( (geval_image <> '') OR (geval_image_again <> '') ) LIMIT 1  
[2019-08-07 07:23:22] /shop/index.php?act=goods&op=comments_list&goods_id=106699&type=2 ( act=goods&op=comments_list ) 
ERR: Db Error: Unknown column 'geval_image_again' in 'where clause'
SELECT COUNT(*) AS nc_count FROM `zmkj_evaluate_goods` WHERE ( geval_goodsid = '106699' ) AND ( (geval_image <> '') OR (geval_image_again <> '') ) LIMIT 1  
[2019-08-07 07:28:10] /shop/index.php?act=goods&goods_id=103019&op=comments_list ( act=goods&op=comments_list ) 
ERR: Db Error: Unknown column 'geval_image_again' in 'where clause'
SELECT COUNT(*) AS nc_count FROM `zmkj_evaluate_goods` WHERE ( geval_goodsid = '103019' ) AND ( (geval_image <> '') OR (geval_image_again <> '') ) LIMIT 1  
[2019-08-07 07:28:36] /shop/index.php?act=goods&goods_id=105543&op=comments_list ( act=goods&op=comments_list ) 
ERR: Db Error: Unknown column 'geval_image_again' in 'where clause'
SELECT COUNT(*) AS nc_count FROM `zmkj_evaluate_goods` WHERE ( geval_goodsid = '105543' ) AND ( (geval_image <> '') OR (geval_image_again <> '') ) LIMIT 1  
[2019-08-07 07:45:12] /shop/index.php?act=goods&op=comments_list&goods_id=104911 ( act=goods&op=comments_list ) 
ERR: Db Error: Unknown column 'geval_image_again' in 'where clause'
SELECT COUNT(*) AS nc_count FROM `zmkj_evaluate_goods` WHERE ( geval_goodsid = '104911' ) AND ( (geval_image <> '') OR (geval_image_again <> '') ) LIMIT 1  
[2019-08-07 07:50:39] /shop/index.php?act=goods&op=comments_list&goods_id=102931 ( act=goods&op=comments_list ) 
ERR: Db Error: Unknown column 'geval_image_again' in 'where clause'
SELECT COUNT(*) AS nc_count FROM `zmkj_evaluate_goods` WHERE ( geval_goodsid = '102931' ) AND ( (geval_image <> '') OR (geval_image_again <> '') ) LIMIT 1  
[2019-08-07 07:56:06] /shop/index.php?act=goods&op=comments_list&goods_id=106331&type=1 ( act=goods&op=comments_list ) 
ERR: Db Error: Unknown column 'geval_image_again' in 'where clause'
SELECT COUNT(*) AS nc_count FROM `zmkj_evaluate_goods` WHERE ( geval_goodsid = '106331' ) AND ( (geval_image <> '') OR (geval_image_again <> '') ) LIMIT 1  
[2019-08-07 08:17:55] /shop/index.php?act=goods&op=comments_list&goods_id=110720 ( act=goods&op=comments_list ) 
ERR: Db Error: Unknown column 'geval_image_again' in 'where clause'
SELECT COUNT(*) AS nc_count FROM `zmkj_evaluate_goods` WHERE ( geval_goodsid = '110720' ) AND ( (geval_image <> '') OR (geval_image_again <> '') ) LIMIT 1  
[2019-08-07 08:47:55] /shop/index.php?act=goods&op=comments_list&goods_id=109947&type=1 ( act=goods&op=comments_list ) 
ERR: Db Error: Unknown column 'geval_image_again' in 'where clause'
SELECT COUNT(*) AS nc_count FROM `zmkj_evaluate_goods` WHERE ( geval_goodsid = '109947' ) AND ( (geval_image <> '') OR (geval_image_again <> '') ) LIMIT 1  
[2019-08-07 08:56:06] /shop/index.php?act=goods&op=comments_list&goods_id=110031 ( act=goods&op=comments_list ) 
ERR: Db Error: Unknown column 'geval_image_again' in 'where clause'
SELECT COUNT(*) AS nc_count FROM `zmkj_evaluate_goods` WHERE ( geval_goodsid = '110031' ) AND ( (geval_image <> '') OR (geval_image_again <> '') ) LIMIT 1  
[2019-08-07 08:58:50] /shop/index.php?act=goods&op=comments_list&goods_id=110804 ( act=goods&op=comments_list ) 
ERR: Db Error: Unknown column 'geval_image_again' in 'where clause'
SELECT COUNT(*) AS nc_count FROM `zmkj_evaluate_goods` WHERE ( geval_goodsid = '110804' ) AND ( (geval_image <> '') OR (geval_image_again <> '') ) LIMIT 1  
[2019-08-07 09:17:10] /shop/index.php?act=goods&op=comments_list&goods_id=110180 ( act=goods&op=comments_list ) 
ERR: Db Error: Unknown column 'geval_image_again' in 'where clause'
SELECT COUNT(*) AS nc_count FROM `zmkj_evaluate_goods` WHERE ( geval_goodsid = '110180' ) AND ( (geval_image <> '') OR (geval_image_again <> '') ) LIMIT 1  
[2019-08-07 09:18:53] /shop/index.php?act=goods&op=comments_list&goods_id=110178 ( act=goods&op=comments_list ) 
ERR: Db Error: Unknown column 'geval_image_again' in 'where clause'
SELECT COUNT(*) AS nc_count FROM `zmkj_evaluate_goods` WHERE ( geval_goodsid = '110178' ) AND ( (geval_image <> '') OR (geval_image_again <> '') ) LIMIT 1  
[2019-08-07 09:34:17] /shop/index.php?act=goods&op=comments_list&goods_id=106332&type=2 ( act=goods&op=comments_list ) 
ERR: Db Error: Unknown column 'geval_image_again' in 'where clause'
SELECT COUNT(*) AS nc_count FROM `zmkj_evaluate_goods` WHERE ( geval_goodsid = '106332' ) AND ( (geval_image <> '') OR (geval_image_again <> '') ) LIMIT 1  
[2019-08-07 09:39:44] /shop/index.php?act=goods&op=comments_list&goods_id=110615 ( act=goods&op=comments_list ) 
ERR: Db Error: Unknown column 'geval_image_again' in 'where clause'
SELECT COUNT(*) AS nc_count FROM `zmkj_evaluate_goods` WHERE ( geval_goodsid = '110615' ) AND ( (geval_image <> '') OR (geval_image_again <> '') ) LIMIT 1  
[2019-08-07 10:28:50] /shop/index.php?act=goods&op=comments_list&goods_id=110702 ( act=goods&op=comments_list ) 
ERR: Db Error: Unknown column 'geval_image_again' in 'where clause'
SELECT COUNT(*) AS nc_count FROM `zmkj_evaluate_goods` WHERE ( geval_goodsid = '110702' ) AND ( (geval_image <> '') OR (geval_image_again <> '') ) LIMIT 1  
[2019-08-07 11:00:57] /admin/index.php?act=goods_orm&op=edit&id=2170 ( act=goods_orm&op=edit ) 
ERR: Db Error: Unknown column 'goods_id' in 'field list'
select goods_id from zmkj_goods_orm where productId='e644b265-f4b3-4dca-9e58-e4f9b35bb40a and id !=2170'
[2019-08-07 11:23:22] /shop/index.php?act=goods&op=comments_list&goods_id=101255&type=2 ( act=goods&op=comments_list ) 
ERR: Db Error: Unknown column 'geval_image_again' in 'where clause'
SELECT COUNT(*) AS nc_count FROM `zmkj_evaluate_goods` WHERE ( geval_goodsid = '101255' ) AND ( (geval_image <> '') OR (geval_image_again <> '') ) LIMIT 1  
[2019-08-07 13:28:49] /shop/index.php?act=goods&op=comments_list&goods_id=109994&type=1 ( act=goods&op=comments_list ) 
ERR: Db Error: Unknown column 'geval_image_again' in 'where clause'
SELECT COUNT(*) AS nc_count FROM `zmkj_evaluate_goods` WHERE ( geval_goodsid = '109994' ) AND ( (geval_image <> '') OR (geval_image_again <> '') ) LIMIT 1  
[2019-08-07 14:04:17] /shop/index.php?act=goods&op=comments_list&goods_id=109384&type=1 ( act=goods&op=comments_list ) 
ERR: Db Error: Unknown column 'geval_image_again' in 'where clause'
SELECT COUNT(*) AS nc_count FROM `zmkj_evaluate_goods` WHERE ( geval_goodsid = '109384' ) AND ( (geval_image <> '') OR (geval_image_again <> '') ) LIMIT 1  
[2019-08-07 14:23:22] /shop/index.php?act=goods&op=comments_list&goods_id=109302&type=3 ( act=goods&op=comments_list ) 
ERR: Db Error: Unknown column 'geval_image_again' in 'where clause'
SELECT COUNT(*) AS nc_count FROM `zmkj_evaluate_goods` WHERE ( geval_goodsid = '109302' ) AND ( (geval_image <> '') OR (geval_image_again <> '') ) LIMIT 1  
[2019-08-07 16:23:22] /shop/index.php?act=goods&op=comments_list&goods_id=109984 ( act=goods&op=comments_list ) 
ERR: Db Error: Unknown column 'geval_image_again' in 'where clause'
SELECT COUNT(*) AS nc_count FROM `zmkj_evaluate_goods` WHERE ( geval_goodsid = '109984' ) AND ( (geval_image <> '') OR (geval_image_again <> '') ) LIMIT 1  
[2019-08-07 16:31:33] /shop/index.php?act=goods&op=comments_list&goods_id=110902 ( act=goods&op=comments_list ) 
ERR: Db Error: Unknown column 'geval_image_again' in 'where clause'
SELECT COUNT(*) AS nc_count FROM `zmkj_evaluate_goods` WHERE ( geval_goodsid = '110902' ) AND ( (geval_image <> '') OR (geval_image_again <> '') ) LIMIT 1  
[2019-08-07 16:39:44] /shop/index.php?act=goods&op=comments_list&goods_id=103235 ( act=goods&op=comments_list ) 
ERR: Db Error: Unknown column 'geval_image_again' in 'where clause'
SELECT COUNT(*) AS nc_count FROM `zmkj_evaluate_goods` WHERE ( geval_goodsid = '103235' ) AND ( (geval_image <> '') OR (geval_image_again <> '') ) LIMIT 1  
[2019-08-07 16:53:22] /shop/index.php?act=goods&op=comments_list&goods_id=109971 ( act=goods&op=comments_list ) 
ERR: Db Error: Unknown column 'geval_image_again' in 'where clause'
SELECT COUNT(*) AS nc_count FROM `zmkj_evaluate_goods` WHERE ( geval_goodsid = '109971' ) AND ( (geval_image <> '') OR (geval_image_again <> '') ) LIMIT 1  
[2019-08-07 17:04:17] /shop/index.php?act=goods&op=comments_list&goods_id=108676 ( act=goods&op=comments_list ) 
ERR: Db Error: Unknown column 'geval_image_again' in 'where clause'
SELECT COUNT(*) AS nc_count FROM `zmkj_evaluate_goods` WHERE ( geval_goodsid = '108676' ) AND ( (geval_image <> '') OR (geval_image_again <> '') ) LIMIT 1  
[2019-08-07 17:12:27] /shop/index.php?act=goods&op=comments_list&goods_id=109624 ( act=goods&op=comments_list ) 
ERR: Db Error: Unknown column 'geval_image_again' in 'where clause'
SELECT COUNT(*) AS nc_count FROM `zmkj_evaluate_goods` WHERE ( geval_goodsid = '109624' ) AND ( (geval_image <> '') OR (geval_image_again <> '') ) LIMIT 1  
[2019-08-07 17:19:43] /admin/index.php?act=goods_orm&op=edit&id=2179 ( act=goods_orm&op=edit ) 
ERR: Db Error: Unknown column 'goods_id' in 'field list'
select goods_id from zmkj_goods_orm where productId='69a5856c-c50a-4b2c-9bff-486c0180723b and id !=2179'
[2019-08-07 17:31:33] /shop/index.php?act=goods&op=comments_list&goods_id=100963 ( act=goods&op=comments_list ) 
ERR: Db Error: Unknown column 'geval_image_again' in 'where clause'
SELECT COUNT(*) AS nc_count FROM `zmkj_evaluate_goods` WHERE ( geval_goodsid = '100963' ) AND ( (geval_image <> '') OR (geval_image_again <> '') ) LIMIT 1  
[2019-08-07 18:12:27] /shop/index.php?act=goods&op=comments_list&goods_id=110728 ( act=goods&op=comments_list ) 
ERR: Db Error: Unknown column 'geval_image_again' in 'where clause'
SELECT COUNT(*) AS nc_count FROM `zmkj_evaluate_goods` WHERE ( geval_goodsid = '110728' ) AND ( (geval_image <> '') OR (geval_image_again <> '') ) LIMIT 1  
[2019-08-07 19:20:38] /shop/index.php?act=goods&op=comments_list&goods_id=101694 ( act=goods&op=comments_list ) 
ERR: Db Error: Unknown column 'geval_image_again' in 'where clause'
SELECT COUNT(*) AS nc_count FROM `zmkj_evaluate_goods` WHERE ( geval_goodsid = '101694' ) AND ( (geval_image <> '') OR (geval_image_again <> '') ) LIMIT 1  
[2019-08-07 19:37:00] /shop/index.php?act=goods&op=comments_list&goods_id=100579 ( act=goods&op=comments_list ) 
ERR: Db Error: Unknown column 'geval_image_again' in 'where clause'
SELECT COUNT(*) AS nc_count FROM `zmkj_evaluate_goods` WHERE ( geval_goodsid = '100579' ) AND ( (geval_image <> '') OR (geval_image_again <> '') ) LIMIT 1  
[2019-08-07 19:39:44] /shop/index.php?act=goods&op=comments_list&goods_id=103846&type=1 ( act=goods&op=comments_list ) 
ERR: Db Error: Unknown column 'geval_image_again' in 'where clause'
SELECT COUNT(*) AS nc_count FROM `zmkj_evaluate_goods` WHERE ( geval_goodsid = '103846' ) AND ( (geval_image <> '') OR (geval_image_again <> '') ) LIMIT 1  
[2019-08-07 20:12:27] /shop/index.php?act=goods&op=comments_list&goods_id=106699&type=3 ( act=goods&op=comments_list ) 
ERR: Db Error: Unknown column 'geval_image_again' in 'where clause'
SELECT COUNT(*) AS nc_count FROM `zmkj_evaluate_goods` WHERE ( geval_goodsid = '106699' ) AND ( (geval_image <> '') OR (geval_image_again <> '') ) LIMIT 1  
[2019-08-07 20:15:11] /shop/index.php?act=goods&op=comments_list&goods_id=110773 ( act=goods&op=comments_list ) 
ERR: Db Error: Unknown column 'geval_image_again' in 'where clause'
SELECT COUNT(*) AS nc_count FROM `zmkj_evaluate_goods` WHERE ( geval_goodsid = '110773' ) AND ( (geval_image <> '') OR (geval_image_again <> '') ) LIMIT 1  
[2019-08-07 20:42:27] /shop/index.php?act=goods&op=comments_list&goods_id=110529 ( act=goods&op=comments_list ) 
ERR: Db Error: Unknown column 'geval_image_again' in 'where clause'
SELECT COUNT(*) AS nc_count FROM `zmkj_evaluate_goods` WHERE ( geval_goodsid = '110529' ) AND ( (geval_image <> '') OR (geval_image_again <> '') ) LIMIT 1  
[2019-08-07 21:07:00] /shop/index.php?act=goods&op=comments_list&goods_id=109875&type=2 ( act=goods&op=comments_list ) 
ERR: Db Error: Unknown column 'geval_image_again' in 'where clause'
SELECT COUNT(*) AS nc_count FROM `zmkj_evaluate_goods` WHERE ( geval_goodsid = '109875' ) AND ( (geval_image <> '') OR (geval_image_again <> '') ) LIMIT 1  
[2019-08-07 21:15:49] /shop/index.php?act=hot_sale&op=index ( act=hot_sale&op=index ) 
ERR: Db Error: You have an error in your SQL syntax; check the manual that corresponds to your MySQL server version for the right syntax to use near ') and goods_state=1' at line 1
select * from zmkj_goods where goods_id in () and goods_state=1
[2019-08-07 21:15:49] /shop/index.php?act=hot_sale&op=index ( act=hot_sale&op=index ) 
ERR: Db Error: You have an error in your SQL syntax; check the manual that corresponds to your MySQL server version for the right syntax to use near '' at line 1
select `member_id` from zmkj_store where store_id = 
[2019-08-07 21:17:55] /shop/index.php?act=goods&op=comments_list&goods_id=103846&type=3 ( act=goods&op=comments_list ) 
ERR: Db Error: Unknown column 'geval_image_again' in 'where clause'
SELECT COUNT(*) AS nc_count FROM `zmkj_evaluate_goods` WHERE ( geval_goodsid = '103846' ) AND ( (geval_image <> '') OR (geval_image_again <> '') ) LIMIT 1  
[2019-08-07 22:01:33] /shop/index.php?act=goods&op=comments_list&goods_id=109683&type=1 ( act=goods&op=comments_list ) 
ERR: Db Error: Unknown column 'geval_image_again' in 'where clause'
SELECT COUNT(*) AS nc_count FROM `zmkj_evaluate_goods` WHERE ( geval_goodsid = '109683' ) AND ( (geval_image <> '') OR (geval_image_again <> '') ) LIMIT 1  
[2019-08-07 22:37:00] /shop/index.php?act=goods&op=comments_list&goods_id=109191&type=1 ( act=goods&op=comments_list ) 
ERR: Db Error: Unknown column 'geval_image_again' in 'where clause'
SELECT COUNT(*) AS nc_count FROM `zmkj_evaluate_goods` WHERE ( geval_goodsid = '109191' ) AND ( (geval_image <> '') OR (geval_image_again <> '') ) LIMIT 1  
[2019-08-07 22:58:49] /shop/index.php?act=goods&op=comments_list&goods_id=109191&type=3 ( act=goods&op=comments_list ) 
ERR: Db Error: Unknown column 'geval_image_again' in 'where clause'
SELECT COUNT(*) AS nc_count FROM `zmkj_evaluate_goods` WHERE ( geval_goodsid = '109191' ) AND ( (geval_image <> '') OR (geval_image_again <> '') ) LIMIT 1  
[2019-08-07 23:12:27] /shop/index.php?act=goods&op=comments_list&goods_id=109876&type=3 ( act=goods&op=comments_list ) 
ERR: Db Error: Unknown column 'geval_image_again' in 'where clause'
SELECT COUNT(*) AS nc_count FROM `zmkj_evaluate_goods` WHERE ( geval_goodsid = '109876' ) AND ( (geval_image <> '') OR (geval_image_again <> '') ) LIMIT 1  
[2019-08-07 23:58:49] /shop/index.php?act=goods&op=comments_list&goods_id=109287&type=1 ( act=goods&op=comments_list ) 
ERR: Db Error: Unknown column 'geval_image_again' in 'where clause'
SELECT COUNT(*) AS nc_count FROM `zmkj_evaluate_goods` WHERE ( geval_goodsid = '109287' ) AND ( (geval_image <> '') OR (geval_image_again <> '') ) LIMIT 1  
