[2019-01-12 00:03:20] /shop/index.php?act=goods&op=comments_list&goods_id=103138 ( act=goods&op=comments_list ) 
ERR: Db Error: Unknown column 'geval_image_again' in 'where clause'
SELECT COUNT(*) AS nc_count FROM `zmkj_evaluate_goods` WHERE ( geval_goodsid = '103138' ) AND ( (geval_image <> '') OR (geval_image_again <> '') ) LIMIT 1  
[2019-01-12 00:05:38] /shop/index.php?act=goods&op=comments_list&goods_id=103223&type=1 ( act=goods&op=comments_list ) 
ERR: Db Error: Unknown column 'geval_image_again' in 'where clause'
SELECT COUNT(*) AS nc_count FROM `zmkj_evaluate_goods` WHERE ( geval_goodsid = '103223' ) AND ( (geval_image <> '') OR (geval_image_again <> '') ) LIMIT 1  
[2019-01-12 00:15:59] /shop/index.php?act=goods&op=comments_list&goods_id=106393 ( act=goods&op=comments_list ) 
ERR: Db Error: Unknown column 'geval_image_again' in 'where clause'
SELECT COUNT(*) AS nc_count FROM `zmkj_evaluate_goods` WHERE ( geval_goodsid = '106393' ) AND ( (geval_image <> '') OR (geval_image_again <> '') ) LIMIT 1  
[2019-01-12 00:19:26] /shop/index.php?act=goods&op=comments_list&goods_id=105564 ( act=goods&op=comments_list ) 
ERR: Db Error: Unknown column 'geval_image_again' in 'where clause'
SELECT COUNT(*) AS nc_count FROM `zmkj_evaluate_goods` WHERE ( geval_goodsid = '105564' ) AND ( (geval_image <> '') OR (geval_image_again <> '') ) LIMIT 1  
[2019-01-12 00:22:53] /shop/index.php?act=goods&op=comments_list&goods_id=103244&type=1 ( act=goods&op=comments_list ) 
ERR: Db Error: Unknown column 'geval_image_again' in 'where clause'
SELECT COUNT(*) AS nc_count FROM `zmkj_evaluate_goods` WHERE ( geval_goodsid = '103244' ) AND ( (geval_image <> '') OR (geval_image_again <> '') ) LIMIT 1  
[2019-01-12 00:24:02] /shop/index.php?act=goods&op=comments_list&goods_id=104957 ( act=goods&op=comments_list ) 
ERR: Db Error: Unknown column 'geval_image_again' in 'where clause'
SELECT COUNT(*) AS nc_count FROM `zmkj_evaluate_goods` WHERE ( geval_goodsid = '104957' ) AND ( (geval_image <> '') OR (geval_image_again <> '') ) LIMIT 1  
[2019-01-12 00:36:40] /shop/index.php?act=goods&op=comments_list&goods_id=107006 ( act=goods&op=comments_list ) 
ERR: Db Error: Unknown column 'geval_image_again' in 'where clause'
SELECT COUNT(*) AS nc_count FROM `zmkj_evaluate_goods` WHERE ( geval_goodsid = '107006' ) AND ( (geval_image <> '') OR (geval_image_again <> '') ) LIMIT 1  
[2019-01-12 00:41:05] /shop/index.php?act=goods&op=comments_list&goods_id=102924 ( act=goods&op=comments_list ) 
ERR: Db Error: Unknown column 'geval_image_again' in 'where clause'
SELECT COUNT(*) AS nc_count FROM `zmkj_evaluate_goods` WHERE ( geval_goodsid = '102924' ) AND ( (geval_image <> '') OR (geval_image_again <> '') ) LIMIT 1  
[2019-01-12 00:43:15] /shop/index.php?act=goods&op=comments_list&goods_id=106293 ( act=goods&op=comments_list ) 
ERR: Db Error: Unknown column 'geval_image_again' in 'where clause'
SELECT COUNT(*) AS nc_count FROM `zmkj_evaluate_goods` WHERE ( geval_goodsid = '106293' ) AND ( (geval_image <> '') OR (geval_image_again <> '') ) LIMIT 1  
[2019-01-12 00:47:35] /shop/index.php?act=goods&op=comments_list&goods_id=107789 ( act=goods&op=comments_list ) 
ERR: Db Error: Unknown column 'geval_image_again' in 'where clause'
SELECT COUNT(*) AS nc_count FROM `zmkj_evaluate_goods` WHERE ( geval_goodsid = '107789' ) AND ( (geval_image <> '') OR (geval_image_again <> '') ) LIMIT 1  
[2019-01-12 00:54:05] /shop/index.php?act=goods&op=comments_list&goods_id=102048 ( act=goods&op=comments_list ) 
ERR: Db Error: Unknown column 'geval_image_again' in 'where clause'
SELECT COUNT(*) AS nc_count FROM `zmkj_evaluate_goods` WHERE ( geval_goodsid = '102048' ) AND ( (geval_image <> '') OR (geval_image_again <> '') ) LIMIT 1  
[2019-01-12 00:56:16] /shop/index.php?act=goods&op=comments_list&goods_id=100474 ( act=goods&op=comments_list ) 
ERR: Db Error: Unknown column 'geval_image_again' in 'where clause'
SELECT COUNT(*) AS nc_count FROM `zmkj_evaluate_goods` WHERE ( geval_goodsid = '100474' ) AND ( (geval_image <> '') OR (geval_image_again <> '') ) LIMIT 1  
[2019-01-12 01:01:41] /shop/index.php?act=goods&op=comments_list&goods_id=105761 ( act=goods&op=comments_list ) 
ERR: Db Error: Unknown column 'geval_image_again' in 'where clause'
SELECT COUNT(*) AS nc_count FROM `zmkj_evaluate_goods` WHERE ( geval_goodsid = '105761' ) AND ( (geval_image <> '') OR (geval_image_again <> '') ) LIMIT 1  
[2019-01-12 01:02:46] /shop/index.php?act=goods&op=comments_list&goods_id=102147 ( act=goods&op=comments_list ) 
ERR: Db Error: Unknown column 'geval_image_again' in 'where clause'
SELECT COUNT(*) AS nc_count FROM `zmkj_evaluate_goods` WHERE ( geval_goodsid = '102147' ) AND ( (geval_image <> '') OR (geval_image_again <> '') ) LIMIT 1  
[2019-01-12 01:08:11] /shop/index.php?act=goods&op=comments_list&goods_id=102452 ( act=goods&op=comments_list ) 
ERR: Db Error: Unknown column 'geval_image_again' in 'where clause'
SELECT COUNT(*) AS nc_count FROM `zmkj_evaluate_goods` WHERE ( geval_goodsid = '102452' ) AND ( (geval_image <> '') OR (geval_image_again <> '') ) LIMIT 1  
[2019-01-12 01:10:22] /shop/index.php?act=goods&op=comments_list&goods_id=107196 ( act=goods&op=comments_list ) 
ERR: Db Error: Unknown column 'geval_image_again' in 'where clause'
SELECT COUNT(*) AS nc_count FROM `zmkj_evaluate_goods` WHERE ( geval_goodsid = '107196' ) AND ( (geval_image <> '') OR (geval_image_again <> '') ) LIMIT 1  
[2019-01-12 01:14:42] /shop/index.php?act=goods&op=comments_list&goods_id=103845 ( act=goods&op=comments_list ) 
ERR: Db Error: Unknown column 'geval_image_again' in 'where clause'
SELECT COUNT(*) AS nc_count FROM `zmkj_evaluate_goods` WHERE ( geval_goodsid = '103845' ) AND ( (geval_image <> '') OR (geval_image_again <> '') ) LIMIT 1  
[2019-01-12 01:24:28] /shop/index.php?act=goods&op=comments_list&goods_id=100627 ( act=goods&op=comments_list ) 
ERR: Db Error: Unknown column 'geval_image_again' in 'where clause'
SELECT COUNT(*) AS nc_count FROM `zmkj_evaluate_goods` WHERE ( geval_goodsid = '100627' ) AND ( (geval_image <> '') OR (geval_image_again <> '') ) LIMIT 1  
[2019-01-12 01:26:39] /shop/index.php?act=goods&op=comments_list&goods_id=105549 ( act=goods&op=comments_list ) 
ERR: Db Error: Unknown column 'geval_image_again' in 'where clause'
SELECT COUNT(*) AS nc_count FROM `zmkj_evaluate_goods` WHERE ( geval_goodsid = '105549' ) AND ( (geval_image <> '') OR (geval_image_again <> '') ) LIMIT 1  
[2019-01-12 01:28:48] /shop/index.php?act=goods&op=comments_list&goods_id=105201 ( act=goods&op=comments_list ) 
ERR: Db Error: Unknown column 'geval_image_again' in 'where clause'
SELECT COUNT(*) AS nc_count FROM `zmkj_evaluate_goods` WHERE ( geval_goodsid = '105201' ) AND ( (geval_image <> '') OR (geval_image_again <> '') ) LIMIT 1  
[2019-01-12 01:30:58] /shop/index.php?act=goods&op=comments_list&goods_id=103694 ( act=goods&op=comments_list ) 
ERR: Db Error: Unknown column 'geval_image_again' in 'where clause'
SELECT COUNT(*) AS nc_count FROM `zmkj_evaluate_goods` WHERE ( geval_goodsid = '103694' ) AND ( (geval_image <> '') OR (geval_image_again <> '') ) LIMIT 1  
[2019-01-12 01:36:23] /shop/index.php?act=goods&op=comments_list&goods_id=103888 ( act=goods&op=comments_list ) 
ERR: Db Error: Unknown column 'geval_image_again' in 'where clause'
SELECT COUNT(*) AS nc_count FROM `zmkj_evaluate_goods` WHERE ( geval_goodsid = '103888' ) AND ( (geval_image <> '') OR (geval_image_again <> '') ) LIMIT 1  
[2019-01-12 01:48:19] /shop/index.php?act=goods&op=comments_list&goods_id=107173 ( act=goods&op=comments_list ) 
ERR: Db Error: Unknown column 'geval_image_again' in 'where clause'
SELECT COUNT(*) AS nc_count FROM `zmkj_evaluate_goods` WHERE ( geval_goodsid = '107173' ) AND ( (geval_image <> '') OR (geval_image_again <> '') ) LIMIT 1  
[2019-01-12 01:54:52] /shop/index.php?act=goods&op=comments_list&goods_id=106060 ( act=goods&op=comments_list ) 
ERR: Db Error: Unknown column 'geval_image_again' in 'where clause'
SELECT COUNT(*) AS nc_count FROM `zmkj_evaluate_goods` WHERE ( geval_goodsid = '106060' ) AND ( (geval_image <> '') OR (geval_image_again <> '') ) LIMIT 1  
[2019-01-12 01:55:55] /shop/index.php?act=goods&op=comments_list&goods_id=104427 ( act=goods&op=comments_list ) 
ERR: Db Error: Unknown column 'geval_image_again' in 'where clause'
SELECT COUNT(*) AS nc_count FROM `zmkj_evaluate_goods` WHERE ( geval_goodsid = '104427' ) AND ( (geval_image <> '') OR (geval_image_again <> '') ) LIMIT 1  
[2019-01-12 02:23:02] /shop/index.php?act=goods&op=comments_list&goods_id=106719 ( act=goods&op=comments_list ) 
ERR: Db Error: Unknown column 'geval_image_again' in 'where clause'
SELECT COUNT(*) AS nc_count FROM `zmkj_evaluate_goods` WHERE ( geval_goodsid = '106719' ) AND ( (geval_image <> '') OR (geval_image_again <> '') ) LIMIT 1  
[2019-01-12 02:28:27] /shop/index.php?act=goods&op=comments_list&goods_id=107355 ( act=goods&op=comments_list ) 
ERR: Db Error: Unknown column 'geval_image_again' in 'where clause'
SELECT COUNT(*) AS nc_count FROM `zmkj_evaluate_goods` WHERE ( geval_goodsid = '107355' ) AND ( (geval_image <> '') OR (geval_image_again <> '') ) LIMIT 1  
[2019-01-12 02:43:23] /shop/index.php?act=goods&op=comments_list&goods_id=107778 ( act=goods&op=comments_list ) 
ERR: Db Error: Unknown column 'geval_image_again' in 'where clause'
SELECT COUNT(*) AS nc_count FROM `zmkj_evaluate_goods` WHERE ( geval_goodsid = '107778' ) AND ( (geval_image <> '') OR (geval_image_again <> '') ) LIMIT 1  
[2019-01-12 02:55:56] /shop/index.php?act=goods&op=comments_list&goods_id=107254 ( act=goods&op=comments_list ) 
ERR: Db Error: Unknown column 'geval_image_again' in 'where clause'
SELECT COUNT(*) AS nc_count FROM `zmkj_evaluate_goods` WHERE ( geval_goodsid = '107254' ) AND ( (geval_image <> '') OR (geval_image_again <> '') ) LIMIT 1  
[2019-01-12 02:59:37] /shop/index.php?act=goods&op=comments_list&goods_id=102430 ( act=goods&op=comments_list ) 
ERR: Db Error: Unknown column 'geval_image_again' in 'where clause'
SELECT COUNT(*) AS nc_count FROM `zmkj_evaluate_goods` WHERE ( geval_goodsid = '102430' ) AND ( (geval_image <> '') OR (geval_image_again <> '') ) LIMIT 1  
[2019-01-12 03:02:34] /shop/index.php?act=goods&op=comments_list&goods_id=102443 ( act=goods&op=comments_list ) 
ERR: Db Error: Unknown column 'geval_image_again' in 'where clause'
SELECT COUNT(*) AS nc_count FROM `zmkj_evaluate_goods` WHERE ( geval_goodsid = '102443' ) AND ( (geval_image <> '') OR (geval_image_again <> '') ) LIMIT 1  
[2019-01-12 03:06:16] /shop/index.php?act=goods&op=comments_list&goods_id=105965 ( act=goods&op=comments_list ) 
ERR: Db Error: Unknown column 'geval_image_again' in 'where clause'
SELECT COUNT(*) AS nc_count FROM `zmkj_evaluate_goods` WHERE ( geval_goodsid = '105965' ) AND ( (geval_image <> '') OR (geval_image_again <> '') ) LIMIT 1  
[2019-01-12 03:07:44] /shop/index.php?act=goods&op=comments_list&goods_id=105316&type=1 ( act=goods&op=comments_list ) 
ERR: Db Error: Unknown column 'geval_image_again' in 'where clause'
SELECT COUNT(*) AS nc_count FROM `zmkj_evaluate_goods` WHERE ( geval_goodsid = '105316' ) AND ( (geval_image <> '') OR (geval_image_again <> '') ) LIMIT 1  
[2019-01-12 03:09:13] /shop/index.php?act=goods&op=comments_list&goods_id=107068 ( act=goods&op=comments_list ) 
ERR: Db Error: Unknown column 'geval_image_again' in 'where clause'
SELECT COUNT(*) AS nc_count FROM `zmkj_evaluate_goods` WHERE ( geval_goodsid = '107068' ) AND ( (geval_image <> '') OR (geval_image_again <> '') ) LIMIT 1  
[2019-01-12 03:10:42] /shop/index.php?act=goods&op=comments_list&goods_id=106718 ( act=goods&op=comments_list ) 
ERR: Db Error: Unknown column 'geval_image_again' in 'where clause'
SELECT COUNT(*) AS nc_count FROM `zmkj_evaluate_goods` WHERE ( geval_goodsid = '106718' ) AND ( (geval_image <> '') OR (geval_image_again <> '') ) LIMIT 1  
[2019-01-12 03:18:49] /shop/index.php?act=goods&op=comments_list&goods_id=105068 ( act=goods&op=comments_list ) 
ERR: Db Error: Unknown column 'geval_image_again' in 'where clause'
SELECT COUNT(*) AS nc_count FROM `zmkj_evaluate_goods` WHERE ( geval_goodsid = '105068' ) AND ( (geval_image <> '') OR (geval_image_again <> '') ) LIMIT 1  
[2019-01-12 03:22:30] /shop/index.php?act=goods&op=comments_list&goods_id=105164 ( act=goods&op=comments_list ) 
ERR: Db Error: Unknown column 'geval_image_again' in 'where clause'
SELECT COUNT(*) AS nc_count FROM `zmkj_evaluate_goods` WHERE ( geval_goodsid = '105164' ) AND ( (geval_image <> '') OR (geval_image_again <> '') ) LIMIT 1  
[2019-01-12 03:26:12] /shop/index.php?act=goods&op=comments_list&goods_id=105532 ( act=goods&op=comments_list ) 
ERR: Db Error: Unknown column 'geval_image_again' in 'where clause'
SELECT COUNT(*) AS nc_count FROM `zmkj_evaluate_goods` WHERE ( geval_goodsid = '105532' ) AND ( (geval_image <> '') OR (geval_image_again <> '') ) LIMIT 1  
[2019-01-12 03:37:16] /shop/index.php?act=goods&op=comments_list&goods_id=105213 ( act=goods&op=comments_list ) 
ERR: Db Error: Unknown column 'geval_image_again' in 'where clause'
SELECT COUNT(*) AS nc_count FROM `zmkj_evaluate_goods` WHERE ( geval_goodsid = '105213' ) AND ( (geval_image <> '') OR (geval_image_again <> '') ) LIMIT 1  
[2019-01-12 03:38:00] /shop/index.php?act=goods&op=comments_list&goods_id=105565 ( act=goods&op=comments_list ) 
ERR: Db Error: Unknown column 'geval_image_again' in 'where clause'
SELECT COUNT(*) AS nc_count FROM `zmkj_evaluate_goods` WHERE ( geval_goodsid = '105565' ) AND ( (geval_image <> '') OR (geval_image_again <> '') ) LIMIT 1  
[2019-01-12 03:47:36] /shop/index.php?act=goods&op=comments_list&goods_id=105056 ( act=goods&op=comments_list ) 
ERR: Db Error: Unknown column 'geval_image_again' in 'where clause'
SELECT COUNT(*) AS nc_count FROM `zmkj_evaluate_goods` WHERE ( geval_goodsid = '105056' ) AND ( (geval_image <> '') OR (geval_image_again <> '') ) LIMIT 1  
[2019-01-12 03:52:02] /shop/index.php?act=goods&op=comments_list&goods_id=101182 ( act=goods&op=comments_list ) 
ERR: Db Error: Unknown column 'geval_image_again' in 'where clause'
SELECT COUNT(*) AS nc_count FROM `zmkj_evaluate_goods` WHERE ( geval_goodsid = '101182' ) AND ( (geval_image <> '') OR (geval_image_again <> '') ) LIMIT 1  
[2019-01-12 03:52:46] /shop/index.php?act=goods&op=comments_list&goods_id=107802 ( act=goods&op=comments_list ) 
ERR: Db Error: Unknown column 'geval_image_again' in 'where clause'
SELECT COUNT(*) AS nc_count FROM `zmkj_evaluate_goods` WHERE ( geval_goodsid = '107802' ) AND ( (geval_image <> '') OR (geval_image_again <> '') ) LIMIT 1  
[2019-01-12 03:56:28] /shop/index.php?act=goods&op=comments_list&goods_id=107141 ( act=goods&op=comments_list ) 
ERR: Db Error: Unknown column 'geval_image_again' in 'where clause'
SELECT COUNT(*) AS nc_count FROM `zmkj_evaluate_goods` WHERE ( geval_goodsid = '107141' ) AND ( (geval_image <> '') OR (geval_image_again <> '') ) LIMIT 1  
[2019-01-12 03:58:41] /shop/index.php?act=goods&op=comments_list&goods_id=106757 ( act=goods&op=comments_list ) 
ERR: Db Error: Unknown column 'geval_image_again' in 'where clause'
SELECT COUNT(*) AS nc_count FROM `zmkj_evaluate_goods` WHERE ( geval_goodsid = '106757' ) AND ( (geval_image <> '') OR (geval_image_again <> '') ) LIMIT 1  
[2019-01-12 04:04:35] /shop/index.php?act=goods&op=comments_list&goods_id=101655 ( act=goods&op=comments_list ) 
ERR: Db Error: Unknown column 'geval_image_again' in 'where clause'
SELECT COUNT(*) AS nc_count FROM `zmkj_evaluate_goods` WHERE ( geval_goodsid = '101655' ) AND ( (geval_image <> '') OR (geval_image_again <> '') ) LIMIT 1  
[2019-01-12 04:08:17] /shop/index.php?act=goods&op=comments_list&goods_id=103584 ( act=goods&op=comments_list ) 
ERR: Db Error: Unknown column 'geval_image_again' in 'where clause'
SELECT COUNT(*) AS nc_count FROM `zmkj_evaluate_goods` WHERE ( geval_goodsid = '103584' ) AND ( (geval_image <> '') OR (geval_image_again <> '') ) LIMIT 1  
[2019-01-12 04:14:11] /shop/index.php?act=goods&op=comments_list&goods_id=102138 ( act=goods&op=comments_list ) 
ERR: Db Error: Unknown column 'geval_image_again' in 'where clause'
SELECT COUNT(*) AS nc_count FROM `zmkj_evaluate_goods` WHERE ( geval_goodsid = '102138' ) AND ( (geval_image <> '') OR (geval_image_again <> '') ) LIMIT 1  
[2019-01-12 04:51:12] /shop/index.php?act=goods&op=comments_list&goods_id=107790 ( act=goods&op=comments_list ) 
ERR: Db Error: Unknown column 'geval_image_again' in 'where clause'
SELECT COUNT(*) AS nc_count FROM `zmkj_evaluate_goods` WHERE ( geval_goodsid = '107790' ) AND ( (geval_image <> '') OR (geval_image_again <> '') ) LIMIT 1  
[2019-01-12 05:01:04] /shop/index.php?act=goods&op=comments_list&goods_id=105101 ( act=goods&op=comments_list ) 
ERR: Db Error: Unknown column 'geval_image_again' in 'where clause'
SELECT COUNT(*) AS nc_count FROM `zmkj_evaluate_goods` WHERE ( geval_goodsid = '105101' ) AND ( (geval_image <> '') OR (geval_image_again <> '') ) LIMIT 1  
[2019-01-12 05:31:22] /shop/index.php?act=goods&op=comments_list&goods_id=106999 ( act=goods&op=comments_list ) 
ERR: Db Error: Unknown column 'geval_image_again' in 'where clause'
SELECT COUNT(*) AS nc_count FROM `zmkj_evaluate_goods` WHERE ( geval_goodsid = '106999' ) AND ( (geval_image <> '') OR (geval_image_again <> '') ) LIMIT 1  
[2019-01-12 05:56:44] /shop/index.php?act=goods&op=comments_list&goods_id=104492 ( act=goods&op=comments_list ) 
ERR: Db Error: Unknown column 'geval_image_again' in 'where clause'
SELECT COUNT(*) AS nc_count FROM `zmkj_evaluate_goods` WHERE ( geval_goodsid = '104492' ) AND ( (geval_image <> '') OR (geval_image_again <> '') ) LIMIT 1  
[2019-01-12 05:58:51] /shop/index.php?act=goods&op=comments_list&goods_id=106136&type=1 ( act=goods&op=comments_list ) 
ERR: Db Error: Unknown column 'geval_image_again' in 'where clause'
SELECT COUNT(*) AS nc_count FROM `zmkj_evaluate_goods` WHERE ( geval_goodsid = '106136' ) AND ( (geval_image <> '') OR (geval_image_again <> '') ) LIMIT 1  
[2019-01-12 05:59:33] /shop/index.php?act=goods&op=comments_list&goods_id=105270 ( act=goods&op=comments_list ) 
ERR: Db Error: Unknown column 'geval_image_again' in 'where clause'
SELECT COUNT(*) AS nc_count FROM `zmkj_evaluate_goods` WHERE ( geval_goodsid = '105270' ) AND ( (geval_image <> '') OR (geval_image_again <> '') ) LIMIT 1  
[2019-01-12 06:00:58] /shop/index.php?act=goods&op=comments_list&goods_id=102830 ( act=goods&op=comments_list ) 
ERR: Db Error: Unknown column 'geval_image_again' in 'where clause'
SELECT COUNT(*) AS nc_count FROM `zmkj_evaluate_goods` WHERE ( geval_goodsid = '102830' ) AND ( (geval_image <> '') OR (geval_image_again <> '') ) LIMIT 1  
[2019-01-12 06:01:40] /shop/index.php?act=goods&op=comments_list&goods_id=104413 ( act=goods&op=comments_list ) 
ERR: Db Error: Unknown column 'geval_image_again' in 'where clause'
SELECT COUNT(*) AS nc_count FROM `zmkj_evaluate_goods` WHERE ( geval_goodsid = '104413' ) AND ( (geval_image <> '') OR (geval_image_again <> '') ) LIMIT 1  
[2019-01-12 06:02:31] /shop/index.php?act=search&cate_id=2152&op=index ( act=search&op=index ) 
ERR: Db Error: Unknown column 'gc_id_' in 'where clause'
SELECT count(distinct CONCAT(goods_commonid)) AS nc_count FROM `zmkj_goods` WHERE ( gc_id_ = '2152' ) AND ( goods_state = '1' ) AND ( goods_verify = '1' ) LIMIT 1  
[2019-01-12 06:03:05] /shop/index.php?act=goods&op=comments_list&goods_id=107300 ( act=goods&op=comments_list ) 
ERR: Db Error: Unknown column 'geval_image_again' in 'where clause'
SELECT COUNT(*) AS nc_count FROM `zmkj_evaluate_goods` WHERE ( geval_goodsid = '107300' ) AND ( (geval_image <> '') OR (geval_image_again <> '') ) LIMIT 1  
[2019-01-12 06:03:23] /shop/index.php?act=search&cate_id=2152&op=index ( act=search&op=index ) 
ERR: Db Error: Unknown column 'gc_id_' in 'where clause'
SELECT count(distinct CONCAT(goods_commonid)) AS nc_count FROM `zmkj_goods` WHERE ( gc_id_ = '2152' ) AND ( goods_state = '1' ) AND ( goods_verify = '1' ) LIMIT 1  
[2019-01-12 06:03:27] /shop/index.php?act=search&cate_id=2152&op=index ( act=search&op=index ) 
ERR: Db Error: Unknown column 'gc_id_' in 'where clause'
SELECT count(distinct CONCAT(goods_commonid)) AS nc_count FROM `zmkj_goods` WHERE ( gc_id_ = '2152' ) AND ( goods_state = '1' ) AND ( goods_verify = '1' ) LIMIT 1  
[2019-01-12 06:07:19] /shop/index.php?act=goods&op=comments_list&goods_id=107550&type=3 ( act=goods&op=comments_list ) 
ERR: Db Error: Unknown column 'geval_image_again' in 'where clause'
SELECT COUNT(*) AS nc_count FROM `zmkj_evaluate_goods` WHERE ( geval_goodsid = '107550' ) AND ( (geval_image <> '') OR (geval_image_again <> '') ) LIMIT 1  
[2019-01-12 06:12:15] /shop/index.php?act=goods&op=comments_list&goods_id=107096 ( act=goods&op=comments_list ) 
ERR: Db Error: Unknown column 'geval_image_again' in 'where clause'
SELECT COUNT(*) AS nc_count FROM `zmkj_evaluate_goods` WHERE ( geval_goodsid = '107096' ) AND ( (geval_image <> '') OR (geval_image_again <> '') ) LIMIT 1  
[2019-01-12 06:20:42] /shop/index.php?act=goods&op=comments_list&goods_id=104238 ( act=goods&op=comments_list ) 
ERR: Db Error: Unknown column 'geval_image_again' in 'where clause'
SELECT COUNT(*) AS nc_count FROM `zmkj_evaluate_goods` WHERE ( geval_goodsid = '104238' ) AND ( (geval_image <> '') OR (geval_image_again <> '') ) LIMIT 1  
[2019-01-12 06:22:49] /shop/index.php?act=goods&op=comments_list&goods_id=105884 ( act=goods&op=comments_list ) 
ERR: Db Error: Unknown column 'geval_image_again' in 'where clause'
SELECT COUNT(*) AS nc_count FROM `zmkj_evaluate_goods` WHERE ( geval_goodsid = '105884' ) AND ( (geval_image <> '') OR (geval_image_again <> '') ) LIMIT 1  
[2019-01-12 06:24:13] /shop/index.php?act=goods&op=comments_list&goods_id=106969 ( act=goods&op=comments_list ) 
ERR: Db Error: Unknown column 'geval_image_again' in 'where clause'
SELECT COUNT(*) AS nc_count FROM `zmkj_evaluate_goods` WHERE ( geval_goodsid = '106969' ) AND ( (geval_image <> '') OR (geval_image_again <> '') ) LIMIT 1  
[2019-01-12 06:33:23] /shop/index.php?act=goods&op=comments_list&goods_id=106517 ( act=goods&op=comments_list ) 
ERR: Db Error: Unknown column 'geval_image_again' in 'where clause'
SELECT COUNT(*) AS nc_count FROM `zmkj_evaluate_goods` WHERE ( geval_goodsid = '106517' ) AND ( (geval_image <> '') OR (geval_image_again <> '') ) LIMIT 1  
[2019-01-12 06:38:19] /shop/index.php?act=goods&op=comments_list&goods_id=104237 ( act=goods&op=comments_list ) 
ERR: Db Error: Unknown column 'geval_image_again' in 'where clause'
SELECT COUNT(*) AS nc_count FROM `zmkj_evaluate_goods` WHERE ( geval_goodsid = '104237' ) AND ( (geval_image <> '') OR (geval_image_again <> '') ) LIMIT 1  
[2019-01-12 06:53:05] /shop/index.php?act=goods&op=comments_list&goods_id=106065 ( act=goods&op=comments_list ) 
ERR: Db Error: Unknown column 'geval_image_again' in 'where clause'
SELECT COUNT(*) AS nc_count FROM `zmkj_evaluate_goods` WHERE ( geval_goodsid = '106065' ) AND ( (geval_image <> '') OR (geval_image_again <> '') ) LIMIT 1  
[2019-01-12 06:56:22] /shop/index.php?act=goods&op=comments_list&goods_id=107550&type=2 ( act=goods&op=comments_list ) 
ERR: Db Error: Unknown column 'geval_image_again' in 'where clause'
SELECT COUNT(*) AS nc_count FROM `zmkj_evaluate_goods` WHERE ( geval_goodsid = '107550' ) AND ( (geval_image <> '') OR (geval_image_again <> '') ) LIMIT 1  
[2019-01-12 07:01:17] /shop/index.php?act=goods&op=comments_list&goods_id=103558 ( act=goods&op=comments_list ) 
ERR: Db Error: Unknown column 'geval_image_again' in 'where clause'
SELECT COUNT(*) AS nc_count FROM `zmkj_evaluate_goods` WHERE ( geval_goodsid = '103558' ) AND ( (geval_image <> '') OR (geval_image_again <> '') ) LIMIT 1  
[2019-01-12 07:02:56] /shop/index.php?act=goods&op=comments_list&goods_id=103767 ( act=goods&op=comments_list ) 
ERR: Db Error: Unknown column 'geval_image_again' in 'where clause'
SELECT COUNT(*) AS nc_count FROM `zmkj_evaluate_goods` WHERE ( geval_goodsid = '103767' ) AND ( (geval_image <> '') OR (geval_image_again <> '') ) LIMIT 1  
[2019-01-12 07:07:02] /shop/index.php?act=goods&op=comments_list&goods_id=105858 ( act=goods&op=comments_list ) 
ERR: Db Error: Unknown column 'geval_image_again' in 'where clause'
SELECT COUNT(*) AS nc_count FROM `zmkj_evaluate_goods` WHERE ( geval_goodsid = '105858' ) AND ( (geval_image <> '') OR (geval_image_again <> '') ) LIMIT 1  
[2019-01-12 07:11:08] /shop/index.php?act=goods&op=comments_list&goods_id=103671 ( act=goods&op=comments_list ) 
ERR: Db Error: Unknown column 'geval_image_again' in 'where clause'
SELECT COUNT(*) AS nc_count FROM `zmkj_evaluate_goods` WHERE ( geval_goodsid = '103671' ) AND ( (geval_image <> '') OR (geval_image_again <> '') ) LIMIT 1  
[2019-01-12 07:16:52] /shop/index.php?act=goods&op=comments_list&goods_id=104241 ( act=goods&op=comments_list ) 
ERR: Db Error: Unknown column 'geval_image_again' in 'where clause'
SELECT COUNT(*) AS nc_count FROM `zmkj_evaluate_goods` WHERE ( geval_goodsid = '104241' ) AND ( (geval_image <> '') OR (geval_image_again <> '') ) LIMIT 1  
[2019-01-12 07:24:15] /shop/index.php?act=goods&op=comments_list&goods_id=105600 ( act=goods&op=comments_list ) 
ERR: Db Error: Unknown column 'geval_image_again' in 'where clause'
SELECT COUNT(*) AS nc_count FROM `zmkj_evaluate_goods` WHERE ( geval_goodsid = '105600' ) AND ( (geval_image <> '') OR (geval_image_again <> '') ) LIMIT 1  
[2019-01-12 07:42:18] /shop/index.php?act=goods&op=comments_list&goods_id=102291 ( act=goods&op=comments_list ) 
ERR: Db Error: Unknown column 'geval_image_again' in 'where clause'
SELECT COUNT(*) AS nc_count FROM `zmkj_evaluate_goods` WHERE ( geval_goodsid = '102291' ) AND ( (geval_image <> '') OR (geval_image_again <> '') ) LIMIT 1  
[2019-01-12 07:44:45] /shop/index.php?act=goods&op=comments_list&goods_id=105619 ( act=goods&op=comments_list ) 
ERR: Db Error: Unknown column 'geval_image_again' in 'where clause'
SELECT COUNT(*) AS nc_count FROM `zmkj_evaluate_goods` WHERE ( geval_goodsid = '105619' ) AND ( (geval_image <> '') OR (geval_image_again <> '') ) LIMIT 1  
[2019-01-12 07:47:13] /shop/index.php?act=goods&op=comments_list&goods_id=106611 ( act=goods&op=comments_list ) 
ERR: Db Error: Unknown column 'geval_image_again' in 'where clause'
SELECT COUNT(*) AS nc_count FROM `zmkj_evaluate_goods` WHERE ( geval_goodsid = '106611' ) AND ( (geval_image <> '') OR (geval_image_again <> '') ) LIMIT 1  
[2019-01-12 07:48:02] /shop/index.php?act=goods&op=comments_list&goods_id=103988 ( act=goods&op=comments_list ) 
ERR: Db Error: Unknown column 'geval_image_again' in 'where clause'
SELECT COUNT(*) AS nc_count FROM `zmkj_evaluate_goods` WHERE ( geval_goodsid = '103988' ) AND ( (geval_image <> '') OR (geval_image_again <> '') ) LIMIT 1  
[2019-01-12 07:48:51] /shop/index.php?act=goods&op=comments_list&goods_id=107460 ( act=goods&op=comments_list ) 
ERR: Db Error: Unknown column 'geval_image_again' in 'where clause'
SELECT COUNT(*) AS nc_count FROM `zmkj_evaluate_goods` WHERE ( geval_goodsid = '107460' ) AND ( (geval_image <> '') OR (geval_image_again <> '') ) LIMIT 1  
[2019-01-12 07:52:58] /shop/index.php?act=goods&op=comments_list&goods_id=107390 ( act=goods&op=comments_list ) 
ERR: Db Error: Unknown column 'geval_image_again' in 'where clause'
SELECT COUNT(*) AS nc_count FROM `zmkj_evaluate_goods` WHERE ( geval_goodsid = '107390' ) AND ( (geval_image <> '') OR (geval_image_again <> '') ) LIMIT 1  
[2019-01-12 08:00:21] /shop/index.php?act=goods&op=comments_list&goods_id=103768 ( act=goods&op=comments_list ) 
ERR: Db Error: Unknown column 'geval_image_again' in 'where clause'
SELECT COUNT(*) AS nc_count FROM `zmkj_evaluate_goods` WHERE ( geval_goodsid = '103768' ) AND ( (geval_image <> '') OR (geval_image_again <> '') ) LIMIT 1  
[2019-01-12 08:01:10] /shop/index.php?act=goods&op=comments_list&goods_id=107156 ( act=goods&op=comments_list ) 
ERR: Db Error: Unknown column 'geval_image_again' in 'where clause'
SELECT COUNT(*) AS nc_count FROM `zmkj_evaluate_goods` WHERE ( geval_goodsid = '107156' ) AND ( (geval_image <> '') OR (geval_image_again <> '') ) LIMIT 1  
[2019-01-12 08:06:05] /shop/index.php?act=goods&op=comments_list&goods_id=107133 ( act=goods&op=comments_list ) 
ERR: Db Error: Unknown column 'geval_image_again' in 'where clause'
SELECT COUNT(*) AS nc_count FROM `zmkj_evaluate_goods` WHERE ( geval_goodsid = '107133' ) AND ( (geval_image <> '') OR (geval_image_again <> '') ) LIMIT 1  
[2019-01-12 08:09:22] /shop/index.php?act=goods&op=comments_list&goods_id=104090 ( act=goods&op=comments_list ) 
ERR: Db Error: Unknown column 'geval_image_again' in 'where clause'
SELECT COUNT(*) AS nc_count FROM `zmkj_evaluate_goods` WHERE ( geval_goodsid = '104090' ) AND ( (geval_image <> '') OR (geval_image_again <> '') ) LIMIT 1  
[2019-01-12 08:11:50] /shop/index.php?act=goods&op=comments_list&goods_id=101686 ( act=goods&op=comments_list ) 
ERR: Db Error: Unknown column 'geval_image_again' in 'where clause'
SELECT COUNT(*) AS nc_count FROM `zmkj_evaluate_goods` WHERE ( geval_goodsid = '101686' ) AND ( (geval_image <> '') OR (geval_image_again <> '') ) LIMIT 1  
[2019-01-12 08:27:25] /shop/index.php?act=goods&op=comments_list&goods_id=107481 ( act=goods&op=comments_list ) 
ERR: Db Error: Unknown column 'geval_image_again' in 'where clause'
SELECT COUNT(*) AS nc_count FROM `zmkj_evaluate_goods` WHERE ( geval_goodsid = '107481' ) AND ( (geval_image <> '') OR (geval_image_again <> '') ) LIMIT 1  
[2019-01-12 08:31:31] /shop/index.php?act=goods&op=comments_list&goods_id=103282 ( act=goods&op=comments_list ) 
ERR: Db Error: Unknown column 'geval_image_again' in 'where clause'
SELECT COUNT(*) AS nc_count FROM `zmkj_evaluate_goods` WHERE ( geval_goodsid = '103282' ) AND ( (geval_image <> '') OR (geval_image_again <> '') ) LIMIT 1  
[2019-01-12 08:39:03] /shop/index.php?act=goods&op=comments_list&goods_id=105530 ( act=goods&op=comments_list ) 
ERR: Db Error: Unknown column 'geval_image_again' in 'where clause'
SELECT COUNT(*) AS nc_count FROM `zmkj_evaluate_goods` WHERE ( geval_goodsid = '105530' ) AND ( (geval_image <> '') OR (geval_image_again <> '') ) LIMIT 1  
[2019-01-12 08:55:30] /shop/index.php?act=goods&op=comments_list&goods_id=101819 ( act=goods&op=comments_list ) 
ERR: Db Error: Unknown column 'geval_image_again' in 'where clause'
SELECT COUNT(*) AS nc_count FROM `zmkj_evaluate_goods` WHERE ( geval_goodsid = '101819' ) AND ( (geval_image <> '') OR (geval_image_again <> '') ) LIMIT 1  
[2019-01-12 09:04:13] /shop/index.php?act=goods&op=comments_list&goods_id=100018&type=3 ( act=goods&op=comments_list ) 
ERR: Db Error: Unknown column 'geval_image_again' in 'where clause'
SELECT COUNT(*) AS nc_count FROM `zmkj_evaluate_goods` WHERE ( geval_goodsid = '100018' ) AND ( (geval_image <> '') OR (geval_image_again <> '') ) LIMIT 1  
[2019-01-12 09:06:09] /shop/index.php?act=goods&op=comments_list&goods_id=101766 ( act=goods&op=comments_list ) 
ERR: Db Error: Unknown column 'geval_image_again' in 'where clause'
SELECT COUNT(*) AS nc_count FROM `zmkj_evaluate_goods` WHERE ( geval_goodsid = '101766' ) AND ( (geval_image <> '') OR (geval_image_again <> '') ) LIMIT 1  
[2019-01-12 09:09:04] /shop/index.php?act=goods&op=comments_list&goods_id=103896 ( act=goods&op=comments_list ) 
ERR: Db Error: Unknown column 'geval_image_again' in 'where clause'
SELECT COUNT(*) AS nc_count FROM `zmkj_evaluate_goods` WHERE ( geval_goodsid = '103896' ) AND ( (geval_image <> '') OR (geval_image_again <> '') ) LIMIT 1  
[2019-01-12 09:45:06] /shop/index.php?act=goods&op=comments_list&goods_id=107154 ( act=goods&op=comments_list ) 
ERR: Db Error: Unknown column 'geval_image_again' in 'where clause'
SELECT COUNT(*) AS nc_count FROM `zmkj_evaluate_goods` WHERE ( geval_goodsid = '107154' ) AND ( (geval_image <> '') OR (geval_image_again <> '') ) LIMIT 1  
[2019-01-12 09:45:52] /shop/index.php?act=goods&op=comments_list&goods_id=103577 ( act=goods&op=comments_list ) 
ERR: Db Error: Unknown column 'geval_image_again' in 'where clause'
SELECT COUNT(*) AS nc_count FROM `zmkj_evaluate_goods` WHERE ( geval_goodsid = '103577' ) AND ( (geval_image <> '') OR (geval_image_again <> '') ) LIMIT 1  
[2019-01-12 09:47:48] /shop/index.php?act=goods&op=comments_list&goods_id=104249 ( act=goods&op=comments_list ) 
ERR: Db Error: Unknown column 'geval_image_again' in 'where clause'
SELECT COUNT(*) AS nc_count FROM `zmkj_evaluate_goods` WHERE ( geval_goodsid = '104249' ) AND ( (geval_image <> '') OR (geval_image_again <> '') ) LIMIT 1  
[2019-01-12 10:21:42] /shop/index.php?act=goods&op=comments_list&goods_id=106235 ( act=goods&op=comments_list ) 
ERR: Db Error: Unknown column 'geval_image_again' in 'where clause'
SELECT COUNT(*) AS nc_count FROM `zmkj_evaluate_goods` WHERE ( geval_goodsid = '106235' ) AND ( (geval_image <> '') OR (geval_image_again <> '') ) LIMIT 1  
[2019-01-12 10:24:36] /shop/index.php?act=goods&op=comments_list&goods_id=106962 ( act=goods&op=comments_list ) 
ERR: Db Error: Unknown column 'geval_image_again' in 'where clause'
SELECT COUNT(*) AS nc_count FROM `zmkj_evaluate_goods` WHERE ( geval_goodsid = '106962' ) AND ( (geval_image <> '') OR (geval_image_again <> '') ) LIMIT 1  
[2019-01-12 10:36:13] /shop/index.php?act=goods&op=comments_list&goods_id=102542 ( act=goods&op=comments_list ) 
ERR: Db Error: Unknown column 'geval_image_again' in 'where clause'
SELECT COUNT(*) AS nc_count FROM `zmkj_evaluate_goods` WHERE ( geval_goodsid = '102542' ) AND ( (geval_image <> '') OR (geval_image_again <> '') ) LIMIT 1  
[2019-01-12 11:08:28] /shop/index.php?act=goods&op=comments_list&goods_id=103648 ( act=goods&op=comments_list ) 
ERR: Db Error: Unknown column 'geval_image_again' in 'where clause'
SELECT COUNT(*) AS nc_count FROM `zmkj_evaluate_goods` WHERE ( geval_goodsid = '103648' ) AND ( (geval_image <> '') OR (geval_image_again <> '') ) LIMIT 1  
[2019-01-12 12:16:30] /shop/index.php?act=goods&op=comments_list&goods_id=107717 ( act=goods&op=comments_list ) 
ERR: Db Error: Unknown column 'geval_image_again' in 'where clause'
SELECT COUNT(*) AS nc_count FROM `zmkj_evaluate_goods` WHERE ( geval_goodsid = '107717' ) AND ( (geval_image <> '') OR (geval_image_again <> '') ) LIMIT 1  
[2019-01-12 12:22:13] /shop/index.php?act=goods&op=comments_list&goods_id=107779 ( act=goods&op=comments_list ) 
ERR: Db Error: Unknown column 'geval_image_again' in 'where clause'
SELECT COUNT(*) AS nc_count FROM `zmkj_evaluate_goods` WHERE ( geval_goodsid = '107779' ) AND ( (geval_image <> '') OR (geval_image_again <> '') ) LIMIT 1  
[2019-01-12 14:27:10] /shop/index.php?act=goods&op=comments_list&goods_id=107806 ( act=goods&op=comments_list ) 
ERR: Db Error: Unknown column 'geval_image_again' in 'where clause'
SELECT COUNT(*) AS nc_count FROM `zmkj_evaluate_goods` WHERE ( geval_goodsid = '107806' ) AND ( (geval_image <> '') OR (geval_image_again <> '') ) LIMIT 1  
[2019-01-12 14:32:00] /shop/index.php?act=goods&op=comments_list&goods_id=105935 ( act=goods&op=comments_list ) 
ERR: Db Error: Unknown column 'geval_image_again' in 'where clause'
SELECT COUNT(*) AS nc_count FROM `zmkj_evaluate_goods` WHERE ( geval_goodsid = '105935' ) AND ( (geval_image <> '') OR (geval_image_again <> '') ) LIMIT 1  
[2019-01-12 14:37:24] /shop/index.php?act=goods&op=comments_list&goods_id=105052 ( act=goods&op=comments_list ) 
ERR: Db Error: Unknown column 'geval_image_again' in 'where clause'
SELECT COUNT(*) AS nc_count FROM `zmkj_evaluate_goods` WHERE ( geval_goodsid = '105052' ) AND ( (geval_image <> '') OR (geval_image_again <> '') ) LIMIT 1  
[2019-01-12 14:52:07] /shop/index.php?act=goods&op=comments_list&goods_id=107285 ( act=goods&op=comments_list ) 
ERR: Db Error: Unknown column 'geval_image_again' in 'where clause'
SELECT COUNT(*) AS nc_count FROM `zmkj_evaluate_goods` WHERE ( geval_goodsid = '107285' ) AND ( (geval_image <> '') OR (geval_image_again <> '') ) LIMIT 1  
[2019-01-12 15:01:20] /shop/index.php?act=goods&op=comments_list&goods_id=107784 ( act=goods&op=comments_list ) 
ERR: Db Error: Unknown column 'geval_image_again' in 'where clause'
SELECT COUNT(*) AS nc_count FROM `zmkj_evaluate_goods` WHERE ( geval_goodsid = '107784' ) AND ( (geval_image <> '') OR (geval_image_again <> '') ) LIMIT 1  
[2019-01-12 15:04:11] /shop/index.php?act=goods&op=comments_list&goods_id=107150 ( act=goods&op=comments_list ) 
ERR: Db Error: Unknown column 'geval_image_again' in 'where clause'
SELECT COUNT(*) AS nc_count FROM `zmkj_evaluate_goods` WHERE ( geval_goodsid = '107150' ) AND ( (geval_image <> '') OR (geval_image_again <> '') ) LIMIT 1  
[2019-01-12 15:05:20] /shop/index.php?act=goods&op=comments_list&goods_id=106359 ( act=goods&op=comments_list ) 
ERR: Db Error: Unknown column 'geval_image_again' in 'where clause'
SELECT COUNT(*) AS nc_count FROM `zmkj_evaluate_goods` WHERE ( geval_goodsid = '106359' ) AND ( (geval_image <> '') OR (geval_image_again <> '') ) LIMIT 1  
[2019-01-12 15:05:26] /shop/index.php?act=goods&op=comments_list&goods_id=105514 ( act=goods&op=comments_list ) 
ERR: Db Error: Unknown column 'geval_image_again' in 'where clause'
SELECT COUNT(*) AS nc_count FROM `zmkj_evaluate_goods` WHERE ( geval_goodsid = '105514' ) AND ( (geval_image <> '') OR (geval_image_again <> '') ) LIMIT 1  
[2019-01-12 15:06:34] /shop/index.php?act=goods&op=comments_list&goods_id=100017&type=1 ( act=goods&op=comments_list ) 
ERR: Db Error: Unknown column 'geval_image_again' in 'where clause'
SELECT COUNT(*) AS nc_count FROM `zmkj_evaluate_goods` WHERE ( geval_goodsid = '100017' ) AND ( (geval_image <> '') OR (geval_image_again <> '') ) LIMIT 1  
[2019-01-12 15:11:21] /shop/index.php?act=goods&op=comments_list&goods_id=102055&type=1 ( act=goods&op=comments_list ) 
ERR: Db Error: Unknown column 'geval_image_again' in 'where clause'
SELECT COUNT(*) AS nc_count FROM `zmkj_evaluate_goods` WHERE ( geval_goodsid = '102055' ) AND ( (geval_image <> '') OR (geval_image_again <> '') ) LIMIT 1  
[2019-01-12 15:13:42] /shop/index.php?act=goods&op=comments_list&goods_id=107785 ( act=goods&op=comments_list ) 
ERR: Db Error: Unknown column 'geval_image_again' in 'where clause'
SELECT COUNT(*) AS nc_count FROM `zmkj_evaluate_goods` WHERE ( geval_goodsid = '107785' ) AND ( (geval_image <> '') OR (geval_image_again <> '') ) LIMIT 1  
[2019-01-12 15:17:34] /shop/index.php?act=goods&op=comments_list&goods_id=106241 ( act=goods&op=comments_list ) 
ERR: Db Error: Unknown column 'geval_image_again' in 'where clause'
SELECT COUNT(*) AS nc_count FROM `zmkj_evaluate_goods` WHERE ( geval_goodsid = '106241' ) AND ( (geval_image <> '') OR (geval_image_again <> '') ) LIMIT 1  
[2019-01-12 15:18:20] /shop/index.php?act=goods&op=comments_list&goods_id=106234 ( act=goods&op=comments_list ) 
ERR: Db Error: Unknown column 'geval_image_again' in 'where clause'
SELECT COUNT(*) AS nc_count FROM `zmkj_evaluate_goods` WHERE ( geval_goodsid = '106234' ) AND ( (geval_image <> '') OR (geval_image_again <> '') ) LIMIT 1  
[2019-01-12 15:25:18] /shop/index.php?act=goods&op=comments_list&goods_id=107723 ( act=goods&op=comments_list ) 
ERR: Db Error: Unknown column 'geval_image_again' in 'where clause'
SELECT COUNT(*) AS nc_count FROM `zmkj_evaluate_goods` WHERE ( geval_goodsid = '107723' ) AND ( (geval_image <> '') OR (geval_image_again <> '') ) LIMIT 1  
[2019-01-12 15:28:24] /shop/index.php?act=goods&op=comments_list&goods_id=106558 ( act=goods&op=comments_list ) 
ERR: Db Error: Unknown column 'geval_image_again' in 'where clause'
SELECT COUNT(*) AS nc_count FROM `zmkj_evaluate_goods` WHERE ( geval_goodsid = '106558' ) AND ( (geval_image <> '') OR (geval_image_again <> '') ) LIMIT 1  
[2019-01-12 15:30:43] /shop/index.php?act=goods&op=comments_list&goods_id=106581 ( act=goods&op=comments_list ) 
ERR: Db Error: Unknown column 'geval_image_again' in 'where clause'
SELECT COUNT(*) AS nc_count FROM `zmkj_evaluate_goods` WHERE ( geval_goodsid = '106581' ) AND ( (geval_image <> '') OR (geval_image_again <> '') ) LIMIT 1  
[2019-01-12 15:32:16] /shop/index.php?act=goods&op=comments_list&goods_id=106516 ( act=goods&op=comments_list ) 
ERR: Db Error: Unknown column 'geval_image_again' in 'where clause'
SELECT COUNT(*) AS nc_count FROM `zmkj_evaluate_goods` WHERE ( geval_goodsid = '106516' ) AND ( (geval_image <> '') OR (geval_image_again <> '') ) LIMIT 1  
[2019-01-12 15:41:33] /shop/index.php?act=goods&op=comments_list&goods_id=107746 ( act=goods&op=comments_list ) 
ERR: Db Error: Unknown column 'geval_image_again' in 'where clause'
SELECT COUNT(*) AS nc_count FROM `zmkj_evaluate_goods` WHERE ( geval_goodsid = '107746' ) AND ( (geval_image <> '') OR (geval_image_again <> '') ) LIMIT 1  
[2019-01-12 15:45:25] /shop/index.php?act=goods&op=comments_list&goods_id=104830 ( act=goods&op=comments_list ) 
ERR: Db Error: Unknown column 'geval_image_again' in 'where clause'
SELECT COUNT(*) AS nc_count FROM `zmkj_evaluate_goods` WHERE ( geval_goodsid = '104830' ) AND ( (geval_image <> '') OR (geval_image_again <> '') ) LIMIT 1  
[2019-01-12 15:56:30] /shop/index.php?act=goods&op=comments_list&goods_id=107110 ( act=goods&op=comments_list ) 
ERR: Db Error: Unknown column 'geval_image_again' in 'where clause'
SELECT COUNT(*) AS nc_count FROM `zmkj_evaluate_goods` WHERE ( geval_goodsid = '107110' ) AND ( (geval_image <> '') OR (geval_image_again <> '') ) LIMIT 1  
[2019-01-12 15:57:36] /shop/index.php?act=goods&op=comments_list&goods_id=107773 ( act=goods&op=comments_list ) 
ERR: Db Error: Unknown column 'geval_image_again' in 'where clause'
SELECT COUNT(*) AS nc_count FROM `zmkj_evaluate_goods` WHERE ( geval_goodsid = '107773' ) AND ( (geval_image <> '') OR (geval_image_again <> '') ) LIMIT 1  
[2019-01-12 16:03:12] /shop/index.php?act=goods&op=comments_list&goods_id=107780 ( act=goods&op=comments_list ) 
ERR: Db Error: Unknown column 'geval_image_again' in 'where clause'
SELECT COUNT(*) AS nc_count FROM `zmkj_evaluate_goods` WHERE ( geval_goodsid = '107780' ) AND ( (geval_image <> '') OR (geval_image_again <> '') ) LIMIT 1  
[2019-01-12 16:05:31] /shop/index.php?act=goods&op=comments_list&goods_id=107680 ( act=goods&op=comments_list ) 
ERR: Db Error: Unknown column 'geval_image_again' in 'where clause'
SELECT COUNT(*) AS nc_count FROM `zmkj_evaluate_goods` WHERE ( geval_goodsid = '107680' ) AND ( (geval_image <> '') OR (geval_image_again <> '') ) LIMIT 1  
[2019-01-12 16:16:21] /shop/index.php?act=goods&op=comments_list&goods_id=105627 ( act=goods&op=comments_list ) 
ERR: Db Error: Unknown column 'geval_image_again' in 'where clause'
SELECT COUNT(*) AS nc_count FROM `zmkj_evaluate_goods` WHERE ( geval_goodsid = '105627' ) AND ( (geval_image <> '') OR (geval_image_again <> '') ) LIMIT 1  
[2019-01-12 16:27:36] /shop/index.php?act=goods&op=comments_list&goods_id=107227 ( act=goods&op=comments_list ) 
ERR: Db Error: Unknown column 'geval_image_again' in 'where clause'
SELECT COUNT(*) AS nc_count FROM `zmkj_evaluate_goods` WHERE ( geval_goodsid = '107227' ) AND ( (geval_image <> '') OR (geval_image_again <> '') ) LIMIT 1  
[2019-01-12 16:33:22] /shop/index.php?act=goods&op=comments_list&goods_id=104421 ( act=goods&op=comments_list ) 
ERR: Db Error: Unknown column 'geval_image_again' in 'where clause'
SELECT COUNT(*) AS nc_count FROM `zmkj_evaluate_goods` WHERE ( geval_goodsid = '104421' ) AND ( (geval_image <> '') OR (geval_image_again <> '') ) LIMIT 1  
[2019-01-12 16:38:00] /shop/index.php?act=goods&op=comments_list&goods_id=106964 ( act=goods&op=comments_list ) 
ERR: Db Error: Unknown column 'geval_image_again' in 'where clause'
SELECT COUNT(*) AS nc_count FROM `zmkj_evaluate_goods` WHERE ( geval_goodsid = '106964' ) AND ( (geval_image <> '') OR (geval_image_again <> '') ) LIMIT 1  
[2019-01-12 16:48:16] /shop/index.php?act=goods&op=comments_list&goods_id=102790 ( act=goods&op=comments_list ) 
ERR: Db Error: Unknown column 'geval_image_again' in 'where clause'
SELECT COUNT(*) AS nc_count FROM `zmkj_evaluate_goods` WHERE ( geval_goodsid = '102790' ) AND ( (geval_image <> '') OR (geval_image_again <> '') ) LIMIT 1  
[2019-01-12 16:51:22] /shop/index.php?act=goods&op=comments_list&goods_id=103200 ( act=goods&op=comments_list ) 
ERR: Db Error: Unknown column 'geval_image_again' in 'where clause'
SELECT COUNT(*) AS nc_count FROM `zmkj_evaluate_goods` WHERE ( geval_goodsid = '103200' ) AND ( (geval_image <> '') OR (geval_image_again <> '') ) LIMIT 1  
[2019-01-12 16:55:01] /shop/index.php?act=goods&op=comments_list&goods_id=104396 ( act=goods&op=comments_list ) 
ERR: Db Error: Unknown column 'geval_image_again' in 'where clause'
SELECT COUNT(*) AS nc_count FROM `zmkj_evaluate_goods` WHERE ( geval_goodsid = '104396' ) AND ( (geval_image <> '') OR (geval_image_again <> '') ) LIMIT 1  
[2019-01-12 17:10:49] /shop/index.php?act=goods&op=comments_list&goods_id=104768 ( act=goods&op=comments_list ) 
ERR: Db Error: Unknown column 'geval_image_again' in 'where clause'
SELECT COUNT(*) AS nc_count FROM `zmkj_evaluate_goods` WHERE ( geval_goodsid = '104768' ) AND ( (geval_image <> '') OR (geval_image_again <> '') ) LIMIT 1  
[2019-01-12 17:11:24] /shop/index.php?act=goods&op=comments_list&goods_id=105861 ( act=goods&op=comments_list ) 
ERR: Db Error: Unknown column 'geval_image_again' in 'where clause'
SELECT COUNT(*) AS nc_count FROM `zmkj_evaluate_goods` WHERE ( geval_goodsid = '105861' ) AND ( (geval_image <> '') OR (geval_image_again <> '') ) LIMIT 1  
[2019-01-12 17:16:38] /shop/index.php?act=goods&op=comments_list&goods_id=101695 ( act=goods&op=comments_list ) 
ERR: Db Error: Unknown column 'geval_image_again' in 'where clause'
SELECT COUNT(*) AS nc_count FROM `zmkj_evaluate_goods` WHERE ( geval_goodsid = '101695' ) AND ( (geval_image <> '') OR (geval_image_again <> '') ) LIMIT 1  
[2019-01-12 17:31:28] /shop/index.php?act=goods&op=comments_list&goods_id=107788 ( act=goods&op=comments_list ) 
ERR: Db Error: Unknown column 'geval_image_again' in 'where clause'
SELECT COUNT(*) AS nc_count FROM `zmkj_evaluate_goods` WHERE ( geval_goodsid = '107788' ) AND ( (geval_image <> '') OR (geval_image_again <> '') ) LIMIT 1  
[2019-01-12 17:33:50] /shop/index.php?act=goods&op=comments_list&goods_id=107347 ( act=goods&op=comments_list ) 
ERR: Db Error: Unknown column 'geval_image_again' in 'where clause'
SELECT COUNT(*) AS nc_count FROM `zmkj_evaluate_goods` WHERE ( geval_goodsid = '107347' ) AND ( (geval_image <> '') OR (geval_image_again <> '') ) LIMIT 1  
[2019-01-12 17:37:57] /shop/index.php?act=goods&op=comments_list&goods_id=103237 ( act=goods&op=comments_list ) 
ERR: Db Error: Unknown column 'geval_image_again' in 'where clause'
SELECT COUNT(*) AS nc_count FROM `zmkj_evaluate_goods` WHERE ( geval_goodsid = '103237' ) AND ( (geval_image <> '') OR (geval_image_again <> '') ) LIMIT 1  
[2019-01-12 17:38:44] /shop/index.php?act=goods&op=comments_list&goods_id=107535 ( act=goods&op=comments_list ) 
ERR: Db Error: Unknown column 'geval_image_again' in 'where clause'
SELECT COUNT(*) AS nc_count FROM `zmkj_evaluate_goods` WHERE ( geval_goodsid = '107535' ) AND ( (geval_image <> '') OR (geval_image_again <> '') ) LIMIT 1  
[2019-01-12 17:38:45] /shop/index.php?act=goods&op=comments_list&goods_id=103253 ( act=goods&op=comments_list ) 
ERR: Db Error: Unknown column 'geval_image_again' in 'where clause'
SELECT COUNT(*) AS nc_count FROM `zmkj_evaluate_goods` WHERE ( geval_goodsid = '103253' ) AND ( (geval_image <> '') OR (geval_image_again <> '') ) LIMIT 1  
[2019-01-12 17:42:24] /shop/index.php?act=goods&op=comments_list&goods_id=107638 ( act=goods&op=comments_list ) 
ERR: Db Error: Unknown column 'geval_image_again' in 'where clause'
SELECT COUNT(*) AS nc_count FROM `zmkj_evaluate_goods` WHERE ( geval_goodsid = '107638' ) AND ( (geval_image <> '') OR (geval_image_again <> '') ) LIMIT 1  
[2019-01-12 17:43:37] /shop/index.php?act=goods&op=comments_list&goods_id=103802 ( act=goods&op=comments_list ) 
ERR: Db Error: Unknown column 'geval_image_again' in 'where clause'
SELECT COUNT(*) AS nc_count FROM `zmkj_evaluate_goods` WHERE ( geval_goodsid = '103802' ) AND ( (geval_image <> '') OR (geval_image_again <> '') ) LIMIT 1  
[2019-01-12 17:50:55] /shop/index.php?act=goods&op=comments_list&goods_id=106240 ( act=goods&op=comments_list ) 
ERR: Db Error: Unknown column 'geval_image_again' in 'where clause'
SELECT COUNT(*) AS nc_count FROM `zmkj_evaluate_goods` WHERE ( geval_goodsid = '106240' ) AND ( (geval_image <> '') OR (geval_image_again <> '') ) LIMIT 1  
[2019-01-12 17:54:33] /shop/index.php?act=goods&op=comments_list&goods_id=106215 ( act=goods&op=comments_list ) 
ERR: Db Error: Unknown column 'geval_image_again' in 'where clause'
SELECT COUNT(*) AS nc_count FROM `zmkj_evaluate_goods` WHERE ( geval_goodsid = '106215' ) AND ( (geval_image <> '') OR (geval_image_again <> '') ) LIMIT 1  
[2019-01-12 18:01:51] /shop/index.php?act=goods&op=comments_list&goods_id=104245 ( act=goods&op=comments_list ) 
ERR: Db Error: Unknown column 'geval_image_again' in 'where clause'
SELECT COUNT(*) AS nc_count FROM `zmkj_evaluate_goods` WHERE ( geval_goodsid = '104245' ) AND ( (geval_image <> '') OR (geval_image_again <> '') ) LIMIT 1  
[2019-01-12 18:07:43] /shop/index.php?act=goods&op=comments_list&goods_id=106752 ( act=goods&op=comments_list ) 
ERR: Db Error: Unknown column 'geval_image_again' in 'where clause'
SELECT COUNT(*) AS nc_count FROM `zmkj_evaluate_goods` WHERE ( geval_goodsid = '106752' ) AND ( (geval_image <> '') OR (geval_image_again <> '') ) LIMIT 1  
[2019-01-12 18:20:04] /shop/index.php?act=goods&op=comments_list&goods_id=105604 ( act=goods&op=comments_list ) 
ERR: Db Error: Unknown column 'geval_image_again' in 'where clause'
SELECT COUNT(*) AS nc_count FROM `zmkj_evaluate_goods` WHERE ( geval_goodsid = '105604' ) AND ( (geval_image <> '') OR (geval_image_again <> '') ) LIMIT 1  
[2019-01-12 18:53:29] /shop/index.php?act=goods&op=comments_list&goods_id=105020 ( act=goods&op=comments_list ) 
ERR: Db Error: Unknown column 'geval_image_again' in 'where clause'
SELECT COUNT(*) AS nc_count FROM `zmkj_evaluate_goods` WHERE ( geval_goodsid = '105020' ) AND ( (geval_image <> '') OR (geval_image_again <> '') ) LIMIT 1  
[2019-01-12 18:58:20] /shop/index.php?act=goods&op=comments_list&goods_id=107755 ( act=goods&op=comments_list ) 
ERR: Db Error: Unknown column 'geval_image_again' in 'where clause'
SELECT COUNT(*) AS nc_count FROM `zmkj_evaluate_goods` WHERE ( geval_goodsid = '107755' ) AND ( (geval_image <> '') OR (geval_image_again <> '') ) LIMIT 1  
[2019-01-12 19:02:22] /shop/index.php?act=goods&op=comments_list&goods_id=105534 ( act=goods&op=comments_list ) 
ERR: Db Error: Unknown column 'geval_image_again' in 'where clause'
SELECT COUNT(*) AS nc_count FROM `zmkj_evaluate_goods` WHERE ( geval_goodsid = '105534' ) AND ( (geval_image <> '') OR (geval_image_again <> '') ) LIMIT 1  
[2019-01-12 19:04:13] /shop/index.php?act=goods&op=comments_list&goods_id=102815 ( act=goods&op=comments_list ) 
ERR: Db Error: Unknown column 'geval_image_again' in 'where clause'
SELECT COUNT(*) AS nc_count FROM `zmkj_evaluate_goods` WHERE ( geval_goodsid = '102815' ) AND ( (geval_image <> '') OR (geval_image_again <> '') ) LIMIT 1  
[2019-01-12 19:11:57] /shop/index.php?act=goods&op=comments_list&goods_id=104852 ( act=goods&op=comments_list ) 
ERR: Db Error: Unknown column 'geval_image_again' in 'where clause'
SELECT COUNT(*) AS nc_count FROM `zmkj_evaluate_goods` WHERE ( geval_goodsid = '104852' ) AND ( (geval_image <> '') OR (geval_image_again <> '') ) LIMIT 1  
[2019-01-12 19:13:27] /shop/index.php?act=goods&op=comments_list&goods_id=106290 ( act=goods&op=comments_list ) 
ERR: Db Error: Unknown column 'geval_image_again' in 'where clause'
SELECT COUNT(*) AS nc_count FROM `zmkj_evaluate_goods` WHERE ( geval_goodsid = '106290' ) AND ( (geval_image <> '') OR (geval_image_again <> '') ) LIMIT 1  
[2019-01-12 19:20:22] /shop/index.php?act=goods&op=comments_list&goods_id=101912 ( act=goods&op=comments_list ) 
ERR: Db Error: Unknown column 'geval_image_again' in 'where clause'
SELECT COUNT(*) AS nc_count FROM `zmkj_evaluate_goods` WHERE ( geval_goodsid = '101912' ) AND ( (geval_image <> '') OR (geval_image_again <> '') ) LIMIT 1  
[2019-01-12 19:53:53] /shop/index.php?act=goods&op=comments_list&goods_id=104812 ( act=goods&op=comments_list ) 
ERR: Db Error: Unknown column 'geval_image_again' in 'where clause'
SELECT COUNT(*) AS nc_count FROM `zmkj_evaluate_goods` WHERE ( geval_goodsid = '104812' ) AND ( (geval_image <> '') OR (geval_image_again <> '') ) LIMIT 1  
[2019-01-12 19:57:34] /shop/index.php?act=goods&op=comments_list&goods_id=106013 ( act=goods&op=comments_list ) 
ERR: Db Error: Unknown column 'geval_image_again' in 'where clause'
SELECT COUNT(*) AS nc_count FROM `zmkj_evaluate_goods` WHERE ( geval_goodsid = '106013' ) AND ( (geval_image <> '') OR (geval_image_again <> '') ) LIMIT 1  
[2019-01-12 20:04:25] /shop/index.php?act=goods&op=comments_list&goods_id=103967 ( act=goods&op=comments_list ) 
ERR: Db Error: Unknown column 'geval_image_again' in 'where clause'
SELECT COUNT(*) AS nc_count FROM `zmkj_evaluate_goods` WHERE ( geval_goodsid = '103967' ) AND ( (geval_image <> '') OR (geval_image_again <> '') ) LIMIT 1  
[2019-01-12 20:10:26] /shop/index.php?act=goods&op=comments_list&goods_id=104180 ( act=goods&op=comments_list ) 
ERR: Db Error: Unknown column 'geval_image_again' in 'where clause'
SELECT COUNT(*) AS nc_count FROM `zmkj_evaluate_goods` WHERE ( geval_goodsid = '104180' ) AND ( (geval_image <> '') OR (geval_image_again <> '') ) LIMIT 1  
[2019-01-12 20:13:23] /shop/index.php?act=goods&op=comments_list&goods_id=105149 ( act=goods&op=comments_list ) 
ERR: Db Error: Unknown column 'geval_image_again' in 'where clause'
SELECT COUNT(*) AS nc_count FROM `zmkj_evaluate_goods` WHERE ( geval_goodsid = '105149' ) AND ( (geval_image <> '') OR (geval_image_again <> '') ) LIMIT 1  
[2019-01-12 20:34:41] /shop/index.php?act=goods&op=comments_list&goods_id=106745 ( act=goods&op=comments_list ) 
ERR: Db Error: Unknown column 'geval_image_again' in 'where clause'
SELECT COUNT(*) AS nc_count FROM `zmkj_evaluate_goods` WHERE ( geval_goodsid = '106745' ) AND ( (geval_image <> '') OR (geval_image_again <> '') ) LIMIT 1  
[2019-01-12 20:37:32] /shop/index.php?act=goods&op=comments_list&goods_id=107002 ( act=goods&op=comments_list ) 
ERR: Db Error: Unknown column 'geval_image_again' in 'where clause'
SELECT COUNT(*) AS nc_count FROM `zmkj_evaluate_goods` WHERE ( geval_goodsid = '107002' ) AND ( (geval_image <> '') OR (geval_image_again <> '') ) LIMIT 1  
[2019-01-12 20:41:25] /shop/index.php?act=goods&op=comments_list&goods_id=103648 ( act=goods&op=comments_list ) 
ERR: Db Error: Unknown column 'geval_image_again' in 'where clause'
SELECT COUNT(*) AS nc_count FROM `zmkj_evaluate_goods` WHERE ( geval_goodsid = '103648' ) AND ( (geval_image <> '') OR (geval_image_again <> '') ) LIMIT 1  
[2019-01-12 20:49:10] /shop/index.php?act=goods&op=comments_list&goods_id=103369 ( act=goods&op=comments_list ) 
ERR: Db Error: Unknown column 'geval_image_again' in 'where clause'
SELECT COUNT(*) AS nc_count FROM `zmkj_evaluate_goods` WHERE ( geval_goodsid = '103369' ) AND ( (geval_image <> '') OR (geval_image_again <> '') ) LIMIT 1  
[2019-01-12 21:08:24] /shop/index.php?act=goods&op=comments_list&goods_id=106762 ( act=goods&op=comments_list ) 
ERR: Db Error: Unknown column 'geval_image_again' in 'where clause'
SELECT COUNT(*) AS nc_count FROM `zmkj_evaluate_goods` WHERE ( geval_goodsid = '106762' ) AND ( (geval_image <> '') OR (geval_image_again <> '') ) LIMIT 1  
[2019-01-12 21:13:34] /shop/index.php?act=goods&op=comments_list&goods_id=104795 ( act=goods&op=comments_list ) 
ERR: Db Error: Unknown column 'geval_image_again' in 'where clause'
SELECT COUNT(*) AS nc_count FROM `zmkj_evaluate_goods` WHERE ( geval_goodsid = '104795' ) AND ( (geval_image <> '') OR (geval_image_again <> '') ) LIMIT 1  
[2019-01-12 21:22:16] /shop/index.php?act=goods&op=comments_list&goods_id=105824 ( act=goods&op=comments_list ) 
ERR: Db Error: Unknown column 'geval_image_again' in 'where clause'
SELECT COUNT(*) AS nc_count FROM `zmkj_evaluate_goods` WHERE ( geval_goodsid = '105824' ) AND ( (geval_image <> '') OR (geval_image_again <> '') ) LIMIT 1  
[2019-01-12 21:32:46] /shop/index.php?act=goods&op=comments_list&goods_id=105545 ( act=goods&op=comments_list ) 
ERR: Db Error: Unknown column 'geval_image_again' in 'where clause'
SELECT COUNT(*) AS nc_count FROM `zmkj_evaluate_goods` WHERE ( geval_goodsid = '105545' ) AND ( (geval_image <> '') OR (geval_image_again <> '') ) LIMIT 1  
[2019-01-12 21:35:33] /shop/index.php?act=goods&op=comments_list&goods_id=104880 ( act=goods&op=comments_list ) 
ERR: Db Error: Unknown column 'geval_image_again' in 'where clause'
SELECT COUNT(*) AS nc_count FROM `zmkj_evaluate_goods` WHERE ( geval_goodsid = '104880' ) AND ( (geval_image <> '') OR (geval_image_again <> '') ) LIMIT 1  
[2019-01-12 21:41:27] /shop/index.php?act=goods&op=comments_list&goods_id=106052 ( act=goods&op=comments_list ) 
ERR: Db Error: Unknown column 'geval_image_again' in 'where clause'
SELECT COUNT(*) AS nc_count FROM `zmkj_evaluate_goods` WHERE ( geval_goodsid = '106052' ) AND ( (geval_image <> '') OR (geval_image_again <> '') ) LIMIT 1  
[2019-01-12 21:44:03] /shop/index.php?act=goods&op=comments_list&goods_id=106484 ( act=goods&op=comments_list ) 
ERR: Db Error: Unknown column 'geval_image_again' in 'where clause'
SELECT COUNT(*) AS nc_count FROM `zmkj_evaluate_goods` WHERE ( geval_goodsid = '106484' ) AND ( (geval_image <> '') OR (geval_image_again <> '') ) LIMIT 1  
[2019-01-12 21:45:51] /shop/index.php?act=goods&op=comments_list&goods_id=101344 ( act=goods&op=comments_list ) 
ERR: Db Error: Unknown column 'geval_image_again' in 'where clause'
SELECT COUNT(*) AS nc_count FROM `zmkj_evaluate_goods` WHERE ( geval_goodsid = '101344' ) AND ( (geval_image <> '') OR (geval_image_again <> '') ) LIMIT 1  
[2019-01-12 22:09:20] /shop/index.php?act=goods&op=comments_list&goods_id=101812 ( act=goods&op=comments_list ) 
ERR: Db Error: Unknown column 'geval_image_again' in 'where clause'
SELECT COUNT(*) AS nc_count FROM `zmkj_evaluate_goods` WHERE ( geval_goodsid = '101812' ) AND ( (geval_image <> '') OR (geval_image_again <> '') ) LIMIT 1  
[2019-01-12 23:02:11] /shop/index.php?act=goods&op=comments_list&goods_id=104053 ( act=goods&op=comments_list ) 
ERR: Db Error: Unknown column 'geval_image_again' in 'where clause'
SELECT COUNT(*) AS nc_count FROM `zmkj_evaluate_goods` WHERE ( geval_goodsid = '104053' ) AND ( (geval_image <> '') OR (geval_image_again <> '') ) LIMIT 1  
[2019-01-12 23:06:50] /shop/index.php?act=goods&op=comments_list&goods_id=105846 ( act=goods&op=comments_list ) 
ERR: Db Error: Unknown column 'geval_image_again' in 'where clause'
SELECT COUNT(*) AS nc_count FROM `zmkj_evaluate_goods` WHERE ( geval_goodsid = '105846' ) AND ( (geval_image <> '') OR (geval_image_again <> '') ) LIMIT 1  
[2019-01-12 23:08:41] /shop/index.php?act=goods&op=comments_list&goods_id=103898 ( act=goods&op=comments_list ) 
ERR: Db Error: Unknown column 'geval_image_again' in 'where clause'
SELECT COUNT(*) AS nc_count FROM `zmkj_evaluate_goods` WHERE ( geval_goodsid = '103898' ) AND ( (geval_image <> '') OR (geval_image_again <> '') ) LIMIT 1  
[2019-01-12 23:17:58] /shop/index.php?act=goods&op=comments_list&goods_id=106063 ( act=goods&op=comments_list ) 
ERR: Db Error: Unknown column 'geval_image_again' in 'where clause'
SELECT COUNT(*) AS nc_count FROM `zmkj_evaluate_goods` WHERE ( geval_goodsid = '106063' ) AND ( (geval_image <> '') OR (geval_image_again <> '') ) LIMIT 1  
[2019-01-12 23:22:37] /shop/index.php?act=goods&op=comments_list&goods_id=107097 ( act=goods&op=comments_list ) 
ERR: Db Error: Unknown column 'geval_image_again' in 'where clause'
SELECT COUNT(*) AS nc_count FROM `zmkj_evaluate_goods` WHERE ( geval_goodsid = '107097' ) AND ( (geval_image <> '') OR (geval_image_again <> '') ) LIMIT 1  
[2019-01-12 23:30:03] /shop/index.php?act=goods&op=comments_list&goods_id=104490 ( act=goods&op=comments_list ) 
ERR: Db Error: Unknown column 'geval_image_again' in 'where clause'
SELECT COUNT(*) AS nc_count FROM `zmkj_evaluate_goods` WHERE ( geval_goodsid = '104490' ) AND ( (geval_image <> '') OR (geval_image_again <> '') ) LIMIT 1  
[2019-01-12 23:41:11] /shop/index.php?act=goods&op=comments_list&goods_id=105335 ( act=goods&op=comments_list ) 
ERR: Db Error: Unknown column 'geval_image_again' in 'where clause'
SELECT COUNT(*) AS nc_count FROM `zmkj_evaluate_goods` WHERE ( geval_goodsid = '105335' ) AND ( (geval_image <> '') OR (geval_image_again <> '') ) LIMIT 1  
