[2019-11-19 00:06:06] /shop/index.php?act=goods&goods_id=104168&op=comments_list ( act=goods&op=comments_list ) 
ERR: Db Error: Unknown column 'geval_image_again' in 'where clause'
SELECT COUNT(*) AS nc_count FROM `zmkj_evaluate_goods` WHERE ( geval_goodsid = '104168' ) AND ( (geval_image <> '') OR (geval_image_again <> '') ) LIMIT 1  
[2019-11-19 00:13:28] /shop/index.php?act=goods&goods_id=101870&op=comments_list ( act=goods&op=comments_list ) 
ERR: Db Error: Unknown column 'geval_image_again' in 'where clause'
SELECT COUNT(*) AS nc_count FROM `zmkj_evaluate_goods` WHERE ( geval_goodsid = '101870' ) AND ( (geval_image <> '') OR (geval_image_again <> '') ) LIMIT 1  
[2019-11-19 00:18:42] /shop/index.php?act=goods&goods_id=102638&op=comments_list ( act=goods&op=comments_list ) 
ERR: Db Error: Unknown column 'geval_image_again' in 'where clause'
SELECT COUNT(*) AS nc_count FROM `zmkj_evaluate_goods` WHERE ( geval_goodsid = '102638' ) AND ( (geval_image <> '') OR (geval_image_again <> '') ) LIMIT 1  
[2019-11-19 00:19:45] /shop/index.php?act=goods&goods_id=106204&op=comments_list ( act=goods&op=comments_list ) 
ERR: Db Error: Unknown column 'geval_image_again' in 'where clause'
SELECT COUNT(*) AS nc_count FROM `zmkj_evaluate_goods` WHERE ( geval_goodsid = '106204' ) AND ( (geval_image <> '') OR (geval_image_again <> '') ) LIMIT 1  
[2019-11-19 00:33:16] /shop/index.php?act=goods&goods_id=101977&op=comments_list ( act=goods&op=comments_list ) 
ERR: Db Error: Unknown column 'geval_image_again' in 'where clause'
SELECT COUNT(*) AS nc_count FROM `zmkj_evaluate_goods` WHERE ( geval_goodsid = '101977' ) AND ( (geval_image <> '') OR (geval_image_again <> '') ) LIMIT 1  
[2019-11-19 00:37:30] /shop/index.php?act=goods&goods_id=106714&op=comments_list ( act=goods&op=comments_list ) 
ERR: Db Error: Unknown column 'geval_image_again' in 'where clause'
SELECT COUNT(*) AS nc_count FROM `zmkj_evaluate_goods` WHERE ( geval_goodsid = '106714' ) AND ( (geval_image <> '') OR (geval_image_again <> '') ) LIMIT 1  
[2019-11-19 00:40:32] /shop/index.php?act=goods&goods_id=103280&op=comments_list ( act=goods&op=comments_list ) 
ERR: Db Error: Unknown column 'geval_image_again' in 'where clause'
SELECT COUNT(*) AS nc_count FROM `zmkj_evaluate_goods` WHERE ( geval_goodsid = '103280' ) AND ( (geval_image <> '') OR (geval_image_again <> '') ) LIMIT 1  
[2019-11-19 00:40:51] /shop/index.php?act=goods&goods_id=107287&op=comments_list ( act=goods&op=comments_list ) 
ERR: Db Error: Unknown column 'geval_image_again' in 'where clause'
SELECT COUNT(*) AS nc_count FROM `zmkj_evaluate_goods` WHERE ( geval_goodsid = '107287' ) AND ( (geval_image <> '') OR (geval_image_again <> '') ) LIMIT 1  
[2019-11-19 00:42:57] /shop/index.php?act=goods&goods_id=103731&op=comments_list ( act=goods&op=comments_list ) 
ERR: Db Error: Unknown column 'geval_image_again' in 'where clause'
SELECT COUNT(*) AS nc_count FROM `zmkj_evaluate_goods` WHERE ( geval_goodsid = '103731' ) AND ( (geval_image <> '') OR (geval_image_again <> '') ) LIMIT 1  
[2019-11-19 00:44:07] /shop/index.php?act=goods&goods_id=100463&op=comments_list&type=1 ( act=goods&op=comments_list ) 
ERR: Db Error: Unknown column 'geval_image_again' in 'where clause'
SELECT COUNT(*) AS nc_count FROM `zmkj_evaluate_goods` WHERE ( geval_goodsid = '100463' ) AND ( (geval_image <> '') OR (geval_image_again <> '') ) LIMIT 1  
[2019-11-19 00:50:54] /shop/index.php?act=goods&op=comments_list&goods_id=111652 ( act=goods&op=comments_list ) 
ERR: Db Error: Unknown column 'geval_image_again' in 'where clause'
SELECT COUNT(*) AS nc_count FROM `zmkj_evaluate_goods` WHERE ( geval_goodsid = '111652' ) AND ( (geval_image <> '') OR (geval_image_again <> '') ) LIMIT 1  
[2019-11-19 00:56:24] /shop/index.php?act=hot_sale ( act=hot_sale&op=index ) 
ERR: Db Error: You have an error in your SQL syntax; check the manual that corresponds to your MySQL server version for the right syntax to use near ') and goods_state=1' at line 1
select * from zmkj_goods where goods_id in () and goods_state=1
[2019-11-19 00:56:24] /shop/index.php?act=hot_sale ( act=hot_sale&op=index ) 
ERR: Db Error: You have an error in your SQL syntax; check the manual that corresponds to your MySQL server version for the right syntax to use near '' at line 1
select `member_id` from zmkj_store where store_id = 
[2019-11-19 02:30:36] /shop/index.php?act=goods&op=comments_list&goods_id=109135 ( act=goods&op=comments_list ) 
ERR: Db Error: Unknown column 'geval_image_again' in 'where clause'
SELECT COUNT(*) AS nc_count FROM `zmkj_evaluate_goods` WHERE ( geval_goodsid = '109135' ) AND ( (geval_image <> '') OR (geval_image_again <> '') ) LIMIT 1  
[2019-11-19 14:12:23] /shop/index.php?act=goods&op=comments_list&goods_id=109135 ( act=goods&op=comments_list ) 
ERR: Db Error: Unknown column 'geval_image_again' in 'where clause'
SELECT COUNT(*) AS nc_count FROM `zmkj_evaluate_goods` WHERE ( geval_goodsid = '109135' ) AND ( (geval_image <> '') OR (geval_image_again <> '') ) LIMIT 1  
[2019-11-19 14:52:08] /shop/index.php?act=goods&goods_id=103229&op=comments_list&type=1 ( act=goods&op=comments_list ) 
ERR: Db Error: Unknown column 'geval_image_again' in 'where clause'
SELECT COUNT(*) AS nc_count FROM `zmkj_evaluate_goods` WHERE ( geval_goodsid = '103229' ) AND ( (geval_image <> '') OR (geval_image_again <> '') ) LIMIT 1  
[2019-11-19 14:57:58] /shop/index.php?act=goods&goods_id=101907&op=comments_list ( act=goods&op=comments_list ) 
ERR: Db Error: Unknown column 'geval_image_again' in 'where clause'
SELECT COUNT(*) AS nc_count FROM `zmkj_evaluate_goods` WHERE ( geval_goodsid = '101907' ) AND ( (geval_image <> '') OR (geval_image_again <> '') ) LIMIT 1  
[2019-11-19 15:07:45] /shop/index.php?act=goods&goods_id=105795&op=comments_list ( act=goods&op=comments_list ) 
ERR: Db Error: Unknown column 'geval_image_again' in 'where clause'
SELECT COUNT(*) AS nc_count FROM `zmkj_evaluate_goods` WHERE ( geval_goodsid = '105795' ) AND ( (geval_image <> '') OR (geval_image_again <> '') ) LIMIT 1  
[2019-11-19 15:07:45] /shop/index.php?act=goods&goods_id=104277&op=comments_list ( act=goods&op=comments_list ) 
ERR: Db Error: Unknown column 'geval_image_again' in 'where clause'
SELECT COUNT(*) AS nc_count FROM `zmkj_evaluate_goods` WHERE ( geval_goodsid = '104277' ) AND ( (geval_image <> '') OR (geval_image_again <> '') ) LIMIT 1  
[2019-11-19 15:07:46] /shop/index.php?act=goods&goods_id=105508&op=comments_list ( act=goods&op=comments_list ) 
ERR: Db Error: Unknown column 'geval_image_again' in 'where clause'
SELECT COUNT(*) AS nc_count FROM `zmkj_evaluate_goods` WHERE ( geval_goodsid = '105508' ) AND ( (geval_image <> '') OR (geval_image_again <> '') ) LIMIT 1  
[2019-11-19 15:51:46] /shop/index.php?act=goods&goods_id=106124&op=comments_list ( act=goods&op=comments_list ) 
ERR: Db Error: Unknown column 'geval_image_again' in 'where clause'
SELECT COUNT(*) AS nc_count FROM `zmkj_evaluate_goods` WHERE ( geval_goodsid = '106124' ) AND ( (geval_image <> '') OR (geval_image_again <> '') ) LIMIT 1  
[2019-11-19 18:52:46] /shop/index.php?act=goods&goods_id=106551&op=comments_list ( act=goods&op=comments_list ) 
ERR: Db Error: Unknown column 'geval_image_again' in 'where clause'
SELECT COUNT(*) AS nc_count FROM `zmkj_evaluate_goods` WHERE ( geval_goodsid = '106551' ) AND ( (geval_image <> '') OR (geval_image_again <> '') ) LIMIT 1  
[2019-11-19 18:52:52] /shop/index.php?act=goods&goods_id=101902&op=comments_list ( act=goods&op=comments_list ) 
ERR: Db Error: Unknown column 'geval_image_again' in 'where clause'
SELECT COUNT(*) AS nc_count FROM `zmkj_evaluate_goods` WHERE ( geval_goodsid = '101902' ) AND ( (geval_image <> '') OR (geval_image_again <> '') ) LIMIT 1  
[2019-11-19 18:52:53] /shop/index.php?act=goods&goods_id=107890&op=comments_list ( act=goods&op=comments_list ) 
ERR: Db Error: Unknown column 'geval_image_again' in 'where clause'
SELECT COUNT(*) AS nc_count FROM `zmkj_evaluate_goods` WHERE ( geval_goodsid = '107890' ) AND ( (geval_image <> '') OR (geval_image_again <> '') ) LIMIT 1  
[2019-11-19 18:53:05] /shop/index.php?act=goods&goods_id=103292&op=comments_list ( act=goods&op=comments_list ) 
ERR: Db Error: Unknown column 'geval_image_again' in 'where clause'
SELECT COUNT(*) AS nc_count FROM `zmkj_evaluate_goods` WHERE ( geval_goodsid = '103292' ) AND ( (geval_image <> '') OR (geval_image_again <> '') ) LIMIT 1  
[2019-11-19 18:53:06] /shop/index.php?act=goods&goods_id=107060&op=comments_list ( act=goods&op=comments_list ) 
ERR: Db Error: Unknown column 'geval_image_again' in 'where clause'
SELECT COUNT(*) AS nc_count FROM `zmkj_evaluate_goods` WHERE ( geval_goodsid = '107060' ) AND ( (geval_image <> '') OR (geval_image_again <> '') ) LIMIT 1  
[2019-11-19 18:53:07] /shop/index.php?act=goods&goods_id=108341&op=comments_list ( act=goods&op=comments_list ) 
ERR: Db Error: Unknown column 'geval_image_again' in 'where clause'
SELECT COUNT(*) AS nc_count FROM `zmkj_evaluate_goods` WHERE ( geval_goodsid = '108341' ) AND ( (geval_image <> '') OR (geval_image_again <> '') ) LIMIT 1  
[2019-11-19 18:53:10] /shop/index.php?act=goods&goods_id=107349&op=comments_list ( act=goods&op=comments_list ) 
ERR: Db Error: Unknown column 'geval_image_again' in 'where clause'
SELECT COUNT(*) AS nc_count FROM `zmkj_evaluate_goods` WHERE ( geval_goodsid = '107349' ) AND ( (geval_image <> '') OR (geval_image_again <> '') ) LIMIT 1  
[2019-11-19 18:53:15] /shop/index.php?act=goods&goods_id=102695&op=comments_list&type=1 ( act=goods&op=comments_list ) 
ERR: Db Error: Unknown column 'geval_image_again' in 'where clause'
SELECT COUNT(*) AS nc_count FROM `zmkj_evaluate_goods` WHERE ( geval_goodsid = '102695' ) AND ( (geval_image <> '') OR (geval_image_again <> '') ) LIMIT 1  
[2019-11-19 18:53:16] /shop/index.php?act=goods&goods_id=107303&op=comments_list ( act=goods&op=comments_list ) 
ERR: Db Error: Unknown column 'geval_image_again' in 'where clause'
SELECT COUNT(*) AS nc_count FROM `zmkj_evaluate_goods` WHERE ( geval_goodsid = '107303' ) AND ( (geval_image <> '') OR (geval_image_again <> '') ) LIMIT 1  
[2019-11-19 18:53:17] /shop/index.php?act=goods&goods_id=108318&op=comments_list ( act=goods&op=comments_list ) 
ERR: Db Error: Unknown column 'geval_image_again' in 'where clause'
SELECT COUNT(*) AS nc_count FROM `zmkj_evaluate_goods` WHERE ( geval_goodsid = '108318' ) AND ( (geval_image <> '') OR (geval_image_again <> '') ) LIMIT 1  
[2019-11-19 18:53:18] /shop/index.php?act=goods&goods_id=104243&op=comments_list ( act=goods&op=comments_list ) 
ERR: Db Error: Unknown column 'geval_image_again' in 'where clause'
SELECT COUNT(*) AS nc_count FROM `zmkj_evaluate_goods` WHERE ( geval_goodsid = '104243' ) AND ( (geval_image <> '') OR (geval_image_again <> '') ) LIMIT 1  
[2019-11-19 18:53:19] /shop/index.php?act=goods&goods_id=101180&op=comments_list ( act=goods&op=comments_list ) 
ERR: Db Error: Unknown column 'geval_image_again' in 'where clause'
SELECT COUNT(*) AS nc_count FROM `zmkj_evaluate_goods` WHERE ( geval_goodsid = '101180' ) AND ( (geval_image <> '') OR (geval_image_again <> '') ) LIMIT 1  
[2019-11-19 18:53:21] /shop/index.php?act=goods&goods_id=101375&op=comments_list ( act=goods&op=comments_list ) 
ERR: Db Error: Unknown column 'geval_image_again' in 'where clause'
SELECT COUNT(*) AS nc_count FROM `zmkj_evaluate_goods` WHERE ( geval_goodsid = '101375' ) AND ( (geval_image <> '') OR (geval_image_again <> '') ) LIMIT 1  
[2019-11-19 18:53:22] /shop/index.php?act=goods&goods_id=102716&op=comments_list ( act=goods&op=comments_list ) 
ERR: Db Error: Unknown column 'geval_image_again' in 'where clause'
SELECT COUNT(*) AS nc_count FROM `zmkj_evaluate_goods` WHERE ( geval_goodsid = '102716' ) AND ( (geval_image <> '') OR (geval_image_again <> '') ) LIMIT 1  
[2019-11-19 18:53:22] /shop/index.php?act=goods&goods_id=106755&op=comments_list ( act=goods&op=comments_list ) 
ERR: Db Error: Unknown column 'geval_image_again' in 'where clause'
SELECT COUNT(*) AS nc_count FROM `zmkj_evaluate_goods` WHERE ( geval_goodsid = '106755' ) AND ( (geval_image <> '') OR (geval_image_again <> '') ) LIMIT 1  
[2019-11-19 18:53:25] /shop/index.php?act=goods&goods_id=110348&op=comments_list ( act=goods&op=comments_list ) 
ERR: Db Error: Unknown column 'geval_image_again' in 'where clause'
SELECT COUNT(*) AS nc_count FROM `zmkj_evaluate_goods` WHERE ( geval_goodsid = '110348' ) AND ( (geval_image <> '') OR (geval_image_again <> '') ) LIMIT 1  
[2019-11-19 18:53:27] /shop/index.php?act=goods&goods_id=101164&op=comments_list ( act=goods&op=comments_list ) 
ERR: Db Error: Unknown column 'geval_image_again' in 'where clause'
SELECT COUNT(*) AS nc_count FROM `zmkj_evaluate_goods` WHERE ( geval_goodsid = '101164' ) AND ( (geval_image <> '') OR (geval_image_again <> '') ) LIMIT 1  
[2019-11-19 18:53:28] /shop/index.php?act=goods&goods_id=107723&op=comments_list ( act=goods&op=comments_list ) 
ERR: Db Error: Unknown column 'geval_image_again' in 'where clause'
SELECT COUNT(*) AS nc_count FROM `zmkj_evaluate_goods` WHERE ( geval_goodsid = '107723' ) AND ( (geval_image <> '') OR (geval_image_again <> '') ) LIMIT 1  
[2019-11-19 18:53:29] /shop/index.php?act=goods&goods_id=108038&op=comments_list ( act=goods&op=comments_list ) 
ERR: Db Error: Unknown column 'geval_image_again' in 'where clause'
SELECT COUNT(*) AS nc_count FROM `zmkj_evaluate_goods` WHERE ( geval_goodsid = '108038' ) AND ( (geval_image <> '') OR (geval_image_again <> '') ) LIMIT 1  
[2019-11-19 18:53:31] /shop/index.php?act=goods&goods_id=103784&op=comments_list ( act=goods&op=comments_list ) 
ERR: Db Error: Unknown column 'geval_image_again' in 'where clause'
SELECT COUNT(*) AS nc_count FROM `zmkj_evaluate_goods` WHERE ( geval_goodsid = '103784' ) AND ( (geval_image <> '') OR (geval_image_again <> '') ) LIMIT 1  
[2019-11-19 18:53:33] /shop/index.php?act=goods&goods_id=100474&op=comments_list ( act=goods&op=comments_list ) 
ERR: Db Error: Unknown column 'geval_image_again' in 'where clause'
SELECT COUNT(*) AS nc_count FROM `zmkj_evaluate_goods` WHERE ( geval_goodsid = '100474' ) AND ( (geval_image <> '') OR (geval_image_again <> '') ) LIMIT 1  
[2019-11-19 23:00:24] /shop/index.php?act=goods&op=comments_list&goods_id=111652 ( act=goods&op=comments_list ) 
ERR: Db Error: Unknown column 'geval_image_again' in 'where clause'
SELECT COUNT(*) AS nc_count FROM `zmkj_evaluate_goods` WHERE ( geval_goodsid = '111652' ) AND ( (geval_image <> '') OR (geval_image_again <> '') ) LIMIT 1  
[2019-11-19 23:24:24] /shop/index.php?act=goods&op=comments_list&goods_id=110582 ( act=goods&op=comments_list ) 
ERR: Db Error: Unknown column 'geval_image_again' in 'where clause'
SELECT COUNT(*) AS nc_count FROM `zmkj_evaluate_goods` WHERE ( geval_goodsid = '110582' ) AND ( (geval_image <> '') OR (geval_image_again <> '') ) LIMIT 1  
