[2019-08-27 00:01:18] /shop/index.php?act=goods&goods_id=108009&op=comments_list ( act=goods&op=comments_list ) 
ERR: Db Error: Unknown column 'geval_image_again' in 'where clause'
SELECT COUNT(*) AS nc_count FROM `zmkj_evaluate_goods` WHERE ( geval_goodsid = '108009' ) AND ( (geval_image <> '') OR (geval_image_again <> '') ) LIMIT 1  
[2019-08-27 00:59:19] /shop/index.php?act=goods&op=comments_list&goods_id=110238&type=3 ( act=goods&op=comments_list ) 
ERR: Db Error: Unknown column 'geval_image_again' in 'where clause'
SELECT COUNT(*) AS nc_count FROM `zmkj_evaluate_goods` WHERE ( geval_goodsid = '110238' ) AND ( (geval_image <> '') OR (geval_image_again <> '') ) LIMIT 1  
[2019-08-27 01:44:05] /shop/index.php?act=goods&op=comments_list&goods_id=105658&type=3 ( act=goods&op=comments_list ) 
ERR: Db Error: Unknown column 'geval_image_again' in 'where clause'
SELECT COUNT(*) AS nc_count FROM `zmkj_evaluate_goods` WHERE ( geval_goodsid = '105658' ) AND ( (geval_image <> '') OR (geval_image_again <> '') ) LIMIT 1  
[2019-08-27 01:55:17] /shop/index.php?act=goods&op=comments_list&goods_id=110898&type=2 ( act=goods&op=comments_list ) 
ERR: Db Error: Unknown column 'geval_image_again' in 'where clause'
SELECT COUNT(*) AS nc_count FROM `zmkj_evaluate_goods` WHERE ( geval_goodsid = '110898' ) AND ( (geval_image <> '') OR (geval_image_again <> '') ) LIMIT 1  
[2019-08-27 02:10:12] /shop/index.php?act=goods&op=comments_list&goods_id=110908&type=2 ( act=goods&op=comments_list ) 
ERR: Db Error: Unknown column 'geval_image_again' in 'where clause'
SELECT COUNT(*) AS nc_count FROM `zmkj_evaluate_goods` WHERE ( geval_goodsid = '110908' ) AND ( (geval_image <> '') OR (geval_image_again <> '') ) LIMIT 1  
[2019-08-27 02:40:02] /shop/index.php?act=goods&op=comments_list&goods_id=108834&type=3 ( act=goods&op=comments_list ) 
ERR: Db Error: Unknown column 'geval_image_again' in 'where clause'
SELECT COUNT(*) AS nc_count FROM `zmkj_evaluate_goods` WHERE ( geval_goodsid = '108834' ) AND ( (geval_image <> '') OR (geval_image_again <> '') ) LIMIT 1  
[2019-08-27 05:28:37] /shop/index.php?act=goods&op=comments_list&goods_id=108834&type=2 ( act=goods&op=comments_list ) 
ERR: Db Error: Unknown column 'geval_image_again' in 'where clause'
SELECT COUNT(*) AS nc_count FROM `zmkj_evaluate_goods` WHERE ( geval_goodsid = '108834' ) AND ( (geval_image <> '') OR (geval_image_again <> '') ) LIMIT 1  
[2019-08-27 08:53:10] /shop/index.php?act=hot_sale&op=index ( act=hot_sale&op=index ) 
ERR: Db Error: You have an error in your SQL syntax; check the manual that corresponds to your MySQL server version for the right syntax to use near ') and goods_state=1' at line 1
select * from zmkj_goods where goods_id in () and goods_state=1
[2019-08-27 08:53:10] /shop/index.php?act=hot_sale&op=index ( act=hot_sale&op=index ) 
ERR: Db Error: You have an error in your SQL syntax; check the manual that corresponds to your MySQL server version for the right syntax to use near '' at line 1
select `member_id` from zmkj_store where store_id = 
[2019-08-27 08:53:11] /shop/index.php?act=hot_sale&op=index ( act=hot_sale&op=index ) 
ERR: Db Error: You have an error in your SQL syntax; check the manual that corresponds to your MySQL server version for the right syntax to use near ') and goods_state=1' at line 1
select * from zmkj_goods where goods_id in () and goods_state=1
[2019-08-27 08:53:11] /shop/index.php?act=hot_sale&op=index ( act=hot_sale&op=index ) 
ERR: Db Error: You have an error in your SQL syntax; check the manual that corresponds to your MySQL server version for the right syntax to use near '' at line 1
select `member_id` from zmkj_store where store_id = 
[2019-08-27 09:39:31] /shop/index.php?b_id=483_569_423_430_430_569&curpage=2 ( act=index&op=index ) 
ERR: Db Error: You have an error in your SQL syntax; check the manual that corresponds to your MySQL server version for the right syntax to use near '-6,6' at line 1
SELECT * FROM `zmkj_evaluate_goods` WHERE ( geval_goodsid <> NULL ) AND ( geval_goodsname <> NULL ) AND ( geval_ordergoodsid <> NULL ) ORDER BY geval_id desc LIMIT -6,6  
[2019-08-27 09:40:10] /shop/index.php?b_id=483_423_569_424&curpage=2 ( act=index&op=index ) 
ERR: Db Error: You have an error in your SQL syntax; check the manual that corresponds to your MySQL server version for the right syntax to use near '-6,6' at line 1
SELECT * FROM `zmkj_evaluate_goods` WHERE ( geval_goodsid <> NULL ) AND ( geval_goodsname <> NULL ) AND ( geval_ordergoodsid <> NULL ) ORDER BY geval_id desc LIMIT -6,6  
[2019-08-27 09:40:30] /shop/index.php?b_id=483_430_569_569&curpage=2 ( act=index&op=index ) 
ERR: Db Error: You have an error in your SQL syntax; check the manual that corresponds to your MySQL server version for the right syntax to use near '-6,6' at line 1
SELECT * FROM `zmkj_evaluate_goods` WHERE ( geval_goodsid <> NULL ) AND ( geval_goodsname <> NULL ) AND ( geval_ordergoodsid <> NULL ) ORDER BY geval_id desc LIMIT -6,6  
[2019-08-27 11:15:01] /shop/index.php?act=goods&op=comments_list&goods_id=101367 ( act=goods&op=comments_list ) 
ERR: Db Error: Unknown column 'geval_image_again' in 'where clause'
SELECT COUNT(*) AS nc_count FROM `zmkj_evaluate_goods` WHERE ( geval_goodsid = '101367' ) AND ( (geval_image <> '') OR (geval_image_again <> '') ) LIMIT 1  
[2019-08-27 11:23:58] /shop/index.php?act=goods&op=comments_list&goods_id=108834&type=1 ( act=goods&op=comments_list ) 
ERR: Db Error: Unknown column 'geval_image_again' in 'where clause'
SELECT COUNT(*) AS nc_count FROM `zmkj_evaluate_goods` WHERE ( geval_goodsid = '108834' ) AND ( (geval_image <> '') OR (geval_image_again <> '') ) LIMIT 1  
[2019-08-27 11:30:23] /shop/index.php?act=goods&goods_id=106583&op=comments_list ( act=goods&op=comments_list ) 
ERR: Db Error: Unknown column 'geval_image_again' in 'where clause'
SELECT COUNT(*) AS nc_count FROM `zmkj_evaluate_goods` WHERE ( geval_goodsid = '106583' ) AND ( (geval_image <> '') OR (geval_image_again <> '') ) LIMIT 1  
[2019-08-27 11:33:46] /shop/index.php?act=goods&goods_id=100772&op=comments_list ( act=goods&op=comments_list ) 
ERR: Db Error: Unknown column 'geval_image_again' in 'where clause'
SELECT COUNT(*) AS nc_count FROM `zmkj_evaluate_goods` WHERE ( geval_goodsid = '100772' ) AND ( (geval_image <> '') OR (geval_image_again <> '') ) LIMIT 1  
[2019-08-27 11:40:04] /shop/index.php?act=goods&op=comments_list&goods_id=102806 ( act=goods&op=comments_list ) 
ERR: Db Error: Unknown column 'geval_image_again' in 'where clause'
SELECT COUNT(*) AS nc_count FROM `zmkj_evaluate_goods` WHERE ( geval_goodsid = '102806' ) AND ( (geval_image <> '') OR (geval_image_again <> '') ) LIMIT 1  
[2019-08-27 11:53:19] /shop/index.php?act=goods&goods_id=107183&op=comments_list ( act=goods&op=comments_list ) 
ERR: Db Error: Unknown column 'geval_image_again' in 'where clause'
SELECT COUNT(*) AS nc_count FROM `zmkj_evaluate_goods` WHERE ( geval_goodsid = '107183' ) AND ( (geval_image <> '') OR (geval_image_again <> '') ) LIMIT 1  
[2019-08-27 11:54:20] /shop/index.php?act=goods&goods_id=102077&op=comments_list ( act=goods&op=comments_list ) 
ERR: Db Error: Unknown column 'geval_image_again' in 'where clause'
SELECT COUNT(*) AS nc_count FROM `zmkj_evaluate_goods` WHERE ( geval_goodsid = '102077' ) AND ( (geval_image <> '') OR (geval_image_again <> '') ) LIMIT 1  
[2019-08-27 11:59:03] /shop/index.php?act=goods&goods_id=103027&op=comments_list&type=1 ( act=goods&op=comments_list ) 
ERR: Db Error: Unknown column 'geval_image_again' in 'where clause'
SELECT COUNT(*) AS nc_count FROM `zmkj_evaluate_goods` WHERE ( geval_goodsid = '103027' ) AND ( (geval_image <> '') OR (geval_image_again <> '') ) LIMIT 1  
[2019-08-27 12:01:31] /shop/index.php?act=goods&op=comments_list&goods_id=103897&type=1 ( act=goods&op=comments_list ) 
ERR: Db Error: Unknown column 'geval_image_again' in 'where clause'
SELECT COUNT(*) AS nc_count FROM `zmkj_evaluate_goods` WHERE ( geval_goodsid = '103897' ) AND ( (geval_image <> '') OR (geval_image_again <> '') ) LIMIT 1  
[2019-08-27 12:05:06] /shop/index.php?act=goods&op=comments_list&goods_id=109030 ( act=goods&op=comments_list ) 
ERR: Db Error: Unknown column 'geval_image_again' in 'where clause'
SELECT COUNT(*) AS nc_count FROM `zmkj_evaluate_goods` WHERE ( geval_goodsid = '109030' ) AND ( (geval_image <> '') OR (geval_image_again <> '') ) LIMIT 1  
[2019-08-27 12:08:41] /shop/index.php?act=goods&op=comments_list&goods_id=110311&type=1 ( act=goods&op=comments_list ) 
ERR: Db Error: Unknown column 'geval_image_again' in 'where clause'
SELECT COUNT(*) AS nc_count FROM `zmkj_evaluate_goods` WHERE ( geval_goodsid = '110311' ) AND ( (geval_image <> '') OR (geval_image_again <> '') ) LIMIT 1  
[2019-08-27 12:44:27] /shop/index.php?act=goods&op=comments_list&goods_id=108997&type=1 ( act=goods&op=comments_list ) 
ERR: Db Error: Unknown column 'geval_image_again' in 'where clause'
SELECT COUNT(*) AS nc_count FROM `zmkj_evaluate_goods` WHERE ( geval_goodsid = '108997' ) AND ( (geval_image <> '') OR (geval_image_again <> '') ) LIMIT 1  
[2019-08-27 12:45:18] /shop/index.php?act=goods&goods_id=103847&op=comments_list ( act=goods&op=comments_list ) 
ERR: Db Error: Unknown column 'geval_image_again' in 'where clause'
SELECT COUNT(*) AS nc_count FROM `zmkj_evaluate_goods` WHERE ( geval_goodsid = '103847' ) AND ( (geval_image <> '') OR (geval_image_again <> '') ) LIMIT 1  
[2019-08-27 12:46:15] /shop/index.php?act=goods&op=comments_list&goods_id=108107&type=1 ( act=goods&op=comments_list ) 
ERR: Db Error: Unknown column 'geval_image_again' in 'where clause'
SELECT COUNT(*) AS nc_count FROM `zmkj_evaluate_goods` WHERE ( geval_goodsid = '108107' ) AND ( (geval_image <> '') OR (geval_image_again <> '') ) LIMIT 1  
[2019-08-27 12:48:07] /shop/index.php?act=goods&goods_id=103206&op=comments_list ( act=goods&op=comments_list ) 
ERR: Db Error: Unknown column 'geval_image_again' in 'where clause'
SELECT COUNT(*) AS nc_count FROM `zmkj_evaluate_goods` WHERE ( geval_goodsid = '103206' ) AND ( (geval_image <> '') OR (geval_image_again <> '') ) LIMIT 1  
[2019-08-27 12:50:35] /shop/index.php?act=search&area_id=0&cate_id=1592&op=index ( act=search&op=index ) 
ERR: Db Error: Unknown column 'gc_id_' in 'where clause'
SELECT count(distinct CONCAT(goods_commonid)) AS nc_count FROM `zmkj_goods` WHERE ( gc_id_ = '1592' ) AND ( goods_state = '1' ) AND ( goods_verify = '1' ) LIMIT 1  
[2019-08-27 12:56:09] /shop/index.php?act=goods&goods_id=106897&op=comments_list ( act=goods&op=comments_list ) 
ERR: Db Error: Unknown column 'geval_image_again' in 'where clause'
SELECT COUNT(*) AS nc_count FROM `zmkj_evaluate_goods` WHERE ( geval_goodsid = '106897' ) AND ( (geval_image <> '') OR (geval_image_again <> '') ) LIMIT 1  
[2019-08-27 12:56:25] /shop/index.php?act=goods&goods_id=108097&op=comments_list ( act=goods&op=comments_list ) 
ERR: Db Error: Unknown column 'geval_image_again' in 'where clause'
SELECT COUNT(*) AS nc_count FROM `zmkj_evaluate_goods` WHERE ( geval_goodsid = '108097' ) AND ( (geval_image <> '') OR (geval_image_again <> '') ) LIMIT 1  
[2019-08-27 13:16:18] /shop/index.php?act=goods&goods_id=105884&op=comments_list ( act=goods&op=comments_list ) 
ERR: Db Error: Unknown column 'geval_image_again' in 'where clause'
SELECT COUNT(*) AS nc_count FROM `zmkj_evaluate_goods` WHERE ( geval_goodsid = '105884' ) AND ( (geval_image <> '') OR (geval_image_again <> '') ) LIMIT 1  
[2019-08-27 13:16:20] /shop/index.php?act=goods&goods_id=104407&op=comments_list ( act=goods&op=comments_list ) 
ERR: Db Error: Unknown column 'geval_image_again' in 'where clause'
SELECT COUNT(*) AS nc_count FROM `zmkj_evaluate_goods` WHERE ( geval_goodsid = '104407' ) AND ( (geval_image <> '') OR (geval_image_again <> '') ) LIMIT 1  
[2019-08-27 13:23:06] /shop/index.php?act=goods&goods_id=102051&op=comments_list ( act=goods&op=comments_list ) 
ERR: Db Error: Unknown column 'geval_image_again' in 'where clause'
SELECT COUNT(*) AS nc_count FROM `zmkj_evaluate_goods` WHERE ( geval_goodsid = '102051' ) AND ( (geval_image <> '') OR (geval_image_again <> '') ) LIMIT 1  
[2019-08-27 13:27:06] /shop/index.php?act=goods&goods_id=105433&op=comments_list ( act=goods&op=comments_list ) 
ERR: Db Error: Unknown column 'geval_image_again' in 'where clause'
SELECT COUNT(*) AS nc_count FROM `zmkj_evaluate_goods` WHERE ( geval_goodsid = '105433' ) AND ( (geval_image <> '') OR (geval_image_again <> '') ) LIMIT 1  
[2019-08-27 13:32:33] /shop/index.php?act=goods&goods_id=107169&op=comments_list ( act=goods&op=comments_list ) 
ERR: Db Error: Unknown column 'geval_image_again' in 'where clause'
SELECT COUNT(*) AS nc_count FROM `zmkj_evaluate_goods` WHERE ( geval_goodsid = '107169' ) AND ( (geval_image <> '') OR (geval_image_again <> '') ) LIMIT 1  
[2019-08-27 13:32:43] /shop/index.php?act=goods&goods_id=101941&op=comments_list&type=3 ( act=goods&op=comments_list ) 
ERR: Db Error: Unknown column 'geval_image_again' in 'where clause'
SELECT COUNT(*) AS nc_count FROM `zmkj_evaluate_goods` WHERE ( geval_goodsid = '101941' ) AND ( (geval_image <> '') OR (geval_image_again <> '') ) LIMIT 1  
[2019-08-27 13:56:01] /shop/index.php?act=goods&op=comments_list&goods_id=101613&type=1 ( act=goods&op=comments_list ) 
ERR: Db Error: Unknown column 'geval_image_again' in 'where clause'
SELECT COUNT(*) AS nc_count FROM `zmkj_evaluate_goods` WHERE ( geval_goodsid = '101613' ) AND ( (geval_image <> '') OR (geval_image_again <> '') ) LIMIT 1  
[2019-08-27 14:02:00] /shop/index.php?act=hot_sale&op=index ( act=hot_sale&op=index ) 
ERR: Db Error: You have an error in your SQL syntax; check the manual that corresponds to your MySQL server version for the right syntax to use near ') and goods_state=1' at line 1
select * from zmkj_goods where goods_id in () and goods_state=1
[2019-08-27 14:02:00] /shop/index.php?act=hot_sale&op=index ( act=hot_sale&op=index ) 
ERR: Db Error: You have an error in your SQL syntax; check the manual that corresponds to your MySQL server version for the right syntax to use near '' at line 1
select `member_id` from zmkj_store where store_id = 
[2019-08-27 14:02:06] /shop/index.php?act=hot_sale&op=index ( act=hot_sale&op=index ) 
ERR: Db Error: You have an error in your SQL syntax; check the manual that corresponds to your MySQL server version for the right syntax to use near ') and goods_state=1' at line 1
select * from zmkj_goods where goods_id in () and goods_state=1
[2019-08-27 14:02:06] /shop/index.php?act=hot_sale&op=index ( act=hot_sale&op=index ) 
ERR: Db Error: You have an error in your SQL syntax; check the manual that corresponds to your MySQL server version for the right syntax to use near '' at line 1
select `member_id` from zmkj_store where store_id = 
[2019-08-27 14:06:45] /shop/index.php?act=goods&op=comments_list&goods_id=100654 ( act=goods&op=comments_list ) 
ERR: Db Error: Unknown column 'geval_image_again' in 'where clause'
SELECT COUNT(*) AS nc_count FROM `zmkj_evaluate_goods` WHERE ( geval_goodsid = '100654' ) AND ( (geval_image <> '') OR (geval_image_again <> '') ) LIMIT 1  
[2019-08-27 14:09:14] /shop/index.php?act=hot_sale&op=index ( act=hot_sale&op=index ) 
ERR: Db Error: You have an error in your SQL syntax; check the manual that corresponds to your MySQL server version for the right syntax to use near ') and goods_state=1' at line 1
select * from zmkj_goods where goods_id in () and goods_state=1
[2019-08-27 14:09:14] /shop/index.php?act=hot_sale&op=index ( act=hot_sale&op=index ) 
ERR: Db Error: You have an error in your SQL syntax; check the manual that corresponds to your MySQL server version for the right syntax to use near '' at line 1
select `member_id` from zmkj_store where store_id = 
[2019-08-27 14:09:18] /shop/index.php?act=hot_sale&op=index ( act=hot_sale&op=index ) 
ERR: Db Error: You have an error in your SQL syntax; check the manual that corresponds to your MySQL server version for the right syntax to use near ') and goods_state=1' at line 1
select * from zmkj_goods where goods_id in () and goods_state=1
[2019-08-27 14:09:18] /shop/index.php?act=hot_sale&op=index ( act=hot_sale&op=index ) 
ERR: Db Error: You have an error in your SQL syntax; check the manual that corresponds to your MySQL server version for the right syntax to use near '' at line 1
select `member_id` from zmkj_store where store_id = 
[2019-08-27 14:31:47] /shop/index.php?act=goods&op=comments_list&goods_id=102767&type=1 ( act=goods&op=comments_list ) 
ERR: Db Error: Unknown column 'geval_image_again' in 'where clause'
SELECT COUNT(*) AS nc_count FROM `zmkj_evaluate_goods` WHERE ( geval_goodsid = '102767' ) AND ( (geval_image <> '') OR (geval_image_again <> '') ) LIMIT 1  
[2019-08-27 14:51:15] /shop/index.php?act=goods&op=comments_list&goods_id=110122 ( act=goods&op=comments_list ) 
ERR: Db Error: Unknown column 'geval_image_again' in 'where clause'
SELECT COUNT(*) AS nc_count FROM `zmkj_evaluate_goods` WHERE ( geval_goodsid = '110122' ) AND ( (geval_image <> '') OR (geval_image_again <> '') ) LIMIT 1  
[2019-08-27 15:01:46] /shop/index.php?act=goods&op=comments_list&goods_id=105223&type=1 ( act=goods&op=comments_list ) 
ERR: Db Error: Unknown column 'geval_image_again' in 'where clause'
SELECT COUNT(*) AS nc_count FROM `zmkj_evaluate_goods` WHERE ( geval_goodsid = '105223' ) AND ( (geval_image <> '') OR (geval_image_again <> '') ) LIMIT 1  
[2019-08-27 16:20:36] /shop/index.php?act=goods&op=comments_list&goods_id=108743&type=1 ( act=goods&op=comments_list ) 
ERR: Db Error: Unknown column 'geval_image_again' in 'where clause'
SELECT COUNT(*) AS nc_count FROM `zmkj_evaluate_goods` WHERE ( geval_goodsid = '108743' ) AND ( (geval_image <> '') OR (geval_image_again <> '') ) LIMIT 1  
[2019-08-27 16:25:51] /shop/index.php?act=goods&op=comments_list&goods_id=109361&type=1 ( act=goods&op=comments_list ) 
ERR: Db Error: Unknown column 'geval_image_again' in 'where clause'
SELECT COUNT(*) AS nc_count FROM `zmkj_evaluate_goods` WHERE ( geval_goodsid = '109361' ) AND ( (geval_image <> '') OR (geval_image_again <> '') ) LIMIT 1  
[2019-08-27 16:31:07] /shop/index.php?act=goods&op=comments_list&goods_id=110206 ( act=goods&op=comments_list ) 
ERR: Db Error: Unknown column 'geval_image_again' in 'where clause'
SELECT COUNT(*) AS nc_count FROM `zmkj_evaluate_goods` WHERE ( geval_goodsid = '110206' ) AND ( (geval_image <> '') OR (geval_image_again <> '') ) LIMIT 1  
[2019-08-27 16:54:46] /shop/index.php?act=goods&op=comments_list&goods_id=109064&type=1 ( act=goods&op=comments_list ) 
ERR: Db Error: Unknown column 'geval_image_again' in 'where clause'
SELECT COUNT(*) AS nc_count FROM `zmkj_evaluate_goods` WHERE ( geval_goodsid = '109064' ) AND ( (geval_image <> '') OR (geval_image_again <> '') ) LIMIT 1  
[2019-08-27 17:15:48] /shop/index.php?act=goods&op=comments_list&goods_id=108747 ( act=goods&op=comments_list ) 
ERR: Db Error: Unknown column 'geval_image_again' in 'where clause'
SELECT COUNT(*) AS nc_count FROM `zmkj_evaluate_goods` WHERE ( geval_goodsid = '108747' ) AND ( (geval_image <> '') OR (geval_image_again <> '') ) LIMIT 1  
[2019-08-27 17:38:19] /shop/index.php?act=goods&op=comments_list&goods_id=101244 ( act=goods&op=comments_list ) 
ERR: Db Error: Unknown column 'geval_image_again' in 'where clause'
SELECT COUNT(*) AS nc_count FROM `zmkj_evaluate_goods` WHERE ( geval_goodsid = '101244' ) AND ( (geval_image <> '') OR (geval_image_again <> '') ) LIMIT 1  
[2019-08-27 17:44:42] /shop/index.php?act=goods&op=comments_list&goods_id=110972 ( act=goods&op=comments_list ) 
ERR: Db Error: Unknown column 'geval_image_again' in 'where clause'
SELECT COUNT(*) AS nc_count FROM `zmkj_evaluate_goods` WHERE ( geval_goodsid = '110972' ) AND ( (geval_image <> '') OR (geval_image_again <> '') ) LIMIT 1  
[2019-08-27 17:49:57] /shop/index.php?act=goods&op=comments_list&goods_id=105793 ( act=goods&op=comments_list ) 
ERR: Db Error: Unknown column 'geval_image_again' in 'where clause'
SELECT COUNT(*) AS nc_count FROM `zmkj_evaluate_goods` WHERE ( geval_goodsid = '105793' ) AND ( (geval_image <> '') OR (geval_image_again <> '') ) LIMIT 1  
[2019-08-27 18:07:24] /shop/index.php?act=search&op=index&cate_id=1599 ( act=search&op=index ) 
ERR: Db Error: Unknown column 'gc_id_' in 'where clause'
SELECT count(distinct CONCAT(goods_commonid)) AS nc_count FROM `zmkj_goods` WHERE ( gc_id_ = '1599' ) AND ( goods_state = '1' ) AND ( goods_verify = '1' ) LIMIT 1  
[2019-08-27 18:08:21] /shop/index.php?act=goods&op=comments_list&goods_id=103894&type=1 ( act=goods&op=comments_list ) 
ERR: Db Error: Unknown column 'geval_image_again' in 'where clause'
SELECT COUNT(*) AS nc_count FROM `zmkj_evaluate_goods` WHERE ( geval_goodsid = '103894' ) AND ( (geval_image <> '') OR (geval_image_again <> '') ) LIMIT 1  
[2019-08-27 18:34:38] /shop/index.php?act=goods&op=comments_list&goods_id=108710 ( act=goods&op=comments_list ) 
ERR: Db Error: Unknown column 'geval_image_again' in 'where clause'
SELECT COUNT(*) AS nc_count FROM `zmkj_evaluate_goods` WHERE ( geval_goodsid = '108710' ) AND ( (geval_image <> '') OR (geval_image_again <> '') ) LIMIT 1  
[2019-08-27 18:37:16] /shop/index.php?act=goods&op=comments_list&goods_id=101736 ( act=goods&op=comments_list ) 
ERR: Db Error: Unknown column 'geval_image_again' in 'where clause'
SELECT COUNT(*) AS nc_count FROM `zmkj_evaluate_goods` WHERE ( geval_goodsid = '101736' ) AND ( (geval_image <> '') OR (geval_image_again <> '') ) LIMIT 1  
[2019-08-27 19:20:33] /shop/index.php?act=goods&op=comments_list&goods_id=108107&type=3 ( act=goods&op=comments_list ) 
ERR: Db Error: Unknown column 'geval_image_again' in 'where clause'
SELECT COUNT(*) AS nc_count FROM `zmkj_evaluate_goods` WHERE ( geval_goodsid = '108107' ) AND ( (geval_image <> '') OR (geval_image_again <> '') ) LIMIT 1  
[2019-08-27 19:29:44] /shop/index.php?act=hot_sale&op=index ( act=hot_sale&op=index ) 
ERR: Db Error: You have an error in your SQL syntax; check the manual that corresponds to your MySQL server version for the right syntax to use near ') and goods_state=1' at line 1
select * from zmkj_goods where goods_id in () and goods_state=1
[2019-08-27 19:29:44] /shop/index.php?act=hot_sale&op=index ( act=hot_sale&op=index ) 
ERR: Db Error: You have an error in your SQL syntax; check the manual that corresponds to your MySQL server version for the right syntax to use near '' at line 1
select `member_id` from zmkj_store where store_id = 
[2019-08-27 21:07:00] /shop/index.php?act=goods&op=comments_list&goods_id=110134&type=3 ( act=goods&op=comments_list ) 
ERR: Db Error: Unknown column 'geval_image_again' in 'where clause'
SELECT COUNT(*) AS nc_count FROM `zmkj_evaluate_goods` WHERE ( geval_goodsid = '110134' ) AND ( (geval_image <> '') OR (geval_image_again <> '') ) LIMIT 1  
[2019-08-27 21:34:56] /shop/index.php?act=goods&op=comments_list&goods_id=110631&type=1 ( act=goods&op=comments_list ) 
ERR: Db Error: Unknown column 'geval_image_again' in 'where clause'
SELECT COUNT(*) AS nc_count FROM `zmkj_evaluate_goods` WHERE ( geval_goodsid = '110631' ) AND ( (geval_image <> '') OR (geval_image_again <> '') ) LIMIT 1  
[2019-08-27 22:02:52] /shop/index.php?act=goods&op=comments_list&goods_id=106282&type=1 ( act=goods&op=comments_list ) 
ERR: Db Error: Unknown column 'geval_image_again' in 'where clause'
SELECT COUNT(*) AS nc_count FROM `zmkj_evaluate_goods` WHERE ( geval_goodsid = '106282' ) AND ( (geval_image <> '') OR (geval_image_again <> '') ) LIMIT 1  
[2019-08-27 22:15:29] /shop/index.php?act=goods&op=comments_list&goods_id=108472&type=1 ( act=goods&op=comments_list ) 
ERR: Db Error: Unknown column 'geval_image_again' in 'where clause'
SELECT COUNT(*) AS nc_count FROM `zmkj_evaluate_goods` WHERE ( geval_goodsid = '108472' ) AND ( (geval_image <> '') OR (geval_image_again <> '') ) LIMIT 1  
[2019-08-27 23:28:01] /shop/index.php?act=hot_sale&op=index ( act=hot_sale&op=index ) 
ERR: Db Error: You have an error in your SQL syntax; check the manual that corresponds to your MySQL server version for the right syntax to use near ') and goods_state=1' at line 1
select * from zmkj_goods where goods_id in () and goods_state=1
[2019-08-27 23:28:01] /shop/index.php?act=hot_sale&op=index ( act=hot_sale&op=index ) 
ERR: Db Error: You have an error in your SQL syntax; check the manual that corresponds to your MySQL server version for the right syntax to use near '' at line 1
select `member_id` from zmkj_store where store_id = 
[2019-08-27 23:40:29] /shop/index.php?act=goods&op=comments_list&goods_id=106238&type=1 ( act=goods&op=comments_list ) 
ERR: Db Error: Unknown column 'geval_image_again' in 'where clause'
SELECT COUNT(*) AS nc_count FROM `zmkj_evaluate_goods` WHERE ( geval_goodsid = '106238' ) AND ( (geval_image <> '') OR (geval_image_again <> '') ) LIMIT 1  
