[2019-11-25 00:14:51] /shop/index.php?act=goods&op=comments_list&goods_id=111834 ( act=goods&op=comments_list ) 
ERR: Db Error: Unknown column 'geval_image_again' in 'where clause'
SELECT COUNT(*) AS nc_count FROM `zmkj_evaluate_goods` WHERE ( geval_goodsid = '111834' ) AND ( (geval_image <> '') OR (geval_image_again <> '') ) LIMIT 1  
[2019-11-25 01:27:28] /shop/index.php?act=search&op=index&cate_id=1574 ( act=search&op=index ) 
ERR: Db Error: Unknown column 'gc_id_' in 'where clause'
SELECT count(distinct CONCAT(goods_commonid)) AS nc_count FROM `zmkj_goods` WHERE ( gc_id_ = '1574' ) AND ( goods_state = '1' ) AND ( goods_verify = '1' ) LIMIT 1  
[2019-11-25 03:39:02] /shop/index.php?act=goods&op=comments_list&goods_id=105609 ( act=goods&op=comments_list ) 
ERR: Db Error: Unknown column 'geval_image_again' in 'where clause'
SELECT COUNT(*) AS nc_count FROM `zmkj_evaluate_goods` WHERE ( geval_goodsid = '105609' ) AND ( (geval_image <> '') OR (geval_image_again <> '') ) LIMIT 1  
[2019-11-25 03:59:02] /shop/index.php?act=goods&op=comments_list&goods_id=111511 ( act=goods&op=comments_list ) 
ERR: Db Error: Unknown column 'geval_image_again' in 'where clause'
SELECT COUNT(*) AS nc_count FROM `zmkj_evaluate_goods` WHERE ( geval_goodsid = '111511' ) AND ( (geval_image <> '') OR (geval_image_again <> '') ) LIMIT 1  
[2019-11-25 11:30:05] /shop/index.php?act=goods&op=comments_list&goods_id=110972 ( act=goods&op=comments_list ) 
ERR: Db Error: Unknown column 'geval_image_again' in 'where clause'
SELECT COUNT(*) AS nc_count FROM `zmkj_evaluate_goods` WHERE ( geval_goodsid = '110972' ) AND ( (geval_image <> '') OR (geval_image_again <> '') ) LIMIT 1  
[2019-11-25 13:48:04] /shop/index.php?act=goods&op=comments_list&goods_id=110582 ( act=goods&op=comments_list ) 
ERR: Db Error: Unknown column 'geval_image_again' in 'where clause'
SELECT COUNT(*) AS nc_count FROM `zmkj_evaluate_goods` WHERE ( geval_goodsid = '110582' ) AND ( (geval_image <> '') OR (geval_image_again <> '') ) LIMIT 1  
[2019-11-25 14:20:39] /shop/index.php?act=hot_sale&op=index ( act=hot_sale&op=index ) 
ERR: Db Error: You have an error in your SQL syntax; check the manual that corresponds to your MySQL server version for the right syntax to use near ') and goods_state=1' at line 1
select * from zmkj_goods where goods_id in () and goods_state=1
[2019-11-25 14:20:39] /shop/index.php?act=hot_sale&op=index ( act=hot_sale&op=index ) 
ERR: Db Error: You have an error in your SQL syntax; check the manual that corresponds to your MySQL server version for the right syntax to use near '' at line 1
select `member_id` from zmkj_store where store_id = 
[2019-11-25 15:36:59] /shop/index.php?act=goods&op=comments_list&goods_id=112213 ( act=goods&op=comments_list ) 
ERR: Db Error: Unknown column 'geval_image_again' in 'where clause'
SELECT COUNT(*) AS nc_count FROM `zmkj_evaluate_goods` WHERE ( geval_goodsid = '112213' ) AND ( (geval_image <> '') OR (geval_image_again <> '') ) LIMIT 1  
[2019-11-25 15:38:24] /shop/index.php?act=goods&op=comments_list&goods_id=112191 ( act=goods&op=comments_list ) 
ERR: Db Error: Unknown column 'geval_image_again' in 'where clause'
SELECT COUNT(*) AS nc_count FROM `zmkj_evaluate_goods` WHERE ( geval_goodsid = '112191' ) AND ( (geval_image <> '') OR (geval_image_again <> '') ) LIMIT 1  
[2019-11-25 15:41:12] /shop/index.php?act=goods&op=comments_list&goods_id=112190 ( act=goods&op=comments_list ) 
ERR: Db Error: Unknown column 'geval_image_again' in 'where clause'
SELECT COUNT(*) AS nc_count FROM `zmkj_evaluate_goods` WHERE ( geval_goodsid = '112190' ) AND ( (geval_image <> '') OR (geval_image_again <> '') ) LIMIT 1  
[2019-11-25 15:44:01] /shop/index.php?act=goods&op=comments_list&goods_id=112148 ( act=goods&op=comments_list ) 
ERR: Db Error: Unknown column 'geval_image_again' in 'where clause'
SELECT COUNT(*) AS nc_count FROM `zmkj_evaluate_goods` WHERE ( geval_goodsid = '112148' ) AND ( (geval_image <> '') OR (geval_image_again <> '') ) LIMIT 1  
[2019-11-25 15:46:50] /shop/index.php?act=goods&op=comments_list&goods_id=112059 ( act=goods&op=comments_list ) 
ERR: Db Error: Unknown column 'geval_image_again' in 'where clause'
SELECT COUNT(*) AS nc_count FROM `zmkj_evaluate_goods` WHERE ( geval_goodsid = '112059' ) AND ( (geval_image <> '') OR (geval_image_again <> '') ) LIMIT 1  
[2019-11-25 15:51:03] /shop/index.php?act=goods&op=comments_list&goods_id=112150 ( act=goods&op=comments_list ) 
ERR: Db Error: Unknown column 'geval_image_again' in 'where clause'
SELECT COUNT(*) AS nc_count FROM `zmkj_evaluate_goods` WHERE ( geval_goodsid = '112150' ) AND ( (geval_image <> '') OR (geval_image_again <> '') ) LIMIT 1  
[2019-11-25 15:58:05] /shop/index.php?act=goods&op=comments_list&goods_id=112149 ( act=goods&op=comments_list ) 
ERR: Db Error: Unknown column 'geval_image_again' in 'where clause'
SELECT COUNT(*) AS nc_count FROM `zmkj_evaluate_goods` WHERE ( geval_goodsid = '112149' ) AND ( (geval_image <> '') OR (geval_image_again <> '') ) LIMIT 1  
[2019-11-25 15:59:29] /shop/index.php?act=goods&op=comments_list&goods_id=112183 ( act=goods&op=comments_list ) 
ERR: Db Error: Unknown column 'geval_image_again' in 'where clause'
SELECT COUNT(*) AS nc_count FROM `zmkj_evaluate_goods` WHERE ( geval_goodsid = '112183' ) AND ( (geval_image <> '') OR (geval_image_again <> '') ) LIMIT 1  
[2019-11-25 16:00:53] /shop/index.php?act=goods&op=comments_list&goods_id=112144 ( act=goods&op=comments_list ) 
ERR: Db Error: Unknown column 'geval_image_again' in 'where clause'
SELECT COUNT(*) AS nc_count FROM `zmkj_evaluate_goods` WHERE ( geval_goodsid = '112144' ) AND ( (geval_image <> '') OR (geval_image_again <> '') ) LIMIT 1  
[2019-11-25 16:02:18] /shop/index.php?act=goods&op=comments_list&goods_id=112123 ( act=goods&op=comments_list ) 
ERR: Db Error: Unknown column 'geval_image_again' in 'where clause'
SELECT COUNT(*) AS nc_count FROM `zmkj_evaluate_goods` WHERE ( geval_goodsid = '112123' ) AND ( (geval_image <> '') OR (geval_image_again <> '') ) LIMIT 1  
[2019-11-25 16:03:42] /shop/index.php?act=goods&op=comments_list&goods_id=112158 ( act=goods&op=comments_list ) 
ERR: Db Error: Unknown column 'geval_image_again' in 'where clause'
SELECT COUNT(*) AS nc_count FROM `zmkj_evaluate_goods` WHERE ( geval_goodsid = '112158' ) AND ( (geval_image <> '') OR (geval_image_again <> '') ) LIMIT 1  
[2019-11-25 16:06:31] /shop/index.php?act=goods&op=comments_list&goods_id=112220 ( act=goods&op=comments_list ) 
ERR: Db Error: Unknown column 'geval_image_again' in 'where clause'
SELECT COUNT(*) AS nc_count FROM `zmkj_evaluate_goods` WHERE ( geval_goodsid = '112220' ) AND ( (geval_image <> '') OR (geval_image_again <> '') ) LIMIT 1  
[2019-11-25 16:07:55] /shop/index.php?act=goods&op=comments_list&goods_id=112076 ( act=goods&op=comments_list ) 
ERR: Db Error: Unknown column 'geval_image_again' in 'where clause'
SELECT COUNT(*) AS nc_count FROM `zmkj_evaluate_goods` WHERE ( geval_goodsid = '112076' ) AND ( (geval_image <> '') OR (geval_image_again <> '') ) LIMIT 1  
[2019-11-25 16:09:19] /shop/index.php?act=goods&op=comments_list&goods_id=112221 ( act=goods&op=comments_list ) 
ERR: Db Error: Unknown column 'geval_image_again' in 'where clause'
SELECT COUNT(*) AS nc_count FROM `zmkj_evaluate_goods` WHERE ( geval_goodsid = '112221' ) AND ( (geval_image <> '') OR (geval_image_again <> '') ) LIMIT 1  
[2019-11-25 18:05:06] /shop/index.php?act=goods&op=comments_list&goods_id=111246 ( act=goods&op=comments_list ) 
ERR: Db Error: Unknown column 'geval_image_again' in 'where clause'
SELECT COUNT(*) AS nc_count FROM `zmkj_evaluate_goods` WHERE ( geval_goodsid = '111246' ) AND ( (geval_image <> '') OR (geval_image_again <> '') ) LIMIT 1  
[2019-11-25 19:37:25] /shop/index.php?act=goods&op=comments_list&goods_id=112385 ( act=goods&op=comments_list ) 
ERR: Db Error: Unknown column 'geval_image_again' in 'where clause'
SELECT COUNT(*) AS nc_count FROM `zmkj_evaluate_goods` WHERE ( geval_goodsid = '112385' ) AND ( (geval_image <> '') OR (geval_image_again <> '') ) LIMIT 1  
[2019-11-25 19:38:50] /shop/index.php?act=goods&op=comments_list&goods_id=112372 ( act=goods&op=comments_list ) 
ERR: Db Error: Unknown column 'geval_image_again' in 'where clause'
SELECT COUNT(*) AS nc_count FROM `zmkj_evaluate_goods` WHERE ( geval_goodsid = '112372' ) AND ( (geval_image <> '') OR (geval_image_again <> '') ) LIMIT 1  
[2019-11-25 19:40:14] /shop/index.php?act=goods&op=comments_list&goods_id=112415 ( act=goods&op=comments_list ) 
ERR: Db Error: Unknown column 'geval_image_again' in 'where clause'
SELECT COUNT(*) AS nc_count FROM `zmkj_evaluate_goods` WHERE ( geval_goodsid = '112415' ) AND ( (geval_image <> '') OR (geval_image_again <> '') ) LIMIT 1  
[2019-11-25 19:41:39] /shop/index.php?act=goods&op=comments_list&goods_id=112338 ( act=goods&op=comments_list ) 
ERR: Db Error: Unknown column 'geval_image_again' in 'where clause'
SELECT COUNT(*) AS nc_count FROM `zmkj_evaluate_goods` WHERE ( geval_goodsid = '112338' ) AND ( (geval_image <> '') OR (geval_image_again <> '') ) LIMIT 1  
[2019-11-25 19:43:03] /shop/index.php?act=goods&op=comments_list&goods_id=112328 ( act=goods&op=comments_list ) 
ERR: Db Error: Unknown column 'geval_image_again' in 'where clause'
SELECT COUNT(*) AS nc_count FROM `zmkj_evaluate_goods` WHERE ( geval_goodsid = '112328' ) AND ( (geval_image <> '') OR (geval_image_again <> '') ) LIMIT 1  
[2019-11-25 19:50:05] /shop/index.php?act=goods&op=comments_list&goods_id=112226 ( act=goods&op=comments_list ) 
ERR: Db Error: Unknown column 'geval_image_again' in 'where clause'
SELECT COUNT(*) AS nc_count FROM `zmkj_evaluate_goods` WHERE ( geval_goodsid = '112226' ) AND ( (geval_image <> '') OR (geval_image_again <> '') ) LIMIT 1  
[2019-11-25 19:54:18] /shop/index.php?act=goods&op=comments_list&goods_id=112416 ( act=goods&op=comments_list ) 
ERR: Db Error: Unknown column 'geval_image_again' in 'where clause'
SELECT COUNT(*) AS nc_count FROM `zmkj_evaluate_goods` WHERE ( geval_goodsid = '112416' ) AND ( (geval_image <> '') OR (geval_image_again <> '') ) LIMIT 1  
[2019-11-25 19:55:42] /shop/index.php?act=goods&op=comments_list&goods_id=112274 ( act=goods&op=comments_list ) 
ERR: Db Error: Unknown column 'geval_image_again' in 'where clause'
SELECT COUNT(*) AS nc_count FROM `zmkj_evaluate_goods` WHERE ( geval_goodsid = '112274' ) AND ( (geval_image <> '') OR (geval_image_again <> '') ) LIMIT 1  
[2019-11-25 19:57:07] /shop/index.php?act=goods&op=comments_list&goods_id=112259 ( act=goods&op=comments_list ) 
ERR: Db Error: Unknown column 'geval_image_again' in 'where clause'
SELECT COUNT(*) AS nc_count FROM `zmkj_evaluate_goods` WHERE ( geval_goodsid = '112259' ) AND ( (geval_image <> '') OR (geval_image_again <> '') ) LIMIT 1  
[2019-11-25 19:58:31] /shop/index.php?act=goods&op=comments_list&goods_id=112273 ( act=goods&op=comments_list ) 
ERR: Db Error: Unknown column 'geval_image_again' in 'where clause'
SELECT COUNT(*) AS nc_count FROM `zmkj_evaluate_goods` WHERE ( geval_goodsid = '112273' ) AND ( (geval_image <> '') OR (geval_image_again <> '') ) LIMIT 1  
[2019-11-25 19:59:55] /shop/index.php?act=goods&op=comments_list&goods_id=112384 ( act=goods&op=comments_list ) 
ERR: Db Error: Unknown column 'geval_image_again' in 'where clause'
SELECT COUNT(*) AS nc_count FROM `zmkj_evaluate_goods` WHERE ( geval_goodsid = '112384' ) AND ( (geval_image <> '') OR (geval_image_again <> '') ) LIMIT 1  
[2019-11-25 20:02:44] /shop/index.php?act=goods&op=comments_list&goods_id=112378 ( act=goods&op=comments_list ) 
ERR: Db Error: Unknown column 'geval_image_again' in 'where clause'
SELECT COUNT(*) AS nc_count FROM `zmkj_evaluate_goods` WHERE ( geval_goodsid = '112378' ) AND ( (geval_image <> '') OR (geval_image_again <> '') ) LIMIT 1  
[2019-11-25 20:04:08] /shop/index.php?act=goods&op=comments_list&goods_id=112271 ( act=goods&op=comments_list ) 
ERR: Db Error: Unknown column 'geval_image_again' in 'where clause'
SELECT COUNT(*) AS nc_count FROM `zmkj_evaluate_goods` WHERE ( geval_goodsid = '112271' ) AND ( (geval_image <> '') OR (geval_image_again <> '') ) LIMIT 1  
[2019-11-25 20:05:33] /shop/index.php?act=goods&op=comments_list&goods_id=112276 ( act=goods&op=comments_list ) 
ERR: Db Error: Unknown column 'geval_image_again' in 'where clause'
SELECT COUNT(*) AS nc_count FROM `zmkj_evaluate_goods` WHERE ( geval_goodsid = '112276' ) AND ( (geval_image <> '') OR (geval_image_again <> '') ) LIMIT 1  
[2019-11-25 20:06:57] /shop/index.php?act=goods&op=comments_list&goods_id=112383 ( act=goods&op=comments_list ) 
ERR: Db Error: Unknown column 'geval_image_again' in 'where clause'
SELECT COUNT(*) AS nc_count FROM `zmkj_evaluate_goods` WHERE ( geval_goodsid = '112383' ) AND ( (geval_image <> '') OR (geval_image_again <> '') ) LIMIT 1  
[2019-11-25 20:09:46] /shop/index.php?act=goods&op=comments_list&goods_id=112222 ( act=goods&op=comments_list ) 
ERR: Db Error: Unknown column 'geval_image_again' in 'where clause'
SELECT COUNT(*) AS nc_count FROM `zmkj_evaluate_goods` WHERE ( geval_goodsid = '112222' ) AND ( (geval_image <> '') OR (geval_image_again <> '') ) LIMIT 1  
[2019-11-25 20:11:10] /shop/index.php?act=goods&op=comments_list&goods_id=112334 ( act=goods&op=comments_list ) 
ERR: Db Error: Unknown column 'geval_image_again' in 'where clause'
SELECT COUNT(*) AS nc_count FROM `zmkj_evaluate_goods` WHERE ( geval_goodsid = '112334' ) AND ( (geval_image <> '') OR (geval_image_again <> '') ) LIMIT 1  
[2019-11-25 20:13:59] /shop/index.php?act=goods&op=comments_list&goods_id=112272 ( act=goods&op=comments_list ) 
ERR: Db Error: Unknown column 'geval_image_again' in 'where clause'
SELECT COUNT(*) AS nc_count FROM `zmkj_evaluate_goods` WHERE ( geval_goodsid = '112272' ) AND ( (geval_image <> '') OR (geval_image_again <> '') ) LIMIT 1  
[2019-11-25 20:16:48] /shop/index.php?act=goods&op=comments_list&goods_id=112339 ( act=goods&op=comments_list ) 
ERR: Db Error: Unknown column 'geval_image_again' in 'where clause'
SELECT COUNT(*) AS nc_count FROM `zmkj_evaluate_goods` WHERE ( geval_goodsid = '112339' ) AND ( (geval_image <> '') OR (geval_image_again <> '') ) LIMIT 1  
[2019-11-25 20:18:12] /shop/index.php?act=goods&op=comments_list&goods_id=112281 ( act=goods&op=comments_list ) 
ERR: Db Error: Unknown column 'geval_image_again' in 'where clause'
SELECT COUNT(*) AS nc_count FROM `zmkj_evaluate_goods` WHERE ( geval_goodsid = '112281' ) AND ( (geval_image <> '') OR (geval_image_again <> '') ) LIMIT 1  
[2019-11-25 20:19:36] /shop/index.php?act=goods&op=comments_list&goods_id=112422 ( act=goods&op=comments_list ) 
ERR: Db Error: Unknown column 'geval_image_again' in 'where clause'
SELECT COUNT(*) AS nc_count FROM `zmkj_evaluate_goods` WHERE ( geval_goodsid = '112422' ) AND ( (geval_image <> '') OR (geval_image_again <> '') ) LIMIT 1  
[2019-11-25 20:21:01] /shop/index.php?act=goods&op=comments_list&goods_id=112302 ( act=goods&op=comments_list ) 
ERR: Db Error: Unknown column 'geval_image_again' in 'where clause'
SELECT COUNT(*) AS nc_count FROM `zmkj_evaluate_goods` WHERE ( geval_goodsid = '112302' ) AND ( (geval_image <> '') OR (geval_image_again <> '') ) LIMIT 1  
