[2019-10-24 09:20:15] /shop/index.php?act=search&op=index&cate_id=1696 ( act=search&op=index ) 
ERR: Db Error: Unknown column 'gc_id_' in 'where clause'
SELECT count(distinct CONCAT(goods_commonid)) AS nc_count FROM `zmkj_goods` WHERE ( gc_id_ = '1696' ) AND ( goods_state = '1' ) AND ( goods_verify = '1' ) LIMIT 1  
[2019-10-24 11:03:10] /shop/index.php?act=goods&op=comments_list&goods_id=101244 ( act=goods&op=comments_list ) 
ERR: Db Error: Unknown column 'geval_image_again' in 'where clause'
SELECT COUNT(*) AS nc_count FROM `zmkj_evaluate_goods` WHERE ( geval_goodsid = '101244' ) AND ( (geval_image <> '') OR (geval_image_again <> '') ) LIMIT 1  
[2019-10-24 11:45:58] /shop/index.php?act=goods&goods_id=106130&op=comments_list ( act=goods&op=comments_list ) 
ERR: Db Error: Unknown column 'geval_image_again' in 'where clause'
SELECT COUNT(*) AS nc_count FROM `zmkj_evaluate_goods` WHERE ( geval_goodsid = '106130' ) AND ( (geval_image <> '') OR (geval_image_again <> '') ) LIMIT 1  
[2019-10-24 12:11:20] /shop/index.php?act=goods&goods_id=100570&op=comments_list&type=3 ( act=goods&op=comments_list ) 
ERR: Db Error: Unknown column 'geval_image_again' in 'where clause'
SELECT COUNT(*) AS nc_count FROM `zmkj_evaluate_goods` WHERE ( geval_goodsid = '100570' ) AND ( (geval_image <> '') OR (geval_image_again <> '') ) LIMIT 1  
[2019-10-24 12:12:31] /shop/index.php?act=goods&goods_id=104200&op=comments_list ( act=goods&op=comments_list ) 
ERR: Db Error: Unknown column 'geval_image_again' in 'where clause'
SELECT COUNT(*) AS nc_count FROM `zmkj_evaluate_goods` WHERE ( geval_goodsid = '104200' ) AND ( (geval_image <> '') OR (geval_image_again <> '') ) LIMIT 1  
[2019-10-24 13:57:35] /shop/index.php?act=search&area_id=16&cate_id=1601&op=index ( act=search&op=index ) 
ERR: Db Error: Unknown column 'gc_id_' in 'where clause'
SELECT count(distinct CONCAT(goods_commonid)) AS nc_count FROM `zmkj_goods` WHERE ( gc_id_ = '1601' ) AND ( areaid_1 = '16' ) AND ( goods_state = '1' ) AND ( goods_verify = '1' ) LIMIT 1  
[2019-10-24 13:58:21] /shop/index.php?act=goods&goods_id=102723&op=comments_list ( act=goods&op=comments_list ) 
ERR: Db Error: Unknown column 'geval_image_again' in 'where clause'
SELECT COUNT(*) AS nc_count FROM `zmkj_evaluate_goods` WHERE ( geval_goodsid = '102723' ) AND ( (geval_image <> '') OR (geval_image_again <> '') ) LIMIT 1  
[2019-10-24 14:01:04] /shop/index.php?act=goods&goods_id=104030&op=comments_list ( act=goods&op=comments_list ) 
ERR: Db Error: Unknown column 'geval_image_again' in 'where clause'
SELECT COUNT(*) AS nc_count FROM `zmkj_evaluate_goods` WHERE ( geval_goodsid = '104030' ) AND ( (geval_image <> '') OR (geval_image_again <> '') ) LIMIT 1  
[2019-10-24 14:02:55] /shop/index.php?act=goods&goods_id=101715&op=comments_list ( act=goods&op=comments_list ) 
ERR: Db Error: Unknown column 'geval_image_again' in 'where clause'
SELECT COUNT(*) AS nc_count FROM `zmkj_evaluate_goods` WHERE ( geval_goodsid = '101715' ) AND ( (geval_image <> '') OR (geval_image_again <> '') ) LIMIT 1  
[2019-10-24 14:03:17] /shop/index.php?act=goods&goods_id=101869&op=comments_list ( act=goods&op=comments_list ) 
ERR: Db Error: Unknown column 'geval_image_again' in 'where clause'
SELECT COUNT(*) AS nc_count FROM `zmkj_evaluate_goods` WHERE ( geval_goodsid = '101869' ) AND ( (geval_image <> '') OR (geval_image_again <> '') ) LIMIT 1  
[2019-10-24 14:25:17] /shop/index.php?act=goods&goods_id=100530&op=comments_list ( act=goods&op=comments_list ) 
ERR: Db Error: Unknown column 'geval_image_again' in 'where clause'
SELECT COUNT(*) AS nc_count FROM `zmkj_evaluate_goods` WHERE ( geval_goodsid = '100530' ) AND ( (geval_image <> '') OR (geval_image_again <> '') ) LIMIT 1  
[2019-10-24 15:08:52] /shop/index.php?act=goods&goods_id=107431&op=comments_list ( act=goods&op=comments_list ) 
ERR: Db Error: Unknown column 'geval_image_again' in 'where clause'
SELECT COUNT(*) AS nc_count FROM `zmkj_evaluate_goods` WHERE ( geval_goodsid = '107431' ) AND ( (geval_image <> '') OR (geval_image_again <> '') ) LIMIT 1  
[2019-10-24 16:51:57] /admin/index.php?act=goods_orm&op=edit&id=2706 ( act=goods_orm&op=edit ) 
ERR: Db Error: Unknown column 'goods_id' in 'field list'
select goods_id from zmkj_goods_orm where productId='a6f1b1b9-e623-4fa7-bb92-5b96e44fb037 and id !=2706'
[2019-10-24 18:27:22] /shop/index.php?act=goods&goods_id=106530&op=comments_list ( act=goods&op=comments_list ) 
ERR: Db Error: Unknown column 'geval_image_again' in 'where clause'
SELECT COUNT(*) AS nc_count FROM `zmkj_evaluate_goods` WHERE ( geval_goodsid = '106530' ) AND ( (geval_image <> '') OR (geval_image_again <> '') ) LIMIT 1  
[2019-10-24 18:27:44] /shop/index.php?act=goods&goods_id=102567&op=comments_list&type=3 ( act=goods&op=comments_list ) 
ERR: Db Error: Unknown column 'geval_image_again' in 'where clause'
SELECT COUNT(*) AS nc_count FROM `zmkj_evaluate_goods` WHERE ( geval_goodsid = '102567' ) AND ( (geval_image <> '') OR (geval_image_again <> '') ) LIMIT 1  
[2019-10-24 18:30:54] /shop/index.php?act=goods&goods_id=106271&op=comments_list ( act=goods&op=comments_list ) 
ERR: Db Error: Unknown column 'geval_image_again' in 'where clause'
SELECT COUNT(*) AS nc_count FROM `zmkj_evaluate_goods` WHERE ( geval_goodsid = '106271' ) AND ( (geval_image <> '') OR (geval_image_again <> '') ) LIMIT 1  
