[2019-06-14 01:30:22] /shop/index.php?act=goods&op=comments_list&goods_id=105201 ( act=goods&op=comments_list ) 
ERR: Db Error: Unknown column 'geval_image_again' in 'where clause'
SELECT COUNT(*) AS nc_count FROM `zmkj_evaluate_goods` WHERE ( geval_goodsid = '105201' ) AND ( (geval_image <> '') OR (geval_image_again <> '') ) LIMIT 1  
[2019-06-14 03:33:27] /shop/index.php?act=goods&op=comments_list&goods_id=104764&type=1 ( act=goods&op=comments_list ) 
ERR: Db Error: Unknown column 'geval_image_again' in 'where clause'
SELECT COUNT(*) AS nc_count FROM `zmkj_evaluate_goods` WHERE ( geval_goodsid = '104764' ) AND ( (geval_image <> '') OR (geval_image_again <> '') ) LIMIT 1  
[2019-06-14 16:47:49] /shop/index.php?act=search&op=index&cate_id=2178 ( act=search&op=index ) 
ERR: Db Error: Unknown column 'gc_id_' in 'where clause'
SELECT count(distinct CONCAT(goods_commonid)) AS nc_count FROM `zmkj_goods` WHERE ( gc_id_ = '2178' ) AND ( goods_state = '1' ) AND ( goods_verify = '1' ) LIMIT 1  
[2019-06-14 16:47:55] /shop/index.php?act=search&op=index&cate_id=2112 ( act=search&op=index ) 
ERR: Db Error: Unknown column 'gc_id_' in 'where clause'
SELECT count(distinct CONCAT(goods_commonid)) AS nc_count FROM `zmkj_goods` WHERE ( gc_id_ = '2112' ) AND ( goods_state = '1' ) AND ( goods_verify = '1' ) LIMIT 1  
[2019-06-14 20:55:01] /shop/index.php?act=goods&op=comments_list&goods_id=102055&type=2 ( act=goods&op=comments_list ) 
ERR: Db Error: Unknown column 'geval_image_again' in 'where clause'
SELECT COUNT(*) AS nc_count FROM `zmkj_evaluate_goods` WHERE ( geval_goodsid = '102055' ) AND ( (geval_image <> '') OR (geval_image_again <> '') ) LIMIT 1  
[2019-06-14 21:59:03] /shop/index.php?act=goods&op=comments_list&goods_id=104807 ( act=goods&op=comments_list ) 
ERR: Db Error: Unknown column 'geval_image_again' in 'where clause'
SELECT COUNT(*) AS nc_count FROM `zmkj_evaluate_goods` WHERE ( geval_goodsid = '104807' ) AND ( (geval_image <> '') OR (geval_image_again <> '') ) LIMIT 1  
[2019-06-14 21:59:27] /shop/index.php?act=goods&op=comments_list&goods_id=104807&type=3 ( act=goods&op=comments_list ) 
ERR: Db Error: Unknown column 'geval_image_again' in 'where clause'
SELECT COUNT(*) AS nc_count FROM `zmkj_evaluate_goods` WHERE ( geval_goodsid = '104807' ) AND ( (geval_image <> '') OR (geval_image_again <> '') ) LIMIT 1  
[2019-06-14 22:00:05] /shop/index.php?act=goods&op=comments_list&goods_id=104807&type=1 ( act=goods&op=comments_list ) 
ERR: Db Error: Unknown column 'geval_image_again' in 'where clause'
SELECT COUNT(*) AS nc_count FROM `zmkj_evaluate_goods` WHERE ( geval_goodsid = '104807' ) AND ( (geval_image <> '') OR (geval_image_again <> '') ) LIMIT 1  
[2019-06-14 22:00:29] /shop/index.php?act=goods&op=comments_list&goods_id=104807&type=2 ( act=goods&op=comments_list ) 
ERR: Db Error: Unknown column 'geval_image_again' in 'where clause'
SELECT COUNT(*) AS nc_count FROM `zmkj_evaluate_goods` WHERE ( geval_goodsid = '104807' ) AND ( (geval_image <> '') OR (geval_image_again <> '') ) LIMIT 1  
