[2019-06-09 02:34:50] /shop/index.php?act=goods&goods_id=109141&op=comments_list ( act=goods&op=comments_list ) 
ERR: Db Error: Unknown column 'geval_image_again' in 'where clause'
SELECT COUNT(*) AS nc_count FROM `zmkj_evaluate_goods` WHERE ( geval_goodsid = '109141' ) AND ( (geval_image <> '') OR (geval_image_again <> '') ) LIMIT 1  
[2019-06-09 03:28:49] /shop/index.php?act=goods&goods_id=108033&op=comments_list ( act=goods&op=comments_list ) 
ERR: Db Error: Unknown column 'geval_image_again' in 'where clause'
SELECT COUNT(*) AS nc_count FROM `zmkj_evaluate_goods` WHERE ( geval_goodsid = '108033' ) AND ( (geval_image <> '') OR (geval_image_again <> '') ) LIMIT 1  
[2019-06-09 05:17:27] /shop/index.php?act=goods&goods_id=108071&op=comments_list ( act=goods&op=comments_list ) 
ERR: Db Error: Unknown column 'geval_image_again' in 'where clause'
SELECT COUNT(*) AS nc_count FROM `zmkj_evaluate_goods` WHERE ( geval_goodsid = '108071' ) AND ( (geval_image <> '') OR (geval_image_again <> '') ) LIMIT 1  
[2019-06-09 06:21:57] /shop/index.php?act=goods&goods_id=109643&op=comments_list ( act=goods&op=comments_list ) 
ERR: Db Error: Unknown column 'geval_image_again' in 'where clause'
SELECT COUNT(*) AS nc_count FROM `zmkj_evaluate_goods` WHERE ( geval_goodsid = '109643' ) AND ( (geval_image <> '') OR (geval_image_again <> '') ) LIMIT 1  
[2019-06-09 06:22:01] /shop/index.php?act=goods&goods_id=108561&op=comments_list ( act=goods&op=comments_list ) 
ERR: Db Error: Unknown column 'geval_image_again' in 'where clause'
SELECT COUNT(*) AS nc_count FROM `zmkj_evaluate_goods` WHERE ( geval_goodsid = '108561' ) AND ( (geval_image <> '') OR (geval_image_again <> '') ) LIMIT 1  
[2019-06-09 07:13:33] /shop/index.php?act=goods&goods_id=102746&op=comments_list ( act=goods&op=comments_list ) 
ERR: Db Error: Unknown column 'geval_image_again' in 'where clause'
SELECT COUNT(*) AS nc_count FROM `zmkj_evaluate_goods` WHERE ( geval_goodsid = '102746' ) AND ( (geval_image <> '') OR (geval_image_again <> '') ) LIMIT 1  
[2019-06-09 07:13:35] /shop/index.php?act=goods&goods_id=102051&op=comments_list ( act=goods&op=comments_list ) 
ERR: Db Error: Unknown column 'geval_image_again' in 'where clause'
SELECT COUNT(*) AS nc_count FROM `zmkj_evaluate_goods` WHERE ( geval_goodsid = '102051' ) AND ( (geval_image <> '') OR (geval_image_again <> '') ) LIMIT 1  
[2019-06-09 07:52:22] /shop/index.php?act=goods&goods_id=106052&op=comments_list ( act=goods&op=comments_list ) 
ERR: Db Error: Unknown column 'geval_image_again' in 'where clause'
SELECT COUNT(*) AS nc_count FROM `zmkj_evaluate_goods` WHERE ( geval_goodsid = '106052' ) AND ( (geval_image <> '') OR (geval_image_again <> '') ) LIMIT 1  
[2019-06-09 07:55:29] /shop/index.php?act=goods&goods_id=107159&op=comments_list ( act=goods&op=comments_list ) 
ERR: Db Error: Unknown column 'geval_image_again' in 'where clause'
SELECT COUNT(*) AS nc_count FROM `zmkj_evaluate_goods` WHERE ( geval_goodsid = '107159' ) AND ( (geval_image <> '') OR (geval_image_again <> '') ) LIMIT 1  
[2019-06-09 09:02:05] /shop/index.php?act=goods&goods_id=103359&op=comments_list ( act=goods&op=comments_list ) 
ERR: Db Error: Unknown column 'geval_image_again' in 'where clause'
SELECT COUNT(*) AS nc_count FROM `zmkj_evaluate_goods` WHERE ( geval_goodsid = '103359' ) AND ( (geval_image <> '') OR (geval_image_again <> '') ) LIMIT 1  
[2019-06-09 10:30:27] /shop/index.php?act=goods&goods_id=108059&op=comments_list ( act=goods&op=comments_list ) 
ERR: Db Error: Unknown column 'geval_image_again' in 'where clause'
SELECT COUNT(*) AS nc_count FROM `zmkj_evaluate_goods` WHERE ( geval_goodsid = '108059' ) AND ( (geval_image <> '') OR (geval_image_again <> '') ) LIMIT 1  
[2019-06-09 10:55:48] /shop/index.php?act=goods&goods_id=109010&op=comments_list ( act=goods&op=comments_list ) 
ERR: Db Error: Unknown column 'geval_image_again' in 'where clause'
SELECT COUNT(*) AS nc_count FROM `zmkj_evaluate_goods` WHERE ( geval_goodsid = '109010' ) AND ( (geval_image <> '') OR (geval_image_again <> '') ) LIMIT 1  
[2019-06-09 11:38:18] /shop/index.php?act=goods&goods_id=108454&op=comments_list ( act=goods&op=comments_list ) 
ERR: Db Error: Unknown column 'geval_image_again' in 'where clause'
SELECT COUNT(*) AS nc_count FROM `zmkj_evaluate_goods` WHERE ( geval_goodsid = '108454' ) AND ( (geval_image <> '') OR (geval_image_again <> '') ) LIMIT 1  
[2019-06-09 11:48:36] /shop/index.php?act=hot_sale&op=index ( act=hot_sale&op=index ) 
ERR: Db Error: You have an error in your SQL syntax; check the manual that corresponds to your MySQL server version for the right syntax to use near ') and goods_state=1' at line 1
select * from zmkj_goods where goods_id in () and goods_state=1
[2019-06-09 11:48:36] /shop/index.php?act=hot_sale&op=index ( act=hot_sale&op=index ) 
ERR: Db Error: You have an error in your SQL syntax; check the manual that corresponds to your MySQL server version for the right syntax to use near '' at line 1
select `member_id` from zmkj_store where store_id = 
[2019-06-09 12:58:34] /shop/index.php?act=goods&goods_id=107814&op=comments_list ( act=goods&op=comments_list ) 
ERR: Db Error: Unknown column 'geval_image_again' in 'where clause'
SELECT COUNT(*) AS nc_count FROM `zmkj_evaluate_goods` WHERE ( geval_goodsid = '107814' ) AND ( (geval_image <> '') OR (geval_image_again <> '') ) LIMIT 1  
[2019-06-09 14:19:00] /shop/index.php?act=goods&goods_id=102452&op=comments_list ( act=goods&op=comments_list ) 
ERR: Db Error: Unknown column 'geval_image_again' in 'where clause'
SELECT COUNT(*) AS nc_count FROM `zmkj_evaluate_goods` WHERE ( geval_goodsid = '102452' ) AND ( (geval_image <> '') OR (geval_image_again <> '') ) LIMIT 1  
[2019-06-09 14:54:28] /shop/index.php?act=goods&goods_id=105678&op=comments_list ( act=goods&op=comments_list ) 
ERR: Db Error: Unknown column 'geval_image_again' in 'where clause'
SELECT COUNT(*) AS nc_count FROM `zmkj_evaluate_goods` WHERE ( geval_goodsid = '105678' ) AND ( (geval_image <> '') OR (geval_image_again <> '') ) LIMIT 1  
[2019-06-09 15:53:50] /shop/index.php?act=goods&goods_id=104225&op=comments_list ( act=goods&op=comments_list ) 
ERR: Db Error: Unknown column 'geval_image_again' in 'where clause'
SELECT COUNT(*) AS nc_count FROM `zmkj_evaluate_goods` WHERE ( geval_goodsid = '104225' ) AND ( (geval_image <> '') OR (geval_image_again <> '') ) LIMIT 1  
[2019-06-09 16:00:58] /shop/index.php?act=goods&goods_id=104428&op=comments_list ( act=goods&op=comments_list ) 
ERR: Db Error: Unknown column 'geval_image_again' in 'where clause'
SELECT COUNT(*) AS nc_count FROM `zmkj_evaluate_goods` WHERE ( geval_goodsid = '104428' ) AND ( (geval_image <> '') OR (geval_image_again <> '') ) LIMIT 1  
[2019-06-09 16:01:01] /shop/index.php?act=goods&goods_id=108532&op=comments_list ( act=goods&op=comments_list ) 
ERR: Db Error: Unknown column 'geval_image_again' in 'where clause'
SELECT COUNT(*) AS nc_count FROM `zmkj_evaluate_goods` WHERE ( geval_goodsid = '108532' ) AND ( (geval_image <> '') OR (geval_image_again <> '') ) LIMIT 1  
[2019-06-09 16:11:21] /shop/index.php?act=goods&goods_id=104396&op=comments_list ( act=goods&op=comments_list ) 
ERR: Db Error: Unknown column 'geval_image_again' in 'where clause'
SELECT COUNT(*) AS nc_count FROM `zmkj_evaluate_goods` WHERE ( geval_goodsid = '104396' ) AND ( (geval_image <> '') OR (geval_image_again <> '') ) LIMIT 1  
[2019-06-09 16:11:25] /shop/index.php?act=goods&goods_id=108530&op=comments_list ( act=goods&op=comments_list ) 
ERR: Db Error: Unknown column 'geval_image_again' in 'where clause'
SELECT COUNT(*) AS nc_count FROM `zmkj_evaluate_goods` WHERE ( geval_goodsid = '108530' ) AND ( (geval_image <> '') OR (geval_image_again <> '') ) LIMIT 1  
[2019-06-09 16:11:31] /shop/index.php?act=goods&goods_id=104403&op=comments_list ( act=goods&op=comments_list ) 
ERR: Db Error: Unknown column 'geval_image_again' in 'where clause'
SELECT COUNT(*) AS nc_count FROM `zmkj_evaluate_goods` WHERE ( geval_goodsid = '104403' ) AND ( (geval_image <> '') OR (geval_image_again <> '') ) LIMIT 1  
[2019-06-09 16:14:46] /shop/index.php?act=goods&goods_id=104418&op=comments_list ( act=goods&op=comments_list ) 
ERR: Db Error: Unknown column 'geval_image_again' in 'where clause'
SELECT COUNT(*) AS nc_count FROM `zmkj_evaluate_goods` WHERE ( geval_goodsid = '104418' ) AND ( (geval_image <> '') OR (geval_image_again <> '') ) LIMIT 1  
[2019-06-09 16:14:51] /shop/index.php?act=goods&goods_id=104421&op=comments_list ( act=goods&op=comments_list ) 
ERR: Db Error: Unknown column 'geval_image_again' in 'where clause'
SELECT COUNT(*) AS nc_count FROM `zmkj_evaluate_goods` WHERE ( geval_goodsid = '104421' ) AND ( (geval_image <> '') OR (geval_image_again <> '') ) LIMIT 1  
[2019-06-09 16:18:09] /shop/index.php?act=goods&goods_id=104056&op=comments_list ( act=goods&op=comments_list ) 
ERR: Db Error: Unknown column 'geval_image_again' in 'where clause'
SELECT COUNT(*) AS nc_count FROM `zmkj_evaluate_goods` WHERE ( geval_goodsid = '104056' ) AND ( (geval_image <> '') OR (geval_image_again <> '') ) LIMIT 1  
[2019-06-09 16:47:33] /shop/index.php?act=goods&goods_id=103880&op=comments_list ( act=goods&op=comments_list ) 
ERR: Db Error: Unknown column 'geval_image_again' in 'where clause'
SELECT COUNT(*) AS nc_count FROM `zmkj_evaluate_goods` WHERE ( geval_goodsid = '103880' ) AND ( (geval_image <> '') OR (geval_image_again <> '') ) LIMIT 1  
[2019-06-09 16:50:56] /shop/index.php?act=goods&goods_id=104400&op=comments_list ( act=goods&op=comments_list ) 
ERR: Db Error: Unknown column 'geval_image_again' in 'where clause'
SELECT COUNT(*) AS nc_count FROM `zmkj_evaluate_goods` WHERE ( geval_goodsid = '104400' ) AND ( (geval_image <> '') OR (geval_image_again <> '') ) LIMIT 1  
[2019-06-09 16:55:16] /shop/index.php?act=goods&goods_id=104393&op=comments_list ( act=goods&op=comments_list ) 
ERR: Db Error: Unknown column 'geval_image_again' in 'where clause'
SELECT COUNT(*) AS nc_count FROM `zmkj_evaluate_goods` WHERE ( geval_goodsid = '104393' ) AND ( (geval_image <> '') OR (geval_image_again <> '') ) LIMIT 1  
[2019-06-09 17:02:01] /shop/index.php?act=goods&goods_id=108531&op=comments_list ( act=goods&op=comments_list ) 
ERR: Db Error: Unknown column 'geval_image_again' in 'where clause'
SELECT COUNT(*) AS nc_count FROM `zmkj_evaluate_goods` WHERE ( geval_goodsid = '108531' ) AND ( (geval_image <> '') OR (geval_image_again <> '') ) LIMIT 1  
[2019-06-09 17:05:44] /shop/index.php?act=goods&goods_id=102432&op=comments_list ( act=goods&op=comments_list ) 
ERR: Db Error: Unknown column 'geval_image_again' in 'where clause'
SELECT COUNT(*) AS nc_count FROM `zmkj_evaluate_goods` WHERE ( geval_goodsid = '102432' ) AND ( (geval_image <> '') OR (geval_image_again <> '') ) LIMIT 1  
[2019-06-09 17:09:00] /shop/index.php?act=goods&goods_id=106649&op=comments_list ( act=goods&op=comments_list ) 
ERR: Db Error: Unknown column 'geval_image_again' in 'where clause'
SELECT COUNT(*) AS nc_count FROM `zmkj_evaluate_goods` WHERE ( geval_goodsid = '106649' ) AND ( (geval_image <> '') OR (geval_image_again <> '') ) LIMIT 1  
[2019-06-09 17:42:40] /shop/index.php?act=goods&goods_id=109350&op=comments_list ( act=goods&op=comments_list ) 
ERR: Db Error: Unknown column 'geval_image_again' in 'where clause'
SELECT COUNT(*) AS nc_count FROM `zmkj_evaluate_goods` WHERE ( geval_goodsid = '109350' ) AND ( (geval_image <> '') OR (geval_image_again <> '') ) LIMIT 1  
[2019-06-09 17:52:52] /shop/index.php?act=goods&goods_id=109789&op=comments_list ( act=goods&op=comments_list ) 
ERR: Db Error: Unknown column 'geval_image_again' in 'where clause'
SELECT COUNT(*) AS nc_count FROM `zmkj_evaluate_goods` WHERE ( geval_goodsid = '109789' ) AND ( (geval_image <> '') OR (geval_image_again <> '') ) LIMIT 1  
[2019-06-09 19:10:59] /shop/index.php?act=goods&goods_id=108432&op=comments_list ( act=goods&op=comments_list ) 
ERR: Db Error: Unknown column 'geval_image_again' in 'where clause'
SELECT COUNT(*) AS nc_count FROM `zmkj_evaluate_goods` WHERE ( geval_goodsid = '108432' ) AND ( (geval_image <> '') OR (geval_image_again <> '') ) LIMIT 1  
[2019-06-09 19:45:12] /shop/index.php?act=goods&goods_id=103882&op=comments_list ( act=goods&op=comments_list ) 
ERR: Db Error: Unknown column 'geval_image_again' in 'where clause'
SELECT COUNT(*) AS nc_count FROM `zmkj_evaluate_goods` WHERE ( geval_goodsid = '103882' ) AND ( (geval_image <> '') OR (geval_image_again <> '') ) LIMIT 1  
[2019-06-09 20:02:00] /shop/index.php?act=goods&goods_id=106580&op=comments_list ( act=goods&op=comments_list ) 
ERR: Db Error: Unknown column 'geval_image_again' in 'where clause'
SELECT COUNT(*) AS nc_count FROM `zmkj_evaluate_goods` WHERE ( geval_goodsid = '106580' ) AND ( (geval_image <> '') OR (geval_image_again <> '') ) LIMIT 1  
[2019-06-09 20:45:46] /shop/index.php?act=goods&goods_id=109436&op=comments_list ( act=goods&op=comments_list ) 
ERR: Db Error: Unknown column 'geval_image_again' in 'where clause'
SELECT COUNT(*) AS nc_count FROM `zmkj_evaluate_goods` WHERE ( geval_goodsid = '109436' ) AND ( (geval_image <> '') OR (geval_image_again <> '') ) LIMIT 1  
[2019-06-09 20:50:18] /shop/index.php?act=goods&goods_id=106728&op=comments_list ( act=goods&op=comments_list ) 
ERR: Db Error: Unknown column 'geval_image_again' in 'where clause'
SELECT COUNT(*) AS nc_count FROM `zmkj_evaluate_goods` WHERE ( geval_goodsid = '106728' ) AND ( (geval_image <> '') OR (geval_image_again <> '') ) LIMIT 1  
[2019-06-09 21:29:43] /shop/index.php?act=goods&goods_id=103588&op=comments_list ( act=goods&op=comments_list ) 
ERR: Db Error: Unknown column 'geval_image_again' in 'where clause'
SELECT COUNT(*) AS nc_count FROM `zmkj_evaluate_goods` WHERE ( geval_goodsid = '103588' ) AND ( (geval_image <> '') OR (geval_image_again <> '') ) LIMIT 1  
[2019-06-09 21:44:41] /shop/index.php?act=goods&goods_id=109656&op=comments_list ( act=goods&op=comments_list ) 
ERR: Db Error: Unknown column 'geval_image_again' in 'where clause'
SELECT COUNT(*) AS nc_count FROM `zmkj_evaluate_goods` WHERE ( geval_goodsid = '109656' ) AND ( (geval_image <> '') OR (geval_image_again <> '') ) LIMIT 1  
[2019-06-09 21:51:26] /shop/index.php?act=goods&goods_id=109791&op=comments_list ( act=goods&op=comments_list ) 
ERR: Db Error: Unknown column 'geval_image_again' in 'where clause'
SELECT COUNT(*) AS nc_count FROM `zmkj_evaluate_goods` WHERE ( geval_goodsid = '109791' ) AND ( (geval_image <> '') OR (geval_image_again <> '') ) LIMIT 1  
[2019-06-09 22:13:58] /shop/index.php?act=goods&goods_id=102605&op=comments_list ( act=goods&op=comments_list ) 
ERR: Db Error: Unknown column 'geval_image_again' in 'where clause'
SELECT COUNT(*) AS nc_count FROM `zmkj_evaluate_goods` WHERE ( geval_goodsid = '102605' ) AND ( (geval_image <> '') OR (geval_image_again <> '') ) LIMIT 1  
[2019-06-09 22:43:40] /shop/index.php?act=goods&goods_id=108934&op=comments_list ( act=goods&op=comments_list ) 
ERR: Db Error: Unknown column 'geval_image_again' in 'where clause'
SELECT COUNT(*) AS nc_count FROM `zmkj_evaluate_goods` WHERE ( geval_goodsid = '108934' ) AND ( (geval_image <> '') OR (geval_image_again <> '') ) LIMIT 1  
[2019-06-09 22:51:28] /shop/index.php?act=goods&goods_id=109804&op=comments_list ( act=goods&op=comments_list ) 
ERR: Db Error: Unknown column 'geval_image_again' in 'where clause'
SELECT COUNT(*) AS nc_count FROM `zmkj_evaluate_goods` WHERE ( geval_goodsid = '109804' ) AND ( (geval_image <> '') OR (geval_image_again <> '') ) LIMIT 1  
[2019-06-09 23:12:15] /shop/index.php?act=goods&goods_id=109784&op=comments_list ( act=goods&op=comments_list ) 
ERR: Db Error: Unknown column 'geval_image_again' in 'where clause'
SELECT COUNT(*) AS nc_count FROM `zmkj_evaluate_goods` WHERE ( geval_goodsid = '109784' ) AND ( (geval_image <> '') OR (geval_image_again <> '') ) LIMIT 1  
[2019-06-09 23:24:57] /shop/index.php?act=goods&goods_id=108051&op=comments_list ( act=goods&op=comments_list ) 
ERR: Db Error: Unknown column 'geval_image_again' in 'where clause'
SELECT COUNT(*) AS nc_count FROM `zmkj_evaluate_goods` WHERE ( geval_goodsid = '108051' ) AND ( (geval_image <> '') OR (geval_image_again <> '') ) LIMIT 1  
[2019-06-09 23:33:03] /shop/index.php?act=goods&goods_id=109785&op=comments_list ( act=goods&op=comments_list ) 
ERR: Db Error: Unknown column 'geval_image_again' in 'where clause'
SELECT COUNT(*) AS nc_count FROM `zmkj_evaluate_goods` WHERE ( geval_goodsid = '109785' ) AND ( (geval_image <> '') OR (geval_image_again <> '') ) LIMIT 1  
