[2019-12-30 01:51:58] /shop/index.php?act=goods&op=comments_list&goods_id=111253&type=3 ( act=goods&op=comments_list ) 
ERR: Db Error: Unknown column 'geval_image_again' in 'where clause'
SELECT COUNT(*) AS nc_count FROM `zmkj_evaluate_goods` WHERE ( geval_goodsid = '111253' ) AND ( (geval_image <> '') OR (geval_image_again <> '') ) LIMIT 1  
[2019-12-30 02:01:26] /shop/index.php?act=goods&op=comments_list&goods_id=111253&type=2 ( act=goods&op=comments_list ) 
ERR: Db Error: Unknown column 'geval_image_again' in 'where clause'
SELECT COUNT(*) AS nc_count FROM `zmkj_evaluate_goods` WHERE ( geval_goodsid = '111253' ) AND ( (geval_image <> '') OR (geval_image_again <> '') ) LIMIT 1  
[2019-12-30 03:52:01] /shop/index.php?act=goods&op=comments_list&goods_id=101689 ( act=goods&op=comments_list ) 
ERR: Db Error: Unknown column 'geval_image_again' in 'where clause'
SELECT COUNT(*) AS nc_count FROM `zmkj_evaluate_goods` WHERE ( geval_goodsid = '101689' ) AND ( (geval_image <> '') OR (geval_image_again <> '') ) LIMIT 1  
[2019-12-30 04:43:21] /shop/index.php?act=goods&op=comments_list&goods_id=110919&type=2 ( act=goods&op=comments_list ) 
ERR: Db Error: Unknown column 'geval_image_again' in 'where clause'
SELECT COUNT(*) AS nc_count FROM `zmkj_evaluate_goods` WHERE ( geval_goodsid = '110919' ) AND ( (geval_image <> '') OR (geval_image_again <> '') ) LIMIT 1  
[2019-12-30 04:43:29] /shop/index.php?act=goods&op=comments_list&goods_id=110919&type=3 ( act=goods&op=comments_list ) 
ERR: Db Error: Unknown column 'geval_image_again' in 'where clause'
SELECT COUNT(*) AS nc_count FROM `zmkj_evaluate_goods` WHERE ( geval_goodsid = '110919' ) AND ( (geval_image <> '') OR (geval_image_again <> '') ) LIMIT 1  
[2019-12-30 04:43:36] /shop/index.php?act=goods&op=comments_list&goods_id=110919&type=1 ( act=goods&op=comments_list ) 
ERR: Db Error: Unknown column 'geval_image_again' in 'where clause'
SELECT COUNT(*) AS nc_count FROM `zmkj_evaluate_goods` WHERE ( geval_goodsid = '110919' ) AND ( (geval_image <> '') OR (geval_image_again <> '') ) LIMIT 1  
[2019-12-30 05:39:16] /shop/index.php?act=goods&op=comments_list&goods_id=105201 ( act=goods&op=comments_list ) 
ERR: Db Error: Unknown column 'geval_image_again' in 'where clause'
SELECT COUNT(*) AS nc_count FROM `zmkj_evaluate_goods` WHERE ( geval_goodsid = '105201' ) AND ( (geval_image <> '') OR (geval_image_again <> '') ) LIMIT 1  
[2019-12-30 06:07:41] /shop/index.php?act=goods&op=comments_list&goods_id=111337&type=2 ( act=goods&op=comments_list ) 
ERR: Db Error: Unknown column 'geval_image_again' in 'where clause'
SELECT COUNT(*) AS nc_count FROM `zmkj_evaluate_goods` WHERE ( geval_goodsid = '111337' ) AND ( (geval_image <> '') OR (geval_image_again <> '') ) LIMIT 1  
[2019-12-30 06:54:12] /shop/index.php?act=goods&op=comments_list&goods_id=111763 ( act=goods&op=comments_list ) 
ERR: Db Error: Unknown column 'geval_image_again' in 'where clause'
SELECT COUNT(*) AS nc_count FROM `zmkj_evaluate_goods` WHERE ( geval_goodsid = '111763' ) AND ( (geval_image <> '') OR (geval_image_again <> '') ) LIMIT 1  
[2019-12-30 07:35:10] /shop/index.php?act=goods&op=comments_list&goods_id=111770 ( act=goods&op=comments_list ) 
ERR: Db Error: Unknown column 'geval_image_again' in 'where clause'
SELECT COUNT(*) AS nc_count FROM `zmkj_evaluate_goods` WHERE ( geval_goodsid = '111770' ) AND ( (geval_image <> '') OR (geval_image_again <> '') ) LIMIT 1  
[2019-12-30 09:07:32] /shop/index.php?act=goods&op=comments_list&goods_id=110032 ( act=goods&op=comments_list ) 
ERR: Db Error: Unknown column 'geval_image_again' in 'where clause'
SELECT COUNT(*) AS nc_count FROM `zmkj_evaluate_goods` WHERE ( geval_goodsid = '110032' ) AND ( (geval_image <> '') OR (geval_image_again <> '') ) LIMIT 1  
[2019-12-30 09:12:04] /shop/index.php?act=goods&op=comments_list&goods_id=110032&type=2 ( act=goods&op=comments_list ) 
ERR: Db Error: Unknown column 'geval_image_again' in 'where clause'
SELECT COUNT(*) AS nc_count FROM `zmkj_evaluate_goods` WHERE ( geval_goodsid = '110032' ) AND ( (geval_image <> '') OR (geval_image_again <> '') ) LIMIT 1  
[2019-12-30 10:18:48] /shop/index.php?act=goods&op=comments_list&goods_id=102815 ( act=goods&op=comments_list ) 
ERR: Db Error: Unknown column 'geval_image_again' in 'where clause'
SELECT COUNT(*) AS nc_count FROM `zmkj_evaluate_goods` WHERE ( geval_goodsid = '102815' ) AND ( (geval_image <> '') OR (geval_image_again <> '') ) LIMIT 1  
[2019-12-30 10:19:12] /shop/index.php?act=goods&op=comments_list&goods_id=106315 ( act=goods&op=comments_list ) 
ERR: Db Error: Unknown column 'geval_image_again' in 'where clause'
SELECT COUNT(*) AS nc_count FROM `zmkj_evaluate_goods` WHERE ( geval_goodsid = '106315' ) AND ( (geval_image <> '') OR (geval_image_again <> '') ) LIMIT 1  
[2019-12-30 10:19:21] /shop/index.php?act=goods&op=comments_list&goods_id=111650 ( act=goods&op=comments_list ) 
ERR: Db Error: Unknown column 'geval_image_again' in 'where clause'
SELECT COUNT(*) AS nc_count FROM `zmkj_evaluate_goods` WHERE ( geval_goodsid = '111650' ) AND ( (geval_image <> '') OR (geval_image_again <> '') ) LIMIT 1  
[2019-12-30 11:00:01] /shop/index.php?act=goods&op=comments_list&goods_id=106284 ( act=goods&op=comments_list ) 
ERR: Db Error: Unknown column 'geval_image_again' in 'where clause'
SELECT COUNT(*) AS nc_count FROM `zmkj_evaluate_goods` WHERE ( geval_goodsid = '106284' ) AND ( (geval_image <> '') OR (geval_image_again <> '') ) LIMIT 1  
[2019-12-30 11:00:05] /shop/index.php?act=goods&op=comments_list&goods_id=111660 ( act=goods&op=comments_list ) 
ERR: Db Error: Unknown column 'geval_image_again' in 'where clause'
SELECT COUNT(*) AS nc_count FROM `zmkj_evaluate_goods` WHERE ( geval_goodsid = '111660' ) AND ( (geval_image <> '') OR (geval_image_again <> '') ) LIMIT 1  
[2019-12-30 11:41:27] /shop/index.php?act=goods&op=comments_list&goods_id=111833 ( act=goods&op=comments_list ) 
ERR: Db Error: Unknown column 'geval_image_again' in 'where clause'
SELECT COUNT(*) AS nc_count FROM `zmkj_evaluate_goods` WHERE ( geval_goodsid = '111833' ) AND ( (geval_image <> '') OR (geval_image_again <> '') ) LIMIT 1  
[2019-12-30 12:35:59] /shop/index.php?act=goods&goods_id=111788&op=comments_list ( act=goods&op=comments_list ) 
ERR: Db Error: Unknown column 'geval_image_again' in 'where clause'
SELECT COUNT(*) AS nc_count FROM `zmkj_evaluate_goods` WHERE ( geval_goodsid = '111788' ) AND ( (geval_image <> '') OR (geval_image_again <> '') ) LIMIT 1  
[2019-12-30 12:45:26] /shop/index.php?act=goods&goods_id=106728&op=comments_list ( act=goods&op=comments_list ) 
ERR: Db Error: Unknown column 'geval_image_again' in 'where clause'
SELECT COUNT(*) AS nc_count FROM `zmkj_evaluate_goods` WHERE ( geval_goodsid = '106728' ) AND ( (geval_image <> '') OR (geval_image_again <> '') ) LIMIT 1  
[2019-12-30 12:51:38] /shop/index.php?act=goods&op=comments_list&goods_id=100579 ( act=goods&op=comments_list ) 
ERR: Db Error: Unknown column 'geval_image_again' in 'where clause'
SELECT COUNT(*) AS nc_count FROM `zmkj_evaluate_goods` WHERE ( geval_goodsid = '100579' ) AND ( (geval_image <> '') OR (geval_image_again <> '') ) LIMIT 1  
[2019-12-30 12:54:54] /shop/index.php?act=goods&goods_id=103876&op=comments_list ( act=goods&op=comments_list ) 
ERR: Db Error: Unknown column 'geval_image_again' in 'where clause'
SELECT COUNT(*) AS nc_count FROM `zmkj_evaluate_goods` WHERE ( geval_goodsid = '103876' ) AND ( (geval_image <> '') OR (geval_image_again <> '') ) LIMIT 1  
[2019-12-30 13:01:49] /shop/index.php?act=goods&op=comments_list&goods_id=105356 ( act=goods&op=comments_list ) 
ERR: Db Error: Unknown column 'geval_image_again' in 'where clause'
SELECT COUNT(*) AS nc_count FROM `zmkj_evaluate_goods` WHERE ( geval_goodsid = '105356' ) AND ( (geval_image <> '') OR (geval_image_again <> '') ) LIMIT 1  
[2019-12-30 13:07:20] /shop/index.php?act=goods&goods_id=103699&op=comments_list ( act=goods&op=comments_list ) 
ERR: Db Error: Unknown column 'geval_image_again' in 'where clause'
SELECT COUNT(*) AS nc_count FROM `zmkj_evaluate_goods` WHERE ( geval_goodsid = '103699' ) AND ( (geval_image <> '') OR (geval_image_again <> '') ) LIMIT 1  
[2019-12-30 13:08:27] /shop/index.php?act=goods&goods_id=105869&op=comments_list ( act=goods&op=comments_list ) 
ERR: Db Error: Unknown column 'geval_image_again' in 'where clause'
SELECT COUNT(*) AS nc_count FROM `zmkj_evaluate_goods` WHERE ( geval_goodsid = '105869' ) AND ( (geval_image <> '') OR (geval_image_again <> '') ) LIMIT 1  
[2019-12-30 13:27:51] /shop/index.php?act=goods&goods_id=102719&op=comments_list ( act=goods&op=comments_list ) 
ERR: Db Error: Unknown column 'geval_image_again' in 'where clause'
SELECT COUNT(*) AS nc_count FROM `zmkj_evaluate_goods` WHERE ( geval_goodsid = '102719' ) AND ( (geval_image <> '') OR (geval_image_again <> '') ) LIMIT 1  
[2019-12-30 13:49:22] /shop/index.php?act=goods&op=comments_list&goods_id=105358 ( act=goods&op=comments_list ) 
ERR: Db Error: Unknown column 'geval_image_again' in 'where clause'
SELECT COUNT(*) AS nc_count FROM `zmkj_evaluate_goods` WHERE ( geval_goodsid = '105358' ) AND ( (geval_image <> '') OR (geval_image_again <> '') ) LIMIT 1  
[2019-12-30 14:19:56] /shop/index.php?act=goods&op=comments_list&goods_id=105352 ( act=goods&op=comments_list ) 
ERR: Db Error: Unknown column 'geval_image_again' in 'where clause'
SELECT COUNT(*) AS nc_count FROM `zmkj_evaluate_goods` WHERE ( geval_goodsid = '105352' ) AND ( (geval_image <> '') OR (geval_image_again <> '') ) LIMIT 1  
[2019-12-30 15:24:40] /shop/index.php?act=goods&op=comments_list&goods_id=108684 ( act=goods&op=comments_list ) 
ERR: Db Error: Unknown column 'geval_image_again' in 'where clause'
SELECT COUNT(*) AS nc_count FROM `zmkj_evaluate_goods` WHERE ( geval_goodsid = '108684' ) AND ( (geval_image <> '') OR (geval_image_again <> '') ) LIMIT 1  
[2019-12-30 15:24:53] /shop/index.php?act=goods&op=comments_list&goods_id=111492 ( act=goods&op=comments_list ) 
ERR: Db Error: Unknown column 'geval_image_again' in 'where clause'
SELECT COUNT(*) AS nc_count FROM `zmkj_evaluate_goods` WHERE ( geval_goodsid = '111492' ) AND ( (geval_image <> '') OR (geval_image_again <> '') ) LIMIT 1  
[2019-12-30 15:25:21] /shop/index.php?act=goods&op=comments_list&goods_id=111565 ( act=goods&op=comments_list ) 
ERR: Db Error: Unknown column 'geval_image_again' in 'where clause'
SELECT COUNT(*) AS nc_count FROM `zmkj_evaluate_goods` WHERE ( geval_goodsid = '111565' ) AND ( (geval_image <> '') OR (geval_image_again <> '') ) LIMIT 1  
[2019-12-30 15:42:34] /shop/index.php?act=goods&goods_id=107417&op=comments_list ( act=goods&op=comments_list ) 
ERR: Db Error: Unknown column 'geval_image_again' in 'where clause'
SELECT COUNT(*) AS nc_count FROM `zmkj_evaluate_goods` WHERE ( geval_goodsid = '107417' ) AND ( (geval_image <> '') OR (geval_image_again <> '') ) LIMIT 1  
[2019-12-30 18:08:09] /shop/index.php?act=goods&goods_id=107002&op=comments_list ( act=goods&op=comments_list ) 
ERR: Db Error: Unknown column 'geval_image_again' in 'where clause'
SELECT COUNT(*) AS nc_count FROM `zmkj_evaluate_goods` WHERE ( geval_goodsid = '107002' ) AND ( (geval_image <> '') OR (geval_image_again <> '') ) LIMIT 1  
[2019-12-30 18:18:16] /shop/index.php?act=goods&goods_id=104448&op=comments_list&type=2 ( act=goods&op=comments_list ) 
ERR: Db Error: Unknown column 'geval_image_again' in 'where clause'
SELECT COUNT(*) AS nc_count FROM `zmkj_evaluate_goods` WHERE ( geval_goodsid = '104448' ) AND ( (geval_image <> '') OR (geval_image_again <> '') ) LIMIT 1  
[2019-12-30 18:37:22] /shop/index.php?act=goods&op=comments_list&goods_id=111578 ( act=goods&op=comments_list ) 
ERR: Db Error: Unknown column 'geval_image_again' in 'where clause'
SELECT COUNT(*) AS nc_count FROM `zmkj_evaluate_goods` WHERE ( geval_goodsid = '111578' ) AND ( (geval_image <> '') OR (geval_image_again <> '') ) LIMIT 1  
[2019-12-30 18:37:33] /shop/index.php?act=goods&op=comments_list&goods_id=111670 ( act=goods&op=comments_list ) 
ERR: Db Error: Unknown column 'geval_image_again' in 'where clause'
SELECT COUNT(*) AS nc_count FROM `zmkj_evaluate_goods` WHERE ( geval_goodsid = '111670' ) AND ( (geval_image <> '') OR (geval_image_again <> '') ) LIMIT 1  
[2019-12-30 18:37:44] /shop/index.php?act=goods&op=comments_list&goods_id=111916 ( act=goods&op=comments_list ) 
ERR: Db Error: Unknown column 'geval_image_again' in 'where clause'
SELECT COUNT(*) AS nc_count FROM `zmkj_evaluate_goods` WHERE ( geval_goodsid = '111916' ) AND ( (geval_image <> '') OR (geval_image_again <> '') ) LIMIT 1  
[2019-12-30 19:11:37] /shop/index.php?act=goods&goods_id=106711&op=comments_list ( act=goods&op=comments_list ) 
ERR: Db Error: Unknown column 'geval_image_again' in 'where clause'
SELECT COUNT(*) AS nc_count FROM `zmkj_evaluate_goods` WHERE ( geval_goodsid = '106711' ) AND ( (geval_image <> '') OR (geval_image_again <> '') ) LIMIT 1  
[2019-12-30 19:27:48] /shop/index.php?act=goods&op=comments_list&goods_id=101845 ( act=goods&op=comments_list ) 
ERR: Db Error: Unknown column 'geval_image_again' in 'where clause'
SELECT COUNT(*) AS nc_count FROM `zmkj_evaluate_goods` WHERE ( geval_goodsid = '101845' ) AND ( (geval_image <> '') OR (geval_image_again <> '') ) LIMIT 1  
[2019-12-30 19:37:39] /shop/index.php?act=goods&goods_id=107363&op=comments_list ( act=goods&op=comments_list ) 
ERR: Db Error: Unknown column 'geval_image_again' in 'where clause'
SELECT COUNT(*) AS nc_count FROM `zmkj_evaluate_goods` WHERE ( geval_goodsid = '107363' ) AND ( (geval_image <> '') OR (geval_image_again <> '') ) LIMIT 1  
[2019-12-30 19:37:45] /shop/index.php?act=goods&goods_id=104448&op=comments_list&type=2 ( act=goods&op=comments_list ) 
ERR: Db Error: Unknown column 'geval_image_again' in 'where clause'
SELECT COUNT(*) AS nc_count FROM `zmkj_evaluate_goods` WHERE ( geval_goodsid = '104448' ) AND ( (geval_image <> '') OR (geval_image_again <> '') ) LIMIT 1  
[2019-12-30 19:38:23] /shop/index.php?act=goods&goods_id=108319&op=comments_list ( act=goods&op=comments_list ) 
ERR: Db Error: Unknown column 'geval_image_again' in 'where clause'
SELECT COUNT(*) AS nc_count FROM `zmkj_evaluate_goods` WHERE ( geval_goodsid = '108319' ) AND ( (geval_image <> '') OR (geval_image_again <> '') ) LIMIT 1  
[2019-12-30 20:35:23] /shop/index.php?act=goods&goods_id=108020&op=comments_list ( act=goods&op=comments_list ) 
ERR: Db Error: Unknown column 'geval_image_again' in 'where clause'
SELECT COUNT(*) AS nc_count FROM `zmkj_evaluate_goods` WHERE ( geval_goodsid = '108020' ) AND ( (geval_image <> '') OR (geval_image_again <> '') ) LIMIT 1  
[2019-12-30 20:39:41] /shop/index.php?act=goods&goods_id=107002&op=comments_list ( act=goods&op=comments_list ) 
ERR: Db Error: Unknown column 'geval_image_again' in 'where clause'
SELECT COUNT(*) AS nc_count FROM `zmkj_evaluate_goods` WHERE ( geval_goodsid = '107002' ) AND ( (geval_image <> '') OR (geval_image_again <> '') ) LIMIT 1  
[2019-12-30 20:40:21] /shop/index.php?act=goods&goods_id=107363&op=comments_list ( act=goods&op=comments_list ) 
ERR: Db Error: Unknown column 'geval_image_again' in 'where clause'
SELECT COUNT(*) AS nc_count FROM `zmkj_evaluate_goods` WHERE ( geval_goodsid = '107363' ) AND ( (geval_image <> '') OR (geval_image_again <> '') ) LIMIT 1  
[2019-12-30 20:40:29] /shop/index.php?act=goods&goods_id=104448&op=comments_list&type=2 ( act=goods&op=comments_list ) 
ERR: Db Error: Unknown column 'geval_image_again' in 'where clause'
SELECT COUNT(*) AS nc_count FROM `zmkj_evaluate_goods` WHERE ( geval_goodsid = '104448' ) AND ( (geval_image <> '') OR (geval_image_again <> '') ) LIMIT 1  
[2019-12-30 20:41:23] /shop/index.php?act=goods&goods_id=108319&op=comments_list ( act=goods&op=comments_list ) 
ERR: Db Error: Unknown column 'geval_image_again' in 'where clause'
SELECT COUNT(*) AS nc_count FROM `zmkj_evaluate_goods` WHERE ( geval_goodsid = '108319' ) AND ( (geval_image <> '') OR (geval_image_again <> '') ) LIMIT 1  
[2019-12-30 20:42:01] /shop/index.php?act=goods&goods_id=104464&op=comments_list ( act=goods&op=comments_list ) 
ERR: Db Error: Unknown column 'geval_image_again' in 'where clause'
SELECT COUNT(*) AS nc_count FROM `zmkj_evaluate_goods` WHERE ( geval_goodsid = '104464' ) AND ( (geval_image <> '') OR (geval_image_again <> '') ) LIMIT 1  
[2019-12-30 21:48:42] /shop/index.php?act=goods&goods_id=108020&op=comments_list ( act=goods&op=comments_list ) 
ERR: Db Error: Unknown column 'geval_image_again' in 'where clause'
SELECT COUNT(*) AS nc_count FROM `zmkj_evaluate_goods` WHERE ( geval_goodsid = '108020' ) AND ( (geval_image <> '') OR (geval_image_again <> '') ) LIMIT 1  
[2019-12-30 21:52:09] /shop/index.php?act=goods&goods_id=107002&op=comments_list ( act=goods&op=comments_list ) 
ERR: Db Error: Unknown column 'geval_image_again' in 'where clause'
SELECT COUNT(*) AS nc_count FROM `zmkj_evaluate_goods` WHERE ( geval_goodsid = '107002' ) AND ( (geval_image <> '') OR (geval_image_again <> '') ) LIMIT 1  
[2019-12-30 21:52:52] /shop/index.php?act=goods&goods_id=107363&op=comments_list ( act=goods&op=comments_list ) 
ERR: Db Error: Unknown column 'geval_image_again' in 'where clause'
SELECT COUNT(*) AS nc_count FROM `zmkj_evaluate_goods` WHERE ( geval_goodsid = '107363' ) AND ( (geval_image <> '') OR (geval_image_again <> '') ) LIMIT 1  
[2019-12-30 21:55:09] /shop/index.php?act=goods&goods_id=104448&op=comments_list&type=2 ( act=goods&op=comments_list ) 
ERR: Db Error: Unknown column 'geval_image_again' in 'where clause'
SELECT COUNT(*) AS nc_count FROM `zmkj_evaluate_goods` WHERE ( geval_goodsid = '104448' ) AND ( (geval_image <> '') OR (geval_image_again <> '') ) LIMIT 1  
[2019-12-30 21:55:53] /shop/index.php?act=goods&goods_id=108319&op=comments_list ( act=goods&op=comments_list ) 
ERR: Db Error: Unknown column 'geval_image_again' in 'where clause'
SELECT COUNT(*) AS nc_count FROM `zmkj_evaluate_goods` WHERE ( geval_goodsid = '108319' ) AND ( (geval_image <> '') OR (geval_image_again <> '') ) LIMIT 1  
[2019-12-30 22:47:41] /shop/index.php?act=goods&goods_id=108020&op=comments_list ( act=goods&op=comments_list ) 
ERR: Db Error: Unknown column 'geval_image_again' in 'where clause'
SELECT COUNT(*) AS nc_count FROM `zmkj_evaluate_goods` WHERE ( geval_goodsid = '108020' ) AND ( (geval_image <> '') OR (geval_image_again <> '') ) LIMIT 1  
[2019-12-30 22:53:32] /shop/index.php?act=goods&goods_id=107002&op=comments_list ( act=goods&op=comments_list ) 
ERR: Db Error: Unknown column 'geval_image_again' in 'where clause'
SELECT COUNT(*) AS nc_count FROM `zmkj_evaluate_goods` WHERE ( geval_goodsid = '107002' ) AND ( (geval_image <> '') OR (geval_image_again <> '') ) LIMIT 1  
[2019-12-30 23:07:48] /shop/index.php?act=goods&goods_id=107363&op=comments_list ( act=goods&op=comments_list ) 
ERR: Db Error: Unknown column 'geval_image_again' in 'where clause'
SELECT COUNT(*) AS nc_count FROM `zmkj_evaluate_goods` WHERE ( geval_goodsid = '107363' ) AND ( (geval_image <> '') OR (geval_image_again <> '') ) LIMIT 1  
[2019-12-30 23:07:56] /shop/index.php?act=goods&goods_id=104448&op=comments_list&type=2 ( act=goods&op=comments_list ) 
ERR: Db Error: Unknown column 'geval_image_again' in 'where clause'
SELECT COUNT(*) AS nc_count FROM `zmkj_evaluate_goods` WHERE ( geval_goodsid = '104448' ) AND ( (geval_image <> '') OR (geval_image_again <> '') ) LIMIT 1  
[2019-12-30 23:08:38] /shop/index.php?act=goods&goods_id=108319&op=comments_list ( act=goods&op=comments_list ) 
ERR: Db Error: Unknown column 'geval_image_again' in 'where clause'
SELECT COUNT(*) AS nc_count FROM `zmkj_evaluate_goods` WHERE ( geval_goodsid = '108319' ) AND ( (geval_image <> '') OR (geval_image_again <> '') ) LIMIT 1  
[2019-12-30 23:08:51] /shop/index.php?act=goods&goods_id=104464&op=comments_list ( act=goods&op=comments_list ) 
ERR: Db Error: Unknown column 'geval_image_again' in 'where clause'
SELECT COUNT(*) AS nc_count FROM `zmkj_evaluate_goods` WHERE ( geval_goodsid = '104464' ) AND ( (geval_image <> '') OR (geval_image_again <> '') ) LIMIT 1  
[2019-12-30 23:45:44] /shop/index.php?act=goods&goods_id=108020&op=comments_list ( act=goods&op=comments_list ) 
ERR: Db Error: Unknown column 'geval_image_again' in 'where clause'
SELECT COUNT(*) AS nc_count FROM `zmkj_evaluate_goods` WHERE ( geval_goodsid = '108020' ) AND ( (geval_image <> '') OR (geval_image_again <> '') ) LIMIT 1  
[2019-12-30 23:51:21] /shop/index.php?act=goods&goods_id=107363&op=comments_list ( act=goods&op=comments_list ) 
ERR: Db Error: Unknown column 'geval_image_again' in 'where clause'
SELECT COUNT(*) AS nc_count FROM `zmkj_evaluate_goods` WHERE ( geval_goodsid = '107363' ) AND ( (geval_image <> '') OR (geval_image_again <> '') ) LIMIT 1  
[2019-12-30 23:51:31] /shop/index.php?act=goods&goods_id=104448&op=comments_list&type=2 ( act=goods&op=comments_list ) 
ERR: Db Error: Unknown column 'geval_image_again' in 'where clause'
SELECT COUNT(*) AS nc_count FROM `zmkj_evaluate_goods` WHERE ( geval_goodsid = '104448' ) AND ( (geval_image <> '') OR (geval_image_again <> '') ) LIMIT 1  
[2019-12-30 23:52:45] /shop/index.php?act=goods&goods_id=108319&op=comments_list ( act=goods&op=comments_list ) 
ERR: Db Error: Unknown column 'geval_image_again' in 'where clause'
SELECT COUNT(*) AS nc_count FROM `zmkj_evaluate_goods` WHERE ( geval_goodsid = '108319' ) AND ( (geval_image <> '') OR (geval_image_again <> '') ) LIMIT 1  
[2019-12-30 23:53:42] /shop/index.php?act=goods&goods_id=104464&op=comments_list ( act=goods&op=comments_list ) 
ERR: Db Error: Unknown column 'geval_image_again' in 'where clause'
SELECT COUNT(*) AS nc_count FROM `zmkj_evaluate_goods` WHERE ( geval_goodsid = '104464' ) AND ( (geval_image <> '') OR (geval_image_again <> '') ) LIMIT 1  
