[2019-05-14 01:28:55] /shop/index.php?act=goods&op=comments_list&goods_id=103596 ( act=goods&op=comments_list ) 
ERR: Db Error: Unknown column 'geval_image_again' in 'where clause'
SELECT COUNT(*) AS nc_count FROM `zmkj_evaluate_goods` WHERE ( geval_goodsid = '103596' ) AND ( (geval_image <> '') OR (geval_image_again <> '') ) LIMIT 1  
[2019-05-14 06:03:20] /shop/index.php?act=goods&op=comments_list&goods_id=103972 ( act=goods&op=comments_list ) 
ERR: Db Error: Unknown column 'geval_image_again' in 'where clause'
SELECT COUNT(*) AS nc_count FROM `zmkj_evaluate_goods` WHERE ( geval_goodsid = '103972' ) AND ( (geval_image <> '') OR (geval_image_again <> '') ) LIMIT 1  
[2019-05-14 06:12:51] /shop/index.php?act=goods&op=comments_list&goods_id=107188 ( act=goods&op=comments_list ) 
ERR: Db Error: Unknown column 'geval_image_again' in 'where clause'
SELECT COUNT(*) AS nc_count FROM `zmkj_evaluate_goods` WHERE ( geval_goodsid = '107188' ) AND ( (geval_image <> '') OR (geval_image_again <> '') ) LIMIT 1  
[2019-05-14 11:06:26] /shop/index.php?act=goods&op=comments_list&goods_id=108955 ( act=goods&op=comments_list ) 
ERR: Db Error: Unknown column 'geval_image_again' in 'where clause'
SELECT COUNT(*) AS nc_count FROM `zmkj_evaluate_goods` WHERE ( geval_goodsid = '108955' ) AND ( (geval_image <> '') OR (geval_image_again <> '') ) LIMIT 1  
[2019-05-14 12:07:03] /shop/index.php?act=goods&op=comments_list&goods_id=108955 ( act=goods&op=comments_list ) 
ERR: Db Error: Unknown column 'geval_image_again' in 'where clause'
SELECT COUNT(*) AS nc_count FROM `zmkj_evaluate_goods` WHERE ( geval_goodsid = '108955' ) AND ( (geval_image <> '') OR (geval_image_again <> '') ) LIMIT 1  
[2019-05-14 16:02:31] /shop/index.php?act=goods&op=comments_list&goods_id=107325 ( act=goods&op=comments_list ) 
ERR: Db Error: Unknown column 'geval_image_again' in 'where clause'
SELECT COUNT(*) AS nc_count FROM `zmkj_evaluate_goods` WHERE ( geval_goodsid = '107325' ) AND ( (geval_image <> '') OR (geval_image_again <> '') ) LIMIT 1  
[2019-05-14 16:11:36] /shop/index.php?act=goods&op=comments_list&goods_id=107315 ( act=goods&op=comments_list ) 
ERR: Db Error: Unknown column 'geval_image_again' in 'where clause'
SELECT COUNT(*) AS nc_count FROM `zmkj_evaluate_goods` WHERE ( geval_goodsid = '107315' ) AND ( (geval_image <> '') OR (geval_image_again <> '') ) LIMIT 1  
[2019-05-14 16:24:11] /shop/index.php?act=goods&op=comments_list&goods_id=107298 ( act=goods&op=comments_list ) 
ERR: Db Error: Unknown column 'geval_image_again' in 'where clause'
SELECT COUNT(*) AS nc_count FROM `zmkj_evaluate_goods` WHERE ( geval_goodsid = '107298' ) AND ( (geval_image <> '') OR (geval_image_again <> '') ) LIMIT 1  
[2019-05-14 17:03:32] /shop/index.php?act=goods&op=comments_list&goods_id=107328 ( act=goods&op=comments_list ) 
ERR: Db Error: Unknown column 'geval_image_again' in 'where clause'
SELECT COUNT(*) AS nc_count FROM `zmkj_evaluate_goods` WHERE ( geval_goodsid = '107328' ) AND ( (geval_image <> '') OR (geval_image_again <> '') ) LIMIT 1  
[2019-05-14 17:07:53] /shop/index.php?act=goods&op=comments_list&goods_id=107314 ( act=goods&op=comments_list ) 
ERR: Db Error: Unknown column 'geval_image_again' in 'where clause'
SELECT COUNT(*) AS nc_count FROM `zmkj_evaluate_goods` WHERE ( geval_goodsid = '107314' ) AND ( (geval_image <> '') OR (geval_image_again <> '') ) LIMIT 1  
[2019-05-14 17:11:13] /shop/index.php?act=goods&goods_id=106614&op=comments_list ( act=goods&op=comments_list ) 
ERR: Db Error: Unknown column 'geval_image_again' in 'where clause'
SELECT COUNT(*) AS nc_count FROM `zmkj_evaluate_goods` WHERE ( geval_goodsid = '106614' ) AND ( (geval_image <> '') OR (geval_image_again <> '') ) LIMIT 1  
[2019-05-14 17:11:13] /shop/index.php?act=goods&goods_id=101858&op=comments_list ( act=goods&op=comments_list ) 
ERR: Db Error: Unknown column 'geval_image_again' in 'where clause'
SELECT COUNT(*) AS nc_count FROM `zmkj_evaluate_goods` WHERE ( geval_goodsid = '101858' ) AND ( (geval_image <> '') OR (geval_image_again <> '') ) LIMIT 1  
[2019-05-14 17:11:27] /shop/index.php?act=goods&goods_id=108080&op=comments_list ( act=goods&op=comments_list ) 
ERR: Db Error: Unknown column 'geval_image_again' in 'where clause'
SELECT COUNT(*) AS nc_count FROM `zmkj_evaluate_goods` WHERE ( geval_goodsid = '108080' ) AND ( (geval_image <> '') OR (geval_image_again <> '') ) LIMIT 1  
[2019-05-14 17:11:28] /shop/index.php?act=goods&goods_id=101812&op=comments_list ( act=goods&op=comments_list ) 
ERR: Db Error: Unknown column 'geval_image_again' in 'where clause'
SELECT COUNT(*) AS nc_count FROM `zmkj_evaluate_goods` WHERE ( geval_goodsid = '101812' ) AND ( (geval_image <> '') OR (geval_image_again <> '') ) LIMIT 1  
[2019-05-14 17:11:34] /shop/index.php?act=goods&goods_id=100541&op=comments_list ( act=goods&op=comments_list ) 
ERR: Db Error: Unknown column 'geval_image_again' in 'where clause'
SELECT COUNT(*) AS nc_count FROM `zmkj_evaluate_goods` WHERE ( geval_goodsid = '100541' ) AND ( (geval_image <> '') OR (geval_image_again <> '') ) LIMIT 1  
[2019-05-14 17:11:39] /shop/index.php?act=goods&goods_id=102604&op=comments_list ( act=goods&op=comments_list ) 
ERR: Db Error: Unknown column 'geval_image_again' in 'where clause'
SELECT COUNT(*) AS nc_count FROM `zmkj_evaluate_goods` WHERE ( geval_goodsid = '102604' ) AND ( (geval_image <> '') OR (geval_image_again <> '') ) LIMIT 1  
[2019-05-14 17:11:40] /shop/index.php?act=goods&goods_id=103768&op=comments_list ( act=goods&op=comments_list ) 
ERR: Db Error: Unknown column 'geval_image_again' in 'where clause'
SELECT COUNT(*) AS nc_count FROM `zmkj_evaluate_goods` WHERE ( geval_goodsid = '103768' ) AND ( (geval_image <> '') OR (geval_image_again <> '') ) LIMIT 1  
[2019-05-14 17:11:54] /shop/index.php?act=search&area_id=17&cate_id=2197&op=index ( act=search&op=index ) 
ERR: Db Error: Unknown column 'gc_id_' in 'where clause'
SELECT count(distinct CONCAT(goods_commonid)) AS nc_count FROM `zmkj_goods` WHERE ( gc_id_ = '2197' ) AND ( areaid_1 = '17' ) AND ( goods_state = '1' ) AND ( goods_verify = '1' ) LIMIT 1  
[2019-05-14 17:11:57] /shop/index.php?act=goods&goods_id=107608&op=comments_list ( act=goods&op=comments_list ) 
ERR: Db Error: Unknown column 'geval_image_again' in 'where clause'
SELECT COUNT(*) AS nc_count FROM `zmkj_evaluate_goods` WHERE ( geval_goodsid = '107608' ) AND ( (geval_image <> '') OR (geval_image_again <> '') ) LIMIT 1  
[2019-05-14 17:12:06] /shop/index.php?act=goods&goods_id=107679&op=comments_list ( act=goods&op=comments_list ) 
ERR: Db Error: Unknown column 'geval_image_again' in 'where clause'
SELECT COUNT(*) AS nc_count FROM `zmkj_evaluate_goods` WHERE ( geval_goodsid = '107679' ) AND ( (geval_image <> '') OR (geval_image_again <> '') ) LIMIT 1  
[2019-05-14 17:12:09] /shop/index.php?act=goods&goods_id=103863&op=comments_list ( act=goods&op=comments_list ) 
ERR: Db Error: Unknown column 'geval_image_again' in 'where clause'
SELECT COUNT(*) AS nc_count FROM `zmkj_evaluate_goods` WHERE ( geval_goodsid = '103863' ) AND ( (geval_image <> '') OR (geval_image_again <> '') ) LIMIT 1  
[2019-05-14 17:19:58] /shop/index.php?act=goods&op=comments_list&goods_id=107316 ( act=goods&op=comments_list ) 
ERR: Db Error: Unknown column 'geval_image_again' in 'where clause'
SELECT COUNT(*) AS nc_count FROM `zmkj_evaluate_goods` WHERE ( geval_goodsid = '107316' ) AND ( (geval_image <> '') OR (geval_image_again <> '') ) LIMIT 1  
[2019-05-14 17:21:32] /shop/index.php?act=goods&op=comments_list&goods_id=107311 ( act=goods&op=comments_list ) 
ERR: Db Error: Unknown column 'geval_image_again' in 'where clause'
SELECT COUNT(*) AS nc_count FROM `zmkj_evaluate_goods` WHERE ( geval_goodsid = '107311' ) AND ( (geval_image <> '') OR (geval_image_again <> '') ) LIMIT 1  
[2019-05-14 19:39:04] /shop/index.php?act=goods&op=comments_list&goods_id=109128 ( act=goods&op=comments_list ) 
ERR: Db Error: Unknown column 'geval_image_again' in 'where clause'
SELECT COUNT(*) AS nc_count FROM `zmkj_evaluate_goods` WHERE ( geval_goodsid = '109128' ) AND ( (geval_image <> '') OR (geval_image_again <> '') ) LIMIT 1  
[2019-05-14 22:31:43] /shop/index.php?act=goods&goods_id=100570&op=comments_list&type=2 ( act=goods&op=comments_list ) 
ERR: Db Error: Unknown column 'geval_image_again' in 'where clause'
SELECT COUNT(*) AS nc_count FROM `zmkj_evaluate_goods` WHERE ( geval_goodsid = '100570' ) AND ( (geval_image <> '') OR (geval_image_again <> '') ) LIMIT 1  
[2019-05-14 22:31:44] /shop/index.php?act=goods&goods_id=101348&op=comments_list ( act=goods&op=comments_list ) 
ERR: Db Error: Unknown column 'geval_image_again' in 'where clause'
SELECT COUNT(*) AS nc_count FROM `zmkj_evaluate_goods` WHERE ( geval_goodsid = '101348' ) AND ( (geval_image <> '') OR (geval_image_again <> '') ) LIMIT 1  
[2019-05-14 22:31:44] /shop/index.php?act=goods&goods_id=107034&op=comments_list ( act=goods&op=comments_list ) 
ERR: Db Error: Unknown column 'geval_image_again' in 'where clause'
SELECT COUNT(*) AS nc_count FROM `zmkj_evaluate_goods` WHERE ( geval_goodsid = '107034' ) AND ( (geval_image <> '') OR (geval_image_again <> '') ) LIMIT 1  
[2019-05-14 22:31:46] /shop/index.php?act=goods&goods_id=102095&op=comments_list ( act=goods&op=comments_list ) 
ERR: Db Error: Unknown column 'geval_image_again' in 'where clause'
SELECT COUNT(*) AS nc_count FROM `zmkj_evaluate_goods` WHERE ( geval_goodsid = '102095' ) AND ( (geval_image <> '') OR (geval_image_again <> '') ) LIMIT 1  
[2019-05-14 22:31:59] /shop/index.php?act=goods&goods_id=101143&op=comments_list ( act=goods&op=comments_list ) 
ERR: Db Error: Unknown column 'geval_image_again' in 'where clause'
SELECT COUNT(*) AS nc_count FROM `zmkj_evaluate_goods` WHERE ( geval_goodsid = '101143' ) AND ( (geval_image <> '') OR (geval_image_again <> '') ) LIMIT 1  
[2019-05-14 22:32:02] /shop/index.php?act=goods&goods_id=103961&op=comments_list ( act=goods&op=comments_list ) 
ERR: Db Error: Unknown column 'geval_image_again' in 'where clause'
SELECT COUNT(*) AS nc_count FROM `zmkj_evaluate_goods` WHERE ( geval_goodsid = '103961' ) AND ( (geval_image <> '') OR (geval_image_again <> '') ) LIMIT 1  
[2019-05-14 22:32:04] /shop/index.php?act=goods&goods_id=101429&op=comments_list&type=3 ( act=goods&op=comments_list ) 
ERR: Db Error: Unknown column 'geval_image_again' in 'where clause'
SELECT COUNT(*) AS nc_count FROM `zmkj_evaluate_goods` WHERE ( geval_goodsid = '101429' ) AND ( (geval_image <> '') OR (geval_image_again <> '') ) LIMIT 1  
[2019-05-14 22:32:11] /shop/index.php?act=goods&goods_id=106208&op=comments_list ( act=goods&op=comments_list ) 
ERR: Db Error: Unknown column 'geval_image_again' in 'where clause'
SELECT COUNT(*) AS nc_count FROM `zmkj_evaluate_goods` WHERE ( geval_goodsid = '106208' ) AND ( (geval_image <> '') OR (geval_image_again <> '') ) LIMIT 1  
[2019-05-14 22:32:12] /shop/index.php?act=goods&goods_id=103558&op=comments_list ( act=goods&op=comments_list ) 
ERR: Db Error: Unknown column 'geval_image_again' in 'where clause'
SELECT COUNT(*) AS nc_count FROM `zmkj_evaluate_goods` WHERE ( geval_goodsid = '103558' ) AND ( (geval_image <> '') OR (geval_image_again <> '') ) LIMIT 1  
[2019-05-14 22:32:14] /shop/index.php?act=goods&goods_id=108388&op=comments_list ( act=goods&op=comments_list ) 
ERR: Db Error: Unknown column 'geval_image_again' in 'where clause'
SELECT COUNT(*) AS nc_count FROM `zmkj_evaluate_goods` WHERE ( geval_goodsid = '108388' ) AND ( (geval_image <> '') OR (geval_image_again <> '') ) LIMIT 1  
[2019-05-14 22:32:27] /shop/index.php?act=goods&goods_id=105491&op=comments_list ( act=goods&op=comments_list ) 
ERR: Db Error: Unknown column 'geval_image_again' in 'where clause'
SELECT COUNT(*) AS nc_count FROM `zmkj_evaluate_goods` WHERE ( geval_goodsid = '105491' ) AND ( (geval_image <> '') OR (geval_image_again <> '') ) LIMIT 1  
