[2019-09-16 00:57:07] /shop/index.php?act=goods&goods_id=100785&op=comments_list ( act=goods&op=comments_list ) 
ERR: Db Error: Unknown column 'geval_image_again' in 'where clause'
SELECT COUNT(*) AS nc_count FROM `zmkj_evaluate_goods` WHERE ( geval_goodsid = '100785' ) AND ( (geval_image <> '') OR (geval_image_again <> '') ) LIMIT 1  
[2019-09-16 03:21:04] /shop/index.php?act=goods&goods_id=108431&op=comments_list ( act=goods&op=comments_list ) 
ERR: Db Error: Unknown column 'geval_image_again' in 'where clause'
SELECT COUNT(*) AS nc_count FROM `zmkj_evaluate_goods` WHERE ( geval_goodsid = '108431' ) AND ( (geval_image <> '') OR (geval_image_again <> '') ) LIMIT 1  
[2019-09-16 03:26:35] /shop/index.php?act=goods&goods_id=102570&op=comments_list ( act=goods&op=comments_list ) 
ERR: Db Error: Unknown column 'geval_image_again' in 'where clause'
SELECT COUNT(*) AS nc_count FROM `zmkj_evaluate_goods` WHERE ( geval_goodsid = '102570' ) AND ( (geval_image <> '') OR (geval_image_again <> '') ) LIMIT 1  
[2019-09-16 03:38:24] /shop/index.php?act=goods&goods_id=107303&op=comments_list ( act=goods&op=comments_list ) 
ERR: Db Error: Unknown column 'geval_image_again' in 'where clause'
SELECT COUNT(*) AS nc_count FROM `zmkj_evaluate_goods` WHERE ( geval_goodsid = '107303' ) AND ( (geval_image <> '') OR (geval_image_again <> '') ) LIMIT 1  
[2019-09-16 03:41:59] /shop/index.php?act=goods&goods_id=102456&op=comments_list ( act=goods&op=comments_list ) 
ERR: Db Error: Unknown column 'geval_image_again' in 'where clause'
SELECT COUNT(*) AS nc_count FROM `zmkj_evaluate_goods` WHERE ( geval_goodsid = '102456' ) AND ( (geval_image <> '') OR (geval_image_again <> '') ) LIMIT 1  
[2019-09-16 03:42:33] /shop/index.php?act=goods&goods_id=106283&op=comments_list ( act=goods&op=comments_list ) 
ERR: Db Error: Unknown column 'geval_image_again' in 'where clause'
SELECT COUNT(*) AS nc_count FROM `zmkj_evaluate_goods` WHERE ( geval_goodsid = '106283' ) AND ( (geval_image <> '') OR (geval_image_again <> '') ) LIMIT 1  
[2019-09-16 03:42:55] /shop/index.php?act=goods&goods_id=101963&op=comments_list ( act=goods&op=comments_list ) 
ERR: Db Error: Unknown column 'geval_image_again' in 'where clause'
SELECT COUNT(*) AS nc_count FROM `zmkj_evaluate_goods` WHERE ( geval_goodsid = '101963' ) AND ( (geval_image <> '') OR (geval_image_again <> '') ) LIMIT 1  
[2019-09-16 03:46:48] /shop/index.php?act=goods&goods_id=105843&op=comments_list ( act=goods&op=comments_list ) 
ERR: Db Error: Unknown column 'geval_image_again' in 'where clause'
SELECT COUNT(*) AS nc_count FROM `zmkj_evaluate_goods` WHERE ( geval_goodsid = '105843' ) AND ( (geval_image <> '') OR (geval_image_again <> '') ) LIMIT 1  
[2019-09-16 03:55:41] /shop/index.php?act=goods&goods_id=103062&op=comments_list ( act=goods&op=comments_list ) 
ERR: Db Error: Unknown column 'geval_image_again' in 'where clause'
SELECT COUNT(*) AS nc_count FROM `zmkj_evaluate_goods` WHERE ( geval_goodsid = '103062' ) AND ( (geval_image <> '') OR (geval_image_again <> '') ) LIMIT 1  
[2019-09-16 03:56:30] /shop/index.php?act=goods&goods_id=103057&op=comments_list ( act=goods&op=comments_list ) 
ERR: Db Error: Unknown column 'geval_image_again' in 'where clause'
SELECT COUNT(*) AS nc_count FROM `zmkj_evaluate_goods` WHERE ( geval_goodsid = '103057' ) AND ( (geval_image <> '') OR (geval_image_again <> '') ) LIMIT 1  
[2019-09-16 03:57:12] /shop/index.php?act=goods&goods_id=108108&op=comments_list ( act=goods&op=comments_list ) 
ERR: Db Error: Unknown column 'geval_image_again' in 'where clause'
SELECT COUNT(*) AS nc_count FROM `zmkj_evaluate_goods` WHERE ( geval_goodsid = '108108' ) AND ( (geval_image <> '') OR (geval_image_again <> '') ) LIMIT 1  
[2019-09-16 03:58:22] /shop/index.php?act=goods&goods_id=106762&op=comments_list ( act=goods&op=comments_list ) 
ERR: Db Error: Unknown column 'geval_image_again' in 'where clause'
SELECT COUNT(*) AS nc_count FROM `zmkj_evaluate_goods` WHERE ( geval_goodsid = '106762' ) AND ( (geval_image <> '') OR (geval_image_again <> '') ) LIMIT 1  
[2019-09-16 03:59:35] /shop/index.php?act=goods&goods_id=103951&op=comments_list ( act=goods&op=comments_list ) 
ERR: Db Error: Unknown column 'geval_image_again' in 'where clause'
SELECT COUNT(*) AS nc_count FROM `zmkj_evaluate_goods` WHERE ( geval_goodsid = '103951' ) AND ( (geval_image <> '') OR (geval_image_again <> '') ) LIMIT 1  
[2019-09-16 04:00:33] /shop/index.php?act=goods&goods_id=101347&op=comments_list&type=2 ( act=goods&op=comments_list ) 
ERR: Db Error: Unknown column 'geval_image_again' in 'where clause'
SELECT COUNT(*) AS nc_count FROM `zmkj_evaluate_goods` WHERE ( geval_goodsid = '101347' ) AND ( (geval_image <> '') OR (geval_image_again <> '') ) LIMIT 1  
[2019-09-16 04:00:58] /shop/index.php?act=goods&goods_id=101346&op=comments_list ( act=goods&op=comments_list ) 
ERR: Db Error: Unknown column 'geval_image_again' in 'where clause'
SELECT COUNT(*) AS nc_count FROM `zmkj_evaluate_goods` WHERE ( geval_goodsid = '101346' ) AND ( (geval_image <> '') OR (geval_image_again <> '') ) LIMIT 1  
[2019-09-16 04:02:31] /shop/index.php?act=goods&goods_id=108430&op=comments_list ( act=goods&op=comments_list ) 
ERR: Db Error: Unknown column 'geval_image_again' in 'where clause'
SELECT COUNT(*) AS nc_count FROM `zmkj_evaluate_goods` WHERE ( geval_goodsid = '108430' ) AND ( (geval_image <> '') OR (geval_image_again <> '') ) LIMIT 1  
[2019-09-16 04:04:12] /shop/index.php?act=goods&goods_id=107502&op=comments_list ( act=goods&op=comments_list ) 
ERR: Db Error: Unknown column 'geval_image_again' in 'where clause'
SELECT COUNT(*) AS nc_count FROM `zmkj_evaluate_goods` WHERE ( geval_goodsid = '107502' ) AND ( (geval_image <> '') OR (geval_image_again <> '') ) LIMIT 1  
[2019-09-16 04:04:15] /shop/index.php?act=goods&goods_id=107898&op=comments_list ( act=goods&op=comments_list ) 
ERR: Db Error: Unknown column 'geval_image_again' in 'where clause'
SELECT COUNT(*) AS nc_count FROM `zmkj_evaluate_goods` WHERE ( geval_goodsid = '107898' ) AND ( (geval_image <> '') OR (geval_image_again <> '') ) LIMIT 1  
[2019-09-16 04:04:27] /shop/index.php?act=goods&goods_id=104277&op=comments_list ( act=goods&op=comments_list ) 
ERR: Db Error: Unknown column 'geval_image_again' in 'where clause'
SELECT COUNT(*) AS nc_count FROM `zmkj_evaluate_goods` WHERE ( geval_goodsid = '104277' ) AND ( (geval_image <> '') OR (geval_image_again <> '') ) LIMIT 1  
[2019-09-16 04:06:40] /shop/index.php?act=goods&goods_id=105581&op=comments_list ( act=goods&op=comments_list ) 
ERR: Db Error: Unknown column 'geval_image_again' in 'where clause'
SELECT COUNT(*) AS nc_count FROM `zmkj_evaluate_goods` WHERE ( geval_goodsid = '105581' ) AND ( (geval_image <> '') OR (geval_image_again <> '') ) LIMIT 1  
[2019-09-16 10:45:18] /shop/index.php?act=hot_sale&op=index ( act=hot_sale&op=index ) 
ERR: Db Error: You have an error in your SQL syntax; check the manual that corresponds to your MySQL server version for the right syntax to use near ') and goods_state=1' at line 1
select * from zmkj_goods where goods_id in () and goods_state=1
[2019-09-16 10:45:18] /shop/index.php?act=hot_sale&op=index ( act=hot_sale&op=index ) 
ERR: Db Error: You have an error in your SQL syntax; check the manual that corresponds to your MySQL server version for the right syntax to use near '' at line 1
select `member_id` from zmkj_store where store_id = 
[2019-09-16 18:09:41] /shop/index.php?act=goods&goods_id=105543&op=comments_list ( act=goods&op=comments_list ) 
ERR: Db Error: Unknown column 'geval_image_again' in 'where clause'
SELECT COUNT(*) AS nc_count FROM `zmkj_evaluate_goods` WHERE ( geval_goodsid = '105543' ) AND ( (geval_image <> '') OR (geval_image_again <> '') ) LIMIT 1  
[2019-09-16 18:09:46] /shop/index.php?act=goods&goods_id=107287&op=comments_list ( act=goods&op=comments_list ) 
ERR: Db Error: Unknown column 'geval_image_again' in 'where clause'
SELECT COUNT(*) AS nc_count FROM `zmkj_evaluate_goods` WHERE ( geval_goodsid = '107287' ) AND ( (geval_image <> '') OR (geval_image_again <> '') ) LIMIT 1  
[2019-09-16 18:10:15] /shop/index.php?act=goods&goods_id=108383&op=comments_list ( act=goods&op=comments_list ) 
ERR: Db Error: Unknown column 'geval_image_again' in 'where clause'
SELECT COUNT(*) AS nc_count FROM `zmkj_evaluate_goods` WHERE ( geval_goodsid = '108383' ) AND ( (geval_image <> '') OR (geval_image_again <> '') ) LIMIT 1  
[2019-09-16 20:54:47] /shop/index.php?act=search&op=index&cate_id=2175 ( act=search&op=index ) 
ERR: Db Error: Unknown column 'gc_id_' in 'where clause'
SELECT count(distinct CONCAT(goods_commonid)) AS nc_count FROM `zmkj_goods` WHERE ( gc_id_ = '2175' ) AND ( goods_state = '1' ) AND ( goods_verify = '1' ) LIMIT 1  
[2019-09-16 20:54:54] /shop/index.php?act=search&op=index&cate_id=2169 ( act=search&op=index ) 
ERR: Db Error: Unknown column 'gc_id_' in 'where clause'
SELECT count(distinct CONCAT(goods_commonid)) AS nc_count FROM `zmkj_goods` WHERE ( gc_id_ = '2169' ) AND ( goods_state = '1' ) AND ( goods_verify = '1' ) LIMIT 1  
[2019-09-16 20:55:02] /shop/index.php?act=goods&op=comments_list&goods_id=108852 ( act=goods&op=comments_list ) 
ERR: Db Error: Unknown column 'geval_image_again' in 'where clause'
SELECT COUNT(*) AS nc_count FROM `zmkj_evaluate_goods` WHERE ( geval_goodsid = '108852' ) AND ( (geval_image <> '') OR (geval_image_again <> '') ) LIMIT 1  
[2019-09-16 20:55:11] /shop/index.php?act=search&op=index&cate_id=2190 ( act=search&op=index ) 
ERR: Db Error: Unknown column 'gc_id_' in 'where clause'
SELECT count(distinct CONCAT(goods_commonid)) AS nc_count FROM `zmkj_goods` WHERE ( gc_id_ = '2190' ) AND ( goods_state = '1' ) AND ( goods_verify = '1' ) LIMIT 1  
[2019-09-16 20:55:32] /shop/index.php?act=goods&op=comments_list&goods_id=108593 ( act=goods&op=comments_list ) 
ERR: Db Error: Unknown column 'geval_image_again' in 'where clause'
SELECT COUNT(*) AS nc_count FROM `zmkj_evaluate_goods` WHERE ( geval_goodsid = '108593' ) AND ( (geval_image <> '') OR (geval_image_again <> '') ) LIMIT 1  
[2019-09-16 20:56:01] /shop/index.php?act=search&op=index&cate_id=2178 ( act=search&op=index ) 
ERR: Db Error: Unknown column 'gc_id_' in 'where clause'
SELECT count(distinct CONCAT(goods_commonid)) AS nc_count FROM `zmkj_goods` WHERE ( gc_id_ = '2178' ) AND ( goods_state = '1' ) AND ( goods_verify = '1' ) LIMIT 1  
[2019-09-16 20:56:02] /shop/index.php?act=search&op=index&cate_id=2174 ( act=search&op=index ) 
ERR: Db Error: Unknown column 'gc_id_' in 'where clause'
SELECT count(distinct CONCAT(goods_commonid)) AS nc_count FROM `zmkj_goods` WHERE ( gc_id_ = '2174' ) AND ( goods_state = '1' ) AND ( goods_verify = '1' ) LIMIT 1  
[2019-09-16 20:56:09] /shop/index.php?act=search&op=index&cate_id=2164 ( act=search&op=index ) 
ERR: Db Error: Unknown column 'gc_id_' in 'where clause'
SELECT count(distinct CONCAT(goods_commonid)) AS nc_count FROM `zmkj_goods` WHERE ( gc_id_ = '2164' ) AND ( goods_state = '1' ) AND ( goods_verify = '1' ) LIMIT 1  
[2019-09-16 20:56:09] /shop/index.php?act=search&op=index&cate_id=2120 ( act=search&op=index ) 
ERR: Db Error: Unknown column 'gc_id_' in 'where clause'
SELECT count(distinct CONCAT(goods_commonid)) AS nc_count FROM `zmkj_goods` WHERE ( gc_id_ = '2120' ) AND ( goods_state = '1' ) AND ( goods_verify = '1' ) LIMIT 1  
[2019-09-16 20:56:13] /shop/index.php?act=search&op=index&cate_id=2115 ( act=search&op=index ) 
ERR: Db Error: Unknown column 'gc_id_' in 'where clause'
SELECT count(distinct CONCAT(goods_commonid)) AS nc_count FROM `zmkj_goods` WHERE ( gc_id_ = '2115' ) AND ( goods_state = '1' ) AND ( goods_verify = '1' ) LIMIT 1  
[2019-09-16 20:56:17] /shop/index.php?act=goods&op=comments_list&goods_id=108858 ( act=goods&op=comments_list ) 
ERR: Db Error: Unknown column 'geval_image_again' in 'where clause'
SELECT COUNT(*) AS nc_count FROM `zmkj_evaluate_goods` WHERE ( geval_goodsid = '108858' ) AND ( (geval_image <> '') OR (geval_image_again <> '') ) LIMIT 1  
[2019-09-16 20:56:20] /shop/index.php?act=goods&op=comments_list&goods_id=108049 ( act=goods&op=comments_list ) 
ERR: Db Error: Unknown column 'geval_image_again' in 'where clause'
SELECT COUNT(*) AS nc_count FROM `zmkj_evaluate_goods` WHERE ( geval_goodsid = '108049' ) AND ( (geval_image <> '') OR (geval_image_again <> '') ) LIMIT 1  
[2019-09-16 20:56:22] /shop/index.php?act=goods&op=comments_list&goods_id=108059 ( act=goods&op=comments_list ) 
ERR: Db Error: Unknown column 'geval_image_again' in 'where clause'
SELECT COUNT(*) AS nc_count FROM `zmkj_evaluate_goods` WHERE ( geval_goodsid = '108059' ) AND ( (geval_image <> '') OR (geval_image_again <> '') ) LIMIT 1  
[2019-09-16 20:56:22] /shop/index.php?act=search&op=index&cate_id=2112 ( act=search&op=index ) 
ERR: Db Error: Unknown column 'gc_id_' in 'where clause'
SELECT count(distinct CONCAT(goods_commonid)) AS nc_count FROM `zmkj_goods` WHERE ( gc_id_ = '2112' ) AND ( goods_state = '1' ) AND ( goods_verify = '1' ) LIMIT 1  
[2019-09-16 20:56:29] /shop/index.php?act=search&op=index&cate_id=2186 ( act=search&op=index ) 
ERR: Db Error: Unknown column 'gc_id_' in 'where clause'
SELECT count(distinct CONCAT(goods_commonid)) AS nc_count FROM `zmkj_goods` WHERE ( gc_id_ = '2186' ) AND ( goods_state = '1' ) AND ( goods_verify = '1' ) LIMIT 1  
[2019-09-16 20:56:30] /shop/index.php?act=goods&op=comments_list&goods_id=108030 ( act=goods&op=comments_list ) 
ERR: Db Error: Unknown column 'geval_image_again' in 'where clause'
SELECT COUNT(*) AS nc_count FROM `zmkj_evaluate_goods` WHERE ( geval_goodsid = '108030' ) AND ( (geval_image <> '') OR (geval_image_again <> '') ) LIMIT 1  
[2019-09-16 20:56:38] /shop/index.php?act=search&op=index&cate_id=2117 ( act=search&op=index ) 
ERR: Db Error: Unknown column 'gc_id_' in 'where clause'
SELECT count(distinct CONCAT(goods_commonid)) AS nc_count FROM `zmkj_goods` WHERE ( gc_id_ = '2117' ) AND ( goods_state = '1' ) AND ( goods_verify = '1' ) LIMIT 1  
[2019-09-16 20:56:42] /shop/index.php?act=goods&op=comments_list&goods_id=108035 ( act=goods&op=comments_list ) 
ERR: Db Error: Unknown column 'geval_image_again' in 'where clause'
SELECT COUNT(*) AS nc_count FROM `zmkj_evaluate_goods` WHERE ( geval_goodsid = '108035' ) AND ( (geval_image <> '') OR (geval_image_again <> '') ) LIMIT 1  
[2019-09-16 20:56:51] /shop/index.php?act=goods&op=comments_list&goods_id=108849 ( act=goods&op=comments_list ) 
ERR: Db Error: Unknown column 'geval_image_again' in 'where clause'
SELECT COUNT(*) AS nc_count FROM `zmkj_evaluate_goods` WHERE ( geval_goodsid = '108849' ) AND ( (geval_image <> '') OR (geval_image_again <> '') ) LIMIT 1  
