[2019-09-10 08:58:22] /shop/index.php?act=goods&goods_id=104018&op=comments_list ( act=goods&op=comments_list ) 
ERR: Db Error: Unknown column 'geval_image_again' in 'where clause'
SELECT COUNT(*) AS nc_count FROM `zmkj_evaluate_goods` WHERE ( geval_goodsid = '104018' ) AND ( (geval_image <> '') OR (geval_image_again <> '') ) LIMIT 1  
[2019-09-10 09:29:38] /shop/index.php?act=hot_sale&op=index ( act=hot_sale&op=index ) 
ERR: Db Error: You have an error in your SQL syntax; check the manual that corresponds to your MySQL server version for the right syntax to use near ') and goods_state=1' at line 1
select * from zmkj_goods where goods_id in () and goods_state=1
[2019-09-10 09:29:38] /shop/index.php?act=hot_sale&op=index ( act=hot_sale&op=index ) 
ERR: Db Error: You have an error in your SQL syntax; check the manual that corresponds to your MySQL server version for the right syntax to use near '' at line 1
select `member_id` from zmkj_store where store_id = 
[2019-09-10 09:44:20] /shop/index.php?act=goods&goods_id=101345&op=comments_list ( act=goods&op=comments_list ) 
ERR: Db Error: Unknown column 'geval_image_again' in 'where clause'
SELECT COUNT(*) AS nc_count FROM `zmkj_evaluate_goods` WHERE ( geval_goodsid = '101345' ) AND ( (geval_image <> '') OR (geval_image_again <> '') ) LIMIT 1  
[2019-09-10 09:50:18] /shop/index.php?act=goods&goods_id=104170&op=comments_list ( act=goods&op=comments_list ) 
ERR: Db Error: Unknown column 'geval_image_again' in 'where clause'
SELECT COUNT(*) AS nc_count FROM `zmkj_evaluate_goods` WHERE ( geval_goodsid = '104170' ) AND ( (geval_image <> '') OR (geval_image_again <> '') ) LIMIT 1  
[2019-09-10 10:12:28] /shop/index.php?act=goods&goods_id=106678&op=comments_list ( act=goods&op=comments_list ) 
ERR: Db Error: Unknown column 'geval_image_again' in 'where clause'
SELECT COUNT(*) AS nc_count FROM `zmkj_evaluate_goods` WHERE ( geval_goodsid = '106678' ) AND ( (geval_image <> '') OR (geval_image_again <> '') ) LIMIT 1  
[2019-09-10 10:34:37] /shop/index.php?act=goods&goods_id=107006&op=comments_list ( act=goods&op=comments_list ) 
ERR: Db Error: Unknown column 'geval_image_again' in 'where clause'
SELECT COUNT(*) AS nc_count FROM `zmkj_evaluate_goods` WHERE ( geval_goodsid = '107006' ) AND ( (geval_image <> '') OR (geval_image_again <> '') ) LIMIT 1  
[2019-09-10 10:41:33] /shop/index.php?act=goods&goods_id=103142&op=comments_list ( act=goods&op=comments_list ) 
ERR: Db Error: Unknown column 'geval_image_again' in 'where clause'
SELECT COUNT(*) AS nc_count FROM `zmkj_evaluate_goods` WHERE ( geval_goodsid = '103142' ) AND ( (geval_image <> '') OR (geval_image_again <> '') ) LIMIT 1  
[2019-09-10 10:56:14] /shop/index.php?act=goods&goods_id=107048&op=comments_list ( act=goods&op=comments_list ) 
ERR: Db Error: Unknown column 'geval_image_again' in 'where clause'
SELECT COUNT(*) AS nc_count FROM `zmkj_evaluate_goods` WHERE ( geval_goodsid = '107048' ) AND ( (geval_image <> '') OR (geval_image_again <> '') ) LIMIT 1  
[2019-09-10 12:12:44] /shop/index.php?act=goods&goods_id=103037&op=comments_list&type=1 ( act=goods&op=comments_list ) 
ERR: Db Error: Unknown column 'geval_image_again' in 'where clause'
SELECT COUNT(*) AS nc_count FROM `zmkj_evaluate_goods` WHERE ( geval_goodsid = '103037' ) AND ( (geval_image <> '') OR (geval_image_again <> '') ) LIMIT 1  
[2019-09-10 13:14:36] /shop/index.php?act=goods&op=comments_list&goods_id=102564 ( act=goods&op=comments_list ) 
ERR: Db Error: Unknown column 'geval_image_again' in 'where clause'
SELECT COUNT(*) AS nc_count FROM `zmkj_evaluate_goods` WHERE ( geval_goodsid = '102564' ) AND ( (geval_image <> '') OR (geval_image_again <> '') ) LIMIT 1  
[2019-09-10 13:46:16] /shop/index.php?act=goods&op=comments_list&goods_id=101859 ( act=goods&op=comments_list ) 
ERR: Db Error: Unknown column 'geval_image_again' in 'where clause'
SELECT COUNT(*) AS nc_count FROM `zmkj_evaluate_goods` WHERE ( geval_goodsid = '101859' ) AND ( (geval_image <> '') OR (geval_image_again <> '') ) LIMIT 1  
[2019-09-10 14:30:18] /shop/index.php?act=goods&op=comments_list&goods_id=107241 ( act=goods&op=comments_list ) 
ERR: Db Error: Unknown column 'geval_image_again' in 'where clause'
SELECT COUNT(*) AS nc_count FROM `zmkj_evaluate_goods` WHERE ( geval_goodsid = '107241' ) AND ( (geval_image <> '') OR (geval_image_again <> '') ) LIMIT 1  
[2019-09-10 15:07:49] /shop/index.php?act=goods&op=comments_list&goods_id=101857 ( act=goods&op=comments_list ) 
ERR: Db Error: Unknown column 'geval_image_again' in 'where clause'
SELECT COUNT(*) AS nc_count FROM `zmkj_evaluate_goods` WHERE ( geval_goodsid = '101857' ) AND ( (geval_image <> '') OR (geval_image_again <> '') ) LIMIT 1  
[2019-09-10 16:22:49] /shop/index.php?act=goods&op=comments_list&goods_id=111357 ( act=goods&op=comments_list ) 
ERR: Db Error: Unknown column 'geval_image_again' in 'where clause'
SELECT COUNT(*) AS nc_count FROM `zmkj_evaluate_goods` WHERE ( geval_goodsid = '111357' ) AND ( (geval_image <> '') OR (geval_image_again <> '') ) LIMIT 1  
