[2019-09-15 01:52:52] /shop/index.php?act=goods&op=comments_list&goods_id=108237 ( act=goods&op=comments_list ) 
ERR: Db Error: Unknown column 'geval_image_again' in 'where clause'
SELECT COUNT(*) AS nc_count FROM `zmkj_evaluate_goods` WHERE ( geval_goodsid = '108237' ) AND ( (geval_image <> '') OR (geval_image_again <> '') ) LIMIT 1  
[2019-09-15 05:17:23] /shop/index.php?act=hot_sale&op=index ( act=hot_sale&op=index ) 
ERR: Db Error: You have an error in your SQL syntax; check the manual that corresponds to your MySQL server version for the right syntax to use near ') and goods_state=1' at line 1
select * from zmkj_goods where goods_id in () and goods_state=1
[2019-09-15 05:17:23] /shop/index.php?act=hot_sale&op=index ( act=hot_sale&op=index ) 
ERR: Db Error: You have an error in your SQL syntax; check the manual that corresponds to your MySQL server version for the right syntax to use near '' at line 1
select `member_id` from zmkj_store where store_id = 
[2019-09-15 05:28:17] /shop/index.php?act=hot_sale&op=index ( act=hot_sale&op=index ) 
ERR: Db Error: You have an error in your SQL syntax; check the manual that corresponds to your MySQL server version for the right syntax to use near ') and goods_state=1' at line 1
select * from zmkj_goods where goods_id in () and goods_state=1
[2019-09-15 05:28:17] /shop/index.php?act=hot_sale&op=index ( act=hot_sale&op=index ) 
ERR: Db Error: You have an error in your SQL syntax; check the manual that corresponds to your MySQL server version for the right syntax to use near '' at line 1
select `member_id` from zmkj_store where store_id = 
[2019-09-15 05:53:52] /shop/index.php?act=goods&goods_id=106887&op=comments_list ( act=goods&op=comments_list ) 
ERR: Db Error: Unknown column 'geval_image_again' in 'where clause'
SELECT COUNT(*) AS nc_count FROM `zmkj_evaluate_goods` WHERE ( geval_goodsid = '106887' ) AND ( (geval_image <> '') OR (geval_image_again <> '') ) LIMIT 1  
[2019-09-15 06:06:40] /shop/index.php?act=goods&goods_id=101347&op=comments_list ( act=goods&op=comments_list ) 
ERR: Db Error: Unknown column 'geval_image_again' in 'where clause'
SELECT COUNT(*) AS nc_count FROM `zmkj_evaluate_goods` WHERE ( geval_goodsid = '101347' ) AND ( (geval_image <> '') OR (geval_image_again <> '') ) LIMIT 1  
[2019-09-15 07:13:38] /shop/index.php?act=goods&goods_id=103228&op=comments_list ( act=goods&op=comments_list ) 
ERR: Db Error: Unknown column 'geval_image_again' in 'where clause'
SELECT COUNT(*) AS nc_count FROM `zmkj_evaluate_goods` WHERE ( geval_goodsid = '103228' ) AND ( (geval_image <> '') OR (geval_image_again <> '') ) LIMIT 1  
[2019-09-15 07:18:32] /shop/index.php?act=goods&goods_id=108306&op=comments_list ( act=goods&op=comments_list ) 
ERR: Db Error: Unknown column 'geval_image_again' in 'where clause'
SELECT COUNT(*) AS nc_count FROM `zmkj_evaluate_goods` WHERE ( geval_goodsid = '108306' ) AND ( (geval_image <> '') OR (geval_image_again <> '') ) LIMIT 1  
[2019-09-15 07:22:58] /shop/index.php?act=goods&goods_id=107430&op=comments_list ( act=goods&op=comments_list ) 
ERR: Db Error: Unknown column 'geval_image_again' in 'where clause'
SELECT COUNT(*) AS nc_count FROM `zmkj_evaluate_goods` WHERE ( geval_goodsid = '107430' ) AND ( (geval_image <> '') OR (geval_image_again <> '') ) LIMIT 1  
[2019-09-15 07:25:12] /shop/index.php?act=goods&goods_id=107287&op=comments_list ( act=goods&op=comments_list ) 
ERR: Db Error: Unknown column 'geval_image_again' in 'where clause'
SELECT COUNT(*) AS nc_count FROM `zmkj_evaluate_goods` WHERE ( geval_goodsid = '107287' ) AND ( (geval_image <> '') OR (geval_image_again <> '') ) LIMIT 1  
[2019-09-15 07:33:06] /shop/index.php?act=goods&goods_id=102911&op=comments_list ( act=goods&op=comments_list ) 
ERR: Db Error: Unknown column 'geval_image_again' in 'where clause'
SELECT COUNT(*) AS nc_count FROM `zmkj_evaluate_goods` WHERE ( geval_goodsid = '102911' ) AND ( (geval_image <> '') OR (geval_image_again <> '') ) LIMIT 1  
[2019-09-15 07:38:25] /shop/index.php?act=goods&goods_id=107891&op=comments_list ( act=goods&op=comments_list ) 
ERR: Db Error: Unknown column 'geval_image_again' in 'where clause'
SELECT COUNT(*) AS nc_count FROM `zmkj_evaluate_goods` WHERE ( geval_goodsid = '107891' ) AND ( (geval_image <> '') OR (geval_image_again <> '') ) LIMIT 1  
[2019-09-15 07:38:33] /shop/index.php?act=goods&goods_id=105543&op=comments_list ( act=goods&op=comments_list ) 
ERR: Db Error: Unknown column 'geval_image_again' in 'where clause'
SELECT COUNT(*) AS nc_count FROM `zmkj_evaluate_goods` WHERE ( geval_goodsid = '105543' ) AND ( (geval_image <> '') OR (geval_image_again <> '') ) LIMIT 1  
[2019-09-15 08:37:07] /shop/index.php?act=goods&op=comments_list&goods_id=101244 ( act=goods&op=comments_list ) 
ERR: Db Error: Unknown column 'geval_image_again' in 'where clause'
SELECT COUNT(*) AS nc_count FROM `zmkj_evaluate_goods` WHERE ( geval_goodsid = '101244' ) AND ( (geval_image <> '') OR (geval_image_again <> '') ) LIMIT 1  
[2019-09-15 09:05:17] /shop/index.php?act=goods&op=comments_list&goods_id=103702 ( act=goods&op=comments_list ) 
ERR: Db Error: Unknown column 'geval_image_again' in 'where clause'
SELECT COUNT(*) AS nc_count FROM `zmkj_evaluate_goods` WHERE ( geval_goodsid = '103702' ) AND ( (geval_image <> '') OR (geval_image_again <> '') ) LIMIT 1  
[2019-09-15 13:08:09] /shop/index.php?act=goods&op=comments_list&goods_id=108226 ( act=goods&op=comments_list ) 
ERR: Db Error: Unknown column 'geval_image_again' in 'where clause'
SELECT COUNT(*) AS nc_count FROM `zmkj_evaluate_goods` WHERE ( geval_goodsid = '108226' ) AND ( (geval_image <> '') OR (geval_image_again <> '') ) LIMIT 1  
