[2019-09-17 04:55:44] /shop/index.php?act=show_store'&op=goods_all'&store_id=51'&key=5'&order=2'&curpage=118'" ( act=index&op=index ) 
ERR: Db Error: You have an error in your SQL syntax; check the manual that corresponds to your MySQL server version for the right syntax to use near '-6,6' at line 1
SELECT * FROM `zmkj_evaluate_goods` WHERE ( geval_goodsid <> NULL ) AND ( geval_goodsname <> NULL ) AND ( geval_ordergoodsid <> NULL ) ORDER BY geval_id desc LIMIT -6,6  
[2019-09-17 04:55:47] /shop/index.php?op=goods_all&store_id=51&key=5&order=2&curpage=118&act=show_store2121121121212.1 ( act=index&op=goods_all ) 
ERR: Db Error: You have an error in your SQL syntax; check the manual that corresponds to your MySQL server version for the right syntax to use near '-6,6' at line 1
SELECT * FROM `zmkj_evaluate_goods` WHERE ( geval_goodsid <> NULL ) AND ( geval_goodsname <> NULL ) AND ( geval_ordergoodsid <> NULL ) ORDER BY geval_id desc LIMIT -6,6  
[2019-09-17 04:55:48] /shop/index.php?op=goods_all&store_id=51&key=5&order=2&curpage=118&act=show_store%20and%201%3D1 ( act=index&op=goods_all ) 
ERR: Db Error: You have an error in your SQL syntax; check the manual that corresponds to your MySQL server version for the right syntax to use near '-6,6' at line 1
SELECT * FROM `zmkj_evaluate_goods` WHERE ( geval_goodsid <> NULL ) AND ( geval_goodsname <> NULL ) AND ( geval_ordergoodsid <> NULL ) ORDER BY geval_id desc LIMIT -6,6  
[2019-09-17 04:55:50] /shop/index.php?op=goods_all&store_id=51&key=5&order=2&curpage=118&act=show_store%20and%201%3E1 ( act=index&op=goods_all ) 
ERR: Db Error: You have an error in your SQL syntax; check the manual that corresponds to your MySQL server version for the right syntax to use near '-6,6' at line 1
SELECT * FROM `zmkj_evaluate_goods` WHERE ( geval_goodsid <> NULL ) AND ( geval_goodsname <> NULL ) AND ( geval_ordergoodsid <> NULL ) ORDER BY geval_id desc LIMIT -6,6  
[2019-09-17 04:55:52] /shop/index.php?op=goods_all&store_id=51&key=5&order=2&curpage=118&act=show_store%27%20and%20%27x%27%3D%27x ( act=index&op=goods_all ) 
ERR: Db Error: You have an error in your SQL syntax; check the manual that corresponds to your MySQL server version for the right syntax to use near '-6,6' at line 1
SELECT * FROM `zmkj_evaluate_goods` WHERE ( geval_goodsid <> NULL ) AND ( geval_goodsname <> NULL ) AND ( geval_ordergoodsid <> NULL ) ORDER BY geval_id desc LIMIT -6,6  
[2019-09-17 04:55:53] /shop/index.php?op=goods_all&store_id=51&key=5&order=2&curpage=118&act=show_store%27%20and%20%27x%27%3D%27y ( act=index&op=goods_all ) 
ERR: Db Error: You have an error in your SQL syntax; check the manual that corresponds to your MySQL server version for the right syntax to use near '-6,6' at line 1
SELECT * FROM `zmkj_evaluate_goods` WHERE ( geval_goodsid <> NULL ) AND ( geval_goodsname <> NULL ) AND ( geval_ordergoodsid <> NULL ) ORDER BY geval_id desc LIMIT -6,6  
[2019-09-17 04:55:55] /shop/index.php?op=goods_all&store_id=51&key=5&order=2&curpage=118&act=show_store"%20and%20"x"%3D"x ( act=index&op=goods_all ) 
ERR: Db Error: You have an error in your SQL syntax; check the manual that corresponds to your MySQL server version for the right syntax to use near '-6,6' at line 1
SELECT * FROM `zmkj_evaluate_goods` WHERE ( geval_goodsid <> NULL ) AND ( geval_goodsname <> NULL ) AND ( geval_ordergoodsid <> NULL ) ORDER BY geval_id desc LIMIT -6,6  
[2019-09-17 04:55:56] /shop/index.php?op=goods_all&store_id=51&key=5&order=2&curpage=118&act=show_store%22%20and%20%22x%22%3D%22y ( act=index&op=goods_all ) 
ERR: Db Error: You have an error in your SQL syntax; check the manual that corresponds to your MySQL server version for the right syntax to use near '-6,6' at line 1
SELECT * FROM `zmkj_evaluate_goods` WHERE ( geval_goodsid <> NULL ) AND ( geval_goodsname <> NULL ) AND ( geval_ordergoodsid <> NULL ) ORDER BY geval_id desc LIMIT -6,6  
[2019-09-17 04:55:58] /shop/index.php?op=goods_all&store_id=51&key=5&order=2&curpage=118&act=show_store%20AND%201=1 ( act=index&op=goods_all ) 
ERR: Db Error: You have an error in your SQL syntax; check the manual that corresponds to your MySQL server version for the right syntax to use near '-6,6' at line 1
SELECT * FROM `zmkj_evaluate_goods` WHERE ( geval_goodsid <> NULL ) AND ( geval_goodsname <> NULL ) AND ( geval_ordergoodsid <> NULL ) ORDER BY geval_id desc LIMIT -6,6  
[2019-09-17 04:56:52] /shop/index.php?op=goods_all&store_id=51&key=5&order=2&curpage=118&act=show_store%27%20AnD%20sLeep%283%29%20ANd%20%271 ( act=index&op=goods_all ) 
ERR: Db Error: You have an error in your SQL syntax; check the manual that corresponds to your MySQL server version for the right syntax to use near '-6,6' at line 1
SELECT * FROM `zmkj_evaluate_goods` WHERE ( geval_goodsid <> NULL ) AND ( geval_goodsname <> NULL ) AND ( geval_ordergoodsid <> NULL ) ORDER BY geval_id desc LIMIT -6,6  
[2019-09-17 04:56:53] /shop/index.php?op=goods_all&store_id=51&key=5&order=2&curpage=118&act=show_store%27%26%26sLEEp%283%29%26%26%271 ( act=index&op=goods_all ) 
ERR: Db Error: You have an error in your SQL syntax; check the manual that corresponds to your MySQL server version for the right syntax to use near '-6,6' at line 1
SELECT * FROM `zmkj_evaluate_goods` WHERE ( geval_goodsid <> NULL ) AND ( geval_goodsname <> NULL ) AND ( geval_ordergoodsid <> NULL ) ORDER BY geval_id desc LIMIT -6,6  
[2019-09-17 04:56:54] /shop/index.php?op=goods_all&store_id=51&key=5&order=2&curpage=118&act=show_store%00%27%7C%7CSLeeP%283%29%26%26%271 ( act=index&op=goods_all ) 
ERR: Db Error: You have an error in your SQL syntax; check the manual that corresponds to your MySQL server version for the right syntax to use near '-6,6' at line 1
SELECT * FROM `zmkj_evaluate_goods` WHERE ( geval_goodsid <> NULL ) AND ( geval_goodsname <> NULL ) AND ( geval_ordergoodsid <> NULL ) ORDER BY geval_id desc LIMIT -6,6  
[2019-09-17 04:56:54] /shop/index.php?op=goods_all&store_id=51&key=5&order=2&curpage=118&act=show_store%27%20aND%20BeNChMaRK%282999999%2CMd5%28NoW%28%29%29%29%20AnD%20%271 ( act=index&op=goods_all ) 
ERR: Db Error: You have an error in your SQL syntax; check the manual that corresponds to your MySQL server version for the right syntax to use near '-6,6' at line 1
SELECT * FROM `zmkj_evaluate_goods` WHERE ( geval_goodsid <> NULL ) AND ( geval_goodsname <> NULL ) AND ( geval_ordergoodsid <> NULL ) ORDER BY geval_id desc LIMIT -6,6  
[2019-09-17 04:56:55] /shop/index.php?op=goods_all&store_id=51&key=5&order=2&curpage=118&act=show_store%27%26%26BeNChMaRK%282999999%2CmD5%28NOW%28%29%29%29%26%26%271 ( act=index&op=goods_all ) 
ERR: Db Error: You have an error in your SQL syntax; check the manual that corresponds to your MySQL server version for the right syntax to use near '-6,6' at line 1
SELECT * FROM `zmkj_evaluate_goods` WHERE ( geval_goodsid <> NULL ) AND ( geval_goodsname <> NULL ) AND ( geval_ordergoodsid <> NULL ) ORDER BY geval_id desc LIMIT -6,6  
[2019-09-17 04:56:55] /shop/index.php?op=goods_all&store_id=51&key=5&order=2&curpage=118&act=show_store%27%20AnD%20sLeep%283%29%20ANd%20%270%27%3D%270 ( act=index&op=goods_all ) 
ERR: Db Error: You have an error in your SQL syntax; check the manual that corresponds to your MySQL server version for the right syntax to use near '-6,6' at line 1
SELECT * FROM `zmkj_evaluate_goods` WHERE ( geval_goodsid <> NULL ) AND ( geval_goodsname <> NULL ) AND ( geval_ordergoodsid <> NULL ) ORDER BY geval_id desc LIMIT -6,6  
[2019-09-17 05:47:13] /shop/index.php?act=goods&goods_id=101244&op=comments_list ( act=goods&op=comments_list ) 
ERR: Db Error: Unknown column 'geval_image_again' in 'where clause'
SELECT COUNT(*) AS nc_count FROM `zmkj_evaluate_goods` WHERE ( geval_goodsid = '101244' ) AND ( (geval_image <> '') OR (geval_image_again <> '') ) LIMIT 1  
[2019-09-17 05:47:13] /shop/index.php?act=goods&goods_id=101250&op=comments_list ( act=goods&op=comments_list ) 
ERR: Db Error: Unknown column 'geval_image_again' in 'where clause'
SELECT COUNT(*) AS nc_count FROM `zmkj_evaluate_goods` WHERE ( geval_goodsid = '101250' ) AND ( (geval_image <> '') OR (geval_image_again <> '') ) LIMIT 1  
[2019-09-17 14:08:24] /shop/index.php?act=goods&op=comments_list&goods_id=107325&type=2 ( act=goods&op=comments_list ) 
ERR: Db Error: Unknown column 'geval_image_again' in 'where clause'
SELECT COUNT(*) AS nc_count FROM `zmkj_evaluate_goods` WHERE ( geval_goodsid = '107325' ) AND ( (geval_image <> '') OR (geval_image_again <> '') ) LIMIT 1  
[2019-09-17 14:31:48] /shop/index.php?act=hot_sale&op=index ( act=hot_sale&op=index ) 
ERR: Db Error: You have an error in your SQL syntax; check the manual that corresponds to your MySQL server version for the right syntax to use near ') and goods_state=1' at line 1
select * from zmkj_goods where goods_id in () and goods_state=1
[2019-09-17 14:31:48] /shop/index.php?act=hot_sale&op=index ( act=hot_sale&op=index ) 
ERR: Db Error: You have an error in your SQL syntax; check the manual that corresponds to your MySQL server version for the right syntax to use near '' at line 1
select `member_id` from zmkj_store where store_id = 
[2019-09-17 15:31:51] /shop/index.php?act=goods&goods_id=104026&op=comments_list ( act=goods&op=comments_list ) 
ERR: Db Error: Unknown column 'geval_image_again' in 'where clause'
SELECT COUNT(*) AS nc_count FROM `zmkj_evaluate_goods` WHERE ( geval_goodsid = '104026' ) AND ( (geval_image <> '') OR (geval_image_again <> '') ) LIMIT 1  
[2019-09-17 15:31:52] /shop/index.php?act=goods&goods_id=105954&op=comments_list ( act=goods&op=comments_list ) 
ERR: Db Error: Unknown column 'geval_image_again' in 'where clause'
SELECT COUNT(*) AS nc_count FROM `zmkj_evaluate_goods` WHERE ( geval_goodsid = '105954' ) AND ( (geval_image <> '') OR (geval_image_again <> '') ) LIMIT 1  
[2019-09-17 15:32:00] /shop/index.php?act=goods&goods_id=103949&op=comments_list ( act=goods&op=comments_list ) 
ERR: Db Error: Unknown column 'geval_image_again' in 'where clause'
SELECT COUNT(*) AS nc_count FROM `zmkj_evaluate_goods` WHERE ( geval_goodsid = '103949' ) AND ( (geval_image <> '') OR (geval_image_again <> '') ) LIMIT 1  
[2019-09-17 15:32:01] /shop/index.php?act=goods&goods_id=107636&op=comments_list&type=2 ( act=goods&op=comments_list ) 
ERR: Db Error: Unknown column 'geval_image_again' in 'where clause'
SELECT COUNT(*) AS nc_count FROM `zmkj_evaluate_goods` WHERE ( geval_goodsid = '107636' ) AND ( (geval_image <> '') OR (geval_image_again <> '') ) LIMIT 1  
[2019-09-17 15:32:02] /shop/index.php?act=goods&goods_id=106590&op=comments_list ( act=goods&op=comments_list ) 
ERR: Db Error: Unknown column 'geval_image_again' in 'where clause'
SELECT COUNT(*) AS nc_count FROM `zmkj_evaluate_goods` WHERE ( geval_goodsid = '106590' ) AND ( (geval_image <> '') OR (geval_image_again <> '') ) LIMIT 1  
[2019-09-17 16:22:26] /shop/index.php?act=goods&goods_id=108389&op=comments_list ( act=goods&op=comments_list ) 
ERR: Db Error: Unknown column 'geval_image_again' in 'where clause'
SELECT COUNT(*) AS nc_count FROM `zmkj_evaluate_goods` WHERE ( geval_goodsid = '108389' ) AND ( (geval_image <> '') OR (geval_image_again <> '') ) LIMIT 1  
[2019-09-17 16:32:20] /shop/index.php?act=goods&goods_id=108430&op=comments_list ( act=goods&op=comments_list ) 
ERR: Db Error: Unknown column 'geval_image_again' in 'where clause'
SELECT COUNT(*) AS nc_count FROM `zmkj_evaluate_goods` WHERE ( geval_goodsid = '108430' ) AND ( (geval_image <> '') OR (geval_image_again <> '') ) LIMIT 1  
[2019-09-17 16:40:35] /shop/index.php?act=goods&goods_id=101180&op=comments_list ( act=goods&op=comments_list ) 
ERR: Db Error: Unknown column 'geval_image_again' in 'where clause'
SELECT COUNT(*) AS nc_count FROM `zmkj_evaluate_goods` WHERE ( geval_goodsid = '101180' ) AND ( (geval_image <> '') OR (geval_image_again <> '') ) LIMIT 1  
[2019-09-17 16:51:51] /shop/index.php?act=goods&goods_id=102609&op=comments_list&type=1 ( act=goods&op=comments_list ) 
ERR: Db Error: Unknown column 'geval_image_again' in 'where clause'
SELECT COUNT(*) AS nc_count FROM `zmkj_evaluate_goods` WHERE ( geval_goodsid = '102609' ) AND ( (geval_image <> '') OR (geval_image_again <> '') ) LIMIT 1  
[2019-09-17 16:52:51] /shop/index.php?act=goods&goods_id=108465&op=comments_list ( act=goods&op=comments_list ) 
ERR: Db Error: Unknown column 'geval_image_again' in 'where clause'
SELECT COUNT(*) AS nc_count FROM `zmkj_evaluate_goods` WHERE ( geval_goodsid = '108465' ) AND ( (geval_image <> '') OR (geval_image_again <> '') ) LIMIT 1  
[2019-09-17 16:53:28] /shop/index.php?act=goods&goods_id=107769&op=comments_list ( act=goods&op=comments_list ) 
ERR: Db Error: Unknown column 'geval_image_again' in 'where clause'
SELECT COUNT(*) AS nc_count FROM `zmkj_evaluate_goods` WHERE ( geval_goodsid = '107769' ) AND ( (geval_image <> '') OR (geval_image_again <> '') ) LIMIT 1  
[2019-09-17 17:02:25] /shop/index.php?act=goods&goods_id=103036&op=comments_list ( act=goods&op=comments_list ) 
ERR: Db Error: Unknown column 'geval_image_again' in 'where clause'
SELECT COUNT(*) AS nc_count FROM `zmkj_evaluate_goods` WHERE ( geval_goodsid = '103036' ) AND ( (geval_image <> '') OR (geval_image_again <> '') ) LIMIT 1  
[2019-09-17 17:30:23] /shop/index.php?act=goods&goods_id=106597&op=comments_list ( act=goods&op=comments_list ) 
ERR: Db Error: Unknown column 'geval_image_again' in 'where clause'
SELECT COUNT(*) AS nc_count FROM `zmkj_evaluate_goods` WHERE ( geval_goodsid = '106597' ) AND ( (geval_image <> '') OR (geval_image_again <> '') ) LIMIT 1  
[2019-09-17 17:30:27] /shop/index.php?act=goods&goods_id=107961&op=comments_list ( act=goods&op=comments_list ) 
ERR: Db Error: Unknown column 'geval_image_again' in 'where clause'
SELECT COUNT(*) AS nc_count FROM `zmkj_evaluate_goods` WHERE ( geval_goodsid = '107961' ) AND ( (geval_image <> '') OR (geval_image_again <> '') ) LIMIT 1  
[2019-09-17 17:30:32] /shop/index.php?act=goods&goods_id=107051&op=comments_list ( act=goods&op=comments_list ) 
ERR: Db Error: Unknown column 'geval_image_again' in 'where clause'
SELECT COUNT(*) AS nc_count FROM `zmkj_evaluate_goods` WHERE ( geval_goodsid = '107051' ) AND ( (geval_image <> '') OR (geval_image_again <> '') ) LIMIT 1  
[2019-09-17 17:30:43] /shop/index.php?act=goods&goods_id=107122&op=comments_list ( act=goods&op=comments_list ) 
ERR: Db Error: Unknown column 'geval_image_again' in 'where clause'
SELECT COUNT(*) AS nc_count FROM `zmkj_evaluate_goods` WHERE ( geval_goodsid = '107122' ) AND ( (geval_image <> '') OR (geval_image_again <> '') ) LIMIT 1  
[2019-09-17 17:30:58] /shop/index.php?act=goods&goods_id=107941&op=comments_list ( act=goods&op=comments_list ) 
ERR: Db Error: Unknown column 'geval_image_again' in 'where clause'
SELECT COUNT(*) AS nc_count FROM `zmkj_evaluate_goods` WHERE ( geval_goodsid = '107941' ) AND ( (geval_image <> '') OR (geval_image_again <> '') ) LIMIT 1  
[2019-09-17 17:42:05] /shop/index.php?act=goods&goods_id=108176&op=comments_list ( act=goods&op=comments_list ) 
ERR: Db Error: Unknown column 'geval_image_again' in 'where clause'
SELECT COUNT(*) AS nc_count FROM `zmkj_evaluate_goods` WHERE ( geval_goodsid = '108176' ) AND ( (geval_image <> '') OR (geval_image_again <> '') ) LIMIT 1  
[2019-09-17 17:42:18] /shop/index.php?act=goods&goods_id=104434&op=comments_list ( act=goods&op=comments_list ) 
ERR: Db Error: Unknown column 'geval_image_again' in 'where clause'
SELECT COUNT(*) AS nc_count FROM `zmkj_evaluate_goods` WHERE ( geval_goodsid = '104434' ) AND ( (geval_image <> '') OR (geval_image_again <> '') ) LIMIT 1  
[2019-09-17 17:42:28] /shop/index.php?act=goods&goods_id=105442&op=comments_list ( act=goods&op=comments_list ) 
ERR: Db Error: Unknown column 'geval_image_again' in 'where clause'
SELECT COUNT(*) AS nc_count FROM `zmkj_evaluate_goods` WHERE ( geval_goodsid = '105442' ) AND ( (geval_image <> '') OR (geval_image_again <> '') ) LIMIT 1  
[2019-09-17 18:43:55] /shop/index.php?act=goods&goods_id=101345&op=comments_list ( act=goods&op=comments_list ) 
ERR: Db Error: Unknown column 'geval_image_again' in 'where clause'
SELECT COUNT(*) AS nc_count FROM `zmkj_evaluate_goods` WHERE ( geval_goodsid = '101345' ) AND ( (geval_image <> '') OR (geval_image_again <> '') ) LIMIT 1  
[2019-09-17 18:50:06] /shop/index.php?act=goods&goods_id=102048&op=comments_list ( act=goods&op=comments_list ) 
ERR: Db Error: Unknown column 'geval_image_again' in 'where clause'
SELECT COUNT(*) AS nc_count FROM `zmkj_evaluate_goods` WHERE ( geval_goodsid = '102048' ) AND ( (geval_image <> '') OR (geval_image_again <> '') ) LIMIT 1  
[2019-09-17 20:48:14] /shop/index.php?act=goods&goods_id=105843&op=comments_list ( act=goods&op=comments_list ) 
ERR: Db Error: Unknown column 'geval_image_again' in 'where clause'
SELECT COUNT(*) AS nc_count FROM `zmkj_evaluate_goods` WHERE ( geval_goodsid = '105843' ) AND ( (geval_image <> '') OR (geval_image_again <> '') ) LIMIT 1  
