[2019-02-07 03:28:54] /shop/index.php?act=goods&op=comments_list&goods_id=105461 ( act=goods&op=comments_list ) 
ERR: Db Error: Unknown column 'geval_image_again' in 'where clause'
SELECT COUNT(*) AS nc_count FROM `zmkj_evaluate_goods` WHERE ( geval_goodsid = '105461' ) AND ( (geval_image <> '') OR (geval_image_again <> '') ) LIMIT 1  
[2019-02-07 04:04:14] /shop/index.php?act=goods&op=comments_list&goods_id=105507 ( act=goods&op=comments_list ) 
ERR: Db Error: Unknown column 'geval_image_again' in 'where clause'
SELECT COUNT(*) AS nc_count FROM `zmkj_evaluate_goods` WHERE ( geval_goodsid = '105507' ) AND ( (geval_image <> '') OR (geval_image_again <> '') ) LIMIT 1  
[2019-02-07 05:38:04] /shop/index.php?act=goods&op=comments_list&goods_id=104264 ( act=goods&op=comments_list ) 
ERR: Db Error: Unknown column 'geval_image_again' in 'where clause'
SELECT COUNT(*) AS nc_count FROM `zmkj_evaluate_goods` WHERE ( geval_goodsid = '104264' ) AND ( (geval_image <> '') OR (geval_image_again <> '') ) LIMIT 1  
[2019-02-07 07:34:40] /shop/index.php?act=goods&op=comments_list&goods_id=107085 ( act=goods&op=comments_list ) 
ERR: Db Error: Unknown column 'geval_image_again' in 'where clause'
SELECT COUNT(*) AS nc_count FROM `zmkj_evaluate_goods` WHERE ( geval_goodsid = '107085' ) AND ( (geval_image <> '') OR (geval_image_again <> '') ) LIMIT 1  
[2019-02-07 10:02:35] /shop/index.php?act=goods&op=comments_list&goods_id=105497 ( act=goods&op=comments_list ) 
ERR: Db Error: Unknown column 'geval_image_again' in 'where clause'
SELECT COUNT(*) AS nc_count FROM `zmkj_evaluate_goods` WHERE ( geval_goodsid = '105497' ) AND ( (geval_image <> '') OR (geval_image_again <> '') ) LIMIT 1  
[2019-02-07 15:13:12] /shop/index.php?act=goods&goods_id=108051&op=comments_list ( act=goods&op=comments_list ) 
ERR: Db Error: Unknown column 'geval_image_again' in 'where clause'
SELECT COUNT(*) AS nc_count FROM `zmkj_evaluate_goods` WHERE ( geval_goodsid = '108051' ) AND ( (geval_image <> '') OR (geval_image_again <> '') ) LIMIT 1  
[2019-02-07 15:13:12] /shop/index.php?act=goods&goods_id=101180&op=comments_list ( act=goods&op=comments_list ) 
ERR: Db Error: Unknown column 'geval_image_again' in 'where clause'
SELECT COUNT(*) AS nc_count FROM `zmkj_evaluate_goods` WHERE ( geval_goodsid = '101180' ) AND ( (geval_image <> '') OR (geval_image_again <> '') ) LIMIT 1  
[2019-02-07 15:13:12] /shop/index.php?act=goods&goods_id=101907&op=comments_list&type=2 ( act=goods&op=comments_list ) 
ERR: Db Error: Unknown column 'geval_image_again' in 'where clause'
SELECT COUNT(*) AS nc_count FROM `zmkj_evaluate_goods` WHERE ( geval_goodsid = '101907' ) AND ( (geval_image <> '') OR (geval_image_again <> '') ) LIMIT 1  
[2019-02-07 15:13:13] /shop/index.php?act=goods&goods_id=106146&op=comments_list ( act=goods&op=comments_list ) 
ERR: Db Error: Unknown column 'geval_image_again' in 'where clause'
SELECT COUNT(*) AS nc_count FROM `zmkj_evaluate_goods` WHERE ( geval_goodsid = '106146' ) AND ( (geval_image <> '') OR (geval_image_again <> '') ) LIMIT 1  
[2019-02-07 15:13:15] /shop/index.php?act=goods&goods_id=101348&op=comments_list ( act=goods&op=comments_list ) 
ERR: Db Error: Unknown column 'geval_image_again' in 'where clause'
SELECT COUNT(*) AS nc_count FROM `zmkj_evaluate_goods` WHERE ( geval_goodsid = '101348' ) AND ( (geval_image <> '') OR (geval_image_again <> '') ) LIMIT 1  
[2019-02-07 15:13:20] /shop/index.php?act=goods&goods_id=101178&op=comments_list ( act=goods&op=comments_list ) 
ERR: Db Error: Unknown column 'geval_image_again' in 'where clause'
SELECT COUNT(*) AS nc_count FROM `zmkj_evaluate_goods` WHERE ( geval_goodsid = '101178' ) AND ( (geval_image <> '') OR (geval_image_again <> '') ) LIMIT 1  
[2019-02-07 15:13:26] /shop/index.php?act=goods&goods_id=107067&op=comments_list ( act=goods&op=comments_list ) 
ERR: Db Error: Unknown column 'geval_image_again' in 'where clause'
SELECT COUNT(*) AS nc_count FROM `zmkj_evaluate_goods` WHERE ( geval_goodsid = '107067' ) AND ( (geval_image <> '') OR (geval_image_again <> '') ) LIMIT 1  
[2019-02-07 15:13:31] /shop/index.php?act=goods&goods_id=106653&op=comments_list ( act=goods&op=comments_list ) 
ERR: Db Error: Unknown column 'geval_image_again' in 'where clause'
SELECT COUNT(*) AS nc_count FROM `zmkj_evaluate_goods` WHERE ( geval_goodsid = '106653' ) AND ( (geval_image <> '') OR (geval_image_again <> '') ) LIMIT 1  
[2019-02-07 15:38:57] /shop/index.php?act=goods&op=comments_list&goods_id=101683 ( act=goods&op=comments_list ) 
ERR: Db Error: Unknown column 'geval_image_again' in 'where clause'
SELECT COUNT(*) AS nc_count FROM `zmkj_evaluate_goods` WHERE ( geval_goodsid = '101683' ) AND ( (geval_image <> '') OR (geval_image_again <> '') ) LIMIT 1  
[2019-02-07 17:21:57] /shop/index.php?act=goods&op=comments_list&goods_id=104264&type=1 ( act=goods&op=comments_list ) 
ERR: Db Error: Unknown column 'geval_image_again' in 'where clause'
SELECT COUNT(*) AS nc_count FROM `zmkj_evaluate_goods` WHERE ( geval_goodsid = '104264' ) AND ( (geval_image <> '') OR (geval_image_again <> '') ) LIMIT 1  
[2019-02-07 17:23:31] /shop/index.php?act=goods&goods_id=105185&op=comments_list ( act=goods&op=comments_list ) 
ERR: Db Error: Unknown column 'geval_image_again' in 'where clause'
SELECT COUNT(*) AS nc_count FROM `zmkj_evaluate_goods` WHERE ( geval_goodsid = '105185' ) AND ( (geval_image <> '') OR (geval_image_again <> '') ) LIMIT 1  
[2019-02-07 17:23:34] /shop/index.php?act=goods&goods_id=103308&op=comments_list ( act=goods&op=comments_list ) 
ERR: Db Error: Unknown column 'geval_image_again' in 'where clause'
SELECT COUNT(*) AS nc_count FROM `zmkj_evaluate_goods` WHERE ( geval_goodsid = '103308' ) AND ( (geval_image <> '') OR (geval_image_again <> '') ) LIMIT 1  
[2019-02-07 20:02:01] /shop/index.php?act=goods&op=comments_list&goods_id=104264&type=2 ( act=goods&op=comments_list ) 
ERR: Db Error: Unknown column 'geval_image_again' in 'where clause'
SELECT COUNT(*) AS nc_count FROM `zmkj_evaluate_goods` WHERE ( geval_goodsid = '104264' ) AND ( (geval_image <> '') OR (geval_image_again <> '') ) LIMIT 1  
[2019-02-07 21:08:10] /shop/index.php?act=goods&op=comments_list&goods_id=104264&type=3 ( act=goods&op=comments_list ) 
ERR: Db Error: Unknown column 'geval_image_again' in 'where clause'
SELECT COUNT(*) AS nc_count FROM `zmkj_evaluate_goods` WHERE ( geval_goodsid = '104264' ) AND ( (geval_image <> '') OR (geval_image_again <> '') ) LIMIT 1  
