[2019-04-12 03:55:12] /shop/index.php?act=goods&goods_id=103804&op=comments_list ( act=goods&op=comments_list ) 
ERR: Db Error: Unknown column 'geval_image_again' in 'where clause'
SELECT COUNT(*) AS nc_count FROM `zmkj_evaluate_goods` WHERE ( geval_goodsid = '103804' ) AND ( (geval_image <> '') OR (geval_image_again <> '') ) LIMIT 1  
[2019-04-12 03:55:12] /shop/index.php?act=goods&goods_id=102752&op=comments_list ( act=goods&op=comments_list ) 
ERR: Db Error: Unknown column 'geval_image_again' in 'where clause'
SELECT COUNT(*) AS nc_count FROM `zmkj_evaluate_goods` WHERE ( geval_goodsid = '102752' ) AND ( (geval_image <> '') OR (geval_image_again <> '') ) LIMIT 1  
[2019-04-12 04:36:23] /shop/index.php?act=goods&goods_id=103288&op=comments_list ( act=goods&op=comments_list ) 
ERR: Db Error: Unknown column 'geval_image_again' in 'where clause'
SELECT COUNT(*) AS nc_count FROM `zmkj_evaluate_goods` WHERE ( geval_goodsid = '103288' ) AND ( (geval_image <> '') OR (geval_image_again <> '') ) LIMIT 1  
[2019-04-12 04:36:23] /shop/index.php?act=goods&goods_id=107145&op=comments_list ( act=goods&op=comments_list ) 
ERR: Db Error: Unknown column 'geval_image_again' in 'where clause'
SELECT COUNT(*) AS nc_count FROM `zmkj_evaluate_goods` WHERE ( geval_goodsid = '107145' ) AND ( (geval_image <> '') OR (geval_image_again <> '') ) LIMIT 1  
[2019-04-12 04:36:25] /shop/index.php?act=goods&goods_id=101180&op=comments_list ( act=goods&op=comments_list ) 
ERR: Db Error: Unknown column 'geval_image_again' in 'where clause'
SELECT COUNT(*) AS nc_count FROM `zmkj_evaluate_goods` WHERE ( geval_goodsid = '101180' ) AND ( (geval_image <> '') OR (geval_image_again <> '') ) LIMIT 1  
[2019-04-12 04:36:25] /shop/index.php?act=goods&goods_id=108470&op=comments_list ( act=goods&op=comments_list ) 
ERR: Db Error: Unknown column 'geval_image_again' in 'where clause'
SELECT COUNT(*) AS nc_count FROM `zmkj_evaluate_goods` WHERE ( geval_goodsid = '108470' ) AND ( (geval_image <> '') OR (geval_image_again <> '') ) LIMIT 1  
[2019-04-12 07:02:12] /shop/index.php?act=search&op=index&cate_id=2122&area_id=7&key=1&order=2 ( act=search&op=index ) 
ERR: Db Error: Unknown column 'gc_id_' in 'where clause'
SELECT count(distinct CONCAT(goods_commonid)) AS nc_count FROM `zmkj_goods` WHERE ( gc_id_ = '2122' ) AND ( areaid_1 = '7' ) AND ( goods_state = '1' ) AND ( goods_verify = '1' ) LIMIT 1  
[2019-04-12 07:49:52] /shop/index.php?act=goods&op=comments_list&goods_id=108841 ( act=goods&op=comments_list ) 
ERR: Db Error: Unknown column 'geval_image_again' in 'where clause'
SELECT COUNT(*) AS nc_count FROM `zmkj_evaluate_goods` WHERE ( geval_goodsid = '108841' ) AND ( (geval_image <> '') OR (geval_image_again <> '') ) LIMIT 1  
[2019-04-12 09:59:02] /shop/index.php?act=goods&op=comments_list&goods_id=105334 ( act=goods&op=comments_list ) 
ERR: Db Error: Unknown column 'geval_image_again' in 'where clause'
SELECT COUNT(*) AS nc_count FROM `zmkj_evaluate_goods` WHERE ( geval_goodsid = '105334' ) AND ( (geval_image <> '') OR (geval_image_again <> '') ) LIMIT 1  
[2019-04-12 11:07:21] /shop/index.php?act=goods&op=comments_list&goods_id=107311 ( act=goods&op=comments_list ) 
ERR: Db Error: Unknown column 'geval_image_again' in 'where clause'
SELECT COUNT(*) AS nc_count FROM `zmkj_evaluate_goods` WHERE ( geval_goodsid = '107311' ) AND ( (geval_image <> '') OR (geval_image_again <> '') ) LIMIT 1  
[2019-04-12 12:53:52] /shop/index.php?act=search&op=index&cate_id=2165 ( act=search&op=index ) 
ERR: Db Error: Unknown column 'gc_id_' in 'where clause'
SELECT count(distinct CONCAT(goods_commonid)) AS nc_count FROM `zmkj_goods` WHERE ( gc_id_ = '2165' ) AND ( goods_state = '1' ) AND ( goods_verify = '1' ) LIMIT 1  
[2019-04-12 12:53:54] /shop/index.php?act=hot_sale&op=index ( act=hot_sale&op=index ) 
ERR: Db Error: You have an error in your SQL syntax; check the manual that corresponds to your MySQL server version for the right syntax to use near ') and goods_state=1' at line 1
select * from zmkj_goods where goods_id in () and goods_state=1
[2019-04-12 12:53:54] /shop/index.php?act=hot_sale&op=index ( act=hot_sale&op=index ) 
ERR: Db Error: You have an error in your SQL syntax; check the manual that corresponds to your MySQL server version for the right syntax to use near '' at line 1
select `member_id` from zmkj_store where store_id = 
[2019-04-12 12:54:33] /shop/index.php?act=search&op=index&cate_id=1595 ( act=search&op=index ) 
ERR: Db Error: Unknown column 'gc_id_' in 'where clause'
SELECT count(distinct CONCAT(goods_commonid)) AS nc_count FROM `zmkj_goods` WHERE ( gc_id_ = '1595' ) AND ( goods_state = '1' ) AND ( goods_verify = '1' ) LIMIT 1  
[2019-04-12 12:55:37] /shop/index.php?act=search&op=index&cate_id=2135 ( act=search&op=index ) 
ERR: Db Error: Unknown column 'gc_id_' in 'where clause'
SELECT count(distinct CONCAT(goods_commonid)) AS nc_count FROM `zmkj_goods` WHERE ( gc_id_ = '2135' ) AND ( goods_state = '1' ) AND ( goods_verify = '1' ) LIMIT 1  
[2019-04-12 12:59:37] /shop/index.php?act=goods&op=comments_list&goods_id=105947 ( act=goods&op=comments_list ) 
ERR: Db Error: Unknown column 'geval_image_again' in 'where clause'
SELECT COUNT(*) AS nc_count FROM `zmkj_evaluate_goods` WHERE ( geval_goodsid = '105947' ) AND ( (geval_image <> '') OR (geval_image_again <> '') ) LIMIT 1  
[2019-04-12 15:02:56] /shop/index.php?act=goods&op=comments_list&goods_id=105236 ( act=goods&op=comments_list ) 
ERR: Db Error: Unknown column 'geval_image_again' in 'where clause'
SELECT COUNT(*) AS nc_count FROM `zmkj_evaluate_goods` WHERE ( geval_goodsid = '105236' ) AND ( (geval_image <> '') OR (geval_image_again <> '') ) LIMIT 1  
[2019-04-12 16:04:01] /shop/index.php?act=goods&op=comments_list&goods_id=108077 ( act=goods&op=comments_list ) 
ERR: Db Error: Unknown column 'geval_image_again' in 'where clause'
SELECT COUNT(*) AS nc_count FROM `zmkj_evaluate_goods` WHERE ( geval_goodsid = '108077' ) AND ( (geval_image <> '') OR (geval_image_again <> '') ) LIMIT 1  
[2019-04-12 18:00:48] /shop/index.php?act=goods&op=comments_list&goods_id=108741 ( act=goods&op=comments_list ) 
ERR: Db Error: Unknown column 'geval_image_again' in 'where clause'
SELECT COUNT(*) AS nc_count FROM `zmkj_evaluate_goods` WHERE ( geval_goodsid = '108741' ) AND ( (geval_image <> '') OR (geval_image_again <> '') ) LIMIT 1  
[2019-04-12 18:19:04] /shop/index.php?act=goods&op=comments_list&goods_id=101230 ( act=goods&op=comments_list ) 
ERR: Db Error: Unknown column 'geval_image_again' in 'where clause'
SELECT COUNT(*) AS nc_count FROM `zmkj_evaluate_goods` WHERE ( geval_goodsid = '101230' ) AND ( (geval_image <> '') OR (geval_image_again <> '') ) LIMIT 1  
[2019-04-12 18:36:18] /shop/index.php?act=goods&op=comments_list&goods_id=106135 ( act=goods&op=comments_list ) 
ERR: Db Error: Unknown column 'geval_image_again' in 'where clause'
SELECT COUNT(*) AS nc_count FROM `zmkj_evaluate_goods` WHERE ( geval_goodsid = '106135' ) AND ( (geval_image <> '') OR (geval_image_again <> '') ) LIMIT 1  
[2019-04-12 18:51:00] /shop/index.php?act=goods&op=comments_list&goods_id=102375 ( act=goods&op=comments_list ) 
ERR: Db Error: Unknown column 'geval_image_again' in 'where clause'
SELECT COUNT(*) AS nc_count FROM `zmkj_evaluate_goods` WHERE ( geval_goodsid = '102375' ) AND ( (geval_image <> '') OR (geval_image_again <> '') ) LIMIT 1  
[2019-04-12 19:00:40] /shop/index.php?act=goods&op=comments_list&goods_id=107285 ( act=goods&op=comments_list ) 
ERR: Db Error: Unknown column 'geval_image_again' in 'where clause'
SELECT COUNT(*) AS nc_count FROM `zmkj_evaluate_goods` WHERE ( geval_goodsid = '107285' ) AND ( (geval_image <> '') OR (geval_image_again <> '') ) LIMIT 1  
[2019-04-12 19:26:14] /shop/index.php?act=goods&op=comments_list&goods_id=105652 ( act=goods&op=comments_list ) 
ERR: Db Error: Unknown column 'geval_image_again' in 'where clause'
SELECT COUNT(*) AS nc_count FROM `zmkj_evaluate_goods` WHERE ( geval_goodsid = '105652' ) AND ( (geval_image <> '') OR (geval_image_again <> '') ) LIMIT 1  
[2019-04-12 19:46:38] /shop/index.php?act=goods&op=comments_list&goods_id=103991 ( act=goods&op=comments_list ) 
ERR: Db Error: Unknown column 'geval_image_again' in 'where clause'
SELECT COUNT(*) AS nc_count FROM `zmkj_evaluate_goods` WHERE ( geval_goodsid = '103991' ) AND ( (geval_image <> '') OR (geval_image_again <> '') ) LIMIT 1  
[2019-04-12 20:04:02] /shop/index.php?act=goods&op=comments_list&goods_id=107454 ( act=goods&op=comments_list ) 
ERR: Db Error: Unknown column 'geval_image_again' in 'where clause'
SELECT COUNT(*) AS nc_count FROM `zmkj_evaluate_goods` WHERE ( geval_goodsid = '107454' ) AND ( (geval_image <> '') OR (geval_image_again <> '') ) LIMIT 1  
[2019-04-12 22:14:55] /shop/index.php?act=goods&op=comments_list&goods_id=105177 ( act=goods&op=comments_list ) 
ERR: Db Error: Unknown column 'geval_image_again' in 'where clause'
SELECT COUNT(*) AS nc_count FROM `zmkj_evaluate_goods` WHERE ( geval_goodsid = '105177' ) AND ( (geval_image <> '') OR (geval_image_again <> '') ) LIMIT 1  
