[2019-10-18 00:14:28] /shop/index.php?act=goods&op=comments_list&goods_id=107340 ( act=goods&op=comments_list ) 
ERR: Db Error: Unknown column 'geval_image_again' in 'where clause'
SELECT COUNT(*) AS nc_count FROM `zmkj_evaluate_goods` WHERE ( geval_goodsid = '107340' ) AND ( (geval_image <> '') OR (geval_image_again <> '') ) LIMIT 1  
[2019-10-18 00:39:05] /shop/index.php?act=hot_sale&op=index ( act=hot_sale&op=index ) 
ERR: Db Error: You have an error in your SQL syntax; check the manual that corresponds to your MySQL server version for the right syntax to use near ') and goods_state=1' at line 1
select * from zmkj_goods where goods_id in () and goods_state=1
[2019-10-18 00:39:05] /shop/index.php?act=hot_sale&op=index ( act=hot_sale&op=index ) 
ERR: Db Error: You have an error in your SQL syntax; check the manual that corresponds to your MySQL server version for the right syntax to use near '' at line 1
select `member_id` from zmkj_store where store_id = 
[2019-10-18 01:41:17] /shop/index.php?act=goods&op=comments_list&goods_id=105183 ( act=goods&op=comments_list ) 
ERR: Db Error: Unknown column 'geval_image_again' in 'where clause'
SELECT COUNT(*) AS nc_count FROM `zmkj_evaluate_goods` WHERE ( geval_goodsid = '105183' ) AND ( (geval_image <> '') OR (geval_image_again <> '') ) LIMIT 1  
[2019-10-18 01:47:12] /shop/index.php?act=goods&op=comments_list&goods_id=105451 ( act=goods&op=comments_list ) 
ERR: Db Error: Unknown column 'geval_image_again' in 'where clause'
SELECT COUNT(*) AS nc_count FROM `zmkj_evaluate_goods` WHERE ( geval_goodsid = '105451' ) AND ( (geval_image <> '') OR (geval_image_again <> '') ) LIMIT 1  
[2019-10-18 03:35:49] /shop/index.php?act=goods&op=comments_list&goods_id=105432 ( act=goods&op=comments_list ) 
ERR: Db Error: Unknown column 'geval_image_again' in 'where clause'
SELECT COUNT(*) AS nc_count FROM `zmkj_evaluate_goods` WHERE ( geval_goodsid = '105432' ) AND ( (geval_image <> '') OR (geval_image_again <> '') ) LIMIT 1  
[2019-10-18 04:25:57] /shop/index.php?act=goods&op=comments_list&goods_id=107961 ( act=goods&op=comments_list ) 
ERR: Db Error: Unknown column 'geval_image_again' in 'where clause'
SELECT COUNT(*) AS nc_count FROM `zmkj_evaluate_goods` WHERE ( geval_goodsid = '107961' ) AND ( (geval_image <> '') OR (geval_image_again <> '') ) LIMIT 1  
[2019-10-18 05:32:24] /shop/index.php?act=goods&op=comments_list&goods_id=102473 ( act=goods&op=comments_list ) 
ERR: Db Error: Unknown column 'geval_image_again' in 'where clause'
SELECT COUNT(*) AS nc_count FROM `zmkj_evaluate_goods` WHERE ( geval_goodsid = '102473' ) AND ( (geval_image <> '') OR (geval_image_again <> '') ) LIMIT 1  
[2019-10-18 06:04:28] /shop/index.php?act=goods&op=comments_list&goods_id=107342 ( act=goods&op=comments_list ) 
ERR: Db Error: Unknown column 'geval_image_again' in 'where clause'
SELECT COUNT(*) AS nc_count FROM `zmkj_evaluate_goods` WHERE ( geval_goodsid = '107342' ) AND ( (geval_image <> '') OR (geval_image_again <> '') ) LIMIT 1  
[2019-10-18 06:51:05] /shop/index.php?act=goods&op=comments_list&goods_id=106088 ( act=goods&op=comments_list ) 
ERR: Db Error: Unknown column 'geval_image_again' in 'where clause'
SELECT COUNT(*) AS nc_count FROM `zmkj_evaluate_goods` WHERE ( geval_goodsid = '106088' ) AND ( (geval_image <> '') OR (geval_image_again <> '') ) LIMIT 1  
[2019-10-18 06:53:03] /shop/index.php?act=goods&op=comments_list&goods_id=111775 ( act=goods&op=comments_list ) 
ERR: Db Error: Unknown column 'geval_image_again' in 'where clause'
SELECT COUNT(*) AS nc_count FROM `zmkj_evaluate_goods` WHERE ( geval_goodsid = '111775' ) AND ( (geval_image <> '') OR (geval_image_again <> '') ) LIMIT 1  
[2019-10-18 07:25:32] /shop/index.php?act=search&op=index&cate_id=1582&area_id=8 ( act=search&op=index ) 
ERR: Db Error: Unknown column 'gc_id_' in 'where clause'
SELECT count(distinct CONCAT(goods_commonid)) AS nc_count FROM `zmkj_goods` WHERE ( gc_id_ = '1582' ) AND ( areaid_1 = '8' ) AND ( goods_state = '1' ) AND ( goods_verify = '1' ) LIMIT 1  
[2019-10-18 08:20:18] /shop/index.php?act=goods&op=comments_list&goods_id=106141 ( act=goods&op=comments_list ) 
ERR: Db Error: Unknown column 'geval_image_again' in 'where clause'
SELECT COUNT(*) AS nc_count FROM `zmkj_evaluate_goods` WHERE ( geval_goodsid = '106141' ) AND ( (geval_image <> '') OR (geval_image_again <> '') ) LIMIT 1  
[2019-10-18 08:28:12] /shop/index.php?act=goods&op=comments_list&goods_id=106177 ( act=goods&op=comments_list ) 
ERR: Db Error: Unknown column 'geval_image_again' in 'where clause'
SELECT COUNT(*) AS nc_count FROM `zmkj_evaluate_goods` WHERE ( geval_goodsid = '106177' ) AND ( (geval_image <> '') OR (geval_image_again <> '') ) LIMIT 1  
[2019-10-18 09:17:27] /shop/index.php?act=goods&op=comments_list&goods_id=106067 ( act=goods&op=comments_list ) 
ERR: Db Error: Unknown column 'geval_image_again' in 'where clause'
SELECT COUNT(*) AS nc_count FROM `zmkj_evaluate_goods` WHERE ( geval_goodsid = '106067' ) AND ( (geval_image <> '') OR (geval_image_again <> '') ) LIMIT 1  
[2019-10-18 09:31:15] /shop/index.php?act=goods&op=comments_list&goods_id=106208 ( act=goods&op=comments_list ) 
ERR: Db Error: Unknown column 'geval_image_again' in 'where clause'
SELECT COUNT(*) AS nc_count FROM `zmkj_evaluate_goods` WHERE ( geval_goodsid = '106208' ) AND ( (geval_image <> '') OR (geval_image_again <> '') ) LIMIT 1  
[2019-10-18 09:36:28] /shop/index.php?act=goods&goods_id=103232&op=comments_list ( act=goods&op=comments_list ) 
ERR: Db Error: Unknown column 'geval_image_again' in 'where clause'
SELECT COUNT(*) AS nc_count FROM `zmkj_evaluate_goods` WHERE ( geval_goodsid = '103232' ) AND ( (geval_image <> '') OR (geval_image_again <> '') ) LIMIT 1  
[2019-10-18 09:41:15] /shop/index.php?act=goods&goods_id=107855&op=comments_list ( act=goods&op=comments_list ) 
ERR: Db Error: Unknown column 'geval_image_again' in 'where clause'
SELECT COUNT(*) AS nc_count FROM `zmkj_evaluate_goods` WHERE ( geval_goodsid = '107855' ) AND ( (geval_image <> '') OR (geval_image_again <> '') ) LIMIT 1  
[2019-10-18 10:15:41] /shop/index.php?act=goods&op=comments_list&goods_id=109010 ( act=goods&op=comments_list ) 
ERR: Db Error: Unknown column 'geval_image_again' in 'where clause'
SELECT COUNT(*) AS nc_count FROM `zmkj_evaluate_goods` WHERE ( geval_goodsid = '109010' ) AND ( (geval_image <> '') OR (geval_image_again <> '') ) LIMIT 1  
[2019-10-18 10:23:35] /shop/index.php?act=goods&op=comments_list&goods_id=105453 ( act=goods&op=comments_list ) 
ERR: Db Error: Unknown column 'geval_image_again' in 'where clause'
SELECT COUNT(*) AS nc_count FROM `zmkj_evaluate_goods` WHERE ( geval_goodsid = '105453' ) AND ( (geval_image <> '') OR (geval_image_again <> '') ) LIMIT 1  
[2019-10-18 10:28:50] /shop/index.php?act=search&op=index&cate_id=1582&area_id=4 ( act=search&op=index ) 
ERR: Db Error: Unknown column 'gc_id_' in 'where clause'
SELECT count(distinct CONCAT(goods_commonid)) AS nc_count FROM `zmkj_goods` WHERE ( gc_id_ = '1582' ) AND ( areaid_1 = '4' ) AND ( goods_state = '1' ) AND ( goods_verify = '1' ) LIMIT 1  
[2019-10-18 10:29:30] /shop/index.php?act=goods&op=comments_list&goods_id=109804 ( act=goods&op=comments_list ) 
ERR: Db Error: Unknown column 'geval_image_again' in 'where clause'
SELECT COUNT(*) AS nc_count FROM `zmkj_evaluate_goods` WHERE ( geval_goodsid = '109804' ) AND ( (geval_image <> '') OR (geval_image_again <> '') ) LIMIT 1  
[2019-10-18 10:52:27] /shop/index.php?act=goods&goods_id=107636&op=comments_list ( act=goods&op=comments_list ) 
ERR: Db Error: Unknown column 'geval_image_again' in 'where clause'
SELECT COUNT(*) AS nc_count FROM `zmkj_evaluate_goods` WHERE ( geval_goodsid = '107636' ) AND ( (geval_image <> '') OR (geval_image_again <> '') ) LIMIT 1  
[2019-10-18 10:53:11] /shop/index.php?act=goods&goods_id=101715&op=comments_list ( act=goods&op=comments_list ) 
ERR: Db Error: Unknown column 'geval_image_again' in 'where clause'
SELECT COUNT(*) AS nc_count FROM `zmkj_evaluate_goods` WHERE ( geval_goodsid = '101715' ) AND ( (geval_image <> '') OR (geval_image_again <> '') ) LIMIT 1  
[2019-10-18 10:58:34] /shop/index.php?act=goods&goods_id=108351&op=comments_list ( act=goods&op=comments_list ) 
ERR: Db Error: Unknown column 'geval_image_again' in 'where clause'
SELECT COUNT(*) AS nc_count FROM `zmkj_evaluate_goods` WHERE ( geval_goodsid = '108351' ) AND ( (geval_image <> '') OR (geval_image_again <> '') ) LIMIT 1  
[2019-10-18 11:01:47] /shop/index.php?act=goods&op=comments_list&goods_id=110456 ( act=goods&op=comments_list ) 
ERR: Db Error: Unknown column 'geval_image_again' in 'where clause'
SELECT COUNT(*) AS nc_count FROM `zmkj_evaluate_goods` WHERE ( geval_goodsid = '110456' ) AND ( (geval_image <> '') OR (geval_image_again <> '') ) LIMIT 1  
[2019-10-18 11:14:03] /shop/index.php?act=goods&op=comments_list&goods_id=104377 ( act=goods&op=comments_list ) 
ERR: Db Error: Unknown column 'geval_image_again' in 'where clause'
SELECT COUNT(*) AS nc_count FROM `zmkj_evaluate_goods` WHERE ( geval_goodsid = '104377' ) AND ( (geval_image <> '') OR (geval_image_again <> '') ) LIMIT 1  
[2019-10-18 11:26:09] /shop/index.php?act=goods&goods_id=107124&op=comments_list ( act=goods&op=comments_list ) 
ERR: Db Error: Unknown column 'geval_image_again' in 'where clause'
SELECT COUNT(*) AS nc_count FROM `zmkj_evaluate_goods` WHERE ( geval_goodsid = '107124' ) AND ( (geval_image <> '') OR (geval_image_again <> '') ) LIMIT 1  
[2019-10-18 11:26:19] /shop/index.php?act=goods&op=comments_list&goods_id=105442 ( act=goods&op=comments_list ) 
ERR: Db Error: Unknown column 'geval_image_again' in 'where clause'
SELECT COUNT(*) AS nc_count FROM `zmkj_evaluate_goods` WHERE ( geval_goodsid = '105442' ) AND ( (geval_image <> '') OR (geval_image_again <> '') ) LIMIT 1  
[2019-10-18 11:38:35] /shop/index.php?act=goods&op=comments_list&goods_id=109737 ( act=goods&op=comments_list ) 
ERR: Db Error: Unknown column 'geval_image_again' in 'where clause'
SELECT COUNT(*) AS nc_count FROM `zmkj_evaluate_goods` WHERE ( geval_goodsid = '109737' ) AND ( (geval_image <> '') OR (geval_image_again <> '') ) LIMIT 1  
[2019-10-18 12:17:11] /shop/index.php?act=goods&op=comments_list&goods_id=108742 ( act=goods&op=comments_list ) 
ERR: Db Error: Unknown column 'geval_image_again' in 'where clause'
SELECT COUNT(*) AS nc_count FROM `zmkj_evaluate_goods` WHERE ( geval_goodsid = '108742' ) AND ( (geval_image <> '') OR (geval_image_again <> '') ) LIMIT 1  
[2019-10-18 12:19:29] /shop/index.php?act=goods&op=comments_list&goods_id=105449 ( act=goods&op=comments_list ) 
ERR: Db Error: Unknown column 'geval_image_again' in 'where clause'
SELECT COUNT(*) AS nc_count FROM `zmkj_evaluate_goods` WHERE ( geval_goodsid = '105449' ) AND ( (geval_image <> '') OR (geval_image_again <> '') ) LIMIT 1  
[2019-10-18 12:31:45] /shop/index.php?act=goods&op=comments_list&goods_id=107339 ( act=goods&op=comments_list ) 
ERR: Db Error: Unknown column 'geval_image_again' in 'where clause'
SELECT COUNT(*) AS nc_count FROM `zmkj_evaluate_goods` WHERE ( geval_goodsid = '107339' ) AND ( (geval_image <> '') OR (geval_image_again <> '') ) LIMIT 1  
[2019-10-18 12:50:05] /shop/index.php?act=goods&op=comments_list&goods_id=102012 ( act=goods&op=comments_list ) 
ERR: Db Error: Unknown column 'geval_image_again' in 'where clause'
SELECT COUNT(*) AS nc_count FROM `zmkj_evaluate_goods` WHERE ( geval_goodsid = '102012' ) AND ( (geval_image <> '') OR (geval_image_again <> '') ) LIMIT 1  
[2019-10-18 13:14:19] /shop/index.php?act=goods&op=comments_list&goods_id=108556 ( act=goods&op=comments_list ) 
ERR: Db Error: Unknown column 'geval_image_again' in 'where clause'
SELECT COUNT(*) AS nc_count FROM `zmkj_evaluate_goods` WHERE ( geval_goodsid = '108556' ) AND ( (geval_image <> '') OR (geval_image_again <> '') ) LIMIT 1  
[2019-10-18 13:27:55] /shop/index.php?act=search&op=index&cate_id=1582&area_id=0 ( act=search&op=index ) 
ERR: Db Error: Unknown column 'gc_id_' in 'where clause'
SELECT count(distinct CONCAT(goods_commonid)) AS nc_count FROM `zmkj_goods` WHERE ( gc_id_ = '1582' ) AND ( goods_state = '1' ) AND ( goods_verify = '1' ) LIMIT 1  
[2019-10-18 13:52:45] /admin/index.php?act=goods_orm&op=edit&id=2665 ( act=goods_orm&op=edit ) 
ERR: Db Error: Unknown column 'goods_id' in 'field list'
select goods_id from zmkj_goods_orm where productId='e30ec244-3c5c-438d-8582-bdaee4b048bd and id !=2665'
[2019-10-18 15:08:01] /shop/index.php?act=goods&op=comments_list&goods_id=106175 ( act=goods&op=comments_list ) 
ERR: Db Error: Unknown column 'geval_image_again' in 'where clause'
SELECT COUNT(*) AS nc_count FROM `zmkj_evaluate_goods` WHERE ( geval_goodsid = '106175' ) AND ( (geval_image <> '') OR (geval_image_again <> '') ) LIMIT 1  
[2019-10-18 15:10:12] /shop/index.php?act=search&op=index&cate_id=2141 ( act=search&op=index ) 
ERR: Db Error: Unknown column 'gc_id_' in 'where clause'
SELECT count(distinct CONCAT(goods_commonid)) AS nc_count FROM `zmkj_goods` WHERE ( gc_id_ = '2141' ) AND ( goods_state = '1' ) AND ( goods_verify = '1' ) LIMIT 1  
[2019-10-18 15:16:43] /shop/index.php?act=goods&goods_id=106476&op=comments_list ( act=goods&op=comments_list ) 
ERR: Db Error: Unknown column 'geval_image_again' in 'where clause'
SELECT COUNT(*) AS nc_count FROM `zmkj_evaluate_goods` WHERE ( geval_goodsid = '106476' ) AND ( (geval_image <> '') OR (geval_image_again <> '') ) LIMIT 1  
[2019-10-18 15:49:31] /shop/index.php?act=goods&op=comments_list&goods_id=104370 ( act=goods&op=comments_list ) 
ERR: Db Error: Unknown column 'geval_image_again' in 'where clause'
SELECT COUNT(*) AS nc_count FROM `zmkj_evaluate_goods` WHERE ( geval_goodsid = '104370' ) AND ( (geval_image <> '') OR (geval_image_again <> '') ) LIMIT 1  
[2019-10-18 16:01:23] /shop/index.php?act=goods&goods_id=107855&op=comments_list ( act=goods&op=comments_list ) 
ERR: Db Error: Unknown column 'geval_image_again' in 'where clause'
SELECT COUNT(*) AS nc_count FROM `zmkj_evaluate_goods` WHERE ( geval_goodsid = '107855' ) AND ( (geval_image <> '') OR (geval_image_again <> '') ) LIMIT 1  
[2019-10-18 16:06:03] /shop/index.php?act=goods&goods_id=103232&op=comments_list ( act=goods&op=comments_list ) 
ERR: Db Error: Unknown column 'geval_image_again' in 'where clause'
SELECT COUNT(*) AS nc_count FROM `zmkj_evaluate_goods` WHERE ( geval_goodsid = '103232' ) AND ( (geval_image <> '') OR (geval_image_again <> '') ) LIMIT 1  
[2019-10-18 16:11:50] /shop/index.php?act=goods&goods_id=101715&op=comments_list ( act=goods&op=comments_list ) 
ERR: Db Error: Unknown column 'geval_image_again' in 'where clause'
SELECT COUNT(*) AS nc_count FROM `zmkj_evaluate_goods` WHERE ( geval_goodsid = '101715' ) AND ( (geval_image <> '') OR (geval_image_again <> '') ) LIMIT 1  
[2019-10-18 16:19:07] /shop/index.php?act=goods&goods_id=107378&op=comments_list ( act=goods&op=comments_list ) 
ERR: Db Error: Unknown column 'geval_image_again' in 'where clause'
SELECT COUNT(*) AS nc_count FROM `zmkj_evaluate_goods` WHERE ( geval_goodsid = '107378' ) AND ( (geval_image <> '') OR (geval_image_again <> '') ) LIMIT 1  
[2019-10-18 16:20:37] /shop/index.php?act=goods&op=comments_list&goods_id=108937 ( act=goods&op=comments_list ) 
ERR: Db Error: Unknown column 'geval_image_again' in 'where clause'
SELECT COUNT(*) AS nc_count FROM `zmkj_evaluate_goods` WHERE ( geval_goodsid = '108937' ) AND ( (geval_image <> '') OR (geval_image_again <> '') ) LIMIT 1  
[2019-10-18 16:26:05] /shop/index.php?act=goods&goods_id=108351&op=comments_list ( act=goods&op=comments_list ) 
ERR: Db Error: Unknown column 'geval_image_again' in 'where clause'
SELECT COUNT(*) AS nc_count FROM `zmkj_evaluate_goods` WHERE ( geval_goodsid = '108351' ) AND ( (geval_image <> '') OR (geval_image_again <> '') ) LIMIT 1  
[2019-10-18 16:27:19] /shop/index.php?act=goods&goods_id=103211&op=comments_list ( act=goods&op=comments_list ) 
ERR: Db Error: Unknown column 'geval_image_again' in 'where clause'
SELECT COUNT(*) AS nc_count FROM `zmkj_evaluate_goods` WHERE ( geval_goodsid = '103211' ) AND ( (geval_image <> '') OR (geval_image_again <> '') ) LIMIT 1  
[2019-10-18 16:27:27] /shop/index.php?act=goods&goods_id=104018&op=comments_list ( act=goods&op=comments_list ) 
ERR: Db Error: Unknown column 'geval_image_again' in 'where clause'
SELECT COUNT(*) AS nc_count FROM `zmkj_evaluate_goods` WHERE ( geval_goodsid = '104018' ) AND ( (geval_image <> '') OR (geval_image_again <> '') ) LIMIT 1  
[2019-10-18 16:27:37] /shop/index.php?act=goods&goods_id=107636&op=comments_list ( act=goods&op=comments_list ) 
ERR: Db Error: Unknown column 'geval_image_again' in 'where clause'
SELECT COUNT(*) AS nc_count FROM `zmkj_evaluate_goods` WHERE ( geval_goodsid = '107636' ) AND ( (geval_image <> '') OR (geval_image_again <> '') ) LIMIT 1  
[2019-10-18 16:27:50] /shop/index.php?act=goods&goods_id=108077&op=comments_list ( act=goods&op=comments_list ) 
ERR: Db Error: Unknown column 'geval_image_again' in 'where clause'
SELECT COUNT(*) AS nc_count FROM `zmkj_evaluate_goods` WHERE ( geval_goodsid = '108077' ) AND ( (geval_image <> '') OR (geval_image_again <> '') ) LIMIT 1  
[2019-10-18 17:30:00] /shop/index.php?act=goods&goods_id=100474&op=comments_list ( act=goods&op=comments_list ) 
ERR: Db Error: Unknown column 'geval_image_again' in 'where clause'
SELECT COUNT(*) AS nc_count FROM `zmkj_evaluate_goods` WHERE ( geval_goodsid = '100474' ) AND ( (geval_image <> '') OR (geval_image_again <> '') ) LIMIT 1  
[2019-10-18 18:05:27] /shop/index.php?act=goods&goods_id=107124&op=comments_list ( act=goods&op=comments_list ) 
ERR: Db Error: Unknown column 'geval_image_again' in 'where clause'
SELECT COUNT(*) AS nc_count FROM `zmkj_evaluate_goods` WHERE ( geval_goodsid = '107124' ) AND ( (geval_image <> '') OR (geval_image_again <> '') ) LIMIT 1  
[2019-10-18 18:48:44] /shop/index.php?act=goods&goods_id=101695&op=comments_list ( act=goods&op=comments_list ) 
ERR: Db Error: Unknown column 'geval_image_again' in 'where clause'
SELECT COUNT(*) AS nc_count FROM `zmkj_evaluate_goods` WHERE ( geval_goodsid = '101695' ) AND ( (geval_image <> '') OR (geval_image_again <> '') ) LIMIT 1  
[2019-10-18 19:03:46] /shop/index.php?act=goods&goods_id=107941&op=comments_list ( act=goods&op=comments_list ) 
ERR: Db Error: Unknown column 'geval_image_again' in 'where clause'
SELECT COUNT(*) AS nc_count FROM `zmkj_evaluate_goods` WHERE ( geval_goodsid = '107941' ) AND ( (geval_image <> '') OR (geval_image_again <> '') ) LIMIT 1  
[2019-10-18 19:56:46] /shop/index.php?act=goods&goods_id=106476&op=comments_list ( act=goods&op=comments_list ) 
ERR: Db Error: Unknown column 'geval_image_again' in 'where clause'
SELECT COUNT(*) AS nc_count FROM `zmkj_evaluate_goods` WHERE ( geval_goodsid = '106476' ) AND ( (geval_image <> '') OR (geval_image_again <> '') ) LIMIT 1  
[2019-10-18 20:03:41] /shop/index.php?act=goods&goods_id=105441&op=comments_list ( act=goods&op=comments_list ) 
ERR: Db Error: Unknown column 'geval_image_again' in 'where clause'
SELECT COUNT(*) AS nc_count FROM `zmkj_evaluate_goods` WHERE ( geval_goodsid = '105441' ) AND ( (geval_image <> '') OR (geval_image_again <> '') ) LIMIT 1  
[2019-10-18 21:00:54] /shop/index.php?act=goods&goods_id=105441&op=comments_list ( act=goods&op=comments_list ) 
ERR: Db Error: Unknown column 'geval_image_again' in 'where clause'
SELECT COUNT(*) AS nc_count FROM `zmkj_evaluate_goods` WHERE ( geval_goodsid = '105441' ) AND ( (geval_image <> '') OR (geval_image_again <> '') ) LIMIT 1  
[2019-10-18 22:13:44] /shop/index.php?act=goods&goods_id=102503&op=comments_list ( act=goods&op=comments_list ) 
ERR: Db Error: Unknown column 'geval_image_again' in 'where clause'
SELECT COUNT(*) AS nc_count FROM `zmkj_evaluate_goods` WHERE ( geval_goodsid = '102503' ) AND ( (geval_image <> '') OR (geval_image_again <> '') ) LIMIT 1  
[2019-10-18 22:30:59] /shop/index.php?act=goods&goods_id=108077&op=comments_list ( act=goods&op=comments_list ) 
ERR: Db Error: Unknown column 'geval_image_again' in 'where clause'
SELECT COUNT(*) AS nc_count FROM `zmkj_evaluate_goods` WHERE ( geval_goodsid = '108077' ) AND ( (geval_image <> '') OR (geval_image_again <> '') ) LIMIT 1  
[2019-10-18 22:53:33] /shop/index.php?act=goods&goods_id=103211&op=comments_list ( act=goods&op=comments_list ) 
ERR: Db Error: Unknown column 'geval_image_again' in 'where clause'
SELECT COUNT(*) AS nc_count FROM `zmkj_evaluate_goods` WHERE ( geval_goodsid = '103211' ) AND ( (geval_image <> '') OR (geval_image_again <> '') ) LIMIT 1  
[2019-10-18 23:01:55] /shop/index.php?act=goods&goods_id=103023&op=comments_list&type=1 ( act=goods&op=comments_list ) 
ERR: Db Error: Unknown column 'geval_image_again' in 'where clause'
SELECT COUNT(*) AS nc_count FROM `zmkj_evaluate_goods` WHERE ( geval_goodsid = '103023' ) AND ( (geval_image <> '') OR (geval_image_again <> '') ) LIMIT 1  
[2019-10-18 23:11:10] /shop/index.php?act=goods&goods_id=104018&op=comments_list ( act=goods&op=comments_list ) 
ERR: Db Error: Unknown column 'geval_image_again' in 'where clause'
SELECT COUNT(*) AS nc_count FROM `zmkj_evaluate_goods` WHERE ( geval_goodsid = '104018' ) AND ( (geval_image <> '') OR (geval_image_again <> '') ) LIMIT 1  
