[2019-10-12 00:46:13] /shop/index.php?act=goods&op=comments_list&goods_id=111694 ( act=goods&op=comments_list ) 
ERR: Db Error: Unknown column 'geval_image_again' in 'where clause'
SELECT COUNT(*) AS nc_count FROM `zmkj_evaluate_goods` WHERE ( geval_goodsid = '111694' ) AND ( (geval_image <> '') OR (geval_image_again <> '') ) LIMIT 1  
[2019-10-12 01:15:01] /shop/index.php?act=goods&op=comments_list&goods_id=111693 ( act=goods&op=comments_list ) 
ERR: Db Error: Unknown column 'geval_image_again' in 'where clause'
SELECT COUNT(*) AS nc_count FROM `zmkj_evaluate_goods` WHERE ( geval_goodsid = '111693' ) AND ( (geval_image <> '') OR (geval_image_again <> '') ) LIMIT 1  
[2019-10-12 01:43:50] /shop/index.php?act=goods&op=comments_list&goods_id=109270 ( act=goods&op=comments_list ) 
ERR: Db Error: Unknown column 'geval_image_again' in 'where clause'
SELECT COUNT(*) AS nc_count FROM `zmkj_evaluate_goods` WHERE ( geval_goodsid = '109270' ) AND ( (geval_image <> '') OR (geval_image_again <> '') ) LIMIT 1  
[2019-10-12 02:03:03] /shop/index.php?act=goods&op=comments_list&goods_id=110806 ( act=goods&op=comments_list ) 
ERR: Db Error: Unknown column 'geval_image_again' in 'where clause'
SELECT COUNT(*) AS nc_count FROM `zmkj_evaluate_goods` WHERE ( geval_goodsid = '110806' ) AND ( (geval_image <> '') OR (geval_image_again <> '') ) LIMIT 1  
[2019-10-12 02:41:28] /shop/index.php?act=goods&op=comments_list&goods_id=111709 ( act=goods&op=comments_list ) 
ERR: Db Error: Unknown column 'geval_image_again' in 'where clause'
SELECT COUNT(*) AS nc_count FROM `zmkj_evaluate_goods` WHERE ( geval_goodsid = '111709' ) AND ( (geval_image <> '') OR (geval_image_again <> '') ) LIMIT 1  
[2019-10-12 02:58:42] /shop/index.php?act=goods&op=comments_list&goods_id=105936 ( act=goods&op=comments_list ) 
ERR: Db Error: Unknown column 'geval_image_again' in 'where clause'
SELECT COUNT(*) AS nc_count FROM `zmkj_evaluate_goods` WHERE ( geval_goodsid = '105936' ) AND ( (geval_image <> '') OR (geval_image_again <> '') ) LIMIT 1  
[2019-10-12 08:16:12] /shop/index.php?act=goods&op=comments_list&goods_id=101244 ( act=goods&op=comments_list ) 
ERR: Db Error: Unknown column 'geval_image_again' in 'where clause'
SELECT COUNT(*) AS nc_count FROM `zmkj_evaluate_goods` WHERE ( geval_goodsid = '101244' ) AND ( (geval_image <> '') OR (geval_image_again <> '') ) LIMIT 1  
[2019-10-12 08:50:38] /shop/index.php?act=goods&op=comments_list&goods_id=111699 ( act=goods&op=comments_list ) 
ERR: Db Error: Unknown column 'geval_image_again' in 'where clause'
SELECT COUNT(*) AS nc_count FROM `zmkj_evaluate_goods` WHERE ( geval_goodsid = '111699' ) AND ( (geval_image <> '') OR (geval_image_again <> '') ) LIMIT 1  
[2019-10-12 09:30:59] /shop/index.php?act=goods&op=comments_list&goods_id=111712 ( act=goods&op=comments_list ) 
ERR: Db Error: Unknown column 'geval_image_again' in 'where clause'
SELECT COUNT(*) AS nc_count FROM `zmkj_evaluate_goods` WHERE ( geval_goodsid = '111712' ) AND ( (geval_image <> '') OR (geval_image_again <> '') ) LIMIT 1  
[2019-10-12 18:47:17] /shop/index.php?act=goods&goods_id=105438&op=comments_list ( act=goods&op=comments_list ) 
ERR: Db Error: Unknown column 'geval_image_again' in 'where clause'
SELECT COUNT(*) AS nc_count FROM `zmkj_evaluate_goods` WHERE ( geval_goodsid = '105438' ) AND ( (geval_image <> '') OR (geval_image_again <> '') ) LIMIT 1  
[2019-10-12 18:47:51] /shop/index.php?act=goods&goods_id=108334&op=comments_list ( act=goods&op=comments_list ) 
ERR: Db Error: Unknown column 'geval_image_again' in 'where clause'
SELECT COUNT(*) AS nc_count FROM `zmkj_evaluate_goods` WHERE ( geval_goodsid = '108334' ) AND ( (geval_image <> '') OR (geval_image_again <> '') ) LIMIT 1  
[2019-10-12 18:47:58] /shop/index.php?act=goods&goods_id=103941&op=comments_list ( act=goods&op=comments_list ) 
ERR: Db Error: Unknown column 'geval_image_again' in 'where clause'
SELECT COUNT(*) AS nc_count FROM `zmkj_evaluate_goods` WHERE ( geval_goodsid = '103941' ) AND ( (geval_image <> '') OR (geval_image_again <> '') ) LIMIT 1  
[2019-10-12 19:39:05] /shop/index.php?act=goods&goods_id=104180&op=comments_list ( act=goods&op=comments_list ) 
ERR: Db Error: Unknown column 'geval_image_again' in 'where clause'
SELECT COUNT(*) AS nc_count FROM `zmkj_evaluate_goods` WHERE ( geval_goodsid = '104180' ) AND ( (geval_image <> '') OR (geval_image_again <> '') ) LIMIT 1  
[2019-10-12 20:27:25] /shop/index.php?act=goods&goods_id=103762&op=comments_list&type=3 ( act=goods&op=comments_list ) 
ERR: Db Error: Unknown column 'geval_image_again' in 'where clause'
SELECT COUNT(*) AS nc_count FROM `zmkj_evaluate_goods` WHERE ( geval_goodsid = '103762' ) AND ( (geval_image <> '') OR (geval_image_again <> '') ) LIMIT 1  
[2019-10-12 20:27:37] /shop/index.php?act=goods&goods_id=101347&op=comments_list ( act=goods&op=comments_list ) 
ERR: Db Error: Unknown column 'geval_image_again' in 'where clause'
SELECT COUNT(*) AS nc_count FROM `zmkj_evaluate_goods` WHERE ( geval_goodsid = '101347' ) AND ( (geval_image <> '') OR (geval_image_again <> '') ) LIMIT 1  
[2019-10-12 20:36:02] /shop/index.php?act=goods&goods_id=101346&op=comments_list ( act=goods&op=comments_list ) 
ERR: Db Error: Unknown column 'geval_image_again' in 'where clause'
SELECT COUNT(*) AS nc_count FROM `zmkj_evaluate_goods` WHERE ( geval_goodsid = '101346' ) AND ( (geval_image <> '') OR (geval_image_again <> '') ) LIMIT 1  
[2019-10-12 20:44:39] /shop/index.php?act=goods&goods_id=106460&op=comments_list&type=1 ( act=goods&op=comments_list ) 
ERR: Db Error: Unknown column 'geval_image_again' in 'where clause'
SELECT COUNT(*) AS nc_count FROM `zmkj_evaluate_goods` WHERE ( geval_goodsid = '106460' ) AND ( (geval_image <> '') OR (geval_image_again <> '') ) LIMIT 1  
[2019-10-12 21:42:58] /shop/index.php?act=goods&goods_id=107156&op=comments_list ( act=goods&op=comments_list ) 
ERR: Db Error: Unknown column 'geval_image_again' in 'where clause'
SELECT COUNT(*) AS nc_count FROM `zmkj_evaluate_goods` WHERE ( geval_goodsid = '107156' ) AND ( (geval_image <> '') OR (geval_image_again <> '') ) LIMIT 1  
[2019-10-12 22:24:33] /shop/index.php?act=goods&goods_id=106130&op=comments_list ( act=goods&op=comments_list ) 
ERR: Db Error: Unknown column 'geval_image_again' in 'where clause'
SELECT COUNT(*) AS nc_count FROM `zmkj_evaluate_goods` WHERE ( geval_goodsid = '106130' ) AND ( (geval_image <> '') OR (geval_image_again <> '') ) LIMIT 1  
