[2019-01-13 00:02:33] /shop/index.php?act=goods&op=comments_list&goods_id=101691 ( act=goods&op=comments_list ) 
ERR: Db Error: Unknown column 'geval_image_again' in 'where clause'
SELECT COUNT(*) AS nc_count FROM `zmkj_evaluate_goods` WHERE ( geval_goodsid = '101691' ) AND ( (geval_image <> '') OR (geval_image_again <> '') ) LIMIT 1  
[2019-01-13 00:09:59] /shop/index.php?act=goods&op=comments_list&goods_id=105347 ( act=goods&op=comments_list ) 
ERR: Db Error: Unknown column 'geval_image_again' in 'where clause'
SELECT COUNT(*) AS nc_count FROM `zmkj_evaluate_goods` WHERE ( geval_goodsid = '105347' ) AND ( (geval_image <> '') OR (geval_image_again <> '') ) LIMIT 1  
[2019-01-13 00:10:55] /shop/index.php?act=goods&op=comments_list&goods_id=101940 ( act=goods&op=comments_list ) 
ERR: Db Error: Unknown column 'geval_image_again' in 'where clause'
SELECT COUNT(*) AS nc_count FROM `zmkj_evaluate_goods` WHERE ( geval_goodsid = '101940' ) AND ( (geval_image <> '') OR (geval_image_again <> '') ) LIMIT 1  
[2019-01-13 00:15:33] /shop/index.php?act=goods&op=comments_list&goods_id=103843 ( act=goods&op=comments_list ) 
ERR: Db Error: Unknown column 'geval_image_again' in 'where clause'
SELECT COUNT(*) AS nc_count FROM `zmkj_evaluate_goods` WHERE ( geval_goodsid = '103843' ) AND ( (geval_image <> '') OR (geval_image_again <> '') ) LIMIT 1  
[2019-01-13 00:22:59] /shop/index.php?act=goods&op=comments_list&goods_id=103265 ( act=goods&op=comments_list ) 
ERR: Db Error: Unknown column 'geval_image_again' in 'where clause'
SELECT COUNT(*) AS nc_count FROM `zmkj_evaluate_goods` WHERE ( geval_goodsid = '103265' ) AND ( (geval_image <> '') OR (geval_image_again <> '') ) LIMIT 1  
[2019-01-13 00:57:21] /shop/index.php?act=goods&op=comments_list&goods_id=107768 ( act=goods&op=comments_list ) 
ERR: Db Error: Unknown column 'geval_image_again' in 'where clause'
SELECT COUNT(*) AS nc_count FROM `zmkj_evaluate_goods` WHERE ( geval_goodsid = '107768' ) AND ( (geval_image <> '') OR (geval_image_again <> '') ) LIMIT 1  
[2019-01-13 00:58:17] /shop/index.php?act=goods&op=comments_list&goods_id=102909 ( act=goods&op=comments_list ) 
ERR: Db Error: Unknown column 'geval_image_again' in 'where clause'
SELECT COUNT(*) AS nc_count FROM `zmkj_evaluate_goods` WHERE ( geval_goodsid = '102909' ) AND ( (geval_image <> '') OR (geval_image_again <> '') ) LIMIT 1  
[2019-01-13 01:07:34] /shop/index.php?act=goods&op=comments_list&goods_id=107769 ( act=goods&op=comments_list ) 
ERR: Db Error: Unknown column 'geval_image_again' in 'where clause'
SELECT COUNT(*) AS nc_count FROM `zmkj_evaluate_goods` WHERE ( geval_goodsid = '107769' ) AND ( (geval_image <> '') OR (geval_image_again <> '') ) LIMIT 1  
[2019-01-13 01:10:21] /shop/index.php?act=goods&op=comments_list&goods_id=106386 ( act=goods&op=comments_list ) 
ERR: Db Error: Unknown column 'geval_image_again' in 'where clause'
SELECT COUNT(*) AS nc_count FROM `zmkj_evaluate_goods` WHERE ( geval_goodsid = '106386' ) AND ( (geval_image <> '') OR (geval_image_again <> '') ) LIMIT 1  
[2019-01-13 01:24:17] /shop/index.php?act=goods&op=comments_list&goods_id=102444 ( act=goods&op=comments_list ) 
ERR: Db Error: Unknown column 'geval_image_again' in 'where clause'
SELECT COUNT(*) AS nc_count FROM `zmkj_evaluate_goods` WHERE ( geval_goodsid = '102444' ) AND ( (geval_image <> '') OR (geval_image_again <> '') ) LIMIT 1  
[2019-01-13 01:47:30] /shop/index.php?act=goods&op=comments_list&goods_id=104487 ( act=goods&op=comments_list ) 
ERR: Db Error: Unknown column 'geval_image_again' in 'where clause'
SELECT COUNT(*) AS nc_count FROM `zmkj_evaluate_goods` WHERE ( geval_goodsid = '104487' ) AND ( (geval_image <> '') OR (geval_image_again <> '') ) LIMIT 1  
[2019-01-13 02:02:22] /shop/index.php?act=goods&op=comments_list&goods_id=107764 ( act=goods&op=comments_list ) 
ERR: Db Error: Unknown column 'geval_image_again' in 'where clause'
SELECT COUNT(*) AS nc_count FROM `zmkj_evaluate_goods` WHERE ( geval_goodsid = '107764' ) AND ( (geval_image <> '') OR (geval_image_again <> '') ) LIMIT 1  
[2019-01-13 02:25:35] /shop/index.php?act=goods&op=comments_list&goods_id=103771 ( act=goods&op=comments_list ) 
ERR: Db Error: Unknown column 'geval_image_again' in 'where clause'
SELECT COUNT(*) AS nc_count FROM `zmkj_evaluate_goods` WHERE ( geval_goodsid = '103771' ) AND ( (geval_image <> '') OR (geval_image_again <> '') ) LIMIT 1  
[2019-01-13 02:28:22] /shop/index.php?act=goods&op=comments_list&goods_id=103598&type=3 ( act=goods&op=comments_list ) 
ERR: Db Error: Unknown column 'geval_image_again' in 'where clause'
SELECT COUNT(*) AS nc_count FROM `zmkj_evaluate_goods` WHERE ( geval_goodsid = '103598' ) AND ( (geval_image <> '') OR (geval_image_again <> '') ) LIMIT 1  
[2019-01-13 02:58:13] /shop/index.php?act=goods&op=comments_list&goods_id=107353&type=3 ( act=goods&op=comments_list ) 
ERR: Db Error: Unknown column 'geval_image_again' in 'where clause'
SELECT COUNT(*) AS nc_count FROM `zmkj_evaluate_goods` WHERE ( geval_goodsid = '107353' ) AND ( (geval_image <> '') OR (geval_image_again <> '') ) LIMIT 1  
[2019-01-13 02:59:18] /shop/index.php?act=goods&op=comments_list&goods_id=103214 ( act=goods&op=comments_list ) 
ERR: Db Error: Unknown column 'geval_image_again' in 'where clause'
SELECT COUNT(*) AS nc_count FROM `zmkj_evaluate_goods` WHERE ( geval_goodsid = '103214' ) AND ( (geval_image <> '') OR (geval_image_again <> '') ) LIMIT 1  
[2019-01-13 03:15:40] /shop/index.php?act=goods&op=comments_list&goods_id=104236 ( act=goods&op=comments_list ) 
ERR: Db Error: Unknown column 'geval_image_again' in 'where clause'
SELECT COUNT(*) AS nc_count FROM `zmkj_evaluate_goods` WHERE ( geval_goodsid = '104236' ) AND ( (geval_image <> '') OR (geval_image_again <> '') ) LIMIT 1  
[2019-01-13 03:16:45] /shop/index.php?act=goods&op=comments_list&goods_id=105753 ( act=goods&op=comments_list ) 
ERR: Db Error: Unknown column 'geval_image_again' in 'where clause'
SELECT COUNT(*) AS nc_count FROM `zmkj_evaluate_goods` WHERE ( geval_goodsid = '105753' ) AND ( (geval_image <> '') OR (geval_image_again <> '') ) LIMIT 1  
[2019-01-13 03:34:12] /shop/index.php?act=goods&op=comments_list&goods_id=100018&type=2 ( act=goods&op=comments_list ) 
ERR: Db Error: Unknown column 'geval_image_again' in 'where clause'
SELECT COUNT(*) AS nc_count FROM `zmkj_evaluate_goods` WHERE ( geval_goodsid = '100018' ) AND ( (geval_image <> '') OR (geval_image_again <> '') ) LIMIT 1  
[2019-01-13 03:40:45] /shop/index.php?act=goods&op=comments_list&goods_id=105603 ( act=goods&op=comments_list ) 
ERR: Db Error: Unknown column 'geval_image_again' in 'where clause'
SELECT COUNT(*) AS nc_count FROM `zmkj_evaluate_goods` WHERE ( geval_goodsid = '105603' ) AND ( (geval_image <> '') OR (geval_image_again <> '') ) LIMIT 1  
[2019-01-13 03:42:56] /shop/index.php?act=goods&op=comments_list&goods_id=102540 ( act=goods&op=comments_list ) 
ERR: Db Error: Unknown column 'geval_image_again' in 'where clause'
SELECT COUNT(*) AS nc_count FROM `zmkj_evaluate_goods` WHERE ( geval_goodsid = '102540' ) AND ( (geval_image <> '') OR (geval_image_again <> '') ) LIMIT 1  
[2019-01-13 03:49:28] /shop/index.php?act=goods&op=comments_list&goods_id=103883 ( act=goods&op=comments_list ) 
ERR: Db Error: Unknown column 'geval_image_again' in 'where clause'
SELECT COUNT(*) AS nc_count FROM `zmkj_evaluate_goods` WHERE ( geval_goodsid = '103883' ) AND ( (geval_image <> '') OR (geval_image_again <> '') ) LIMIT 1  
[2019-01-13 03:51:39] /shop/index.php?act=goods&op=comments_list&goods_id=103575 ( act=goods&op=comments_list ) 
ERR: Db Error: Unknown column 'geval_image_again' in 'where clause'
SELECT COUNT(*) AS nc_count FROM `zmkj_evaluate_goods` WHERE ( geval_goodsid = '103575' ) AND ( (geval_image <> '') OR (geval_image_again <> '') ) LIMIT 1  
[2019-01-13 04:08:00] /shop/index.php?act=goods&op=comments_list&goods_id=102536 ( act=goods&op=comments_list ) 
ERR: Db Error: Unknown column 'geval_image_again' in 'where clause'
SELECT COUNT(*) AS nc_count FROM `zmkj_evaluate_goods` WHERE ( geval_goodsid = '102536' ) AND ( (geval_image <> '') OR (geval_image_again <> '') ) LIMIT 1  
[2019-01-13 04:27:38] /shop/index.php?act=goods&op=comments_list&goods_id=104455 ( act=goods&op=comments_list ) 
ERR: Db Error: Unknown column 'geval_image_again' in 'where clause'
SELECT COUNT(*) AS nc_count FROM `zmkj_evaluate_goods` WHERE ( geval_goodsid = '104455' ) AND ( (geval_image <> '') OR (geval_image_again <> '') ) LIMIT 1  
[2019-01-13 05:09:09] /shop/index.php?act=promotion&gc_id=1124&curpage=2 ( act=promotion&op=index ) 
ERR: Db Error: You have an error in your SQL syntax; check the manual that corresponds to your MySQL server version for the right syntax to use near '-16,16' at line 1
SELECT * FROM `zmkj_p_xianshi_goods` WHERE ( state = '1' ) AND ( start_time <= '1547327349' ) AND ( end_time > '1547327349' ) AND ( gc_id_1 = '1124' ) ORDER BY xianshi_goods_id desc LIMIT -16,16  
[2019-01-13 05:18:59] /shop/index.php?act=goods&op=comments_list&goods_id=103784 ( act=goods&op=comments_list ) 
ERR: Db Error: Unknown column 'geval_image_again' in 'where clause'
SELECT COUNT(*) AS nc_count FROM `zmkj_evaluate_goods` WHERE ( geval_goodsid = '103784' ) AND ( (geval_image <> '') OR (geval_image_again <> '') ) LIMIT 1  
[2019-01-13 05:23:12] /shop/index.php?act=goods&op=comments_list&goods_id=106995 ( act=goods&op=comments_list ) 
ERR: Db Error: Unknown column 'geval_image_again' in 'where clause'
SELECT COUNT(*) AS nc_count FROM `zmkj_evaluate_goods` WHERE ( geval_goodsid = '106995' ) AND ( (geval_image <> '') OR (geval_image_again <> '') ) LIMIT 1  
[2019-01-13 05:34:27] /shop/index.php?act=goods&op=comments_list&goods_id=107353&type=2 ( act=goods&op=comments_list ) 
ERR: Db Error: Unknown column 'geval_image_again' in 'where clause'
SELECT COUNT(*) AS nc_count FROM `zmkj_evaluate_goods` WHERE ( geval_goodsid = '107353' ) AND ( (geval_image <> '') OR (geval_image_again <> '') ) LIMIT 1  
[2019-01-13 05:51:19] /shop/index.php?act=goods&op=comments_list&goods_id=102586 ( act=goods&op=comments_list ) 
ERR: Db Error: Unknown column 'geval_image_again' in 'where clause'
SELECT COUNT(*) AS nc_count FROM `zmkj_evaluate_goods` WHERE ( geval_goodsid = '102586' ) AND ( (geval_image <> '') OR (geval_image_again <> '') ) LIMIT 1  
[2019-01-13 06:09:35] /shop/index.php?act=goods&op=comments_list&goods_id=103567 ( act=goods&op=comments_list ) 
ERR: Db Error: Unknown column 'geval_image_again' in 'where clause'
SELECT COUNT(*) AS nc_count FROM `zmkj_evaluate_goods` WHERE ( geval_goodsid = '103567' ) AND ( (geval_image <> '') OR (geval_image_again <> '') ) LIMIT 1  
[2019-01-13 06:13:48] /shop/index.php?act=goods&op=comments_list&goods_id=101761 ( act=goods&op=comments_list ) 
ERR: Db Error: Unknown column 'geval_image_again' in 'where clause'
SELECT COUNT(*) AS nc_count FROM `zmkj_evaluate_goods` WHERE ( geval_goodsid = '101761' ) AND ( (geval_image <> '') OR (geval_image_again <> '') ) LIMIT 1  
[2019-01-13 06:19:22] /shop/index.php?act=goods&op=comments_list&goods_id=107147 ( act=goods&op=comments_list ) 
ERR: Db Error: Unknown column 'geval_image_again' in 'where clause'
SELECT COUNT(*) AS nc_count FROM `zmkj_evaluate_goods` WHERE ( geval_goodsid = '107147' ) AND ( (geval_image <> '') OR (geval_image_again <> '') ) LIMIT 1  
[2019-01-13 06:27:09] /shop/index.php?act=goods&op=comments_list&goods_id=105582 ( act=goods&op=comments_list ) 
ERR: Db Error: Unknown column 'geval_image_again' in 'where clause'
SELECT COUNT(*) AS nc_count FROM `zmkj_evaluate_goods` WHERE ( geval_goodsid = '105582' ) AND ( (geval_image <> '') OR (geval_image_again <> '') ) LIMIT 1  
[2019-01-13 06:41:59] /shop/index.php?act=goods&op=comments_list&goods_id=107360 ( act=goods&op=comments_list ) 
ERR: Db Error: Unknown column 'geval_image_again' in 'where clause'
SELECT COUNT(*) AS nc_count FROM `zmkj_evaluate_goods` WHERE ( geval_goodsid = '107360' ) AND ( (geval_image <> '') OR (geval_image_again <> '') ) LIMIT 1  
[2019-01-13 06:59:17] /shop/index.php?act=goods&op=comments_list&goods_id=103359 ( act=goods&op=comments_list ) 
ERR: Db Error: Unknown column 'geval_image_again' in 'where clause'
SELECT COUNT(*) AS nc_count FROM `zmkj_evaluate_goods` WHERE ( geval_goodsid = '103359' ) AND ( (geval_image <> '') OR (geval_image_again <> '') ) LIMIT 1  
[2019-01-13 07:22:21] /shop/index.php?act=goods&op=comments_list&goods_id=100014 ( act=goods&op=comments_list ) 
ERR: Db Error: Unknown column 'geval_image_again' in 'where clause'
SELECT COUNT(*) AS nc_count FROM `zmkj_evaluate_goods` WHERE ( geval_goodsid = '100014' ) AND ( (geval_image <> '') OR (geval_image_again <> '') ) LIMIT 1  
[2019-01-13 07:23:48] /shop/index.php?act=goods&op=comments_list&goods_id=104256 ( act=goods&op=comments_list ) 
ERR: Db Error: Unknown column 'geval_image_again' in 'where clause'
SELECT COUNT(*) AS nc_count FROM `zmkj_evaluate_goods` WHERE ( geval_goodsid = '104256' ) AND ( (geval_image <> '') OR (geval_image_again <> '') ) LIMIT 1  
[2019-01-13 07:25:14] /shop/index.php?act=goods&op=comments_list&goods_id=100013&type=2 ( act=goods&op=comments_list ) 
ERR: Db Error: Unknown column 'geval_image_again' in 'where clause'
SELECT COUNT(*) AS nc_count FROM `zmkj_evaluate_goods` WHERE ( geval_goodsid = '100013' ) AND ( (geval_image <> '') OR (geval_image_again <> '') ) LIMIT 1  
[2019-01-13 07:26:41] /shop/index.php?act=goods&op=comments_list&goods_id=103598&type=2 ( act=goods&op=comments_list ) 
ERR: Db Error: Unknown column 'geval_image_again' in 'where clause'
SELECT COUNT(*) AS nc_count FROM `zmkj_evaluate_goods` WHERE ( geval_goodsid = '103598' ) AND ( (geval_image <> '') OR (geval_image_again <> '') ) LIMIT 1  
[2019-01-13 07:39:39] /shop/index.php?act=goods&op=comments_list&goods_id=106230 ( act=goods&op=comments_list ) 
ERR: Db Error: Unknown column 'geval_image_again' in 'where clause'
SELECT COUNT(*) AS nc_count FROM `zmkj_evaluate_goods` WHERE ( geval_goodsid = '106230' ) AND ( (geval_image <> '') OR (geval_image_again <> '') ) LIMIT 1  
[2019-01-13 07:43:59] /shop/index.php?act=goods&op=comments_list&goods_id=103637 ( act=goods&op=comments_list ) 
ERR: Db Error: Unknown column 'geval_image_again' in 'where clause'
SELECT COUNT(*) AS nc_count FROM `zmkj_evaluate_goods` WHERE ( geval_goodsid = '103637' ) AND ( (geval_image <> '') OR (geval_image_again <> '') ) LIMIT 1  
[2019-01-13 07:49:45] /shop/index.php?act=goods&op=comments_list&goods_id=107331 ( act=goods&op=comments_list ) 
ERR: Db Error: Unknown column 'geval_image_again' in 'where clause'
SELECT COUNT(*) AS nc_count FROM `zmkj_evaluate_goods` WHERE ( geval_goodsid = '107331' ) AND ( (geval_image <> '') OR (geval_image_again <> '') ) LIMIT 1  
[2019-01-13 08:02:44] /shop/index.php?act=goods&op=comments_list&goods_id=103440 ( act=goods&op=comments_list ) 
ERR: Db Error: Unknown column 'geval_image_again' in 'where clause'
SELECT COUNT(*) AS nc_count FROM `zmkj_evaluate_goods` WHERE ( geval_goodsid = '103440' ) AND ( (geval_image <> '') OR (geval_image_again <> '') ) LIMIT 1  
[2019-01-13 08:14:16] /shop/index.php?act=goods&op=comments_list&goods_id=102590 ( act=goods&op=comments_list ) 
ERR: Db Error: Unknown column 'geval_image_again' in 'where clause'
SELECT COUNT(*) AS nc_count FROM `zmkj_evaluate_goods` WHERE ( geval_goodsid = '102590' ) AND ( (geval_image <> '') OR (geval_image_again <> '') ) LIMIT 1  
[2019-01-13 09:27:40] /shop/index.php?act=goods&op=comments_list&goods_id=102470&type=3 ( act=goods&op=comments_list ) 
ERR: Db Error: Unknown column 'geval_image_again' in 'where clause'
SELECT COUNT(*) AS nc_count FROM `zmkj_evaluate_goods` WHERE ( geval_goodsid = '102470' ) AND ( (geval_image <> '') OR (geval_image_again <> '') ) LIMIT 1  
[2019-01-13 10:02:25] /shop/index.php?act=goods&op=comments_list&goods_id=101973 ( act=goods&op=comments_list ) 
ERR: Db Error: Unknown column 'geval_image_again' in 'where clause'
SELECT COUNT(*) AS nc_count FROM `zmkj_evaluate_goods` WHERE ( geval_goodsid = '101973' ) AND ( (geval_image <> '') OR (geval_image_again <> '') ) LIMIT 1  
[2019-01-13 10:44:00] /shop/index.php?act=goods&op=comments_list&goods_id=104403 ( act=goods&op=comments_list ) 
ERR: Db Error: Unknown column 'geval_image_again' in 'where clause'
SELECT COUNT(*) AS nc_count FROM `zmkj_evaluate_goods` WHERE ( geval_goodsid = '104403' ) AND ( (geval_image <> '') OR (geval_image_again <> '') ) LIMIT 1  
[2019-01-13 11:51:19] /shop/index.php?act=goods&op=comments_list&goods_id=102615 ( act=goods&op=comments_list ) 
ERR: Db Error: Unknown column 'geval_image_again' in 'where clause'
SELECT COUNT(*) AS nc_count FROM `zmkj_evaluate_goods` WHERE ( geval_goodsid = '102615' ) AND ( (geval_image <> '') OR (geval_image_again <> '') ) LIMIT 1  
[2019-01-13 11:52:39] /shop/index.php?act=goods&op=comments_list&goods_id=101164 ( act=goods&op=comments_list ) 
ERR: Db Error: Unknown column 'geval_image_again' in 'where clause'
SELECT COUNT(*) AS nc_count FROM `zmkj_evaluate_goods` WHERE ( geval_goodsid = '101164' ) AND ( (geval_image <> '') OR (geval_image_again <> '') ) LIMIT 1  
[2019-01-13 12:25:47] /shop/index.php?act=goods&op=comments_list&goods_id=106839 ( act=goods&op=comments_list ) 
ERR: Db Error: Unknown column 'geval_image_again' in 'where clause'
SELECT COUNT(*) AS nc_count FROM `zmkj_evaluate_goods` WHERE ( geval_goodsid = '106839' ) AND ( (geval_image <> '') OR (geval_image_again <> '') ) LIMIT 1  
[2019-01-13 13:11:53] /shop/index.php?act=goods&op=comments_list&goods_id=105586 ( act=goods&op=comments_list ) 
ERR: Db Error: Unknown column 'geval_image_again' in 'where clause'
SELECT COUNT(*) AS nc_count FROM `zmkj_evaluate_goods` WHERE ( geval_goodsid = '105586' ) AND ( (geval_image <> '') OR (geval_image_again <> '') ) LIMIT 1  
[2019-01-13 13:46:21] /shop/index.php?act=goods&op=comments_list&goods_id=102443 ( act=goods&op=comments_list ) 
ERR: Db Error: Unknown column 'geval_image_again' in 'where clause'
SELECT COUNT(*) AS nc_count FROM `zmkj_evaluate_goods` WHERE ( geval_goodsid = '102443' ) AND ( (geval_image <> '') OR (geval_image_again <> '') ) LIMIT 1  
[2019-01-13 13:56:39] /shop/index.php?act=goods&op=comments_list&goods_id=106757 ( act=goods&op=comments_list ) 
ERR: Db Error: Unknown column 'geval_image_again' in 'where clause'
SELECT COUNT(*) AS nc_count FROM `zmkj_evaluate_goods` WHERE ( geval_goodsid = '106757' ) AND ( (geval_image <> '') OR (geval_image_again <> '') ) LIMIT 1  
[2019-01-13 14:19:03] /shop/index.php?act=goods&op=comments_list&goods_id=105056 ( act=goods&op=comments_list ) 
ERR: Db Error: Unknown column 'geval_image_again' in 'where clause'
SELECT COUNT(*) AS nc_count FROM `zmkj_evaluate_goods` WHERE ( geval_goodsid = '105056' ) AND ( (geval_image <> '') OR (geval_image_again <> '') ) LIMIT 1  
[2019-01-13 14:22:49] /shop/index.php?act=goods&op=comments_list&goods_id=103671 ( act=goods&op=comments_list ) 
ERR: Db Error: Unknown column 'geval_image_again' in 'where clause'
SELECT COUNT(*) AS nc_count FROM `zmkj_evaluate_goods` WHERE ( geval_goodsid = '103671' ) AND ( (geval_image <> '') OR (geval_image_again <> '') ) LIMIT 1  
[2019-01-13 14:30:18] /shop/index.php?act=goods&op=comments_list&goods_id=104427 ( act=goods&op=comments_list ) 
ERR: Db Error: Unknown column 'geval_image_again' in 'where clause'
SELECT COUNT(*) AS nc_count FROM `zmkj_evaluate_goods` WHERE ( geval_goodsid = '104427' ) AND ( (geval_image <> '') OR (geval_image_again <> '') ) LIMIT 1  
[2019-01-13 14:35:03] /shop/index.php?act=goods&op=comments_list&goods_id=104830 ( act=goods&op=comments_list ) 
ERR: Db Error: Unknown column 'geval_image_again' in 'where clause'
SELECT COUNT(*) AS nc_count FROM `zmkj_evaluate_goods` WHERE ( geval_goodsid = '104830' ) AND ( (geval_image <> '') OR (geval_image_again <> '') ) LIMIT 1  
[2019-01-13 14:36:12] /shop/index.php?act=goods&op=comments_list&goods_id=107746 ( act=goods&op=comments_list ) 
ERR: Db Error: Unknown column 'geval_image_again' in 'where clause'
SELECT COUNT(*) AS nc_count FROM `zmkj_evaluate_goods` WHERE ( geval_goodsid = '107746' ) AND ( (geval_image <> '') OR (geval_image_again <> '') ) LIMIT 1  
[2019-01-13 14:54:34] /shop/index.php?act=goods&op=comments_list&goods_id=102695 ( act=goods&op=comments_list ) 
ERR: Db Error: Unknown column 'geval_image_again' in 'where clause'
SELECT COUNT(*) AS nc_count FROM `zmkj_evaluate_goods` WHERE ( geval_goodsid = '102695' ) AND ( (geval_image <> '') OR (geval_image_again <> '') ) LIMIT 1  
[2019-01-13 15:14:22] /shop/index.php?act=goods&op=comments_list&goods_id=100033 ( act=goods&op=comments_list ) 
ERR: Db Error: Unknown column 'geval_image_again' in 'where clause'
SELECT COUNT(*) AS nc_count FROM `zmkj_evaluate_goods` WHERE ( geval_goodsid = '100033' ) AND ( (geval_image <> '') OR (geval_image_again <> '') ) LIMIT 1  
[2019-01-13 15:16:03] /shop/index.php?act=goods&op=comments_list&goods_id=102830 ( act=goods&op=comments_list ) 
ERR: Db Error: Unknown column 'geval_image_again' in 'where clause'
SELECT COUNT(*) AS nc_count FROM `zmkj_evaluate_goods` WHERE ( geval_goodsid = '102830' ) AND ( (geval_image <> '') OR (geval_image_again <> '') ) LIMIT 1  
[2019-01-13 15:18:11] /shop/index.php?act=goods&op=comments_list&goods_id=102924 ( act=goods&op=comments_list ) 
ERR: Db Error: Unknown column 'geval_image_again' in 'where clause'
SELECT COUNT(*) AS nc_count FROM `zmkj_evaluate_goods` WHERE ( geval_goodsid = '102924' ) AND ( (geval_image <> '') OR (geval_image_again <> '') ) LIMIT 1  
[2019-01-13 15:19:19] /shop/index.php?act=goods&op=comments_list&goods_id=106736 ( act=goods&op=comments_list ) 
ERR: Db Error: Unknown column 'geval_image_again' in 'where clause'
SELECT COUNT(*) AS nc_count FROM `zmkj_evaluate_goods` WHERE ( geval_goodsid = '106736' ) AND ( (geval_image <> '') OR (geval_image_again <> '') ) LIMIT 1  
[2019-01-13 15:20:09] /shop/index.php?act=promotion&gc_id=1137&curpage=2 ( act=promotion&op=index ) 
ERR: Db Error: You have an error in your SQL syntax; check the manual that corresponds to your MySQL server version for the right syntax to use near '-16,16' at line 1
SELECT * FROM `zmkj_p_xianshi_goods` WHERE ( state = '1' ) AND ( start_time <= '1547364009' ) AND ( end_time > '1547364009' ) AND ( gc_id_1 = '1137' ) ORDER BY xianshi_goods_id desc LIMIT -16,16  
[2019-01-13 15:24:12] /shop/index.php?act=goods&op=comments_list&goods_id=101433 ( act=goods&op=comments_list ) 
ERR: Db Error: Unknown column 'geval_image_again' in 'where clause'
SELECT COUNT(*) AS nc_count FROM `zmkj_evaluate_goods` WHERE ( geval_goodsid = '101433' ) AND ( (geval_image <> '') OR (geval_image_again <> '') ) LIMIT 1  
[2019-01-13 15:35:00] /shop/index.php?act=goods&op=comments_list&goods_id=100013&type=3 ( act=goods&op=comments_list ) 
ERR: Db Error: Unknown column 'geval_image_again' in 'where clause'
SELECT COUNT(*) AS nc_count FROM `zmkj_evaluate_goods` WHERE ( geval_goodsid = '100013' ) AND ( (geval_image <> '') OR (geval_image_again <> '') ) LIMIT 1  
[2019-01-13 15:40:47] /shop/index.php?act=goods&op=comments_list&goods_id=107101 ( act=goods&op=comments_list ) 
ERR: Db Error: Unknown column 'geval_image_again' in 'where clause'
SELECT COUNT(*) AS nc_count FROM `zmkj_evaluate_goods` WHERE ( geval_goodsid = '107101' ) AND ( (geval_image <> '') OR (geval_image_again <> '') ) LIMIT 1  
[2019-01-13 15:44:05] /shop/index.php?act=goods&op=comments_list&goods_id=107314 ( act=goods&op=comments_list ) 
ERR: Db Error: Unknown column 'geval_image_again' in 'where clause'
SELECT COUNT(*) AS nc_count FROM `zmkj_evaluate_goods` WHERE ( geval_goodsid = '107314' ) AND ( (geval_image <> '') OR (geval_image_again <> '') ) LIMIT 1  
[2019-01-13 15:45:44] /shop/index.php?act=goods&op=comments_list&goods_id=103934 ( act=goods&op=comments_list ) 
ERR: Db Error: Unknown column 'geval_image_again' in 'where clause'
SELECT COUNT(*) AS nc_count FROM `zmkj_evaluate_goods` WHERE ( geval_goodsid = '103934' ) AND ( (geval_image <> '') OR (geval_image_again <> '') ) LIMIT 1  
[2019-01-13 16:03:53] /shop/index.php?act=goods&op=comments_list&goods_id=103415 ( act=goods&op=comments_list ) 
ERR: Db Error: Unknown column 'geval_image_again' in 'where clause'
SELECT COUNT(*) AS nc_count FROM `zmkj_evaluate_goods` WHERE ( geval_goodsid = '103415' ) AND ( (geval_image <> '') OR (geval_image_again <> '') ) LIMIT 1  
[2019-01-13 16:21:13] /shop/index.php?act=promotion&gc_id=1137&curpage=2 ( act=promotion&op=index ) 
ERR: Db Error: You have an error in your SQL syntax; check the manual that corresponds to your MySQL server version for the right syntax to use near '-16,16' at line 1
SELECT * FROM `zmkj_p_xianshi_goods` WHERE ( state = '1' ) AND ( start_time <= '1547367673' ) AND ( end_time > '1547367673' ) AND ( gc_id_1 = '1137' ) ORDER BY xianshi_goods_id desc LIMIT -16,16  
[2019-01-13 16:31:07] /shop/index.php?act=goods&op=comments_list&goods_id=105291 ( act=goods&op=comments_list ) 
ERR: Db Error: Unknown column 'geval_image_again' in 'where clause'
SELECT COUNT(*) AS nc_count FROM `zmkj_evaluate_goods` WHERE ( geval_goodsid = '105291' ) AND ( (geval_image <> '') OR (geval_image_again <> '') ) LIMIT 1  
[2019-01-13 16:35:15] /shop/index.php?act=goods&op=comments_list&goods_id=105991 ( act=goods&op=comments_list ) 
ERR: Db Error: Unknown column 'geval_image_again' in 'where clause'
SELECT COUNT(*) AS nc_count FROM `zmkj_evaluate_goods` WHERE ( geval_goodsid = '105991' ) AND ( (geval_image <> '') OR (geval_image_again <> '') ) LIMIT 1  
[2019-01-13 16:41:15] /shop/index.php?act=goods&op=comments_list&goods_id=106240 ( act=goods&op=comments_list ) 
ERR: Db Error: Unknown column 'geval_image_again' in 'where clause'
SELECT COUNT(*) AS nc_count FROM `zmkj_evaluate_goods` WHERE ( geval_goodsid = '106240' ) AND ( (geval_image <> '') OR (geval_image_again <> '') ) LIMIT 1  
[2019-01-13 16:43:59] /shop/index.php?act=goods&op=comments_list&goods_id=106842 ( act=goods&op=comments_list ) 
ERR: Db Error: Unknown column 'geval_image_again' in 'where clause'
SELECT COUNT(*) AS nc_count FROM `zmkj_evaluate_goods` WHERE ( geval_goodsid = '106842' ) AND ( (geval_image <> '') OR (geval_image_again <> '') ) LIMIT 1  
[2019-01-13 16:57:36] /shop/index.php?act=goods&op=comments_list&goods_id=107210 ( act=goods&op=comments_list ) 
ERR: Db Error: Unknown column 'geval_image_again' in 'where clause'
SELECT COUNT(*) AS nc_count FROM `zmkj_evaluate_goods` WHERE ( geval_goodsid = '107210' ) AND ( (geval_image <> '') OR (geval_image_again <> '') ) LIMIT 1  
[2019-01-13 17:18:14] /shop/index.php?act=goods&op=comments_list&goods_id=107550&type=2 ( act=goods&op=comments_list ) 
ERR: Db Error: Unknown column 'geval_image_again' in 'where clause'
SELECT COUNT(*) AS nc_count FROM `zmkj_evaluate_goods` WHERE ( geval_goodsid = '107550' ) AND ( (geval_image <> '') OR (geval_image_again <> '') ) LIMIT 1  
[2019-01-13 17:29:25] /shop/index.php?act=goods&op=comments_list&goods_id=101655 ( act=goods&op=comments_list ) 
ERR: Db Error: Unknown column 'geval_image_again' in 'where clause'
SELECT COUNT(*) AS nc_count FROM `zmkj_evaluate_goods` WHERE ( geval_goodsid = '101655' ) AND ( (geval_image <> '') OR (geval_image_again <> '') ) LIMIT 1  
[2019-01-13 17:32:45] /shop/index.php?act=goods&op=comments_list&goods_id=102594 ( act=goods&op=comments_list ) 
ERR: Db Error: Unknown column 'geval_image_again' in 'where clause'
SELECT COUNT(*) AS nc_count FROM `zmkj_evaluate_goods` WHERE ( geval_goodsid = '102594' ) AND ( (geval_image <> '') OR (geval_image_again <> '') ) LIMIT 1  
[2019-01-13 17:48:49] /shop/index.php?act=goods&op=comments_list&goods_id=103584 ( act=goods&op=comments_list ) 
ERR: Db Error: Unknown column 'geval_image_again' in 'where clause'
SELECT COUNT(*) AS nc_count FROM `zmkj_evaluate_goods` WHERE ( geval_goodsid = '103584' ) AND ( (geval_image <> '') OR (geval_image_again <> '') ) LIMIT 1  
[2019-01-13 17:59:07] /shop/index.php?act=goods&op=comments_list&goods_id=106062 ( act=goods&op=comments_list ) 
ERR: Db Error: Unknown column 'geval_image_again' in 'where clause'
SELECT COUNT(*) AS nc_count FROM `zmkj_evaluate_goods` WHERE ( geval_goodsid = '106062' ) AND ( (geval_image <> '') OR (geval_image_again <> '') ) LIMIT 1  
[2019-01-13 18:07:47] /shop/index.php?act=goods&op=comments_list&goods_id=103967 ( act=goods&op=comments_list ) 
ERR: Db Error: Unknown column 'geval_image_again' in 'where clause'
SELECT COUNT(*) AS nc_count FROM `zmkj_evaluate_goods` WHERE ( geval_goodsid = '103967' ) AND ( (geval_image <> '') OR (geval_image_again <> '') ) LIMIT 1  
[2019-01-13 18:08:21] /shop/index.php?act=goods&op=comments_list&goods_id=106373 ( act=goods&op=comments_list ) 
ERR: Db Error: Unknown column 'geval_image_again' in 'where clause'
SELECT COUNT(*) AS nc_count FROM `zmkj_evaluate_goods` WHERE ( geval_goodsid = '106373' ) AND ( (geval_image <> '') OR (geval_image_again <> '') ) LIMIT 1  
[2019-01-13 18:11:39] /shop/index.php?act=goods&op=comments_list&goods_id=107785 ( act=goods&op=comments_list ) 
ERR: Db Error: Unknown column 'geval_image_again' in 'where clause'
SELECT COUNT(*) AS nc_count FROM `zmkj_evaluate_goods` WHERE ( geval_goodsid = '107785' ) AND ( (geval_image <> '') OR (geval_image_again <> '') ) LIMIT 1  
[2019-01-13 18:13:58] /shop/index.php?act=goods&op=comments_list&goods_id=107006 ( act=goods&op=comments_list ) 
ERR: Db Error: Unknown column 'geval_image_again' in 'where clause'
SELECT COUNT(*) AS nc_count FROM `zmkj_evaluate_goods` WHERE ( geval_goodsid = '107006' ) AND ( (geval_image <> '') OR (geval_image_again <> '') ) LIMIT 1  
[2019-01-13 18:14:56] /shop/index.php?act=goods&op=comments_list&goods_id=107357 ( act=goods&op=comments_list ) 
ERR: Db Error: Unknown column 'geval_image_again' in 'where clause'
SELECT COUNT(*) AS nc_count FROM `zmkj_evaluate_goods` WHERE ( geval_goodsid = '107357' ) AND ( (geval_image <> '') OR (geval_image_again <> '') ) LIMIT 1  
[2019-01-13 18:18:54] /shop/index.php?act=goods&op=comments_list&goods_id=102584 ( act=goods&op=comments_list ) 
ERR: Db Error: Unknown column 'geval_image_again' in 'where clause'
SELECT COUNT(*) AS nc_count FROM `zmkj_evaluate_goods` WHERE ( geval_goodsid = '102584' ) AND ( (geval_image <> '') OR (geval_image_again <> '') ) LIMIT 1  
[2019-01-13 18:21:55] /shop/index.php?act=goods&op=comments_list&goods_id=105846 ( act=goods&op=comments_list ) 
ERR: Db Error: Unknown column 'geval_image_again' in 'where clause'
SELECT COUNT(*) AS nc_count FROM `zmkj_evaluate_goods` WHERE ( geval_goodsid = '105846' ) AND ( (geval_image <> '') OR (geval_image_again <> '') ) LIMIT 1  
[2019-01-13 18:30:26] /shop/index.php?act=goods&op=comments_list&goods_id=107254 ( act=goods&op=comments_list ) 
ERR: Db Error: Unknown column 'geval_image_again' in 'where clause'
SELECT COUNT(*) AS nc_count FROM `zmkj_evaluate_goods` WHERE ( geval_goodsid = '107254' ) AND ( (geval_image <> '') OR (geval_image_again <> '') ) LIMIT 1  
[2019-01-13 18:43:01] /shop/index.php?act=goods&op=comments_list&goods_id=103253 ( act=goods&op=comments_list ) 
ERR: Db Error: Unknown column 'geval_image_again' in 'where clause'
SELECT COUNT(*) AS nc_count FROM `zmkj_evaluate_goods` WHERE ( geval_goodsid = '103253' ) AND ( (geval_image <> '') OR (geval_image_again <> '') ) LIMIT 1  
[2019-01-13 18:52:40] /shop/index.php?act=goods&op=comments_list&goods_id=106833 ( act=goods&op=comments_list ) 
ERR: Db Error: Unknown column 'geval_image_again' in 'where clause'
SELECT COUNT(*) AS nc_count FROM `zmkj_evaluate_goods` WHERE ( geval_goodsid = '106833' ) AND ( (geval_image <> '') OR (geval_image_again <> '') ) LIMIT 1  
[2019-01-13 18:56:58] /shop/index.php?act=goods&op=comments_list&goods_id=105761 ( act=goods&op=comments_list ) 
ERR: Db Error: Unknown column 'geval_image_again' in 'where clause'
SELECT COUNT(*) AS nc_count FROM `zmkj_evaluate_goods` WHERE ( geval_goodsid = '105761' ) AND ( (geval_image <> '') OR (geval_image_again <> '') ) LIMIT 1  
[2019-01-13 19:00:10] /shop/index.php?act=goods&op=comments_list&goods_id=103767 ( act=goods&op=comments_list ) 
ERR: Db Error: Unknown column 'geval_image_again' in 'where clause'
SELECT COUNT(*) AS nc_count FROM `zmkj_evaluate_goods` WHERE ( geval_goodsid = '103767' ) AND ( (geval_image <> '') OR (geval_image_again <> '') ) LIMIT 1  
[2019-01-13 19:03:56] /shop/index.php?act=goods&op=comments_list&goods_id=107638 ( act=goods&op=comments_list ) 
ERR: Db Error: Unknown column 'geval_image_again' in 'where clause'
SELECT COUNT(*) AS nc_count FROM `zmkj_evaluate_goods` WHERE ( geval_goodsid = '107638' ) AND ( (geval_image <> '') OR (geval_image_again <> '') ) LIMIT 1  
[2019-01-13 19:14:48] /shop/index.php?act=goods&op=comments_list&goods_id=103369 ( act=goods&op=comments_list ) 
ERR: Db Error: Unknown column 'geval_image_again' in 'where clause'
SELECT COUNT(*) AS nc_count FROM `zmkj_evaluate_goods` WHERE ( geval_goodsid = '103369' ) AND ( (geval_image <> '') OR (geval_image_again <> '') ) LIMIT 1  
[2019-01-13 19:17:13] /shop/index.php?act=goods&op=comments_list&goods_id=105565 ( act=goods&op=comments_list ) 
ERR: Db Error: Unknown column 'geval_image_again' in 'where clause'
SELECT COUNT(*) AS nc_count FROM `zmkj_evaluate_goods` WHERE ( geval_goodsid = '105565' ) AND ( (geval_image <> '') OR (geval_image_again <> '') ) LIMIT 1  
[2019-01-13 19:18:47] /shop/index.php?act=goods&op=comments_list&goods_id=107790 ( act=goods&op=comments_list ) 
ERR: Db Error: Unknown column 'geval_image_again' in 'where clause'
SELECT COUNT(*) AS nc_count FROM `zmkj_evaluate_goods` WHERE ( geval_goodsid = '107790' ) AND ( (geval_image <> '') OR (geval_image_again <> '') ) LIMIT 1  
[2019-01-13 19:31:27] /shop/index.php?act=goods&op=comments_list&goods_id=106235 ( act=goods&op=comments_list ) 
ERR: Db Error: Unknown column 'geval_image_again' in 'where clause'
SELECT COUNT(*) AS nc_count FROM `zmkj_evaluate_goods` WHERE ( geval_goodsid = '106235' ) AND ( (geval_image <> '') OR (geval_image_again <> '') ) LIMIT 1  
[2019-01-13 19:34:56] /shop/index.php?act=goods&op=comments_list&goods_id=105270 ( act=goods&op=comments_list ) 
ERR: Db Error: Unknown column 'geval_image_again' in 'where clause'
SELECT COUNT(*) AS nc_count FROM `zmkj_evaluate_goods` WHERE ( geval_goodsid = '105270' ) AND ( (geval_image <> '') OR (geval_image_again <> '') ) LIMIT 1  
[2019-01-13 19:45:23] /shop/index.php?act=goods&op=comments_list&goods_id=104413 ( act=goods&op=comments_list ) 
ERR: Db Error: Unknown column 'geval_image_again' in 'where clause'
SELECT COUNT(*) AS nc_count FROM `zmkj_evaluate_goods` WHERE ( geval_goodsid = '104413' ) AND ( (geval_image <> '') OR (geval_image_again <> '') ) LIMIT 1  
[2019-01-13 20:35:32] /shop/index.php?act=goods&op=comments_list&goods_id=107208 ( act=goods&op=comments_list ) 
ERR: Db Error: Unknown column 'geval_image_again' in 'where clause'
SELECT COUNT(*) AS nc_count FROM `zmkj_evaluate_goods` WHERE ( geval_goodsid = '107208' ) AND ( (geval_image <> '') OR (geval_image_again <> '') ) LIMIT 1  
[2019-01-13 20:58:48] /shop/index.php?act=goods&op=comments_list&goods_id=107271 ( act=goods&op=comments_list ) 
ERR: Db Error: Unknown column 'geval_image_again' in 'where clause'
SELECT COUNT(*) AS nc_count FROM `zmkj_evaluate_goods` WHERE ( geval_goodsid = '107271' ) AND ( (geval_image <> '') OR (geval_image_again <> '') ) LIMIT 1  
[2019-01-13 20:58:53] /shop/index.php?act=goods&op=comments_list&goods_id=107193 ( act=goods&op=comments_list ) 
ERR: Db Error: Unknown column 'geval_image_again' in 'where clause'
SELECT COUNT(*) AS nc_count FROM `zmkj_evaluate_goods` WHERE ( geval_goodsid = '107193' ) AND ( (geval_image <> '') OR (geval_image_again <> '') ) LIMIT 1  
[2019-01-13 21:08:32] /shop/index.php?act=goods&op=comments_list&goods_id=102577 ( act=goods&op=comments_list ) 
ERR: Db Error: Unknown column 'geval_image_again' in 'where clause'
SELECT COUNT(*) AS nc_count FROM `zmkj_evaluate_goods` WHERE ( geval_goodsid = '102577' ) AND ( (geval_image <> '') OR (geval_image_again <> '') ) LIMIT 1  
[2019-01-13 21:14:23] /shop/index.php?act=goods&op=comments_list&goods_id=102470&type=1 ( act=goods&op=comments_list ) 
ERR: Db Error: Unknown column 'geval_image_again' in 'where clause'
SELECT COUNT(*) AS nc_count FROM `zmkj_evaluate_goods` WHERE ( geval_goodsid = '102470' ) AND ( (geval_image <> '') OR (geval_image_again <> '') ) LIMIT 1  
[2019-01-13 21:31:54] /shop/index.php?act=goods&op=comments_list&goods_id=101924 ( act=goods&op=comments_list ) 
ERR: Db Error: Unknown column 'geval_image_again' in 'where clause'
SELECT COUNT(*) AS nc_count FROM `zmkj_evaluate_goods` WHERE ( geval_goodsid = '101924' ) AND ( (geval_image <> '') OR (geval_image_again <> '') ) LIMIT 1  
[2019-01-13 21:43:35] /shop/index.php?act=goods&op=comments_list&goods_id=103970 ( act=goods&op=comments_list ) 
ERR: Db Error: Unknown column 'geval_image_again' in 'where clause'
SELECT COUNT(*) AS nc_count FROM `zmkj_evaluate_goods` WHERE ( geval_goodsid = '103970' ) AND ( (geval_image <> '') OR (geval_image_again <> '') ) LIMIT 1  
[2019-01-13 22:34:12] /shop/index.php?act=goods&op=comments_list&goods_id=103290 ( act=goods&op=comments_list ) 
ERR: Db Error: Unknown column 'geval_image_again' in 'where clause'
SELECT COUNT(*) AS nc_count FROM `zmkj_evaluate_goods` WHERE ( geval_goodsid = '103290' ) AND ( (geval_image <> '') OR (geval_image_again <> '') ) LIMIT 1  
[2019-01-13 22:49:50] /shop/index.php?act=goods&op=comments_list&goods_id=101741 ( act=goods&op=comments_list ) 
ERR: Db Error: Unknown column 'geval_image_again' in 'where clause'
SELECT COUNT(*) AS nc_count FROM `zmkj_evaluate_goods` WHERE ( geval_goodsid = '101741' ) AND ( (geval_image <> '') OR (geval_image_again <> '') ) LIMIT 1  
[2019-01-13 23:28:59] /shop/index.php?act=goods&op=comments_list&goods_id=105597 ( act=goods&op=comments_list ) 
ERR: Db Error: Unknown column 'geval_image_again' in 'where clause'
SELECT COUNT(*) AS nc_count FROM `zmkj_evaluate_goods` WHERE ( geval_goodsid = '105597' ) AND ( (geval_image <> '') OR (geval_image_again <> '') ) LIMIT 1  
[2019-01-13 23:50:07] /shop/index.php?act=goods&op=comments_list&goods_id=103904 ( act=goods&op=comments_list ) 
ERR: Db Error: Unknown column 'geval_image_again' in 'where clause'
SELECT COUNT(*) AS nc_count FROM `zmkj_evaluate_goods` WHERE ( geval_goodsid = '103904' ) AND ( (geval_image <> '') OR (geval_image_again <> '') ) LIMIT 1  
