[2019-08-11 00:04:14] /shop/index.php?act=goods&op=comments_list&goods_id=110160&type=3 ( act=goods&op=comments_list ) 
ERR: Db Error: Unknown column 'geval_image_again' in 'where clause'
SELECT COUNT(*) AS nc_count FROM `zmkj_evaluate_goods` WHERE ( geval_goodsid = '110160' ) AND ( (geval_image <> '') OR (geval_image_again <> '') ) LIMIT 1  
[2019-08-11 00:34:15] /shop/index.php?act=goods&op=comments_list&goods_id=109287&type=3 ( act=goods&op=comments_list ) 
ERR: Db Error: Unknown column 'geval_image_again' in 'where clause'
SELECT COUNT(*) AS nc_count FROM `zmkj_evaluate_goods` WHERE ( geval_goodsid = '109287' ) AND ( (geval_image <> '') OR (geval_image_again <> '') ) LIMIT 1  
[2019-08-11 01:06:57] /shop/index.php?act=goods&op=comments_list&goods_id=109702&type=3 ( act=goods&op=comments_list ) 
ERR: Db Error: Unknown column 'geval_image_again' in 'where clause'
SELECT COUNT(*) AS nc_count FROM `zmkj_evaluate_goods` WHERE ( geval_goodsid = '109702' ) AND ( (geval_image <> '') OR (geval_image_again <> '') ) LIMIT 1  
[2019-08-11 02:06:58] /shop/index.php?act=goods&op=comments_list&goods_id=110297&type=2 ( act=goods&op=comments_list ) 
ERR: Db Error: Unknown column 'geval_image_again' in 'where clause'
SELECT COUNT(*) AS nc_count FROM `zmkj_evaluate_goods` WHERE ( geval_goodsid = '110297' ) AND ( (geval_image <> '') OR (geval_image_again <> '') ) LIMIT 1  
[2019-08-11 04:06:57] /shop/index.php?act=goods&op=comments_list&goods_id=110330&type=2 ( act=goods&op=comments_list ) 
ERR: Db Error: Unknown column 'geval_image_again' in 'where clause'
SELECT COUNT(*) AS nc_count FROM `zmkj_evaluate_goods` WHERE ( geval_goodsid = '110330' ) AND ( (geval_image <> '') OR (geval_image_again <> '') ) LIMIT 1  
[2019-08-11 04:26:03] /shop/index.php?act=goods&op=comments_list&goods_id=110153&type=2 ( act=goods&op=comments_list ) 
ERR: Db Error: Unknown column 'geval_image_again' in 'where clause'
SELECT COUNT(*) AS nc_count FROM `zmkj_evaluate_goods` WHERE ( geval_goodsid = '110153' ) AND ( (geval_image <> '') OR (geval_image_again <> '') ) LIMIT 1  
[2019-08-11 06:31:04] /shop/index.php?act=goods&op=comments_list&goods_id=104941 ( act=goods&op=comments_list ) 
ERR: Db Error: Unknown column 'geval_image_again' in 'where clause'
SELECT COUNT(*) AS nc_count FROM `zmkj_evaluate_goods` WHERE ( geval_goodsid = '104941' ) AND ( (geval_image <> '') OR (geval_image_again <> '') ) LIMIT 1  
[2019-08-11 06:31:06] /shop/index.php?act=goods&op=comments_list&goods_id=105194 ( act=goods&op=comments_list ) 
ERR: Db Error: Unknown column 'geval_image_again' in 'where clause'
SELECT COUNT(*) AS nc_count FROM `zmkj_evaluate_goods` WHERE ( geval_goodsid = '105194' ) AND ( (geval_image <> '') OR (geval_image_again <> '') ) LIMIT 1  
[2019-08-11 06:31:08] /shop/index.php?act=goods&op=comments_list&goods_id=104995 ( act=goods&op=comments_list ) 
ERR: Db Error: Unknown column 'geval_image_again' in 'where clause'
SELECT COUNT(*) AS nc_count FROM `zmkj_evaluate_goods` WHERE ( geval_goodsid = '104995' ) AND ( (geval_image <> '') OR (geval_image_again <> '') ) LIMIT 1  
[2019-08-11 06:31:14] /shop/index.php?act=goods&op=comments_list&goods_id=103577 ( act=goods&op=comments_list ) 
ERR: Db Error: Unknown column 'geval_image_again' in 'where clause'
SELECT COUNT(*) AS nc_count FROM `zmkj_evaluate_goods` WHERE ( geval_goodsid = '103577' ) AND ( (geval_image <> '') OR (geval_image_again <> '') ) LIMIT 1  
[2019-08-11 06:31:16] /shop/index.php?act=goods&op=comments_list&goods_id=103576 ( act=goods&op=comments_list ) 
ERR: Db Error: Unknown column 'geval_image_again' in 'where clause'
SELECT COUNT(*) AS nc_count FROM `zmkj_evaluate_goods` WHERE ( geval_goodsid = '103576' ) AND ( (geval_image <> '') OR (geval_image_again <> '') ) LIMIT 1  
[2019-08-11 06:31:17] /shop/index.php?act=goods&op=comments_list&goods_id=102694 ( act=goods&op=comments_list ) 
ERR: Db Error: Unknown column 'geval_image_again' in 'where clause'
SELECT COUNT(*) AS nc_count FROM `zmkj_evaluate_goods` WHERE ( geval_goodsid = '102694' ) AND ( (geval_image <> '') OR (geval_image_again <> '') ) LIMIT 1  
[2019-08-11 06:31:23] /shop/index.php?act=goods&op=comments_list&goods_id=107159 ( act=goods&op=comments_list ) 
ERR: Db Error: Unknown column 'geval_image_again' in 'where clause'
SELECT COUNT(*) AS nc_count FROM `zmkj_evaluate_goods` WHERE ( geval_goodsid = '107159' ) AND ( (geval_image <> '') OR (geval_image_again <> '') ) LIMIT 1  
[2019-08-11 07:23:13] /shop/index.php?act=goods&op=comments_list&goods_id=109191&type=1 ( act=goods&op=comments_list ) 
ERR: Db Error: Unknown column 'geval_image_again' in 'where clause'
SELECT COUNT(*) AS nc_count FROM `zmkj_evaluate_goods` WHERE ( geval_goodsid = '109191' ) AND ( (geval_image <> '') OR (geval_image_again <> '') ) LIMIT 1  
[2019-08-11 07:56:03] /shop/index.php?act=goods&op=comments_list&goods_id=110239 ( act=goods&op=comments_list ) 
ERR: Db Error: Unknown column 'geval_image_again' in 'where clause'
SELECT COUNT(*) AS nc_count FROM `zmkj_evaluate_goods` WHERE ( geval_goodsid = '110239' ) AND ( (geval_image <> '') OR (geval_image_again <> '') ) LIMIT 1  
[2019-08-11 08:16:59] /shop/index.php?act=hot_sale&op=index ( act=hot_sale&op=index ) 
ERR: Db Error: You have an error in your SQL syntax; check the manual that corresponds to your MySQL server version for the right syntax to use near ') and goods_state=1' at line 1
select * from zmkj_goods where goods_id in () and goods_state=1
[2019-08-11 08:17:00] /shop/index.php?act=hot_sale&op=index ( act=hot_sale&op=index ) 
ERR: Db Error: You have an error in your SQL syntax; check the manual that corresponds to your MySQL server version for the right syntax to use near '' at line 1
select `member_id` from zmkj_store where store_id = 
[2019-08-11 08:23:18] /shop/index.php?act=hot_sale&op=index ( act=hot_sale&op=index ) 
ERR: Db Error: You have an error in your SQL syntax; check the manual that corresponds to your MySQL server version for the right syntax to use near ') and goods_state=1' at line 1
select * from zmkj_goods where goods_id in () and goods_state=1
[2019-08-11 08:23:18] /shop/index.php?act=hot_sale&op=index ( act=hot_sale&op=index ) 
ERR: Db Error: You have an error in your SQL syntax; check the manual that corresponds to your MySQL server version for the right syntax to use near '' at line 1
select `member_id` from zmkj_store where store_id = 
[2019-08-11 09:42:41] /shop/index.php?curpage=140&order=2 ( act=index&op=index ) 
ERR: Db Error: You have an error in your SQL syntax; check the manual that corresponds to your MySQL server version for the right syntax to use near '-6,6' at line 1
SELECT * FROM `zmkj_evaluate_goods` WHERE ( geval_goodsid <> NULL ) AND ( geval_goodsname <> NULL ) AND ( geval_ordergoodsid <> NULL ) ORDER BY geval_id desc LIMIT -6,6  
[2019-08-11 09:58:46] /shop/index.php?act=goods&op=comments_list&goods_id=109776&type=3 ( act=goods&op=comments_list ) 
ERR: Db Error: Unknown column 'geval_image_again' in 'where clause'
SELECT COUNT(*) AS nc_count FROM `zmkj_evaluate_goods` WHERE ( geval_goodsid = '109776' ) AND ( (geval_image <> '') OR (geval_image_again <> '') ) LIMIT 1  
[2019-08-11 10:20:35] /shop/index.php?act=goods&op=comments_list&goods_id=100579 ( act=goods&op=comments_list ) 
ERR: Db Error: Unknown column 'geval_image_again' in 'where clause'
SELECT COUNT(*) AS nc_count FROM `zmkj_evaluate_goods` WHERE ( geval_goodsid = '100579' ) AND ( (geval_image <> '') OR (geval_image_again <> '') ) LIMIT 1  
[2019-08-11 10:23:19] /shop/index.php?act=goods&op=comments_list&goods_id=103846&type=1 ( act=goods&op=comments_list ) 
ERR: Db Error: Unknown column 'geval_image_again' in 'where clause'
SELECT COUNT(*) AS nc_count FROM `zmkj_evaluate_goods` WHERE ( geval_goodsid = '103846' ) AND ( (geval_image <> '') OR (geval_image_again <> '') ) LIMIT 1  
[2019-08-11 11:58:46] /shop/index.php?act=goods&op=comments_list&goods_id=110773 ( act=goods&op=comments_list ) 
ERR: Db Error: Unknown column 'geval_image_again' in 'where clause'
SELECT COUNT(*) AS nc_count FROM `zmkj_evaluate_goods` WHERE ( geval_goodsid = '110773' ) AND ( (geval_image <> '') OR (geval_image_again <> '') ) LIMIT 1  
[2019-08-11 12:17:52] /shop/index.php?act=goods&op=comments_list&goods_id=106699&type=3 ( act=goods&op=comments_list ) 
ERR: Db Error: Unknown column 'geval_image_again' in 'where clause'
SELECT COUNT(*) AS nc_count FROM `zmkj_evaluate_goods` WHERE ( geval_goodsid = '106699' ) AND ( (geval_image <> '') OR (geval_image_again <> '') ) LIMIT 1  
[2019-08-11 13:17:52] /shop/index.php?act=goods&op=comments_list&goods_id=110529 ( act=goods&op=comments_list ) 
ERR: Db Error: Unknown column 'geval_image_again' in 'where clause'
SELECT COUNT(*) AS nc_count FROM `zmkj_evaluate_goods` WHERE ( geval_goodsid = '110529' ) AND ( (geval_image <> '') OR (geval_image_again <> '') ) LIMIT 1  
[2019-08-11 13:36:57] /shop/index.php?act=goods&op=comments_list&goods_id=109875&type=2 ( act=goods&op=comments_list ) 
ERR: Db Error: Unknown column 'geval_image_again' in 'where clause'
SELECT COUNT(*) AS nc_count FROM `zmkj_evaluate_goods` WHERE ( geval_goodsid = '109875' ) AND ( (geval_image <> '') OR (geval_image_again <> '') ) LIMIT 1  
[2019-08-11 13:50:35] /shop/index.php?act=goods&op=comments_list&goods_id=103846&type=3 ( act=goods&op=comments_list ) 
ERR: Db Error: Unknown column 'geval_image_again' in 'where clause'
SELECT COUNT(*) AS nc_count FROM `zmkj_evaluate_goods` WHERE ( geval_goodsid = '103846' ) AND ( (geval_image <> '') OR (geval_image_again <> '') ) LIMIT 1  
[2019-08-11 14:01:30] /shop/index.php?act=goods&op=comments_list&goods_id=102792&type=3 ( act=goods&op=comments_list ) 
ERR: Db Error: Unknown column 'geval_image_again' in 'where clause'
SELECT COUNT(*) AS nc_count FROM `zmkj_evaluate_goods` WHERE ( geval_goodsid = '102792' ) AND ( (geval_image <> '') OR (geval_image_again <> '') ) LIMIT 1  
[2019-08-11 14:39:41] /shop/index.php?act=goods&op=comments_list&goods_id=109683&type=1 ( act=goods&op=comments_list ) 
ERR: Db Error: Unknown column 'geval_image_again' in 'where clause'
SELECT COUNT(*) AS nc_count FROM `zmkj_evaluate_goods` WHERE ( geval_goodsid = '109683' ) AND ( (geval_image <> '') OR (geval_image_again <> '') ) LIMIT 1  
[2019-08-11 15:17:52] /shop/index.php?act=goods&op=comments_list&goods_id=109191&type=1 ( act=goods&op=comments_list ) 
ERR: Db Error: Unknown column 'geval_image_again' in 'where clause'
SELECT COUNT(*) AS nc_count FROM `zmkj_evaluate_goods` WHERE ( geval_goodsid = '109191' ) AND ( (geval_image <> '') OR (geval_image_again <> '') ) LIMIT 1  
[2019-08-11 16:26:02] /shop/index.php?act=goods&op=comments_list&goods_id=109191&type=2 ( act=goods&op=comments_list ) 
ERR: Db Error: Unknown column 'geval_image_again' in 'where clause'
SELECT COUNT(*) AS nc_count FROM `zmkj_evaluate_goods` WHERE ( geval_goodsid = '109191' ) AND ( (geval_image <> '') OR (geval_image_again <> '') ) LIMIT 1  
[2019-08-11 16:53:19] /shop/index.php?act=goods&op=comments_list&goods_id=109191&type=3 ( act=goods&op=comments_list ) 
ERR: Db Error: Unknown column 'geval_image_again' in 'where clause'
SELECT COUNT(*) AS nc_count FROM `zmkj_evaluate_goods` WHERE ( geval_goodsid = '109191' ) AND ( (geval_image <> '') OR (geval_image_again <> '') ) LIMIT 1  
[2019-08-11 17:06:57] /shop/index.php?act=goods&op=comments_list&goods_id=109876&type=3 ( act=goods&op=comments_list ) 
ERR: Db Error: Unknown column 'geval_image_again' in 'where clause'
SELECT COUNT(*) AS nc_count FROM `zmkj_evaluate_goods` WHERE ( geval_goodsid = '109876' ) AND ( (geval_image <> '') OR (geval_image_again <> '') ) LIMIT 1  
[2019-08-11 17:09:41] /shop/index.php?act=goods&op=comments_list&goods_id=110304&type=2 ( act=goods&op=comments_list ) 
ERR: Db Error: Unknown column 'geval_image_again' in 'where clause'
SELECT COUNT(*) AS nc_count FROM `zmkj_evaluate_goods` WHERE ( geval_goodsid = '110304' ) AND ( (geval_image <> '') OR (geval_image_again <> '') ) LIMIT 1  
[2019-08-11 17:26:02] /shop/index.php?act=goods&op=comments_list&goods_id=102141 ( act=goods&op=comments_list ) 
ERR: Db Error: Unknown column 'geval_image_again' in 'where clause'
SELECT COUNT(*) AS nc_count FROM `zmkj_evaluate_goods` WHERE ( geval_goodsid = '102141' ) AND ( (geval_image <> '') OR (geval_image_again <> '') ) LIMIT 1  
[2019-08-11 18:17:52] /shop/index.php?act=goods&op=comments_list&goods_id=110193&type=3 ( act=goods&op=comments_list ) 
ERR: Db Error: Unknown column 'geval_image_again' in 'where clause'
SELECT COUNT(*) AS nc_count FROM `zmkj_evaluate_goods` WHERE ( geval_goodsid = '110193' ) AND ( (geval_image <> '') OR (geval_image_again <> '') ) LIMIT 1  
[2019-08-11 20:25:19] /shop/index.php?act=goods&op=comments_list&goods_id=103037 ( act=goods&op=comments_list ) 
ERR: Db Error: Unknown column 'geval_image_again' in 'where clause'
SELECT COUNT(*) AS nc_count FROM `zmkj_evaluate_goods` WHERE ( geval_goodsid = '103037' ) AND ( (geval_image <> '') OR (geval_image_again <> '') ) LIMIT 1  
[2019-08-11 20:25:23] /shop/index.php?act=goods&op=comments_list&goods_id=103037&type=1 ( act=goods&op=comments_list ) 
ERR: Db Error: Unknown column 'geval_image_again' in 'where clause'
SELECT COUNT(*) AS nc_count FROM `zmkj_evaluate_goods` WHERE ( geval_goodsid = '103037' ) AND ( (geval_image <> '') OR (geval_image_again <> '') ) LIMIT 1  
[2019-08-11 20:25:26] /shop/index.php?act=goods&op=comments_list&goods_id=103037 ( act=goods&op=comments_list ) 
ERR: Db Error: Unknown column 'geval_image_again' in 'where clause'
SELECT COUNT(*) AS nc_count FROM `zmkj_evaluate_goods` WHERE ( geval_goodsid = '103037' ) AND ( (geval_image <> '') OR (geval_image_again <> '') ) LIMIT 1  
[2019-08-11 21:06:57] /shop/index.php?act=goods&op=comments_list&goods_id=109287&type=1 ( act=goods&op=comments_list ) 
ERR: Db Error: Unknown column 'geval_image_again' in 'where clause'
SELECT COUNT(*) AS nc_count FROM `zmkj_evaluate_goods` WHERE ( geval_goodsid = '109287' ) AND ( (geval_image <> '') OR (geval_image_again <> '') ) LIMIT 1  
[2019-08-11 21:45:08] /shop/index.php?act=goods&op=comments_list&goods_id=108531&type=2 ( act=goods&op=comments_list ) 
ERR: Db Error: Unknown column 'geval_image_again' in 'where clause'
SELECT COUNT(*) AS nc_count FROM `zmkj_evaluate_goods` WHERE ( geval_goodsid = '108531' ) AND ( (geval_image <> '') OR (geval_image_again <> '') ) LIMIT 1  
[2019-08-11 21:50:35] /shop/index.php?act=goods&op=comments_list&goods_id=109683&type=2 ( act=goods&op=comments_list ) 
ERR: Db Error: Unknown column 'geval_image_again' in 'where clause'
SELECT COUNT(*) AS nc_count FROM `zmkj_evaluate_goods` WHERE ( geval_goodsid = '109683' ) AND ( (geval_image <> '') OR (geval_image_again <> '') ) LIMIT 1  
[2019-08-11 23:53:19] /shop/index.php?act=goods&op=comments_list&goods_id=109875&type=3 ( act=goods&op=comments_list ) 
ERR: Db Error: Unknown column 'geval_image_again' in 'where clause'
SELECT COUNT(*) AS nc_count FROM `zmkj_evaluate_goods` WHERE ( geval_goodsid = '109875' ) AND ( (geval_image <> '') OR (geval_image_again <> '') ) LIMIT 1  
