[2019-09-24 02:31:05] /shop/index.php?act=goods&op=comments_list&goods_id=106234 ( act=goods&op=comments_list ) 
ERR: Db Error: Unknown column 'geval_image_again' in 'where clause'
SELECT COUNT(*) AS nc_count FROM `zmkj_evaluate_goods` WHERE ( geval_goodsid = '106234' ) AND ( (geval_image <> '') OR (geval_image_again <> '') ) LIMIT 1  
[2019-09-24 02:59:17] /shop/index.php?act=goods&op=comments_list&goods_id=104860 ( act=goods&op=comments_list ) 
ERR: Db Error: Unknown column 'geval_image_again' in 'where clause'
SELECT COUNT(*) AS nc_count FROM `zmkj_evaluate_goods` WHERE ( geval_goodsid = '104860' ) AND ( (geval_image <> '') OR (geval_image_again <> '') ) LIMIT 1  
[2019-09-24 03:19:25] /shop/index.php?act=goods&op=comments_list&goods_id=108505 ( act=goods&op=comments_list ) 
ERR: Db Error: Unknown column 'geval_image_again' in 'where clause'
SELECT COUNT(*) AS nc_count FROM `zmkj_evaluate_goods` WHERE ( geval_goodsid = '108505' ) AND ( (geval_image <> '') OR (geval_image_again <> '') ) LIMIT 1  
[2019-09-24 03:39:33] /shop/index.php?act=goods&op=comments_list&goods_id=106240 ( act=goods&op=comments_list ) 
ERR: Db Error: Unknown column 'geval_image_again' in 'where clause'
SELECT COUNT(*) AS nc_count FROM `zmkj_evaluate_goods` WHERE ( geval_goodsid = '106240' ) AND ( (geval_image <> '') OR (geval_image_again <> '') ) LIMIT 1  
[2019-09-24 04:19:50] /shop/index.php?act=goods&op=comments_list&goods_id=106235 ( act=goods&op=comments_list ) 
ERR: Db Error: Unknown column 'geval_image_again' in 'where clause'
SELECT COUNT(*) AS nc_count FROM `zmkj_evaluate_goods` WHERE ( geval_goodsid = '106235' ) AND ( (geval_image <> '') OR (geval_image_again <> '') ) LIMIT 1  
[2019-09-24 04:49:08] /shop/index.php?act=goods&op=comments_list&goods_id=111181 ( act=goods&op=comments_list ) 
ERR: Db Error: Unknown column 'geval_image_again' in 'where clause'
SELECT COUNT(*) AS nc_count FROM `zmkj_evaluate_goods` WHERE ( geval_goodsid = '111181' ) AND ( (geval_image <> '') OR (geval_image_again <> '') ) LIMIT 1  
[2019-09-24 04:56:00] /shop/index.php?act=goods&op=comments_list&goods_id=111355 ( act=goods&op=comments_list ) 
ERR: Db Error: Unknown column 'geval_image_again' in 'where clause'
SELECT COUNT(*) AS nc_count FROM `zmkj_evaluate_goods` WHERE ( geval_goodsid = '111355' ) AND ( (geval_image <> '') OR (geval_image_again <> '') ) LIMIT 1  
[2019-09-24 05:16:37] /shop/index.php?act=goods&op=comments_list&goods_id=111115 ( act=goods&op=comments_list ) 
ERR: Db Error: Unknown column 'geval_image_again' in 'where clause'
SELECT COUNT(*) AS nc_count FROM `zmkj_evaluate_goods` WHERE ( geval_goodsid = '111115' ) AND ( (geval_image <> '') OR (geval_image_again <> '') ) LIMIT 1  
[2019-09-24 05:30:21] /shop/index.php?act=goods&op=comments_list&goods_id=111447 ( act=goods&op=comments_list ) 
ERR: Db Error: Unknown column 'geval_image_again' in 'where clause'
SELECT COUNT(*) AS nc_count FROM `zmkj_evaluate_goods` WHERE ( geval_goodsid = '111447' ) AND ( (geval_image <> '') OR (geval_image_again <> '') ) LIMIT 1  
[2019-09-24 05:41:48] /shop/index.php?act=goods&op=comments_list&goods_id=111186 ( act=goods&op=comments_list ) 
ERR: Db Error: Unknown column 'geval_image_again' in 'where clause'
SELECT COUNT(*) AS nc_count FROM `zmkj_evaluate_goods` WHERE ( geval_goodsid = '111186' ) AND ( (geval_image <> '') OR (geval_image_again <> '') ) LIMIT 1  
[2019-09-24 05:50:58] /shop/index.php?act=goods&op=comments_list&goods_id=111456 ( act=goods&op=comments_list ) 
ERR: Db Error: Unknown column 'geval_image_again' in 'where clause'
SELECT COUNT(*) AS nc_count FROM `zmkj_evaluate_goods` WHERE ( geval_goodsid = '111456' ) AND ( (geval_image <> '') OR (geval_image_again <> '') ) LIMIT 1  
[2019-09-24 06:11:34] /shop/index.php?act=goods&op=comments_list&goods_id=111326 ( act=goods&op=comments_list ) 
ERR: Db Error: Unknown column 'geval_image_again' in 'where clause'
SELECT COUNT(*) AS nc_count FROM `zmkj_evaluate_goods` WHERE ( geval_goodsid = '111326' ) AND ( (geval_image <> '') OR (geval_image_again <> '') ) LIMIT 1  
[2019-09-24 06:23:01] /shop/index.php?act=goods&op=comments_list&goods_id=111451 ( act=goods&op=comments_list ) 
ERR: Db Error: Unknown column 'geval_image_again' in 'where clause'
SELECT COUNT(*) AS nc_count FROM `zmkj_evaluate_goods` WHERE ( geval_goodsid = '111451' ) AND ( (geval_image <> '') OR (geval_image_again <> '') ) LIMIT 1  
[2019-09-24 06:34:28] /shop/index.php?act=goods&op=comments_list&goods_id=111450 ( act=goods&op=comments_list ) 
ERR: Db Error: Unknown column 'geval_image_again' in 'where clause'
SELECT COUNT(*) AS nc_count FROM `zmkj_evaluate_goods` WHERE ( geval_goodsid = '111450' ) AND ( (geval_image <> '') OR (geval_image_again <> '') ) LIMIT 1  
[2019-09-24 06:41:21] /shop/index.php?act=goods&op=comments_list&goods_id=111184 ( act=goods&op=comments_list ) 
ERR: Db Error: Unknown column 'geval_image_again' in 'where clause'
SELECT COUNT(*) AS nc_count FROM `zmkj_evaluate_goods` WHERE ( geval_goodsid = '111184' ) AND ( (geval_image <> '') OR (geval_image_again <> '') ) LIMIT 1  
[2019-09-24 06:48:13] /shop/index.php?act=goods&op=comments_list&goods_id=111455 ( act=goods&op=comments_list ) 
ERR: Db Error: Unknown column 'geval_image_again' in 'where clause'
SELECT COUNT(*) AS nc_count FROM `zmkj_evaluate_goods` WHERE ( geval_goodsid = '111455' ) AND ( (geval_image <> '') OR (geval_image_again <> '') ) LIMIT 1  
[2019-09-24 06:52:48] /shop/index.php?act=goods&op=comments_list&goods_id=111325 ( act=goods&op=comments_list ) 
ERR: Db Error: Unknown column 'geval_image_again' in 'where clause'
SELECT COUNT(*) AS nc_count FROM `zmkj_evaluate_goods` WHERE ( geval_goodsid = '111325' ) AND ( (geval_image <> '') OR (geval_image_again <> '') ) LIMIT 1  
[2019-09-24 07:06:32] /shop/index.php?act=goods&op=comments_list&goods_id=111448 ( act=goods&op=comments_list ) 
ERR: Db Error: Unknown column 'geval_image_again' in 'where clause'
SELECT COUNT(*) AS nc_count FROM `zmkj_evaluate_goods` WHERE ( geval_goodsid = '111448' ) AND ( (geval_image <> '') OR (geval_image_again <> '') ) LIMIT 1  
[2019-09-24 07:08:50] /shop/index.php?act=goods&op=comments_list&goods_id=111315 ( act=goods&op=comments_list ) 
ERR: Db Error: Unknown column 'geval_image_again' in 'where clause'
SELECT COUNT(*) AS nc_count FROM `zmkj_evaluate_goods` WHERE ( geval_goodsid = '111315' ) AND ( (geval_image <> '') OR (geval_image_again <> '') ) LIMIT 1  
[2019-09-24 07:15:42] /shop/index.php?act=goods&op=comments_list&goods_id=111539 ( act=goods&op=comments_list ) 
ERR: Db Error: Unknown column 'geval_image_again' in 'where clause'
SELECT COUNT(*) AS nc_count FROM `zmkj_evaluate_goods` WHERE ( geval_goodsid = '111539' ) AND ( (geval_image <> '') OR (geval_image_again <> '') ) LIMIT 1  
[2019-09-24 07:38:36] /shop/index.php?act=goods&op=comments_list&goods_id=111457 ( act=goods&op=comments_list ) 
ERR: Db Error: Unknown column 'geval_image_again' in 'where clause'
SELECT COUNT(*) AS nc_count FROM `zmkj_evaluate_goods` WHERE ( geval_goodsid = '111457' ) AND ( (geval_image <> '') OR (geval_image_again <> '') ) LIMIT 1  
[2019-09-24 07:45:28] /shop/index.php?act=goods&op=comments_list&goods_id=111566 ( act=goods&op=comments_list ) 
ERR: Db Error: Unknown column 'geval_image_again' in 'where clause'
SELECT COUNT(*) AS nc_count FROM `zmkj_evaluate_goods` WHERE ( geval_goodsid = '111566' ) AND ( (geval_image <> '') OR (geval_image_again <> '') ) LIMIT 1  
[2019-09-24 07:52:20] /shop/index.php?act=goods&op=comments_list&goods_id=111540 ( act=goods&op=comments_list ) 
ERR: Db Error: Unknown column 'geval_image_again' in 'where clause'
SELECT COUNT(*) AS nc_count FROM `zmkj_evaluate_goods` WHERE ( geval_goodsid = '111540' ) AND ( (geval_image <> '') OR (geval_image_again <> '') ) LIMIT 1  
[2019-09-24 07:56:55] /shop/index.php?act=goods&op=comments_list&goods_id=111453 ( act=goods&op=comments_list ) 
ERR: Db Error: Unknown column 'geval_image_again' in 'where clause'
SELECT COUNT(*) AS nc_count FROM `zmkj_evaluate_goods` WHERE ( geval_goodsid = '111453' ) AND ( (geval_image <> '') OR (geval_image_again <> '') ) LIMIT 1  
[2019-09-24 07:59:13] /shop/index.php?act=goods&op=comments_list&goods_id=111327 ( act=goods&op=comments_list ) 
ERR: Db Error: Unknown column 'geval_image_again' in 'where clause'
SELECT COUNT(*) AS nc_count FROM `zmkj_evaluate_goods` WHERE ( geval_goodsid = '111327' ) AND ( (geval_image <> '') OR (geval_image_again <> '') ) LIMIT 1  
[2019-09-24 08:03:47] /shop/index.php?act=goods&op=comments_list&goods_id=111341 ( act=goods&op=comments_list ) 
ERR: Db Error: Unknown column 'geval_image_again' in 'where clause'
SELECT COUNT(*) AS nc_count FROM `zmkj_evaluate_goods` WHERE ( geval_goodsid = '111341' ) AND ( (geval_image <> '') OR (geval_image_again <> '') ) LIMIT 1  
[2019-09-24 08:10:40] /shop/index.php?act=goods&op=comments_list&goods_id=111452 ( act=goods&op=comments_list ) 
ERR: Db Error: Unknown column 'geval_image_again' in 'where clause'
SELECT COUNT(*) AS nc_count FROM `zmkj_evaluate_goods` WHERE ( geval_goodsid = '111452' ) AND ( (geval_image <> '') OR (geval_image_again <> '') ) LIMIT 1  
[2019-09-24 09:12:40] /shop/index.php?act=goods&op=comments_list&goods_id=109922 ( act=goods&op=comments_list ) 
ERR: Db Error: Unknown column 'geval_image_again' in 'where clause'
SELECT COUNT(*) AS nc_count FROM `zmkj_evaluate_goods` WHERE ( geval_goodsid = '109922' ) AND ( (geval_image <> '') OR (geval_image_again <> '') ) LIMIT 1  
[2019-09-24 09:19:27] /shop/index.php?act=goods&op=comments_list&goods_id=111269 ( act=goods&op=comments_list ) 
ERR: Db Error: Unknown column 'geval_image_again' in 'where clause'
SELECT COUNT(*) AS nc_count FROM `zmkj_evaluate_goods` WHERE ( geval_goodsid = '111269' ) AND ( (geval_image <> '') OR (geval_image_again <> '') ) LIMIT 1  
[2019-09-24 09:21:09] /shop/index.php?act=goods&op=comments_list&goods_id=111318 ( act=goods&op=comments_list ) 
ERR: Db Error: Unknown column 'geval_image_again' in 'where clause'
SELECT COUNT(*) AS nc_count FROM `zmkj_evaluate_goods` WHERE ( geval_goodsid = '111318' ) AND ( (geval_image <> '') OR (geval_image_again <> '') ) LIMIT 1  
[2019-09-24 09:22:51] /shop/index.php?act=goods&op=comments_list&goods_id=111565 ( act=goods&op=comments_list ) 
ERR: Db Error: Unknown column 'geval_image_again' in 'where clause'
SELECT COUNT(*) AS nc_count FROM `zmkj_evaluate_goods` WHERE ( geval_goodsid = '111565' ) AND ( (geval_image <> '') OR (geval_image_again <> '') ) LIMIT 1  
[2019-09-24 09:27:56] /shop/index.php?act=goods&op=comments_list&goods_id=111282 ( act=goods&op=comments_list ) 
ERR: Db Error: Unknown column 'geval_image_again' in 'where clause'
SELECT COUNT(*) AS nc_count FROM `zmkj_evaluate_goods` WHERE ( geval_goodsid = '111282' ) AND ( (geval_image <> '') OR (geval_image_again <> '') ) LIMIT 1  
[2019-09-24 09:34:44] /shop/index.php?act=goods&op=comments_list&goods_id=111551 ( act=goods&op=comments_list ) 
ERR: Db Error: Unknown column 'geval_image_again' in 'where clause'
SELECT COUNT(*) AS nc_count FROM `zmkj_evaluate_goods` WHERE ( geval_goodsid = '111551' ) AND ( (geval_image <> '') OR (geval_image_again <> '') ) LIMIT 1  
[2019-09-24 09:36:25] /shop/index.php?act=goods&op=comments_list&goods_id=111276 ( act=goods&op=comments_list ) 
ERR: Db Error: Unknown column 'geval_image_again' in 'where clause'
SELECT COUNT(*) AS nc_count FROM `zmkj_evaluate_goods` WHERE ( geval_goodsid = '111276' ) AND ( (geval_image <> '') OR (geval_image_again <> '') ) LIMIT 1  
[2019-09-24 09:41:31] /shop/index.php?act=goods&op=comments_list&goods_id=111373 ( act=goods&op=comments_list ) 
ERR: Db Error: Unknown column 'geval_image_again' in 'where clause'
SELECT COUNT(*) AS nc_count FROM `zmkj_evaluate_goods` WHERE ( geval_goodsid = '111373' ) AND ( (geval_image <> '') OR (geval_image_again <> '') ) LIMIT 1  
[2019-09-24 09:46:36] /shop/index.php?act=goods&op=comments_list&goods_id=111277 ( act=goods&op=comments_list ) 
ERR: Db Error: Unknown column 'geval_image_again' in 'where clause'
SELECT COUNT(*) AS nc_count FROM `zmkj_evaluate_goods` WHERE ( geval_goodsid = '111277' ) AND ( (geval_image <> '') OR (geval_image_again <> '') ) LIMIT 1  
[2019-09-24 09:53:24] /shop/index.php?act=goods&op=comments_list&goods_id=111564 ( act=goods&op=comments_list ) 
ERR: Db Error: Unknown column 'geval_image_again' in 'where clause'
SELECT COUNT(*) AS nc_count FROM `zmkj_evaluate_goods` WHERE ( geval_goodsid = '111564' ) AND ( (geval_image <> '') OR (geval_image_again <> '') ) LIMIT 1  
[2019-09-24 09:55:05] /shop/index.php?act=goods&op=comments_list&goods_id=111274 ( act=goods&op=comments_list ) 
ERR: Db Error: Unknown column 'geval_image_again' in 'where clause'
SELECT COUNT(*) AS nc_count FROM `zmkj_evaluate_goods` WHERE ( geval_goodsid = '111274' ) AND ( (geval_image <> '') OR (geval_image_again <> '') ) LIMIT 1  
[2019-09-24 09:56:47] /shop/index.php?act=goods&op=comments_list&goods_id=111336 ( act=goods&op=comments_list ) 
ERR: Db Error: Unknown column 'geval_image_again' in 'where clause'
SELECT COUNT(*) AS nc_count FROM `zmkj_evaluate_goods` WHERE ( geval_goodsid = '111336' ) AND ( (geval_image <> '') OR (geval_image_again <> '') ) LIMIT 1  
[2019-09-24 10:03:34] /shop/index.php?act=goods&op=comments_list&goods_id=111310 ( act=goods&op=comments_list ) 
ERR: Db Error: Unknown column 'geval_image_again' in 'where clause'
SELECT COUNT(*) AS nc_count FROM `zmkj_evaluate_goods` WHERE ( geval_goodsid = '111310' ) AND ( (geval_image <> '') OR (geval_image_again <> '') ) LIMIT 1  
[2019-09-24 10:05:16] /shop/index.php?act=goods&op=comments_list&goods_id=111557 ( act=goods&op=comments_list ) 
ERR: Db Error: Unknown column 'geval_image_again' in 'where clause'
SELECT COUNT(*) AS nc_count FROM `zmkj_evaluate_goods` WHERE ( geval_goodsid = '111557' ) AND ( (geval_image <> '') OR (geval_image_again <> '') ) LIMIT 1  
[2019-09-24 10:22:14] /shop/index.php?act=goods&op=comments_list&goods_id=111492 ( act=goods&op=comments_list ) 
ERR: Db Error: Unknown column 'geval_image_again' in 'where clause'
SELECT COUNT(*) AS nc_count FROM `zmkj_evaluate_goods` WHERE ( geval_goodsid = '111492' ) AND ( (geval_image <> '') OR (geval_image_again <> '') ) LIMIT 1  
[2019-09-24 10:23:56] /shop/index.php?act=goods&op=comments_list&goods_id=111509 ( act=goods&op=comments_list ) 
ERR: Db Error: Unknown column 'geval_image_again' in 'where clause'
SELECT COUNT(*) AS nc_count FROM `zmkj_evaluate_goods` WHERE ( geval_goodsid = '111509' ) AND ( (geval_image <> '') OR (geval_image_again <> '') ) LIMIT 1  
[2019-09-24 10:27:19] /shop/index.php?act=goods&op=comments_list&goods_id=111279 ( act=goods&op=comments_list ) 
ERR: Db Error: Unknown column 'geval_image_again' in 'where clause'
SELECT COUNT(*) AS nc_count FROM `zmkj_evaluate_goods` WHERE ( geval_goodsid = '111279' ) AND ( (geval_image <> '') OR (geval_image_again <> '') ) LIMIT 1  
[2019-09-24 10:34:07] /shop/index.php?act=goods&op=comments_list&goods_id=111258 ( act=goods&op=comments_list ) 
ERR: Db Error: Unknown column 'geval_image_again' in 'where clause'
SELECT COUNT(*) AS nc_count FROM `zmkj_evaluate_goods` WHERE ( geval_goodsid = '111258' ) AND ( (geval_image <> '') OR (geval_image_again <> '') ) LIMIT 1  
[2019-09-24 10:37:30] /shop/index.php?act=goods&op=comments_list&goods_id=111253 ( act=goods&op=comments_list ) 
ERR: Db Error: Unknown column 'geval_image_again' in 'where clause'
SELECT COUNT(*) AS nc_count FROM `zmkj_evaluate_goods` WHERE ( geval_goodsid = '111253' ) AND ( (geval_image <> '') OR (geval_image_again <> '') ) LIMIT 1  
[2019-09-24 10:45:43] /shop/index.php?act=goods&op=comments_list&goods_id=111335 ( act=goods&op=comments_list ) 
ERR: Db Error: Unknown column 'geval_image_again' in 'where clause'
SELECT COUNT(*) AS nc_count FROM `zmkj_evaluate_goods` WHERE ( geval_goodsid = '111335' ) AND ( (geval_image <> '') OR (geval_image_again <> '') ) LIMIT 1  
[2019-09-24 10:48:59] /shop/index.php?act=goods&op=comments_list&goods_id=111377 ( act=goods&op=comments_list ) 
ERR: Db Error: Unknown column 'geval_image_again' in 'where clause'
SELECT COUNT(*) AS nc_count FROM `zmkj_evaluate_goods` WHERE ( geval_goodsid = '111377' ) AND ( (geval_image <> '') OR (geval_image_again <> '') ) LIMIT 1  
[2019-09-24 10:52:14] /shop/index.php?act=goods&op=comments_list&goods_id=111255 ( act=goods&op=comments_list ) 
ERR: Db Error: Unknown column 'geval_image_again' in 'where clause'
SELECT COUNT(*) AS nc_count FROM `zmkj_evaluate_goods` WHERE ( geval_goodsid = '111255' ) AND ( (geval_image <> '') OR (geval_image_again <> '') ) LIMIT 1  
[2019-09-24 10:58:45] /shop/index.php?act=goods&op=comments_list&goods_id=111508 ( act=goods&op=comments_list ) 
ERR: Db Error: Unknown column 'geval_image_again' in 'where clause'
SELECT COUNT(*) AS nc_count FROM `zmkj_evaluate_goods` WHERE ( geval_goodsid = '111508' ) AND ( (geval_image <> '') OR (geval_image_again <> '') ) LIMIT 1  
[2019-09-24 11:02:01] /shop/index.php?act=goods&op=comments_list&goods_id=111369 ( act=goods&op=comments_list ) 
ERR: Db Error: Unknown column 'geval_image_again' in 'where clause'
SELECT COUNT(*) AS nc_count FROM `zmkj_evaluate_goods` WHERE ( geval_goodsid = '111369' ) AND ( (geval_image <> '') OR (geval_image_again <> '') ) LIMIT 1  
[2019-09-24 11:05:17] /shop/index.php?act=goods&op=comments_list&goods_id=111491 ( act=goods&op=comments_list ) 
ERR: Db Error: Unknown column 'geval_image_again' in 'where clause'
SELECT COUNT(*) AS nc_count FROM `zmkj_evaluate_goods` WHERE ( geval_goodsid = '111491' ) AND ( (geval_image <> '') OR (geval_image_again <> '') ) LIMIT 1  
[2019-09-24 12:46:18] /shop/index.php?act=goods&op=comments_list&goods_id=102936 ( act=goods&op=comments_list ) 
ERR: Db Error: Unknown column 'geval_image_again' in 'where clause'
SELECT COUNT(*) AS nc_count FROM `zmkj_evaluate_goods` WHERE ( geval_goodsid = '102936' ) AND ( (geval_image <> '') OR (geval_image_again <> '') ) LIMIT 1  
[2019-09-24 15:00:39] /shop/index.php?act=goods&op=comments_list&goods_id=110582 ( act=goods&op=comments_list ) 
ERR: Db Error: Unknown column 'geval_image_again' in 'where clause'
SELECT COUNT(*) AS nc_count FROM `zmkj_evaluate_goods` WHERE ( geval_goodsid = '110582' ) AND ( (geval_image <> '') OR (geval_image_again <> '') ) LIMIT 1  
[2019-09-24 17:23:07] /shop/index.php?act=hot_sale&op=index ( act=hot_sale&op=index ) 
ERR: Db Error: You have an error in your SQL syntax; check the manual that corresponds to your MySQL server version for the right syntax to use near ') and goods_state=1' at line 1
select * from zmkj_goods where goods_id in () and goods_state=1
[2019-09-24 17:23:07] /shop/index.php?act=hot_sale&op=index ( act=hot_sale&op=index ) 
ERR: Db Error: You have an error in your SQL syntax; check the manual that corresponds to your MySQL server version for the right syntax to use near '' at line 1
select `member_id` from zmkj_store where store_id = 
