[2019-01-26 00:13:26] /shop/index.php?act=goods&op=comments_list&goods_id=106854 ( act=goods&op=comments_list ) 
ERR: Db Error: Unknown column 'geval_image_again' in 'where clause'
SELECT COUNT(*) AS nc_count FROM `zmkj_evaluate_goods` WHERE ( geval_goodsid = '106854' ) AND ( (geval_image <> '') OR (geval_image_again <> '') ) LIMIT 1  
[2019-01-26 00:27:26] /shop/index.php?act=goods&op=comments_list&goods_id=107643 ( act=goods&op=comments_list ) 
ERR: Db Error: Unknown column 'geval_image_again' in 'where clause'
SELECT COUNT(*) AS nc_count FROM `zmkj_evaluate_goods` WHERE ( geval_goodsid = '107643' ) AND ( (geval_image <> '') OR (geval_image_again <> '') ) LIMIT 1  
[2019-01-26 01:11:17] /shop/index.php?act=goods&op=comments_list&goods_id=104260&type=3 ( act=goods&op=comments_list ) 
ERR: Db Error: Unknown column 'geval_image_again' in 'where clause'
SELECT COUNT(*) AS nc_count FROM `zmkj_evaluate_goods` WHERE ( geval_goodsid = '104260' ) AND ( (geval_image <> '') OR (geval_image_again <> '') ) LIMIT 1  
[2019-01-26 01:23:54] /shop/index.php?act=goods&op=comments_list&goods_id=106214 ( act=goods&op=comments_list ) 
ERR: Db Error: Unknown column 'geval_image_again' in 'where clause'
SELECT COUNT(*) AS nc_count FROM `zmkj_evaluate_goods` WHERE ( geval_goodsid = '106214' ) AND ( (geval_image <> '') OR (geval_image_again <> '') ) LIMIT 1  
[2019-01-26 01:44:14] /shop/index.php?act=goods&op=comments_list&goods_id=107019 ( act=goods&op=comments_list ) 
ERR: Db Error: Unknown column 'geval_image_again' in 'where clause'
SELECT COUNT(*) AS nc_count FROM `zmkj_evaluate_goods` WHERE ( geval_goodsid = '107019' ) AND ( (geval_image <> '') OR (geval_image_again <> '') ) LIMIT 1  
[2019-01-26 01:49:08] /shop/index.php?act=goods&op=comments_list&goods_id=107169 ( act=goods&op=comments_list ) 
ERR: Db Error: Unknown column 'geval_image_again' in 'where clause'
SELECT COUNT(*) AS nc_count FROM `zmkj_evaluate_goods` WHERE ( geval_goodsid = '107169' ) AND ( (geval_image <> '') OR (geval_image_again <> '') ) LIMIT 1  
[2019-01-26 01:50:23] /shop/index.php?act=goods&op=comments_list&goods_id=104127 ( act=goods&op=comments_list ) 
ERR: Db Error: Unknown column 'geval_image_again' in 'where clause'
SELECT COUNT(*) AS nc_count FROM `zmkj_evaluate_goods` WHERE ( geval_goodsid = '104127' ) AND ( (geval_image <> '') OR (geval_image_again <> '') ) LIMIT 1  
[2019-01-26 03:21:22] /shop/index.php?act=goods&op=comments_list&goods_id=102641 ( act=goods&op=comments_list ) 
ERR: Db Error: Unknown column 'geval_image_again' in 'where clause'
SELECT COUNT(*) AS nc_count FROM `zmkj_evaluate_goods` WHERE ( geval_goodsid = '102641' ) AND ( (geval_image <> '') OR (geval_image_again <> '') ) LIMIT 1  
[2019-01-26 03:31:03] /shop/index.php?act=goods&op=comments_list&goods_id=105883 ( act=goods&op=comments_list ) 
ERR: Db Error: Unknown column 'geval_image_again' in 'where clause'
SELECT COUNT(*) AS nc_count FROM `zmkj_evaluate_goods` WHERE ( geval_goodsid = '105883' ) AND ( (geval_image <> '') OR (geval_image_again <> '') ) LIMIT 1  
[2019-01-26 03:55:56] /shop/index.php?act=goods&op=comments_list&goods_id=104286 ( act=goods&op=comments_list ) 
ERR: Db Error: Unknown column 'geval_image_again' in 'where clause'
SELECT COUNT(*) AS nc_count FROM `zmkj_evaluate_goods` WHERE ( geval_goodsid = '104286' ) AND ( (geval_image <> '') OR (geval_image_again <> '') ) LIMIT 1  
[2019-01-26 04:33:52] /shop/index.php?act=goods&goods_id=107408&op=comments_list ( act=goods&op=comments_list ) 
ERR: Db Error: Unknown column 'geval_image_again' in 'where clause'
SELECT COUNT(*) AS nc_count FROM `zmkj_evaluate_goods` WHERE ( geval_goodsid = '107408' ) AND ( (geval_image <> '') OR (geval_image_again <> '') ) LIMIT 1  
[2019-01-26 04:34:01] /shop/index.php?act=goods&goods_id=104427&op=comments_list ( act=goods&op=comments_list ) 
ERR: Db Error: Unknown column 'geval_image_again' in 'where clause'
SELECT COUNT(*) AS nc_count FROM `zmkj_evaluate_goods` WHERE ( geval_goodsid = '104427' ) AND ( (geval_image <> '') OR (geval_image_again <> '') ) LIMIT 1  
[2019-01-26 04:54:05] /shop/index.php?act=goods&op=comments_list&goods_id=104076 ( act=goods&op=comments_list ) 
ERR: Db Error: Unknown column 'geval_image_again' in 'where clause'
SELECT COUNT(*) AS nc_count FROM `zmkj_evaluate_goods` WHERE ( geval_goodsid = '104076' ) AND ( (geval_image <> '') OR (geval_image_again <> '') ) LIMIT 1  
[2019-01-26 06:03:16] /shop/index.php?act=goods&op=comments_list&goods_id=102306 ( act=goods&op=comments_list ) 
ERR: Db Error: Unknown column 'geval_image_again' in 'where clause'
SELECT COUNT(*) AS nc_count FROM `zmkj_evaluate_goods` WHERE ( geval_goodsid = '102306' ) AND ( (geval_image <> '') OR (geval_image_again <> '') ) LIMIT 1  
[2019-01-26 07:28:02] /shop/index.php?act=goods&op=comments_list&goods_id=104085 ( act=goods&op=comments_list ) 
ERR: Db Error: Unknown column 'geval_image_again' in 'where clause'
SELECT COUNT(*) AS nc_count FROM `zmkj_evaluate_goods` WHERE ( geval_goodsid = '104085' ) AND ( (geval_image <> '') OR (geval_image_again <> '') ) LIMIT 1  
[2019-01-26 08:07:46] /shop/index.php?act=goods&op=comments_list&goods_id=108108 ( act=goods&op=comments_list ) 
ERR: Db Error: Unknown column 'geval_image_again' in 'where clause'
SELECT COUNT(*) AS nc_count FROM `zmkj_evaluate_goods` WHERE ( geval_goodsid = '108108' ) AND ( (geval_image <> '') OR (geval_image_again <> '') ) LIMIT 1  
[2019-01-26 08:11:29] /shop/index.php?act=goods&goods_id=100541&op=comments_list ( act=goods&op=comments_list ) 
ERR: Db Error: Unknown column 'geval_image_again' in 'where clause'
SELECT COUNT(*) AS nc_count FROM `zmkj_evaluate_goods` WHERE ( geval_goodsid = '100541' ) AND ( (geval_image <> '') OR (geval_image_again <> '') ) LIMIT 1  
[2019-01-26 09:33:17] /shop/index.php?act=goods&op=comments_list&goods_id=106130 ( act=goods&op=comments_list ) 
ERR: Db Error: Unknown column 'geval_image_again' in 'where clause'
SELECT COUNT(*) AS nc_count FROM `zmkj_evaluate_goods` WHERE ( geval_goodsid = '106130' ) AND ( (geval_image <> '') OR (geval_image_again <> '') ) LIMIT 1  
[2019-01-26 09:35:47] /shop/index.php?act=goods&op=comments_list&goods_id=107855 ( act=goods&op=comments_list ) 
ERR: Db Error: Unknown column 'geval_image_again' in 'where clause'
SELECT COUNT(*) AS nc_count FROM `zmkj_evaluate_goods` WHERE ( geval_goodsid = '107855' ) AND ( (geval_image <> '') OR (geval_image_again <> '') ) LIMIT 1  
[2019-01-26 09:37:38] /shop/index.php?act=goods&op=comments_list&goods_id=107076 ( act=goods&op=comments_list ) 
ERR: Db Error: Unknown column 'geval_image_again' in 'where clause'
SELECT COUNT(*) AS nc_count FROM `zmkj_evaluate_goods` WHERE ( geval_goodsid = '107076' ) AND ( (geval_image <> '') OR (geval_image_again <> '') ) LIMIT 1  
[2019-01-26 10:04:08] /shop/index.php?act=goods&op=comments_list&goods_id=103054 ( act=goods&op=comments_list ) 
ERR: Db Error: Unknown column 'geval_image_again' in 'where clause'
SELECT COUNT(*) AS nc_count FROM `zmkj_evaluate_goods` WHERE ( geval_goodsid = '103054' ) AND ( (geval_image <> '') OR (geval_image_again <> '') ) LIMIT 1  
[2019-01-26 10:35:42] /shop/index.php?act=goods&op=comments_list&goods_id=101703&type=2 ( act=goods&op=comments_list ) 
ERR: Db Error: Unknown column 'geval_image_again' in 'where clause'
SELECT COUNT(*) AS nc_count FROM `zmkj_evaluate_goods` WHERE ( geval_goodsid = '101703' ) AND ( (geval_image <> '') OR (geval_image_again <> '') ) LIMIT 1  
[2019-01-26 10:37:38] /shop/index.php?act=goods&op=comments_list&goods_id=108189 ( act=goods&op=comments_list ) 
ERR: Db Error: Unknown column 'geval_image_again' in 'where clause'
SELECT COUNT(*) AS nc_count FROM `zmkj_evaluate_goods` WHERE ( geval_goodsid = '108189' ) AND ( (geval_image <> '') OR (geval_image_again <> '') ) LIMIT 1  
[2019-01-26 10:40:32] /shop/index.php?act=goods&goods_id=107066&op=comments_list ( act=goods&op=comments_list ) 
ERR: Db Error: Unknown column 'geval_image_again' in 'where clause'
SELECT COUNT(*) AS nc_count FROM `zmkj_evaluate_goods` WHERE ( geval_goodsid = '107066' ) AND ( (geval_image <> '') OR (geval_image_again <> '') ) LIMIT 1  
[2019-01-26 10:40:33] /shop/index.php?act=search&area_id=4&cate_id=1601&op=index ( act=search&op=index ) 
ERR: Db Error: Unknown column 'gc_id_' in 'where clause'
SELECT count(distinct CONCAT(goods_commonid)) AS nc_count FROM `zmkj_goods` WHERE ( gc_id_ = '1601' ) AND ( areaid_1 = '4' ) AND ( goods_state = '1' ) AND ( goods_verify = '1' ) LIMIT 1  
[2019-01-26 10:40:33] /shop/index.php?act=goods&goods_id=103895&op=comments_list ( act=goods&op=comments_list ) 
ERR: Db Error: Unknown column 'geval_image_again' in 'where clause'
SELECT COUNT(*) AS nc_count FROM `zmkj_evaluate_goods` WHERE ( geval_goodsid = '103895' ) AND ( (geval_image <> '') OR (geval_image_again <> '') ) LIMIT 1  
[2019-01-26 10:40:33] /shop/index.php?act=goods&goods_id=102609&op=comments_list ( act=goods&op=comments_list ) 
ERR: Db Error: Unknown column 'geval_image_again' in 'where clause'
SELECT COUNT(*) AS nc_count FROM `zmkj_evaluate_goods` WHERE ( geval_goodsid = '102609' ) AND ( (geval_image <> '') OR (geval_image_again <> '') ) LIMIT 1  
[2019-01-26 10:40:36] /shop/index.php?act=goods&goods_id=108103&op=comments_list ( act=goods&op=comments_list ) 
ERR: Db Error: Unknown column 'geval_image_again' in 'where clause'
SELECT COUNT(*) AS nc_count FROM `zmkj_evaluate_goods` WHERE ( geval_goodsid = '108103' ) AND ( (geval_image <> '') OR (geval_image_again <> '') ) LIMIT 1  
[2019-01-26 10:40:40] /shop/index.php?act=goods&goods_id=101348&op=comments_list ( act=goods&op=comments_list ) 
ERR: Db Error: Unknown column 'geval_image_again' in 'where clause'
SELECT COUNT(*) AS nc_count FROM `zmkj_evaluate_goods` WHERE ( geval_goodsid = '101348' ) AND ( (geval_image <> '') OR (geval_image_again <> '') ) LIMIT 1  
[2019-01-26 10:40:43] /shop/index.php?act=goods&goods_id=104519&op=comments_list ( act=goods&op=comments_list ) 
ERR: Db Error: Unknown column 'geval_image_again' in 'where clause'
SELECT COUNT(*) AS nc_count FROM `zmkj_evaluate_goods` WHERE ( geval_goodsid = '104519' ) AND ( (geval_image <> '') OR (geval_image_again <> '') ) LIMIT 1  
[2019-01-26 10:40:44] /shop/index.php?act=goods&goods_id=108009&op=comments_list ( act=goods&op=comments_list ) 
ERR: Db Error: Unknown column 'geval_image_again' in 'where clause'
SELECT COUNT(*) AS nc_count FROM `zmkj_evaluate_goods` WHERE ( geval_goodsid = '108009' ) AND ( (geval_image <> '') OR (geval_image_again <> '') ) LIMIT 1  
[2019-01-26 10:43:29] /shop/index.php?act=goods&op=comments_list&goods_id=104447&type=2 ( act=goods&op=comments_list ) 
ERR: Db Error: Unknown column 'geval_image_again' in 'where clause'
SELECT COUNT(*) AS nc_count FROM `zmkj_evaluate_goods` WHERE ( geval_goodsid = '104447' ) AND ( (geval_image <> '') OR (geval_image_again <> '') ) LIMIT 1  
[2019-01-26 10:43:48] /shop/index.php?act=goods&op=comments_list&goods_id=101557 ( act=goods&op=comments_list ) 
ERR: Db Error: Unknown column 'geval_image_again' in 'where clause'
SELECT COUNT(*) AS nc_count FROM `zmkj_evaluate_goods` WHERE ( geval_goodsid = '101557' ) AND ( (geval_image <> '') OR (geval_image_again <> '') ) LIMIT 1  
[2019-01-26 10:45:26] /shop/index.php?act=goods&op=comments_list&goods_id=105332&type=3 ( act=goods&op=comments_list ) 
ERR: Db Error: Unknown column 'geval_image_again' in 'where clause'
SELECT COUNT(*) AS nc_count FROM `zmkj_evaluate_goods` WHERE ( geval_goodsid = '105332' ) AND ( (geval_image <> '') OR (geval_image_again <> '') ) LIMIT 1  
[2019-01-26 10:55:11] /shop/index.php?act=goods&op=comments_list&goods_id=107601 ( act=goods&op=comments_list ) 
ERR: Db Error: Unknown column 'geval_image_again' in 'where clause'
SELECT COUNT(*) AS nc_count FROM `zmkj_evaluate_goods` WHERE ( geval_goodsid = '107601' ) AND ( (geval_image <> '') OR (geval_image_again <> '') ) LIMIT 1  
[2019-01-26 11:01:02] /shop/index.php?act=goods&op=comments_list&goods_id=103244&type=3 ( act=goods&op=comments_list ) 
ERR: Db Error: Unknown column 'geval_image_again' in 'where clause'
SELECT COUNT(*) AS nc_count FROM `zmkj_evaluate_goods` WHERE ( geval_goodsid = '103244' ) AND ( (geval_image <> '') OR (geval_image_again <> '') ) LIMIT 1  
[2019-01-26 11:02:59] /shop/index.php?act=goods&op=comments_list&goods_id=104032&type=2 ( act=goods&op=comments_list ) 
ERR: Db Error: Unknown column 'geval_image_again' in 'where clause'
SELECT COUNT(*) AS nc_count FROM `zmkj_evaluate_goods` WHERE ( geval_goodsid = '104032' ) AND ( (geval_image <> '') OR (geval_image_again <> '') ) LIMIT 1  
[2019-01-26 11:08:49] /shop/index.php?act=goods&op=comments_list&goods_id=101904&type=3 ( act=goods&op=comments_list ) 
ERR: Db Error: Unknown column 'geval_image_again' in 'where clause'
SELECT COUNT(*) AS nc_count FROM `zmkj_evaluate_goods` WHERE ( geval_goodsid = '101904' ) AND ( (geval_image <> '') OR (geval_image_again <> '') ) LIMIT 1  
[2019-01-26 11:16:37] /shop/index.php?act=goods&op=comments_list&goods_id=104065&type=3 ( act=goods&op=comments_list ) 
ERR: Db Error: Unknown column 'geval_image_again' in 'where clause'
SELECT COUNT(*) AS nc_count FROM `zmkj_evaluate_goods` WHERE ( geval_goodsid = '104065' ) AND ( (geval_image <> '') OR (geval_image_again <> '') ) LIMIT 1  
[2019-01-26 11:24:25] /shop/index.php?act=goods&op=comments_list&goods_id=103940 ( act=goods&op=comments_list ) 
ERR: Db Error: Unknown column 'geval_image_again' in 'where clause'
SELECT COUNT(*) AS nc_count FROM `zmkj_evaluate_goods` WHERE ( geval_goodsid = '103940' ) AND ( (geval_image <> '') OR (geval_image_again <> '') ) LIMIT 1  
[2019-01-26 11:32:13] /shop/index.php?act=goods&op=comments_list&goods_id=107149&type=3 ( act=goods&op=comments_list ) 
ERR: Db Error: Unknown column 'geval_image_again' in 'where clause'
SELECT COUNT(*) AS nc_count FROM `zmkj_evaluate_goods` WHERE ( geval_goodsid = '107149' ) AND ( (geval_image <> '') OR (geval_image_again <> '') ) LIMIT 1  
[2019-01-26 11:36:07] /shop/index.php?act=goods&op=comments_list&goods_id=106776&type=2 ( act=goods&op=comments_list ) 
ERR: Db Error: Unknown column 'geval_image_again' in 'where clause'
SELECT COUNT(*) AS nc_count FROM `zmkj_evaluate_goods` WHERE ( geval_goodsid = '106776' ) AND ( (geval_image <> '') OR (geval_image_again <> '') ) LIMIT 1  
[2019-01-26 11:37:19] /shop/index.php?act=goods&op=comments_list&goods_id=103232 ( act=goods&op=comments_list ) 
ERR: Db Error: Unknown column 'geval_image_again' in 'where clause'
SELECT COUNT(*) AS nc_count FROM `zmkj_evaluate_goods` WHERE ( geval_goodsid = '103232' ) AND ( (geval_image <> '') OR (geval_image_again <> '') ) LIMIT 1  
[2019-01-26 11:41:16] /shop/index.php?act=goods&op=comments_list&goods_id=107669 ( act=goods&op=comments_list ) 
ERR: Db Error: Unknown column 'geval_image_again' in 'where clause'
SELECT COUNT(*) AS nc_count FROM `zmkj_evaluate_goods` WHERE ( geval_goodsid = '107669' ) AND ( (geval_image <> '') OR (geval_image_again <> '') ) LIMIT 1  
[2019-01-26 11:43:54] /shop/index.php?act=goods&op=comments_list&goods_id=107605 ( act=goods&op=comments_list ) 
ERR: Db Error: Unknown column 'geval_image_again' in 'where clause'
SELECT COUNT(*) AS nc_count FROM `zmkj_evaluate_goods` WHERE ( geval_goodsid = '107605' ) AND ( (geval_image <> '') OR (geval_image_again <> '') ) LIMIT 1  
[2019-01-26 11:45:52] /shop/index.php?act=goods&op=comments_list&goods_id=102825&type=2 ( act=goods&op=comments_list ) 
ERR: Db Error: Unknown column 'geval_image_again' in 'where clause'
SELECT COUNT(*) AS nc_count FROM `zmkj_evaluate_goods` WHERE ( geval_goodsid = '102825' ) AND ( (geval_image <> '') OR (geval_image_again <> '') ) LIMIT 1  
[2019-01-26 11:53:16] /shop/index.php?act=goods&op=comments_list&goods_id=107877 ( act=goods&op=comments_list ) 
ERR: Db Error: Unknown column 'geval_image_again' in 'where clause'
SELECT COUNT(*) AS nc_count FROM `zmkj_evaluate_goods` WHERE ( geval_goodsid = '107877' ) AND ( (geval_image <> '') OR (geval_image_again <> '') ) LIMIT 1  
[2019-01-26 11:56:11] /shop/index.php?act=goods&op=comments_list&goods_id=100591&type=2 ( act=goods&op=comments_list ) 
ERR: Db Error: Unknown column 'geval_image_again' in 'where clause'
SELECT COUNT(*) AS nc_count FROM `zmkj_evaluate_goods` WHERE ( geval_goodsid = '100591' ) AND ( (geval_image <> '') OR (geval_image_again <> '') ) LIMIT 1  
[2019-01-26 11:57:33] /shop/index.php?act=goods&op=comments_list&goods_id=106799&type=3 ( act=goods&op=comments_list ) 
ERR: Db Error: Unknown column 'geval_image_again' in 'where clause'
SELECT COUNT(*) AS nc_count FROM `zmkj_evaluate_goods` WHERE ( geval_goodsid = '106799' ) AND ( (geval_image <> '') OR (geval_image_again <> '') ) LIMIT 1  
[2019-01-26 12:03:24] /shop/index.php?act=goods&op=comments_list&goods_id=103754 ( act=goods&op=comments_list ) 
ERR: Db Error: Unknown column 'geval_image_again' in 'where clause'
SELECT COUNT(*) AS nc_count FROM `zmkj_evaluate_goods` WHERE ( geval_goodsid = '103754' ) AND ( (geval_image <> '') OR (geval_image_again <> '') ) LIMIT 1  
[2019-01-26 12:13:09] /shop/index.php?act=goods&op=comments_list&goods_id=104065&type=2 ( act=goods&op=comments_list ) 
ERR: Db Error: Unknown column 'geval_image_again' in 'where clause'
SELECT COUNT(*) AS nc_count FROM `zmkj_evaluate_goods` WHERE ( geval_goodsid = '104065' ) AND ( (geval_image <> '') OR (geval_image_again <> '') ) LIMIT 1  
[2019-01-26 12:26:47] /shop/index.php?act=goods&op=comments_list&goods_id=105713 ( act=goods&op=comments_list ) 
ERR: Db Error: Unknown column 'geval_image_again' in 'where clause'
SELECT COUNT(*) AS nc_count FROM `zmkj_evaluate_goods` WHERE ( geval_goodsid = '105713' ) AND ( (geval_image <> '') OR (geval_image_again <> '') ) LIMIT 1  
[2019-01-26 12:30:41] /shop/index.php?act=goods&op=comments_list&goods_id=103223&type=3 ( act=goods&op=comments_list ) 
ERR: Db Error: Unknown column 'geval_image_again' in 'where clause'
SELECT COUNT(*) AS nc_count FROM `zmkj_evaluate_goods` WHERE ( geval_goodsid = '103223' ) AND ( (geval_image <> '') OR (geval_image_again <> '') ) LIMIT 1  
[2019-01-26 12:36:32] /shop/index.php?act=goods&op=comments_list&goods_id=101884&type=2 ( act=goods&op=comments_list ) 
ERR: Db Error: Unknown column 'geval_image_again' in 'where clause'
SELECT COUNT(*) AS nc_count FROM `zmkj_evaluate_goods` WHERE ( geval_goodsid = '101884' ) AND ( (geval_image <> '') OR (geval_image_again <> '') ) LIMIT 1  
[2019-01-26 12:36:34] /shop/index.php?act=goods&op=comments_list&goods_id=103352 ( act=goods&op=comments_list ) 
ERR: Db Error: Unknown column 'geval_image_again' in 'where clause'
SELECT COUNT(*) AS nc_count FROM `zmkj_evaluate_goods` WHERE ( geval_goodsid = '103352' ) AND ( (geval_image <> '') OR (geval_image_again <> '') ) LIMIT 1  
[2019-01-26 12:36:39] /shop/index.php?act=goods&op=comments_list&goods_id=107708 ( act=goods&op=comments_list ) 
ERR: Db Error: Unknown column 'geval_image_again' in 'where clause'
SELECT COUNT(*) AS nc_count FROM `zmkj_evaluate_goods` WHERE ( geval_goodsid = '107708' ) AND ( (geval_image <> '') OR (geval_image_again <> '') ) LIMIT 1  
[2019-01-26 12:43:35] /shop/index.php?act=goods&op=comments_list&goods_id=105301&type=2 ( act=goods&op=comments_list ) 
ERR: Db Error: Unknown column 'geval_image_again' in 'where clause'
SELECT COUNT(*) AS nc_count FROM `zmkj_evaluate_goods` WHERE ( geval_goodsid = '105301' ) AND ( (geval_image <> '') OR (geval_image_again <> '') ) LIMIT 1  
[2019-01-26 12:45:57] /shop/index.php?act=goods&op=comments_list&goods_id=106568&type=2 ( act=goods&op=comments_list ) 
ERR: Db Error: Unknown column 'geval_image_again' in 'where clause'
SELECT COUNT(*) AS nc_count FROM `zmkj_evaluate_goods` WHERE ( geval_goodsid = '106568' ) AND ( (geval_image <> '') OR (geval_image_again <> '') ) LIMIT 1  
[2019-01-26 12:48:34] /shop/index.php?act=goods&op=comments_list&goods_id=103402 ( act=goods&op=comments_list ) 
ERR: Db Error: Unknown column 'geval_image_again' in 'where clause'
SELECT COUNT(*) AS nc_count FROM `zmkj_evaluate_goods` WHERE ( geval_goodsid = '103402' ) AND ( (geval_image <> '') OR (geval_image_again <> '') ) LIMIT 1  
[2019-01-26 12:50:39] /shop/index.php?act=goods&op=comments_list&goods_id=104312&type=2 ( act=goods&op=comments_list ) 
ERR: Db Error: Unknown column 'geval_image_again' in 'where clause'
SELECT COUNT(*) AS nc_count FROM `zmkj_evaluate_goods` WHERE ( geval_goodsid = '104312' ) AND ( (geval_image <> '') OR (geval_image_again <> '') ) LIMIT 1  
[2019-01-26 13:02:25] /shop/index.php?act=goods&op=comments_list&goods_id=104332&type=2 ( act=goods&op=comments_list ) 
ERR: Db Error: Unknown column 'geval_image_again' in 'where clause'
SELECT COUNT(*) AS nc_count FROM `zmkj_evaluate_goods` WHERE ( geval_goodsid = '104332' ) AND ( (geval_image <> '') OR (geval_image_again <> '') ) LIMIT 1  
[2019-01-26 13:04:46] /shop/index.php?act=goods&op=comments_list&goods_id=105883&type=2 ( act=goods&op=comments_list ) 
ERR: Db Error: Unknown column 'geval_image_again' in 'where clause'
SELECT COUNT(*) AS nc_count FROM `zmkj_evaluate_goods` WHERE ( geval_goodsid = '105883' ) AND ( (geval_image <> '') OR (geval_image_again <> '') ) LIMIT 1  
[2019-01-26 13:04:56] /shop/index.php?act=search&op=index&cate_id=2123&type=1 ( act=search&op=index ) 
ERR: Db Error: Unknown column 'gc_id_' in 'where clause'
SELECT count(distinct CONCAT(goods_commonid)) AS nc_count FROM `zmkj_goods` WHERE ( gc_id_ = '2123' ) AND ( is_own_shop = '1' ) AND ( goods_state = '1' ) AND ( goods_verify = '1' ) LIMIT 1  
[2019-01-26 13:09:28] /shop/index.php?act=goods&op=comments_list&goods_id=107458&type=3 ( act=goods&op=comments_list ) 
ERR: Db Error: Unknown column 'geval_image_again' in 'where clause'
SELECT COUNT(*) AS nc_count FROM `zmkj_evaluate_goods` WHERE ( geval_goodsid = '107458' ) AND ( (geval_image <> '') OR (geval_image_again <> '') ) LIMIT 1  
[2019-01-26 13:14:11] /shop/index.php?act=goods&op=comments_list&goods_id=108269 ( act=goods&op=comments_list ) 
ERR: Db Error: Unknown column 'geval_image_again' in 'where clause'
SELECT COUNT(*) AS nc_count FROM `zmkj_evaluate_goods` WHERE ( geval_goodsid = '108269' ) AND ( (geval_image <> '') OR (geval_image_again <> '') ) LIMIT 1  
[2019-01-26 13:16:32] /shop/index.php?act=goods&op=comments_list&goods_id=105308&type=3 ( act=goods&op=comments_list ) 
ERR: Db Error: Unknown column 'geval_image_again' in 'where clause'
SELECT COUNT(*) AS nc_count FROM `zmkj_evaluate_goods` WHERE ( geval_goodsid = '105308' ) AND ( (geval_image <> '') OR (geval_image_again <> '') ) LIMIT 1  
[2019-01-26 13:33:00] /shop/index.php?act=goods&op=comments_list&goods_id=107317&type=2 ( act=goods&op=comments_list ) 
ERR: Db Error: Unknown column 'geval_image_again' in 'where clause'
SELECT COUNT(*) AS nc_count FROM `zmkj_evaluate_goods` WHERE ( geval_goodsid = '107317' ) AND ( (geval_image <> '') OR (geval_image_again <> '') ) LIMIT 1  
[2019-01-26 13:42:24] /shop/index.php?act=goods&op=comments_list&goods_id=100017&type=3 ( act=goods&op=comments_list ) 
ERR: Db Error: Unknown column 'geval_image_again' in 'where clause'
SELECT COUNT(*) AS nc_count FROM `zmkj_evaluate_goods` WHERE ( geval_goodsid = '100017' ) AND ( (geval_image <> '') OR (geval_image_again <> '') ) LIMIT 1  
[2019-01-26 13:44:45] /shop/index.php?act=goods&op=comments_list&goods_id=106256&type=2 ( act=goods&op=comments_list ) 
ERR: Db Error: Unknown column 'geval_image_again' in 'where clause'
SELECT COUNT(*) AS nc_count FROM `zmkj_evaluate_goods` WHERE ( geval_goodsid = '106256' ) AND ( (geval_image <> '') OR (geval_image_again <> '') ) LIMIT 1  
[2019-01-26 13:49:28] /shop/index.php?act=goods&op=comments_list&goods_id=106776&type=3 ( act=goods&op=comments_list ) 
ERR: Db Error: Unknown column 'geval_image_again' in 'where clause'
SELECT COUNT(*) AS nc_count FROM `zmkj_evaluate_goods` WHERE ( geval_goodsid = '106776' ) AND ( (geval_image <> '') OR (geval_image_again <> '') ) LIMIT 1  
[2019-01-26 13:58:52] /shop/index.php?act=goods&op=comments_list&goods_id=108220 ( act=goods&op=comments_list ) 
ERR: Db Error: Unknown column 'geval_image_again' in 'where clause'
SELECT COUNT(*) AS nc_count FROM `zmkj_evaluate_goods` WHERE ( geval_goodsid = '108220' ) AND ( (geval_image <> '') OR (geval_image_again <> '') ) LIMIT 1  
[2019-01-26 14:02:19] /shop/index.php?act=goods&op=comments_list&goods_id=104880&type=2 ( act=goods&op=comments_list ) 
ERR: Db Error: Unknown column 'geval_image_again' in 'where clause'
SELECT COUNT(*) AS nc_count FROM `zmkj_evaluate_goods` WHERE ( geval_goodsid = '104880' ) AND ( (geval_image <> '') OR (geval_image_again <> '') ) LIMIT 1  
[2019-01-26 14:08:17] /shop/index.php?act=goods&op=comments_list&goods_id=107149&type=2 ( act=goods&op=comments_list ) 
ERR: Db Error: Unknown column 'geval_image_again' in 'where clause'
SELECT COUNT(*) AS nc_count FROM `zmkj_evaluate_goods` WHERE ( geval_goodsid = '107149' ) AND ( (geval_image <> '') OR (geval_image_again <> '') ) LIMIT 1  
[2019-01-26 14:10:38] /shop/index.php?act=goods&op=comments_list&goods_id=104065&type=1 ( act=goods&op=comments_list ) 
ERR: Db Error: Unknown column 'geval_image_again' in 'where clause'
SELECT COUNT(*) AS nc_count FROM `zmkj_evaluate_goods` WHERE ( geval_goodsid = '104065' ) AND ( (geval_image <> '') OR (geval_image_again <> '') ) LIMIT 1  
[2019-01-26 14:15:21] /shop/index.php?act=goods&op=comments_list&goods_id=104032&type=3 ( act=goods&op=comments_list ) 
ERR: Db Error: Unknown column 'geval_image_again' in 'where clause'
SELECT COUNT(*) AS nc_count FROM `zmkj_evaluate_goods` WHERE ( geval_goodsid = '104032' ) AND ( (geval_image <> '') OR (geval_image_again <> '') ) LIMIT 1  
[2019-01-26 14:22:24] /shop/index.php?act=goods&op=comments_list&goods_id=103223&type=2 ( act=goods&op=comments_list ) 
ERR: Db Error: Unknown column 'geval_image_again' in 'where clause'
SELECT COUNT(*) AS nc_count FROM `zmkj_evaluate_goods` WHERE ( geval_goodsid = '103223' ) AND ( (geval_image <> '') OR (geval_image_again <> '') ) LIMIT 1  
[2019-01-26 14:24:45] /shop/index.php?act=goods&op=comments_list&goods_id=103785 ( act=goods&op=comments_list ) 
ERR: Db Error: Unknown column 'geval_image_again' in 'where clause'
SELECT COUNT(*) AS nc_count FROM `zmkj_evaluate_goods` WHERE ( geval_goodsid = '103785' ) AND ( (geval_image <> '') OR (geval_image_again <> '') ) LIMIT 1  
[2019-01-26 14:29:27] /shop/index.php?act=goods&op=comments_list&goods_id=104324 ( act=goods&op=comments_list ) 
ERR: Db Error: Unknown column 'geval_image_again' in 'where clause'
SELECT COUNT(*) AS nc_count FROM `zmkj_evaluate_goods` WHERE ( geval_goodsid = '104324' ) AND ( (geval_image <> '') OR (geval_image_again <> '') ) LIMIT 1  
[2019-01-26 14:34:10] /shop/index.php?act=goods&op=comments_list&goods_id=107716 ( act=goods&op=comments_list ) 
ERR: Db Error: Unknown column 'geval_image_again' in 'where clause'
SELECT COUNT(*) AS nc_count FROM `zmkj_evaluate_goods` WHERE ( geval_goodsid = '107716' ) AND ( (geval_image <> '') OR (geval_image_again <> '') ) LIMIT 1  
[2019-01-26 14:42:46] /shop/index.php?act=goods&op=comments_list&goods_id=106360&type=3 ( act=goods&op=comments_list ) 
ERR: Db Error: Unknown column 'geval_image_again' in 'where clause'
SELECT COUNT(*) AS nc_count FROM `zmkj_evaluate_goods` WHERE ( geval_goodsid = '106360' ) AND ( (geval_image <> '') OR (geval_image_again <> '') ) LIMIT 1  
[2019-01-26 14:46:31] /shop/index.php?act=goods&op=comments_list&goods_id=106285&type=2 ( act=goods&op=comments_list ) 
ERR: Db Error: Unknown column 'geval_image_again' in 'where clause'
SELECT COUNT(*) AS nc_count FROM `zmkj_evaluate_goods` WHERE ( geval_goodsid = '106285' ) AND ( (geval_image <> '') OR (geval_image_again <> '') ) LIMIT 1  
[2019-01-26 14:47:46] /shop/index.php?act=goods&op=comments_list&goods_id=105301&type=3 ( act=goods&op=comments_list ) 
ERR: Db Error: Unknown column 'geval_image_again' in 'where clause'
SELECT COUNT(*) AS nc_count FROM `zmkj_evaluate_goods` WHERE ( geval_goodsid = '105301' ) AND ( (geval_image <> '') OR (geval_image_again <> '') ) LIMIT 1  
[2019-01-26 14:59:01] /shop/index.php?act=goods&op=comments_list&goods_id=105279&type=2 ( act=goods&op=comments_list ) 
ERR: Db Error: Unknown column 'geval_image_again' in 'where clause'
SELECT COUNT(*) AS nc_count FROM `zmkj_evaluate_goods` WHERE ( geval_goodsid = '105279' ) AND ( (geval_image <> '') OR (geval_image_again <> '') ) LIMIT 1  
[2019-01-26 14:59:50] /shop/index.php?act=goods&op=comments_list&goods_id=105505&type=2 ( act=goods&op=comments_list ) 
ERR: Db Error: Unknown column 'geval_image_again' in 'where clause'
SELECT COUNT(*) AS nc_count FROM `zmkj_evaluate_goods` WHERE ( geval_goodsid = '105505' ) AND ( (geval_image <> '') OR (geval_image_again <> '') ) LIMIT 1  
[2019-01-26 15:11:12] /shop/index.php?act=goods&op=comments_list&goods_id=106876&type=2 ( act=goods&op=comments_list ) 
ERR: Db Error: Unknown column 'geval_image_again' in 'where clause'
SELECT COUNT(*) AS nc_count FROM `zmkj_evaluate_goods` WHERE ( geval_goodsid = '106876' ) AND ( (geval_image <> '') OR (geval_image_again <> '') ) LIMIT 1  
[2019-01-26 15:20:17] /shop/index.php?act=goods&op=comments_list&goods_id=104778 ( act=goods&op=comments_list ) 
ERR: Db Error: Unknown column 'geval_image_again' in 'where clause'
SELECT COUNT(*) AS nc_count FROM `zmkj_evaluate_goods` WHERE ( geval_goodsid = '104778' ) AND ( (geval_image <> '') OR (geval_image_again <> '') ) LIMIT 1  
[2019-01-26 15:27:47] /shop/index.php?act=goods&op=comments_list&goods_id=100748 ( act=goods&op=comments_list ) 
ERR: Db Error: Unknown column 'geval_image_again' in 'where clause'
SELECT COUNT(*) AS nc_count FROM `zmkj_evaluate_goods` WHERE ( geval_goodsid = '100748' ) AND ( (geval_image <> '') OR (geval_image_again <> '') ) LIMIT 1  
[2019-01-26 15:42:47] /shop/index.php?act=goods&op=comments_list&goods_id=103744 ( act=goods&op=comments_list ) 
ERR: Db Error: Unknown column 'geval_image_again' in 'where clause'
SELECT COUNT(*) AS nc_count FROM `zmkj_evaluate_goods` WHERE ( geval_goodsid = '103744' ) AND ( (geval_image <> '') OR (geval_image_again <> '') ) LIMIT 1  
[2019-01-26 15:45:17] /shop/index.php?act=goods&op=comments_list&goods_id=102825&type=3 ( act=goods&op=comments_list ) 
ERR: Db Error: Unknown column 'geval_image_again' in 'where clause'
SELECT COUNT(*) AS nc_count FROM `zmkj_evaluate_goods` WHERE ( geval_goodsid = '102825' ) AND ( (geval_image <> '') OR (geval_image_again <> '') ) LIMIT 1  
[2019-01-26 15:49:02] /shop/index.php?act=goods&op=comments_list&goods_id=105881&type=3 ( act=goods&op=comments_list ) 
ERR: Db Error: Unknown column 'geval_image_again' in 'where clause'
SELECT COUNT(*) AS nc_count FROM `zmkj_evaluate_goods` WHERE ( geval_goodsid = '105881' ) AND ( (geval_image <> '') OR (geval_image_again <> '') ) LIMIT 1  
[2019-01-26 16:00:58] /shop/index.php?act=goods&op=comments_list&goods_id=105673&type=3 ( act=goods&op=comments_list ) 
ERR: Db Error: Unknown column 'geval_image_again' in 'where clause'
SELECT COUNT(*) AS nc_count FROM `zmkj_evaluate_goods` WHERE ( geval_goodsid = '105673' ) AND ( (geval_image <> '') OR (geval_image_again <> '') ) LIMIT 1  
[2019-01-26 16:01:33] /shop/index.php?act=goods&op=comments_list&goods_id=104217&type=2 ( act=goods&op=comments_list ) 
ERR: Db Error: Unknown column 'geval_image_again' in 'where clause'
SELECT COUNT(*) AS nc_count FROM `zmkj_evaluate_goods` WHERE ( geval_goodsid = '104217' ) AND ( (geval_image <> '') OR (geval_image_again <> '') ) LIMIT 1  
[2019-01-26 16:10:18] /shop/index.php?act=goods&op=comments_list&goods_id=105316&type=3 ( act=goods&op=comments_list ) 
ERR: Db Error: Unknown column 'geval_image_again' in 'where clause'
SELECT COUNT(*) AS nc_count FROM `zmkj_evaluate_goods` WHERE ( geval_goodsid = '105316' ) AND ( (geval_image <> '') OR (geval_image_again <> '') ) LIMIT 1  
[2019-01-26 16:11:33] /shop/index.php?act=goods&op=comments_list&goods_id=106072 ( act=goods&op=comments_list ) 
ERR: Db Error: Unknown column 'geval_image_again' in 'where clause'
SELECT COUNT(*) AS nc_count FROM `zmkj_evaluate_goods` WHERE ( geval_goodsid = '106072' ) AND ( (geval_image <> '') OR (geval_image_again <> '') ) LIMIT 1  
[2019-01-26 16:17:48] /shop/index.php?act=goods&op=comments_list&goods_id=106079 ( act=goods&op=comments_list ) 
ERR: Db Error: Unknown column 'geval_image_again' in 'where clause'
SELECT COUNT(*) AS nc_count FROM `zmkj_evaluate_goods` WHERE ( geval_goodsid = '106079' ) AND ( (geval_image <> '') OR (geval_image_again <> '') ) LIMIT 1  
[2019-01-26 16:19:03] /shop/index.php?act=goods&op=comments_list&goods_id=102681&type=2 ( act=goods&op=comments_list ) 
ERR: Db Error: Unknown column 'geval_image_again' in 'where clause'
SELECT COUNT(*) AS nc_count FROM `zmkj_evaluate_goods` WHERE ( geval_goodsid = '102681' ) AND ( (geval_image <> '') OR (geval_image_again <> '') ) LIMIT 1  
[2019-01-26 16:20:18] /shop/index.php?act=goods&op=comments_list&goods_id=105513&type=3 ( act=goods&op=comments_list ) 
ERR: Db Error: Unknown column 'geval_image_again' in 'where clause'
SELECT COUNT(*) AS nc_count FROM `zmkj_evaluate_goods` WHERE ( geval_goodsid = '105513' ) AND ( (geval_image <> '') OR (geval_image_again <> '') ) LIMIT 1  
[2019-01-26 16:22:11] /shop/index.php?act=goods&goods_id=103023&op=comments_list ( act=goods&op=comments_list ) 
ERR: Db Error: Unknown column 'geval_image_again' in 'where clause'
SELECT COUNT(*) AS nc_count FROM `zmkj_evaluate_goods` WHERE ( geval_goodsid = '103023' ) AND ( (geval_image <> '') OR (geval_image_again <> '') ) LIMIT 1  
[2019-01-26 16:22:13] /shop/index.php?act=goods&goods_id=107323&op=comments_list ( act=goods&op=comments_list ) 
ERR: Db Error: Unknown column 'geval_image_again' in 'where clause'
SELECT COUNT(*) AS nc_count FROM `zmkj_evaluate_goods` WHERE ( geval_goodsid = '107323' ) AND ( (geval_image <> '') OR (geval_image_again <> '') ) LIMIT 1  
[2019-01-26 16:22:13] /shop/index.php?act=goods&goods_id=101231&op=comments_list&type=1 ( act=goods&op=comments_list ) 
ERR: Db Error: Unknown column 'geval_image_again' in 'where clause'
SELECT COUNT(*) AS nc_count FROM `zmkj_evaluate_goods` WHERE ( geval_goodsid = '101231' ) AND ( (geval_image <> '') OR (geval_image_again <> '') ) LIMIT 1  
[2019-01-26 16:22:13] /shop/index.php?act=goods&goods_id=103768&op=comments_list ( act=goods&op=comments_list ) 
ERR: Db Error: Unknown column 'geval_image_again' in 'where clause'
SELECT COUNT(*) AS nc_count FROM `zmkj_evaluate_goods` WHERE ( geval_goodsid = '103768' ) AND ( (geval_image <> '') OR (geval_image_again <> '') ) LIMIT 1  
[2019-01-26 16:25:18] /shop/index.php?act=goods&op=comments_list&goods_id=102537&type=3 ( act=goods&op=comments_list ) 
ERR: Db Error: Unknown column 'geval_image_again' in 'where clause'
SELECT COUNT(*) AS nc_count FROM `zmkj_evaluate_goods` WHERE ( geval_goodsid = '102537' ) AND ( (geval_image <> '') OR (geval_image_again <> '') ) LIMIT 1  
[2019-01-26 16:34:03] /shop/index.php?act=goods&op=comments_list&goods_id=101862 ( act=goods&op=comments_list ) 
ERR: Db Error: Unknown column 'geval_image_again' in 'where clause'
SELECT COUNT(*) AS nc_count FROM `zmkj_evaluate_goods` WHERE ( geval_goodsid = '101862' ) AND ( (geval_image <> '') OR (geval_image_again <> '') ) LIMIT 1  
[2019-01-26 16:43:02] /shop/index.php?act=goods&op=comments_list&goods_id=106162&type=3 ( act=goods&op=comments_list ) 
ERR: Db Error: Unknown column 'geval_image_again' in 'where clause'
SELECT COUNT(*) AS nc_count FROM `zmkj_evaluate_goods` WHERE ( geval_goodsid = '106162' ) AND ( (geval_image <> '') OR (geval_image_again <> '') ) LIMIT 1  
[2019-01-26 16:54:12] /shop/index.php?act=goods&op=comments_list&goods_id=107194 ( act=goods&op=comments_list ) 
ERR: Db Error: Unknown column 'geval_image_again' in 'where clause'
SELECT COUNT(*) AS nc_count FROM `zmkj_evaluate_goods` WHERE ( geval_goodsid = '107194' ) AND ( (geval_image <> '') OR (geval_image_again <> '') ) LIMIT 1  
[2019-01-26 17:03:39] /shop/index.php?act=goods&op=comments_list&goods_id=106710&type=3 ( act=goods&op=comments_list ) 
ERR: Db Error: Unknown column 'geval_image_again' in 'where clause'
SELECT COUNT(*) AS nc_count FROM `zmkj_evaluate_goods` WHERE ( geval_goodsid = '106710' ) AND ( (geval_image <> '') OR (geval_image_again <> '') ) LIMIT 1  
[2019-01-26 17:15:48] /shop/index.php?act=goods&op=comments_list&goods_id=107612 ( act=goods&op=comments_list ) 
ERR: Db Error: Unknown column 'geval_image_again' in 'where clause'
SELECT COUNT(*) AS nc_count FROM `zmkj_evaluate_goods` WHERE ( geval_goodsid = '107612' ) AND ( (geval_image <> '') OR (geval_image_again <> '') ) LIMIT 1  
[2019-01-26 17:17:09] /shop/index.php?act=goods&op=comments_list&goods_id=107454&type=3 ( act=goods&op=comments_list ) 
ERR: Db Error: Unknown column 'geval_image_again' in 'where clause'
SELECT COUNT(*) AS nc_count FROM `zmkj_evaluate_goods` WHERE ( geval_goodsid = '107454' ) AND ( (geval_image <> '') OR (geval_image_again <> '') ) LIMIT 1  
[2019-01-26 17:17:27] /shop/index.php?act=goods&op=comments_list&goods_id=104751&type=1 ( act=goods&op=comments_list ) 
ERR: Db Error: Unknown column 'geval_image_again' in 'where clause'
SELECT COUNT(*) AS nc_count FROM `zmkj_evaluate_goods` WHERE ( geval_goodsid = '104751' ) AND ( (geval_image <> '') OR (geval_image_again <> '') ) LIMIT 1  
[2019-01-26 17:34:42] /shop/index.php?act=goods&op=comments_list&goods_id=106710&type=2 ( act=goods&op=comments_list ) 
ERR: Db Error: Unknown column 'geval_image_again' in 'where clause'
SELECT COUNT(*) AS nc_count FROM `zmkj_evaluate_goods` WHERE ( geval_goodsid = '106710' ) AND ( (geval_image <> '') OR (geval_image_again <> '') ) LIMIT 1  
[2019-01-26 17:38:45] /shop/index.php?act=goods&op=comments_list&goods_id=105718 ( act=goods&op=comments_list ) 
ERR: Db Error: Unknown column 'geval_image_again' in 'where clause'
SELECT COUNT(*) AS nc_count FROM `zmkj_evaluate_goods` WHERE ( geval_goodsid = '105718' ) AND ( (geval_image <> '') OR (geval_image_again <> '') ) LIMIT 1  
[2019-01-26 17:40:06] /shop/index.php?act=goods&op=comments_list&goods_id=104784 ( act=goods&op=comments_list ) 
ERR: Db Error: Unknown column 'geval_image_again' in 'where clause'
SELECT COUNT(*) AS nc_count FROM `zmkj_evaluate_goods` WHERE ( geval_goodsid = '104784' ) AND ( (geval_image <> '') OR (geval_image_again <> '') ) LIMIT 1  
[2019-01-26 17:54:57] /shop/index.php?act=goods&op=comments_list&goods_id=107418&type=2 ( act=goods&op=comments_list ) 
ERR: Db Error: Unknown column 'geval_image_again' in 'where clause'
SELECT COUNT(*) AS nc_count FROM `zmkj_evaluate_goods` WHERE ( geval_goodsid = '107418' ) AND ( (geval_image <> '') OR (geval_image_again <> '') ) LIMIT 1  
[2019-01-26 18:13:50] /shop/index.php?act=goods&op=comments_list&goods_id=107190 ( act=goods&op=comments_list ) 
ERR: Db Error: Unknown column 'geval_image_again' in 'where clause'
SELECT COUNT(*) AS nc_count FROM `zmkj_evaluate_goods` WHERE ( geval_goodsid = '107190' ) AND ( (geval_image <> '') OR (geval_image_again <> '') ) LIMIT 1  
[2019-01-26 18:16:32] /shop/index.php?act=goods&op=comments_list&goods_id=105332&type=2 ( act=goods&op=comments_list ) 
ERR: Db Error: Unknown column 'geval_image_again' in 'where clause'
SELECT COUNT(*) AS nc_count FROM `zmkj_evaluate_goods` WHERE ( geval_goodsid = '105332' ) AND ( (geval_image <> '') OR (geval_image_again <> '') ) LIMIT 1  
[2019-01-26 18:21:56] /shop/index.php?act=goods&op=comments_list&goods_id=105647&type=2 ( act=goods&op=comments_list ) 
ERR: Db Error: Unknown column 'geval_image_again' in 'where clause'
SELECT COUNT(*) AS nc_count FROM `zmkj_evaluate_goods` WHERE ( geval_goodsid = '105647' ) AND ( (geval_image <> '') OR (geval_image_again <> '') ) LIMIT 1  
[2019-01-26 18:34:05] /shop/index.php?act=goods&op=comments_list&goods_id=105873&type=2 ( act=goods&op=comments_list ) 
ERR: Db Error: Unknown column 'geval_image_again' in 'where clause'
SELECT COUNT(*) AS nc_count FROM `zmkj_evaluate_goods` WHERE ( geval_goodsid = '105873' ) AND ( (geval_image <> '') OR (geval_image_again <> '') ) LIMIT 1  
[2019-01-26 18:52:50] /shop/index.php?act=goods&op=comments_list&goods_id=102055&type=2 ( act=goods&op=comments_list ) 
ERR: Db Error: Unknown column 'geval_image_again' in 'where clause'
SELECT COUNT(*) AS nc_count FROM `zmkj_evaluate_goods` WHERE ( geval_goodsid = '102055' ) AND ( (geval_image <> '') OR (geval_image_again <> '') ) LIMIT 1  
[2019-01-26 18:55:44] /shop/index.php?act=goods&op=comments_list&goods_id=106285&type=3 ( act=goods&op=comments_list ) 
ERR: Db Error: Unknown column 'geval_image_again' in 'where clause'
SELECT COUNT(*) AS nc_count FROM `zmkj_evaluate_goods` WHERE ( geval_goodsid = '106285' ) AND ( (geval_image <> '') OR (geval_image_again <> '') ) LIMIT 1  
[2019-01-26 19:04:26] /shop/index.php?act=goods&op=comments_list&goods_id=100579&type=3 ( act=goods&op=comments_list ) 
ERR: Db Error: Unknown column 'geval_image_again' in 'where clause'
SELECT COUNT(*) AS nc_count FROM `zmkj_evaluate_goods` WHERE ( geval_goodsid = '100579' ) AND ( (geval_image <> '') OR (geval_image_again <> '') ) LIMIT 1  
[2019-01-26 19:07:20] /shop/index.php?act=goods&op=comments_list&goods_id=106263&type=1 ( act=goods&op=comments_list ) 
ERR: Db Error: Unknown column 'geval_image_again' in 'where clause'
SELECT COUNT(*) AS nc_count FROM `zmkj_evaluate_goods` WHERE ( geval_goodsid = '106263' ) AND ( (geval_image <> '') OR (geval_image_again <> '') ) LIMIT 1  
[2019-01-26 19:13:08] /shop/index.php?act=goods&op=comments_list&goods_id=107295&type=3 ( act=goods&op=comments_list ) 
ERR: Db Error: Unknown column 'geval_image_again' in 'where clause'
SELECT COUNT(*) AS nc_count FROM `zmkj_evaluate_goods` WHERE ( geval_goodsid = '107295' ) AND ( (geval_image <> '') OR (geval_image_again <> '') ) LIMIT 1  
[2019-01-26 19:16:02] /shop/index.php?act=goods&op=comments_list&goods_id=100034&type=2 ( act=goods&op=comments_list ) 
ERR: Db Error: Unknown column 'geval_image_again' in 'where clause'
SELECT COUNT(*) AS nc_count FROM `zmkj_evaluate_goods` WHERE ( geval_goodsid = '100034' ) AND ( (geval_image <> '') OR (geval_image_again <> '') ) LIMIT 1  
[2019-01-26 19:18:56] /shop/index.php?act=goods&op=comments_list&goods_id=105652&type=2 ( act=goods&op=comments_list ) 
ERR: Db Error: Unknown column 'geval_image_again' in 'where clause'
SELECT COUNT(*) AS nc_count FROM `zmkj_evaluate_goods` WHERE ( geval_goodsid = '105652' ) AND ( (geval_image <> '') OR (geval_image_again <> '') ) LIMIT 1  
[2019-01-26 19:30:32] /shop/index.php?act=goods&op=comments_list&goods_id=105275&type=3 ( act=goods&op=comments_list ) 
ERR: Db Error: Unknown column 'geval_image_again' in 'where clause'
SELECT COUNT(*) AS nc_count FROM `zmkj_evaluate_goods` WHERE ( geval_goodsid = '105275' ) AND ( (geval_image <> '') OR (geval_image_again <> '') ) LIMIT 1  
[2019-01-26 19:39:14] /shop/index.php?act=goods&op=comments_list&goods_id=107468&type=3 ( act=goods&op=comments_list ) 
ERR: Db Error: Unknown column 'geval_image_again' in 'where clause'
SELECT COUNT(*) AS nc_count FROM `zmkj_evaluate_goods` WHERE ( geval_goodsid = '107468' ) AND ( (geval_image <> '') OR (geval_image_again <> '') ) LIMIT 1  
[2019-01-26 20:02:26] /shop/index.php?act=goods&op=comments_list&goods_id=102052&type=3 ( act=goods&op=comments_list ) 
ERR: Db Error: Unknown column 'geval_image_again' in 'where clause'
SELECT COUNT(*) AS nc_count FROM `zmkj_evaluate_goods` WHERE ( geval_goodsid = '102052' ) AND ( (geval_image <> '') OR (geval_image_again <> '') ) LIMIT 1  
[2019-01-26 20:08:14] /shop/index.php?act=goods&op=comments_list&goods_id=105275&type=2 ( act=goods&op=comments_list ) 
ERR: Db Error: Unknown column 'geval_image_again' in 'where clause'
SELECT COUNT(*) AS nc_count FROM `zmkj_evaluate_goods` WHERE ( geval_goodsid = '105275' ) AND ( (geval_image <> '') OR (geval_image_again <> '') ) LIMIT 1  
[2019-01-26 20:34:19] /shop/index.php?act=goods&op=comments_list&goods_id=102671&type=3 ( act=goods&op=comments_list ) 
ERR: Db Error: Unknown column 'geval_image_again' in 'where clause'
SELECT COUNT(*) AS nc_count FROM `zmkj_evaluate_goods` WHERE ( geval_goodsid = '102671' ) AND ( (geval_image <> '') OR (geval_image_again <> '') ) LIMIT 1  
[2019-01-26 20:37:13] /shop/index.php?act=goods&op=comments_list&goods_id=104321&type=3 ( act=goods&op=comments_list ) 
ERR: Db Error: Unknown column 'geval_image_again' in 'where clause'
SELECT COUNT(*) AS nc_count FROM `zmkj_evaluate_goods` WHERE ( geval_goodsid = '104321' ) AND ( (geval_image <> '') OR (geval_image_again <> '') ) LIMIT 1  
[2019-01-26 20:40:06] /shop/index.php?act=goods&op=comments_list&goods_id=104328&type=2 ( act=goods&op=comments_list ) 
ERR: Db Error: Unknown column 'geval_image_again' in 'where clause'
SELECT COUNT(*) AS nc_count FROM `zmkj_evaluate_goods` WHERE ( geval_goodsid = '104328' ) AND ( (geval_image <> '') OR (geval_image_again <> '') ) LIMIT 1  
[2019-01-26 20:42:58] /shop/index.php?act=goods&op=comments_list&goods_id=107985 ( act=goods&op=comments_list ) 
ERR: Db Error: Unknown column 'geval_image_again' in 'where clause'
SELECT COUNT(*) AS nc_count FROM `zmkj_evaluate_goods` WHERE ( geval_goodsid = '107985' ) AND ( (geval_image <> '') OR (geval_image_again <> '') ) LIMIT 1  
[2019-01-26 20:48:43] /shop/index.php?act=goods&op=comments_list&goods_id=106085 ( act=goods&op=comments_list ) 
ERR: Db Error: Unknown column 'geval_image_again' in 'where clause'
SELECT COUNT(*) AS nc_count FROM `zmkj_evaluate_goods` WHERE ( geval_goodsid = '106085' ) AND ( (geval_image <> '') OR (geval_image_again <> '') ) LIMIT 1  
[2019-01-26 21:00:12] /shop/index.php?act=goods&op=comments_list&goods_id=107295&type=2 ( act=goods&op=comments_list ) 
ERR: Db Error: Unknown column 'geval_image_again' in 'where clause'
SELECT COUNT(*) AS nc_count FROM `zmkj_evaluate_goods` WHERE ( geval_goodsid = '107295' ) AND ( (geval_image <> '') OR (geval_image_again <> '') ) LIMIT 1  
[2019-01-26 21:03:05] /shop/index.php?act=goods&op=comments_list&goods_id=104441&type=2 ( act=goods&op=comments_list ) 
ERR: Db Error: Unknown column 'geval_image_again' in 'where clause'
SELECT COUNT(*) AS nc_count FROM `zmkj_evaluate_goods` WHERE ( geval_goodsid = '104441' ) AND ( (geval_image <> '') OR (geval_image_again <> '') ) LIMIT 1  
[2019-01-26 21:05:57] /shop/index.php?act=goods&op=comments_list&goods_id=102537&type=2 ( act=goods&op=comments_list ) 
ERR: Db Error: Unknown column 'geval_image_again' in 'where clause'
SELECT COUNT(*) AS nc_count FROM `zmkj_evaluate_goods` WHERE ( geval_goodsid = '102537' ) AND ( (geval_image <> '') OR (geval_image_again <> '') ) LIMIT 1  
[2019-01-26 21:26:04] /shop/index.php?act=goods&op=comments_list&goods_id=103938 ( act=goods&op=comments_list ) 
ERR: Db Error: Unknown column 'geval_image_again' in 'where clause'
SELECT COUNT(*) AS nc_count FROM `zmkj_evaluate_goods` WHERE ( geval_goodsid = '103938' ) AND ( (geval_image <> '') OR (geval_image_again <> '') ) LIMIT 1  
[2019-01-26 21:34:41] /shop/index.php?act=goods&op=comments_list&goods_id=103238&type=2 ( act=goods&op=comments_list ) 
ERR: Db Error: Unknown column 'geval_image_again' in 'where clause'
SELECT COUNT(*) AS nc_count FROM `zmkj_evaluate_goods` WHERE ( geval_goodsid = '103238' ) AND ( (geval_image <> '') OR (geval_image_again <> '') ) LIMIT 1  
[2019-01-26 21:40:25] /shop/index.php?act=goods&op=comments_list&goods_id=105647&type=3 ( act=goods&op=comments_list ) 
ERR: Db Error: Unknown column 'geval_image_again' in 'where clause'
SELECT COUNT(*) AS nc_count FROM `zmkj_evaluate_goods` WHERE ( geval_goodsid = '105647' ) AND ( (geval_image <> '') OR (geval_image_again <> '') ) LIMIT 1  
[2019-01-26 21:54:47] /shop/index.php?act=goods&op=comments_list&goods_id=106261&type=2 ( act=goods&op=comments_list ) 
ERR: Db Error: Unknown column 'geval_image_again' in 'where clause'
SELECT COUNT(*) AS nc_count FROM `zmkj_evaluate_goods` WHERE ( geval_goodsid = '106261' ) AND ( (geval_image <> '') OR (geval_image_again <> '') ) LIMIT 1  
[2019-01-26 22:06:17] /shop/index.php?act=goods&op=comments_list&goods_id=104309&type=2 ( act=goods&op=comments_list ) 
ERR: Db Error: Unknown column 'geval_image_again' in 'where clause'
SELECT COUNT(*) AS nc_count FROM `zmkj_evaluate_goods` WHERE ( geval_goodsid = '104309' ) AND ( (geval_image <> '') OR (geval_image_again <> '') ) LIMIT 1  
[2019-01-26 22:14:54] /shop/index.php?act=goods&op=comments_list&goods_id=103224&type=2 ( act=goods&op=comments_list ) 
ERR: Db Error: Unknown column 'geval_image_again' in 'where clause'
SELECT COUNT(*) AS nc_count FROM `zmkj_evaluate_goods` WHERE ( geval_goodsid = '103224' ) AND ( (geval_image <> '') OR (geval_image_again <> '') ) LIMIT 1  
[2019-01-26 22:56:44] /shop/index.php?act=goods&op=comments_list&goods_id=101168&type=3 ( act=goods&op=comments_list ) 
ERR: Db Error: Unknown column 'geval_image_again' in 'where clause'
SELECT COUNT(*) AS nc_count FROM `zmkj_evaluate_goods` WHERE ( geval_goodsid = '101168' ) AND ( (geval_image <> '') OR (geval_image_again <> '') ) LIMIT 1  
[2019-01-26 23:03:01] /shop/index.php?act=goods&op=comments_list&goods_id=106799&type=2 ( act=goods&op=comments_list ) 
ERR: Db Error: Unknown column 'geval_image_again' in 'where clause'
SELECT COUNT(*) AS nc_count FROM `zmkj_evaluate_goods` WHERE ( geval_goodsid = '106799' ) AND ( (geval_image <> '') OR (geval_image_again <> '') ) LIMIT 1  
[2019-01-26 23:11:24] /shop/index.php?act=goods&op=comments_list&goods_id=105308&type=2 ( act=goods&op=comments_list ) 
ERR: Db Error: Unknown column 'geval_image_again' in 'where clause'
SELECT COUNT(*) AS nc_count FROM `zmkj_evaluate_goods` WHERE ( geval_goodsid = '105308' ) AND ( (geval_image <> '') OR (geval_image_again <> '') ) LIMIT 1  
[2019-01-26 23:28:09] /shop/index.php?act=goods&op=comments_list&goods_id=105943&type=2 ( act=goods&op=comments_list ) 
ERR: Db Error: Unknown column 'geval_image_again' in 'where clause'
SELECT COUNT(*) AS nc_count FROM `zmkj_evaluate_goods` WHERE ( geval_goodsid = '105943' ) AND ( (geval_image <> '') OR (geval_image_again <> '') ) LIMIT 1  
[2019-01-26 23:42:49] /shop/index.php?act=goods&op=comments_list&goods_id=105943&type=3 ( act=goods&op=comments_list ) 
ERR: Db Error: Unknown column 'geval_image_again' in 'where clause'
SELECT COUNT(*) AS nc_count FROM `zmkj_evaluate_goods` WHERE ( geval_goodsid = '105943' ) AND ( (geval_image <> '') OR (geval_image_again <> '') ) LIMIT 1  
