[2019-04-22 00:49:59] /shop/index.php?act=goods&op=comments_list&goods_id=108617 ( act=goods&op=comments_list ) 
ERR: Db Error: Unknown column 'geval_image_again' in 'where clause'
SELECT COUNT(*) AS nc_count FROM `zmkj_evaluate_goods` WHERE ( geval_goodsid = '108617' ) AND ( (geval_image <> '') OR (geval_image_again <> '') ) LIMIT 1  
[2019-04-22 00:50:10] /shop/index.php?act=search&op=index&cate_id=2165 ( act=search&op=index ) 
ERR: Db Error: Unknown column 'gc_id_' in 'where clause'
SELECT count(distinct CONCAT(goods_commonid)) AS nc_count FROM `zmkj_goods` WHERE ( gc_id_ = '2165' ) AND ( goods_state = '1' ) AND ( goods_verify = '1' ) LIMIT 1  
[2019-04-22 00:50:11] /shop/index.php?act=search&op=index&cate_id=2185 ( act=search&op=index ) 
ERR: Db Error: Unknown column 'gc_id_' in 'where clause'
SELECT count(distinct CONCAT(goods_commonid)) AS nc_count FROM `zmkj_goods` WHERE ( gc_id_ = '2185' ) AND ( goods_state = '1' ) AND ( goods_verify = '1' ) LIMIT 1  
[2019-04-22 00:50:13] /shop/index.php?act=search&op=index&cate_id=2192 ( act=search&op=index ) 
ERR: Db Error: Unknown column 'gc_id_' in 'where clause'
SELECT count(distinct CONCAT(goods_commonid)) AS nc_count FROM `zmkj_goods` WHERE ( gc_id_ = '2192' ) AND ( goods_state = '1' ) AND ( goods_verify = '1' ) LIMIT 1  
[2019-04-22 00:50:16] /shop/index.php?act=search&op=index&cate_id=2201 ( act=search&op=index ) 
ERR: Db Error: Unknown column 'gc_id_' in 'where clause'
SELECT count(distinct CONCAT(goods_commonid)) AS nc_count FROM `zmkj_goods` WHERE ( gc_id_ = '2201' ) AND ( goods_state = '1' ) AND ( goods_verify = '1' ) LIMIT 1  
[2019-04-22 00:50:47] /shop/index.php?act=search&op=index&cate_id=1576 ( act=search&op=index ) 
ERR: Db Error: Unknown column 'gc_id_' in 'where clause'
SELECT count(distinct CONCAT(goods_commonid)) AS nc_count FROM `zmkj_goods` WHERE ( gc_id_ = '1576' ) AND ( goods_state = '1' ) AND ( goods_verify = '1' ) LIMIT 1  
[2019-04-22 00:50:50] /shop/index.php?act=search&op=index&cate_id=1595 ( act=search&op=index ) 
ERR: Db Error: Unknown column 'gc_id_' in 'where clause'
SELECT count(distinct CONCAT(goods_commonid)) AS nc_count FROM `zmkj_goods` WHERE ( gc_id_ = '1595' ) AND ( goods_state = '1' ) AND ( goods_verify = '1' ) LIMIT 1  
[2019-04-22 00:50:52] /shop/index.php?act=search&op=index&cate_id=2125 ( act=search&op=index ) 
ERR: Db Error: Unknown column 'gc_id_' in 'where clause'
SELECT count(distinct CONCAT(goods_commonid)) AS nc_count FROM `zmkj_goods` WHERE ( gc_id_ = '2125' ) AND ( goods_state = '1' ) AND ( goods_verify = '1' ) LIMIT 1  
[2019-04-22 00:50:53] /shop/index.php?act=search&op=index&cate_id=2135 ( act=search&op=index ) 
ERR: Db Error: Unknown column 'gc_id_' in 'where clause'
SELECT count(distinct CONCAT(goods_commonid)) AS nc_count FROM `zmkj_goods` WHERE ( gc_id_ = '2135' ) AND ( goods_state = '1' ) AND ( goods_verify = '1' ) LIMIT 1  
[2019-04-22 00:50:55] /shop/index.php?act=search&op=index&cate_id=1589 ( act=search&op=index ) 
ERR: Db Error: Unknown column 'gc_id_' in 'where clause'
SELECT count(distinct CONCAT(goods_commonid)) AS nc_count FROM `zmkj_goods` WHERE ( gc_id_ = '1589' ) AND ( goods_state = '1' ) AND ( goods_verify = '1' ) LIMIT 1  
[2019-04-22 00:50:56] /shop/index.php?act=search&op=index&cate_id=1579 ( act=search&op=index ) 
ERR: Db Error: Unknown column 'gc_id_' in 'where clause'
SELECT count(distinct CONCAT(goods_commonid)) AS nc_count FROM `zmkj_goods` WHERE ( gc_id_ = '1579' ) AND ( goods_state = '1' ) AND ( goods_verify = '1' ) LIMIT 1  
[2019-04-22 00:50:57] /shop/index.php?act=search&op=index&cate_id=2191 ( act=search&op=index ) 
ERR: Db Error: Unknown column 'gc_id_' in 'where clause'
SELECT count(distinct CONCAT(goods_commonid)) AS nc_count FROM `zmkj_goods` WHERE ( gc_id_ = '2191' ) AND ( goods_state = '1' ) AND ( goods_verify = '1' ) LIMIT 1  
[2019-04-22 00:51:07] /shop/index.php?act=goods&op=comments_list&goods_id=108858 ( act=goods&op=comments_list ) 
ERR: Db Error: Unknown column 'geval_image_again' in 'where clause'
SELECT COUNT(*) AS nc_count FROM `zmkj_evaluate_goods` WHERE ( geval_goodsid = '108858' ) AND ( (geval_image <> '') OR (geval_image_again <> '') ) LIMIT 1  
[2019-04-22 00:51:13] /shop/index.php?act=goods&op=comments_list&goods_id=107995 ( act=goods&op=comments_list ) 
ERR: Db Error: Unknown column 'geval_image_again' in 'where clause'
SELECT COUNT(*) AS nc_count FROM `zmkj_evaluate_goods` WHERE ( geval_goodsid = '107995' ) AND ( (geval_image <> '') OR (geval_image_again <> '') ) LIMIT 1  
[2019-04-22 00:51:30] /shop/index.php?act=goods&op=comments_list&goods_id=107982 ( act=goods&op=comments_list ) 
ERR: Db Error: Unknown column 'geval_image_again' in 'where clause'
SELECT COUNT(*) AS nc_count FROM `zmkj_evaluate_goods` WHERE ( geval_goodsid = '107982' ) AND ( (geval_image <> '') OR (geval_image_again <> '') ) LIMIT 1  
[2019-04-22 00:51:32] /shop/index.php?act=goods&op=comments_list&goods_id=107975 ( act=goods&op=comments_list ) 
ERR: Db Error: Unknown column 'geval_image_again' in 'where clause'
SELECT COUNT(*) AS nc_count FROM `zmkj_evaluate_goods` WHERE ( geval_goodsid = '107975' ) AND ( (geval_image <> '') OR (geval_image_again <> '') ) LIMIT 1  
[2019-04-22 00:52:18] /shop/index.php?act=goods&op=comments_list&goods_id=108495 ( act=goods&op=comments_list ) 
ERR: Db Error: Unknown column 'geval_image_again' in 'where clause'
SELECT COUNT(*) AS nc_count FROM `zmkj_evaluate_goods` WHERE ( geval_goodsid = '108495' ) AND ( (geval_image <> '') OR (geval_image_again <> '') ) LIMIT 1  
[2019-04-22 00:52:36] /shop/index.php?act=search&op=index&cate_id=2163 ( act=search&op=index ) 
ERR: Db Error: Unknown column 'gc_id_' in 'where clause'
SELECT count(distinct CONCAT(goods_commonid)) AS nc_count FROM `zmkj_goods` WHERE ( gc_id_ = '2163' ) AND ( goods_state = '1' ) AND ( goods_verify = '1' ) LIMIT 1  
[2019-04-22 00:52:51] /shop/index.php?act=goods&op=comments_list&goods_id=108849 ( act=goods&op=comments_list ) 
ERR: Db Error: Unknown column 'geval_image_again' in 'where clause'
SELECT COUNT(*) AS nc_count FROM `zmkj_evaluate_goods` WHERE ( geval_goodsid = '108849' ) AND ( (geval_image <> '') OR (geval_image_again <> '') ) LIMIT 1  
[2019-04-22 00:52:52] /shop/index.php?act=search&op=index&cate_id=2111 ( act=search&op=index ) 
ERR: Db Error: Unknown column 'gc_id_' in 'where clause'
SELECT count(distinct CONCAT(goods_commonid)) AS nc_count FROM `zmkj_goods` WHERE ( gc_id_ = '2111' ) AND ( goods_state = '1' ) AND ( goods_verify = '1' ) LIMIT 1  
[2019-04-22 00:53:24] /shop/index.php?act=goods&op=comments_list&goods_id=108852 ( act=goods&op=comments_list ) 
ERR: Db Error: Unknown column 'geval_image_again' in 'where clause'
SELECT COUNT(*) AS nc_count FROM `zmkj_evaluate_goods` WHERE ( geval_goodsid = '108852' ) AND ( (geval_image <> '') OR (geval_image_again <> '') ) LIMIT 1  
[2019-04-22 00:53:35] /shop/index.php?act=goods&op=comments_list&goods_id=107974 ( act=goods&op=comments_list ) 
ERR: Db Error: Unknown column 'geval_image_again' in 'where clause'
SELECT COUNT(*) AS nc_count FROM `zmkj_evaluate_goods` WHERE ( geval_goodsid = '107974' ) AND ( (geval_image <> '') OR (geval_image_again <> '') ) LIMIT 1  
[2019-04-22 00:54:49] /shop/index.php?act=goods&op=comments_list&goods_id=107990 ( act=goods&op=comments_list ) 
ERR: Db Error: Unknown column 'geval_image_again' in 'where clause'
SELECT COUNT(*) AS nc_count FROM `zmkj_evaluate_goods` WHERE ( geval_goodsid = '107990' ) AND ( (geval_image <> '') OR (geval_image_again <> '') ) LIMIT 1  
[2019-04-22 01:14:44] /shop/index.php?act=goods&op=comments_list&goods_id=108695 ( act=goods&op=comments_list ) 
ERR: Db Error: Unknown column 'geval_image_again' in 'where clause'
SELECT COUNT(*) AS nc_count FROM `zmkj_evaluate_goods` WHERE ( geval_goodsid = '108695' ) AND ( (geval_image <> '') OR (geval_image_again <> '') ) LIMIT 1  
[2019-04-22 01:42:52] /shop/index.php?act=goods&op=comments_list&goods_id=104090 ( act=goods&op=comments_list ) 
ERR: Db Error: Unknown column 'geval_image_again' in 'where clause'
SELECT COUNT(*) AS nc_count FROM `zmkj_evaluate_goods` WHERE ( geval_goodsid = '104090' ) AND ( (geval_image <> '') OR (geval_image_again <> '') ) LIMIT 1  
[2019-04-22 02:54:31] /shop/index.php?act=goods&op=comments_list&goods_id=108639 ( act=goods&op=comments_list ) 
ERR: Db Error: Unknown column 'geval_image_again' in 'where clause'
SELECT COUNT(*) AS nc_count FROM `zmkj_evaluate_goods` WHERE ( geval_goodsid = '108639' ) AND ( (geval_image <> '') OR (geval_image_again <> '') ) LIMIT 1  
[2019-04-22 03:22:21] /shop/index.php?act=goods&op=comments_list&goods_id=107449 ( act=goods&op=comments_list ) 
ERR: Db Error: Unknown column 'geval_image_again' in 'where clause'
SELECT COUNT(*) AS nc_count FROM `zmkj_evaluate_goods` WHERE ( geval_goodsid = '107449' ) AND ( (geval_image <> '') OR (geval_image_again <> '') ) LIMIT 1  
[2019-04-22 03:53:09] /shop/index.php?act=search&op=index&cate_id=1586 ( act=search&op=index ) 
ERR: Db Error: Unknown column 'gc_id_' in 'where clause'
SELECT count(distinct CONCAT(goods_commonid)) AS nc_count FROM `zmkj_goods` WHERE ( gc_id_ = '1586' ) AND ( goods_state = '1' ) AND ( goods_verify = '1' ) LIMIT 1  
[2019-04-22 03:53:11] /shop/index.php?act=search&op=index&cate_id=1581 ( act=search&op=index ) 
ERR: Db Error: Unknown column 'gc_id_' in 'where clause'
SELECT count(distinct CONCAT(goods_commonid)) AS nc_count FROM `zmkj_goods` WHERE ( gc_id_ = '1581' ) AND ( goods_state = '1' ) AND ( goods_verify = '1' ) LIMIT 1  
[2019-04-22 03:53:13] /shop/index.php?act=search&op=index&cate_id=1566 ( act=search&op=index ) 
ERR: Db Error: Unknown column 'gc_id_' in 'where clause'
SELECT count(distinct CONCAT(goods_commonid)) AS nc_count FROM `zmkj_goods` WHERE ( gc_id_ = '1566' ) AND ( goods_state = '1' ) AND ( goods_verify = '1' ) LIMIT 1  
[2019-04-22 03:54:17] /shop/index.php?act=search&op=index&cate_id=1580 ( act=search&op=index ) 
ERR: Db Error: Unknown column 'gc_id_' in 'where clause'
SELECT count(distinct CONCAT(goods_commonid)) AS nc_count FROM `zmkj_goods` WHERE ( gc_id_ = '1580' ) AND ( goods_state = '1' ) AND ( goods_verify = '1' ) LIMIT 1  
[2019-04-22 03:55:26] /shop/index.php?act=goods&op=comments_list&goods_id=108046 ( act=goods&op=comments_list ) 
ERR: Db Error: Unknown column 'geval_image_again' in 'where clause'
SELECT COUNT(*) AS nc_count FROM `zmkj_evaluate_goods` WHERE ( geval_goodsid = '108046' ) AND ( (geval_image <> '') OR (geval_image_again <> '') ) LIMIT 1  
[2019-04-22 03:55:26] /shop/index.php?act=goods&op=comments_list&goods_id=108041 ( act=goods&op=comments_list ) 
ERR: Db Error: Unknown column 'geval_image_again' in 'where clause'
SELECT COUNT(*) AS nc_count FROM `zmkj_evaluate_goods` WHERE ( geval_goodsid = '108041' ) AND ( (geval_image <> '') OR (geval_image_again <> '') ) LIMIT 1  
[2019-04-22 03:55:27] /shop/index.php?act=goods&op=comments_list&goods_id=108030 ( act=goods&op=comments_list ) 
ERR: Db Error: Unknown column 'geval_image_again' in 'where clause'
SELECT COUNT(*) AS nc_count FROM `zmkj_evaluate_goods` WHERE ( geval_goodsid = '108030' ) AND ( (geval_image <> '') OR (geval_image_again <> '') ) LIMIT 1  
[2019-04-22 03:55:31] /shop/index.php?act=goods&op=comments_list&goods_id=108020 ( act=goods&op=comments_list ) 
ERR: Db Error: Unknown column 'geval_image_again' in 'where clause'
SELECT COUNT(*) AS nc_count FROM `zmkj_evaluate_goods` WHERE ( geval_goodsid = '108020' ) AND ( (geval_image <> '') OR (geval_image_again <> '') ) LIMIT 1  
[2019-04-22 03:55:40] /shop/index.php?act=goods&op=comments_list&goods_id=107997 ( act=goods&op=comments_list ) 
ERR: Db Error: Unknown column 'geval_image_again' in 'where clause'
SELECT COUNT(*) AS nc_count FROM `zmkj_evaluate_goods` WHERE ( geval_goodsid = '107997' ) AND ( (geval_image <> '') OR (geval_image_again <> '') ) LIMIT 1  
[2019-04-22 03:55:41] /shop/index.php?act=goods&op=comments_list&goods_id=107977 ( act=goods&op=comments_list ) 
ERR: Db Error: Unknown column 'geval_image_again' in 'where clause'
SELECT COUNT(*) AS nc_count FROM `zmkj_evaluate_goods` WHERE ( geval_goodsid = '107977' ) AND ( (geval_image <> '') OR (geval_image_again <> '') ) LIMIT 1  
[2019-04-22 03:56:22] /shop/index.php?act=goods&op=comments_list&goods_id=108776 ( act=goods&op=comments_list ) 
ERR: Db Error: Unknown column 'geval_image_again' in 'where clause'
SELECT COUNT(*) AS nc_count FROM `zmkj_evaluate_goods` WHERE ( geval_goodsid = '108776' ) AND ( (geval_image <> '') OR (geval_image_again <> '') ) LIMIT 1  
[2019-04-22 03:56:23] /shop/index.php?act=goods&op=comments_list&goods_id=108593 ( act=goods&op=comments_list ) 
ERR: Db Error: Unknown column 'geval_image_again' in 'where clause'
SELECT COUNT(*) AS nc_count FROM `zmkj_evaluate_goods` WHERE ( geval_goodsid = '108593' ) AND ( (geval_image <> '') OR (geval_image_again <> '') ) LIMIT 1  
[2019-04-22 03:57:02] /shop/index.php?act=goods&op=comments_list&goods_id=108059 ( act=goods&op=comments_list ) 
ERR: Db Error: Unknown column 'geval_image_again' in 'where clause'
SELECT COUNT(*) AS nc_count FROM `zmkj_evaluate_goods` WHERE ( geval_goodsid = '108059' ) AND ( (geval_image <> '') OR (geval_image_again <> '') ) LIMIT 1  
[2019-04-22 03:57:03] /shop/index.php?act=goods&op=comments_list&goods_id=108055 ( act=goods&op=comments_list ) 
ERR: Db Error: Unknown column 'geval_image_again' in 'where clause'
SELECT COUNT(*) AS nc_count FROM `zmkj_evaluate_goods` WHERE ( geval_goodsid = '108055' ) AND ( (geval_image <> '') OR (geval_image_again <> '') ) LIMIT 1  
[2019-04-22 03:57:04] /shop/index.php?act=goods&op=comments_list&goods_id=108052 ( act=goods&op=comments_list ) 
ERR: Db Error: Unknown column 'geval_image_again' in 'where clause'
SELECT COUNT(*) AS nc_count FROM `zmkj_evaluate_goods` WHERE ( geval_goodsid = '108052' ) AND ( (geval_image <> '') OR (geval_image_again <> '') ) LIMIT 1  
[2019-04-22 03:57:06] /shop/index.php?act=goods&op=comments_list&goods_id=108049 ( act=goods&op=comments_list ) 
ERR: Db Error: Unknown column 'geval_image_again' in 'where clause'
SELECT COUNT(*) AS nc_count FROM `zmkj_evaluate_goods` WHERE ( geval_goodsid = '108049' ) AND ( (geval_image <> '') OR (geval_image_again <> '') ) LIMIT 1  
[2019-04-22 03:57:09] /shop/index.php?act=goods&op=comments_list&goods_id=108024 ( act=goods&op=comments_list ) 
ERR: Db Error: Unknown column 'geval_image_again' in 'where clause'
SELECT COUNT(*) AS nc_count FROM `zmkj_evaluate_goods` WHERE ( geval_goodsid = '108024' ) AND ( (geval_image <> '') OR (geval_image_again <> '') ) LIMIT 1  
[2019-04-22 03:57:11] /shop/index.php?act=goods&op=comments_list&goods_id=108023 ( act=goods&op=comments_list ) 
ERR: Db Error: Unknown column 'geval_image_again' in 'where clause'
SELECT COUNT(*) AS nc_count FROM `zmkj_evaluate_goods` WHERE ( geval_goodsid = '108023' ) AND ( (geval_image <> '') OR (geval_image_again <> '') ) LIMIT 1  
[2019-04-22 03:57:13] /shop/index.php?act=goods&op=comments_list&goods_id=108006 ( act=goods&op=comments_list ) 
ERR: Db Error: Unknown column 'geval_image_again' in 'where clause'
SELECT COUNT(*) AS nc_count FROM `zmkj_evaluate_goods` WHERE ( geval_goodsid = '108006' ) AND ( (geval_image <> '') OR (geval_image_again <> '') ) LIMIT 1  
[2019-04-22 03:58:17] /shop/index.php?act=search&op=index&cate_id=1697 ( act=search&op=index ) 
ERR: Db Error: Unknown column 'gc_id_' in 'where clause'
SELECT count(distinct CONCAT(goods_commonid)) AS nc_count FROM `zmkj_goods` WHERE ( gc_id_ = '1697' ) AND ( goods_state = '1' ) AND ( goods_verify = '1' ) LIMIT 1  
[2019-04-22 03:58:33] /shop/index.php?act=search&op=index&cate_id=1599 ( act=search&op=index ) 
ERR: Db Error: Unknown column 'gc_id_' in 'where clause'
SELECT count(distinct CONCAT(goods_commonid)) AS nc_count FROM `zmkj_goods` WHERE ( gc_id_ = '1599' ) AND ( goods_state = '1' ) AND ( goods_verify = '1' ) LIMIT 1  
[2019-04-22 03:58:34] /shop/index.php?act=search&op=index&cate_id=1592 ( act=search&op=index ) 
ERR: Db Error: Unknown column 'gc_id_' in 'where clause'
SELECT count(distinct CONCAT(goods_commonid)) AS nc_count FROM `zmkj_goods` WHERE ( gc_id_ = '1592' ) AND ( goods_state = '1' ) AND ( goods_verify = '1' ) LIMIT 1  
[2019-04-22 03:58:35] /shop/index.php?act=search&op=index&cate_id=1585 ( act=search&op=index ) 
ERR: Db Error: Unknown column 'gc_id_' in 'where clause'
SELECT count(distinct CONCAT(goods_commonid)) AS nc_count FROM `zmkj_goods` WHERE ( gc_id_ = '1585' ) AND ( goods_state = '1' ) AND ( goods_verify = '1' ) LIMIT 1  
[2019-04-22 03:58:35] /shop/index.php?act=search&op=index&cate_id=1582 ( act=search&op=index ) 
ERR: Db Error: Unknown column 'gc_id_' in 'where clause'
SELECT count(distinct CONCAT(goods_commonid)) AS nc_count FROM `zmkj_goods` WHERE ( gc_id_ = '1582' ) AND ( goods_state = '1' ) AND ( goods_verify = '1' ) LIMIT 1  
[2019-04-22 03:59:13] /shop/index.php?act=goods&op=comments_list&goods_id=108487 ( act=goods&op=comments_list ) 
ERR: Db Error: Unknown column 'geval_image_again' in 'where clause'
SELECT COUNT(*) AS nc_count FROM `zmkj_evaluate_goods` WHERE ( geval_goodsid = '108487' ) AND ( (geval_image <> '') OR (geval_image_again <> '') ) LIMIT 1  
[2019-04-22 03:59:14] /shop/index.php?act=goods&op=comments_list&goods_id=108264 ( act=goods&op=comments_list ) 
ERR: Db Error: Unknown column 'geval_image_again' in 'where clause'
SELECT COUNT(*) AS nc_count FROM `zmkj_evaluate_goods` WHERE ( geval_goodsid = '108264' ) AND ( (geval_image <> '') OR (geval_image_again <> '') ) LIMIT 1  
[2019-04-22 03:59:16] /shop/index.php?act=goods&op=comments_list&goods_id=108061 ( act=goods&op=comments_list ) 
ERR: Db Error: Unknown column 'geval_image_again' in 'where clause'
SELECT COUNT(*) AS nc_count FROM `zmkj_evaluate_goods` WHERE ( geval_goodsid = '108061' ) AND ( (geval_image <> '') OR (geval_image_again <> '') ) LIMIT 1  
[2019-04-22 03:59:24] /shop/index.php?act=search&op=index&cate_id=2166 ( act=search&op=index ) 
ERR: Db Error: Unknown column 'gc_id_' in 'where clause'
SELECT count(distinct CONCAT(goods_commonid)) AS nc_count FROM `zmkj_goods` WHERE ( gc_id_ = '2166' ) AND ( goods_state = '1' ) AND ( goods_verify = '1' ) LIMIT 1  
[2019-04-22 03:59:35] /shop/index.php?act=goods&op=comments_list&goods_id=108035 ( act=goods&op=comments_list ) 
ERR: Db Error: Unknown column 'geval_image_again' in 'where clause'
SELECT COUNT(*) AS nc_count FROM `zmkj_evaluate_goods` WHERE ( geval_goodsid = '108035' ) AND ( (geval_image <> '') OR (geval_image_again <> '') ) LIMIT 1  
[2019-04-22 04:00:01] /shop/index.php?act=goods&op=comments_list&goods_id=108000 ( act=goods&op=comments_list ) 
ERR: Db Error: Unknown column 'geval_image_again' in 'where clause'
SELECT COUNT(*) AS nc_count FROM `zmkj_evaluate_goods` WHERE ( geval_goodsid = '108000' ) AND ( (geval_image <> '') OR (geval_image_again <> '') ) LIMIT 1  
[2019-04-22 04:00:04] /shop/index.php?act=goods&op=comments_list&goods_id=107985 ( act=goods&op=comments_list ) 
ERR: Db Error: Unknown column 'geval_image_again' in 'where clause'
SELECT COUNT(*) AS nc_count FROM `zmkj_evaluate_goods` WHERE ( geval_goodsid = '107985' ) AND ( (geval_image <> '') OR (geval_image_again <> '') ) LIMIT 1  
[2019-04-22 04:00:08] /shop/index.php?act=goods&op=comments_list&goods_id=107969 ( act=goods&op=comments_list ) 
ERR: Db Error: Unknown column 'geval_image_again' in 'where clause'
SELECT COUNT(*) AS nc_count FROM `zmkj_evaluate_goods` WHERE ( geval_goodsid = '107969' ) AND ( (geval_image <> '') OR (geval_image_again <> '') ) LIMIT 1  
[2019-04-22 04:00:18] /shop/index.php?act=search&op=index&cate_id=2131 ( act=search&op=index ) 
ERR: Db Error: Unknown column 'gc_id_' in 'where clause'
SELECT count(distinct CONCAT(goods_commonid)) AS nc_count FROM `zmkj_goods` WHERE ( gc_id_ = '2131' ) AND ( goods_state = '1' ) AND ( goods_verify = '1' ) LIMIT 1  
[2019-04-22 04:00:19] /shop/index.php?act=search&op=index&cate_id=2136 ( act=search&op=index ) 
ERR: Db Error: Unknown column 'gc_id_' in 'where clause'
SELECT count(distinct CONCAT(goods_commonid)) AS nc_count FROM `zmkj_goods` WHERE ( gc_id_ = '2136' ) AND ( goods_state = '1' ) AND ( goods_verify = '1' ) LIMIT 1  
[2019-04-22 04:00:20] /shop/index.php?act=search&op=index&cate_id=2140 ( act=search&op=index ) 
ERR: Db Error: Unknown column 'gc_id_' in 'where clause'
SELECT count(distinct CONCAT(goods_commonid)) AS nc_count FROM `zmkj_goods` WHERE ( gc_id_ = '2140' ) AND ( goods_state = '1' ) AND ( goods_verify = '1' ) LIMIT 1  
[2019-04-22 04:00:21] /shop/index.php?act=search&op=index&cate_id=2169 ( act=search&op=index ) 
ERR: Db Error: Unknown column 'gc_id_' in 'where clause'
SELECT count(distinct CONCAT(goods_commonid)) AS nc_count FROM `zmkj_goods` WHERE ( gc_id_ = '2169' ) AND ( goods_state = '1' ) AND ( goods_verify = '1' ) LIMIT 1  
[2019-04-22 04:00:26] /shop/index.php?act=search&op=index&cate_id=2199 ( act=search&op=index ) 
ERR: Db Error: Unknown column 'gc_id_' in 'where clause'
SELECT count(distinct CONCAT(goods_commonid)) AS nc_count FROM `zmkj_goods` WHERE ( gc_id_ = '2199' ) AND ( goods_state = '1' ) AND ( goods_verify = '1' ) LIMIT 1  
[2019-04-22 04:00:32] /shop/index.php?act=goods&op=comments_list&goods_id=108050 ( act=goods&op=comments_list ) 
ERR: Db Error: Unknown column 'geval_image_again' in 'where clause'
SELECT COUNT(*) AS nc_count FROM `zmkj_evaluate_goods` WHERE ( geval_goodsid = '108050' ) AND ( (geval_image <> '') OR (geval_image_again <> '') ) LIMIT 1  
[2019-04-22 04:00:38] /shop/index.php?act=goods&op=comments_list&goods_id=108040 ( act=goods&op=comments_list ) 
ERR: Db Error: Unknown column 'geval_image_again' in 'where clause'
SELECT COUNT(*) AS nc_count FROM `zmkj_evaluate_goods` WHERE ( geval_goodsid = '108040' ) AND ( (geval_image <> '') OR (geval_image_again <> '') ) LIMIT 1  
[2019-04-22 04:00:40] /shop/index.php?act=goods&op=comments_list&goods_id=108026 ( act=goods&op=comments_list ) 
ERR: Db Error: Unknown column 'geval_image_again' in 'where clause'
SELECT COUNT(*) AS nc_count FROM `zmkj_evaluate_goods` WHERE ( geval_goodsid = '108026' ) AND ( (geval_image <> '') OR (geval_image_again <> '') ) LIMIT 1  
[2019-04-22 04:00:53] /shop/index.php?act=goods&op=comments_list&goods_id=108003 ( act=goods&op=comments_list ) 
ERR: Db Error: Unknown column 'geval_image_again' in 'where clause'
SELECT COUNT(*) AS nc_count FROM `zmkj_evaluate_goods` WHERE ( geval_goodsid = '108003' ) AND ( (geval_image <> '') OR (geval_image_again <> '') ) LIMIT 1  
[2019-04-22 04:00:56] /shop/index.php?act=goods&op=comments_list&goods_id=107981 ( act=goods&op=comments_list ) 
ERR: Db Error: Unknown column 'geval_image_again' in 'where clause'
SELECT COUNT(*) AS nc_count FROM `zmkj_evaluate_goods` WHERE ( geval_goodsid = '107981' ) AND ( (geval_image <> '') OR (geval_image_again <> '') ) LIMIT 1  
[2019-04-22 04:01:13] /shop/index.php?act=goods&op=comments_list&goods_id=107966 ( act=goods&op=comments_list ) 
ERR: Db Error: Unknown column 'geval_image_again' in 'where clause'
SELECT COUNT(*) AS nc_count FROM `zmkj_evaluate_goods` WHERE ( geval_goodsid = '107966' ) AND ( (geval_image <> '') OR (geval_image_again <> '') ) LIMIT 1  
[2019-04-22 04:01:14] /shop/index.php?act=goods&op=comments_list&goods_id=107954 ( act=goods&op=comments_list ) 
ERR: Db Error: Unknown column 'geval_image_again' in 'where clause'
SELECT COUNT(*) AS nc_count FROM `zmkj_evaluate_goods` WHERE ( geval_goodsid = '107954' ) AND ( (geval_image <> '') OR (geval_image_again <> '') ) LIMIT 1  
[2019-04-22 10:15:30] /shop/index.php?act=goods&op=comments_list&goods_id=102694 ( act=goods&op=comments_list ) 
ERR: Db Error: Unknown column 'geval_image_again' in 'where clause'
SELECT COUNT(*) AS nc_count FROM `zmkj_evaluate_goods` WHERE ( geval_goodsid = '102694' ) AND ( (geval_image <> '') OR (geval_image_again <> '') ) LIMIT 1  
[2019-04-22 11:22:43] /shop/index.php?act=goods&op=comments_list&goods_id=103573 ( act=goods&op=comments_list ) 
ERR: Db Error: Unknown column 'geval_image_again' in 'where clause'
SELECT COUNT(*) AS nc_count FROM `zmkj_evaluate_goods` WHERE ( geval_goodsid = '103573' ) AND ( (geval_image <> '') OR (geval_image_again <> '') ) LIMIT 1  
[2019-04-22 11:31:28] /shop/index.php?act=goods&op=comments_list&goods_id=107990 ( act=goods&op=comments_list ) 
ERR: Db Error: Unknown column 'geval_image_again' in 'where clause'
SELECT COUNT(*) AS nc_count FROM `zmkj_evaluate_goods` WHERE ( geval_goodsid = '107990' ) AND ( (geval_image <> '') OR (geval_image_again <> '') ) LIMIT 1  
[2019-04-22 12:14:25] /shop/index.php?act=goods&op=comments_list&goods_id=108003 ( act=goods&op=comments_list ) 
ERR: Db Error: Unknown column 'geval_image_again' in 'where clause'
SELECT COUNT(*) AS nc_count FROM `zmkj_evaluate_goods` WHERE ( geval_goodsid = '108003' ) AND ( (geval_image <> '') OR (geval_image_again <> '') ) LIMIT 1  
[2019-04-22 19:19:06] /shop/index.php?act=goods&op=comments_list&goods_id=108050 ( act=goods&op=comments_list ) 
ERR: Db Error: Unknown column 'geval_image_again' in 'where clause'
SELECT COUNT(*) AS nc_count FROM `zmkj_evaluate_goods` WHERE ( geval_goodsid = '108050' ) AND ( (geval_image <> '') OR (geval_image_again <> '') ) LIMIT 1  
[2019-04-22 19:23:52] /shop/index.php?act=goods&op=comments_list&goods_id=109159 ( act=goods&op=comments_list ) 
ERR: Db Error: Unknown column 'geval_image_again' in 'where clause'
SELECT COUNT(*) AS nc_count FROM `zmkj_evaluate_goods` WHERE ( geval_goodsid = '109159' ) AND ( (geval_image <> '') OR (geval_image_again <> '') ) LIMIT 1  
[2019-04-22 19:25:33] /shop/index.php?act=goods&op=comments_list&goods_id=108055 ( act=goods&op=comments_list ) 
ERR: Db Error: Unknown column 'geval_image_again' in 'where clause'
SELECT COUNT(*) AS nc_count FROM `zmkj_evaluate_goods` WHERE ( geval_goodsid = '108055' ) AND ( (geval_image <> '') OR (geval_image_again <> '') ) LIMIT 1  
[2019-04-22 20:35:44] /shop/index.php?act=goods&op=comments_list&goods_id=109161 ( act=goods&op=comments_list ) 
ERR: Db Error: Unknown column 'geval_image_again' in 'where clause'
SELECT COUNT(*) AS nc_count FROM `zmkj_evaluate_goods` WHERE ( geval_goodsid = '109161' ) AND ( (geval_image <> '') OR (geval_image_again <> '') ) LIMIT 1  
[2019-04-22 23:16:50] /shop/index.php?act=goods&op=comments_list&goods_id=107350 ( act=goods&op=comments_list ) 
ERR: Db Error: Unknown column 'geval_image_again' in 'where clause'
SELECT COUNT(*) AS nc_count FROM `zmkj_evaluate_goods` WHERE ( geval_goodsid = '107350' ) AND ( (geval_image <> '') OR (geval_image_again <> '') ) LIMIT 1  
[2019-04-22 23:30:27] /shop/index.php?act=goods&op=comments_list&goods_id=108487 ( act=goods&op=comments_list ) 
ERR: Db Error: Unknown column 'geval_image_again' in 'where clause'
SELECT COUNT(*) AS nc_count FROM `zmkj_evaluate_goods` WHERE ( geval_goodsid = '108487' ) AND ( (geval_image <> '') OR (geval_image_again <> '') ) LIMIT 1  
[2019-04-22 23:36:23] /shop/index.php?act=goods&op=comments_list&goods_id=108046 ( act=goods&op=comments_list ) 
ERR: Db Error: Unknown column 'geval_image_again' in 'where clause'
SELECT COUNT(*) AS nc_count FROM `zmkj_evaluate_goods` WHERE ( geval_goodsid = '108046' ) AND ( (geval_image <> '') OR (geval_image_again <> '') ) LIMIT 1  
