[2019-08-09 00:09:43] /shop/index.php?act=goods&op=comments_list&goods_id=110160&type=3 ( act=goods&op=comments_list ) 
ERR: Db Error: Unknown column 'geval_image_again' in 'where clause'
SELECT COUNT(*) AS nc_count FROM `zmkj_evaluate_goods` WHERE ( geval_goodsid = '110160' ) AND ( (geval_image <> '') OR (geval_image_again <> '') ) LIMIT 1  
[2019-08-09 00:17:54] /shop/index.php?act=goods&op=comments_list&goods_id=109875&type=3 ( act=goods&op=comments_list ) 
ERR: Db Error: Unknown column 'geval_image_again' in 'where clause'
SELECT COUNT(*) AS nc_count FROM `zmkj_evaluate_goods` WHERE ( geval_goodsid = '109875' ) AND ( (geval_image <> '') OR (geval_image_again <> '') ) LIMIT 1  
[2019-08-09 00:58:48] /shop/index.php?act=goods&op=comments_list&goods_id=109287&type=3 ( act=goods&op=comments_list ) 
ERR: Db Error: Unknown column 'geval_image_again' in 'where clause'
SELECT COUNT(*) AS nc_count FROM `zmkj_evaluate_goods` WHERE ( geval_goodsid = '109287' ) AND ( (geval_image <> '') OR (geval_image_again <> '') ) LIMIT 1  
[2019-08-09 01:34:15] /shop/index.php?act=goods&op=comments_list&goods_id=109702&type=3 ( act=goods&op=comments_list ) 
ERR: Db Error: Unknown column 'geval_image_again' in 'where clause'
SELECT COUNT(*) AS nc_count FROM `zmkj_evaluate_goods` WHERE ( geval_goodsid = '109702' ) AND ( (geval_image <> '') OR (geval_image_again <> '') ) LIMIT 1  
[2019-08-09 02:09:43] /shop/index.php?act=goods&op=comments_list&goods_id=110297&type=2 ( act=goods&op=comments_list ) 
ERR: Db Error: Unknown column 'geval_image_again' in 'where clause'
SELECT COUNT(*) AS nc_count FROM `zmkj_evaluate_goods` WHERE ( geval_goodsid = '110297' ) AND ( (geval_image <> '') OR (geval_image_again <> '') ) LIMIT 1  
[2019-08-09 04:04:15] /shop/index.php?act=goods&op=comments_list&goods_id=110330&type=2 ( act=goods&op=comments_list ) 
ERR: Db Error: Unknown column 'geval_image_again' in 'where clause'
SELECT COUNT(*) AS nc_count FROM `zmkj_evaluate_goods` WHERE ( geval_goodsid = '110330' ) AND ( (geval_image <> '') OR (geval_image_again <> '') ) LIMIT 1  
[2019-08-09 04:47:53] /shop/index.php?act=goods&op=comments_list&goods_id=110486&type=3 ( act=goods&op=comments_list ) 
ERR: Db Error: Unknown column 'geval_image_again' in 'where clause'
SELECT COUNT(*) AS nc_count FROM `zmkj_evaluate_goods` WHERE ( geval_goodsid = '110486' ) AND ( (geval_image <> '') OR (geval_image_again <> '') ) LIMIT 1  
[2019-08-09 05:56:50] /shop/index.php?act=goods&op=comments_list&goods_id=110933 ( act=goods&op=comments_list ) 
ERR: Db Error: Unknown column 'geval_image_again' in 'where clause'
SELECT COUNT(*) AS nc_count FROM `zmkj_evaluate_goods` WHERE ( geval_goodsid = '110933' ) AND ( (geval_image <> '') OR (geval_image_again <> '') ) LIMIT 1  
[2019-08-09 06:05:01] /shop/index.php?act=goods&op=comments_list&goods_id=109646 ( act=goods&op=comments_list ) 
ERR: Db Error: Unknown column 'geval_image_again' in 'where clause'
SELECT COUNT(*) AS nc_count FROM `zmkj_evaluate_goods` WHERE ( geval_goodsid = '109646' ) AND ( (geval_image <> '') OR (geval_image_again <> '') ) LIMIT 1  
[2019-08-09 06:08:57] /shop/index.php?act=goods&op=comments_list&goods_id=110958 ( act=goods&op=comments_list ) 
ERR: Db Error: Unknown column 'geval_image_again' in 'where clause'
SELECT COUNT(*) AS nc_count FROM `zmkj_evaluate_goods` WHERE ( geval_goodsid = '110958' ) AND ( (geval_image <> '') OR (geval_image_again <> '') ) LIMIT 1  
[2019-08-09 06:16:45] /shop/index.php?act=goods&op=comments_list&goods_id=111030 ( act=goods&op=comments_list ) 
ERR: Db Error: Unknown column 'geval_image_again' in 'where clause'
SELECT COUNT(*) AS nc_count FROM `zmkj_evaluate_goods` WHERE ( geval_goodsid = '111030' ) AND ( (geval_image <> '') OR (geval_image_again <> '') ) LIMIT 1  
[2019-08-09 06:16:55] /shop/index.php?act=goods&op=comments_list&goods_id=111032 ( act=goods&op=comments_list ) 
ERR: Db Error: Unknown column 'geval_image_again' in 'where clause'
SELECT COUNT(*) AS nc_count FROM `zmkj_evaluate_goods` WHERE ( geval_goodsid = '111032' ) AND ( (geval_image <> '') OR (geval_image_again <> '') ) LIMIT 1  
[2019-08-09 06:19:14] /shop/index.php?act=goods&op=comments_list&goods_id=110267 ( act=goods&op=comments_list ) 
ERR: Db Error: Unknown column 'geval_image_again' in 'where clause'
SELECT COUNT(*) AS nc_count FROM `zmkj_evaluate_goods` WHERE ( geval_goodsid = '110267' ) AND ( (geval_image <> '') OR (geval_image_again <> '') ) LIMIT 1  
[2019-08-09 06:24:42] /shop/index.php?act=goods&op=comments_list&goods_id=107028 ( act=goods&op=comments_list ) 
ERR: Db Error: Unknown column 'geval_image_again' in 'where clause'
SELECT COUNT(*) AS nc_count FROM `zmkj_evaluate_goods` WHERE ( geval_goodsid = '107028' ) AND ( (geval_image <> '') OR (geval_image_again <> '') ) LIMIT 1  
[2019-08-09 06:39:20] /shop/index.php?act=goods&op=comments_list&goods_id=110250 ( act=goods&op=comments_list ) 
ERR: Db Error: Unknown column 'geval_image_again' in 'where clause'
SELECT COUNT(*) AS nc_count FROM `zmkj_evaluate_goods` WHERE ( geval_goodsid = '110250' ) AND ( (geval_image <> '') OR (geval_image_again <> '') ) LIMIT 1  
[2019-08-09 07:16:51] /shop/index.php?act=goods&goods_id=105543&op=comments_list ( act=goods&op=comments_list ) 
ERR: Db Error: Unknown column 'geval_image_again' in 'where clause'
SELECT COUNT(*) AS nc_count FROM `zmkj_evaluate_goods` WHERE ( geval_goodsid = '105543' ) AND ( (geval_image <> '') OR (geval_image_again <> '') ) LIMIT 1  
[2019-08-09 07:19:59] /shop/index.php?act=goods&goods_id=100463&op=comments_list&type=1 ( act=goods&op=comments_list ) 
ERR: Db Error: Unknown column 'geval_image_again' in 'where clause'
SELECT COUNT(*) AS nc_count FROM `zmkj_evaluate_goods` WHERE ( geval_goodsid = '100463' ) AND ( (geval_image <> '') OR (geval_image_again <> '') ) LIMIT 1  
[2019-08-09 07:20:37] /shop/index.php?act=goods&op=comments_list&goods_id=110552&type=3 ( act=goods&op=comments_list ) 
ERR: Db Error: Unknown column 'geval_image_again' in 'where clause'
SELECT COUNT(*) AS nc_count FROM `zmkj_evaluate_goods` WHERE ( geval_goodsid = '110552' ) AND ( (geval_image <> '') OR (geval_image_again <> '') ) LIMIT 1  
[2019-08-09 07:26:04] /shop/index.php?act=goods&op=comments_list&goods_id=110500&type=1 ( act=goods&op=comments_list ) 
ERR: Db Error: Unknown column 'geval_image_again' in 'where clause'
SELECT COUNT(*) AS nc_count FROM `zmkj_evaluate_goods` WHERE ( geval_goodsid = '110500' ) AND ( (geval_image <> '') OR (geval_image_again <> '') ) LIMIT 1  
[2019-08-09 08:31:31] /shop/index.php?act=goods&op=comments_list&goods_id=110239 ( act=goods&op=comments_list ) 
ERR: Db Error: Unknown column 'geval_image_again' in 'where clause'
SELECT COUNT(*) AS nc_count FROM `zmkj_evaluate_goods` WHERE ( geval_goodsid = '110239' ) AND ( (geval_image <> '') OR (geval_image_again <> '') ) LIMIT 1  
[2019-08-09 10:17:53] /shop/index.php?act=goods&op=comments_list&goods_id=103846&type=1 ( act=goods&op=comments_list ) 
ERR: Db Error: Unknown column 'geval_image_again' in 'where clause'
SELECT COUNT(*) AS nc_count FROM `zmkj_evaluate_goods` WHERE ( geval_goodsid = '103846' ) AND ( (geval_image <> '') OR (geval_image_again <> '') ) LIMIT 1  
[2019-08-09 10:20:37] /shop/index.php?act=goods&op=comments_list&goods_id=100579 ( act=goods&op=comments_list ) 
ERR: Db Error: Unknown column 'geval_image_again' in 'where clause'
SELECT COUNT(*) AS nc_count FROM `zmkj_evaluate_goods` WHERE ( geval_goodsid = '100579' ) AND ( (geval_image <> '') OR (geval_image_again <> '') ) LIMIT 1  
[2019-08-09 12:36:59] /shop/index.php?act=goods&op=comments_list&goods_id=106699&type=3 ( act=goods&op=comments_list ) 
ERR: Db Error: Unknown column 'geval_image_again' in 'where clause'
SELECT COUNT(*) AS nc_count FROM `zmkj_evaluate_goods` WHERE ( geval_goodsid = '106699' ) AND ( (geval_image <> '') OR (geval_image_again <> '') ) LIMIT 1  
[2019-08-09 12:39:42] /shop/index.php?act=goods&op=comments_list&goods_id=110773 ( act=goods&op=comments_list ) 
ERR: Db Error: Unknown column 'geval_image_again' in 'where clause'
SELECT COUNT(*) AS nc_count FROM `zmkj_evaluate_goods` WHERE ( geval_goodsid = '110773' ) AND ( (geval_image <> '') OR (geval_image_again <> '') ) LIMIT 1  
[2019-08-09 13:47:53] /shop/index.php?act=goods&op=comments_list&goods_id=110529 ( act=goods&op=comments_list ) 
ERR: Db Error: Unknown column 'geval_image_again' in 'where clause'
SELECT COUNT(*) AS nc_count FROM `zmkj_evaluate_goods` WHERE ( geval_goodsid = '110529' ) AND ( (geval_image <> '') OR (geval_image_again <> '') ) LIMIT 1  
[2019-08-09 14:12:26] /shop/index.php?act=goods&op=comments_list&goods_id=109875&type=2 ( act=goods&op=comments_list ) 
ERR: Db Error: Unknown column 'geval_image_again' in 'where clause'
SELECT COUNT(*) AS nc_count FROM `zmkj_evaluate_goods` WHERE ( geval_goodsid = '109875' ) AND ( (geval_image <> '') OR (geval_image_again <> '') ) LIMIT 1  
[2019-08-09 14:17:53] /shop/index.php?act=goods&op=comments_list&goods_id=103846&type=3 ( act=goods&op=comments_list ) 
ERR: Db Error: Unknown column 'geval_image_again' in 'where clause'
SELECT COUNT(*) AS nc_count FROM `zmkj_evaluate_goods` WHERE ( geval_goodsid = '103846' ) AND ( (geval_image <> '') OR (geval_image_again <> '') ) LIMIT 1  
[2019-08-09 15:12:26] /shop/index.php?act=goods&op=comments_list&goods_id=109683&type=1 ( act=goods&op=comments_list ) 
ERR: Db Error: Unknown column 'geval_image_again' in 'where clause'
SELECT COUNT(*) AS nc_count FROM `zmkj_evaluate_goods` WHERE ( geval_goodsid = '109683' ) AND ( (geval_image <> '') OR (geval_image_again <> '') ) LIMIT 1  
[2019-08-09 15:42:26] /shop/index.php?act=goods&op=comments_list&goods_id=109191&type=1 ( act=goods&op=comments_list ) 
ERR: Db Error: Unknown column 'geval_image_again' in 'where clause'
SELECT COUNT(*) AS nc_count FROM `zmkj_evaluate_goods` WHERE ( geval_goodsid = '109191' ) AND ( (geval_image <> '') OR (geval_image_again <> '') ) LIMIT 1  
[2019-08-09 16:28:48] /shop/index.php?act=goods&op=comments_list&goods_id=108612 ( act=goods&op=comments_list ) 
ERR: Db Error: Unknown column 'geval_image_again' in 'where clause'
SELECT COUNT(*) AS nc_count FROM `zmkj_evaluate_goods` WHERE ( geval_goodsid = '108612' ) AND ( (geval_image <> '') OR (geval_image_again <> '') ) LIMIT 1  
[2019-08-09 16:45:09] /shop/index.php?act=goods&op=comments_list&goods_id=110297&type=3 ( act=goods&op=comments_list ) 
ERR: Db Error: Unknown column 'geval_image_again' in 'where clause'
SELECT COUNT(*) AS nc_count FROM `zmkj_evaluate_goods` WHERE ( geval_goodsid = '110297' ) AND ( (geval_image <> '') OR (geval_image_again <> '') ) LIMIT 1  
[2019-08-09 16:53:20] /shop/index.php?act=goods&op=comments_list&goods_id=109191&type=3 ( act=goods&op=comments_list ) 
ERR: Db Error: Unknown column 'geval_image_again' in 'where clause'
SELECT COUNT(*) AS nc_count FROM `zmkj_evaluate_goods` WHERE ( geval_goodsid = '109191' ) AND ( (geval_image <> '') OR (geval_image_again <> '') ) LIMIT 1  
[2019-08-09 17:06:58] /shop/index.php?act=goods&op=comments_list&goods_id=109876&type=3 ( act=goods&op=comments_list ) 
ERR: Db Error: Unknown column 'geval_image_again' in 'where clause'
SELECT COUNT(*) AS nc_count FROM `zmkj_evaluate_goods` WHERE ( geval_goodsid = '109876' ) AND ( (geval_image <> '') OR (geval_image_again <> '') ) LIMIT 1  
[2019-08-09 19:45:09] /shop/index.php?act=goods&op=comments_list&goods_id=110238 ( act=goods&op=comments_list ) 
ERR: Db Error: Unknown column 'geval_image_again' in 'where clause'
SELECT COUNT(*) AS nc_count FROM `zmkj_evaluate_goods` WHERE ( geval_goodsid = '110238' ) AND ( (geval_image <> '') OR (geval_image_again <> '') ) LIMIT 1  
[2019-08-09 20:15:09] /shop/index.php?act=goods&op=comments_list&goods_id=110725&type=3 ( act=goods&op=comments_list ) 
ERR: Db Error: Unknown column 'geval_image_again' in 'where clause'
SELECT COUNT(*) AS nc_count FROM `zmkj_evaluate_goods` WHERE ( geval_goodsid = '110725' ) AND ( (geval_image <> '') OR (geval_image_again <> '') ) LIMIT 1  
[2019-08-09 20:36:58] /shop/index.php?act=goods&op=comments_list&goods_id=109287&type=1 ( act=goods&op=comments_list ) 
ERR: Db Error: Unknown column 'geval_image_again' in 'where clause'
SELECT COUNT(*) AS nc_count FROM `zmkj_evaluate_goods` WHERE ( geval_goodsid = '109287' ) AND ( (geval_image <> '') OR (geval_image_again <> '') ) LIMIT 1  
[2019-08-09 20:45:09] /shop/index.php?act=goods&op=comments_list&goods_id=102748&type=3 ( act=goods&op=comments_list ) 
ERR: Db Error: Unknown column 'geval_image_again' in 'where clause'
SELECT COUNT(*) AS nc_count FROM `zmkj_evaluate_goods` WHERE ( geval_goodsid = '102748' ) AND ( (geval_image <> '') OR (geval_image_again <> '') ) LIMIT 1  
[2019-08-09 21:36:58] /shop/index.php?act=goods&op=comments_list&goods_id=108531&type=2 ( act=goods&op=comments_list ) 
ERR: Db Error: Unknown column 'geval_image_again' in 'where clause'
SELECT COUNT(*) AS nc_count FROM `zmkj_evaluate_goods` WHERE ( geval_goodsid = '108531' ) AND ( (geval_image <> '') OR (geval_image_again <> '') ) LIMIT 1  
[2019-08-09 21:50:37] /shop/index.php?act=goods&op=comments_list&goods_id=109683&type=2 ( act=goods&op=comments_list ) 
ERR: Db Error: Unknown column 'geval_image_again' in 'where clause'
SELECT COUNT(*) AS nc_count FROM `zmkj_evaluate_goods` WHERE ( geval_goodsid = '109683' ) AND ( (geval_image <> '') OR (geval_image_again <> '') ) LIMIT 1  
[2019-08-09 22:26:04] /shop/index.php?act=goods&op=comments_list&goods_id=110481&type=3 ( act=goods&op=comments_list ) 
ERR: Db Error: Unknown column 'geval_image_again' in 'where clause'
SELECT COUNT(*) AS nc_count FROM `zmkj_evaluate_goods` WHERE ( geval_goodsid = '110481' ) AND ( (geval_image <> '') OR (geval_image_again <> '') ) LIMIT 1  
[2019-08-09 23:53:20] /shop/index.php?act=goods&op=comments_list&goods_id=109875&type=3 ( act=goods&op=comments_list ) 
ERR: Db Error: Unknown column 'geval_image_again' in 'where clause'
SELECT COUNT(*) AS nc_count FROM `zmkj_evaluate_goods` WHERE ( geval_goodsid = '109875' ) AND ( (geval_image <> '') OR (geval_image_again <> '') ) LIMIT 1  
