[2019-06-21 09:56:45] /shop/index.php?act=goods&goods_id=107679&op=comments_list ( act=goods&op=comments_list ) 
ERR: Db Error: Unknown column 'geval_image_again' in 'where clause'
SELECT COUNT(*) AS nc_count FROM `zmkj_evaluate_goods` WHERE ( geval_goodsid = '107679' ) AND ( (geval_image <> '') OR (geval_image_again <> '') ) LIMIT 1  
[2019-06-21 09:56:47] /shop/index.php?act=goods&goods_id=108349&op=comments_list ( act=goods&op=comments_list ) 
ERR: Db Error: Unknown column 'geval_image_again' in 'where clause'
SELECT COUNT(*) AS nc_count FROM `zmkj_evaluate_goods` WHERE ( geval_goodsid = '108349' ) AND ( (geval_image <> '') OR (geval_image_again <> '') ) LIMIT 1  
[2019-06-21 09:56:47] /shop/index.php?act=goods&goods_id=103036&op=comments_list ( act=goods&op=comments_list ) 
ERR: Db Error: Unknown column 'geval_image_again' in 'where clause'
SELECT COUNT(*) AS nc_count FROM `zmkj_evaluate_goods` WHERE ( geval_goodsid = '103036' ) AND ( (geval_image <> '') OR (geval_image_again <> '') ) LIMIT 1  
[2019-06-21 09:56:49] /shop/index.php?act=goods&goods_id=101907&op=comments_list&type=1 ( act=goods&op=comments_list ) 
ERR: Db Error: Unknown column 'geval_image_again' in 'where clause'
SELECT COUNT(*) AS nc_count FROM `zmkj_evaluate_goods` WHERE ( geval_goodsid = '101907' ) AND ( (geval_image <> '') OR (geval_image_again <> '') ) LIMIT 1  
[2019-06-21 21:23:44] /shop/index.php?act=goods&op=comments_list&goods_id=105947 ( act=goods&op=comments_list ) 
ERR: Db Error: Unknown column 'geval_image_again' in 'where clause'
SELECT COUNT(*) AS nc_count FROM `zmkj_evaluate_goods` WHERE ( geval_goodsid = '105947' ) AND ( (geval_image <> '') OR (geval_image_again <> '') ) LIMIT 1  
[2019-06-21 21:23:59] /shop/index.php?act=goods&op=comments_list&goods_id=105957 ( act=goods&op=comments_list ) 
ERR: Db Error: Unknown column 'geval_image_again' in 'where clause'
SELECT COUNT(*) AS nc_count FROM `zmkj_evaluate_goods` WHERE ( geval_goodsid = '105957' ) AND ( (geval_image <> '') OR (geval_image_again <> '') ) LIMIT 1  
[2019-06-21 21:24:34] /shop/index.php?act=goods&op=comments_list&goods_id=106146 ( act=goods&op=comments_list ) 
ERR: Db Error: Unknown column 'geval_image_again' in 'where clause'
SELECT COUNT(*) AS nc_count FROM `zmkj_evaluate_goods` WHERE ( geval_goodsid = '106146' ) AND ( (geval_image <> '') OR (geval_image_again <> '') ) LIMIT 1  
[2019-06-21 21:25:44] /shop/index.php?act=goods&op=comments_list&goods_id=105956 ( act=goods&op=comments_list ) 
ERR: Db Error: Unknown column 'geval_image_again' in 'where clause'
SELECT COUNT(*) AS nc_count FROM `zmkj_evaluate_goods` WHERE ( geval_goodsid = '105956' ) AND ( (geval_image <> '') OR (geval_image_again <> '') ) LIMIT 1  
