[2019-01-16 00:13:08] /shop/index.php?act=goods&op=comments_list&goods_id=107912 ( act=goods&op=comments_list ) 
ERR: Db Error: Unknown column 'geval_image_again' in 'where clause'
SELECT COUNT(*) AS nc_count FROM `zmkj_evaluate_goods` WHERE ( geval_goodsid = '107912' ) AND ( (geval_image <> '') OR (geval_image_again <> '') ) LIMIT 1  
[2019-01-16 00:36:00] /shop/index.php?act=goods&op=comments_list&goods_id=101939 ( act=goods&op=comments_list ) 
ERR: Db Error: Unknown column 'geval_image_again' in 'where clause'
SELECT COUNT(*) AS nc_count FROM `zmkj_evaluate_goods` WHERE ( geval_goodsid = '101939' ) AND ( (geval_image <> '') OR (geval_image_again <> '') ) LIMIT 1  
[2019-01-16 00:59:31] /shop/index.php?act=goods&op=comments_list&goods_id=103216 ( act=goods&op=comments_list ) 
ERR: Db Error: Unknown column 'geval_image_again' in 'where clause'
SELECT COUNT(*) AS nc_count FROM `zmkj_evaluate_goods` WHERE ( geval_goodsid = '103216' ) AND ( (geval_image <> '') OR (geval_image_again <> '') ) LIMIT 1  
[2019-01-16 01:13:59] /shop/index.php?act=goods&op=comments_list&goods_id=101958 ( act=goods&op=comments_list ) 
ERR: Db Error: Unknown column 'geval_image_again' in 'where clause'
SELECT COUNT(*) AS nc_count FROM `zmkj_evaluate_goods` WHERE ( geval_goodsid = '101958' ) AND ( (geval_image <> '') OR (geval_image_again <> '') ) LIMIT 1  
[2019-01-16 01:25:34] /shop/index.php?act=goods&op=comments_list&goods_id=107961 ( act=goods&op=comments_list ) 
ERR: Db Error: Unknown column 'geval_image_again' in 'where clause'
SELECT COUNT(*) AS nc_count FROM `zmkj_evaluate_goods` WHERE ( geval_goodsid = '107961' ) AND ( (geval_image <> '') OR (geval_image_again <> '') ) LIMIT 1  
[2019-01-16 01:28:28] /shop/index.php?act=goods&op=comments_list&goods_id=107975 ( act=goods&op=comments_list ) 
ERR: Db Error: Unknown column 'geval_image_again' in 'where clause'
SELECT COUNT(*) AS nc_count FROM `zmkj_evaluate_goods` WHERE ( geval_goodsid = '107975' ) AND ( (geval_image <> '') OR (geval_image_again <> '') ) LIMIT 1  
[2019-01-16 01:34:15] /shop/index.php?act=goods&op=comments_list&goods_id=107905 ( act=goods&op=comments_list ) 
ERR: Db Error: Unknown column 'geval_image_again' in 'where clause'
SELECT COUNT(*) AS nc_count FROM `zmkj_evaluate_goods` WHERE ( geval_goodsid = '107905' ) AND ( (geval_image <> '') OR (geval_image_again <> '') ) LIMIT 1  
[2019-01-16 01:37:09] /shop/index.php?act=goods&op=comments_list&goods_id=101260 ( act=goods&op=comments_list ) 
ERR: Db Error: Unknown column 'geval_image_again' in 'where clause'
SELECT COUNT(*) AS nc_count FROM `zmkj_evaluate_goods` WHERE ( geval_goodsid = '101260' ) AND ( (geval_image <> '') OR (geval_image_again <> '') ) LIMIT 1  
[2019-01-16 02:06:05] /shop/index.php?act=goods&op=comments_list&goods_id=104899 ( act=goods&op=comments_list ) 
ERR: Db Error: Unknown column 'geval_image_again' in 'where clause'
SELECT COUNT(*) AS nc_count FROM `zmkj_evaluate_goods` WHERE ( geval_goodsid = '104899' ) AND ( (geval_image <> '') OR (geval_image_again <> '') ) LIMIT 1  
[2019-01-16 02:29:14] /shop/index.php?act=goods&op=comments_list&goods_id=105262 ( act=goods&op=comments_list ) 
ERR: Db Error: Unknown column 'geval_image_again' in 'where clause'
SELECT COUNT(*) AS nc_count FROM `zmkj_evaluate_goods` WHERE ( geval_goodsid = '105262' ) AND ( (geval_image <> '') OR (geval_image_again <> '') ) LIMIT 1  
[2019-01-16 02:35:01] /shop/index.php?act=goods&op=comments_list&goods_id=101262 ( act=goods&op=comments_list ) 
ERR: Db Error: Unknown column 'geval_image_again' in 'where clause'
SELECT COUNT(*) AS nc_count FROM `zmkj_evaluate_goods` WHERE ( geval_goodsid = '101262' ) AND ( (geval_image <> '') OR (geval_image_again <> '') ) LIMIT 1  
[2019-01-16 03:08:00] /shop/index.php?act=goods&op=comments_list&goods_id=107917 ( act=goods&op=comments_list ) 
ERR: Db Error: Unknown column 'geval_image_again' in 'where clause'
SELECT COUNT(*) AS nc_count FROM `zmkj_evaluate_goods` WHERE ( geval_goodsid = '107917' ) AND ( (geval_image <> '') OR (geval_image_again <> '') ) LIMIT 1  
[2019-01-16 03:52:15] /shop/index.php?act=goods&op=comments_list&goods_id=107892 ( act=goods&op=comments_list ) 
ERR: Db Error: Unknown column 'geval_image_again' in 'where clause'
SELECT COUNT(*) AS nc_count FROM `zmkj_evaluate_goods` WHERE ( geval_goodsid = '107892' ) AND ( (geval_image <> '') OR (geval_image_again <> '') ) LIMIT 1  
[2019-01-16 03:59:19] /shop/index.php?act=goods&op=comments_list&goods_id=108035 ( act=goods&op=comments_list ) 
ERR: Db Error: Unknown column 'geval_image_again' in 'where clause'
SELECT COUNT(*) AS nc_count FROM `zmkj_evaluate_goods` WHERE ( geval_goodsid = '108035' ) AND ( (geval_image <> '') OR (geval_image_again <> '') ) LIMIT 1  
[2019-01-16 04:13:29] /shop/index.php?act=goods&op=comments_list&goods_id=107879 ( act=goods&op=comments_list ) 
ERR: Db Error: Unknown column 'geval_image_again' in 'where clause'
SELECT COUNT(*) AS nc_count FROM `zmkj_evaluate_goods` WHERE ( geval_goodsid = '107879' ) AND ( (geval_image <> '') OR (geval_image_again <> '') ) LIMIT 1  
[2019-01-16 04:25:52] /shop/index.php?act=goods&op=comments_list&goods_id=107817 ( act=goods&op=comments_list ) 
ERR: Db Error: Unknown column 'geval_image_again' in 'where clause'
SELECT COUNT(*) AS nc_count FROM `zmkj_evaluate_goods` WHERE ( geval_goodsid = '107817' ) AND ( (geval_image <> '') OR (geval_image_again <> '') ) LIMIT 1  
[2019-01-16 04:34:43] /shop/index.php?act=goods&op=comments_list&goods_id=108030 ( act=goods&op=comments_list ) 
ERR: Db Error: Unknown column 'geval_image_again' in 'where clause'
SELECT COUNT(*) AS nc_count FROM `zmkj_evaluate_goods` WHERE ( geval_goodsid = '108030' ) AND ( (geval_image <> '') OR (geval_image_again <> '') ) LIMIT 1  
[2019-01-16 04:36:29] /shop/index.php?act=goods&op=comments_list&goods_id=108041 ( act=goods&op=comments_list ) 
ERR: Db Error: Unknown column 'geval_image_again' in 'where clause'
SELECT COUNT(*) AS nc_count FROM `zmkj_evaluate_goods` WHERE ( geval_goodsid = '108041' ) AND ( (geval_image <> '') OR (geval_image_again <> '') ) LIMIT 1  
[2019-01-16 04:40:15] /shop/index.php?act=goods&op=comments_list&goods_id=107870 ( act=goods&op=comments_list ) 
ERR: Db Error: Unknown column 'geval_image_again' in 'where clause'
SELECT COUNT(*) AS nc_count FROM `zmkj_evaluate_goods` WHERE ( geval_goodsid = '107870' ) AND ( (geval_image <> '') OR (geval_image_again <> '') ) LIMIT 1  
[2019-01-16 04:42:15] /shop/index.php?act=goods&op=comments_list&goods_id=107896 ( act=goods&op=comments_list ) 
ERR: Db Error: Unknown column 'geval_image_again' in 'where clause'
SELECT COUNT(*) AS nc_count FROM `zmkj_evaluate_goods` WHERE ( geval_goodsid = '107896' ) AND ( (geval_image <> '') OR (geval_image_again <> '') ) LIMIT 1  
[2019-01-16 05:04:14] /shop/index.php?act=goods&op=comments_list&goods_id=107907 ( act=goods&op=comments_list ) 
ERR: Db Error: Unknown column 'geval_image_again' in 'where clause'
SELECT COUNT(*) AS nc_count FROM `zmkj_evaluate_goods` WHERE ( geval_goodsid = '107907' ) AND ( (geval_image <> '') OR (geval_image_again <> '') ) LIMIT 1  
[2019-01-16 05:06:14] /shop/index.php?act=goods&op=comments_list&goods_id=106945 ( act=goods&op=comments_list ) 
ERR: Db Error: Unknown column 'geval_image_again' in 'where clause'
SELECT COUNT(*) AS nc_count FROM `zmkj_evaluate_goods` WHERE ( geval_goodsid = '106945' ) AND ( (geval_image <> '') OR (geval_image_again <> '') ) LIMIT 1  
[2019-01-16 05:24:13] /shop/index.php?act=goods&op=comments_list&goods_id=107941 ( act=goods&op=comments_list ) 
ERR: Db Error: Unknown column 'geval_image_again' in 'where clause'
SELECT COUNT(*) AS nc_count FROM `zmkj_evaluate_goods` WHERE ( geval_goodsid = '107941' ) AND ( (geval_image <> '') OR (geval_image_again <> '') ) LIMIT 1  
[2019-01-16 05:44:12] /shop/index.php?act=goods&op=comments_list&goods_id=106975 ( act=goods&op=comments_list ) 
ERR: Db Error: Unknown column 'geval_image_again' in 'where clause'
SELECT COUNT(*) AS nc_count FROM `zmkj_evaluate_goods` WHERE ( geval_goodsid = '106975' ) AND ( (geval_image <> '') OR (geval_image_again <> '') ) LIMIT 1  
[2019-01-16 05:56:11] /shop/index.php?act=goods&op=comments_list&goods_id=107090 ( act=goods&op=comments_list ) 
ERR: Db Error: Unknown column 'geval_image_again' in 'where clause'
SELECT COUNT(*) AS nc_count FROM `zmkj_evaluate_goods` WHERE ( geval_goodsid = '107090' ) AND ( (geval_image <> '') OR (geval_image_again <> '') ) LIMIT 1  
[2019-01-16 06:10:10] /shop/index.php?act=goods&op=comments_list&goods_id=103215 ( act=goods&op=comments_list ) 
ERR: Db Error: Unknown column 'geval_image_again' in 'where clause'
SELECT COUNT(*) AS nc_count FROM `zmkj_evaluate_goods` WHERE ( geval_goodsid = '103215' ) AND ( (geval_image <> '') OR (geval_image_again <> '') ) LIMIT 1  
[2019-01-16 06:14:10] /shop/index.php?act=goods&op=comments_list&goods_id=108000 ( act=goods&op=comments_list ) 
ERR: Db Error: Unknown column 'geval_image_again' in 'where clause'
SELECT COUNT(*) AS nc_count FROM `zmkj_evaluate_goods` WHERE ( geval_goodsid = '108000' ) AND ( (geval_image <> '') OR (geval_image_again <> '') ) LIMIT 1  
[2019-01-16 06:59:23] /shop/index.php?act=goods&op=comments_list&goods_id=107935 ( act=goods&op=comments_list ) 
ERR: Db Error: Unknown column 'geval_image_again' in 'where clause'
SELECT COUNT(*) AS nc_count FROM `zmkj_evaluate_goods` WHERE ( geval_goodsid = '107935' ) AND ( (geval_image <> '') OR (geval_image_again <> '') ) LIMIT 1  
[2019-01-16 07:07:21] /shop/index.php?act=goods&op=comments_list&goods_id=107898 ( act=goods&op=comments_list ) 
ERR: Db Error: Unknown column 'geval_image_again' in 'where clause'
SELECT COUNT(*) AS nc_count FROM `zmkj_evaluate_goods` WHERE ( geval_goodsid = '107898' ) AND ( (geval_image <> '') OR (geval_image_again <> '') ) LIMIT 1  
[2019-01-16 07:17:58] /shop/index.php?act=goods&op=comments_list&goods_id=106268 ( act=goods&op=comments_list ) 
ERR: Db Error: Unknown column 'geval_image_again' in 'where clause'
SELECT COUNT(*) AS nc_count FROM `zmkj_evaluate_goods` WHERE ( geval_goodsid = '106268' ) AND ( (geval_image <> '') OR (geval_image_again <> '') ) LIMIT 1  
[2019-01-16 07:26:57] /shop/index.php?act=goods&op=comments_list&goods_id=107156 ( act=goods&op=comments_list ) 
ERR: Db Error: Unknown column 'geval_image_again' in 'where clause'
SELECT COUNT(*) AS nc_count FROM `zmkj_evaluate_goods` WHERE ( geval_goodsid = '107156' ) AND ( (geval_image <> '') OR (geval_image_again <> '') ) LIMIT 1  
[2019-01-16 08:04:36] /shop/index.php?act=goods&goods_id=101792&op=comments_list ( act=goods&op=comments_list ) 
ERR: Db Error: Unknown column 'geval_image_again' in 'where clause'
SELECT COUNT(*) AS nc_count FROM `zmkj_evaluate_goods` WHERE ( geval_goodsid = '101792' ) AND ( (geval_image <> '') OR (geval_image_again <> '') ) LIMIT 1  
[2019-01-16 08:04:46] /shop/index.php?act=search&area_id=29&cate_id=1581&op=index ( act=search&op=index ) 
ERR: Db Error: Unknown column 'gc_id_' in 'where clause'
SELECT count(distinct CONCAT(goods_commonid)) AS nc_count FROM `zmkj_goods` WHERE ( gc_id_ = '1581' ) AND ( areaid_1 = '29' ) AND ( goods_state = '1' ) AND ( goods_verify = '1' ) LIMIT 1  
[2019-01-16 08:04:48] /shop/index.php?act=search&area_id=13&cate_id=1581&op=index ( act=search&op=index ) 
ERR: Db Error: Unknown column 'gc_id_' in 'where clause'
SELECT count(distinct CONCAT(goods_commonid)) AS nc_count FROM `zmkj_goods` WHERE ( gc_id_ = '1581' ) AND ( areaid_1 = '13' ) AND ( goods_state = '1' ) AND ( goods_verify = '1' ) LIMIT 1  
[2019-01-16 10:46:36] /shop/index.php?act=goods&op=comments_list&goods_id=103205 ( act=goods&op=comments_list ) 
ERR: Db Error: Unknown column 'geval_image_again' in 'where clause'
SELECT COUNT(*) AS nc_count FROM `zmkj_evaluate_goods` WHERE ( geval_goodsid = '103205' ) AND ( (geval_image <> '') OR (geval_image_again <> '') ) LIMIT 1  
[2019-01-16 10:54:25] /shop/index.php?act=goods&op=comments_list&goods_id=107939 ( act=goods&op=comments_list ) 
ERR: Db Error: Unknown column 'geval_image_again' in 'where clause'
SELECT COUNT(*) AS nc_count FROM `zmkj_evaluate_goods` WHERE ( geval_goodsid = '107939' ) AND ( (geval_image <> '') OR (geval_image_again <> '') ) LIMIT 1  
[2019-01-16 11:06:09] /shop/index.php?act=goods&op=comments_list&goods_id=101858 ( act=goods&op=comments_list ) 
ERR: Db Error: Unknown column 'geval_image_again' in 'where clause'
SELECT COUNT(*) AS nc_count FROM `zmkj_evaluate_goods` WHERE ( geval_goodsid = '101858' ) AND ( (geval_image <> '') OR (geval_image_again <> '') ) LIMIT 1  
[2019-01-16 11:22:20] /shop/index.php?act=goods&op=comments_list&goods_id=107301 ( act=goods&op=comments_list ) 
ERR: Db Error: Unknown column 'geval_image_again' in 'where clause'
SELECT COUNT(*) AS nc_count FROM `zmkj_evaluate_goods` WHERE ( geval_goodsid = '107301' ) AND ( (geval_image <> '') OR (geval_image_again <> '') ) LIMIT 1  
[2019-01-16 11:25:43] /shop/index.php?act=goods&op=comments_list&goods_id=101931 ( act=goods&op=comments_list ) 
ERR: Db Error: Unknown column 'geval_image_again' in 'where clause'
SELECT COUNT(*) AS nc_count FROM `zmkj_evaluate_goods` WHERE ( geval_goodsid = '101931' ) AND ( (geval_image <> '') OR (geval_image_again <> '') ) LIMIT 1  
[2019-01-16 12:12:39] /shop/index.php?act=goods&op=comments_list&goods_id=103271 ( act=goods&op=comments_list ) 
ERR: Db Error: Unknown column 'geval_image_again' in 'where clause'
SELECT COUNT(*) AS nc_count FROM `zmkj_evaluate_goods` WHERE ( geval_goodsid = '103271' ) AND ( (geval_image <> '') OR (geval_image_again <> '') ) LIMIT 1  
[2019-01-16 12:23:44] /shop/index.php?act=goods&op=comments_list&goods_id=107355 ( act=goods&op=comments_list ) 
ERR: Db Error: Unknown column 'geval_image_again' in 'where clause'
SELECT COUNT(*) AS nc_count FROM `zmkj_evaluate_goods` WHERE ( geval_goodsid = '107355' ) AND ( (geval_image <> '') OR (geval_image_again <> '') ) LIMIT 1  
[2019-01-16 12:24:24] /shop/index.php?act=goods&op=comments_list&goods_id=104990 ( act=goods&op=comments_list ) 
ERR: Db Error: Unknown column 'geval_image_again' in 'where clause'
SELECT COUNT(*) AS nc_count FROM `zmkj_evaluate_goods` WHERE ( geval_goodsid = '104990' ) AND ( (geval_image <> '') OR (geval_image_again <> '') ) LIMIT 1  
[2019-01-16 13:01:50] /shop/index.php?act=goods&goods_id=106014&op=comments_list ( act=goods&op=comments_list ) 
ERR: Db Error: Unknown column 'geval_image_again' in 'where clause'
SELECT COUNT(*) AS nc_count FROM `zmkj_evaluate_goods` WHERE ( geval_goodsid = '106014' ) AND ( (geval_image <> '') OR (geval_image_again <> '') ) LIMIT 1  
[2019-01-16 13:01:50] /shop/index.php?act=goods&goods_id=105194&op=comments_list ( act=goods&op=comments_list ) 
ERR: Db Error: Unknown column 'geval_image_again' in 'where clause'
SELECT COUNT(*) AS nc_count FROM `zmkj_evaluate_goods` WHERE ( geval_goodsid = '105194' ) AND ( (geval_image <> '') OR (geval_image_again <> '') ) LIMIT 1  
[2019-01-16 13:01:50] /shop/index.php?act=goods&goods_id=102911&op=comments_list&type=1 ( act=goods&op=comments_list ) 
ERR: Db Error: Unknown column 'geval_image_again' in 'where clause'
SELECT COUNT(*) AS nc_count FROM `zmkj_evaluate_goods` WHERE ( geval_goodsid = '102911' ) AND ( (geval_image <> '') OR (geval_image_again <> '') ) LIMIT 1  
[2019-01-16 13:35:22] /shop/index.php?act=goods&op=comments_list&goods_id=107269 ( act=goods&op=comments_list ) 
ERR: Db Error: Unknown column 'geval_image_again' in 'where clause'
SELECT COUNT(*) AS nc_count FROM `zmkj_evaluate_goods` WHERE ( geval_goodsid = '107269' ) AND ( (geval_image <> '') OR (geval_image_again <> '') ) LIMIT 1  
[2019-01-16 14:01:39] /shop/index.php?act=goods&op=comments_list&goods_id=107886 ( act=goods&op=comments_list ) 
ERR: Db Error: Unknown column 'geval_image_again' in 'where clause'
SELECT COUNT(*) AS nc_count FROM `zmkj_evaluate_goods` WHERE ( geval_goodsid = '107886' ) AND ( (geval_image <> '') OR (geval_image_again <> '') ) LIMIT 1  
[2019-01-16 14:32:16] /shop/index.php?act=goods&op=comments_list&goods_id=107851 ( act=goods&op=comments_list ) 
ERR: Db Error: Unknown column 'geval_image_again' in 'where clause'
SELECT COUNT(*) AS nc_count FROM `zmkj_evaluate_goods` WHERE ( geval_goodsid = '107851' ) AND ( (geval_image <> '') OR (geval_image_again <> '') ) LIMIT 1  
[2019-01-16 14:37:22] /shop/index.php?act=goods&op=comments_list&goods_id=102403 ( act=goods&op=comments_list ) 
ERR: Db Error: Unknown column 'geval_image_again' in 'where clause'
SELECT COUNT(*) AS nc_count FROM `zmkj_evaluate_goods` WHERE ( geval_goodsid = '102403' ) AND ( (geval_image <> '') OR (geval_image_again <> '') ) LIMIT 1  
[2019-01-16 14:50:41] /shop/index.php?act=goods&op=comments_list&goods_id=107914 ( act=goods&op=comments_list ) 
ERR: Db Error: Unknown column 'geval_image_again' in 'where clause'
SELECT COUNT(*) AS nc_count FROM `zmkj_evaluate_goods` WHERE ( geval_goodsid = '107914' ) AND ( (geval_image <> '') OR (geval_image_again <> '') ) LIMIT 1  
[2019-01-16 14:51:43] /shop/index.php?act=goods&op=comments_list&goods_id=102976 ( act=goods&op=comments_list ) 
ERR: Db Error: Unknown column 'geval_image_again' in 'where clause'
SELECT COUNT(*) AS nc_count FROM `zmkj_evaluate_goods` WHERE ( geval_goodsid = '102976' ) AND ( (geval_image <> '') OR (geval_image_again <> '') ) LIMIT 1  
[2019-01-16 14:57:52] /shop/index.php?act=goods&op=comments_list&goods_id=107791 ( act=goods&op=comments_list ) 
ERR: Db Error: Unknown column 'geval_image_again' in 'where clause'
SELECT COUNT(*) AS nc_count FROM `zmkj_evaluate_goods` WHERE ( geval_goodsid = '107791' ) AND ( (geval_image <> '') OR (geval_image_again <> '') ) LIMIT 1  
[2019-01-16 15:05:04] /shop/index.php?act=goods&op=comments_list&goods_id=102577 ( act=goods&op=comments_list ) 
ERR: Db Error: Unknown column 'geval_image_again' in 'where clause'
SELECT COUNT(*) AS nc_count FROM `zmkj_evaluate_goods` WHERE ( geval_goodsid = '102577' ) AND ( (geval_image <> '') OR (geval_image_again <> '') ) LIMIT 1  
[2019-01-16 15:17:23] /shop/index.php?act=goods&op=comments_list&goods_id=104879 ( act=goods&op=comments_list ) 
ERR: Db Error: Unknown column 'geval_image_again' in 'where clause'
SELECT COUNT(*) AS nc_count FROM `zmkj_evaluate_goods` WHERE ( geval_goodsid = '104879' ) AND ( (geval_image <> '') OR (geval_image_again <> '') ) LIMIT 1  
[2019-01-16 15:19:26] /shop/index.php?act=goods&op=comments_list&goods_id=104900 ( act=goods&op=comments_list ) 
ERR: Db Error: Unknown column 'geval_image_again' in 'where clause'
SELECT COUNT(*) AS nc_count FROM `zmkj_evaluate_goods` WHERE ( geval_goodsid = '104900' ) AND ( (geval_image <> '') OR (geval_image_again <> '') ) LIMIT 1  
[2019-01-16 15:25:36] /shop/index.php?act=goods&op=comments_list&goods_id=103570 ( act=goods&op=comments_list ) 
ERR: Db Error: Unknown column 'geval_image_again' in 'where clause'
SELECT COUNT(*) AS nc_count FROM `zmkj_evaluate_goods` WHERE ( geval_goodsid = '103570' ) AND ( (geval_image <> '') OR (geval_image_again <> '') ) LIMIT 1  
[2019-01-16 15:33:49] /shop/index.php?act=goods&op=comments_list&goods_id=100570 ( act=goods&op=comments_list ) 
ERR: Db Error: Unknown column 'geval_image_again' in 'where clause'
SELECT COUNT(*) AS nc_count FROM `zmkj_evaluate_goods` WHERE ( geval_goodsid = '100570' ) AND ( (geval_image <> '') OR (geval_image_again <> '') ) LIMIT 1  
[2019-01-16 15:36:54] /shop/index.php?act=goods&op=comments_list&goods_id=103274 ( act=goods&op=comments_list ) 
ERR: Db Error: Unknown column 'geval_image_again' in 'where clause'
SELECT COUNT(*) AS nc_count FROM `zmkj_evaluate_goods` WHERE ( geval_goodsid = '103274' ) AND ( (geval_image <> '') OR (geval_image_again <> '') ) LIMIT 1  
[2019-01-16 15:44:05] /shop/index.php?act=goods&op=comments_list&goods_id=103808 ( act=goods&op=comments_list ) 
ERR: Db Error: Unknown column 'geval_image_again' in 'where clause'
SELECT COUNT(*) AS nc_count FROM `zmkj_evaluate_goods` WHERE ( geval_goodsid = '103808' ) AND ( (geval_image <> '') OR (geval_image_again <> '') ) LIMIT 1  
[2019-01-16 15:45:07] /shop/index.php?act=goods&op=comments_list&goods_id=103094 ( act=goods&op=comments_list ) 
ERR: Db Error: Unknown column 'geval_image_again' in 'where clause'
SELECT COUNT(*) AS nc_count FROM `zmkj_evaluate_goods` WHERE ( geval_goodsid = '103094' ) AND ( (geval_image <> '') OR (geval_image_again <> '') ) LIMIT 1  
[2019-01-16 15:58:38] /shop/index.php?act=goods&op=comments_list&goods_id=107362 ( act=goods&op=comments_list ) 
ERR: Db Error: Unknown column 'geval_image_again' in 'where clause'
SELECT COUNT(*) AS nc_count FROM `zmkj_evaluate_goods` WHERE ( geval_goodsid = '107362' ) AND ( (geval_image <> '') OR (geval_image_again <> '') ) LIMIT 1  
[2019-01-16 16:00:32] /shop/index.php?act=goods&op=comments_list&goods_id=107107 ( act=goods&op=comments_list ) 
ERR: Db Error: Unknown column 'geval_image_again' in 'where clause'
SELECT COUNT(*) AS nc_count FROM `zmkj_evaluate_goods` WHERE ( geval_goodsid = '107107' ) AND ( (geval_image <> '') OR (geval_image_again <> '') ) LIMIT 1  
[2019-01-16 16:16:58] /shop/index.php?act=goods&op=comments_list&goods_id=106534 ( act=goods&op=comments_list ) 
ERR: Db Error: Unknown column 'geval_image_again' in 'where clause'
SELECT COUNT(*) AS nc_count FROM `zmkj_evaluate_goods` WHERE ( geval_goodsid = '106534' ) AND ( (geval_image <> '') OR (geval_image_again <> '') ) LIMIT 1  
[2019-01-16 16:26:12] /shop/index.php?act=goods&op=comments_list&goods_id=103574 ( act=goods&op=comments_list ) 
ERR: Db Error: Unknown column 'geval_image_again' in 'where clause'
SELECT COUNT(*) AS nc_count FROM `zmkj_evaluate_goods` WHERE ( geval_goodsid = '103574' ) AND ( (geval_image <> '') OR (geval_image_again <> '') ) LIMIT 1  
[2019-01-16 16:55:48] /shop/index.php?act=goods&op=comments_list&goods_id=101619 ( act=goods&op=comments_list ) 
ERR: Db Error: Unknown column 'geval_image_again' in 'where clause'
SELECT COUNT(*) AS nc_count FROM `zmkj_evaluate_goods` WHERE ( geval_goodsid = '101619' ) AND ( (geval_image <> '') OR (geval_image_again <> '') ) LIMIT 1  
[2019-01-16 17:48:20] /shop/index.php?act=goods&op=comments_list&goods_id=106202 ( act=goods&op=comments_list ) 
ERR: Db Error: Unknown column 'geval_image_again' in 'where clause'
SELECT COUNT(*) AS nc_count FROM `zmkj_evaluate_goods` WHERE ( geval_goodsid = '106202' ) AND ( (geval_image <> '') OR (geval_image_again <> '') ) LIMIT 1  
[2019-01-16 18:04:56] /shop/index.php?act=goods&op=comments_list&goods_id=101943 ( act=goods&op=comments_list ) 
ERR: Db Error: Unknown column 'geval_image_again' in 'where clause'
SELECT COUNT(*) AS nc_count FROM `zmkj_evaluate_goods` WHERE ( geval_goodsid = '101943' ) AND ( (geval_image <> '') OR (geval_image_again <> '') ) LIMIT 1  
[2019-01-16 18:15:55] /shop/index.php?act=goods&op=comments_list&goods_id=102948 ( act=goods&op=comments_list ) 
ERR: Db Error: Unknown column 'geval_image_again' in 'where clause'
SELECT COUNT(*) AS nc_count FROM `zmkj_evaluate_goods` WHERE ( geval_goodsid = '102948' ) AND ( (geval_image <> '') OR (geval_image_again <> '') ) LIMIT 1  
[2019-01-16 18:23:47] /shop/index.php?act=goods&op=comments_list&goods_id=104760 ( act=goods&op=comments_list ) 
ERR: Db Error: Unknown column 'geval_image_again' in 'where clause'
SELECT COUNT(*) AS nc_count FROM `zmkj_evaluate_goods` WHERE ( geval_goodsid = '104760' ) AND ( (geval_image <> '') OR (geval_image_again <> '') ) LIMIT 1  
[2019-01-16 18:51:02] /shop/index.php?act=goods&op=comments_list&goods_id=103970 ( act=goods&op=comments_list ) 
ERR: Db Error: Unknown column 'geval_image_again' in 'where clause'
SELECT COUNT(*) AS nc_count FROM `zmkj_evaluate_goods` WHERE ( geval_goodsid = '103970' ) AND ( (geval_image <> '') OR (geval_image_again <> '') ) LIMIT 1  
[2019-01-16 19:33:32] /shop/index.php?act=goods&op=comments_list&goods_id=102304 ( act=goods&op=comments_list ) 
ERR: Db Error: Unknown column 'geval_image_again' in 'where clause'
SELECT COUNT(*) AS nc_count FROM `zmkj_evaluate_goods` WHERE ( geval_goodsid = '102304' ) AND ( (geval_image <> '') OR (geval_image_again <> '') ) LIMIT 1  
[2019-01-16 19:37:11] /shop/index.php?act=goods&op=comments_list&goods_id=103281 ( act=goods&op=comments_list ) 
ERR: Db Error: Unknown column 'geval_image_again' in 'where clause'
SELECT COUNT(*) AS nc_count FROM `zmkj_evaluate_goods` WHERE ( geval_goodsid = '103281' ) AND ( (geval_image <> '') OR (geval_image_again <> '') ) LIMIT 1  
[2019-01-16 19:56:25] /shop/index.php?act=goods&op=comments_list&goods_id=101924 ( act=goods&op=comments_list ) 
ERR: Db Error: Unknown column 'geval_image_again' in 'where clause'
SELECT COUNT(*) AS nc_count FROM `zmkj_evaluate_goods` WHERE ( geval_goodsid = '101924' ) AND ( (geval_image <> '') OR (geval_image_again <> '') ) LIMIT 1  
[2019-01-16 20:00:16] /shop/index.php?act=goods&op=comments_list&goods_id=103273 ( act=goods&op=comments_list ) 
ERR: Db Error: Unknown column 'geval_image_again' in 'where clause'
SELECT COUNT(*) AS nc_count FROM `zmkj_evaluate_goods` WHERE ( geval_goodsid = '103273' ) AND ( (geval_image <> '') OR (geval_image_again <> '') ) LIMIT 1  
[2019-01-16 20:19:30] /shop/index.php?act=goods&op=comments_list&goods_id=106619 ( act=goods&op=comments_list ) 
ERR: Db Error: Unknown column 'geval_image_again' in 'where clause'
SELECT COUNT(*) AS nc_count FROM `zmkj_evaluate_goods` WHERE ( geval_goodsid = '106619' ) AND ( (geval_image <> '') OR (geval_image_again <> '') ) LIMIT 1  
[2019-01-16 21:15:52] /shop/index.php?act=goods&op=comments_list&goods_id=104413 ( act=goods&op=comments_list ) 
ERR: Db Error: Unknown column 'geval_image_again' in 'where clause'
SELECT COUNT(*) AS nc_count FROM `zmkj_evaluate_goods` WHERE ( geval_goodsid = '104413' ) AND ( (geval_image <> '') OR (geval_image_again <> '') ) LIMIT 1  
[2019-01-16 23:59:36] /shop/index.php?act=goods&op=comments_list&goods_id=107184 ( act=goods&op=comments_list ) 
ERR: Db Error: Unknown column 'geval_image_again' in 'where clause'
SELECT COUNT(*) AS nc_count FROM `zmkj_evaluate_goods` WHERE ( geval_goodsid = '107184' ) AND ( (geval_image <> '') OR (geval_image_again <> '') ) LIMIT 1  
