[2019-02-01 00:10:22] /shop/index.php?act=goods&op=comments_list&goods_id=105218&type=2 ( act=goods&op=comments_list ) 
ERR: Db Error: Unknown column 'geval_image_again' in 'where clause'
SELECT COUNT(*) AS nc_count FROM `zmkj_evaluate_goods` WHERE ( geval_goodsid = '105218' ) AND ( (geval_image <> '') OR (geval_image_again <> '') ) LIMIT 1  
[2019-02-01 00:38:12] /shop/index.php?act=goods&op=comments_list&goods_id=102712&type=2 ( act=goods&op=comments_list ) 
ERR: Db Error: Unknown column 'geval_image_again' in 'where clause'
SELECT COUNT(*) AS nc_count FROM `zmkj_evaluate_goods` WHERE ( geval_goodsid = '102712' ) AND ( (geval_image <> '') OR (geval_image_again <> '') ) LIMIT 1  
[2019-02-01 00:45:09] /shop/index.php?act=goods&op=comments_list&goods_id=107436&type=2 ( act=goods&op=comments_list ) 
ERR: Db Error: Unknown column 'geval_image_again' in 'where clause'
SELECT COUNT(*) AS nc_count FROM `zmkj_evaluate_goods` WHERE ( geval_goodsid = '107436' ) AND ( (geval_image <> '') OR (geval_image_again <> '') ) LIMIT 1  
[2019-02-01 00:55:36] /shop/index.php?act=goods&op=comments_list&goods_id=101904&type=2 ( act=goods&op=comments_list ) 
ERR: Db Error: Unknown column 'geval_image_again' in 'where clause'
SELECT COUNT(*) AS nc_count FROM `zmkj_evaluate_goods` WHERE ( geval_goodsid = '101904' ) AND ( (geval_image <> '') OR (geval_image_again <> '') ) LIMIT 1  
[2019-02-01 00:59:04] /shop/index.php?act=goods&op=comments_list&goods_id=104441&type=3 ( act=goods&op=comments_list ) 
ERR: Db Error: Unknown column 'geval_image_again' in 'where clause'
SELECT COUNT(*) AS nc_count FROM `zmkj_evaluate_goods` WHERE ( geval_goodsid = '104441' ) AND ( (geval_image <> '') OR (geval_image_again <> '') ) LIMIT 1  
[2019-02-01 01:02:33] /shop/index.php?act=goods&op=comments_list&goods_id=107453&type=2 ( act=goods&op=comments_list ) 
ERR: Db Error: Unknown column 'geval_image_again' in 'where clause'
SELECT COUNT(*) AS nc_count FROM `zmkj_evaluate_goods` WHERE ( geval_goodsid = '107453' ) AND ( (geval_image <> '') OR (geval_image_again <> '') ) LIMIT 1  
[2019-02-01 01:06:02] /shop/index.php?act=goods&op=comments_list&goods_id=102712&type=3 ( act=goods&op=comments_list ) 
ERR: Db Error: Unknown column 'geval_image_again' in 'where clause'
SELECT COUNT(*) AS nc_count FROM `zmkj_evaluate_goods` WHERE ( geval_goodsid = '102712' ) AND ( (geval_image <> '') OR (geval_image_again <> '') ) LIMIT 1  
[2019-02-01 02:19:05] /shop/index.php?act=goods&op=comments_list&goods_id=107468&type=2 ( act=goods&op=comments_list ) 
ERR: Db Error: Unknown column 'geval_image_again' in 'where clause'
SELECT COUNT(*) AS nc_count FROM `zmkj_evaluate_goods` WHERE ( geval_goodsid = '107468' ) AND ( (geval_image <> '') OR (geval_image_again <> '') ) LIMIT 1  
[2019-02-01 02:55:08] /shop/index.php?act=goods&op=comments_list&goods_id=107686 ( act=goods&op=comments_list ) 
ERR: Db Error: Unknown column 'geval_image_again' in 'where clause'
SELECT COUNT(*) AS nc_count FROM `zmkj_evaluate_goods` WHERE ( geval_goodsid = '107686' ) AND ( (geval_image <> '') OR (geval_image_again <> '') ) LIMIT 1  
[2019-02-01 03:33:31] /shop/index.php?act=search&op=index&cate_id=2168 ( act=search&op=index ) 
ERR: Db Error: Unknown column 'gc_id_' in 'where clause'
SELECT count(distinct CONCAT(goods_commonid)) AS nc_count FROM `zmkj_goods` WHERE ( gc_id_ = '2168' ) AND ( goods_state = '1' ) AND ( goods_verify = '1' ) LIMIT 1  
[2019-02-01 03:33:32] /shop/index.php?act=search&op=index&cate_id=2156 ( act=search&op=index ) 
ERR: Db Error: Unknown column 'gc_id_' in 'where clause'
SELECT count(distinct CONCAT(goods_commonid)) AS nc_count FROM `zmkj_goods` WHERE ( gc_id_ = '2156' ) AND ( goods_state = '1' ) AND ( goods_verify = '1' ) LIMIT 1  
[2019-02-01 03:33:33] /shop/index.php?act=search&op=index&cate_id=2151 ( act=search&op=index ) 
ERR: Db Error: Unknown column 'gc_id_' in 'where clause'
SELECT count(distinct CONCAT(goods_commonid)) AS nc_count FROM `zmkj_goods` WHERE ( gc_id_ = '2151' ) AND ( goods_state = '1' ) AND ( goods_verify = '1' ) LIMIT 1  
[2019-02-01 03:33:38] /shop/index.php?act=search&op=index&cate_id=2137 ( act=search&op=index ) 
ERR: Db Error: Unknown column 'gc_id_' in 'where clause'
SELECT count(distinct CONCAT(goods_commonid)) AS nc_count FROM `zmkj_goods` WHERE ( gc_id_ = '2137' ) AND ( goods_state = '1' ) AND ( goods_verify = '1' ) LIMIT 1  
[2019-02-01 03:33:46] /shop/index.php?act=search&op=index&cate_id=2120 ( act=search&op=index ) 
ERR: Db Error: Unknown column 'gc_id_' in 'where clause'
SELECT count(distinct CONCAT(goods_commonid)) AS nc_count FROM `zmkj_goods` WHERE ( gc_id_ = '2120' ) AND ( goods_state = '1' ) AND ( goods_verify = '1' ) LIMIT 1  
[2019-02-01 03:33:48] /shop/index.php?act=search&op=index&cate_id=2119 ( act=search&op=index ) 
ERR: Db Error: Unknown column 'gc_id_' in 'where clause'
SELECT count(distinct CONCAT(goods_commonid)) AS nc_count FROM `zmkj_goods` WHERE ( gc_id_ = '2119' ) AND ( goods_state = '1' ) AND ( goods_verify = '1' ) LIMIT 1  
[2019-02-01 03:33:54] /shop/index.php?act=search&op=index&cate_id=2115 ( act=search&op=index ) 
ERR: Db Error: Unknown column 'gc_id_' in 'where clause'
SELECT count(distinct CONCAT(goods_commonid)) AS nc_count FROM `zmkj_goods` WHERE ( gc_id_ = '2115' ) AND ( goods_state = '1' ) AND ( goods_verify = '1' ) LIMIT 1  
[2019-02-01 03:33:59] /shop/index.php?act=search&op=index&cate_id=2184 ( act=search&op=index ) 
ERR: Db Error: Unknown column 'gc_id_' in 'where clause'
SELECT count(distinct CONCAT(goods_commonid)) AS nc_count FROM `zmkj_goods` WHERE ( gc_id_ = '2184' ) AND ( goods_state = '1' ) AND ( goods_verify = '1' ) LIMIT 1  
[2019-02-01 03:44:45] /shop/index.php?act=search&op=index&cate_id=1575 ( act=search&op=index ) 
ERR: Db Error: Unknown column 'gc_id_' in 'where clause'
SELECT count(distinct CONCAT(goods_commonid)) AS nc_count FROM `zmkj_goods` WHERE ( gc_id_ = '1575' ) AND ( goods_state = '1' ) AND ( goods_verify = '1' ) LIMIT 1  
[2019-02-01 03:44:51] /shop/index.php?act=search&op=index&cate_id=1579 ( act=search&op=index ) 
ERR: Db Error: Unknown column 'gc_id_' in 'where clause'
SELECT count(distinct CONCAT(goods_commonid)) AS nc_count FROM `zmkj_goods` WHERE ( gc_id_ = '1579' ) AND ( goods_state = '1' ) AND ( goods_verify = '1' ) LIMIT 1  
[2019-02-01 03:44:54] /shop/index.php?act=search&op=index&cate_id=1582 ( act=search&op=index ) 
ERR: Db Error: Unknown column 'gc_id_' in 'where clause'
SELECT count(distinct CONCAT(goods_commonid)) AS nc_count FROM `zmkj_goods` WHERE ( gc_id_ = '1582' ) AND ( goods_state = '1' ) AND ( goods_verify = '1' ) LIMIT 1  
[2019-02-01 03:44:56] /shop/index.php?act=search&op=index&cate_id=2161 ( act=search&op=index ) 
ERR: Db Error: Unknown column 'gc_id_' in 'where clause'
SELECT count(distinct CONCAT(goods_commonid)) AS nc_count FROM `zmkj_goods` WHERE ( gc_id_ = '2161' ) AND ( goods_state = '1' ) AND ( goods_verify = '1' ) LIMIT 1  
[2019-02-01 03:45:01] /shop/index.php?act=search&op=index&cate_id=2144 ( act=search&op=index ) 
ERR: Db Error: Unknown column 'gc_id_' in 'where clause'
SELECT count(distinct CONCAT(goods_commonid)) AS nc_count FROM `zmkj_goods` WHERE ( gc_id_ = '2144' ) AND ( goods_state = '1' ) AND ( goods_verify = '1' ) LIMIT 1  
[2019-02-01 03:45:07] /shop/index.php?act=search&op=index&cate_id=2143 ( act=search&op=index ) 
ERR: Db Error: Unknown column 'gc_id_' in 'where clause'
SELECT count(distinct CONCAT(goods_commonid)) AS nc_count FROM `zmkj_goods` WHERE ( gc_id_ = '2143' ) AND ( goods_state = '1' ) AND ( goods_verify = '1' ) LIMIT 1  
[2019-02-01 03:45:09] /shop/index.php?act=search&op=index&cate_id=1585 ( act=search&op=index ) 
ERR: Db Error: Unknown column 'gc_id_' in 'where clause'
SELECT count(distinct CONCAT(goods_commonid)) AS nc_count FROM `zmkj_goods` WHERE ( gc_id_ = '1585' ) AND ( goods_state = '1' ) AND ( goods_verify = '1' ) LIMIT 1  
[2019-02-01 03:45:28] /shop/index.php?act=search&op=index&cate_id=2129 ( act=search&op=index ) 
ERR: Db Error: Unknown column 'gc_id_' in 'where clause'
SELECT count(distinct CONCAT(goods_commonid)) AS nc_count FROM `zmkj_goods` WHERE ( gc_id_ = '2129' ) AND ( goods_state = '1' ) AND ( goods_verify = '1' ) LIMIT 1  
[2019-02-01 03:46:55] /shop/index.php?act=search&op=index&cate_id=1697 ( act=search&op=index ) 
ERR: Db Error: Unknown column 'gc_id_' in 'where clause'
SELECT count(distinct CONCAT(goods_commonid)) AS nc_count FROM `zmkj_goods` WHERE ( gc_id_ = '1697' ) AND ( goods_state = '1' ) AND ( goods_verify = '1' ) LIMIT 1  
[2019-02-01 03:48:42] /shop/index.php?act=search&op=index&cate_id=1589 ( act=search&op=index ) 
ERR: Db Error: Unknown column 'gc_id_' in 'where clause'
SELECT count(distinct CONCAT(goods_commonid)) AS nc_count FROM `zmkj_goods` WHERE ( gc_id_ = '1589' ) AND ( goods_state = '1' ) AND ( goods_verify = '1' ) LIMIT 1  
[2019-02-01 03:48:45] /shop/index.php?act=search&op=index&cate_id=1592 ( act=search&op=index ) 
ERR: Db Error: Unknown column 'gc_id_' in 'where clause'
SELECT count(distinct CONCAT(goods_commonid)) AS nc_count FROM `zmkj_goods` WHERE ( gc_id_ = '1592' ) AND ( goods_state = '1' ) AND ( goods_verify = '1' ) LIMIT 1  
[2019-02-01 03:48:47] /shop/index.php?act=search&op=index&cate_id=1595 ( act=search&op=index ) 
ERR: Db Error: Unknown column 'gc_id_' in 'where clause'
SELECT count(distinct CONCAT(goods_commonid)) AS nc_count FROM `zmkj_goods` WHERE ( gc_id_ = '1595' ) AND ( goods_state = '1' ) AND ( goods_verify = '1' ) LIMIT 1  
[2019-02-01 03:48:49] /shop/index.php?act=search&op=index&cate_id=1601 ( act=search&op=index ) 
ERR: Db Error: Unknown column 'gc_id_' in 'where clause'
SELECT count(distinct CONCAT(goods_commonid)) AS nc_count FROM `zmkj_goods` WHERE ( gc_id_ = '1601' ) AND ( goods_state = '1' ) AND ( goods_verify = '1' ) LIMIT 1  
[2019-02-01 03:49:04] /shop/index.php?act=goods&op=comments_list&goods_id=107438&type=2 ( act=goods&op=comments_list ) 
ERR: Db Error: Unknown column 'geval_image_again' in 'where clause'
SELECT COUNT(*) AS nc_count FROM `zmkj_evaluate_goods` WHERE ( geval_goodsid = '107438' ) AND ( (geval_image <> '') OR (geval_image_again <> '') ) LIMIT 1  
[2019-02-01 04:31:11] /shop/index.php?act=goods&op=comments_list&goods_id=105319&type=3 ( act=goods&op=comments_list ) 
ERR: Db Error: Unknown column 'geval_image_again' in 'where clause'
SELECT COUNT(*) AS nc_count FROM `zmkj_evaluate_goods` WHERE ( geval_goodsid = '105319' ) AND ( (geval_image <> '') OR (geval_image_again <> '') ) LIMIT 1  
[2019-02-01 04:36:15] /shop/index.php?act=goods&op=comments_list&goods_id=101703&type=3 ( act=goods&op=comments_list ) 
ERR: Db Error: Unknown column 'geval_image_again' in 'where clause'
SELECT COUNT(*) AS nc_count FROM `zmkj_evaluate_goods` WHERE ( geval_goodsid = '101703' ) AND ( (geval_image <> '') OR (geval_image_again <> '') ) LIMIT 1  
[2019-02-01 04:39:37] /shop/index.php?act=goods&op=comments_list&goods_id=107055&type=3 ( act=goods&op=comments_list ) 
ERR: Db Error: Unknown column 'geval_image_again' in 'where clause'
SELECT COUNT(*) AS nc_count FROM `zmkj_evaluate_goods` WHERE ( geval_goodsid = '107055' ) AND ( (geval_image <> '') OR (geval_image_again <> '') ) LIMIT 1  
[2019-02-01 04:43:34] /shop/index.php?act=goods&op=comments_list&goods_id=107193 ( act=goods&op=comments_list ) 
ERR: Db Error: Unknown column 'geval_image_again' in 'where clause'
SELECT COUNT(*) AS nc_count FROM `zmkj_evaluate_goods` WHERE ( geval_goodsid = '107193' ) AND ( (geval_image <> '') OR (geval_image_again <> '') ) LIMIT 1  
[2019-02-01 04:55:24] /shop/index.php?act=goods&op=comments_list&goods_id=106263&type=2 ( act=goods&op=comments_list ) 
ERR: Db Error: Unknown column 'geval_image_again' in 'where clause'
SELECT COUNT(*) AS nc_count FROM `zmkj_evaluate_goods` WHERE ( geval_goodsid = '106263' ) AND ( (geval_image <> '') OR (geval_image_again <> '') ) LIMIT 1  
[2019-02-01 06:06:24] /shop/index.php?act=goods&op=comments_list&goods_id=103244&type=2 ( act=goods&op=comments_list ) 
ERR: Db Error: Unknown column 'geval_image_again' in 'where clause'
SELECT COUNT(*) AS nc_count FROM `zmkj_evaluate_goods` WHERE ( geval_goodsid = '103244' ) AND ( (geval_image <> '') OR (geval_image_again <> '') ) LIMIT 1  
[2019-02-01 06:34:01] /shop/index.php?act=goods&op=comments_list&goods_id=104332&type=3 ( act=goods&op=comments_list ) 
ERR: Db Error: Unknown column 'geval_image_again' in 'where clause'
SELECT COUNT(*) AS nc_count FROM `zmkj_evaluate_goods` WHERE ( geval_goodsid = '104332' ) AND ( (geval_image <> '') OR (geval_image_again <> '') ) LIMIT 1  
[2019-02-01 07:12:10] /shop/index.php?act=goods&op=comments_list&goods_id=104265 ( act=goods&op=comments_list ) 
ERR: Db Error: Unknown column 'geval_image_again' in 'where clause'
SELECT COUNT(*) AS nc_count FROM `zmkj_evaluate_goods` WHERE ( geval_goodsid = '104265' ) AND ( (geval_image <> '') OR (geval_image_again <> '') ) LIMIT 1  
[2019-02-01 07:17:54] /shop/index.php?act=goods&goods_id=101348&op=comments_list ( act=goods&op=comments_list ) 
ERR: Db Error: Unknown column 'geval_image_again' in 'where clause'
SELECT COUNT(*) AS nc_count FROM `zmkj_evaluate_goods` WHERE ( geval_goodsid = '101348' ) AND ( (geval_image <> '') OR (geval_image_again <> '') ) LIMIT 1  
[2019-02-01 08:34:10] /shop/index.php?act=goods&op=comments_list&goods_id=108228&type=1 ( act=goods&op=comments_list ) 
ERR: Db Error: Unknown column 'geval_image_again' in 'where clause'
SELECT COUNT(*) AS nc_count FROM `zmkj_evaluate_goods` WHERE ( geval_goodsid = '108228' ) AND ( (geval_image <> '') OR (geval_image_again <> '') ) LIMIT 1  
[2019-02-01 09:03:12] /shop/index.php?act=goods&goods_id=101143&op=comments_list ( act=goods&op=comments_list ) 
ERR: Db Error: Unknown column 'geval_image_again' in 'where clause'
SELECT COUNT(*) AS nc_count FROM `zmkj_evaluate_goods` WHERE ( geval_goodsid = '101143' ) AND ( (geval_image <> '') OR (geval_image_again <> '') ) LIMIT 1  
[2019-02-01 09:03:12] /shop/index.php?act=goods&goods_id=107067&op=comments_list ( act=goods&op=comments_list ) 
ERR: Db Error: Unknown column 'geval_image_again' in 'where clause'
SELECT COUNT(*) AS nc_count FROM `zmkj_evaluate_goods` WHERE ( geval_goodsid = '107067' ) AND ( (geval_image <> '') OR (geval_image_again <> '') ) LIMIT 1  
[2019-02-01 09:03:16] /shop/index.php?act=goods&goods_id=100626&op=comments_list ( act=goods&op=comments_list ) 
ERR: Db Error: Unknown column 'geval_image_again' in 'where clause'
SELECT COUNT(*) AS nc_count FROM `zmkj_evaluate_goods` WHERE ( geval_goodsid = '100626' ) AND ( (geval_image <> '') OR (geval_image_again <> '') ) LIMIT 1  
[2019-02-01 09:03:26] /shop/index.php?act=goods&goods_id=103039&op=comments_list ( act=goods&op=comments_list ) 
ERR: Db Error: Unknown column 'geval_image_again' in 'where clause'
SELECT COUNT(*) AS nc_count FROM `zmkj_evaluate_goods` WHERE ( geval_goodsid = '103039' ) AND ( (geval_image <> '') OR (geval_image_again <> '') ) LIMIT 1  
[2019-02-01 09:03:30] /shop/index.php?act=goods&goods_id=103949&op=comments_list&type=2 ( act=goods&op=comments_list ) 
ERR: Db Error: Unknown column 'geval_image_again' in 'where clause'
SELECT COUNT(*) AS nc_count FROM `zmkj_evaluate_goods` WHERE ( geval_goodsid = '103949' ) AND ( (geval_image <> '') OR (geval_image_again <> '') ) LIMIT 1  
[2019-02-01 10:03:39] /shop/index.php?act=goods&op=comments_list&goods_id=105560&type=2 ( act=goods&op=comments_list ) 
ERR: Db Error: Unknown column 'geval_image_again' in 'where clause'
SELECT COUNT(*) AS nc_count FROM `zmkj_evaluate_goods` WHERE ( geval_goodsid = '105560' ) AND ( (geval_image <> '') OR (geval_image_again <> '') ) LIMIT 1  
[2019-02-01 10:12:18] /shop/index.php?act=goods&op=comments_list&goods_id=100777 ( act=goods&op=comments_list ) 
ERR: Db Error: Unknown column 'geval_image_again' in 'where clause'
SELECT COUNT(*) AS nc_count FROM `zmkj_evaluate_goods` WHERE ( geval_goodsid = '100777' ) AND ( (geval_image <> '') OR (geval_image_again <> '') ) LIMIT 1  
[2019-02-01 10:45:42] /shop/index.php?act=goods&op=comments_list&goods_id=104315&type=2 ( act=goods&op=comments_list ) 
ERR: Db Error: Unknown column 'geval_image_again' in 'where clause'
SELECT COUNT(*) AS nc_count FROM `zmkj_evaluate_goods` WHERE ( geval_goodsid = '104315' ) AND ( (geval_image <> '') OR (geval_image_again <> '') ) LIMIT 1  
[2019-02-01 10:53:10] /shop/index.php?act=goods&op=comments_list&goods_id=102084 ( act=goods&op=comments_list ) 
ERR: Db Error: Unknown column 'geval_image_again' in 'where clause'
SELECT COUNT(*) AS nc_count FROM `zmkj_evaluate_goods` WHERE ( geval_goodsid = '102084' ) AND ( (geval_image <> '') OR (geval_image_again <> '') ) LIMIT 1  
[2019-02-01 11:04:21] /shop/index.php?act=goods&op=comments_list&goods_id=108235 ( act=goods&op=comments_list ) 
ERR: Db Error: Unknown column 'geval_image_again' in 'where clause'
SELECT COUNT(*) AS nc_count FROM `zmkj_evaluate_goods` WHERE ( geval_goodsid = '108235' ) AND ( (geval_image <> '') OR (geval_image_again <> '') ) LIMIT 1  
[2019-02-01 11:11:48] /shop/index.php?act=goods&op=comments_list&goods_id=103927 ( act=goods&op=comments_list ) 
ERR: Db Error: Unknown column 'geval_image_again' in 'where clause'
SELECT COUNT(*) AS nc_count FROM `zmkj_evaluate_goods` WHERE ( geval_goodsid = '103927' ) AND ( (geval_image <> '') OR (geval_image_again <> '') ) LIMIT 1  
[2019-02-01 11:15:32] /shop/index.php?act=goods&op=comments_list&goods_id=105275&type=3 ( act=goods&op=comments_list ) 
ERR: Db Error: Unknown column 'geval_image_again' in 'where clause'
SELECT COUNT(*) AS nc_count FROM `zmkj_evaluate_goods` WHERE ( geval_goodsid = '105275' ) AND ( (geval_image <> '') OR (geval_image_again <> '') ) LIMIT 1  
[2019-02-01 11:26:43] /shop/index.php?act=goods&op=comments_list&goods_id=108274 ( act=goods&op=comments_list ) 
ERR: Db Error: Unknown column 'geval_image_again' in 'where clause'
SELECT COUNT(*) AS nc_count FROM `zmkj_evaluate_goods` WHERE ( geval_goodsid = '108274' ) AND ( (geval_image <> '') OR (geval_image_again <> '') ) LIMIT 1  
[2019-02-01 11:34:10] /shop/index.php?act=goods&op=comments_list&goods_id=101810 ( act=goods&op=comments_list ) 
ERR: Db Error: Unknown column 'geval_image_again' in 'where clause'
SELECT COUNT(*) AS nc_count FROM `zmkj_evaluate_goods` WHERE ( geval_goodsid = '101810' ) AND ( (geval_image <> '') OR (geval_image_again <> '') ) LIMIT 1  
[2019-02-01 11:41:37] /shop/index.php?act=goods&op=comments_list&goods_id=103224&type=2 ( act=goods&op=comments_list ) 
ERR: Db Error: Unknown column 'geval_image_again' in 'where clause'
SELECT COUNT(*) AS nc_count FROM `zmkj_evaluate_goods` WHERE ( geval_goodsid = '103224' ) AND ( (geval_image <> '') OR (geval_image_again <> '') ) LIMIT 1  
[2019-02-01 11:52:48] /shop/index.php?act=goods&op=comments_list&goods_id=103712 ( act=goods&op=comments_list ) 
ERR: Db Error: Unknown column 'geval_image_again' in 'where clause'
SELECT COUNT(*) AS nc_count FROM `zmkj_evaluate_goods` WHERE ( geval_goodsid = '103712' ) AND ( (geval_image <> '') OR (geval_image_again <> '') ) LIMIT 1  
[2019-02-01 12:00:16] /shop/index.php?act=goods&op=comments_list&goods_id=104080&type=1 ( act=goods&op=comments_list ) 
ERR: Db Error: Unknown column 'geval_image_again' in 'where clause'
SELECT COUNT(*) AS nc_count FROM `zmkj_evaluate_goods` WHERE ( geval_goodsid = '104080' ) AND ( (geval_image <> '') OR (geval_image_again <> '') ) LIMIT 1  
[2019-02-01 12:15:10] /shop/index.php?act=goods&op=comments_list&goods_id=107985 ( act=goods&op=comments_list ) 
ERR: Db Error: Unknown column 'geval_image_again' in 'where clause'
SELECT COUNT(*) AS nc_count FROM `zmkj_evaluate_goods` WHERE ( geval_goodsid = '107985' ) AND ( (geval_image <> '') OR (geval_image_again <> '') ) LIMIT 1  
[2019-02-01 12:22:38] /shop/index.php?act=goods&op=comments_list&goods_id=108273 ( act=goods&op=comments_list ) 
ERR: Db Error: Unknown column 'geval_image_again' in 'where clause'
SELECT COUNT(*) AS nc_count FROM `zmkj_evaluate_goods` WHERE ( geval_goodsid = '108273' ) AND ( (geval_image <> '') OR (geval_image_again <> '') ) LIMIT 1  
[2019-02-01 12:30:40] /shop/index.php?act=goods&op=comments_list&goods_id=104443&type=2 ( act=goods&op=comments_list ) 
ERR: Db Error: Unknown column 'geval_image_again' in 'where clause'
SELECT COUNT(*) AS nc_count FROM `zmkj_evaluate_goods` WHERE ( geval_goodsid = '104443' ) AND ( (geval_image <> '') OR (geval_image_again <> '') ) LIMIT 1  
[2019-02-01 12:31:47] /shop/index.php?act=goods&op=comments_list&goods_id=107603 ( act=goods&op=comments_list ) 
ERR: Db Error: Unknown column 'geval_image_again' in 'where clause'
SELECT COUNT(*) AS nc_count FROM `zmkj_evaluate_goods` WHERE ( geval_goodsid = '107603' ) AND ( (geval_image <> '') OR (geval_image_again <> '') ) LIMIT 1  
[2019-02-01 12:41:16] /shop/index.php?act=goods&op=comments_list&goods_id=104309&type=2 ( act=goods&op=comments_list ) 
ERR: Db Error: Unknown column 'geval_image_again' in 'where clause'
SELECT COUNT(*) AS nc_count FROM `zmkj_evaluate_goods` WHERE ( geval_goodsid = '104309' ) AND ( (geval_image <> '') OR (geval_image_again <> '') ) LIMIT 1  
[2019-02-01 13:22:10] /shop/index.php?act=goods&op=comments_list&goods_id=104283&type=3 ( act=goods&op=comments_list ) 
ERR: Db Error: Unknown column 'geval_image_again' in 'where clause'
SELECT COUNT(*) AS nc_count FROM `zmkj_evaluate_goods` WHERE ( geval_goodsid = '104283' ) AND ( (geval_image <> '') OR (geval_image_again <> '') ) LIMIT 1  
[2019-02-01 13:34:26] /shop/index.php?act=goods&op=comments_list&goods_id=102015 ( act=goods&op=comments_list ) 
ERR: Db Error: Unknown column 'geval_image_again' in 'where clause'
SELECT COUNT(*) AS nc_count FROM `zmkj_evaluate_goods` WHERE ( geval_goodsid = '102015' ) AND ( (geval_image <> '') OR (geval_image_again <> '') ) LIMIT 1  
[2019-02-01 13:38:31] /shop/index.php?act=goods&op=comments_list&goods_id=102825&type=3 ( act=goods&op=comments_list ) 
ERR: Db Error: Unknown column 'geval_image_again' in 'where clause'
SELECT COUNT(*) AS nc_count FROM `zmkj_evaluate_goods` WHERE ( geval_goodsid = '102825' ) AND ( (geval_image <> '') OR (geval_image_again <> '') ) LIMIT 1  
[2019-02-01 13:55:38] /shop/index.php?act=goods&op=comments_list&goods_id=104443&type=3 ( act=goods&op=comments_list ) 
ERR: Db Error: Unknown column 'geval_image_again' in 'where clause'
SELECT COUNT(*) AS nc_count FROM `zmkj_evaluate_goods` WHERE ( geval_goodsid = '104443' ) AND ( (geval_image <> '') OR (geval_image_again <> '') ) LIMIT 1  
[2019-02-01 13:58:11] /shop/index.php?act=goods&op=comments_list&goods_id=106261&type=3 ( act=goods&op=comments_list ) 
ERR: Db Error: Unknown column 'geval_image_again' in 'where clause'
SELECT COUNT(*) AS nc_count FROM `zmkj_evaluate_goods` WHERE ( geval_goodsid = '106261' ) AND ( (geval_image <> '') OR (geval_image_again <> '') ) LIMIT 1  
[2019-02-01 14:03:03] /shop/index.php?act=goods&op=comments_list&goods_id=108328 ( act=goods&op=comments_list ) 
ERR: Db Error: Unknown column 'geval_image_again' in 'where clause'
SELECT COUNT(*) AS nc_count FROM `zmkj_evaluate_goods` WHERE ( geval_goodsid = '108328' ) AND ( (geval_image <> '') OR (geval_image_again <> '') ) LIMIT 1  
[2019-02-01 14:07:09] /shop/index.php?act=goods&op=comments_list&goods_id=106350 ( act=goods&op=comments_list ) 
ERR: Db Error: Unknown column 'geval_image_again' in 'where clause'
SELECT COUNT(*) AS nc_count FROM `zmkj_evaluate_goods` WHERE ( geval_goodsid = '106350' ) AND ( (geval_image <> '') OR (geval_image_again <> '') ) LIMIT 1  
[2019-02-01 14:12:35] /shop/index.php?act=goods&op=comments_list&goods_id=103879&type=2 ( act=goods&op=comments_list ) 
ERR: Db Error: Unknown column 'geval_image_again' in 'where clause'
SELECT COUNT(*) AS nc_count FROM `zmkj_evaluate_goods` WHERE ( geval_goodsid = '103879' ) AND ( (geval_image <> '') OR (geval_image_again <> '') ) LIMIT 1  
[2019-02-01 14:15:19] /shop/index.php?act=goods&op=comments_list&goods_id=102370 ( act=goods&op=comments_list ) 
ERR: Db Error: Unknown column 'geval_image_again' in 'where clause'
SELECT COUNT(*) AS nc_count FROM `zmkj_evaluate_goods` WHERE ( geval_goodsid = '102370' ) AND ( (geval_image <> '') OR (geval_image_again <> '') ) LIMIT 1  
[2019-02-01 14:23:30] /shop/index.php?act=goods&op=comments_list&goods_id=103666&type=2 ( act=goods&op=comments_list ) 
ERR: Db Error: Unknown column 'geval_image_again' in 'where clause'
SELECT COUNT(*) AS nc_count FROM `zmkj_evaluate_goods` WHERE ( geval_goodsid = '103666' ) AND ( (geval_image <> '') OR (geval_image_again <> '') ) LIMIT 1  
[2019-02-01 14:25:07] /shop/index.php?act=goods&op=comments_list&goods_id=105647&type=2 ( act=goods&op=comments_list ) 
ERR: Db Error: Unknown column 'geval_image_again' in 'where clause'
SELECT COUNT(*) AS nc_count FROM `zmkj_evaluate_goods` WHERE ( geval_goodsid = '105647' ) AND ( (geval_image <> '') OR (geval_image_again <> '') ) LIMIT 1  
[2019-02-01 14:32:13] /shop/index.php?act=goods&op=comments_list&goods_id=106285&type=3 ( act=goods&op=comments_list ) 
ERR: Db Error: Unknown column 'geval_image_again' in 'where clause'
SELECT COUNT(*) AS nc_count FROM `zmkj_evaluate_goods` WHERE ( geval_goodsid = '106285' ) AND ( (geval_image <> '') OR (geval_image_again <> '') ) LIMIT 1  
[2019-02-01 14:43:07] /shop/index.php?act=goods&op=comments_list&goods_id=107846 ( act=goods&op=comments_list ) 
ERR: Db Error: Unknown column 'geval_image_again' in 'where clause'
SELECT COUNT(*) AS nc_count FROM `zmkj_evaluate_goods` WHERE ( geval_goodsid = '107846' ) AND ( (geval_image <> '') OR (geval_image_again <> '') ) LIMIT 1  
[2019-02-01 14:46:23] /shop/index.php?act=goods&op=comments_list&goods_id=103020 ( act=goods&op=comments_list ) 
ERR: Db Error: Unknown column 'geval_image_again' in 'where clause'
SELECT COUNT(*) AS nc_count FROM `zmkj_evaluate_goods` WHERE ( geval_goodsid = '103020' ) AND ( (geval_image <> '') OR (geval_image_again <> '') ) LIMIT 1  
[2019-02-01 14:48:00] /shop/index.php?act=goods&op=comments_list&goods_id=104085&type=1 ( act=goods&op=comments_list ) 
ERR: Db Error: Unknown column 'geval_image_again' in 'where clause'
SELECT COUNT(*) AS nc_count FROM `zmkj_evaluate_goods` WHERE ( geval_goodsid = '104085' ) AND ( (geval_image <> '') OR (geval_image_again <> '') ) LIMIT 1  
[2019-02-01 14:49:38] /shop/index.php?act=goods&op=comments_list&goods_id=102366 ( act=goods&op=comments_list ) 
ERR: Db Error: Unknown column 'geval_image_again' in 'where clause'
SELECT COUNT(*) AS nc_count FROM `zmkj_evaluate_goods` WHERE ( geval_goodsid = '102366' ) AND ( (geval_image <> '') OR (geval_image_again <> '') ) LIMIT 1  
[2019-02-01 14:56:00] /shop/index.php?act=goods&op=comments_list&goods_id=108264 ( act=goods&op=comments_list ) 
ERR: Db Error: Unknown column 'geval_image_again' in 'where clause'
SELECT COUNT(*) AS nc_count FROM `zmkj_evaluate_goods` WHERE ( geval_goodsid = '108264' ) AND ( (geval_image <> '') OR (geval_image_again <> '') ) LIMIT 1  
[2019-02-01 14:57:47] /shop/index.php?act=goods&op=comments_list&goods_id=107832 ( act=goods&op=comments_list ) 
ERR: Db Error: Unknown column 'geval_image_again' in 'where clause'
SELECT COUNT(*) AS nc_count FROM `zmkj_evaluate_goods` WHERE ( geval_goodsid = '107832' ) AND ( (geval_image <> '') OR (geval_image_again <> '') ) LIMIT 1  
[2019-02-01 15:04:19] /shop/index.php?act=goods&op=comments_list&goods_id=105275&type=2 ( act=goods&op=comments_list ) 
ERR: Db Error: Unknown column 'geval_image_again' in 'where clause'
SELECT COUNT(*) AS nc_count FROM `zmkj_evaluate_goods` WHERE ( geval_goodsid = '105275' ) AND ( (geval_image <> '') OR (geval_image_again <> '') ) LIMIT 1  
[2019-02-01 15:12:28] /shop/index.php?act=goods&op=comments_list&goods_id=104064 ( act=goods&op=comments_list ) 
ERR: Db Error: Unknown column 'geval_image_again' in 'where clause'
SELECT COUNT(*) AS nc_count FROM `zmkj_evaluate_goods` WHERE ( geval_goodsid = '104064' ) AND ( (geval_image <> '') OR (geval_image_again <> '') ) LIMIT 1  
[2019-02-01 15:15:43] /shop/index.php?act=goods&op=comments_list&goods_id=107072 ( act=goods&op=comments_list ) 
ERR: Db Error: Unknown column 'geval_image_again' in 'where clause'
SELECT COUNT(*) AS nc_count FROM `zmkj_evaluate_goods` WHERE ( geval_goodsid = '107072' ) AND ( (geval_image <> '') OR (geval_image_again <> '') ) LIMIT 1  
[2019-02-01 15:22:15] /shop/index.php?act=goods&op=comments_list&goods_id=103023 ( act=goods&op=comments_list ) 
ERR: Db Error: Unknown column 'geval_image_again' in 'where clause'
SELECT COUNT(*) AS nc_count FROM `zmkj_evaluate_goods` WHERE ( geval_goodsid = '103023' ) AND ( (geval_image <> '') OR (geval_image_again <> '') ) LIMIT 1  
[2019-02-01 15:24:18] /shop/index.php?act=goods&op=comments_list&goods_id=102473 ( act=goods&op=comments_list ) 
ERR: Db Error: Unknown column 'geval_image_again' in 'where clause'
SELECT COUNT(*) AS nc_count FROM `zmkj_evaluate_goods` WHERE ( geval_goodsid = '102473' ) AND ( (geval_image <> '') OR (geval_image_again <> '') ) LIMIT 1  
[2019-02-01 15:32:02] /shop/index.php?act=goods&op=comments_list&goods_id=107875 ( act=goods&op=comments_list ) 
ERR: Db Error: Unknown column 'geval_image_again' in 'where clause'
SELECT COUNT(*) AS nc_count FROM `zmkj_evaluate_goods` WHERE ( geval_goodsid = '107875' ) AND ( (geval_image <> '') OR (geval_image_again <> '') ) LIMIT 1  
[2019-02-01 15:35:17] /shop/index.php?act=goods&op=comments_list&goods_id=105577&type=3 ( act=goods&op=comments_list ) 
ERR: Db Error: Unknown column 'geval_image_again' in 'where clause'
SELECT COUNT(*) AS nc_count FROM `zmkj_evaluate_goods` WHERE ( geval_goodsid = '105577' ) AND ( (geval_image <> '') OR (geval_image_again <> '') ) LIMIT 1  
[2019-02-01 15:54:00] /shop/index.php?act=goods&op=comments_list&goods_id=102665&type=3 ( act=goods&op=comments_list ) 
ERR: Db Error: Unknown column 'geval_image_again' in 'where clause'
SELECT COUNT(*) AS nc_count FROM `zmkj_evaluate_goods` WHERE ( geval_goodsid = '102665' ) AND ( (geval_image <> '') OR (geval_image_again <> '') ) LIMIT 1  
[2019-02-01 15:55:23] /shop/index.php?act=goods&op=comments_list&goods_id=104059 ( act=goods&op=comments_list ) 
ERR: Db Error: Unknown column 'geval_image_again' in 'where clause'
SELECT COUNT(*) AS nc_count FROM `zmkj_evaluate_goods` WHERE ( geval_goodsid = '104059' ) AND ( (geval_image <> '') OR (geval_image_again <> '') ) LIMIT 1  
[2019-02-01 15:58:07] /shop/index.php?act=goods&op=comments_list&goods_id=108124 ( act=goods&op=comments_list ) 
ERR: Db Error: Unknown column 'geval_image_again' in 'where clause'
SELECT COUNT(*) AS nc_count FROM `zmkj_evaluate_goods` WHERE ( geval_goodsid = '108124' ) AND ( (geval_image <> '') OR (geval_image_again <> '') ) LIMIT 1  
[2019-02-01 16:01:23] /shop/index.php?act=goods&op=comments_list&goods_id=108360 ( act=goods&op=comments_list ) 
ERR: Db Error: Unknown column 'geval_image_again' in 'where clause'
SELECT COUNT(*) AS nc_count FROM `zmkj_evaluate_goods` WHERE ( geval_goodsid = '108360' ) AND ( (geval_image <> '') OR (geval_image_again <> '') ) LIMIT 1  
[2019-02-01 16:06:16] /shop/index.php?act=goods&op=comments_list&goods_id=102367 ( act=goods&op=comments_list ) 
ERR: Db Error: Unknown column 'geval_image_again' in 'where clause'
SELECT COUNT(*) AS nc_count FROM `zmkj_evaluate_goods` WHERE ( geval_goodsid = '102367' ) AND ( (geval_image <> '') OR (geval_image_again <> '') ) LIMIT 1  
[2019-02-01 16:09:32] /shop/index.php?act=goods&op=comments_list&goods_id=102364 ( act=goods&op=comments_list ) 
ERR: Db Error: Unknown column 'geval_image_again' in 'where clause'
SELECT COUNT(*) AS nc_count FROM `zmkj_evaluate_goods` WHERE ( geval_goodsid = '102364' ) AND ( (geval_image <> '') OR (geval_image_again <> '') ) LIMIT 1  
[2019-02-01 16:12:47] /shop/index.php?act=goods&op=comments_list&goods_id=102368 ( act=goods&op=comments_list ) 
ERR: Db Error: Unknown column 'geval_image_again' in 'where clause'
SELECT COUNT(*) AS nc_count FROM `zmkj_evaluate_goods` WHERE ( geval_goodsid = '102368' ) AND ( (geval_image <> '') OR (geval_image_again <> '') ) LIMIT 1  
[2019-02-01 16:17:41] /shop/index.php?act=goods&op=comments_list&goods_id=100765 ( act=goods&op=comments_list ) 
ERR: Db Error: Unknown column 'geval_image_again' in 'where clause'
SELECT COUNT(*) AS nc_count FROM `zmkj_evaluate_goods` WHERE ( geval_goodsid = '100765' ) AND ( (geval_image <> '') OR (geval_image_again <> '') ) LIMIT 1  
[2019-02-01 16:19:19] /shop/index.php?act=goods&op=comments_list&goods_id=102378 ( act=goods&op=comments_list ) 
ERR: Db Error: Unknown column 'geval_image_again' in 'where clause'
SELECT COUNT(*) AS nc_count FROM `zmkj_evaluate_goods` WHERE ( geval_goodsid = '102378' ) AND ( (geval_image <> '') OR (geval_image_again <> '') ) LIMIT 1  
[2019-02-01 16:50:48] /shop/index.php?act=goods&op=comments_list&goods_id=105308&type=2 ( act=goods&op=comments_list ) 
ERR: Db Error: Unknown column 'geval_image_again' in 'where clause'
SELECT COUNT(*) AS nc_count FROM `zmkj_evaluate_goods` WHERE ( geval_goodsid = '105308' ) AND ( (geval_image <> '') OR (geval_image_again <> '') ) LIMIT 1  
[2019-02-01 16:58:15] /shop/index.php?act=goods&op=comments_list&goods_id=104324 ( act=goods&op=comments_list ) 
ERR: Db Error: Unknown column 'geval_image_again' in 'where clause'
SELECT COUNT(*) AS nc_count FROM `zmkj_evaluate_goods` WHERE ( geval_goodsid = '104324' ) AND ( (geval_image <> '') OR (geval_image_again <> '') ) LIMIT 1  
[2019-02-01 17:00:20] /shop/index.php?act=goods&op=comments_list&goods_id=108228&type=2 ( act=goods&op=comments_list ) 
ERR: Db Error: Unknown column 'geval_image_again' in 'where clause'
SELECT COUNT(*) AS nc_count FROM `zmkj_evaluate_goods` WHERE ( geval_goodsid = '108228' ) AND ( (geval_image <> '') OR (geval_image_again <> '') ) LIMIT 1  
[2019-02-01 17:04:37] /shop/index.php?act=goods&op=comments_list&goods_id=106085 ( act=goods&op=comments_list ) 
ERR: Db Error: Unknown column 'geval_image_again' in 'where clause'
SELECT COUNT(*) AS nc_count FROM `zmkj_evaluate_goods` WHERE ( geval_goodsid = '106085' ) AND ( (geval_image <> '') OR (geval_image_again <> '') ) LIMIT 1  
[2019-02-01 17:28:40] /shop/index.php?act=goods&op=comments_list&goods_id=104443&type=2 ( act=goods&op=comments_list ) 
ERR: Db Error: Unknown column 'geval_image_again' in 'where clause'
SELECT COUNT(*) AS nc_count FROM `zmkj_evaluate_goods` WHERE ( geval_goodsid = '104443' ) AND ( (geval_image <> '') OR (geval_image_again <> '') ) LIMIT 1  
[2019-02-01 17:30:50] /shop/index.php?act=goods&op=comments_list&goods_id=105881&type=2 ( act=goods&op=comments_list ) 
ERR: Db Error: Unknown column 'geval_image_again' in 'where clause'
SELECT COUNT(*) AS nc_count FROM `zmkj_evaluate_goods` WHERE ( geval_goodsid = '105881' ) AND ( (geval_image <> '') OR (geval_image_again <> '') ) LIMIT 1  
[2019-02-01 17:44:44] /shop/index.php?act=goods&op=comments_list&goods_id=107598 ( act=goods&op=comments_list ) 
ERR: Db Error: Unknown column 'geval_image_again' in 'where clause'
SELECT COUNT(*) AS nc_count FROM `zmkj_evaluate_goods` WHERE ( geval_goodsid = '107598' ) AND ( (geval_image <> '') OR (geval_image_again <> '') ) LIMIT 1  
[2019-02-01 17:49:22] /shop/index.php?act=goods&op=comments_list&goods_id=103938 ( act=goods&op=comments_list ) 
ERR: Db Error: Unknown column 'geval_image_again' in 'where clause'
SELECT COUNT(*) AS nc_count FROM `zmkj_evaluate_goods` WHERE ( geval_goodsid = '103938' ) AND ( (geval_image <> '') OR (geval_image_again <> '') ) LIMIT 1  
[2019-02-01 18:08:19] /shop/index.php?act=goods&op=comments_list&goods_id=107716 ( act=goods&op=comments_list ) 
ERR: Db Error: Unknown column 'geval_image_again' in 'where clause'
SELECT COUNT(*) AS nc_count FROM `zmkj_evaluate_goods` WHERE ( geval_goodsid = '107716' ) AND ( (geval_image <> '') OR (geval_image_again <> '') ) LIMIT 1  
[2019-02-01 18:20:45] /shop/index.php?act=goods&op=comments_list&goods_id=106263&type=3 ( act=goods&op=comments_list ) 
ERR: Db Error: Unknown column 'geval_image_again' in 'where clause'
SELECT COUNT(*) AS nc_count FROM `zmkj_evaluate_goods` WHERE ( geval_goodsid = '106263' ) AND ( (geval_image <> '') OR (geval_image_again <> '') ) LIMIT 1  
[2019-02-01 18:27:06] /shop/index.php?act=goods&op=comments_list&goods_id=107461&type=2 ( act=goods&op=comments_list ) 
ERR: Db Error: Unknown column 'geval_image_again' in 'where clause'
SELECT COUNT(*) AS nc_count FROM `zmkj_evaluate_goods` WHERE ( geval_goodsid = '107461' ) AND ( (geval_image <> '') OR (geval_image_again <> '') ) LIMIT 1  
[2019-02-01 18:29:45] /shop/index.php?act=goods&op=comments_list&goods_id=108188 ( act=goods&op=comments_list ) 
ERR: Db Error: Unknown column 'geval_image_again' in 'where clause'
SELECT COUNT(*) AS nc_count FROM `zmkj_evaluate_goods` WHERE ( geval_goodsid = '108188' ) AND ( (geval_image <> '') OR (geval_image_again <> '') ) LIMIT 1  
[2019-02-01 18:30:25] /shop/index.php?act=goods&op=comments_list&goods_id=101168&type=2 ( act=goods&op=comments_list ) 
ERR: Db Error: Unknown column 'geval_image_again' in 'where clause'
SELECT COUNT(*) AS nc_count FROM `zmkj_evaluate_goods` WHERE ( geval_goodsid = '101168' ) AND ( (geval_image <> '') OR (geval_image_again <> '') ) LIMIT 1  
[2019-02-01 18:33:45] /shop/index.php?act=goods&op=comments_list&goods_id=101168&type=3 ( act=goods&op=comments_list ) 
ERR: Db Error: Unknown column 'geval_image_again' in 'where clause'
SELECT COUNT(*) AS nc_count FROM `zmkj_evaluate_goods` WHERE ( geval_goodsid = '101168' ) AND ( (geval_image <> '') OR (geval_image_again <> '') ) LIMIT 1  
[2019-02-01 18:48:35] /shop/index.php?act=goods&op=comments_list&goods_id=105873&type=2 ( act=goods&op=comments_list ) 
ERR: Db Error: Unknown column 'geval_image_again' in 'where clause'
SELECT COUNT(*) AS nc_count FROM `zmkj_evaluate_goods` WHERE ( geval_goodsid = '105873' ) AND ( (geval_image <> '') OR (geval_image_again <> '') ) LIMIT 1  
[2019-02-01 18:53:05] /shop/index.php?act=goods&op=comments_list&goods_id=104328&type=2 ( act=goods&op=comments_list ) 
ERR: Db Error: Unknown column 'geval_image_again' in 'where clause'
SELECT COUNT(*) AS nc_count FROM `zmkj_evaluate_goods` WHERE ( geval_goodsid = '104328' ) AND ( (geval_image <> '') OR (geval_image_again <> '') ) LIMIT 1  
[2019-02-01 19:03:21] /shop/index.php?act=goods&op=comments_list&goods_id=108261 ( act=goods&op=comments_list ) 
ERR: Db Error: Unknown column 'geval_image_again' in 'where clause'
SELECT COUNT(*) AS nc_count FROM `zmkj_evaluate_goods` WHERE ( geval_goodsid = '108261' ) AND ( (geval_image <> '') OR (geval_image_again <> '') ) LIMIT 1  
[2019-02-01 19:05:06] /shop/index.php?act=goods&goods_id=107035&op=comments_list ( act=goods&op=comments_list ) 
ERR: Db Error: Unknown column 'geval_image_again' in 'where clause'
SELECT COUNT(*) AS nc_count FROM `zmkj_evaluate_goods` WHERE ( geval_goodsid = '107035' ) AND ( (geval_image <> '') OR (geval_image_again <> '') ) LIMIT 1  
[2019-02-01 19:10:44] /shop/index.php?act=goods&op=comments_list&goods_id=104315&type=3 ( act=goods&op=comments_list ) 
ERR: Db Error: Unknown column 'geval_image_again' in 'where clause'
SELECT COUNT(*) AS nc_count FROM `zmkj_evaluate_goods` WHERE ( geval_goodsid = '104315' ) AND ( (geval_image <> '') OR (geval_image_again <> '') ) LIMIT 1  
[2019-02-01 19:20:45] /shop/index.php?act=goods&op=comments_list&goods_id=107195 ( act=goods&op=comments_list ) 
ERR: Db Error: Unknown column 'geval_image_again' in 'where clause'
SELECT COUNT(*) AS nc_count FROM `zmkj_evaluate_goods` WHERE ( geval_goodsid = '107195' ) AND ( (geval_image <> '') OR (geval_image_again <> '') ) LIMIT 1  
[2019-02-01 19:46:57] /shop/index.php?act=goods&op=comments_list&goods_id=106085 ( act=goods&op=comments_list ) 
ERR: Db Error: Unknown column 'geval_image_again' in 'where clause'
SELECT COUNT(*) AS nc_count FROM `zmkj_evaluate_goods` WHERE ( geval_goodsid = '106085' ) AND ( (geval_image <> '') OR (geval_image_again <> '') ) LIMIT 1  
[2019-02-01 20:31:50] /shop/index.php?act=goods&op=comments_list&goods_id=104260&type=1 ( act=goods&op=comments_list ) 
ERR: Db Error: Unknown column 'geval_image_again' in 'where clause'
SELECT COUNT(*) AS nc_count FROM `zmkj_evaluate_goods` WHERE ( geval_goodsid = '104260' ) AND ( (geval_image <> '') OR (geval_image_again <> '') ) LIMIT 1  
[2019-02-01 20:40:49] /shop/index.php?act=goods&op=comments_list&goods_id=107926 ( act=goods&op=comments_list ) 
ERR: Db Error: Unknown column 'geval_image_again' in 'where clause'
SELECT COUNT(*) AS nc_count FROM `zmkj_evaluate_goods` WHERE ( geval_goodsid = '107926' ) AND ( (geval_image <> '') OR (geval_image_again <> '') ) LIMIT 1  
[2019-02-01 21:46:32] /shop/index.php?act=goods&op=comments_list&goods_id=104080&type=3 ( act=goods&op=comments_list ) 
ERR: Db Error: Unknown column 'geval_image_again' in 'where clause'
SELECT COUNT(*) AS nc_count FROM `zmkj_evaluate_goods` WHERE ( geval_goodsid = '104080' ) AND ( (geval_image <> '') OR (geval_image_again <> '') ) LIMIT 1  
[2019-02-01 21:54:16] /shop/index.php?act=goods&op=comments_list&goods_id=106869&type=2 ( act=goods&op=comments_list ) 
ERR: Db Error: Unknown column 'geval_image_again' in 'where clause'
SELECT COUNT(*) AS nc_count FROM `zmkj_evaluate_goods` WHERE ( geval_goodsid = '106869' ) AND ( (geval_image <> '') OR (geval_image_again <> '') ) LIMIT 1  
[2019-02-01 22:13:36] /shop/index.php?act=goods&op=comments_list&goods_id=106274 ( act=goods&op=comments_list ) 
ERR: Db Error: Unknown column 'geval_image_again' in 'where clause'
SELECT COUNT(*) AS nc_count FROM `zmkj_evaluate_goods` WHERE ( geval_goodsid = '106274' ) AND ( (geval_image <> '') OR (geval_image_again <> '') ) LIMIT 1  
[2019-02-01 22:25:11] /shop/index.php?act=goods&op=comments_list&goods_id=108350 ( act=goods&op=comments_list ) 
ERR: Db Error: Unknown column 'geval_image_again' in 'where clause'
SELECT COUNT(*) AS nc_count FROM `zmkj_evaluate_goods` WHERE ( geval_goodsid = '108350' ) AND ( (geval_image <> '') OR (geval_image_again <> '') ) LIMIT 1  
[2019-02-01 22:55:55] /shop/index.php?act=goods&op=comments_list&goods_id=102335&type=1 ( act=goods&op=comments_list ) 
ERR: Db Error: Unknown column 'geval_image_again' in 'where clause'
SELECT COUNT(*) AS nc_count FROM `zmkj_evaluate_goods` WHERE ( geval_goodsid = '102335' ) AND ( (geval_image <> '') OR (geval_image_again <> '') ) LIMIT 1  
[2019-02-01 23:03:34] /shop/index.php?act=goods&op=comments_list&goods_id=103959&type=2 ( act=goods&op=comments_list ) 
ERR: Db Error: Unknown column 'geval_image_again' in 'where clause'
SELECT COUNT(*) AS nc_count FROM `zmkj_evaluate_goods` WHERE ( geval_goodsid = '103959' ) AND ( (geval_image <> '') OR (geval_image_again <> '') ) LIMIT 1  
[2019-02-01 23:07:23] /shop/index.php?act=goods&op=comments_list&goods_id=103137 ( act=goods&op=comments_list ) 
ERR: Db Error: Unknown column 'geval_image_again' in 'where clause'
SELECT COUNT(*) AS nc_count FROM `zmkj_evaluate_goods` WHERE ( geval_goodsid = '103137' ) AND ( (geval_image <> '') OR (geval_image_again <> '') ) LIMIT 1  
[2019-02-01 23:18:50] /shop/index.php?act=goods&op=comments_list&goods_id=107938 ( act=goods&op=comments_list ) 
ERR: Db Error: Unknown column 'geval_image_again' in 'where clause'
SELECT COUNT(*) AS nc_count FROM `zmkj_evaluate_goods` WHERE ( geval_goodsid = '107938' ) AND ( (geval_image <> '') OR (geval_image_again <> '') ) LIMIT 1  
[2019-02-01 23:22:39] /shop/index.php?act=goods&op=comments_list&goods_id=104283&type=2 ( act=goods&op=comments_list ) 
ERR: Db Error: Unknown column 'geval_image_again' in 'where clause'
SELECT COUNT(*) AS nc_count FROM `zmkj_evaluate_goods` WHERE ( geval_goodsid = '104283' ) AND ( (geval_image <> '') OR (geval_image_again <> '') ) LIMIT 1  
