[2019-07-08 03:46:42] /shop/index.php?act=goods&op=comments_list&goods_id=107241 ( act=goods&op=comments_list ) 
ERR: Db Error: Unknown column 'geval_image_again' in 'where clause'
SELECT COUNT(*) AS nc_count FROM `zmkj_evaluate_goods` WHERE ( geval_goodsid = '107241' ) AND ( (geval_image <> '') OR (geval_image_again <> '') ) LIMIT 1  
[2019-07-08 10:08:11] /shop/index.php?act=goods&op=comments_list&goods_id=102551 ( act=goods&op=comments_list ) 
ERR: Db Error: Unknown column 'geval_image_again' in 'where clause'
SELECT COUNT(*) AS nc_count FROM `zmkj_evaluate_goods` WHERE ( geval_goodsid = '102551' ) AND ( (geval_image <> '') OR (geval_image_again <> '') ) LIMIT 1  
[2019-07-08 10:23:53] /shop/index.php?act=goods&goods_id=103061&op=comments_list ( act=goods&op=comments_list ) 
ERR: Db Error: Unknown column 'geval_image_again' in 'where clause'
SELECT COUNT(*) AS nc_count FROM `zmkj_evaluate_goods` WHERE ( geval_goodsid = '103061' ) AND ( (geval_image <> '') OR (geval_image_again <> '') ) LIMIT 1  
[2019-07-08 10:47:44] /shop/index.php?act=goods&op=comments_list&goods_id=110301 ( act=goods&op=comments_list ) 
ERR: Db Error: Unknown column 'geval_image_again' in 'where clause'
SELECT COUNT(*) AS nc_count FROM `zmkj_evaluate_goods` WHERE ( geval_goodsid = '110301' ) AND ( (geval_image <> '') OR (geval_image_again <> '') ) LIMIT 1  
[2019-07-08 11:37:56] /shop/index.php?act=goods&op=comments_list&goods_id=103277 ( act=goods&op=comments_list ) 
ERR: Db Error: Unknown column 'geval_image_again' in 'where clause'
SELECT COUNT(*) AS nc_count FROM `zmkj_evaluate_goods` WHERE ( geval_goodsid = '103277' ) AND ( (geval_image <> '') OR (geval_image_again <> '') ) LIMIT 1  
[2019-07-08 12:37:57] /shop/index.php?act=goods&op=comments_list&goods_id=107241 ( act=goods&op=comments_list ) 
ERR: Db Error: Unknown column 'geval_image_again' in 'where clause'
SELECT COUNT(*) AS nc_count FROM `zmkj_evaluate_goods` WHERE ( geval_goodsid = '107241' ) AND ( (geval_image <> '') OR (geval_image_again <> '') ) LIMIT 1  
[2019-07-08 13:57:24] /shop/index.php?act=goods&op=comments_list&goods_id=110582 ( act=goods&op=comments_list ) 
ERR: Db Error: Unknown column 'geval_image_again' in 'where clause'
SELECT COUNT(*) AS nc_count FROM `zmkj_evaluate_goods` WHERE ( geval_goodsid = '110582' ) AND ( (geval_image <> '') OR (geval_image_again <> '') ) LIMIT 1  
[2019-07-08 15:04:57] /shop/index.php?act=search&op=index&cate_id=2172 ( act=search&op=index ) 
ERR: Db Error: Unknown column 'gc_id_' in 'where clause'
SELECT count(distinct CONCAT(goods_commonid)) AS nc_count FROM `zmkj_goods` WHERE ( gc_id_ = '2172' ) AND ( goods_state = '1' ) AND ( goods_verify = '1' ) LIMIT 1  
[2019-07-08 15:05:13] /shop/index.php?act=search&op=index&cate_id=2190 ( act=search&op=index ) 
ERR: Db Error: Unknown column 'gc_id_' in 'where clause'
SELECT count(distinct CONCAT(goods_commonid)) AS nc_count FROM `zmkj_goods` WHERE ( gc_id_ = '2190' ) AND ( goods_state = '1' ) AND ( goods_verify = '1' ) LIMIT 1  
[2019-07-08 18:05:50] /admin/index.php?act=goods_orm&op=edit&id=1978 ( act=goods_orm&op=edit ) 
ERR: Db Error: Unknown column 'goods_id' in 'field list'
select goods_id from zmkj_goods_orm where productId='9624d405-3461-44de-8cb4-a6e18047d546 and id !=1978'
[2019-07-08 19:54:28] /shop/index.php?act=hot_sale ( act=hot_sale&op=index ) 
ERR: Db Error: You have an error in your SQL syntax; check the manual that corresponds to your MySQL server version for the right syntax to use near ') and goods_state=1' at line 1
select * from zmkj_goods where goods_id in () and goods_state=1
[2019-07-08 19:54:28] /shop/index.php?act=hot_sale ( act=hot_sale&op=index ) 
ERR: Db Error: You have an error in your SQL syntax; check the manual that corresponds to your MySQL server version for the right syntax to use near '' at line 1
select `member_id` from zmkj_store where store_id = 
[2019-07-08 19:59:44] /shop/index.php?act=goods&op=comments_list&goods_id=105871 ( act=goods&op=comments_list ) 
ERR: Db Error: Unknown column 'geval_image_again' in 'where clause'
SELECT COUNT(*) AS nc_count FROM `zmkj_evaluate_goods` WHERE ( geval_goodsid = '105871' ) AND ( (geval_image <> '') OR (geval_image_again <> '') ) LIMIT 1  
[2019-07-08 21:50:27] /shop/index.php?act=goods&op=comments_list&goods_id=103278 ( act=goods&op=comments_list ) 
ERR: Db Error: Unknown column 'geval_image_again' in 'where clause'
SELECT COUNT(*) AS nc_count FROM `zmkj_evaluate_goods` WHERE ( geval_goodsid = '103278' ) AND ( (geval_image <> '') OR (geval_image_again <> '') ) LIMIT 1  
[2019-07-08 21:56:56] /shop/index.php?act=goods&op=comments_list&goods_id=107241 ( act=goods&op=comments_list ) 
ERR: Db Error: Unknown column 'geval_image_again' in 'where clause'
SELECT COUNT(*) AS nc_count FROM `zmkj_evaluate_goods` WHERE ( geval_goodsid = '107241' ) AND ( (geval_image <> '') OR (geval_image_again <> '') ) LIMIT 1  
