[2019-02-23 00:17:22] /shop/index.php?act=goods&op=comments_list&goods_id=108520 ( act=goods&op=comments_list ) 
ERR: Db Error: Unknown column 'geval_image_again' in 'where clause'
SELECT COUNT(*) AS nc_count FROM `zmkj_evaluate_goods` WHERE ( geval_goodsid = '108520' ) AND ( (geval_image <> '') OR (geval_image_again <> '') ) LIMIT 1  
[2019-02-23 01:15:15] /shop/index.php?act=goods&op=comments_list&goods_id=108501 ( act=goods&op=comments_list ) 
ERR: Db Error: Unknown column 'geval_image_again' in 'where clause'
SELECT COUNT(*) AS nc_count FROM `zmkj_evaluate_goods` WHERE ( geval_goodsid = '108501' ) AND ( (geval_image <> '') OR (geval_image_again <> '') ) LIMIT 1  
[2019-02-23 02:13:09] /shop/index.php?act=goods&op=comments_list&goods_id=105530 ( act=goods&op=comments_list ) 
ERR: Db Error: Unknown column 'geval_image_again' in 'where clause'
SELECT COUNT(*) AS nc_count FROM `zmkj_evaluate_goods` WHERE ( geval_goodsid = '105530' ) AND ( (geval_image <> '') OR (geval_image_again <> '') ) LIMIT 1  
[2019-02-23 02:42:24] /shop/index.php?act=goods&op=comments_list&goods_id=108301 ( act=goods&op=comments_list ) 
ERR: Db Error: Unknown column 'geval_image_again' in 'where clause'
SELECT COUNT(*) AS nc_count FROM `zmkj_evaluate_goods` WHERE ( geval_goodsid = '108301' ) AND ( (geval_image <> '') OR (geval_image_again <> '') ) LIMIT 1  
[2019-02-23 04:31:36] /shop/index.php?act=goods&op=comments_list&goods_id=108270 ( act=goods&op=comments_list ) 
ERR: Db Error: Unknown column 'geval_image_again' in 'where clause'
SELECT COUNT(*) AS nc_count FROM `zmkj_evaluate_goods` WHERE ( geval_goodsid = '108270' ) AND ( (geval_image <> '') OR (geval_image_again <> '') ) LIMIT 1  
[2019-02-23 04:35:08] /shop/index.php?act=goods&op=comments_list&goods_id=104037 ( act=goods&op=comments_list ) 
ERR: Db Error: Unknown column 'geval_image_again' in 'where clause'
SELECT COUNT(*) AS nc_count FROM `zmkj_evaluate_goods` WHERE ( geval_goodsid = '104037' ) AND ( (geval_image <> '') OR (geval_image_again <> '') ) LIMIT 1  
[2019-02-23 04:43:59] /shop/index.php?act=goods&op=comments_list&goods_id=105529 ( act=goods&op=comments_list ) 
ERR: Db Error: Unknown column 'geval_image_again' in 'where clause'
SELECT COUNT(*) AS nc_count FROM `zmkj_evaluate_goods` WHERE ( geval_goodsid = '105529' ) AND ( (geval_image <> '') OR (geval_image_again <> '') ) LIMIT 1  
[2019-02-23 04:52:55] /shop/index.php?act=goods&op=comments_list&goods_id=107474 ( act=goods&op=comments_list ) 
ERR: Db Error: Unknown column 'geval_image_again' in 'where clause'
SELECT COUNT(*) AS nc_count FROM `zmkj_evaluate_goods` WHERE ( geval_goodsid = '107474' ) AND ( (geval_image <> '') OR (geval_image_again <> '') ) LIMIT 1  
[2019-02-23 05:03:53] /shop/index.php?act=goods&op=comments_list&goods_id=105525 ( act=goods&op=comments_list ) 
ERR: Db Error: Unknown column 'geval_image_again' in 'where clause'
SELECT COUNT(*) AS nc_count FROM `zmkj_evaluate_goods` WHERE ( geval_goodsid = '105525' ) AND ( (geval_image <> '') OR (geval_image_again <> '') ) LIMIT 1  
[2019-02-23 05:11:07] /shop/index.php?act=goods&op=comments_list&goods_id=108278 ( act=goods&op=comments_list ) 
ERR: Db Error: Unknown column 'geval_image_again' in 'where clause'
SELECT COUNT(*) AS nc_count FROM `zmkj_evaluate_goods` WHERE ( geval_goodsid = '108278' ) AND ( (geval_image <> '') OR (geval_image_again <> '') ) LIMIT 1  
[2019-02-23 05:18:21] /shop/index.php?act=goods&op=comments_list&goods_id=108527 ( act=goods&op=comments_list ) 
ERR: Db Error: Unknown column 'geval_image_again' in 'where clause'
SELECT COUNT(*) AS nc_count FROM `zmkj_evaluate_goods` WHERE ( geval_goodsid = '108527' ) AND ( (geval_image <> '') OR (geval_image_again <> '') ) LIMIT 1  
[2019-02-23 05:23:47] /shop/index.php?act=goods&op=comments_list&goods_id=100063 ( act=goods&op=comments_list ) 
ERR: Db Error: Unknown column 'geval_image_again' in 'where clause'
SELECT COUNT(*) AS nc_count FROM `zmkj_evaluate_goods` WHERE ( geval_goodsid = '100063' ) AND ( (geval_image <> '') OR (geval_image_again <> '') ) LIMIT 1  
[2019-02-23 06:18:13] /shop/index.php?act=search&op=index&cate_id=2122&area_id=7 ( act=search&op=index ) 
ERR: Db Error: Unknown column 'gc_id_' in 'where clause'
SELECT count(distinct CONCAT(goods_commonid)) AS nc_count FROM `zmkj_goods` WHERE ( gc_id_ = '2122' ) AND ( areaid_1 = '7' ) AND ( goods_state = '1' ) AND ( goods_verify = '1' ) LIMIT 1  
[2019-02-23 07:14:49] /shop/index.php?act=goods&op=comments_list&goods_id=108505 ( act=goods&op=comments_list ) 
ERR: Db Error: Unknown column 'geval_image_again' in 'where clause'
SELECT COUNT(*) AS nc_count FROM `zmkj_evaluate_goods` WHERE ( geval_goodsid = '108505' ) AND ( (geval_image <> '') OR (geval_image_again <> '') ) LIMIT 1  
[2019-02-23 07:22:54] /shop/index.php?act=goods&op=comments_list&goods_id=108282 ( act=goods&op=comments_list ) 
ERR: Db Error: Unknown column 'geval_image_again' in 'where clause'
SELECT COUNT(*) AS nc_count FROM `zmkj_evaluate_goods` WHERE ( geval_goodsid = '108282' ) AND ( (geval_image <> '') OR (geval_image_again <> '') ) LIMIT 1  
[2019-02-23 08:38:22] /shop/index.php?act=goods&op=comments_list&goods_id=108318 ( act=goods&op=comments_list ) 
ERR: Db Error: Unknown column 'geval_image_again' in 'where clause'
SELECT COUNT(*) AS nc_count FROM `zmkj_evaluate_goods` WHERE ( geval_goodsid = '108318' ) AND ( (geval_image <> '') OR (geval_image_again <> '') ) LIMIT 1  
[2019-02-23 09:24:51] /shop/index.php?act=goods&op=comments_list&goods_id=107378 ( act=goods&op=comments_list ) 
ERR: Db Error: Unknown column 'geval_image_again' in 'where clause'
SELECT COUNT(*) AS nc_count FROM `zmkj_evaluate_goods` WHERE ( geval_goodsid = '107378' ) AND ( (geval_image <> '') OR (geval_image_again <> '') ) LIMIT 1  
[2019-02-23 10:21:46] /shop/index.php?act=goods&op=comments_list&goods_id=108294 ( act=goods&op=comments_list ) 
ERR: Db Error: Unknown column 'geval_image_again' in 'where clause'
SELECT COUNT(*) AS nc_count FROM `zmkj_evaluate_goods` WHERE ( geval_goodsid = '108294' ) AND ( (geval_image <> '') OR (geval_image_again <> '') ) LIMIT 1  
[2019-02-23 11:49:27] /shop/index.php?act=goods&op=comments_list&goods_id=108527 ( act=goods&op=comments_list ) 
ERR: Db Error: Unknown column 'geval_image_again' in 'where clause'
SELECT COUNT(*) AS nc_count FROM `zmkj_evaluate_goods` WHERE ( geval_goodsid = '108527' ) AND ( (geval_image <> '') OR (geval_image_again <> '') ) LIMIT 1  
[2019-02-23 12:16:50] /shop/index.php?act=goods&op=comments_list&goods_id=108322 ( act=goods&op=comments_list ) 
ERR: Db Error: Unknown column 'geval_image_again' in 'where clause'
SELECT COUNT(*) AS nc_count FROM `zmkj_evaluate_goods` WHERE ( geval_goodsid = '108322' ) AND ( (geval_image <> '') OR (geval_image_again <> '') ) LIMIT 1  
[2019-02-23 13:33:35] /shop/index.php?act=goods&op=comments_list&goods_id=107153 ( act=goods&op=comments_list ) 
ERR: Db Error: Unknown column 'geval_image_again' in 'where clause'
SELECT COUNT(*) AS nc_count FROM `zmkj_evaluate_goods` WHERE ( geval_goodsid = '107153' ) AND ( (geval_image <> '') OR (geval_image_again <> '') ) LIMIT 1  
[2019-02-23 13:59:51] /shop/index.php?act=goods&goods_id=103007&op=comments_list ( act=goods&op=comments_list ) 
ERR: Db Error: Unknown column 'geval_image_again' in 'where clause'
SELECT COUNT(*) AS nc_count FROM `zmkj_evaluate_goods` WHERE ( geval_goodsid = '103007' ) AND ( (geval_image <> '') OR (geval_image_again <> '') ) LIMIT 1  
[2019-02-23 13:59:58] /shop/index.php?act=goods&goods_id=103007&op=comments_list ( act=goods&op=comments_list ) 
ERR: Db Error: Unknown column 'geval_image_again' in 'where clause'
SELECT COUNT(*) AS nc_count FROM `zmkj_evaluate_goods` WHERE ( geval_goodsid = '103007' ) AND ( (geval_image <> '') OR (geval_image_again <> '') ) LIMIT 1  
[2019-02-23 15:08:52] /shop/index.php?act=goods&op=comments_list&goods_id=108334 ( act=goods&op=comments_list ) 
ERR: Db Error: Unknown column 'geval_image_again' in 'where clause'
SELECT COUNT(*) AS nc_count FROM `zmkj_evaluate_goods` WHERE ( geval_goodsid = '108334' ) AND ( (geval_image <> '') OR (geval_image_again <> '') ) LIMIT 1  
[2019-02-23 15:11:20] /shop/index.php?act=goods&op=comments_list&goods_id=108302 ( act=goods&op=comments_list ) 
ERR: Db Error: Unknown column 'geval_image_again' in 'where clause'
SELECT COUNT(*) AS nc_count FROM `zmkj_evaluate_goods` WHERE ( geval_goodsid = '108302' ) AND ( (geval_image <> '') OR (geval_image_again <> '') ) LIMIT 1  
[2019-02-23 15:13:47] /shop/index.php?act=goods&op=comments_list&goods_id=108315 ( act=goods&op=comments_list ) 
ERR: Db Error: Unknown column 'geval_image_again' in 'where clause'
SELECT COUNT(*) AS nc_count FROM `zmkj_evaluate_goods` WHERE ( geval_goodsid = '108315' ) AND ( (geval_image <> '') OR (geval_image_again <> '') ) LIMIT 1  
[2019-02-23 15:16:14] /shop/index.php?act=goods&op=comments_list&goods_id=108311 ( act=goods&op=comments_list ) 
ERR: Db Error: Unknown column 'geval_image_again' in 'where clause'
SELECT COUNT(*) AS nc_count FROM `zmkj_evaluate_goods` WHERE ( geval_goodsid = '108311' ) AND ( (geval_image <> '') OR (geval_image_again <> '') ) LIMIT 1  
[2019-02-23 15:18:41] /shop/index.php?act=goods&op=comments_list&goods_id=108305 ( act=goods&op=comments_list ) 
ERR: Db Error: Unknown column 'geval_image_again' in 'where clause'
SELECT COUNT(*) AS nc_count FROM `zmkj_evaluate_goods` WHERE ( geval_goodsid = '108305' ) AND ( (geval_image <> '') OR (geval_image_again <> '') ) LIMIT 1  
[2019-02-23 15:27:12] /shop/index.php?act=goods&op=comments_list&goods_id=107547 ( act=goods&op=comments_list ) 
ERR: Db Error: Unknown column 'geval_image_again' in 'where clause'
SELECT COUNT(*) AS nc_count FROM `zmkj_evaluate_goods` WHERE ( geval_goodsid = '107547' ) AND ( (geval_image <> '') OR (geval_image_again <> '') ) LIMIT 1  
[2019-02-23 16:02:52] /shop/index.php?act=goods&op=comments_list&goods_id=103757 ( act=goods&op=comments_list ) 
ERR: Db Error: Unknown column 'geval_image_again' in 'where clause'
SELECT COUNT(*) AS nc_count FROM `zmkj_evaluate_goods` WHERE ( geval_goodsid = '103757' ) AND ( (geval_image <> '') OR (geval_image_again <> '') ) LIMIT 1  
[2019-02-23 16:10:14] /shop/index.php?act=goods&op=comments_list&goods_id=108321 ( act=goods&op=comments_list ) 
ERR: Db Error: Unknown column 'geval_image_again' in 'where clause'
SELECT COUNT(*) AS nc_count FROM `zmkj_evaluate_goods` WHERE ( geval_goodsid = '108321' ) AND ( (geval_image <> '') OR (geval_image_again <> '') ) LIMIT 1  
[2019-02-23 17:49:38] /shop/index.php?act=goods&op=comments_list&goods_id=101978 ( act=goods&op=comments_list ) 
ERR: Db Error: Unknown column 'geval_image_again' in 'where clause'
SELECT COUNT(*) AS nc_count FROM `zmkj_evaluate_goods` WHERE ( geval_goodsid = '101978' ) AND ( (geval_image <> '') OR (geval_image_again <> '') ) LIMIT 1  
[2019-02-23 18:28:51] /shop/index.php?act=goods&op=comments_list&goods_id=108319 ( act=goods&op=comments_list ) 
ERR: Db Error: Unknown column 'geval_image_again' in 'where clause'
SELECT COUNT(*) AS nc_count FROM `zmkj_evaluate_goods` WHERE ( geval_goodsid = '108319' ) AND ( (geval_image <> '') OR (geval_image_again <> '') ) LIMIT 1  
[2019-02-23 18:30:16] /shop/index.php?act=goods&op=comments_list&goods_id=108333 ( act=goods&op=comments_list ) 
ERR: Db Error: Unknown column 'geval_image_again' in 'where clause'
SELECT COUNT(*) AS nc_count FROM `zmkj_evaluate_goods` WHERE ( geval_goodsid = '108333' ) AND ( (geval_image <> '') OR (geval_image_again <> '') ) LIMIT 1  
[2019-02-23 20:30:07] /shop/index.php?act=goods&op=comments_list&goods_id=105711 ( act=goods&op=comments_list ) 
ERR: Db Error: Unknown column 'geval_image_again' in 'where clause'
SELECT COUNT(*) AS nc_count FROM `zmkj_evaluate_goods` WHERE ( geval_goodsid = '105711' ) AND ( (geval_image <> '') OR (geval_image_again <> '') ) LIMIT 1  
[2019-02-23 20:44:14] /shop/index.php?act=goods&op=comments_list&goods_id=108303 ( act=goods&op=comments_list ) 
ERR: Db Error: Unknown column 'geval_image_again' in 'where clause'
SELECT COUNT(*) AS nc_count FROM `zmkj_evaluate_goods` WHERE ( geval_goodsid = '108303' ) AND ( (geval_image <> '') OR (geval_image_again <> '') ) LIMIT 1  
[2019-02-23 22:05:09] /shop/index.php?act=goods&op=comments_list&goods_id=108300 ( act=goods&op=comments_list ) 
ERR: Db Error: Unknown column 'geval_image_again' in 'where clause'
SELECT COUNT(*) AS nc_count FROM `zmkj_evaluate_goods` WHERE ( geval_goodsid = '108300' ) AND ( (geval_image <> '') OR (geval_image_again <> '') ) LIMIT 1  
[2019-02-23 22:13:40] /shop/index.php?act=goods&op=comments_list&goods_id=108304 ( act=goods&op=comments_list ) 
ERR: Db Error: Unknown column 'geval_image_again' in 'where clause'
SELECT COUNT(*) AS nc_count FROM `zmkj_evaluate_goods` WHERE ( geval_goodsid = '108304' ) AND ( (geval_image <> '') OR (geval_image_again <> '') ) LIMIT 1  
[2019-02-23 22:43:04] /shop/index.php?act=goods&op=comments_list&goods_id=108298 ( act=goods&op=comments_list ) 
ERR: Db Error: Unknown column 'geval_image_again' in 'where clause'
SELECT COUNT(*) AS nc_count FROM `zmkj_evaluate_goods` WHERE ( geval_goodsid = '108298' ) AND ( (geval_image <> '') OR (geval_image_again <> '') ) LIMIT 1  
[2019-02-23 23:56:12] /shop/index.php?act=goods&op=comments_list&goods_id=106476 ( act=goods&op=comments_list ) 
ERR: Db Error: Unknown column 'geval_image_again' in 'where clause'
SELECT COUNT(*) AS nc_count FROM `zmkj_evaluate_goods` WHERE ( geval_goodsid = '106476' ) AND ( (geval_image <> '') OR (geval_image_again <> '') ) LIMIT 1  
