[2019-11-08 00:29:51] /shop/index.php?act=goods&op=comments_list&goods_id=110361 ( act=goods&op=comments_list ) 
ERR: Db Error: Unknown column 'geval_image_again' in 'where clause'
SELECT COUNT(*) AS nc_count FROM `zmkj_evaluate_goods` WHERE ( geval_goodsid = '110361' ) AND ( (geval_image <> '') OR (geval_image_again <> '') ) LIMIT 1  
[2019-11-08 00:42:46] /shop/index.php?act=goods&op=comments_list&goods_id=106964 ( act=goods&op=comments_list ) 
ERR: Db Error: Unknown column 'geval_image_again' in 'where clause'
SELECT COUNT(*) AS nc_count FROM `zmkj_evaluate_goods` WHERE ( geval_goodsid = '106964' ) AND ( (geval_image <> '') OR (geval_image_again <> '') ) LIMIT 1  
[2019-11-08 00:47:11] /shop/index.php?act=goods&op=comments_list&goods_id=111897 ( act=goods&op=comments_list ) 
ERR: Db Error: Unknown column 'geval_image_again' in 'where clause'
SELECT COUNT(*) AS nc_count FROM `zmkj_evaluate_goods` WHERE ( geval_goodsid = '111897' ) AND ( (geval_image <> '') OR (geval_image_again <> '') ) LIMIT 1  
[2019-11-08 00:56:01] /shop/index.php?act=goods&op=comments_list&goods_id=111916 ( act=goods&op=comments_list ) 
ERR: Db Error: Unknown column 'geval_image_again' in 'where clause'
SELECT COUNT(*) AS nc_count FROM `zmkj_evaluate_goods` WHERE ( geval_goodsid = '111916' ) AND ( (geval_image <> '') OR (geval_image_again <> '') ) LIMIT 1  
[2019-11-08 01:09:16] /shop/index.php?act=goods&op=comments_list&goods_id=108369 ( act=goods&op=comments_list ) 
ERR: Db Error: Unknown column 'geval_image_again' in 'where clause'
SELECT COUNT(*) AS nc_count FROM `zmkj_evaluate_goods` WHERE ( geval_goodsid = '108369' ) AND ( (geval_image <> '') OR (geval_image_again <> '') ) LIMIT 1  
[2019-11-08 01:18:05] /shop/index.php?act=goods&op=comments_list&goods_id=110328 ( act=goods&op=comments_list ) 
ERR: Db Error: Unknown column 'geval_image_again' in 'where clause'
SELECT COUNT(*) AS nc_count FROM `zmkj_evaluate_goods` WHERE ( geval_goodsid = '110328' ) AND ( (geval_image <> '') OR (geval_image_again <> '') ) LIMIT 1  
[2019-11-08 01:26:55] /shop/index.php?act=goods&op=comments_list&goods_id=111506 ( act=goods&op=comments_list ) 
ERR: Db Error: Unknown column 'geval_image_again' in 'where clause'
SELECT COUNT(*) AS nc_count FROM `zmkj_evaluate_goods` WHERE ( geval_goodsid = '111506' ) AND ( (geval_image <> '') OR (geval_image_again <> '') ) LIMIT 1  
[2019-11-08 01:31:20] /shop/index.php?act=goods&op=comments_list&goods_id=110362 ( act=goods&op=comments_list ) 
ERR: Db Error: Unknown column 'geval_image_again' in 'where clause'
SELECT COUNT(*) AS nc_count FROM `zmkj_evaluate_goods` WHERE ( geval_goodsid = '110362' ) AND ( (geval_image <> '') OR (geval_image_again <> '') ) LIMIT 1  
[2019-11-08 01:35:45] /shop/index.php?act=goods&op=comments_list&goods_id=111662 ( act=goods&op=comments_list ) 
ERR: Db Error: Unknown column 'geval_image_again' in 'where clause'
SELECT COUNT(*) AS nc_count FROM `zmkj_evaluate_goods` WHERE ( geval_goodsid = '111662' ) AND ( (geval_image <> '') OR (geval_image_again <> '') ) LIMIT 1  
[2019-11-08 01:44:34] /shop/index.php?act=goods&op=comments_list&goods_id=111413 ( act=goods&op=comments_list ) 
ERR: Db Error: Unknown column 'geval_image_again' in 'where clause'
SELECT COUNT(*) AS nc_count FROM `zmkj_evaluate_goods` WHERE ( geval_goodsid = '111413' ) AND ( (geval_image <> '') OR (geval_image_again <> '') ) LIMIT 1  
[2019-11-08 02:02:14] /shop/index.php?act=goods&op=comments_list&goods_id=107390 ( act=goods&op=comments_list ) 
ERR: Db Error: Unknown column 'geval_image_again' in 'where clause'
SELECT COUNT(*) AS nc_count FROM `zmkj_evaluate_goods` WHERE ( geval_goodsid = '107390' ) AND ( (geval_image <> '') OR (geval_image_again <> '') ) LIMIT 1  
[2019-11-08 02:11:04] /shop/index.php?act=goods&op=comments_list&goods_id=111959 ( act=goods&op=comments_list ) 
ERR: Db Error: Unknown column 'geval_image_again' in 'where clause'
SELECT COUNT(*) AS nc_count FROM `zmkj_evaluate_goods` WHERE ( geval_goodsid = '111959' ) AND ( (geval_image <> '') OR (geval_image_again <> '') ) LIMIT 1  
[2019-11-08 02:33:08] /shop/index.php?act=goods&op=comments_list&goods_id=106260 ( act=goods&op=comments_list ) 
ERR: Db Error: Unknown column 'geval_image_again' in 'where clause'
SELECT COUNT(*) AS nc_count FROM `zmkj_evaluate_goods` WHERE ( geval_goodsid = '106260' ) AND ( (geval_image <> '') OR (geval_image_again <> '') ) LIMIT 1  
[2019-11-08 02:58:45] /shop/index.php?act=goods&op=comments_list&goods_id=111687 ( act=goods&op=comments_list ) 
ERR: Db Error: Unknown column 'geval_image_again' in 'where clause'
SELECT COUNT(*) AS nc_count FROM `zmkj_evaluate_goods` WHERE ( geval_goodsid = '111687' ) AND ( (geval_image <> '') OR (geval_image_again <> '') ) LIMIT 1  
[2019-11-08 03:02:57] /shop/index.php?act=goods&op=comments_list&goods_id=111953 ( act=goods&op=comments_list ) 
ERR: Db Error: Unknown column 'geval_image_again' in 'where clause'
SELECT COUNT(*) AS nc_count FROM `zmkj_evaluate_goods` WHERE ( geval_goodsid = '111953' ) AND ( (geval_image <> '') OR (geval_image_again <> '') ) LIMIT 1  
[2019-11-08 03:07:09] /shop/index.php?act=goods&op=comments_list&goods_id=111589 ( act=goods&op=comments_list ) 
ERR: Db Error: Unknown column 'geval_image_again' in 'where clause'
SELECT COUNT(*) AS nc_count FROM `zmkj_evaluate_goods` WHERE ( geval_goodsid = '111589' ) AND ( (geval_image <> '') OR (geval_image_again <> '') ) LIMIT 1  
[2019-11-08 03:36:31] /shop/index.php?act=goods&op=comments_list&goods_id=111951 ( act=goods&op=comments_list ) 
ERR: Db Error: Unknown column 'geval_image_again' in 'where clause'
SELECT COUNT(*) AS nc_count FROM `zmkj_evaluate_goods` WHERE ( geval_goodsid = '111951' ) AND ( (geval_image <> '') OR (geval_image_again <> '') ) LIMIT 1  
[2019-11-08 03:40:43] /shop/index.php?act=goods&op=comments_list&goods_id=111886 ( act=goods&op=comments_list ) 
ERR: Db Error: Unknown column 'geval_image_again' in 'where clause'
SELECT COUNT(*) AS nc_count FROM `zmkj_evaluate_goods` WHERE ( geval_goodsid = '111886' ) AND ( (geval_image <> '') OR (geval_image_again <> '') ) LIMIT 1  
[2019-11-08 04:01:42] /shop/index.php?act=goods&op=comments_list&goods_id=111574 ( act=goods&op=comments_list ) 
ERR: Db Error: Unknown column 'geval_image_again' in 'where clause'
SELECT COUNT(*) AS nc_count FROM `zmkj_evaluate_goods` WHERE ( geval_goodsid = '111574' ) AND ( (geval_image <> '') OR (geval_image_again <> '') ) LIMIT 1  
[2019-11-08 04:05:54] /shop/index.php?act=goods&op=comments_list&goods_id=111934 ( act=goods&op=comments_list ) 
ERR: Db Error: Unknown column 'geval_image_again' in 'where clause'
SELECT COUNT(*) AS nc_count FROM `zmkj_evaluate_goods` WHERE ( geval_goodsid = '111934' ) AND ( (geval_image <> '') OR (geval_image_again <> '') ) LIMIT 1  
[2019-11-08 04:10:06] /shop/index.php?act=goods&op=comments_list&goods_id=108572 ( act=goods&op=comments_list ) 
ERR: Db Error: Unknown column 'geval_image_again' in 'where clause'
SELECT COUNT(*) AS nc_count FROM `zmkj_evaluate_goods` WHERE ( geval_goodsid = '108572' ) AND ( (geval_image <> '') OR (geval_image_again <> '') ) LIMIT 1  
[2019-11-08 04:14:18] /shop/index.php?act=goods&op=comments_list&goods_id=110360 ( act=goods&op=comments_list ) 
ERR: Db Error: Unknown column 'geval_image_again' in 'where clause'
SELECT COUNT(*) AS nc_count FROM `zmkj_evaluate_goods` WHERE ( geval_goodsid = '110360' ) AND ( (geval_image <> '') OR (geval_image_again <> '') ) LIMIT 1  
[2019-11-08 04:35:17] /shop/index.php?act=goods&op=comments_list&goods_id=111411 ( act=goods&op=comments_list ) 
ERR: Db Error: Unknown column 'geval_image_again' in 'where clause'
SELECT COUNT(*) AS nc_count FROM `zmkj_evaluate_goods` WHERE ( geval_goodsid = '111411' ) AND ( (geval_image <> '') OR (geval_image_again <> '') ) LIMIT 1  
[2019-11-08 04:47:47] /shop/index.php?act=goods&op=comments_list&goods_id=105651 ( act=goods&op=comments_list ) 
ERR: Db Error: Unknown column 'geval_image_again' in 'where clause'
SELECT COUNT(*) AS nc_count FROM `zmkj_evaluate_goods` WHERE ( geval_goodsid = '105651' ) AND ( (geval_image <> '') OR (geval_image_again <> '') ) LIMIT 1  
[2019-11-08 05:08:17] /shop/index.php?act=goods&op=comments_list&goods_id=110836 ( act=goods&op=comments_list ) 
ERR: Db Error: Unknown column 'geval_image_again' in 'where clause'
SELECT COUNT(*) AS nc_count FROM `zmkj_evaluate_goods` WHERE ( geval_goodsid = '110836' ) AND ( (geval_image <> '') OR (geval_image_again <> '') ) LIMIT 1  
[2019-11-08 05:16:29] /shop/index.php?act=goods&op=comments_list&goods_id=106962 ( act=goods&op=comments_list ) 
ERR: Db Error: Unknown column 'geval_image_again' in 'where clause'
SELECT COUNT(*) AS nc_count FROM `zmkj_evaluate_goods` WHERE ( geval_goodsid = '106962' ) AND ( (geval_image <> '') OR (geval_image_again <> '') ) LIMIT 1  
[2019-11-08 05:24:42] /shop/index.php?act=goods&op=comments_list&goods_id=111706 ( act=goods&op=comments_list ) 
ERR: Db Error: Unknown column 'geval_image_again' in 'where clause'
SELECT COUNT(*) AS nc_count FROM `zmkj_evaluate_goods` WHERE ( geval_goodsid = '111706' ) AND ( (geval_image <> '') OR (geval_image_again <> '') ) LIMIT 1  
[2019-11-08 05:53:25] /shop/index.php?act=goods&op=comments_list&goods_id=110062 ( act=goods&op=comments_list ) 
ERR: Db Error: Unknown column 'geval_image_again' in 'where clause'
SELECT COUNT(*) AS nc_count FROM `zmkj_evaluate_goods` WHERE ( geval_goodsid = '110062' ) AND ( (geval_image <> '') OR (geval_image_again <> '') ) LIMIT 1  
[2019-11-08 05:53:56] /shop/index.php?act=search&op=index&cate_id=2181 ( act=search&op=index ) 
ERR: Db Error: Unknown column 'gc_id_' in 'where clause'
SELECT count(distinct CONCAT(goods_commonid)) AS nc_count FROM `zmkj_goods` WHERE ( gc_id_ = '2181' ) AND ( goods_state = '1' ) AND ( goods_verify = '1' ) LIMIT 1  
[2019-11-08 05:57:31] /shop/index.php?act=goods&op=comments_list&goods_id=108367 ( act=goods&op=comments_list ) 
ERR: Db Error: Unknown column 'geval_image_again' in 'where clause'
SELECT COUNT(*) AS nc_count FROM `zmkj_evaluate_goods` WHERE ( geval_goodsid = '108367' ) AND ( (geval_image <> '') OR (geval_image_again <> '') ) LIMIT 1  
[2019-11-08 06:03:23] /shop/index.php?act=search&op=index&cate_id=2136 ( act=search&op=index ) 
ERR: Db Error: Unknown column 'gc_id_' in 'where clause'
SELECT count(distinct CONCAT(goods_commonid)) AS nc_count FROM `zmkj_goods` WHERE ( gc_id_ = '2136' ) AND ( goods_state = '1' ) AND ( goods_verify = '1' ) LIMIT 1  
[2019-11-08 06:30:20] /shop/index.php?act=goods&op=comments_list&goods_id=111716 ( act=goods&op=comments_list ) 
ERR: Db Error: Unknown column 'geval_image_again' in 'where clause'
SELECT COUNT(*) AS nc_count FROM `zmkj_evaluate_goods` WHERE ( geval_goodsid = '111716' ) AND ( (geval_image <> '') OR (geval_image_again <> '') ) LIMIT 1  
[2019-11-08 06:34:26] /shop/index.php?act=goods&op=comments_list&goods_id=111665 ( act=goods&op=comments_list ) 
ERR: Db Error: Unknown column 'geval_image_again' in 'where clause'
SELECT COUNT(*) AS nc_count FROM `zmkj_evaluate_goods` WHERE ( geval_goodsid = '111665' ) AND ( (geval_image <> '') OR (geval_image_again <> '') ) LIMIT 1  
[2019-11-08 06:51:43] /shop/index.php?act=goods&op=comments_list&goods_id=107439 ( act=goods&op=comments_list ) 
ERR: Db Error: Unknown column 'geval_image_again' in 'where clause'
SELECT COUNT(*) AS nc_count FROM `zmkj_evaluate_goods` WHERE ( geval_goodsid = '107439' ) AND ( (geval_image <> '') OR (geval_image_again <> '') ) LIMIT 1  
[2019-11-08 07:37:09] /shop/index.php?act=goods&op=comments_list&goods_id=107123 ( act=goods&op=comments_list ) 
ERR: Db Error: Unknown column 'geval_image_again' in 'where clause'
SELECT COUNT(*) AS nc_count FROM `zmkj_evaluate_goods` WHERE ( geval_goodsid = '107123' ) AND ( (geval_image <> '') OR (geval_image_again <> '') ) LIMIT 1  
[2019-11-08 07:48:31] /shop/index.php?act=goods&op=comments_list&goods_id=105654 ( act=goods&op=comments_list ) 
ERR: Db Error: Unknown column 'geval_image_again' in 'where clause'
SELECT COUNT(*) AS nc_count FROM `zmkj_evaluate_goods` WHERE ( geval_goodsid = '105654' ) AND ( (geval_image <> '') OR (geval_image_again <> '') ) LIMIT 1  
[2019-11-08 08:02:09] /shop/index.php?act=goods&op=comments_list&goods_id=111683 ( act=goods&op=comments_list ) 
ERR: Db Error: Unknown column 'geval_image_again' in 'where clause'
SELECT COUNT(*) AS nc_count FROM `zmkj_evaluate_goods` WHERE ( geval_goodsid = '111683' ) AND ( (geval_image <> '') OR (geval_image_again <> '') ) LIMIT 1  
[2019-11-08 08:15:47] /shop/index.php?act=goods&op=comments_list&goods_id=111160 ( act=goods&op=comments_list ) 
ERR: Db Error: Unknown column 'geval_image_again' in 'where clause'
SELECT COUNT(*) AS nc_count FROM `zmkj_evaluate_goods` WHERE ( geval_goodsid = '111160' ) AND ( (geval_image <> '') OR (geval_image_again <> '') ) LIMIT 1  
[2019-11-08 08:29:25] /shop/index.php?act=goods&op=comments_list&goods_id=110351 ( act=goods&op=comments_list ) 
ERR: Db Error: Unknown column 'geval_image_again' in 'where clause'
SELECT COUNT(*) AS nc_count FROM `zmkj_evaluate_goods` WHERE ( geval_goodsid = '110351' ) AND ( (geval_image <> '') OR (geval_image_again <> '') ) LIMIT 1  
[2019-11-08 08:40:46] /shop/index.php?act=goods&op=comments_list&goods_id=111691 ( act=goods&op=comments_list ) 
ERR: Db Error: Unknown column 'geval_image_again' in 'where clause'
SELECT COUNT(*) AS nc_count FROM `zmkj_evaluate_goods` WHERE ( geval_goodsid = '111691' ) AND ( (geval_image <> '') OR (geval_image_again <> '') ) LIMIT 1  
[2019-11-08 09:18:05] /shop/index.php?act=goods&op=comments_list&goods_id=111785 ( act=goods&op=comments_list ) 
ERR: Db Error: Unknown column 'geval_image_again' in 'where clause'
SELECT COUNT(*) AS nc_count FROM `zmkj_evaluate_goods` WHERE ( geval_goodsid = '111785' ) AND ( (geval_image <> '') OR (geval_image_again <> '') ) LIMIT 1  
[2019-11-08 09:46:05] /shop/index.php?act=goods&op=comments_list&goods_id=108358 ( act=goods&op=comments_list ) 
ERR: Db Error: Unknown column 'geval_image_again' in 'where clause'
SELECT COUNT(*) AS nc_count FROM `zmkj_evaluate_goods` WHERE ( geval_goodsid = '108358' ) AND ( (geval_image <> '') OR (geval_image_again <> '') ) LIMIT 1  
[2019-11-08 09:55:24] /shop/index.php?act=goods&op=comments_list&goods_id=107122 ( act=goods&op=comments_list ) 
ERR: Db Error: Unknown column 'geval_image_again' in 'where clause'
SELECT COUNT(*) AS nc_count FROM `zmkj_evaluate_goods` WHERE ( geval_goodsid = '107122' ) AND ( (geval_image <> '') OR (geval_image_again <> '') ) LIMIT 1  
[2019-11-08 10:04:44] /shop/index.php?act=goods&op=comments_list&goods_id=106969 ( act=goods&op=comments_list ) 
ERR: Db Error: Unknown column 'geval_image_again' in 'where clause'
SELECT COUNT(*) AS nc_count FROM `zmkj_evaluate_goods` WHERE ( geval_goodsid = '106969' ) AND ( (geval_image <> '') OR (geval_image_again <> '') ) LIMIT 1  
[2019-11-08 10:45:11] /shop/index.php?act=goods&op=comments_list&goods_id=105724 ( act=goods&op=comments_list ) 
ERR: Db Error: Unknown column 'geval_image_again' in 'where clause'
SELECT COUNT(*) AS nc_count FROM `zmkj_evaluate_goods` WHERE ( geval_goodsid = '105724' ) AND ( (geval_image <> '') OR (geval_image_again <> '') ) LIMIT 1  
[2019-11-08 11:07:09] /shop/index.php?act=goods&op=comments_list&goods_id=106538 ( act=goods&op=comments_list ) 
ERR: Db Error: Unknown column 'geval_image_again' in 'where clause'
SELECT COUNT(*) AS nc_count FROM `zmkj_evaluate_goods` WHERE ( geval_goodsid = '106538' ) AND ( (geval_image <> '') OR (geval_image_again <> '') ) LIMIT 1  
[2019-11-08 11:16:34] /shop/index.php?act=goods&op=comments_list&goods_id=107294 ( act=goods&op=comments_list ) 
ERR: Db Error: Unknown column 'geval_image_again' in 'where clause'
SELECT COUNT(*) AS nc_count FROM `zmkj_evaluate_goods` WHERE ( geval_goodsid = '107294' ) AND ( (geval_image <> '') OR (geval_image_again <> '') ) LIMIT 1  
[2019-11-08 11:19:42] /shop/index.php?act=goods&op=comments_list&goods_id=103447 ( act=goods&op=comments_list ) 
ERR: Db Error: Unknown column 'geval_image_again' in 'where clause'
SELECT COUNT(*) AS nc_count FROM `zmkj_evaluate_goods` WHERE ( geval_goodsid = '103447' ) AND ( (geval_image <> '') OR (geval_image_again <> '') ) LIMIT 1  
[2019-11-08 11:22:51] /shop/index.php?act=goods&op=comments_list&goods_id=109852 ( act=goods&op=comments_list ) 
ERR: Db Error: Unknown column 'geval_image_again' in 'where clause'
SELECT COUNT(*) AS nc_count FROM `zmkj_evaluate_goods` WHERE ( geval_goodsid = '109852' ) AND ( (geval_image <> '') OR (geval_image_again <> '') ) LIMIT 1  
[2019-11-08 11:25:59] /shop/index.php?act=goods&op=comments_list&goods_id=102570 ( act=goods&op=comments_list ) 
ERR: Db Error: Unknown column 'geval_image_again' in 'where clause'
SELECT COUNT(*) AS nc_count FROM `zmkj_evaluate_goods` WHERE ( geval_goodsid = '102570' ) AND ( (geval_image <> '') OR (geval_image_again <> '') ) LIMIT 1  
[2019-11-08 11:29:07] /shop/index.php?act=goods&op=comments_list&goods_id=110310 ( act=goods&op=comments_list ) 
ERR: Db Error: Unknown column 'geval_image_again' in 'where clause'
SELECT COUNT(*) AS nc_count FROM `zmkj_evaluate_goods` WHERE ( geval_goodsid = '110310' ) AND ( (geval_image <> '') OR (geval_image_again <> '') ) LIMIT 1  
[2019-11-08 11:32:16] /shop/index.php?act=goods&op=comments_list&goods_id=111434 ( act=goods&op=comments_list ) 
ERR: Db Error: Unknown column 'geval_image_again' in 'where clause'
SELECT COUNT(*) AS nc_count FROM `zmkj_evaluate_goods` WHERE ( geval_goodsid = '111434' ) AND ( (geval_image <> '') OR (geval_image_again <> '') ) LIMIT 1  
[2019-11-08 11:33:16] /shop/index.php?act=goods&op=comments_list&goods_id=111434 ( act=goods&op=comments_list ) 
ERR: Db Error: Unknown column 'geval_image_again' in 'where clause'
SELECT COUNT(*) AS nc_count FROM `zmkj_evaluate_goods` WHERE ( geval_goodsid = '111434' ) AND ( (geval_image <> '') OR (geval_image_again <> '') ) LIMIT 1  
[2019-11-08 11:35:24] /shop/index.php?act=goods&op=comments_list&goods_id=105296 ( act=goods&op=comments_list ) 
ERR: Db Error: Unknown column 'geval_image_again' in 'where clause'
SELECT COUNT(*) AS nc_count FROM `zmkj_evaluate_goods` WHERE ( geval_goodsid = '105296' ) AND ( (geval_image <> '') OR (geval_image_again <> '') ) LIMIT 1  
[2019-11-08 11:38:32] /shop/index.php?act=goods&op=comments_list&goods_id=111781 ( act=goods&op=comments_list ) 
ERR: Db Error: Unknown column 'geval_image_again' in 'where clause'
SELECT COUNT(*) AS nc_count FROM `zmkj_evaluate_goods` WHERE ( geval_goodsid = '111781' ) AND ( (geval_image <> '') OR (geval_image_again <> '') ) LIMIT 1  
[2019-11-08 11:41:40] /shop/index.php?act=goods&op=comments_list&goods_id=110337 ( act=goods&op=comments_list ) 
ERR: Db Error: Unknown column 'geval_image_again' in 'where clause'
SELECT COUNT(*) AS nc_count FROM `zmkj_evaluate_goods` WHERE ( geval_goodsid = '110337' ) AND ( (geval_image <> '') OR (geval_image_again <> '') ) LIMIT 1  
[2019-11-08 11:47:57] /shop/index.php?act=goods&op=comments_list&goods_id=103909 ( act=goods&op=comments_list ) 
ERR: Db Error: Unknown column 'geval_image_again' in 'where clause'
SELECT COUNT(*) AS nc_count FROM `zmkj_evaluate_goods` WHERE ( geval_goodsid = '103909' ) AND ( (geval_image <> '') OR (geval_image_again <> '') ) LIMIT 1  
[2019-11-08 11:51:05] /shop/index.php?act=goods&op=comments_list&goods_id=111306 ( act=goods&op=comments_list ) 
ERR: Db Error: Unknown column 'geval_image_again' in 'where clause'
SELECT COUNT(*) AS nc_count FROM `zmkj_evaluate_goods` WHERE ( geval_goodsid = '111306' ) AND ( (geval_image <> '') OR (geval_image_again <> '') ) LIMIT 1  
[2019-11-08 11:52:50] /shop/index.php?act=goods&goods_id=105555&op=comments_list ( act=goods&op=comments_list ) 
ERR: Db Error: Unknown column 'geval_image_again' in 'where clause'
SELECT COUNT(*) AS nc_count FROM `zmkj_evaluate_goods` WHERE ( geval_goodsid = '105555' ) AND ( (geval_image <> '') OR (geval_image_again <> '') ) LIMIT 1  
[2019-11-08 11:52:50] /shop/index.php?act=goods&goods_id=102048&op=comments_list&type=1 ( act=goods&op=comments_list ) 
ERR: Db Error: Unknown column 'geval_image_again' in 'where clause'
SELECT COUNT(*) AS nc_count FROM `zmkj_evaluate_goods` WHERE ( geval_goodsid = '102048' ) AND ( (geval_image <> '') OR (geval_image_again <> '') ) LIMIT 1  
[2019-11-08 11:52:50] /shop/index.php?act=goods&goods_id=105508&op=comments_list ( act=goods&op=comments_list ) 
ERR: Db Error: Unknown column 'geval_image_again' in 'where clause'
SELECT COUNT(*) AS nc_count FROM `zmkj_evaluate_goods` WHERE ( geval_goodsid = '105508' ) AND ( (geval_image <> '') OR (geval_image_again <> '') ) LIMIT 1  
[2019-11-08 11:52:50] /shop/index.php?act=goods&goods_id=102425&op=comments_list ( act=goods&op=comments_list ) 
ERR: Db Error: Unknown column 'geval_image_again' in 'where clause'
SELECT COUNT(*) AS nc_count FROM `zmkj_evaluate_goods` WHERE ( geval_goodsid = '102425' ) AND ( (geval_image <> '') OR (geval_image_again <> '') ) LIMIT 1  
[2019-11-08 11:52:50] /shop/index.php?act=goods&goods_id=101349&op=comments_list&type=2 ( act=goods&op=comments_list ) 
ERR: Db Error: Unknown column 'geval_image_again' in 'where clause'
SELECT COUNT(*) AS nc_count FROM `zmkj_evaluate_goods` WHERE ( geval_goodsid = '101349' ) AND ( (geval_image <> '') OR (geval_image_again <> '') ) LIMIT 1  
[2019-11-08 11:52:52] /shop/index.php?act=goods&goods_id=102053&op=comments_list ( act=goods&op=comments_list ) 
ERR: Db Error: Unknown column 'geval_image_again' in 'where clause'
SELECT COUNT(*) AS nc_count FROM `zmkj_evaluate_goods` WHERE ( geval_goodsid = '102053' ) AND ( (geval_image <> '') OR (geval_image_again <> '') ) LIMIT 1  
[2019-11-08 11:52:55] /shop/index.php?act=goods&goods_id=108077&op=comments_list ( act=goods&op=comments_list ) 
ERR: Db Error: Unknown column 'geval_image_again' in 'where clause'
SELECT COUNT(*) AS nc_count FROM `zmkj_evaluate_goods` WHERE ( geval_goodsid = '108077' ) AND ( (geval_image <> '') OR (geval_image_again <> '') ) LIMIT 1  
[2019-11-08 11:52:57] /shop/index.php?act=goods&goods_id=100541&op=comments_list ( act=goods&op=comments_list ) 
ERR: Db Error: Unknown column 'geval_image_again' in 'where clause'
SELECT COUNT(*) AS nc_count FROM `zmkj_evaluate_goods` WHERE ( geval_goodsid = '100541' ) AND ( (geval_image <> '') OR (geval_image_again <> '') ) LIMIT 1  
[2019-11-08 11:53:05] /shop/index.php?act=goods&goods_id=107382&op=comments_list ( act=goods&op=comments_list ) 
ERR: Db Error: Unknown column 'geval_image_again' in 'where clause'
SELECT COUNT(*) AS nc_count FROM `zmkj_evaluate_goods` WHERE ( geval_goodsid = '107382' ) AND ( (geval_image <> '') OR (geval_image_again <> '') ) LIMIT 1  
[2019-11-08 11:53:05] /shop/index.php?act=goods&goods_id=106200&op=comments_list ( act=goods&op=comments_list ) 
ERR: Db Error: Unknown column 'geval_image_again' in 'where clause'
SELECT COUNT(*) AS nc_count FROM `zmkj_evaluate_goods` WHERE ( geval_goodsid = '106200' ) AND ( (geval_image <> '') OR (geval_image_again <> '') ) LIMIT 1  
[2019-11-08 11:53:19] /shop/index.php?act=goods&goods_id=107060&op=comments_list ( act=goods&op=comments_list ) 
ERR: Db Error: Unknown column 'geval_image_again' in 'where clause'
SELECT COUNT(*) AS nc_count FROM `zmkj_evaluate_goods` WHERE ( geval_goodsid = '107060' ) AND ( (geval_image <> '') OR (geval_image_again <> '') ) LIMIT 1  
[2019-11-08 11:53:29] /shop/index.php?act=goods&goods_id=104180&op=comments_list ( act=goods&op=comments_list ) 
ERR: Db Error: Unknown column 'geval_image_again' in 'where clause'
SELECT COUNT(*) AS nc_count FROM `zmkj_evaluate_goods` WHERE ( geval_goodsid = '104180' ) AND ( (geval_image <> '') OR (geval_image_again <> '') ) LIMIT 1  
[2019-11-08 11:53:58] /shop/index.php?act=goods&goods_id=103211&op=comments_list ( act=goods&op=comments_list ) 
ERR: Db Error: Unknown column 'geval_image_again' in 'where clause'
SELECT COUNT(*) AS nc_count FROM `zmkj_evaluate_goods` WHERE ( geval_goodsid = '103211' ) AND ( (geval_image <> '') OR (geval_image_again <> '') ) LIMIT 1  
[2019-11-08 11:54:14] /shop/index.php?act=goods&op=comments_list&goods_id=111674 ( act=goods&op=comments_list ) 
ERR: Db Error: Unknown column 'geval_image_again' in 'where clause'
SELECT COUNT(*) AS nc_count FROM `zmkj_evaluate_goods` WHERE ( geval_goodsid = '111674' ) AND ( (geval_image <> '') OR (geval_image_again <> '') ) LIMIT 1  
[2019-11-08 11:54:44] /shop/index.php?act=goods&goods_id=100772&op=comments_list ( act=goods&op=comments_list ) 
ERR: Db Error: Unknown column 'geval_image_again' in 'where clause'
SELECT COUNT(*) AS nc_count FROM `zmkj_evaluate_goods` WHERE ( geval_goodsid = '100772' ) AND ( (geval_image <> '') OR (geval_image_again <> '') ) LIMIT 1  
[2019-11-08 11:55:14] /shop/index.php?act=goods&goods_id=108477&op=comments_list ( act=goods&op=comments_list ) 
ERR: Db Error: Unknown column 'geval_image_again' in 'where clause'
SELECT COUNT(*) AS nc_count FROM `zmkj_evaluate_goods` WHERE ( geval_goodsid = '108477' ) AND ( (geval_image <> '') OR (geval_image_again <> '') ) LIMIT 1  
[2019-11-08 11:55:18] /shop/index.php?act=goods&goods_id=107371&op=comments_list ( act=goods&op=comments_list ) 
ERR: Db Error: Unknown column 'geval_image_again' in 'where clause'
SELECT COUNT(*) AS nc_count FROM `zmkj_evaluate_goods` WHERE ( geval_goodsid = '107371' ) AND ( (geval_image <> '') OR (geval_image_again <> '') ) LIMIT 1  
[2019-11-08 11:55:28] /shop/index.php?act=goods&goods_id=106960&op=comments_list ( act=goods&op=comments_list ) 
ERR: Db Error: Unknown column 'geval_image_again' in 'where clause'
SELECT COUNT(*) AS nc_count FROM `zmkj_evaluate_goods` WHERE ( geval_goodsid = '106960' ) AND ( (geval_image <> '') OR (geval_image_again <> '') ) LIMIT 1  
[2019-11-08 12:00:30] /shop/index.php?act=goods&op=comments_list&goods_id=102697 ( act=goods&op=comments_list ) 
ERR: Db Error: Unknown column 'geval_image_again' in 'where clause'
SELECT COUNT(*) AS nc_count FROM `zmkj_evaluate_goods` WHERE ( geval_goodsid = '102697' ) AND ( (geval_image <> '') OR (geval_image_again <> '') ) LIMIT 1  
[2019-11-08 12:13:03] /shop/index.php?act=goods&op=comments_list&goods_id=111319 ( act=goods&op=comments_list ) 
ERR: Db Error: Unknown column 'geval_image_again' in 'where clause'
SELECT COUNT(*) AS nc_count FROM `zmkj_evaluate_goods` WHERE ( geval_goodsid = '111319' ) AND ( (geval_image <> '') OR (geval_image_again <> '') ) LIMIT 1  
[2019-11-08 12:22:28] /shop/index.php?act=goods&op=comments_list&goods_id=108368 ( act=goods&op=comments_list ) 
ERR: Db Error: Unknown column 'geval_image_again' in 'where clause'
SELECT COUNT(*) AS nc_count FROM `zmkj_evaluate_goods` WHERE ( geval_goodsid = '108368' ) AND ( (geval_image <> '') OR (geval_image_again <> '') ) LIMIT 1  
[2019-11-08 12:25:36] /shop/index.php?act=goods&op=comments_list&goods_id=106978 ( act=goods&op=comments_list ) 
ERR: Db Error: Unknown column 'geval_image_again' in 'where clause'
SELECT COUNT(*) AS nc_count FROM `zmkj_evaluate_goods` WHERE ( geval_goodsid = '106978' ) AND ( (geval_image <> '') OR (geval_image_again <> '') ) LIMIT 1  
[2019-11-08 12:38:09] /shop/index.php?act=goods&op=comments_list&goods_id=105944 ( act=goods&op=comments_list ) 
ERR: Db Error: Unknown column 'geval_image_again' in 'where clause'
SELECT COUNT(*) AS nc_count FROM `zmkj_evaluate_goods` WHERE ( geval_goodsid = '105944' ) AND ( (geval_image <> '') OR (geval_image_again <> '') ) LIMIT 1  
[2019-11-08 12:41:18] /shop/index.php?act=goods&op=comments_list&goods_id=111782 ( act=goods&op=comments_list ) 
ERR: Db Error: Unknown column 'geval_image_again' in 'where clause'
SELECT COUNT(*) AS nc_count FROM `zmkj_evaluate_goods` WHERE ( geval_goodsid = '111782' ) AND ( (geval_image <> '') OR (geval_image_again <> '') ) LIMIT 1  
[2019-11-08 13:00:09] /shop/index.php?act=goods&op=comments_list&goods_id=103914 ( act=goods&op=comments_list ) 
ERR: Db Error: Unknown column 'geval_image_again' in 'where clause'
SELECT COUNT(*) AS nc_count FROM `zmkj_evaluate_goods` WHERE ( geval_goodsid = '103914' ) AND ( (geval_image <> '') OR (geval_image_again <> '') ) LIMIT 1  
[2019-11-08 13:22:09] /shop/index.php?act=goods&op=comments_list&goods_id=111587 ( act=goods&op=comments_list ) 
ERR: Db Error: Unknown column 'geval_image_again' in 'where clause'
SELECT COUNT(*) AS nc_count FROM `zmkj_evaluate_goods` WHERE ( geval_goodsid = '111587' ) AND ( (geval_image <> '') OR (geval_image_again <> '') ) LIMIT 1  
[2019-11-08 13:37:52] /shop/index.php?act=goods&op=comments_list&goods_id=102054 ( act=goods&op=comments_list ) 
ERR: Db Error: Unknown column 'geval_image_again' in 'where clause'
SELECT COUNT(*) AS nc_count FROM `zmkj_evaluate_goods` WHERE ( geval_goodsid = '102054' ) AND ( (geval_image <> '') OR (geval_image_again <> '') ) LIMIT 1  
[2019-11-08 13:47:18] /shop/index.php?act=goods&op=comments_list&goods_id=103935 ( act=goods&op=comments_list ) 
ERR: Db Error: Unknown column 'geval_image_again' in 'where clause'
SELECT COUNT(*) AS nc_count FROM `zmkj_evaluate_goods` WHERE ( geval_goodsid = '103935' ) AND ( (geval_image <> '') OR (geval_image_again <> '') ) LIMIT 1  
[2019-11-08 14:25:01] /shop/index.php?act=goods&op=comments_list&goods_id=106966 ( act=goods&op=comments_list ) 
ERR: Db Error: Unknown column 'geval_image_again' in 'where clause'
SELECT COUNT(*) AS nc_count FROM `zmkj_evaluate_goods` WHERE ( geval_goodsid = '106966' ) AND ( (geval_image <> '') OR (geval_image_again <> '') ) LIMIT 1  
[2019-11-08 14:26:01] /shop/index.php?act=goods&op=comments_list&goods_id=106966 ( act=goods&op=comments_list ) 
ERR: Db Error: Unknown column 'geval_image_again' in 'where clause'
SELECT COUNT(*) AS nc_count FROM `zmkj_evaluate_goods` WHERE ( geval_goodsid = '106966' ) AND ( (geval_image <> '') OR (geval_image_again <> '') ) LIMIT 1  
[2019-11-08 14:58:01] /shop/index.php?act=goods&op=comments_list&goods_id=110730 ( act=goods&op=comments_list ) 
ERR: Db Error: Unknown column 'geval_image_again' in 'where clause'
SELECT COUNT(*) AS nc_count FROM `zmkj_evaluate_goods` WHERE ( geval_goodsid = '110730' ) AND ( (geval_image <> '') OR (geval_image_again <> '') ) LIMIT 1  
[2019-11-08 15:00:22] /shop/index.php?act=goods&op=comments_list&goods_id=105656 ( act=goods&op=comments_list ) 
ERR: Db Error: Unknown column 'geval_image_again' in 'where clause'
SELECT COUNT(*) AS nc_count FROM `zmkj_evaluate_goods` WHERE ( geval_goodsid = '105656' ) AND ( (geval_image <> '') OR (geval_image_again <> '') ) LIMIT 1  
[2019-11-08 15:02:43] /shop/index.php?act=goods&op=comments_list&goods_id=104030 ( act=goods&op=comments_list ) 
ERR: Db Error: Unknown column 'geval_image_again' in 'where clause'
SELECT COUNT(*) AS nc_count FROM `zmkj_evaluate_goods` WHERE ( geval_goodsid = '104030' ) AND ( (geval_image <> '') OR (geval_image_again <> '') ) LIMIT 1  
[2019-11-08 15:07:26] /shop/index.php?act=goods&op=comments_list&goods_id=110547 ( act=goods&op=comments_list ) 
ERR: Db Error: Unknown column 'geval_image_again' in 'where clause'
SELECT COUNT(*) AS nc_count FROM `zmkj_evaluate_goods` WHERE ( geval_goodsid = '110547' ) AND ( (geval_image <> '') OR (geval_image_again <> '') ) LIMIT 1  
[2019-11-08 15:09:47] /shop/index.php?act=goods&op=comments_list&goods_id=103569 ( act=goods&op=comments_list ) 
ERR: Db Error: Unknown column 'geval_image_again' in 'where clause'
SELECT COUNT(*) AS nc_count FROM `zmkj_evaluate_goods` WHERE ( geval_goodsid = '103569' ) AND ( (geval_image <> '') OR (geval_image_again <> '') ) LIMIT 1  
[2019-11-08 15:12:08] /shop/index.php?act=goods&op=comments_list&goods_id=107389 ( act=goods&op=comments_list ) 
ERR: Db Error: Unknown column 'geval_image_again' in 'where clause'
SELECT COUNT(*) AS nc_count FROM `zmkj_evaluate_goods` WHERE ( geval_goodsid = '107389' ) AND ( (geval_image <> '') OR (geval_image_again <> '') ) LIMIT 1  
[2019-11-08 15:30:59] /shop/index.php?act=goods&op=comments_list&goods_id=102685 ( act=goods&op=comments_list ) 
ERR: Db Error: Unknown column 'geval_image_again' in 'where clause'
SELECT COUNT(*) AS nc_count FROM `zmkj_evaluate_goods` WHERE ( geval_goodsid = '102685' ) AND ( (geval_image <> '') OR (geval_image_again <> '') ) LIMIT 1  
[2019-11-08 15:35:41] /shop/index.php?act=goods&op=comments_list&goods_id=111597 ( act=goods&op=comments_list ) 
ERR: Db Error: Unknown column 'geval_image_again' in 'where clause'
SELECT COUNT(*) AS nc_count FROM `zmkj_evaluate_goods` WHERE ( geval_goodsid = '111597' ) AND ( (geval_image <> '') OR (geval_image_again <> '') ) LIMIT 1  
[2019-11-08 15:52:10] /shop/index.php?act=goods&op=comments_list&goods_id=110259 ( act=goods&op=comments_list ) 
ERR: Db Error: Unknown column 'geval_image_again' in 'where clause'
SELECT COUNT(*) AS nc_count FROM `zmkj_evaluate_goods` WHERE ( geval_goodsid = '110259' ) AND ( (geval_image <> '') OR (geval_image_again <> '') ) LIMIT 1  
[2019-11-08 15:54:31] /shop/index.php?act=goods&op=comments_list&goods_id=107152 ( act=goods&op=comments_list ) 
ERR: Db Error: Unknown column 'geval_image_again' in 'where clause'
SELECT COUNT(*) AS nc_count FROM `zmkj_evaluate_goods` WHERE ( geval_goodsid = '107152' ) AND ( (geval_image <> '') OR (geval_image_again <> '') ) LIMIT 1  
[2019-11-08 16:22:47] /shop/index.php?act=goods&op=comments_list&goods_id=111961 ( act=goods&op=comments_list ) 
ERR: Db Error: Unknown column 'geval_image_again' in 'where clause'
SELECT COUNT(*) AS nc_count FROM `zmkj_evaluate_goods` WHERE ( geval_goodsid = '111961' ) AND ( (geval_image <> '') OR (geval_image_again <> '') ) LIMIT 1  
[2019-11-08 17:08:02] /shop/index.php?act=goods&op=comments_list&goods_id=111784 ( act=goods&op=comments_list ) 
ERR: Db Error: Unknown column 'geval_image_again' in 'where clause'
SELECT COUNT(*) AS nc_count FROM `zmkj_evaluate_goods` WHERE ( geval_goodsid = '111784' ) AND ( (geval_image <> '') OR (geval_image_again <> '') ) LIMIT 1  
[2019-11-08 17:10:26] /shop/index.php?act=goods&op=comments_list&goods_id=106571 ( act=goods&op=comments_list ) 
ERR: Db Error: Unknown column 'geval_image_again' in 'where clause'
SELECT COUNT(*) AS nc_count FROM `zmkj_evaluate_goods` WHERE ( geval_goodsid = '106571' ) AND ( (geval_image <> '') OR (geval_image_again <> '') ) LIMIT 1  
[2019-11-08 17:22:26] /shop/index.php?act=goods&op=comments_list&goods_id=103574 ( act=goods&op=comments_list ) 
ERR: Db Error: Unknown column 'geval_image_again' in 'where clause'
SELECT COUNT(*) AS nc_count FROM `zmkj_evaluate_goods` WHERE ( geval_goodsid = '103574' ) AND ( (geval_image <> '') OR (geval_image_again <> '') ) LIMIT 1  
[2019-11-08 17:32:03] /shop/index.php?act=goods&op=comments_list&goods_id=106580 ( act=goods&op=comments_list ) 
ERR: Db Error: Unknown column 'geval_image_again' in 'where clause'
SELECT COUNT(*) AS nc_count FROM `zmkj_evaluate_goods` WHERE ( geval_goodsid = '106580' ) AND ( (geval_image <> '') OR (geval_image_again <> '') ) LIMIT 1  
[2019-11-08 17:36:51] /shop/index.php?act=goods&op=comments_list&goods_id=102056 ( act=goods&op=comments_list ) 
ERR: Db Error: Unknown column 'geval_image_again' in 'where clause'
SELECT COUNT(*) AS nc_count FROM `zmkj_evaluate_goods` WHERE ( geval_goodsid = '102056' ) AND ( (geval_image <> '') OR (geval_image_again <> '') ) LIMIT 1  
[2019-11-08 18:00:52] /shop/index.php?act=goods&op=comments_list&goods_id=111764 ( act=goods&op=comments_list ) 
ERR: Db Error: Unknown column 'geval_image_again' in 'where clause'
SELECT COUNT(*) AS nc_count FROM `zmkj_evaluate_goods` WHERE ( geval_goodsid = '111764' ) AND ( (geval_image <> '') OR (geval_image_again <> '') ) LIMIT 1  
[2019-11-08 18:34:29] /shop/index.php?act=goods&op=comments_list&goods_id=106221 ( act=goods&op=comments_list ) 
ERR: Db Error: Unknown column 'geval_image_again' in 'where clause'
SELECT COUNT(*) AS nc_count FROM `zmkj_evaluate_goods` WHERE ( geval_goodsid = '106221' ) AND ( (geval_image <> '') OR (geval_image_again <> '') ) LIMIT 1  
[2019-11-08 19:10:37] /shop/index.php?act=goods&op=comments_list&goods_id=110904 ( act=goods&op=comments_list ) 
ERR: Db Error: Unknown column 'geval_image_again' in 'where clause'
SELECT COUNT(*) AS nc_count FROM `zmkj_evaluate_goods` WHERE ( geval_goodsid = '110904' ) AND ( (geval_image <> '') OR (geval_image_again <> '') ) LIMIT 1  
[2019-11-08 19:16:24] /shop/index.php?act=goods&op=comments_list&goods_id=111776 ( act=goods&op=comments_list ) 
ERR: Db Error: Unknown column 'geval_image_again' in 'where clause'
SELECT COUNT(*) AS nc_count FROM `zmkj_evaluate_goods` WHERE ( geval_goodsid = '111776' ) AND ( (geval_image <> '') OR (geval_image_again <> '') ) LIMIT 1  
[2019-11-08 19:33:46] /shop/index.php?act=goods&op=comments_list&goods_id=101912 ( act=goods&op=comments_list ) 
ERR: Db Error: Unknown column 'geval_image_again' in 'where clause'
SELECT COUNT(*) AS nc_count FROM `zmkj_evaluate_goods` WHERE ( geval_goodsid = '101912' ) AND ( (geval_image <> '') OR (geval_image_again <> '') ) LIMIT 1  
[2019-11-08 19:59:48] /shop/index.php?act=goods&op=comments_list&goods_id=109801 ( act=goods&op=comments_list ) 
ERR: Db Error: Unknown column 'geval_image_again' in 'where clause'
SELECT COUNT(*) AS nc_count FROM `zmkj_evaluate_goods` WHERE ( geval_goodsid = '109801' ) AND ( (geval_image <> '') OR (geval_image_again <> '') ) LIMIT 1  
[2019-11-08 20:11:23] /shop/index.php?act=goods&op=comments_list&goods_id=105259 ( act=goods&op=comments_list ) 
ERR: Db Error: Unknown column 'geval_image_again' in 'where clause'
SELECT COUNT(*) AS nc_count FROM `zmkj_evaluate_goods` WHERE ( geval_goodsid = '105259' ) AND ( (geval_image <> '') OR (geval_image_again <> '') ) LIMIT 1  
[2019-11-08 20:14:17] /shop/index.php?act=goods&op=comments_list&goods_id=108365 ( act=goods&op=comments_list ) 
ERR: Db Error: Unknown column 'geval_image_again' in 'where clause'
SELECT COUNT(*) AS nc_count FROM `zmkj_evaluate_goods` WHERE ( geval_goodsid = '108365' ) AND ( (geval_image <> '') OR (geval_image_again <> '') ) LIMIT 1  
[2019-11-08 20:22:57] /shop/index.php?act=goods&op=comments_list&goods_id=102700 ( act=goods&op=comments_list ) 
ERR: Db Error: Unknown column 'geval_image_again' in 'where clause'
SELECT COUNT(*) AS nc_count FROM `zmkj_evaluate_goods` WHERE ( geval_goodsid = '102700' ) AND ( (geval_image <> '') OR (geval_image_again <> '') ) LIMIT 1  
[2019-11-08 20:56:25] /shop/index.php?act=goods&op=comments_list&goods_id=111664 ( act=goods&op=comments_list ) 
ERR: Db Error: Unknown column 'geval_image_again' in 'where clause'
SELECT COUNT(*) AS nc_count FROM `zmkj_evaluate_goods` WHERE ( geval_goodsid = '111664' ) AND ( (geval_image <> '') OR (geval_image_again <> '') ) LIMIT 1  
[2019-11-08 21:19:31] /shop/index.php?act=goods&op=comments_list&goods_id=105974 ( act=goods&op=comments_list ) 
ERR: Db Error: Unknown column 'geval_image_again' in 'where clause'
SELECT COUNT(*) AS nc_count FROM `zmkj_evaluate_goods` WHERE ( geval_goodsid = '105974' ) AND ( (geval_image <> '') OR (geval_image_again <> '') ) LIMIT 1  
[2019-11-08 21:29:25] /shop/index.php?act=goods&op=comments_list&goods_id=110728 ( act=goods&op=comments_list ) 
ERR: Db Error: Unknown column 'geval_image_again' in 'where clause'
SELECT COUNT(*) AS nc_count FROM `zmkj_evaluate_goods` WHERE ( geval_goodsid = '110728' ) AND ( (geval_image <> '') OR (geval_image_again <> '') ) LIMIT 1  
[2019-11-08 21:32:43] /shop/index.php?act=goods&op=comments_list&goods_id=107153 ( act=goods&op=comments_list ) 
ERR: Db Error: Unknown column 'geval_image_again' in 'where clause'
SELECT COUNT(*) AS nc_count FROM `zmkj_evaluate_goods` WHERE ( geval_goodsid = '107153' ) AND ( (geval_image <> '') OR (geval_image_again <> '') ) LIMIT 1  
[2019-11-08 21:39:19] /shop/index.php?act=goods&op=comments_list&goods_id=110234 ( act=goods&op=comments_list ) 
ERR: Db Error: Unknown column 'geval_image_again' in 'where clause'
SELECT COUNT(*) AS nc_count FROM `zmkj_evaluate_goods` WHERE ( geval_goodsid = '110234' ) AND ( (geval_image <> '') OR (geval_image_again <> '') ) LIMIT 1  
[2019-11-08 21:42:37] /shop/index.php?act=goods&op=comments_list&goods_id=108366 ( act=goods&op=comments_list ) 
ERR: Db Error: Unknown column 'geval_image_again' in 'where clause'
SELECT COUNT(*) AS nc_count FROM `zmkj_evaluate_goods` WHERE ( geval_goodsid = '108366' ) AND ( (geval_image <> '') OR (geval_image_again <> '') ) LIMIT 1  
[2019-11-08 23:50:59] /shop/index.php?act=goods&op=comments_list&goods_id=109136 ( act=goods&op=comments_list ) 
ERR: Db Error: Unknown column 'geval_image_again' in 'where clause'
SELECT COUNT(*) AS nc_count FROM `zmkj_evaluate_goods` WHERE ( geval_goodsid = '109136' ) AND ( (geval_image <> '') OR (geval_image_again <> '') ) LIMIT 1  
