[2019-12-04 00:18:20] /shop/index.php?act=goods&op=comments_list&goods_id=109188 ( act=goods&op=comments_list ) 
ERR: Db Error: Unknown column 'geval_image_again' in 'where clause'
SELECT COUNT(*) AS nc_count FROM `zmkj_evaluate_goods` WHERE ( geval_goodsid = '109188' ) AND ( (geval_image <> '') OR (geval_image_again <> '') ) LIMIT 1  
[2019-12-04 00:52:05] /shop/index.php?act=goods&op=comments_list&goods_id=100463 ( act=goods&op=comments_list ) 
ERR: Db Error: Unknown column 'geval_image_again' in 'where clause'
SELECT COUNT(*) AS nc_count FROM `zmkj_evaluate_goods` WHERE ( geval_goodsid = '100463' ) AND ( (geval_image <> '') OR (geval_image_again <> '') ) LIMIT 1  
[2019-12-04 01:10:11] /shop/index.php?act=goods&op=comments_list&goods_id=100463 ( act=goods&op=comments_list ) 
ERR: Db Error: Unknown column 'geval_image_again' in 'where clause'
SELECT COUNT(*) AS nc_count FROM `zmkj_evaluate_goods` WHERE ( geval_goodsid = '100463' ) AND ( (geval_image <> '') OR (geval_image_again <> '') ) LIMIT 1  
[2019-12-04 01:21:03] /shop/index.php?act=goods&op=comments_list&goods_id=104456 ( act=goods&op=comments_list ) 
ERR: Db Error: Unknown column 'geval_image_again' in 'where clause'
SELECT COUNT(*) AS nc_count FROM `zmkj_evaluate_goods` WHERE ( geval_goodsid = '104456' ) AND ( (geval_image <> '') OR (geval_image_again <> '') ) LIMIT 1  
[2019-12-04 04:32:18] /shop/index.php?act=goods&op=comments_list&goods_id=111398 ( act=goods&op=comments_list ) 
ERR: Db Error: Unknown column 'geval_image_again' in 'where clause'
SELECT COUNT(*) AS nc_count FROM `zmkj_evaluate_goods` WHERE ( geval_goodsid = '111398' ) AND ( (geval_image <> '') OR (geval_image_again <> '') ) LIMIT 1  
[2019-12-04 05:17:18] /shop/index.php?act=goods&op=comments_list&goods_id=110613 ( act=goods&op=comments_list ) 
ERR: Db Error: Unknown column 'geval_image_again' in 'where clause'
SELECT COUNT(*) AS nc_count FROM `zmkj_evaluate_goods` WHERE ( geval_goodsid = '110613' ) AND ( (geval_image <> '') OR (geval_image_again <> '') ) LIMIT 1  
[2019-12-04 06:02:18] /shop/index.php?act=goods&op=comments_list&goods_id=105877 ( act=goods&op=comments_list ) 
ERR: Db Error: Unknown column 'geval_image_again' in 'where clause'
SELECT COUNT(*) AS nc_count FROM `zmkj_evaluate_goods` WHERE ( geval_goodsid = '105877' ) AND ( (geval_image <> '') OR (geval_image_again <> '') ) LIMIT 1  
[2019-12-04 09:58:34] /shop/index.php?act=goods&op=comments_list&goods_id=110787 ( act=goods&op=comments_list ) 
ERR: Db Error: Unknown column 'geval_image_again' in 'where clause'
SELECT COUNT(*) AS nc_count FROM `zmkj_evaluate_goods` WHERE ( geval_goodsid = '110787' ) AND ( (geval_image <> '') OR (geval_image_again <> '') ) LIMIT 1  
[2019-12-04 10:21:03] /shop/index.php?act=goods&op=comments_list&goods_id=111843 ( act=goods&op=comments_list ) 
ERR: Db Error: Unknown column 'geval_image_again' in 'where clause'
SELECT COUNT(*) AS nc_count FROM `zmkj_evaluate_goods` WHERE ( geval_goodsid = '111843' ) AND ( (geval_image <> '') OR (geval_image_again <> '') ) LIMIT 1  
[2019-12-04 10:32:18] /shop/index.php?act=goods&op=comments_list&goods_id=111834 ( act=goods&op=comments_list ) 
ERR: Db Error: Unknown column 'geval_image_again' in 'where clause'
SELECT COUNT(*) AS nc_count FROM `zmkj_evaluate_goods` WHERE ( geval_goodsid = '111834' ) AND ( (geval_image <> '') OR (geval_image_again <> '') ) LIMIT 1  
[2019-12-04 12:02:18] /shop/index.php?act=goods&op=comments_list&goods_id=111246 ( act=goods&op=comments_list ) 
ERR: Db Error: Unknown column 'geval_image_again' in 'where clause'
SELECT COUNT(*) AS nc_count FROM `zmkj_evaluate_goods` WHERE ( geval_goodsid = '111246' ) AND ( (geval_image <> '') OR (geval_image_again <> '') ) LIMIT 1  
[2019-12-04 13:01:26] /shop/index.php?act=hot_sale&op=index ( act=hot_sale&op=index ) 
ERR: Db Error: You have an error in your SQL syntax; check the manual that corresponds to your MySQL server version for the right syntax to use near ') and goods_state=1' at line 1
select * from zmkj_goods where goods_id in () and goods_state=1
[2019-12-04 13:01:26] /shop/index.php?act=hot_sale&op=index ( act=hot_sale&op=index ) 
ERR: Db Error: You have an error in your SQL syntax; check the manual that corresponds to your MySQL server version for the right syntax to use near '' at line 1
select `member_id` from zmkj_store where store_id = 
[2019-12-04 15:13:33] /shop/index.php?act=goods&op=comments_list&goods_id=110764 ( act=goods&op=comments_list ) 
ERR: Db Error: Unknown column 'geval_image_again' in 'where clause'
SELECT COUNT(*) AS nc_count FROM `zmkj_evaluate_goods` WHERE ( geval_goodsid = '110764' ) AND ( (geval_image <> '') OR (geval_image_again <> '') ) LIMIT 1  
[2019-12-04 17:17:00] /shop/index.php?act=goods&op=comments_list&goods_id=110972 ( act=goods&op=comments_list ) 
ERR: Db Error: Unknown column 'geval_image_again' in 'where clause'
SELECT COUNT(*) AS nc_count FROM `zmkj_evaluate_goods` WHERE ( geval_goodsid = '110972' ) AND ( (geval_image <> '') OR (geval_image_again <> '') ) LIMIT 1  
[2019-12-04 19:54:48] /shop/index.php?act=goods&op=comments_list&goods_id=104001 ( act=goods&op=comments_list ) 
ERR: Db Error: Unknown column 'geval_image_again' in 'where clause'
SELECT COUNT(*) AS nc_count FROM `zmkj_evaluate_goods` WHERE ( geval_goodsid = '104001' ) AND ( (geval_image <> '') OR (geval_image_again <> '') ) LIMIT 1  
[2019-12-04 20:17:18] /shop/index.php?act=goods&op=comments_list&goods_id=107241 ( act=goods&op=comments_list ) 
ERR: Db Error: Unknown column 'geval_image_again' in 'where clause'
SELECT COUNT(*) AS nc_count FROM `zmkj_evaluate_goods` WHERE ( geval_goodsid = '107241' ) AND ( (geval_image <> '') OR (geval_image_again <> '') ) LIMIT 1  
[2019-12-04 23:06:56] /shop/index.php?act=goods&op=comments_list&goods_id=111630 ( act=goods&op=comments_list ) 
ERR: Db Error: Unknown column 'geval_image_again' in 'where clause'
SELECT COUNT(*) AS nc_count FROM `zmkj_evaluate_goods` WHERE ( geval_goodsid = '111630' ) AND ( (geval_image <> '') OR (geval_image_again <> '') ) LIMIT 1  
[2019-12-04 23:58:18] /shop/index.php?act=goods&op=comments_list&goods_id=111658 ( act=goods&op=comments_list ) 
ERR: Db Error: Unknown column 'geval_image_again' in 'where clause'
SELECT COUNT(*) AS nc_count FROM `zmkj_evaluate_goods` WHERE ( geval_goodsid = '111658' ) AND ( (geval_image <> '') OR (geval_image_again <> '') ) LIMIT 1  
