[2019-05-21 02:21:26] /shop/index.php?act=goods&goods_id=103403&op=comments_list ( act=goods&op=comments_list ) 
ERR: Db Error: Unknown column 'geval_image_again' in 'where clause'
SELECT COUNT(*) AS nc_count FROM `zmkj_evaluate_goods` WHERE ( geval_goodsid = '103403' ) AND ( (geval_image <> '') OR (geval_image_again <> '') ) LIMIT 1  
[2019-05-21 02:21:35] /shop/index.php?act=goods&goods_id=106640&op=comments_list ( act=goods&op=comments_list ) 
ERR: Db Error: Unknown column 'geval_image_again' in 'where clause'
SELECT COUNT(*) AS nc_count FROM `zmkj_evaluate_goods` WHERE ( geval_goodsid = '106640' ) AND ( (geval_image <> '') OR (geval_image_again <> '') ) LIMIT 1  
[2019-05-21 04:05:01] /shop/index.php?act=goods&goods_id=109728&op=comments_list ( act=goods&op=comments_list ) 
ERR: Db Error: Unknown column 'geval_image_again' in 'where clause'
SELECT COUNT(*) AS nc_count FROM `zmkj_evaluate_goods` WHERE ( geval_goodsid = '109728' ) AND ( (geval_image <> '') OR (geval_image_again <> '') ) LIMIT 1  
[2019-05-21 04:11:34] /shop/index.php?act=goods&goods_id=109706&op=comments_list ( act=goods&op=comments_list ) 
ERR: Db Error: Unknown column 'geval_image_again' in 'where clause'
SELECT COUNT(*) AS nc_count FROM `zmkj_evaluate_goods` WHERE ( geval_goodsid = '109706' ) AND ( (geval_image <> '') OR (geval_image_again <> '') ) LIMIT 1  
[2019-05-21 04:19:49] /shop/index.php?act=goods&goods_id=103880&op=comments_list ( act=goods&op=comments_list ) 
ERR: Db Error: Unknown column 'geval_image_again' in 'where clause'
SELECT COUNT(*) AS nc_count FROM `zmkj_evaluate_goods` WHERE ( geval_goodsid = '103880' ) AND ( (geval_image <> '') OR (geval_image_again <> '') ) LIMIT 1  
[2019-05-21 04:23:17] /shop/index.php?act=goods&goods_id=107262&op=comments_list&type=1 ( act=goods&op=comments_list ) 
ERR: Db Error: Unknown column 'geval_image_again' in 'where clause'
SELECT COUNT(*) AS nc_count FROM `zmkj_evaluate_goods` WHERE ( geval_goodsid = '107262' ) AND ( (geval_image <> '') OR (geval_image_again <> '') ) LIMIT 1  
[2019-05-21 04:36:38] /shop/index.php?act=goods&goods_id=106728&op=comments_list ( act=goods&op=comments_list ) 
ERR: Db Error: Unknown column 'geval_image_again' in 'where clause'
SELECT COUNT(*) AS nc_count FROM `zmkj_evaluate_goods` WHERE ( geval_goodsid = '106728' ) AND ( (geval_image <> '') OR (geval_image_again <> '') ) LIMIT 1  
[2019-05-21 04:39:55] /shop/index.php?act=goods&goods_id=109735&op=comments_list ( act=goods&op=comments_list ) 
ERR: Db Error: Unknown column 'geval_image_again' in 'where clause'
SELECT COUNT(*) AS nc_count FROM `zmkj_evaluate_goods` WHERE ( geval_goodsid = '109735' ) AND ( (geval_image <> '') OR (geval_image_again <> '') ) LIMIT 1  
[2019-05-21 04:59:57] /shop/index.php?act=goods&goods_id=109727&op=comments_list ( act=goods&op=comments_list ) 
ERR: Db Error: Unknown column 'geval_image_again' in 'where clause'
SELECT COUNT(*) AS nc_count FROM `zmkj_evaluate_goods` WHERE ( geval_goodsid = '109727' ) AND ( (geval_image <> '') OR (geval_image_again <> '') ) LIMIT 1  
[2019-05-21 05:00:08] /shop/index.php?act=goods&goods_id=109733&op=comments_list ( act=goods&op=comments_list ) 
ERR: Db Error: Unknown column 'geval_image_again' in 'where clause'
SELECT COUNT(*) AS nc_count FROM `zmkj_evaluate_goods` WHERE ( geval_goodsid = '109733' ) AND ( (geval_image <> '') OR (geval_image_again <> '') ) LIMIT 1  
[2019-05-21 05:00:18] /shop/index.php?act=goods&goods_id=109700&op=comments_list ( act=goods&op=comments_list ) 
ERR: Db Error: Unknown column 'geval_image_again' in 'where clause'
SELECT COUNT(*) AS nc_count FROM `zmkj_evaluate_goods` WHERE ( geval_goodsid = '109700' ) AND ( (geval_image <> '') OR (geval_image_again <> '') ) LIMIT 1  
[2019-05-21 05:29:22] /shop/index.php?act=goods&goods_id=109223&op=comments_list ( act=goods&op=comments_list ) 
ERR: Db Error: Unknown column 'geval_image_again' in 'where clause'
SELECT COUNT(*) AS nc_count FROM `zmkj_evaluate_goods` WHERE ( geval_goodsid = '109223' ) AND ( (geval_image <> '') OR (geval_image_again <> '') ) LIMIT 1  
[2019-05-21 06:03:51] /shop/index.php?act=goods&goods_id=108059&op=comments_list ( act=goods&op=comments_list ) 
ERR: Db Error: Unknown column 'geval_image_again' in 'where clause'
SELECT COUNT(*) AS nc_count FROM `zmkj_evaluate_goods` WHERE ( geval_goodsid = '108059' ) AND ( (geval_image <> '') OR (geval_image_again <> '') ) LIMIT 1  
[2019-05-21 06:07:34] /shop/index.php?act=goods&goods_id=101961&op=comments_list ( act=goods&op=comments_list ) 
ERR: Db Error: Unknown column 'geval_image_again' in 'where clause'
SELECT COUNT(*) AS nc_count FROM `zmkj_evaluate_goods` WHERE ( geval_goodsid = '101961' ) AND ( (geval_image <> '') OR (geval_image_again <> '') ) LIMIT 1  
[2019-05-21 06:43:00] /shop/index.php?act=goods&goods_id=109311&op=comments_list ( act=goods&op=comments_list ) 
ERR: Db Error: Unknown column 'geval_image_again' in 'where clause'
SELECT COUNT(*) AS nc_count FROM `zmkj_evaluate_goods` WHERE ( geval_goodsid = '109311' ) AND ( (geval_image <> '') OR (geval_image_again <> '') ) LIMIT 1  
[2019-05-21 06:43:05] /shop/index.php?act=goods&goods_id=109740&op=comments_list ( act=goods&op=comments_list ) 
ERR: Db Error: Unknown column 'geval_image_again' in 'where clause'
SELECT COUNT(*) AS nc_count FROM `zmkj_evaluate_goods` WHERE ( geval_goodsid = '109740' ) AND ( (geval_image <> '') OR (geval_image_again <> '') ) LIMIT 1  
[2019-05-21 06:43:09] /shop/index.php?act=goods&goods_id=109716&op=comments_list ( act=goods&op=comments_list ) 
ERR: Db Error: Unknown column 'geval_image_again' in 'where clause'
SELECT COUNT(*) AS nc_count FROM `zmkj_evaluate_goods` WHERE ( geval_goodsid = '109716' ) AND ( (geval_image <> '') OR (geval_image_again <> '') ) LIMIT 1  
[2019-05-21 06:43:11] /shop/index.php?act=goods&goods_id=109738&op=comments_list ( act=goods&op=comments_list ) 
ERR: Db Error: Unknown column 'geval_image_again' in 'where clause'
SELECT COUNT(*) AS nc_count FROM `zmkj_evaluate_goods` WHERE ( geval_goodsid = '109738' ) AND ( (geval_image <> '') OR (geval_image_again <> '') ) LIMIT 1  
[2019-05-21 06:43:14] /shop/index.php?act=goods&goods_id=109739&op=comments_list ( act=goods&op=comments_list ) 
ERR: Db Error: Unknown column 'geval_image_again' in 'where clause'
SELECT COUNT(*) AS nc_count FROM `zmkj_evaluate_goods` WHERE ( geval_goodsid = '109739' ) AND ( (geval_image <> '') OR (geval_image_again <> '') ) LIMIT 1  
[2019-05-21 06:43:18] /shop/index.php?act=goods&goods_id=109734&op=comments_list ( act=goods&op=comments_list ) 
ERR: Db Error: Unknown column 'geval_image_again' in 'where clause'
SELECT COUNT(*) AS nc_count FROM `zmkj_evaluate_goods` WHERE ( geval_goodsid = '109734' ) AND ( (geval_image <> '') OR (geval_image_again <> '') ) LIMIT 1  
[2019-05-21 06:43:32] /shop/index.php?act=goods&goods_id=109714&op=comments_list ( act=goods&op=comments_list ) 
ERR: Db Error: Unknown column 'geval_image_again' in 'where clause'
SELECT COUNT(*) AS nc_count FROM `zmkj_evaluate_goods` WHERE ( geval_goodsid = '109714' ) AND ( (geval_image <> '') OR (geval_image_again <> '') ) LIMIT 1  
[2019-05-21 06:43:36] /shop/index.php?act=goods&goods_id=100011&op=comments_list ( act=goods&op=comments_list ) 
ERR: Db Error: Unknown column 'geval_image_again' in 'where clause'
SELECT COUNT(*) AS nc_count FROM `zmkj_evaluate_goods` WHERE ( geval_goodsid = '100011' ) AND ( (geval_image <> '') OR (geval_image_again <> '') ) LIMIT 1  
[2019-05-21 06:43:38] /shop/index.php?act=goods&goods_id=109715&op=comments_list ( act=goods&op=comments_list ) 
ERR: Db Error: Unknown column 'geval_image_again' in 'where clause'
SELECT COUNT(*) AS nc_count FROM `zmkj_evaluate_goods` WHERE ( geval_goodsid = '109715' ) AND ( (geval_image <> '') OR (geval_image_again <> '') ) LIMIT 1  
[2019-05-21 06:43:40] /shop/index.php?act=goods&goods_id=109732&op=comments_list ( act=goods&op=comments_list ) 
ERR: Db Error: Unknown column 'geval_image_again' in 'where clause'
SELECT COUNT(*) AS nc_count FROM `zmkj_evaluate_goods` WHERE ( geval_goodsid = '109732' ) AND ( (geval_image <> '') OR (geval_image_again <> '') ) LIMIT 1  
[2019-05-21 06:43:43] /shop/index.php?act=goods&goods_id=109725&op=comments_list ( act=goods&op=comments_list ) 
ERR: Db Error: Unknown column 'geval_image_again' in 'where clause'
SELECT COUNT(*) AS nc_count FROM `zmkj_evaluate_goods` WHERE ( geval_goodsid = '109725' ) AND ( (geval_image <> '') OR (geval_image_again <> '') ) LIMIT 1  
[2019-05-21 07:00:35] /shop/index.php?act=goods&goods_id=103338&op=comments_list ( act=goods&op=comments_list ) 
ERR: Db Error: Unknown column 'geval_image_again' in 'where clause'
SELECT COUNT(*) AS nc_count FROM `zmkj_evaluate_goods` WHERE ( geval_goodsid = '103338' ) AND ( (geval_image <> '') OR (geval_image_again <> '') ) LIMIT 1  
[2019-05-21 07:45:40] /shop/index.php?act=goods&goods_id=107953&op=comments_list ( act=goods&op=comments_list ) 
ERR: Db Error: Unknown column 'geval_image_again' in 'where clause'
SELECT COUNT(*) AS nc_count FROM `zmkj_evaluate_goods` WHERE ( geval_goodsid = '107953' ) AND ( (geval_image <> '') OR (geval_image_again <> '') ) LIMIT 1  
[2019-05-21 07:53:43] /shop/index.php?act=goods&goods_id=109720&op=comments_list ( act=goods&op=comments_list ) 
ERR: Db Error: Unknown column 'geval_image_again' in 'where clause'
SELECT COUNT(*) AS nc_count FROM `zmkj_evaluate_goods` WHERE ( geval_goodsid = '109720' ) AND ( (geval_image <> '') OR (geval_image_again <> '') ) LIMIT 1  
[2019-05-21 07:53:55] /shop/index.php?act=goods&goods_id=109711&op=comments_list ( act=goods&op=comments_list ) 
ERR: Db Error: Unknown column 'geval_image_again' in 'where clause'
SELECT COUNT(*) AS nc_count FROM `zmkj_evaluate_goods` WHERE ( geval_goodsid = '109711' ) AND ( (geval_image <> '') OR (geval_image_again <> '') ) LIMIT 1  
[2019-05-21 07:54:02] /shop/index.php?act=goods&goods_id=109705&op=comments_list ( act=goods&op=comments_list ) 
ERR: Db Error: Unknown column 'geval_image_again' in 'where clause'
SELECT COUNT(*) AS nc_count FROM `zmkj_evaluate_goods` WHERE ( geval_goodsid = '109705' ) AND ( (geval_image <> '') OR (geval_image_again <> '') ) LIMIT 1  
[2019-05-21 08:15:09] /shop/index.php?act=goods&goods_id=109736&op=comments_list ( act=goods&op=comments_list ) 
ERR: Db Error: Unknown column 'geval_image_again' in 'where clause'
SELECT COUNT(*) AS nc_count FROM `zmkj_evaluate_goods` WHERE ( geval_goodsid = '109736' ) AND ( (geval_image <> '') OR (geval_image_again <> '') ) LIMIT 1  
[2019-05-21 08:15:10] /shop/index.php?act=goods&goods_id=109724&op=comments_list ( act=goods&op=comments_list ) 
ERR: Db Error: Unknown column 'geval_image_again' in 'where clause'
SELECT COUNT(*) AS nc_count FROM `zmkj_evaluate_goods` WHERE ( geval_goodsid = '109724' ) AND ( (geval_image <> '') OR (geval_image_again <> '') ) LIMIT 1  
[2019-05-21 08:18:20] /shop/index.php?act=goods&goods_id=104507&op=comments_list ( act=goods&op=comments_list ) 
ERR: Db Error: Unknown column 'geval_image_again' in 'where clause'
SELECT COUNT(*) AS nc_count FROM `zmkj_evaluate_goods` WHERE ( geval_goodsid = '104507' ) AND ( (geval_image <> '') OR (geval_image_again <> '') ) LIMIT 1  
[2019-05-21 08:24:07] /shop/index.php?act=goods&goods_id=102391&op=comments_list ( act=goods&op=comments_list ) 
ERR: Db Error: Unknown column 'geval_image_again' in 'where clause'
SELECT COUNT(*) AS nc_count FROM `zmkj_evaluate_goods` WHERE ( geval_goodsid = '102391' ) AND ( (geval_image <> '') OR (geval_image_again <> '') ) LIMIT 1  
[2019-05-21 08:31:57] /shop/index.php?act=goods&goods_id=107481&op=comments_list ( act=goods&op=comments_list ) 
ERR: Db Error: Unknown column 'geval_image_again' in 'where clause'
SELECT COUNT(*) AS nc_count FROM `zmkj_evaluate_goods` WHERE ( geval_goodsid = '107481' ) AND ( (geval_image <> '') OR (geval_image_again <> '') ) LIMIT 1  
[2019-05-21 08:46:47] /shop/index.php?act=goods&op=comments_list&goods_id=107306 ( act=goods&op=comments_list ) 
ERR: Db Error: Unknown column 'geval_image_again' in 'where clause'
SELECT COUNT(*) AS nc_count FROM `zmkj_evaluate_goods` WHERE ( geval_goodsid = '107306' ) AND ( (geval_image <> '') OR (geval_image_again <> '') ) LIMIT 1  
[2019-05-21 09:15:00] /shop/index.php?act=goods&op=comments_list&goods_id=108061 ( act=goods&op=comments_list ) 
ERR: Db Error: Unknown column 'geval_image_again' in 'where clause'
SELECT COUNT(*) AS nc_count FROM `zmkj_evaluate_goods` WHERE ( geval_goodsid = '108061' ) AND ( (geval_image <> '') OR (geval_image_again <> '') ) LIMIT 1  
[2019-05-21 10:32:01] /shop/index.php?act=goods&goods_id=106658&op=comments_list ( act=goods&op=comments_list ) 
ERR: Db Error: Unknown column 'geval_image_again' in 'where clause'
SELECT COUNT(*) AS nc_count FROM `zmkj_evaluate_goods` WHERE ( geval_goodsid = '106658' ) AND ( (geval_image <> '') OR (geval_image_again <> '') ) LIMIT 1  
[2019-05-21 10:51:01] /shop/index.php?act=goods&op=comments_list&goods_id=104826 ( act=goods&op=comments_list ) 
ERR: Db Error: Unknown column 'geval_image_again' in 'where clause'
SELECT COUNT(*) AS nc_count FROM `zmkj_evaluate_goods` WHERE ( geval_goodsid = '104826' ) AND ( (geval_image <> '') OR (geval_image_again <> '') ) LIMIT 1  
[2019-05-21 11:20:12] /shop/index.php?act=goods&goods_id=104249&op=comments_list ( act=goods&op=comments_list ) 
ERR: Db Error: Unknown column 'geval_image_again' in 'where clause'
SELECT COUNT(*) AS nc_count FROM `zmkj_evaluate_goods` WHERE ( geval_goodsid = '104249' ) AND ( (geval_image <> '') OR (geval_image_again <> '') ) LIMIT 1  
[2019-05-21 11:38:02] /shop/index.php?act=goods&goods_id=105582&op=comments_list ( act=goods&op=comments_list ) 
ERR: Db Error: Unknown column 'geval_image_again' in 'where clause'
SELECT COUNT(*) AS nc_count FROM `zmkj_evaluate_goods` WHERE ( geval_goodsid = '105582' ) AND ( (geval_image <> '') OR (geval_image_again <> '') ) LIMIT 1  
[2019-05-21 11:38:14] /shop/index.php?act=goods&goods_id=109112&op=comments_list ( act=goods&op=comments_list ) 
ERR: Db Error: Unknown column 'geval_image_again' in 'where clause'
SELECT COUNT(*) AS nc_count FROM `zmkj_evaluate_goods` WHERE ( geval_goodsid = '109112' ) AND ( (geval_image <> '') OR (geval_image_again <> '') ) LIMIT 1  
[2019-05-21 12:03:08] /shop/index.php?act=hot_sale&op=index ( act=hot_sale&op=index ) 
ERR: Db Error: You have an error in your SQL syntax; check the manual that corresponds to your MySQL server version for the right syntax to use near ') and goods_state=1' at line 1
select * from zmkj_goods where goods_id in () and goods_state=1
[2019-05-21 12:03:08] /shop/index.php?act=hot_sale&op=index ( act=hot_sale&op=index ) 
ERR: Db Error: You have an error in your SQL syntax; check the manual that corresponds to your MySQL server version for the right syntax to use near '' at line 1
select `member_id` from zmkj_store where store_id = 
[2019-05-21 12:16:36] /shop/index.php?act=goods&goods_id=106640&op=comments_list&type=3 ( act=goods&op=comments_list ) 
ERR: Db Error: Unknown column 'geval_image_again' in 'where clause'
SELECT COUNT(*) AS nc_count FROM `zmkj_evaluate_goods` WHERE ( geval_goodsid = '106640' ) AND ( (geval_image <> '') OR (geval_image_again <> '') ) LIMIT 1  
[2019-05-21 12:16:54] /shop/index.php?act=goods&goods_id=106640&op=comments_list&type=2 ( act=goods&op=comments_list ) 
ERR: Db Error: Unknown column 'geval_image_again' in 'where clause'
SELECT COUNT(*) AS nc_count FROM `zmkj_evaluate_goods` WHERE ( geval_goodsid = '106640' ) AND ( (geval_image <> '') OR (geval_image_again <> '') ) LIMIT 1  
[2019-05-21 12:26:12] /shop/index.php?act=goods&goods_id=109350&op=comments_list ( act=goods&op=comments_list ) 
ERR: Db Error: Unknown column 'geval_image_again' in 'where clause'
SELECT COUNT(*) AS nc_count FROM `zmkj_evaluate_goods` WHERE ( geval_goodsid = '109350' ) AND ( (geval_image <> '') OR (geval_image_again <> '') ) LIMIT 1  
[2019-05-21 14:18:33] /shop/index.php?act=goods&op=comments_list&goods_id=105709 ( act=goods&op=comments_list ) 
ERR: Db Error: Unknown column 'geval_image_again' in 'where clause'
SELECT COUNT(*) AS nc_count FROM `zmkj_evaluate_goods` WHERE ( geval_goodsid = '105709' ) AND ( (geval_image <> '') OR (geval_image_again <> '') ) LIMIT 1  
[2019-05-21 14:20:09] /shop/index.php?act=goods&goods_id=109141&op=comments_list ( act=goods&op=comments_list ) 
ERR: Db Error: Unknown column 'geval_image_again' in 'where clause'
SELECT COUNT(*) AS nc_count FROM `zmkj_evaluate_goods` WHERE ( geval_goodsid = '109141' ) AND ( (geval_image <> '') OR (geval_image_again <> '') ) LIMIT 1  
[2019-05-21 14:41:20] /shop/index.php?act=goods&goods_id=102432&op=comments_list ( act=goods&op=comments_list ) 
ERR: Db Error: Unknown column 'geval_image_again' in 'where clause'
SELECT COUNT(*) AS nc_count FROM `zmkj_evaluate_goods` WHERE ( geval_goodsid = '102432' ) AND ( (geval_image <> '') OR (geval_image_again <> '') ) LIMIT 1  
[2019-05-21 14:47:58] /shop/index.php?act=goods&goods_id=102452&op=comments_list ( act=goods&op=comments_list ) 
ERR: Db Error: Unknown column 'geval_image_again' in 'where clause'
SELECT COUNT(*) AS nc_count FROM `zmkj_evaluate_goods` WHERE ( geval_goodsid = '102452' ) AND ( (geval_image <> '') OR (geval_image_again <> '') ) LIMIT 1  
[2019-05-21 15:27:20] /shop/index.php?act=goods&op=comments_list&goods_id=107974 ( act=goods&op=comments_list ) 
ERR: Db Error: Unknown column 'geval_image_again' in 'where clause'
SELECT COUNT(*) AS nc_count FROM `zmkj_evaluate_goods` WHERE ( geval_goodsid = '107974' ) AND ( (geval_image <> '') OR (geval_image_again <> '') ) LIMIT 1  
[2019-05-21 15:27:29] /shop/index.php?act=goods&op=comments_list&goods_id=108617 ( act=goods&op=comments_list ) 
ERR: Db Error: Unknown column 'geval_image_again' in 'where clause'
SELECT COUNT(*) AS nc_count FROM `zmkj_evaluate_goods` WHERE ( geval_goodsid = '108617' ) AND ( (geval_image <> '') OR (geval_image_again <> '') ) LIMIT 1  
[2019-05-21 17:13:36] /shop/index.php?act=goods&op=comments_list&goods_id=102085&type=1 ( act=goods&op=comments_list ) 
ERR: Db Error: Unknown column 'geval_image_again' in 'where clause'
SELECT COUNT(*) AS nc_count FROM `zmkj_evaluate_goods` WHERE ( geval_goodsid = '102085' ) AND ( (geval_image <> '') OR (geval_image_again <> '') ) LIMIT 1  
[2019-05-21 18:18:07] /shop/index.php?act=hot_sale&op=index ( act=hot_sale&op=index ) 
ERR: Db Error: You have an error in your SQL syntax; check the manual that corresponds to your MySQL server version for the right syntax to use near ') and goods_state=1' at line 1
select * from zmkj_goods where goods_id in () and goods_state=1
[2019-05-21 18:18:07] /shop/index.php?act=hot_sale&op=index ( act=hot_sale&op=index ) 
ERR: Db Error: You have an error in your SQL syntax; check the manual that corresponds to your MySQL server version for the right syntax to use near '' at line 1
select `member_id` from zmkj_store where store_id = 
[2019-05-21 18:44:47] /shop/index.php?act=goods&goods_id=102437&op=comments_list ( act=goods&op=comments_list ) 
ERR: Db Error: Unknown column 'geval_image_again' in 'where clause'
SELECT COUNT(*) AS nc_count FROM `zmkj_evaluate_goods` WHERE ( geval_goodsid = '102437' ) AND ( (geval_image <> '') OR (geval_image_again <> '') ) LIMIT 1  
[2019-05-21 19:22:21] /shop/index.php?act=goods&goods_id=102445&op=comments_list ( act=goods&op=comments_list ) 
ERR: Db Error: Unknown column 'geval_image_again' in 'where clause'
SELECT COUNT(*) AS nc_count FROM `zmkj_evaluate_goods` WHERE ( geval_goodsid = '102445' ) AND ( (geval_image <> '') OR (geval_image_again <> '') ) LIMIT 1  
[2019-05-21 20:09:16] /shop/index.php?act=goods&goods_id=109103&op=comments_list ( act=goods&op=comments_list ) 
ERR: Db Error: Unknown column 'geval_image_again' in 'where clause'
SELECT COUNT(*) AS nc_count FROM `zmkj_evaluate_goods` WHERE ( geval_goodsid = '109103' ) AND ( (geval_image <> '') OR (geval_image_again <> '') ) LIMIT 1  
[2019-05-21 20:09:25] /shop/index.php?act=goods&goods_id=109077&op=comments_list ( act=goods&op=comments_list ) 
ERR: Db Error: Unknown column 'geval_image_again' in 'where clause'
SELECT COUNT(*) AS nc_count FROM `zmkj_evaluate_goods` WHERE ( geval_goodsid = '109077' ) AND ( (geval_image <> '') OR (geval_image_again <> '') ) LIMIT 1  
[2019-05-21 20:50:01] /shop/index.php?act=goods&goods_id=102438&op=comments_list ( act=goods&op=comments_list ) 
ERR: Db Error: Unknown column 'geval_image_again' in 'where clause'
SELECT COUNT(*) AS nc_count FROM `zmkj_evaluate_goods` WHERE ( geval_goodsid = '102438' ) AND ( (geval_image <> '') OR (geval_image_again <> '') ) LIMIT 1  
[2019-05-21 21:20:25] /shop/index.php?act=goods&goods_id=109504&op=comments_list ( act=goods&op=comments_list ) 
ERR: Db Error: Unknown column 'geval_image_again' in 'where clause'
SELECT COUNT(*) AS nc_count FROM `zmkj_evaluate_goods` WHERE ( geval_goodsid = '109504' ) AND ( (geval_image <> '') OR (geval_image_again <> '') ) LIMIT 1  
[2019-05-21 22:10:47] /shop/index.php?act=goods&goods_id=102424&op=comments_list ( act=goods&op=comments_list ) 
ERR: Db Error: Unknown column 'geval_image_again' in 'where clause'
SELECT COUNT(*) AS nc_count FROM `zmkj_evaluate_goods` WHERE ( geval_goodsid = '102424' ) AND ( (geval_image <> '') OR (geval_image_again <> '') ) LIMIT 1  
[2019-05-21 22:14:09] /shop/index.php?act=goods&goods_id=109115&op=comments_list ( act=goods&op=comments_list ) 
ERR: Db Error: Unknown column 'geval_image_again' in 'where clause'
SELECT COUNT(*) AS nc_count FROM `zmkj_evaluate_goods` WHERE ( geval_goodsid = '109115' ) AND ( (geval_image <> '') OR (geval_image_again <> '') ) LIMIT 1  
