[2019-01-01 00:11:34] /shop/index.php?act=goods&goods_id=107452&op=comments_list ( act=goods&op=comments_list ) 
ERR: Db Error: Unknown column 'geval_image_again' in 'where clause'
SELECT COUNT(*) AS nc_count FROM `zmkj_evaluate_goods` WHERE ( geval_goodsid = '107452' ) AND ( (geval_image <> '') OR (geval_image_again <> '') ) LIMIT 1  
[2019-01-01 00:15:22] /shop/index.php?act=goods&goods_id=105664&op=comments_list ( act=goods&op=comments_list ) 
ERR: Db Error: Unknown column 'geval_image_again' in 'where clause'
SELECT COUNT(*) AS nc_count FROM `zmkj_evaluate_goods` WHERE ( geval_goodsid = '105664' ) AND ( (geval_image <> '') OR (geval_image_again <> '') ) LIMIT 1  
[2019-01-01 00:22:00] /shop/index.php?act=goods&op=comments_list&goods_id=107199 ( act=goods&op=comments_list ) 
ERR: Db Error: Unknown column 'geval_image_again' in 'where clause'
SELECT COUNT(*) AS nc_count FROM `zmkj_evaluate_goods` WHERE ( geval_goodsid = '107199' ) AND ( (geval_image <> '') OR (geval_image_again <> '') ) LIMIT 1  
[2019-01-01 01:15:15] /shop/index.php?act=goods&op=comments_list&goods_id=107218 ( act=goods&op=comments_list ) 
ERR: Db Error: Unknown column 'geval_image_again' in 'where clause'
SELECT COUNT(*) AS nc_count FROM `zmkj_evaluate_goods` WHERE ( geval_goodsid = '107218' ) AND ( (geval_image <> '') OR (geval_image_again <> '') ) LIMIT 1  
[2019-01-01 01:26:27] /shop/index.php?act=goods&op=comments_list&goods_id=102895 ( act=goods&op=comments_list ) 
ERR: Db Error: Unknown column 'geval_image_again' in 'where clause'
SELECT COUNT(*) AS nc_count FROM `zmkj_evaluate_goods` WHERE ( geval_goodsid = '102895' ) AND ( (geval_image <> '') OR (geval_image_again <> '') ) LIMIT 1  
[2019-01-01 01:34:23] /shop/index.php?act=goods&op=comments_list&goods_id=102517 ( act=goods&op=comments_list ) 
ERR: Db Error: Unknown column 'geval_image_again' in 'where clause'
SELECT COUNT(*) AS nc_count FROM `zmkj_evaluate_goods` WHERE ( geval_goodsid = '102517' ) AND ( (geval_image <> '') OR (geval_image_again <> '') ) LIMIT 1  
[2019-01-01 01:35:30] /shop/index.php?act=goods&op=comments_list&goods_id=107225 ( act=goods&op=comments_list ) 
ERR: Db Error: Unknown column 'geval_image_again' in 'where clause'
SELECT COUNT(*) AS nc_count FROM `zmkj_evaluate_goods` WHERE ( geval_goodsid = '107225' ) AND ( (geval_image <> '') OR (geval_image_again <> '') ) LIMIT 1  
[2019-01-01 01:38:53] /shop/index.php?act=goods&op=comments_list&goods_id=102485 ( act=goods&op=comments_list ) 
ERR: Db Error: Unknown column 'geval_image_again' in 'where clause'
SELECT COUNT(*) AS nc_count FROM `zmkj_evaluate_goods` WHERE ( geval_goodsid = '102485' ) AND ( (geval_image <> '') OR (geval_image_again <> '') ) LIMIT 1  
[2019-01-01 01:58:00] /shop/index.php?act=goods&op=comments_list&goods_id=101655 ( act=goods&op=comments_list ) 
ERR: Db Error: Unknown column 'geval_image_again' in 'where clause'
SELECT COUNT(*) AS nc_count FROM `zmkj_evaluate_goods` WHERE ( geval_goodsid = '101655' ) AND ( (geval_image <> '') OR (geval_image_again <> '') ) LIMIT 1  
[2019-01-01 02:05:52] /shop/index.php?act=goods&op=comments_list&goods_id=100579 ( act=goods&op=comments_list ) 
ERR: Db Error: Unknown column 'geval_image_again' in 'where clause'
SELECT COUNT(*) AS nc_count FROM `zmkj_evaluate_goods` WHERE ( geval_goodsid = '100579' ) AND ( (geval_image <> '') OR (geval_image_again <> '') ) LIMIT 1  
[2019-01-01 02:17:07] /shop/index.php?act=goods&op=comments_list&goods_id=107021 ( act=goods&op=comments_list ) 
ERR: Db Error: Unknown column 'geval_image_again' in 'where clause'
SELECT COUNT(*) AS nc_count FROM `zmkj_evaluate_goods` WHERE ( geval_goodsid = '107021' ) AND ( (geval_image <> '') OR (geval_image_again <> '') ) LIMIT 1  
[2019-01-01 02:30:37] /shop/index.php?act=goods&op=comments_list&goods_id=102141 ( act=goods&op=comments_list ) 
ERR: Db Error: Unknown column 'geval_image_again' in 'where clause'
SELECT COUNT(*) AS nc_count FROM `zmkj_evaluate_goods` WHERE ( geval_goodsid = '102141' ) AND ( (geval_image <> '') OR (geval_image_again <> '') ) LIMIT 1  
[2019-01-01 02:46:30] /shop/index.php?act=goods&op=comments_list&goods_id=102481 ( act=goods&op=comments_list ) 
ERR: Db Error: Unknown column 'geval_image_again' in 'where clause'
SELECT COUNT(*) AS nc_count FROM `zmkj_evaluate_goods` WHERE ( geval_goodsid = '102481' ) AND ( (geval_image <> '') OR (geval_image_again <> '') ) LIMIT 1  
[2019-01-01 02:53:21] /shop/index.php?act=goods&op=comments_list&goods_id=102693 ( act=goods&op=comments_list ) 
ERR: Db Error: Unknown column 'geval_image_again' in 'where clause'
SELECT COUNT(*) AS nc_count FROM `zmkj_evaluate_goods` WHERE ( geval_goodsid = '102693' ) AND ( (geval_image <> '') OR (geval_image_again <> '') ) LIMIT 1  
[2019-01-01 03:04:47] /shop/index.php?act=goods&op=comments_list&goods_id=103267 ( act=goods&op=comments_list ) 
ERR: Db Error: Unknown column 'geval_image_again' in 'where clause'
SELECT COUNT(*) AS nc_count FROM `zmkj_evaluate_goods` WHERE ( geval_goodsid = '103267' ) AND ( (geval_image <> '') OR (geval_image_again <> '') ) LIMIT 1  
[2019-01-01 03:08:13] /shop/index.php?act=goods&op=comments_list&goods_id=106799&type=1 ( act=goods&op=comments_list ) 
ERR: Db Error: Unknown column 'geval_image_again' in 'where clause'
SELECT COUNT(*) AS nc_count FROM `zmkj_evaluate_goods` WHERE ( geval_goodsid = '106799' ) AND ( (geval_image <> '') OR (geval_image_again <> '') ) LIMIT 1  
[2019-01-01 03:23:04] /shop/index.php?act=goods&op=comments_list&goods_id=105354 ( act=goods&op=comments_list ) 
ERR: Db Error: Unknown column 'geval_image_again' in 'where clause'
SELECT COUNT(*) AS nc_count FROM `zmkj_evaluate_goods` WHERE ( geval_goodsid = '105354' ) AND ( (geval_image <> '') OR (geval_image_again <> '') ) LIMIT 1  
[2019-01-01 03:26:30] /shop/index.php?act=goods&op=comments_list&goods_id=102570 ( act=goods&op=comments_list ) 
ERR: Db Error: Unknown column 'geval_image_again' in 'where clause'
SELECT COUNT(*) AS nc_count FROM `zmkj_evaluate_goods` WHERE ( geval_goodsid = '102570' ) AND ( (geval_image <> '') OR (geval_image_again <> '') ) LIMIT 1  
[2019-01-01 03:27:39] /shop/index.php?act=goods&op=comments_list&goods_id=103229 ( act=goods&op=comments_list ) 
ERR: Db Error: Unknown column 'geval_image_again' in 'where clause'
SELECT COUNT(*) AS nc_count FROM `zmkj_evaluate_goods` WHERE ( geval_goodsid = '103229' ) AND ( (geval_image <> '') OR (geval_image_again <> '') ) LIMIT 1  
[2019-01-01 03:29:56] /shop/index.php?act=goods&op=comments_list&goods_id=102752&type=1 ( act=goods&op=comments_list ) 
ERR: Db Error: Unknown column 'geval_image_again' in 'where clause'
SELECT COUNT(*) AS nc_count FROM `zmkj_evaluate_goods` WHERE ( geval_goodsid = '102752' ) AND ( (geval_image <> '') OR (geval_image_again <> '') ) LIMIT 1  
[2019-01-01 03:32:13] /shop/index.php?act=goods&op=comments_list&goods_id=107454 ( act=goods&op=comments_list ) 
ERR: Db Error: Unknown column 'geval_image_again' in 'where clause'
SELECT COUNT(*) AS nc_count FROM `zmkj_evaluate_goods` WHERE ( geval_goodsid = '107454' ) AND ( (geval_image <> '') OR (geval_image_again <> '') ) LIMIT 1  
[2019-01-01 03:34:30] /shop/index.php?act=goods&op=comments_list&goods_id=106585 ( act=goods&op=comments_list ) 
ERR: Db Error: Unknown column 'geval_image_again' in 'where clause'
SELECT COUNT(*) AS nc_count FROM `zmkj_evaluate_goods` WHERE ( geval_goodsid = '106585' ) AND ( (geval_image <> '') OR (geval_image_again <> '') ) LIMIT 1  
[2019-01-01 03:51:39] /shop/index.php?act=goods&op=comments_list&goods_id=107235 ( act=goods&op=comments_list ) 
ERR: Db Error: Unknown column 'geval_image_again' in 'where clause'
SELECT COUNT(*) AS nc_count FROM `zmkj_evaluate_goods` WHERE ( geval_goodsid = '107235' ) AND ( (geval_image <> '') OR (geval_image_again <> '') ) LIMIT 1  
[2019-01-01 04:00:48] /shop/index.php?act=goods&op=comments_list&goods_id=107320 ( act=goods&op=comments_list ) 
ERR: Db Error: Unknown column 'geval_image_again' in 'where clause'
SELECT COUNT(*) AS nc_count FROM `zmkj_evaluate_goods` WHERE ( geval_goodsid = '107320' ) AND ( (geval_image <> '') OR (geval_image_again <> '') ) LIMIT 1  
[2019-01-01 04:03:05] /shop/index.php?act=goods&op=comments_list&goods_id=107452 ( act=goods&op=comments_list ) 
ERR: Db Error: Unknown column 'geval_image_again' in 'where clause'
SELECT COUNT(*) AS nc_count FROM `zmkj_evaluate_goods` WHERE ( geval_goodsid = '107452' ) AND ( (geval_image <> '') OR (geval_image_again <> '') ) LIMIT 1  
[2019-01-01 04:05:22] /shop/index.php?act=goods&op=comments_list&goods_id=105207 ( act=goods&op=comments_list ) 
ERR: Db Error: Unknown column 'geval_image_again' in 'where clause'
SELECT COUNT(*) AS nc_count FROM `zmkj_evaluate_goods` WHERE ( geval_goodsid = '105207' ) AND ( (geval_image <> '') OR (geval_image_again <> '') ) LIMIT 1  
[2019-01-01 04:11:05] /shop/index.php?act=goods&op=comments_list&goods_id=105279 ( act=goods&op=comments_list ) 
ERR: Db Error: Unknown column 'geval_image_again' in 'where clause'
SELECT COUNT(*) AS nc_count FROM `zmkj_evaluate_goods` WHERE ( geval_goodsid = '105279' ) AND ( (geval_image <> '') OR (geval_image_again <> '') ) LIMIT 1  
[2019-01-01 04:21:22] /shop/index.php?act=goods&op=comments_list&goods_id=102947 ( act=goods&op=comments_list ) 
ERR: Db Error: Unknown column 'geval_image_again' in 'where clause'
SELECT COUNT(*) AS nc_count FROM `zmkj_evaluate_goods` WHERE ( geval_goodsid = '102947' ) AND ( (geval_image <> '') OR (geval_image_again <> '') ) LIMIT 1  
[2019-01-01 04:27:05] /shop/index.php?act=goods&op=comments_list&goods_id=102605 ( act=goods&op=comments_list ) 
ERR: Db Error: Unknown column 'geval_image_again' in 'where clause'
SELECT COUNT(*) AS nc_count FROM `zmkj_evaluate_goods` WHERE ( geval_goodsid = '102605' ) AND ( (geval_image <> '') OR (geval_image_again <> '') ) LIMIT 1  
[2019-01-01 04:31:40] /shop/index.php?act=goods&op=comments_list&goods_id=105808 ( act=goods&op=comments_list ) 
ERR: Db Error: Unknown column 'geval_image_again' in 'where clause'
SELECT COUNT(*) AS nc_count FROM `zmkj_evaluate_goods` WHERE ( geval_goodsid = '105808' ) AND ( (geval_image <> '') OR (geval_image_again <> '') ) LIMIT 1  
[2019-01-01 04:40:51] /shop/index.php?act=goods&op=comments_list&goods_id=106301 ( act=goods&op=comments_list ) 
ERR: Db Error: Unknown column 'geval_image_again' in 'where clause'
SELECT COUNT(*) AS nc_count FROM `zmkj_evaluate_goods` WHERE ( geval_goodsid = '106301' ) AND ( (geval_image <> '') OR (geval_image_again <> '') ) LIMIT 1  
[2019-01-01 04:42:02] /shop/index.php?act=goods&op=comments_list&goods_id=107478 ( act=goods&op=comments_list ) 
ERR: Db Error: Unknown column 'geval_image_again' in 'where clause'
SELECT COUNT(*) AS nc_count FROM `zmkj_evaluate_goods` WHERE ( geval_goodsid = '107478' ) AND ( (geval_image <> '') OR (geval_image_again <> '') ) LIMIT 1  
[2019-01-01 04:43:14] /shop/index.php?act=goods&op=comments_list&goods_id=105644 ( act=goods&op=comments_list ) 
ERR: Db Error: Unknown column 'geval_image_again' in 'where clause'
SELECT COUNT(*) AS nc_count FROM `zmkj_evaluate_goods` WHERE ( geval_goodsid = '105644' ) AND ( (geval_image <> '') OR (geval_image_again <> '') ) LIMIT 1  
[2019-01-01 04:49:10] /shop/index.php?act=goods&op=comments_list&goods_id=103909 ( act=goods&op=comments_list ) 
ERR: Db Error: Unknown column 'geval_image_again' in 'where clause'
SELECT COUNT(*) AS nc_count FROM `zmkj_evaluate_goods` WHERE ( geval_goodsid = '103909' ) AND ( (geval_image <> '') OR (geval_image_again <> '') ) LIMIT 1  
[2019-01-01 04:56:17] /shop/index.php?act=goods&op=comments_list&goods_id=104240 ( act=goods&op=comments_list ) 
ERR: Db Error: Unknown column 'geval_image_again' in 'where clause'
SELECT COUNT(*) AS nc_count FROM `zmkj_evaluate_goods` WHERE ( geval_goodsid = '104240' ) AND ( (geval_image <> '') OR (geval_image_again <> '') ) LIMIT 1  
[2019-01-01 04:59:51] /shop/index.php?act=goods&op=comments_list&goods_id=105275&type=1 ( act=goods&op=comments_list ) 
ERR: Db Error: Unknown column 'geval_image_again' in 'where clause'
SELECT COUNT(*) AS nc_count FROM `zmkj_evaluate_goods` WHERE ( geval_goodsid = '105275' ) AND ( (geval_image <> '') OR (geval_image_again <> '') ) LIMIT 1  
[2019-01-01 05:01:02] /shop/index.php?act=goods&op=comments_list&goods_id=107350 ( act=goods&op=comments_list ) 
ERR: Db Error: Unknown column 'geval_image_again' in 'where clause'
SELECT COUNT(*) AS nc_count FROM `zmkj_evaluate_goods` WHERE ( geval_goodsid = '107350' ) AND ( (geval_image <> '') OR (geval_image_again <> '') ) LIMIT 1  
[2019-01-01 05:03:25] /shop/index.php?act=goods&op=comments_list&goods_id=105645 ( act=goods&op=comments_list ) 
ERR: Db Error: Unknown column 'geval_image_again' in 'where clause'
SELECT COUNT(*) AS nc_count FROM `zmkj_evaluate_goods` WHERE ( geval_goodsid = '105645' ) AND ( (geval_image <> '') OR (geval_image_again <> '') ) LIMIT 1  
[2019-01-01 05:14:06] /shop/index.php?act=goods&op=comments_list&goods_id=105236 ( act=goods&op=comments_list ) 
ERR: Db Error: Unknown column 'geval_image_again' in 'where clause'
SELECT COUNT(*) AS nc_count FROM `zmkj_evaluate_goods` WHERE ( geval_goodsid = '105236' ) AND ( (geval_image <> '') OR (geval_image_again <> '') ) LIMIT 1  
[2019-01-01 05:20:03] /shop/index.php?act=goods&op=comments_list&goods_id=103684 ( act=goods&op=comments_list ) 
ERR: Db Error: Unknown column 'geval_image_again' in 'where clause'
SELECT COUNT(*) AS nc_count FROM `zmkj_evaluate_goods` WHERE ( geval_goodsid = '103684' ) AND ( (geval_image <> '') OR (geval_image_again <> '') ) LIMIT 1  
[2019-01-01 05:21:14] /shop/index.php?act=goods&op=comments_list&goods_id=106123 ( act=goods&op=comments_list ) 
ERR: Db Error: Unknown column 'geval_image_again' in 'where clause'
SELECT COUNT(*) AS nc_count FROM `zmkj_evaluate_goods` WHERE ( geval_goodsid = '106123' ) AND ( (geval_image <> '') OR (geval_image_again <> '') ) LIMIT 1  
[2019-01-01 05:33:07] /shop/index.php?act=goods&op=comments_list&goods_id=106278 ( act=goods&op=comments_list ) 
ERR: Db Error: Unknown column 'geval_image_again' in 'where clause'
SELECT COUNT(*) AS nc_count FROM `zmkj_evaluate_goods` WHERE ( geval_goodsid = '106278' ) AND ( (geval_image <> '') OR (geval_image_again <> '') ) LIMIT 1  
[2019-01-01 05:34:18] /shop/index.php?act=goods&op=comments_list&goods_id=104292 ( act=goods&op=comments_list ) 
ERR: Db Error: Unknown column 'geval_image_again' in 'where clause'
SELECT COUNT(*) AS nc_count FROM `zmkj_evaluate_goods` WHERE ( geval_goodsid = '104292' ) AND ( (geval_image <> '') OR (geval_image_again <> '') ) LIMIT 1  
[2019-01-01 05:37:52] /shop/index.php?act=goods&op=comments_list&goods_id=105663 ( act=goods&op=comments_list ) 
ERR: Db Error: Unknown column 'geval_image_again' in 'where clause'
SELECT COUNT(*) AS nc_count FROM `zmkj_evaluate_goods` WHERE ( geval_goodsid = '105663' ) AND ( (geval_image <> '') OR (geval_image_again <> '') ) LIMIT 1  
[2019-01-01 05:39:03] /shop/index.php?act=goods&op=comments_list&goods_id=105647&type=1 ( act=goods&op=comments_list ) 
ERR: Db Error: Unknown column 'geval_image_again' in 'where clause'
SELECT COUNT(*) AS nc_count FROM `zmkj_evaluate_goods` WHERE ( geval_goodsid = '105647' ) AND ( (geval_image <> '') OR (geval_image_again <> '') ) LIMIT 1  
[2019-01-01 05:48:33] /shop/index.php?act=goods&op=comments_list&goods_id=105513 ( act=goods&op=comments_list ) 
ERR: Db Error: Unknown column 'geval_image_again' in 'where clause'
SELECT COUNT(*) AS nc_count FROM `zmkj_evaluate_goods` WHERE ( geval_goodsid = '105513' ) AND ( (geval_image <> '') OR (geval_image_again <> '') ) LIMIT 1  
[2019-01-01 05:52:07] /shop/index.php?act=goods&op=comments_list&goods_id=102606 ( act=goods&op=comments_list ) 
ERR: Db Error: Unknown column 'geval_image_again' in 'where clause'
SELECT COUNT(*) AS nc_count FROM `zmkj_evaluate_goods` WHERE ( geval_goodsid = '102606' ) AND ( (geval_image <> '') OR (geval_image_again <> '') ) LIMIT 1  
[2019-01-01 06:09:56] /shop/index.php?act=goods&op=comments_list&goods_id=106505 ( act=goods&op=comments_list ) 
ERR: Db Error: Unknown column 'geval_image_again' in 'where clause'
SELECT COUNT(*) AS nc_count FROM `zmkj_evaluate_goods` WHERE ( geval_goodsid = '106505' ) AND ( (geval_image <> '') OR (geval_image_again <> '') ) LIMIT 1  
[2019-01-01 06:13:30] /shop/index.php?act=goods&op=comments_list&goods_id=107359 ( act=goods&op=comments_list ) 
ERR: Db Error: Unknown column 'geval_image_again' in 'where clause'
SELECT COUNT(*) AS nc_count FROM `zmkj_evaluate_goods` WHERE ( geval_goodsid = '107359' ) AND ( (geval_image <> '') OR (geval_image_again <> '') ) LIMIT 1  
[2019-01-01 06:14:41] /shop/index.php?act=goods&op=comments_list&goods_id=101889 ( act=goods&op=comments_list ) 
ERR: Db Error: Unknown column 'geval_image_again' in 'where clause'
SELECT COUNT(*) AS nc_count FROM `zmkj_evaluate_goods` WHERE ( geval_goodsid = '101889' ) AND ( (geval_image <> '') OR (geval_image_again <> '') ) LIMIT 1  
[2019-01-01 06:15:52] /shop/index.php?act=goods&op=comments_list&goods_id=102786 ( act=goods&op=comments_list ) 
ERR: Db Error: Unknown column 'geval_image_again' in 'where clause'
SELECT COUNT(*) AS nc_count FROM `zmkj_evaluate_goods` WHERE ( geval_goodsid = '102786' ) AND ( (geval_image <> '') OR (geval_image_again <> '') ) LIMIT 1  
[2019-01-01 06:18:15] /shop/index.php?act=goods&op=comments_list&goods_id=102693 ( act=goods&op=comments_list ) 
ERR: Db Error: Unknown column 'geval_image_again' in 'where clause'
SELECT COUNT(*) AS nc_count FROM `zmkj_evaluate_goods` WHERE ( geval_goodsid = '102693' ) AND ( (geval_image <> '') OR (geval_image_again <> '') ) LIMIT 1  
[2019-01-01 06:19:26] /shop/index.php?act=goods&op=comments_list&goods_id=103129 ( act=goods&op=comments_list ) 
ERR: Db Error: Unknown column 'geval_image_again' in 'where clause'
SELECT COUNT(*) AS nc_count FROM `zmkj_evaluate_goods` WHERE ( geval_goodsid = '103129' ) AND ( (geval_image <> '') OR (geval_image_again <> '') ) LIMIT 1  
[2019-01-01 06:20:37] /shop/index.php?act=goods&op=comments_list&goods_id=104331 ( act=goods&op=comments_list ) 
ERR: Db Error: Unknown column 'geval_image_again' in 'where clause'
SELECT COUNT(*) AS nc_count FROM `zmkj_evaluate_goods` WHERE ( geval_goodsid = '104331' ) AND ( (geval_image <> '') OR (geval_image_again <> '') ) LIMIT 1  
[2019-01-01 06:21:48] /shop/index.php?act=goods&op=comments_list&goods_id=106328 ( act=goods&op=comments_list ) 
ERR: Db Error: Unknown column 'geval_image_again' in 'where clause'
SELECT COUNT(*) AS nc_count FROM `zmkj_evaluate_goods` WHERE ( geval_goodsid = '106328' ) AND ( (geval_image <> '') OR (geval_image_again <> '') ) LIMIT 1  
[2019-01-01 06:25:22] /shop/index.php?act=goods&op=comments_list&goods_id=104360 ( act=goods&op=comments_list ) 
ERR: Db Error: Unknown column 'geval_image_again' in 'where clause'
SELECT COUNT(*) AS nc_count FROM `zmkj_evaluate_goods` WHERE ( geval_goodsid = '104360' ) AND ( (geval_image <> '') OR (geval_image_again <> '') ) LIMIT 1  
[2019-01-01 06:26:33] /shop/index.php?act=goods&op=comments_list&goods_id=103881 ( act=goods&op=comments_list ) 
ERR: Db Error: Unknown column 'geval_image_again' in 'where clause'
SELECT COUNT(*) AS nc_count FROM `zmkj_evaluate_goods` WHERE ( geval_goodsid = '103881' ) AND ( (geval_image <> '') OR (geval_image_again <> '') ) LIMIT 1  
[2019-01-01 06:27:45] /shop/index.php?act=goods&op=comments_list&goods_id=106135 ( act=goods&op=comments_list ) 
ERR: Db Error: Unknown column 'geval_image_again' in 'where clause'
SELECT COUNT(*) AS nc_count FROM `zmkj_evaluate_goods` WHERE ( geval_goodsid = '106135' ) AND ( (geval_image <> '') OR (geval_image_again <> '') ) LIMIT 1  
[2019-01-01 06:28:56] /shop/index.php?act=goods&op=comments_list&goods_id=105946 ( act=goods&op=comments_list ) 
ERR: Db Error: Unknown column 'geval_image_again' in 'where clause'
SELECT COUNT(*) AS nc_count FROM `zmkj_evaluate_goods` WHERE ( geval_goodsid = '105946' ) AND ( (geval_image <> '') OR (geval_image_again <> '') ) LIMIT 1  
[2019-01-01 06:47:51] /shop/index.php?act=goods&op=comments_list&goods_id=105956 ( act=goods&op=comments_list ) 
ERR: Db Error: Unknown column 'geval_image_again' in 'where clause'
SELECT COUNT(*) AS nc_count FROM `zmkj_evaluate_goods` WHERE ( geval_goodsid = '105956' ) AND ( (geval_image <> '') OR (geval_image_again <> '') ) LIMIT 1  
[2019-01-01 06:49:01] /shop/index.php?act=goods&op=comments_list&goods_id=106463 ( act=goods&op=comments_list ) 
ERR: Db Error: Unknown column 'geval_image_again' in 'where clause'
SELECT COUNT(*) AS nc_count FROM `zmkj_evaluate_goods` WHERE ( geval_goodsid = '106463' ) AND ( (geval_image <> '') OR (geval_image_again <> '') ) LIMIT 1  
[2019-01-01 06:50:12] /shop/index.php?act=goods&op=comments_list&goods_id=106375 ( act=goods&op=comments_list ) 
ERR: Db Error: Unknown column 'geval_image_again' in 'where clause'
SELECT COUNT(*) AS nc_count FROM `zmkj_evaluate_goods` WHERE ( geval_goodsid = '106375' ) AND ( (geval_image <> '') OR (geval_image_again <> '') ) LIMIT 1  
[2019-01-01 06:56:04] /shop/index.php?act=goods&op=comments_list&goods_id=103690 ( act=goods&op=comments_list ) 
ERR: Db Error: Unknown column 'geval_image_again' in 'where clause'
SELECT COUNT(*) AS nc_count FROM `zmkj_evaluate_goods` WHERE ( geval_goodsid = '103690' ) AND ( (geval_image <> '') OR (geval_image_again <> '') ) LIMIT 1  
[2019-01-01 07:09:00] /shop/index.php?act=goods&op=comments_list&goods_id=104328 ( act=goods&op=comments_list ) 
ERR: Db Error: Unknown column 'geval_image_again' in 'where clause'
SELECT COUNT(*) AS nc_count FROM `zmkj_evaluate_goods` WHERE ( geval_goodsid = '104328' ) AND ( (geval_image <> '') OR (geval_image_again <> '') ) LIMIT 1  
[2019-01-01 07:10:10] /shop/index.php?act=goods&op=comments_list&goods_id=103161 ( act=goods&op=comments_list ) 
ERR: Db Error: Unknown column 'geval_image_again' in 'where clause'
SELECT COUNT(*) AS nc_count FROM `zmkj_evaluate_goods` WHERE ( geval_goodsid = '103161' ) AND ( (geval_image <> '') OR (geval_image_again <> '') ) LIMIT 1  
[2019-01-01 07:11:21] /shop/index.php?act=goods&op=comments_list&goods_id=104887 ( act=goods&op=comments_list ) 
ERR: Db Error: Unknown column 'geval_image_again' in 'where clause'
SELECT COUNT(*) AS nc_count FROM `zmkj_evaluate_goods` WHERE ( geval_goodsid = '104887' ) AND ( (geval_image <> '') OR (geval_image_again <> '') ) LIMIT 1  
[2019-01-01 07:12:31] /shop/index.php?act=goods&op=comments_list&goods_id=106495 ( act=goods&op=comments_list ) 
ERR: Db Error: Unknown column 'geval_image_again' in 'where clause'
SELECT COUNT(*) AS nc_count FROM `zmkj_evaluate_goods` WHERE ( geval_goodsid = '106495' ) AND ( (geval_image <> '') OR (geval_image_again <> '') ) LIMIT 1  
[2019-01-01 07:13:41] /shop/index.php?act=goods&op=comments_list&goods_id=103233 ( act=goods&op=comments_list ) 
ERR: Db Error: Unknown column 'geval_image_again' in 'where clause'
SELECT COUNT(*) AS nc_count FROM `zmkj_evaluate_goods` WHERE ( geval_goodsid = '103233' ) AND ( (geval_image <> '') OR (geval_image_again <> '') ) LIMIT 1  
[2019-01-01 07:14:52] /shop/index.php?act=goods&op=comments_list&goods_id=106146 ( act=goods&op=comments_list ) 
ERR: Db Error: Unknown column 'geval_image_again' in 'where clause'
SELECT COUNT(*) AS nc_count FROM `zmkj_evaluate_goods` WHERE ( geval_goodsid = '106146' ) AND ( (geval_image <> '') OR (geval_image_again <> '') ) LIMIT 1  
[2019-01-01 07:28:58] /shop/index.php?act=goods&op=comments_list&goods_id=103313 ( act=goods&op=comments_list ) 
ERR: Db Error: Unknown column 'geval_image_again' in 'where clause'
SELECT COUNT(*) AS nc_count FROM `zmkj_evaluate_goods` WHERE ( geval_goodsid = '103313' ) AND ( (geval_image <> '') OR (geval_image_again <> '') ) LIMIT 1  
[2019-01-01 07:34:50] /shop/index.php?act=goods&op=comments_list&goods_id=106651 ( act=goods&op=comments_list ) 
ERR: Db Error: Unknown column 'geval_image_again' in 'where clause'
SELECT COUNT(*) AS nc_count FROM `zmkj_evaluate_goods` WHERE ( geval_goodsid = '106651' ) AND ( (geval_image <> '') OR (geval_image_again <> '') ) LIMIT 1  
[2019-01-01 07:38:22] /shop/index.php?act=goods&op=comments_list&goods_id=100819 ( act=goods&op=comments_list ) 
ERR: Db Error: Unknown column 'geval_image_again' in 'where clause'
SELECT COUNT(*) AS nc_count FROM `zmkj_evaluate_goods` WHERE ( geval_goodsid = '100819' ) AND ( (geval_image <> '') OR (geval_image_again <> '') ) LIMIT 1  
[2019-01-01 07:39:32] /shop/index.php?act=goods&op=comments_list&goods_id=105947 ( act=goods&op=comments_list ) 
ERR: Db Error: Unknown column 'geval_image_again' in 'where clause'
SELECT COUNT(*) AS nc_count FROM `zmkj_evaluate_goods` WHERE ( geval_goodsid = '105947' ) AND ( (geval_image <> '') OR (geval_image_again <> '') ) LIMIT 1  
[2019-01-01 07:43:04] /shop/index.php?act=goods&op=comments_list&goods_id=104312 ( act=goods&op=comments_list ) 
ERR: Db Error: Unknown column 'geval_image_again' in 'where clause'
SELECT COUNT(*) AS nc_count FROM `zmkj_evaluate_goods` WHERE ( geval_goodsid = '104312' ) AND ( (geval_image <> '') OR (geval_image_again <> '') ) LIMIT 1  
[2019-01-01 07:53:38] /shop/index.php?act=goods&op=comments_list&goods_id=102070 ( act=goods&op=comments_list ) 
ERR: Db Error: Unknown column 'geval_image_again' in 'where clause'
SELECT COUNT(*) AS nc_count FROM `zmkj_evaluate_goods` WHERE ( geval_goodsid = '102070' ) AND ( (geval_image <> '') OR (geval_image_again <> '') ) LIMIT 1  
[2019-01-01 07:54:48] /shop/index.php?act=goods&op=comments_list&goods_id=105360 ( act=goods&op=comments_list ) 
ERR: Db Error: Unknown column 'geval_image_again' in 'where clause'
SELECT COUNT(*) AS nc_count FROM `zmkj_evaluate_goods` WHERE ( geval_goodsid = '105360' ) AND ( (geval_image <> '') OR (geval_image_again <> '') ) LIMIT 1  
[2019-01-01 08:00:41] /shop/index.php?act=goods&op=comments_list&goods_id=106218 ( act=goods&op=comments_list ) 
ERR: Db Error: Unknown column 'geval_image_again' in 'where clause'
SELECT COUNT(*) AS nc_count FROM `zmkj_evaluate_goods` WHERE ( geval_goodsid = '106218' ) AND ( (geval_image <> '') OR (geval_image_again <> '') ) LIMIT 1  
[2019-01-01 08:04:12] /shop/index.php?act=goods&op=comments_list&goods_id=102114 ( act=goods&op=comments_list ) 
ERR: Db Error: Unknown column 'geval_image_again' in 'where clause'
SELECT COUNT(*) AS nc_count FROM `zmkj_evaluate_goods` WHERE ( geval_goodsid = '102114' ) AND ( (geval_image <> '') OR (geval_image_again <> '') ) LIMIT 1  
[2019-01-01 08:07:44] /shop/index.php?act=goods&op=comments_list&goods_id=103276 ( act=goods&op=comments_list ) 
ERR: Db Error: Unknown column 'geval_image_again' in 'where clause'
SELECT COUNT(*) AS nc_count FROM `zmkj_evaluate_goods` WHERE ( geval_goodsid = '103276' ) AND ( (geval_image <> '') OR (geval_image_again <> '') ) LIMIT 1  
[2019-01-01 08:12:26] /shop/index.php?act=goods&op=comments_list&goods_id=104440 ( act=goods&op=comments_list ) 
ERR: Db Error: Unknown column 'geval_image_again' in 'where clause'
SELECT COUNT(*) AS nc_count FROM `zmkj_evaluate_goods` WHERE ( geval_goodsid = '104440' ) AND ( (geval_image <> '') OR (geval_image_again <> '') ) LIMIT 1  
[2019-01-01 08:14:47] /shop/index.php?act=goods&op=comments_list&goods_id=106456 ( act=goods&op=comments_list ) 
ERR: Db Error: Unknown column 'geval_image_again' in 'where clause'
SELECT COUNT(*) AS nc_count FROM `zmkj_evaluate_goods` WHERE ( geval_goodsid = '106456' ) AND ( (geval_image <> '') OR (geval_image_again <> '') ) LIMIT 1  
[2019-01-01 08:18:18] /shop/index.php?act=goods&op=comments_list&goods_id=101782 ( act=goods&op=comments_list ) 
ERR: Db Error: Unknown column 'geval_image_again' in 'where clause'
SELECT COUNT(*) AS nc_count FROM `zmkj_evaluate_goods` WHERE ( geval_goodsid = '101782' ) AND ( (geval_image <> '') OR (geval_image_again <> '') ) LIMIT 1  
[2019-01-01 08:23:00] /shop/index.php?act=goods&op=comments_list&goods_id=107158 ( act=goods&op=comments_list ) 
ERR: Db Error: Unknown column 'geval_image_again' in 'where clause'
SELECT COUNT(*) AS nc_count FROM `zmkj_evaluate_goods` WHERE ( geval_goodsid = '107158' ) AND ( (geval_image <> '') OR (geval_image_again <> '') ) LIMIT 1  
[2019-01-01 08:24:11] /shop/index.php?act=goods&op=comments_list&goods_id=106506 ( act=goods&op=comments_list ) 
ERR: Db Error: Unknown column 'geval_image_again' in 'where clause'
SELECT COUNT(*) AS nc_count FROM `zmkj_evaluate_goods` WHERE ( geval_goodsid = '106506' ) AND ( (geval_image <> '') OR (geval_image_again <> '') ) LIMIT 1  
[2019-01-01 08:31:13] /shop/index.php?act=goods&op=comments_list&goods_id=105306 ( act=goods&op=comments_list ) 
ERR: Db Error: Unknown column 'geval_image_again' in 'where clause'
SELECT COUNT(*) AS nc_count FROM `zmkj_evaluate_goods` WHERE ( geval_goodsid = '105306' ) AND ( (geval_image <> '') OR (geval_image_again <> '') ) LIMIT 1  
[2019-01-01 08:31:21] /shop/index.php?act=goods&op=comments_list&goods_id=103571 ( act=goods&op=comments_list ) 
ERR: Db Error: Unknown column 'geval_image_again' in 'where clause'
SELECT COUNT(*) AS nc_count FROM `zmkj_evaluate_goods` WHERE ( geval_goodsid = '103571' ) AND ( (geval_image <> '') OR (geval_image_again <> '') ) LIMIT 1  
[2019-01-01 08:32:24] /shop/index.php?act=goods&op=comments_list&goods_id=102093 ( act=goods&op=comments_list ) 
ERR: Db Error: Unknown column 'geval_image_again' in 'where clause'
SELECT COUNT(*) AS nc_count FROM `zmkj_evaluate_goods` WHERE ( geval_goodsid = '102093' ) AND ( (geval_image <> '') OR (geval_image_again <> '') ) LIMIT 1  
[2019-01-01 08:37:06] /shop/index.php?act=goods&op=comments_list&goods_id=103792 ( act=goods&op=comments_list ) 
ERR: Db Error: Unknown column 'geval_image_again' in 'where clause'
SELECT COUNT(*) AS nc_count FROM `zmkj_evaluate_goods` WHERE ( geval_goodsid = '103792' ) AND ( (geval_image <> '') OR (geval_image_again <> '') ) LIMIT 1  
[2019-01-01 08:38:16] /shop/index.php?act=goods&op=comments_list&goods_id=105641 ( act=goods&op=comments_list ) 
ERR: Db Error: Unknown column 'geval_image_again' in 'where clause'
SELECT COUNT(*) AS nc_count FROM `zmkj_evaluate_goods` WHERE ( geval_goodsid = '105641' ) AND ( (geval_image <> '') OR (geval_image_again <> '') ) LIMIT 1  
[2019-01-01 08:41:44] /shop/index.php?act=goods&op=comments_list&goods_id=106786 ( act=goods&op=comments_list ) 
ERR: Db Error: Unknown column 'geval_image_again' in 'where clause'
SELECT COUNT(*) AS nc_count FROM `zmkj_evaluate_goods` WHERE ( geval_goodsid = '106786' ) AND ( (geval_image <> '') OR (geval_image_again <> '') ) LIMIT 1  
[2019-01-01 08:47:28] /shop/index.php?act=goods&op=comments_list&goods_id=101694 ( act=goods&op=comments_list ) 
ERR: Db Error: Unknown column 'geval_image_again' in 'where clause'
SELECT COUNT(*) AS nc_count FROM `zmkj_evaluate_goods` WHERE ( geval_goodsid = '101694' ) AND ( (geval_image <> '') OR (geval_image_again <> '') ) LIMIT 1  
[2019-01-01 08:48:37] /shop/index.php?act=goods&op=comments_list&goods_id=104041 ( act=goods&op=comments_list ) 
ERR: Db Error: Unknown column 'geval_image_again' in 'where clause'
SELECT COUNT(*) AS nc_count FROM `zmkj_evaluate_goods` WHERE ( geval_goodsid = '104041' ) AND ( (geval_image <> '') OR (geval_image_again <> '') ) LIMIT 1  
[2019-01-01 08:52:03] /shop/index.php?act=goods&op=comments_list&goods_id=105662 ( act=goods&op=comments_list ) 
ERR: Db Error: Unknown column 'geval_image_again' in 'where clause'
SELECT COUNT(*) AS nc_count FROM `zmkj_evaluate_goods` WHERE ( geval_goodsid = '105662' ) AND ( (geval_image <> '') OR (geval_image_again <> '') ) LIMIT 1  
[2019-01-01 08:57:47] /shop/index.php?act=goods&op=comments_list&goods_id=106577 ( act=goods&op=comments_list ) 
ERR: Db Error: Unknown column 'geval_image_again' in 'where clause'
SELECT COUNT(*) AS nc_count FROM `zmkj_evaluate_goods` WHERE ( geval_goodsid = '106577' ) AND ( (geval_image <> '') OR (geval_image_again <> '') ) LIMIT 1  
[2019-01-01 09:01:13] /shop/index.php?act=goods&op=comments_list&goods_id=105017 ( act=goods&op=comments_list ) 
ERR: Db Error: Unknown column 'geval_image_again' in 'where clause'
SELECT COUNT(*) AS nc_count FROM `zmkj_evaluate_goods` WHERE ( geval_goodsid = '105017' ) AND ( (geval_image <> '') OR (geval_image_again <> '') ) LIMIT 1  
[2019-01-01 09:02:22] /shop/index.php?act=goods&op=comments_list&goods_id=103339 ( act=goods&op=comments_list ) 
ERR: Db Error: Unknown column 'geval_image_again' in 'where clause'
SELECT COUNT(*) AS nc_count FROM `zmkj_evaluate_goods` WHERE ( geval_goodsid = '103339' ) AND ( (geval_image <> '') OR (geval_image_again <> '') ) LIMIT 1  
[2019-01-01 09:04:39] /shop/index.php?act=goods&op=comments_list&goods_id=106692 ( act=goods&op=comments_list ) 
ERR: Db Error: Unknown column 'geval_image_again' in 'where clause'
SELECT COUNT(*) AS nc_count FROM `zmkj_evaluate_goods` WHERE ( geval_goodsid = '106692' ) AND ( (geval_image <> '') OR (geval_image_again <> '') ) LIMIT 1  
[2019-01-01 09:06:56] /shop/index.php?act=goods&op=comments_list&goods_id=105285 ( act=goods&op=comments_list ) 
ERR: Db Error: Unknown column 'geval_image_again' in 'where clause'
SELECT COUNT(*) AS nc_count FROM `zmkj_evaluate_goods` WHERE ( geval_goodsid = '105285' ) AND ( (geval_image <> '') OR (geval_image_again <> '') ) LIMIT 1  
[2019-01-01 09:09:14] /shop/index.php?act=goods&op=comments_list&goods_id=102640 ( act=goods&op=comments_list ) 
ERR: Db Error: Unknown column 'geval_image_again' in 'where clause'
SELECT COUNT(*) AS nc_count FROM `zmkj_evaluate_goods` WHERE ( geval_goodsid = '102640' ) AND ( (geval_image <> '') OR (geval_image_again <> '') ) LIMIT 1  
[2019-01-01 09:14:58] /shop/index.php?act=goods&op=comments_list&goods_id=107191 ( act=goods&op=comments_list ) 
ERR: Db Error: Unknown column 'geval_image_again' in 'where clause'
SELECT COUNT(*) AS nc_count FROM `zmkj_evaluate_goods` WHERE ( geval_goodsid = '107191' ) AND ( (geval_image <> '') OR (geval_image_again <> '') ) LIMIT 1  
[2019-01-01 09:16:06] /shop/index.php?act=goods&op=comments_list&goods_id=107317 ( act=goods&op=comments_list ) 
ERR: Db Error: Unknown column 'geval_image_again' in 'where clause'
SELECT COUNT(*) AS nc_count FROM `zmkj_evaluate_goods` WHERE ( geval_goodsid = '107317' ) AND ( (geval_image <> '') OR (geval_image_again <> '') ) LIMIT 1  
[2019-01-01 09:21:50] /shop/index.php?act=goods&op=comments_list&goods_id=104961 ( act=goods&op=comments_list ) 
ERR: Db Error: Unknown column 'geval_image_again' in 'where clause'
SELECT COUNT(*) AS nc_count FROM `zmkj_evaluate_goods` WHERE ( geval_goodsid = '104961' ) AND ( (geval_image <> '') OR (geval_image_again <> '') ) LIMIT 1  
[2019-01-01 09:22:59] /shop/index.php?act=goods&op=comments_list&goods_id=102002 ( act=goods&op=comments_list ) 
ERR: Db Error: Unknown column 'geval_image_again' in 'where clause'
SELECT COUNT(*) AS nc_count FROM `zmkj_evaluate_goods` WHERE ( geval_goodsid = '102002' ) AND ( (geval_image <> '') OR (geval_image_again <> '') ) LIMIT 1  
[2019-01-01 09:36:44] /shop/index.php?act=goods&op=comments_list&goods_id=105218 ( act=goods&op=comments_list ) 
ERR: Db Error: Unknown column 'geval_image_again' in 'where clause'
SELECT COUNT(*) AS nc_count FROM `zmkj_evaluate_goods` WHERE ( geval_goodsid = '105218' ) AND ( (geval_image <> '') OR (geval_image_again <> '') ) LIMIT 1  
[2019-01-01 09:42:27] /shop/index.php?act=goods&op=comments_list&goods_id=107285 ( act=goods&op=comments_list ) 
ERR: Db Error: Unknown column 'geval_image_again' in 'where clause'
SELECT COUNT(*) AS nc_count FROM `zmkj_evaluate_goods` WHERE ( geval_goodsid = '107285' ) AND ( (geval_image <> '') OR (geval_image_again <> '') ) LIMIT 1  
[2019-01-01 09:43:36] /shop/index.php?act=goods&op=comments_list&goods_id=101737 ( act=goods&op=comments_list ) 
ERR: Db Error: Unknown column 'geval_image_again' in 'where clause'
SELECT COUNT(*) AS nc_count FROM `zmkj_evaluate_goods` WHERE ( geval_goodsid = '101737' ) AND ( (geval_image <> '') OR (geval_image_again <> '') ) LIMIT 1  
[2019-01-01 09:51:37] /shop/index.php?act=goods&op=comments_list&goods_id=102708 ( act=goods&op=comments_list ) 
ERR: Db Error: Unknown column 'geval_image_again' in 'where clause'
SELECT COUNT(*) AS nc_count FROM `zmkj_evaluate_goods` WHERE ( geval_goodsid = '102708' ) AND ( (geval_image <> '') OR (geval_image_again <> '') ) LIMIT 1  
[2019-01-01 09:59:38] /shop/index.php?act=goods&op=comments_list&goods_id=102771 ( act=goods&op=comments_list ) 
ERR: Db Error: Unknown column 'geval_image_again' in 'where clause'
SELECT COUNT(*) AS nc_count FROM `zmkj_evaluate_goods` WHERE ( geval_goodsid = '102771' ) AND ( (geval_image <> '') OR (geval_image_again <> '') ) LIMIT 1  
[2019-01-01 10:04:13] /shop/index.php?act=goods&op=comments_list&goods_id=103669 ( act=goods&op=comments_list ) 
ERR: Db Error: Unknown column 'geval_image_again' in 'where clause'
SELECT COUNT(*) AS nc_count FROM `zmkj_evaluate_goods` WHERE ( geval_goodsid = '103669' ) AND ( (geval_image <> '') OR (geval_image_again <> '') ) LIMIT 1  
[2019-01-01 10:07:39] /shop/index.php?act=goods&op=comments_list&goods_id=101684 ( act=goods&op=comments_list ) 
ERR: Db Error: Unknown column 'geval_image_again' in 'where clause'
SELECT COUNT(*) AS nc_count FROM `zmkj_evaluate_goods` WHERE ( geval_goodsid = '101684' ) AND ( (geval_image <> '') OR (geval_image_again <> '') ) LIMIT 1  
[2019-01-01 10:12:14] /shop/index.php?act=goods&op=comments_list&goods_id=101863 ( act=goods&op=comments_list ) 
ERR: Db Error: Unknown column 'geval_image_again' in 'where clause'
SELECT COUNT(*) AS nc_count FROM `zmkj_evaluate_goods` WHERE ( geval_goodsid = '101863' ) AND ( (geval_image <> '') OR (geval_image_again <> '') ) LIMIT 1  
[2019-01-01 10:22:33] /shop/index.php?act=goods&op=comments_list&goods_id=101613 ( act=goods&op=comments_list ) 
ERR: Db Error: Unknown column 'geval_image_again' in 'where clause'
SELECT COUNT(*) AS nc_count FROM `zmkj_evaluate_goods` WHERE ( geval_goodsid = '101613' ) AND ( (geval_image <> '') OR (geval_image_again <> '') ) LIMIT 1  
[2019-01-01 10:25:59] /shop/index.php?act=goods&op=comments_list&goods_id=103299 ( act=goods&op=comments_list ) 
ERR: Db Error: Unknown column 'geval_image_again' in 'where clause'
SELECT COUNT(*) AS nc_count FROM `zmkj_evaluate_goods` WHERE ( geval_goodsid = '103299' ) AND ( (geval_image <> '') OR (geval_image_again <> '') ) LIMIT 1  
[2019-01-01 12:44:08] /shop/index.php?act=goods&op=comments_list&goods_id=102681&type=1 ( act=goods&op=comments_list ) 
ERR: Db Error: Unknown column 'geval_image_again' in 'where clause'
SELECT COUNT(*) AS nc_count FROM `zmkj_evaluate_goods` WHERE ( geval_goodsid = '102681' ) AND ( (geval_image <> '') OR (geval_image_again <> '') ) LIMIT 1  
[2019-01-01 13:23:40] /shop/index.php?act=goods&op=comments_list&goods_id=102718 ( act=goods&op=comments_list ) 
ERR: Db Error: Unknown column 'geval_image_again' in 'where clause'
SELECT COUNT(*) AS nc_count FROM `zmkj_evaluate_goods` WHERE ( geval_goodsid = '102718' ) AND ( (geval_image <> '') OR (geval_image_again <> '') ) LIMIT 1  
[2019-01-01 13:31:23] /shop/index.php?act=goods&op=comments_list&goods_id=101856 ( act=goods&op=comments_list ) 
ERR: Db Error: Unknown column 'geval_image_again' in 'where clause'
SELECT COUNT(*) AS nc_count FROM `zmkj_evaluate_goods` WHERE ( geval_goodsid = '101856' ) AND ( (geval_image <> '') OR (geval_image_again <> '') ) LIMIT 1  
[2019-01-01 14:34:50] /shop/index.php?act=goods&op=comments_list&goods_id=104081 ( act=goods&op=comments_list ) 
ERR: Db Error: Unknown column 'geval_image_again' in 'where clause'
SELECT COUNT(*) AS nc_count FROM `zmkj_evaluate_goods` WHERE ( geval_goodsid = '104081' ) AND ( (geval_image <> '') OR (geval_image_again <> '') ) LIMIT 1  
[2019-01-01 14:35:32] /shop/index.php?act=goods&op=comments_list&goods_id=104818 ( act=goods&op=comments_list ) 
ERR: Db Error: Unknown column 'geval_image_again' in 'where clause'
SELECT COUNT(*) AS nc_count FROM `zmkj_evaluate_goods` WHERE ( geval_goodsid = '104818' ) AND ( (geval_image <> '') OR (geval_image_again <> '') ) LIMIT 1  
[2019-01-01 15:25:20] /shop/index.php?act=goods&op=comments_list&goods_id=105901 ( act=goods&op=comments_list ) 
ERR: Db Error: Unknown column 'geval_image_again' in 'where clause'
SELECT COUNT(*) AS nc_count FROM `zmkj_evaluate_goods` WHERE ( geval_goodsid = '105901' ) AND ( (geval_image <> '') OR (geval_image_again <> '') ) LIMIT 1  
[2019-01-01 15:37:08] /shop/index.php?act=goods&op=comments_list&goods_id=102488 ( act=goods&op=comments_list ) 
ERR: Db Error: Unknown column 'geval_image_again' in 'where clause'
SELECT COUNT(*) AS nc_count FROM `zmkj_evaluate_goods` WHERE ( geval_goodsid = '102488' ) AND ( (geval_image <> '') OR (geval_image_again <> '') ) LIMIT 1  
[2019-01-01 15:53:41] /shop/index.php?act=goods&op=comments_list&goods_id=106120 ( act=goods&op=comments_list ) 
ERR: Db Error: Unknown column 'geval_image_again' in 'where clause'
SELECT COUNT(*) AS nc_count FROM `zmkj_evaluate_goods` WHERE ( geval_goodsid = '106120' ) AND ( (geval_image <> '') OR (geval_image_again <> '') ) LIMIT 1  
[2019-01-01 18:35:34] /shop/index.php?act=goods&op=comments_list&goods_id=102494 ( act=goods&op=comments_list ) 
ERR: Db Error: Unknown column 'geval_image_again' in 'where clause'
SELECT COUNT(*) AS nc_count FROM `zmkj_evaluate_goods` WHERE ( geval_goodsid = '102494' ) AND ( (geval_image <> '') OR (geval_image_again <> '') ) LIMIT 1  
[2019-01-01 19:50:40] /shop/index.php?act=goods&op=comments_list&goods_id=105148 ( act=goods&op=comments_list ) 
ERR: Db Error: Unknown column 'geval_image_again' in 'where clause'
SELECT COUNT(*) AS nc_count FROM `zmkj_evaluate_goods` WHERE ( geval_goodsid = '105148' ) AND ( (geval_image <> '') OR (geval_image_again <> '') ) LIMIT 1  
[2019-01-01 22:18:49] /shop/index.php?act=goods&goods_id=105461&op=comments_list ( act=goods&op=comments_list ) 
ERR: Db Error: Unknown column 'geval_image_again' in 'where clause'
SELECT COUNT(*) AS nc_count FROM `zmkj_evaluate_goods` WHERE ( geval_goodsid = '105461' ) AND ( (geval_image <> '') OR (geval_image_again <> '') ) LIMIT 1  
[2019-01-01 22:18:54] /shop/index.php?act=goods&goods_id=107044&op=comments_list ( act=goods&op=comments_list ) 
ERR: Db Error: Unknown column 'geval_image_again' in 'where clause'
SELECT COUNT(*) AS nc_count FROM `zmkj_evaluate_goods` WHERE ( geval_goodsid = '107044' ) AND ( (geval_image <> '') OR (geval_image_again <> '') ) LIMIT 1  
[2019-01-01 22:18:54] /shop/index.php?act=goods&goods_id=106459&op=comments_list ( act=goods&op=comments_list ) 
ERR: Db Error: Unknown column 'geval_image_again' in 'where clause'
SELECT COUNT(*) AS nc_count FROM `zmkj_evaluate_goods` WHERE ( geval_goodsid = '106459' ) AND ( (geval_image <> '') OR (geval_image_again <> '') ) LIMIT 1  
