[2019-04-19 00:17:38] /shop/index.php?act=goods&op=comments_list&goods_id=107461 ( act=goods&op=comments_list ) 
ERR: Db Error: Unknown column 'geval_image_again' in 'where clause'
SELECT COUNT(*) AS nc_count FROM `zmkj_evaluate_goods` WHERE ( geval_goodsid = '107461' ) AND ( (geval_image <> '') OR (geval_image_again <> '') ) LIMIT 1  
[2019-04-19 01:39:46] /shop/index.php?act=goods&op=comments_list&goods_id=102702 ( act=goods&op=comments_list ) 
ERR: Db Error: Unknown column 'geval_image_again' in 'where clause'
SELECT COUNT(*) AS nc_count FROM `zmkj_evaluate_goods` WHERE ( geval_goodsid = '102702' ) AND ( (geval_image <> '') OR (geval_image_again <> '') ) LIMIT 1  
[2019-04-19 02:22:28] /shop/index.php?act=goods&op=comments_list&goods_id=104418 ( act=goods&op=comments_list ) 
ERR: Db Error: Unknown column 'geval_image_again' in 'where clause'
SELECT COUNT(*) AS nc_count FROM `zmkj_evaluate_goods` WHERE ( geval_goodsid = '104418' ) AND ( (geval_image <> '') OR (geval_image_again <> '') ) LIMIT 1  
[2019-04-19 03:55:24] /shop/index.php?act=goods&op=comments_list&goods_id=108758&type=2 ( act=goods&op=comments_list ) 
ERR: Db Error: Unknown column 'geval_image_again' in 'where clause'
SELECT COUNT(*) AS nc_count FROM `zmkj_evaluate_goods` WHERE ( geval_goodsid = '108758' ) AND ( (geval_image <> '') OR (geval_image_again <> '') ) LIMIT 1  
[2019-04-19 04:05:06] /shop/index.php?act=hot_sale&op=index ( act=hot_sale&op=index ) 
ERR: Db Error: You have an error in your SQL syntax; check the manual that corresponds to your MySQL server version for the right syntax to use near ') and goods_state=1' at line 1
select * from zmkj_goods where goods_id in () and goods_state=1
[2019-04-19 04:05:06] /shop/index.php?act=hot_sale&op=index ( act=hot_sale&op=index ) 
ERR: Db Error: You have an error in your SQL syntax; check the manual that corresponds to your MySQL server version for the right syntax to use near '' at line 1
select `member_id` from zmkj_store where store_id = 
[2019-04-19 05:18:36] /shop/index.php?act=goods&op=comments_list&goods_id=107497 ( act=goods&op=comments_list ) 
ERR: Db Error: Unknown column 'geval_image_again' in 'where clause'
SELECT COUNT(*) AS nc_count FROM `zmkj_evaluate_goods` WHERE ( geval_goodsid = '107497' ) AND ( (geval_image <> '') OR (geval_image_again <> '') ) LIMIT 1  
[2019-04-19 07:24:10] /shop/index.php?act=goods&op=comments_list&goods_id=107157 ( act=goods&op=comments_list ) 
ERR: Db Error: Unknown column 'geval_image_again' in 'where clause'
SELECT COUNT(*) AS nc_count FROM `zmkj_evaluate_goods` WHERE ( geval_goodsid = '107157' ) AND ( (geval_image <> '') OR (geval_image_again <> '') ) LIMIT 1  
[2019-04-19 10:29:31] /shop/index.php?act=goods&op=comments_list&goods_id=108896 ( act=goods&op=comments_list ) 
ERR: Db Error: Unknown column 'geval_image_again' in 'where clause'
SELECT COUNT(*) AS nc_count FROM `zmkj_evaluate_goods` WHERE ( geval_goodsid = '108896' ) AND ( (geval_image <> '') OR (geval_image_again <> '') ) LIMIT 1  
[2019-04-19 11:01:15] /shop/index.php?act=goods&op=comments_list&goods_id=109160 ( act=goods&op=comments_list ) 
ERR: Db Error: Unknown column 'geval_image_again' in 'where clause'
SELECT COUNT(*) AS nc_count FROM `zmkj_evaluate_goods` WHERE ( geval_goodsid = '109160' ) AND ( (geval_image <> '') OR (geval_image_again <> '') ) LIMIT 1  
[2019-04-19 11:02:19] /shop/index.php?act=goods&op=comments_list&goods_id=106208 ( act=goods&op=comments_list ) 
ERR: Db Error: Unknown column 'geval_image_again' in 'where clause'
SELECT COUNT(*) AS nc_count FROM `zmkj_evaluate_goods` WHERE ( geval_goodsid = '106208' ) AND ( (geval_image <> '') OR (geval_image_again <> '') ) LIMIT 1  
[2019-04-19 11:04:19] /shop/index.php?act=goods&op=comments_list&goods_id=102662 ( act=goods&op=comments_list ) 
ERR: Db Error: Unknown column 'geval_image_again' in 'where clause'
SELECT COUNT(*) AS nc_count FROM `zmkj_evaluate_goods` WHERE ( geval_goodsid = '102662' ) AND ( (geval_image <> '') OR (geval_image_again <> '') ) LIMIT 1  
[2019-04-19 11:44:11] /shop/index.php?act=goods&op=comments_list&goods_id=102669 ( act=goods&op=comments_list ) 
ERR: Db Error: Unknown column 'geval_image_again' in 'where clause'
SELECT COUNT(*) AS nc_count FROM `zmkj_evaluate_goods` WHERE ( geval_goodsid = '102669' ) AND ( (geval_image <> '') OR (geval_image_again <> '') ) LIMIT 1  
[2019-04-19 12:57:55] /shop/index.php?act=goods&op=comments_list&goods_id=103807 ( act=goods&op=comments_list ) 
ERR: Db Error: Unknown column 'geval_image_again' in 'where clause'
SELECT COUNT(*) AS nc_count FROM `zmkj_evaluate_goods` WHERE ( geval_goodsid = '103807' ) AND ( (geval_image <> '') OR (geval_image_again <> '') ) LIMIT 1  
[2019-04-19 13:24:09] /shop/index.php?act=goods&op=comments_list&goods_id=102671 ( act=goods&op=comments_list ) 
ERR: Db Error: Unknown column 'geval_image_again' in 'where clause'
SELECT COUNT(*) AS nc_count FROM `zmkj_evaluate_goods` WHERE ( geval_goodsid = '102671' ) AND ( (geval_image <> '') OR (geval_image_again <> '') ) LIMIT 1  
[2019-04-19 13:26:21] /shop/index.php?act=goods&op=comments_list&goods_id=106194 ( act=goods&op=comments_list ) 
ERR: Db Error: Unknown column 'geval_image_again' in 'where clause'
SELECT COUNT(*) AS nc_count FROM `zmkj_evaluate_goods` WHERE ( geval_goodsid = '106194' ) AND ( (geval_image <> '') OR (geval_image_again <> '') ) LIMIT 1  
[2019-04-19 15:33:11] /shop/index.php?act=goods&op=comments_list&goods_id=103806 ( act=goods&op=comments_list ) 
ERR: Db Error: Unknown column 'geval_image_again' in 'where clause'
SELECT COUNT(*) AS nc_count FROM `zmkj_evaluate_goods` WHERE ( geval_goodsid = '103806' ) AND ( (geval_image <> '') OR (geval_image_again <> '') ) LIMIT 1  
[2019-04-19 15:39:57] /shop/index.php?act=goods&op=comments_list&goods_id=102664 ( act=goods&op=comments_list ) 
ERR: Db Error: Unknown column 'geval_image_again' in 'where clause'
SELECT COUNT(*) AS nc_count FROM `zmkj_evaluate_goods` WHERE ( geval_goodsid = '102664' ) AND ( (geval_image <> '') OR (geval_image_again <> '') ) LIMIT 1  
[2019-04-19 17:32:07] /shop/index.php?act=goods&op=comments_list&goods_id=109072 ( act=goods&op=comments_list ) 
ERR: Db Error: Unknown column 'geval_image_again' in 'where clause'
SELECT COUNT(*) AS nc_count FROM `zmkj_evaluate_goods` WHERE ( geval_goodsid = '109072' ) AND ( (geval_image <> '') OR (geval_image_again <> '') ) LIMIT 1  
[2019-04-19 18:06:25] /shop/index.php?act=goods&op=comments_list&goods_id=104377 ( act=goods&op=comments_list ) 
ERR: Db Error: Unknown column 'geval_image_again' in 'where clause'
SELECT COUNT(*) AS nc_count FROM `zmkj_evaluate_goods` WHERE ( geval_goodsid = '104377' ) AND ( (geval_image <> '') OR (geval_image_again <> '') ) LIMIT 1  
[2019-04-19 18:17:43] /shop/index.php?act=goods&op=comments_list&goods_id=109090 ( act=goods&op=comments_list ) 
ERR: Db Error: Unknown column 'geval_image_again' in 'where clause'
SELECT COUNT(*) AS nc_count FROM `zmkj_evaluate_goods` WHERE ( geval_goodsid = '109090' ) AND ( (geval_image <> '') OR (geval_image_again <> '') ) LIMIT 1  
[2019-04-19 18:26:25] /shop/index.php?act=goods&op=comments_list&goods_id=105848 ( act=goods&op=comments_list ) 
ERR: Db Error: Unknown column 'geval_image_again' in 'where clause'
SELECT COUNT(*) AS nc_count FROM `zmkj_evaluate_goods` WHERE ( geval_goodsid = '105848' ) AND ( (geval_image <> '') OR (geval_image_again <> '') ) LIMIT 1  
[2019-04-19 18:32:31] /shop/index.php?act=goods&op=comments_list&goods_id=105848 ( act=goods&op=comments_list ) 
ERR: Db Error: Unknown column 'geval_image_again' in 'where clause'
SELECT COUNT(*) AS nc_count FROM `zmkj_evaluate_goods` WHERE ( geval_goodsid = '105848' ) AND ( (geval_image <> '') OR (geval_image_again <> '') ) LIMIT 1  
[2019-04-19 19:35:39] /shop/index.php?act=goods&op=comments_list&goods_id=107550 ( act=goods&op=comments_list ) 
ERR: Db Error: Unknown column 'geval_image_again' in 'where clause'
SELECT COUNT(*) AS nc_count FROM `zmkj_evaluate_goods` WHERE ( geval_goodsid = '107550' ) AND ( (geval_image <> '') OR (geval_image_again <> '') ) LIMIT 1  
[2019-04-19 20:14:37] /shop/index.php?act=goods&op=comments_list&goods_id=109084 ( act=goods&op=comments_list ) 
ERR: Db Error: Unknown column 'geval_image_again' in 'where clause'
SELECT COUNT(*) AS nc_count FROM `zmkj_evaluate_goods` WHERE ( geval_goodsid = '109084' ) AND ( (geval_image <> '') OR (geval_image_again <> '') ) LIMIT 1  
