[2019-10-13 01:24:16] /shop/index.php?act=search&op=index&cate_id=2178 ( act=search&op=index ) 
ERR: Db Error: Unknown column 'gc_id_' in 'where clause'
SELECT count(distinct CONCAT(goods_commonid)) AS nc_count FROM `zmkj_goods` WHERE ( gc_id_ = '2178' ) AND ( goods_state = '1' ) AND ( goods_verify = '1' ) LIMIT 1  
[2019-10-13 01:24:20] /shop/index.php?act=search&op=index&cate_id=2169 ( act=search&op=index ) 
ERR: Db Error: Unknown column 'gc_id_' in 'where clause'
SELECT count(distinct CONCAT(goods_commonid)) AS nc_count FROM `zmkj_goods` WHERE ( gc_id_ = '2169' ) AND ( goods_state = '1' ) AND ( goods_verify = '1' ) LIMIT 1  
[2019-10-13 01:24:21] /shop/index.php?act=search&op=index&cate_id=2115 ( act=search&op=index ) 
ERR: Db Error: Unknown column 'gc_id_' in 'where clause'
SELECT count(distinct CONCAT(goods_commonid)) AS nc_count FROM `zmkj_goods` WHERE ( gc_id_ = '2115' ) AND ( goods_state = '1' ) AND ( goods_verify = '1' ) LIMIT 1  
[2019-10-13 01:24:23] /shop/index.php?act=search&op=index&cate_id=2112 ( act=search&op=index ) 
ERR: Db Error: Unknown column 'gc_id_' in 'where clause'
SELECT count(distinct CONCAT(goods_commonid)) AS nc_count FROM `zmkj_goods` WHERE ( gc_id_ = '2112' ) AND ( goods_state = '1' ) AND ( goods_verify = '1' ) LIMIT 1  
[2019-10-13 01:24:30] /shop/index.php?act=search&op=index&cate_id=2146 ( act=search&op=index ) 
ERR: Db Error: Unknown column 'gc_id_' in 'where clause'
SELECT count(distinct CONCAT(goods_commonid)) AS nc_count FROM `zmkj_goods` WHERE ( gc_id_ = '2146' ) AND ( goods_state = '1' ) AND ( goods_verify = '1' ) LIMIT 1  
[2019-10-13 01:24:38] /shop/index.php?act=search&op=index&cate_id=2164 ( act=search&op=index ) 
ERR: Db Error: Unknown column 'gc_id_' in 'where clause'
SELECT count(distinct CONCAT(goods_commonid)) AS nc_count FROM `zmkj_goods` WHERE ( gc_id_ = '2164' ) AND ( goods_state = '1' ) AND ( goods_verify = '1' ) LIMIT 1  
[2019-10-13 01:24:40] /shop/index.php?act=search&op=index&cate_id=2175 ( act=search&op=index ) 
ERR: Db Error: Unknown column 'gc_id_' in 'where clause'
SELECT count(distinct CONCAT(goods_commonid)) AS nc_count FROM `zmkj_goods` WHERE ( gc_id_ = '2175' ) AND ( goods_state = '1' ) AND ( goods_verify = '1' ) LIMIT 1  
[2019-10-13 01:24:41] /shop/index.php?act=search&op=index&cate_id=2117 ( act=search&op=index ) 
ERR: Db Error: Unknown column 'gc_id_' in 'where clause'
SELECT count(distinct CONCAT(goods_commonid)) AS nc_count FROM `zmkj_goods` WHERE ( gc_id_ = '2117' ) AND ( goods_state = '1' ) AND ( goods_verify = '1' ) LIMIT 1  
[2019-10-13 01:24:43] /shop/index.php?act=search&op=index&cate_id=2186 ( act=search&op=index ) 
ERR: Db Error: Unknown column 'gc_id_' in 'where clause'
SELECT count(distinct CONCAT(goods_commonid)) AS nc_count FROM `zmkj_goods` WHERE ( gc_id_ = '2186' ) AND ( goods_state = '1' ) AND ( goods_verify = '1' ) LIMIT 1  
[2019-10-13 01:24:50] /shop/index.php?act=search&op=index&cate_id=2190 ( act=search&op=index ) 
ERR: Db Error: Unknown column 'gc_id_' in 'where clause'
SELECT count(distinct CONCAT(goods_commonid)) AS nc_count FROM `zmkj_goods` WHERE ( gc_id_ = '2190' ) AND ( goods_state = '1' ) AND ( goods_verify = '1' ) LIMIT 1  
[2019-10-13 01:25:03] /shop/index.php?act=search&op=index&cate_id=2174 ( act=search&op=index ) 
ERR: Db Error: Unknown column 'gc_id_' in 'where clause'
SELECT count(distinct CONCAT(goods_commonid)) AS nc_count FROM `zmkj_goods` WHERE ( gc_id_ = '2174' ) AND ( goods_state = '1' ) AND ( goods_verify = '1' ) LIMIT 1  
[2019-10-13 02:27:57] /shop/index.php?act=goods&goods_id=111182&op=comments_list ( act=goods&op=comments_list ) 
ERR: Db Error: Unknown column 'geval_image_again' in 'where clause'
SELECT COUNT(*) AS nc_count FROM `zmkj_evaluate_goods` WHERE ( geval_goodsid = '111182' ) AND ( (geval_image <> '') OR (geval_image_again <> '') ) LIMIT 1  
[2019-10-13 03:47:44] /shop/index.php?act=goods&goods_id=108514&op=comments_list ( act=goods&op=comments_list ) 
ERR: Db Error: Unknown column 'geval_image_again' in 'where clause'
SELECT COUNT(*) AS nc_count FROM `zmkj_evaluate_goods` WHERE ( geval_goodsid = '108514' ) AND ( (geval_image <> '') OR (geval_image_again <> '') ) LIMIT 1  
[2019-10-13 06:32:24] /shop/index.php?act=hot_sale&op=index ( act=hot_sale&op=index ) 
ERR: Db Error: You have an error in your SQL syntax; check the manual that corresponds to your MySQL server version for the right syntax to use near ') and goods_state=1' at line 1
select * from zmkj_goods where goods_id in () and goods_state=1
[2019-10-13 06:32:24] /shop/index.php?act=hot_sale&op=index ( act=hot_sale&op=index ) 
ERR: Db Error: You have an error in your SQL syntax; check the manual that corresponds to your MySQL server version for the right syntax to use near '' at line 1
select `member_id` from zmkj_store where store_id = 
[2019-10-13 07:11:38] /shop/index.php?act=goods&goods_id=108065&op=comments_list ( act=goods&op=comments_list ) 
ERR: Db Error: Unknown column 'geval_image_again' in 'where clause'
SELECT COUNT(*) AS nc_count FROM `zmkj_evaluate_goods` WHERE ( geval_goodsid = '108065' ) AND ( (geval_image <> '') OR (geval_image_again <> '') ) LIMIT 1  
[2019-10-13 07:15:46] /shop/index.php?act=goods&goods_id=107957&op=comments_list ( act=goods&op=comments_list ) 
ERR: Db Error: Unknown column 'geval_image_again' in 'where clause'
SELECT COUNT(*) AS nc_count FROM `zmkj_evaluate_goods` WHERE ( geval_goodsid = '107957' ) AND ( (geval_image <> '') OR (geval_image_again <> '') ) LIMIT 1  
[2019-10-13 07:17:15] /shop/index.php?act=goods&goods_id=102503&op=comments_list ( act=goods&op=comments_list ) 
ERR: Db Error: Unknown column 'geval_image_again' in 'where clause'
SELECT COUNT(*) AS nc_count FROM `zmkj_evaluate_goods` WHERE ( geval_goodsid = '102503' ) AND ( (geval_image <> '') OR (geval_image_again <> '') ) LIMIT 1  
[2019-10-13 07:41:36] /shop/index.php?act=goods&goods_id=111156&op=comments_list ( act=goods&op=comments_list ) 
ERR: Db Error: Unknown column 'geval_image_again' in 'where clause'
SELECT COUNT(*) AS nc_count FROM `zmkj_evaluate_goods` WHERE ( geval_goodsid = '111156' ) AND ( (geval_image <> '') OR (geval_image_again <> '') ) LIMIT 1  
[2019-10-13 08:19:17] /shop/index.php?act=goods&goods_id=109655&op=comments_list ( act=goods&op=comments_list ) 
ERR: Db Error: Unknown column 'geval_image_again' in 'where clause'
SELECT COUNT(*) AS nc_count FROM `zmkj_evaluate_goods` WHERE ( geval_goodsid = '109655' ) AND ( (geval_image <> '') OR (geval_image_again <> '') ) LIMIT 1  
[2019-10-13 08:59:35] /shop/index.php?act=goods&goods_id=103848&op=comments_list ( act=goods&op=comments_list ) 
ERR: Db Error: Unknown column 'geval_image_again' in 'where clause'
SELECT COUNT(*) AS nc_count FROM `zmkj_evaluate_goods` WHERE ( geval_goodsid = '103848' ) AND ( (geval_image <> '') OR (geval_image_again <> '') ) LIMIT 1  
[2019-10-13 09:10:19] /shop/index.php?act=goods&goods_id=101964&op=comments_list ( act=goods&op=comments_list ) 
ERR: Db Error: Unknown column 'geval_image_again' in 'where clause'
SELECT COUNT(*) AS nc_count FROM `zmkj_evaluate_goods` WHERE ( geval_goodsid = '101964' ) AND ( (geval_image <> '') OR (geval_image_again <> '') ) LIMIT 1  
[2019-10-13 09:18:00] /shop/index.php?act=goods&goods_id=111216&op=comments_list ( act=goods&op=comments_list ) 
ERR: Db Error: Unknown column 'geval_image_again' in 'where clause'
SELECT COUNT(*) AS nc_count FROM `zmkj_evaluate_goods` WHERE ( geval_goodsid = '111216' ) AND ( (geval_image <> '') OR (geval_image_again <> '') ) LIMIT 1  
[2019-10-13 09:21:10] /shop/index.php?act=goods&goods_id=101419&op=comments_list ( act=goods&op=comments_list ) 
ERR: Db Error: Unknown column 'geval_image_again' in 'where clause'
SELECT COUNT(*) AS nc_count FROM `zmkj_evaluate_goods` WHERE ( geval_goodsid = '101419' ) AND ( (geval_image <> '') OR (geval_image_again <> '') ) LIMIT 1  
[2019-10-13 09:21:11] /shop/index.php?act=search&area_id=8&cate_id=1601&op=index ( act=search&op=index ) 
ERR: Db Error: Unknown column 'gc_id_' in 'where clause'
SELECT count(distinct CONCAT(goods_commonid)) AS nc_count FROM `zmkj_goods` WHERE ( gc_id_ = '1601' ) AND ( areaid_1 = '8' ) AND ( goods_state = '1' ) AND ( goods_verify = '1' ) LIMIT 1  
[2019-10-13 09:44:44] /shop/index.php?act=goods&goods_id=104448&op=comments_list ( act=goods&op=comments_list ) 
ERR: Db Error: Unknown column 'geval_image_again' in 'where clause'
SELECT COUNT(*) AS nc_count FROM `zmkj_evaluate_goods` WHERE ( geval_goodsid = '104448' ) AND ( (geval_image <> '') OR (geval_image_again <> '') ) LIMIT 1  
[2019-10-13 09:45:03] /shop/index.php?act=goods&goods_id=104318&op=comments_list ( act=goods&op=comments_list ) 
ERR: Db Error: Unknown column 'geval_image_again' in 'where clause'
SELECT COUNT(*) AS nc_count FROM `zmkj_evaluate_goods` WHERE ( geval_goodsid = '104318' ) AND ( (geval_image <> '') OR (geval_image_again <> '') ) LIMIT 1  
[2019-10-13 09:45:21] /shop/index.php?act=goods&goods_id=101755&op=comments_list ( act=goods&op=comments_list ) 
ERR: Db Error: Unknown column 'geval_image_again' in 'where clause'
SELECT COUNT(*) AS nc_count FROM `zmkj_evaluate_goods` WHERE ( geval_goodsid = '101755' ) AND ( (geval_image <> '') OR (geval_image_again <> '') ) LIMIT 1  
[2019-10-13 10:01:47] /shop/index.php?act=goods&goods_id=101717&op=comments_list ( act=goods&op=comments_list ) 
ERR: Db Error: Unknown column 'geval_image_again' in 'where clause'
SELECT COUNT(*) AS nc_count FROM `zmkj_evaluate_goods` WHERE ( geval_goodsid = '101717' ) AND ( (geval_image <> '') OR (geval_image_again <> '') ) LIMIT 1  
[2019-10-13 10:45:51] /shop/index.php?act=goods&goods_id=111317&op=comments_list ( act=goods&op=comments_list ) 
ERR: Db Error: Unknown column 'geval_image_again' in 'where clause'
SELECT COUNT(*) AS nc_count FROM `zmkj_evaluate_goods` WHERE ( geval_goodsid = '111317' ) AND ( (geval_image <> '') OR (geval_image_again <> '') ) LIMIT 1  
[2019-10-13 10:52:36] /shop/index.php?act=search&op=index&cate_id=1582&area_id=9 ( act=search&op=index ) 
ERR: Db Error: Unknown column 'gc_id_' in 'where clause'
SELECT count(distinct CONCAT(goods_commonid)) AS nc_count FROM `zmkj_goods` WHERE ( gc_id_ = '1582' ) AND ( areaid_1 = '9' ) AND ( goods_state = '1' ) AND ( goods_verify = '1' ) LIMIT 1  
[2019-10-13 10:53:15] /shop/index.php?act=goods&goods_id=104458&op=comments_list ( act=goods&op=comments_list ) 
ERR: Db Error: Unknown column 'geval_image_again' in 'where clause'
SELECT COUNT(*) AS nc_count FROM `zmkj_evaluate_goods` WHERE ( geval_goodsid = '104458' ) AND ( (geval_image <> '') OR (geval_image_again <> '') ) LIMIT 1  
[2019-10-13 11:03:58] /shop/index.php?act=goods&goods_id=108061&op=comments_list ( act=goods&op=comments_list ) 
ERR: Db Error: Unknown column 'geval_image_again' in 'where clause'
SELECT COUNT(*) AS nc_count FROM `zmkj_evaluate_goods` WHERE ( geval_goodsid = '108061' ) AND ( (geval_image <> '') OR (geval_image_again <> '') ) LIMIT 1  
[2019-10-13 11:25:54] /shop/index.php?act=goods&goods_id=111183&op=comments_list ( act=goods&op=comments_list ) 
ERR: Db Error: Unknown column 'geval_image_again' in 'where clause'
SELECT COUNT(*) AS nc_count FROM `zmkj_evaluate_goods` WHERE ( geval_goodsid = '111183' ) AND ( (geval_image <> '') OR (geval_image_again <> '') ) LIMIT 1  
[2019-10-13 11:26:25] /shop/index.php?act=goods&goods_id=103630&op=comments_list ( act=goods&op=comments_list ) 
ERR: Db Error: Unknown column 'geval_image_again' in 'where clause'
SELECT COUNT(*) AS nc_count FROM `zmkj_evaluate_goods` WHERE ( geval_goodsid = '103630' ) AND ( (geval_image <> '') OR (geval_image_again <> '') ) LIMIT 1  
[2019-10-13 11:50:11] /shop/index.php?act=goods&goods_id=102003&op=comments_list ( act=goods&op=comments_list ) 
ERR: Db Error: Unknown column 'geval_image_again' in 'where clause'
SELECT COUNT(*) AS nc_count FROM `zmkj_evaluate_goods` WHERE ( geval_goodsid = '102003' ) AND ( (geval_image <> '') OR (geval_image_again <> '') ) LIMIT 1  
[2019-10-13 12:21:47] /shop/index.php?act=goods&goods_id=111732&op=comments_list ( act=goods&op=comments_list ) 
ERR: Db Error: Unknown column 'geval_image_again' in 'where clause'
SELECT COUNT(*) AS nc_count FROM `zmkj_evaluate_goods` WHERE ( geval_goodsid = '111732' ) AND ( (geval_image <> '') OR (geval_image_again <> '') ) LIMIT 1  
[2019-10-13 12:21:52] /shop/index.php?act=goods&goods_id=111721&op=comments_list ( act=goods&op=comments_list ) 
ERR: Db Error: Unknown column 'geval_image_again' in 'where clause'
SELECT COUNT(*) AS nc_count FROM `zmkj_evaluate_goods` WHERE ( geval_goodsid = '111721' ) AND ( (geval_image <> '') OR (geval_image_again <> '') ) LIMIT 1  
[2019-10-13 12:25:46] /shop/index.php?act=goods&goods_id=111715&op=comments_list ( act=goods&op=comments_list ) 
ERR: Db Error: Unknown column 'geval_image_again' in 'where clause'
SELECT COUNT(*) AS nc_count FROM `zmkj_evaluate_goods` WHERE ( geval_goodsid = '111715' ) AND ( (geval_image <> '') OR (geval_image_again <> '') ) LIMIT 1  
[2019-10-13 12:25:51] /shop/index.php?act=goods&goods_id=111727&op=comments_list ( act=goods&op=comments_list ) 
ERR: Db Error: Unknown column 'geval_image_again' in 'where clause'
SELECT COUNT(*) AS nc_count FROM `zmkj_evaluate_goods` WHERE ( geval_goodsid = '111727' ) AND ( (geval_image <> '') OR (geval_image_again <> '') ) LIMIT 1  
[2019-10-13 12:29:17] /shop/index.php?act=goods&goods_id=106044&op=comments_list ( act=goods&op=comments_list ) 
ERR: Db Error: Unknown column 'geval_image_again' in 'where clause'
SELECT COUNT(*) AS nc_count FROM `zmkj_evaluate_goods` WHERE ( geval_goodsid = '106044' ) AND ( (geval_image <> '') OR (geval_image_again <> '') ) LIMIT 1  
[2019-10-13 12:29:17] /shop/index.php?act=goods&goods_id=108474&op=comments_list ( act=goods&op=comments_list ) 
ERR: Db Error: Unknown column 'geval_image_again' in 'where clause'
SELECT COUNT(*) AS nc_count FROM `zmkj_evaluate_goods` WHERE ( geval_goodsid = '108474' ) AND ( (geval_image <> '') OR (geval_image_again <> '') ) LIMIT 1  
[2019-10-13 12:29:35] /shop/index.php?act=goods&goods_id=111714&op=comments_list ( act=goods&op=comments_list ) 
ERR: Db Error: Unknown column 'geval_image_again' in 'where clause'
SELECT COUNT(*) AS nc_count FROM `zmkj_evaluate_goods` WHERE ( geval_goodsid = '111714' ) AND ( (geval_image <> '') OR (geval_image_again <> '') ) LIMIT 1  
[2019-10-13 12:29:43] /shop/index.php?act=goods&goods_id=111702&op=comments_list ( act=goods&op=comments_list ) 
ERR: Db Error: Unknown column 'geval_image_again' in 'where clause'
SELECT COUNT(*) AS nc_count FROM `zmkj_evaluate_goods` WHERE ( geval_goodsid = '111702' ) AND ( (geval_image <> '') OR (geval_image_again <> '') ) LIMIT 1  
[2019-10-13 14:00:56] /shop/index.php?act=goods&goods_id=105182&op=comments_list ( act=goods&op=comments_list ) 
ERR: Db Error: Unknown column 'geval_image_again' in 'where clause'
SELECT COUNT(*) AS nc_count FROM `zmkj_evaluate_goods` WHERE ( geval_goodsid = '105182' ) AND ( (geval_image <> '') OR (geval_image_again <> '') ) LIMIT 1  
[2019-10-13 14:11:51] /shop/index.php?act=goods&goods_id=101869&op=comments_list ( act=goods&op=comments_list ) 
ERR: Db Error: Unknown column 'geval_image_again' in 'where clause'
SELECT COUNT(*) AS nc_count FROM `zmkj_evaluate_goods` WHERE ( geval_goodsid = '101869' ) AND ( (geval_image <> '') OR (geval_image_again <> '') ) LIMIT 1  
[2019-10-13 14:59:02] /shop/index.php?act=goods&goods_id=107485&op=comments_list ( act=goods&op=comments_list ) 
ERR: Db Error: Unknown column 'geval_image_again' in 'where clause'
SELECT COUNT(*) AS nc_count FROM `zmkj_evaluate_goods` WHERE ( geval_goodsid = '107485' ) AND ( (geval_image <> '') OR (geval_image_again <> '') ) LIMIT 1  
[2019-10-13 15:24:12] /shop/index.php?act=goods&goods_id=108180&op=comments_list ( act=goods&op=comments_list ) 
ERR: Db Error: Unknown column 'geval_image_again' in 'where clause'
SELECT COUNT(*) AS nc_count FROM `zmkj_evaluate_goods` WHERE ( geval_goodsid = '108180' ) AND ( (geval_image <> '') OR (geval_image_again <> '') ) LIMIT 1  
[2019-10-13 18:21:19] /shop/index.php?act=goods&goods_id=111788&op=comments_list ( act=goods&op=comments_list ) 
ERR: Db Error: Unknown column 'geval_image_again' in 'where clause'
SELECT COUNT(*) AS nc_count FROM `zmkj_evaluate_goods` WHERE ( geval_goodsid = '111788' ) AND ( (geval_image <> '') OR (geval_image_again <> '') ) LIMIT 1  
[2019-10-13 18:24:52] /shop/index.php?act=goods&goods_id=111711&op=comments_list ( act=goods&op=comments_list ) 
ERR: Db Error: Unknown column 'geval_image_again' in 'where clause'
SELECT COUNT(*) AS nc_count FROM `zmkj_evaluate_goods` WHERE ( geval_goodsid = '111711' ) AND ( (geval_image <> '') OR (geval_image_again <> '') ) LIMIT 1  
[2019-10-13 18:28:20] /shop/index.php?act=goods&goods_id=111726&op=comments_list ( act=goods&op=comments_list ) 
ERR: Db Error: Unknown column 'geval_image_again' in 'where clause'
SELECT COUNT(*) AS nc_count FROM `zmkj_evaluate_goods` WHERE ( geval_goodsid = '111726' ) AND ( (geval_image <> '') OR (geval_image_again <> '') ) LIMIT 1  
[2019-10-13 18:32:19] /shop/index.php?act=goods&goods_id=111717&op=comments_list ( act=goods&op=comments_list ) 
ERR: Db Error: Unknown column 'geval_image_again' in 'where clause'
SELECT COUNT(*) AS nc_count FROM `zmkj_evaluate_goods` WHERE ( geval_goodsid = '111717' ) AND ( (geval_image <> '') OR (geval_image_again <> '') ) LIMIT 1  
[2019-10-13 18:32:23] /shop/index.php?act=goods&goods_id=111771&op=comments_list ( act=goods&op=comments_list ) 
ERR: Db Error: Unknown column 'geval_image_again' in 'where clause'
SELECT COUNT(*) AS nc_count FROM `zmkj_evaluate_goods` WHERE ( geval_goodsid = '111771' ) AND ( (geval_image <> '') OR (geval_image_again <> '') ) LIMIT 1  
[2019-10-13 18:37:10] /shop/index.php?act=goods&goods_id=111730&op=comments_list ( act=goods&op=comments_list ) 
ERR: Db Error: Unknown column 'geval_image_again' in 'where clause'
SELECT COUNT(*) AS nc_count FROM `zmkj_evaluate_goods` WHERE ( geval_goodsid = '111730' ) AND ( (geval_image <> '') OR (geval_image_again <> '') ) LIMIT 1  
[2019-10-13 18:37:10] /shop/index.php?act=goods&goods_id=111781&op=comments_list ( act=goods&op=comments_list ) 
ERR: Db Error: Unknown column 'geval_image_again' in 'where clause'
SELECT COUNT(*) AS nc_count FROM `zmkj_evaluate_goods` WHERE ( geval_goodsid = '111781' ) AND ( (geval_image <> '') OR (geval_image_again <> '') ) LIMIT 1  
[2019-10-13 18:39:40] /shop/index.php?act=goods&goods_id=105943&op=comments_list ( act=goods&op=comments_list ) 
ERR: Db Error: Unknown column 'geval_image_again' in 'where clause'
SELECT COUNT(*) AS nc_count FROM `zmkj_evaluate_goods` WHERE ( geval_goodsid = '105943' ) AND ( (geval_image <> '') OR (geval_image_again <> '') ) LIMIT 1  
[2019-10-13 18:46:01] /shop/index.php?act=goods&goods_id=111713&op=comments_list ( act=goods&op=comments_list ) 
ERR: Db Error: Unknown column 'geval_image_again' in 'where clause'
SELECT COUNT(*) AS nc_count FROM `zmkj_evaluate_goods` WHERE ( geval_goodsid = '111713' ) AND ( (geval_image <> '') OR (geval_image_again <> '') ) LIMIT 1  
[2019-10-13 18:46:06] /shop/index.php?act=goods&goods_id=111710&op=comments_list ( act=goods&op=comments_list ) 
ERR: Db Error: Unknown column 'geval_image_again' in 'where clause'
SELECT COUNT(*) AS nc_count FROM `zmkj_evaluate_goods` WHERE ( geval_goodsid = '111710' ) AND ( (geval_image <> '') OR (geval_image_again <> '') ) LIMIT 1  
[2019-10-13 18:54:26] /shop/index.php?act=goods&goods_id=111770&op=comments_list ( act=goods&op=comments_list ) 
ERR: Db Error: Unknown column 'geval_image_again' in 'where clause'
SELECT COUNT(*) AS nc_count FROM `zmkj_evaluate_goods` WHERE ( geval_goodsid = '111770' ) AND ( (geval_image <> '') OR (geval_image_again <> '') ) LIMIT 1  
[2019-10-13 18:57:52] /shop/index.php?act=goods&goods_id=111775&op=comments_list ( act=goods&op=comments_list ) 
ERR: Db Error: Unknown column 'geval_image_again' in 'where clause'
SELECT COUNT(*) AS nc_count FROM `zmkj_evaluate_goods` WHERE ( geval_goodsid = '111775' ) AND ( (geval_image <> '') OR (geval_image_again <> '') ) LIMIT 1  
[2019-10-13 19:01:12] /shop/index.php?act=goods&goods_id=111819&op=comments_list ( act=goods&op=comments_list ) 
ERR: Db Error: Unknown column 'geval_image_again' in 'where clause'
SELECT COUNT(*) AS nc_count FROM `zmkj_evaluate_goods` WHERE ( geval_goodsid = '111819' ) AND ( (geval_image <> '') OR (geval_image_again <> '') ) LIMIT 1  
[2019-10-13 19:04:50] /shop/index.php?act=goods&goods_id=111772&op=comments_list ( act=goods&op=comments_list ) 
ERR: Db Error: Unknown column 'geval_image_again' in 'where clause'
SELECT COUNT(*) AS nc_count FROM `zmkj_evaluate_goods` WHERE ( geval_goodsid = '111772' ) AND ( (geval_image <> '') OR (geval_image_again <> '') ) LIMIT 1  
[2019-10-13 19:04:52] /shop/index.php?act=goods&goods_id=111703&op=comments_list ( act=goods&op=comments_list ) 
ERR: Db Error: Unknown column 'geval_image_again' in 'where clause'
SELECT COUNT(*) AS nc_count FROM `zmkj_evaluate_goods` WHERE ( geval_goodsid = '111703' ) AND ( (geval_image <> '') OR (geval_image_again <> '') ) LIMIT 1  
[2019-10-13 19:04:54] /shop/index.php?act=goods&goods_id=111712&op=comments_list ( act=goods&op=comments_list ) 
ERR: Db Error: Unknown column 'geval_image_again' in 'where clause'
SELECT COUNT(*) AS nc_count FROM `zmkj_evaluate_goods` WHERE ( geval_goodsid = '111712' ) AND ( (geval_image <> '') OR (geval_image_again <> '') ) LIMIT 1  
[2019-10-13 19:12:19] /shop/index.php?act=goods&goods_id=111748&op=comments_list ( act=goods&op=comments_list ) 
ERR: Db Error: Unknown column 'geval_image_again' in 'where clause'
SELECT COUNT(*) AS nc_count FROM `zmkj_evaluate_goods` WHERE ( geval_goodsid = '111748' ) AND ( (geval_image <> '') OR (geval_image_again <> '') ) LIMIT 1  
[2019-10-13 19:16:20] /shop/index.php?act=goods&goods_id=111749&op=comments_list ( act=goods&op=comments_list ) 
ERR: Db Error: Unknown column 'geval_image_again' in 'where clause'
SELECT COUNT(*) AS nc_count FROM `zmkj_evaluate_goods` WHERE ( geval_goodsid = '111749' ) AND ( (geval_image <> '') OR (geval_image_again <> '') ) LIMIT 1  
[2019-10-13 19:16:22] /shop/index.php?act=goods&goods_id=111704&op=comments_list ( act=goods&op=comments_list ) 
ERR: Db Error: Unknown column 'geval_image_again' in 'where clause'
SELECT COUNT(*) AS nc_count FROM `zmkj_evaluate_goods` WHERE ( geval_goodsid = '111704' ) AND ( (geval_image <> '') OR (geval_image_again <> '') ) LIMIT 1  
[2019-10-13 19:23:58] /shop/index.php?act=goods&goods_id=111708&op=comments_list ( act=goods&op=comments_list ) 
ERR: Db Error: Unknown column 'geval_image_again' in 'where clause'
SELECT COUNT(*) AS nc_count FROM `zmkj_evaluate_goods` WHERE ( geval_goodsid = '111708' ) AND ( (geval_image <> '') OR (geval_image_again <> '') ) LIMIT 1  
[2019-10-13 19:27:20] /shop/index.php?act=goods&goods_id=111728&op=comments_list ( act=goods&op=comments_list ) 
ERR: Db Error: Unknown column 'geval_image_again' in 'where clause'
SELECT COUNT(*) AS nc_count FROM `zmkj_evaluate_goods` WHERE ( geval_goodsid = '111728' ) AND ( (geval_image <> '') OR (geval_image_again <> '') ) LIMIT 1  
[2019-10-13 19:27:21] /shop/index.php?act=goods&goods_id=111731&op=comments_list ( act=goods&op=comments_list ) 
ERR: Db Error: Unknown column 'geval_image_again' in 'where clause'
SELECT COUNT(*) AS nc_count FROM `zmkj_evaluate_goods` WHERE ( geval_goodsid = '111731' ) AND ( (geval_image <> '') OR (geval_image_again <> '') ) LIMIT 1  
[2019-10-13 19:31:54] /shop/index.php?act=goods&goods_id=111729&op=comments_list ( act=goods&op=comments_list ) 
ERR: Db Error: Unknown column 'geval_image_again' in 'where clause'
SELECT COUNT(*) AS nc_count FROM `zmkj_evaluate_goods` WHERE ( geval_goodsid = '111729' ) AND ( (geval_image <> '') OR (geval_image_again <> '') ) LIMIT 1  
[2019-10-13 19:35:12] /shop/index.php?act=goods&goods_id=111722&op=comments_list ( act=goods&op=comments_list ) 
ERR: Db Error: Unknown column 'geval_image_again' in 'where clause'
SELECT COUNT(*) AS nc_count FROM `zmkj_evaluate_goods` WHERE ( geval_goodsid = '111722' ) AND ( (geval_image <> '') OR (geval_image_again <> '') ) LIMIT 1  
[2019-10-13 19:35:13] /shop/index.php?act=goods&goods_id=111776&op=comments_list ( act=goods&op=comments_list ) 
ERR: Db Error: Unknown column 'geval_image_again' in 'where clause'
SELECT COUNT(*) AS nc_count FROM `zmkj_evaluate_goods` WHERE ( geval_goodsid = '111776' ) AND ( (geval_image <> '') OR (geval_image_again <> '') ) LIMIT 1  
[2019-10-13 19:46:29] /shop/index.php?act=goods&goods_id=111720&op=comments_list ( act=goods&op=comments_list ) 
ERR: Db Error: Unknown column 'geval_image_again' in 'where clause'
SELECT COUNT(*) AS nc_count FROM `zmkj_evaluate_goods` WHERE ( geval_goodsid = '111720' ) AND ( (geval_image <> '') OR (geval_image_again <> '') ) LIMIT 1  
[2019-10-13 19:46:31] /shop/index.php?act=goods&goods_id=111709&op=comments_list ( act=goods&op=comments_list ) 
ERR: Db Error: Unknown column 'geval_image_again' in 'where clause'
SELECT COUNT(*) AS nc_count FROM `zmkj_evaluate_goods` WHERE ( geval_goodsid = '111709' ) AND ( (geval_image <> '') OR (geval_image_again <> '') ) LIMIT 1  
[2019-10-13 19:46:33] /shop/index.php?act=goods&goods_id=111733&op=comments_list ( act=goods&op=comments_list ) 
ERR: Db Error: Unknown column 'geval_image_again' in 'where clause'
SELECT COUNT(*) AS nc_count FROM `zmkj_evaluate_goods` WHERE ( geval_goodsid = '111733' ) AND ( (geval_image <> '') OR (geval_image_again <> '') ) LIMIT 1  
[2019-10-13 19:46:35] /shop/index.php?act=goods&goods_id=111779&op=comments_list ( act=goods&op=comments_list ) 
ERR: Db Error: Unknown column 'geval_image_again' in 'where clause'
SELECT COUNT(*) AS nc_count FROM `zmkj_evaluate_goods` WHERE ( geval_goodsid = '111779' ) AND ( (geval_image <> '') OR (geval_image_again <> '') ) LIMIT 1  
[2019-10-13 19:50:50] /shop/index.php?act=goods&goods_id=111767&op=comments_list ( act=goods&op=comments_list ) 
ERR: Db Error: Unknown column 'geval_image_again' in 'where clause'
SELECT COUNT(*) AS nc_count FROM `zmkj_evaluate_goods` WHERE ( geval_goodsid = '111767' ) AND ( (geval_image <> '') OR (geval_image_again <> '') ) LIMIT 1  
[2019-10-13 19:50:53] /shop/index.php?act=goods&goods_id=111766&op=comments_list ( act=goods&op=comments_list ) 
ERR: Db Error: Unknown column 'geval_image_again' in 'where clause'
SELECT COUNT(*) AS nc_count FROM `zmkj_evaluate_goods` WHERE ( geval_goodsid = '111766' ) AND ( (geval_image <> '') OR (geval_image_again <> '') ) LIMIT 1  
[2019-10-13 19:59:20] /shop/index.php?act=goods&goods_id=110724&op=comments_list ( act=goods&op=comments_list ) 
ERR: Db Error: Unknown column 'geval_image_again' in 'where clause'
SELECT COUNT(*) AS nc_count FROM `zmkj_evaluate_goods` WHERE ( geval_goodsid = '110724' ) AND ( (geval_image <> '') OR (geval_image_again <> '') ) LIMIT 1  
[2019-10-13 20:03:23] /shop/index.php?act=goods&goods_id=111191&op=comments_list ( act=goods&op=comments_list ) 
ERR: Db Error: Unknown column 'geval_image_again' in 'where clause'
SELECT COUNT(*) AS nc_count FROM `zmkj_evaluate_goods` WHERE ( geval_goodsid = '111191' ) AND ( (geval_image <> '') OR (geval_image_again <> '') ) LIMIT 1  
[2019-10-13 20:03:26] /shop/index.php?act=goods&goods_id=109943&op=comments_list ( act=goods&op=comments_list ) 
ERR: Db Error: Unknown column 'geval_image_again' in 'where clause'
SELECT COUNT(*) AS nc_count FROM `zmkj_evaluate_goods` WHERE ( geval_goodsid = '109943' ) AND ( (geval_image <> '') OR (geval_image_again <> '') ) LIMIT 1  
[2019-10-13 20:07:34] /shop/index.php?act=goods&goods_id=110702&op=comments_list ( act=goods&op=comments_list ) 
ERR: Db Error: Unknown column 'geval_image_again' in 'where clause'
SELECT COUNT(*) AS nc_count FROM `zmkj_evaluate_goods` WHERE ( geval_goodsid = '110702' ) AND ( (geval_image <> '') OR (geval_image_again <> '') ) LIMIT 1  
[2019-10-13 20:07:37] /shop/index.php?act=goods&goods_id=109424&op=comments_list ( act=goods&op=comments_list ) 
ERR: Db Error: Unknown column 'geval_image_again' in 'where clause'
SELECT COUNT(*) AS nc_count FROM `zmkj_evaluate_goods` WHERE ( geval_goodsid = '109424' ) AND ( (geval_image <> '') OR (geval_image_again <> '') ) LIMIT 1  
[2019-10-13 20:12:18] /shop/index.php?act=goods&goods_id=111229&op=comments_list ( act=goods&op=comments_list ) 
ERR: Db Error: Unknown column 'geval_image_again' in 'where clause'
SELECT COUNT(*) AS nc_count FROM `zmkj_evaluate_goods` WHERE ( geval_goodsid = '111229' ) AND ( (geval_image <> '') OR (geval_image_again <> '') ) LIMIT 1  
[2019-10-13 20:16:23] /shop/index.php?act=goods&goods_id=111201&op=comments_list ( act=goods&op=comments_list ) 
ERR: Db Error: Unknown column 'geval_image_again' in 'where clause'
SELECT COUNT(*) AS nc_count FROM `zmkj_evaluate_goods` WHERE ( geval_goodsid = '111201' ) AND ( (geval_image <> '') OR (geval_image_again <> '') ) LIMIT 1  
[2019-10-13 20:18:20] /shop/index.php?act=goods&goods_id=103019&op=comments_list ( act=goods&op=comments_list ) 
ERR: Db Error: Unknown column 'geval_image_again' in 'where clause'
SELECT COUNT(*) AS nc_count FROM `zmkj_evaluate_goods` WHERE ( geval_goodsid = '103019' ) AND ( (geval_image <> '') OR (geval_image_again <> '') ) LIMIT 1  
[2019-10-13 20:20:50] /shop/index.php?act=goods&goods_id=104895&op=comments_list ( act=goods&op=comments_list ) 
ERR: Db Error: Unknown column 'geval_image_again' in 'where clause'
SELECT COUNT(*) AS nc_count FROM `zmkj_evaluate_goods` WHERE ( geval_goodsid = '104895' ) AND ( (geval_image <> '') OR (geval_image_again <> '') ) LIMIT 1  
[2019-10-13 20:43:26] /shop/index.php?act=goods&goods_id=106556&op=comments_list ( act=goods&op=comments_list ) 
ERR: Db Error: Unknown column 'geval_image_again' in 'where clause'
SELECT COUNT(*) AS nc_count FROM `zmkj_evaluate_goods` WHERE ( geval_goodsid = '106556' ) AND ( (geval_image <> '') OR (geval_image_again <> '') ) LIMIT 1  
[2019-10-13 21:36:25] /shop/index.php?act=goods&goods_id=111208&op=comments_list ( act=goods&op=comments_list ) 
ERR: Db Error: Unknown column 'geval_image_again' in 'where clause'
SELECT COUNT(*) AS nc_count FROM `zmkj_evaluate_goods` WHERE ( geval_goodsid = '111208' ) AND ( (geval_image <> '') OR (geval_image_again <> '') ) LIMIT 1  
[2019-10-13 21:56:55] /shop/index.php?act=goods&goods_id=108793&op=comments_list ( act=goods&op=comments_list ) 
ERR: Db Error: Unknown column 'geval_image_again' in 'where clause'
SELECT COUNT(*) AS nc_count FROM `zmkj_evaluate_goods` WHERE ( geval_goodsid = '108793' ) AND ( (geval_image <> '') OR (geval_image_again <> '') ) LIMIT 1  
[2019-10-13 22:04:54] /shop/index.php?act=goods&goods_id=106619&op=comments_list ( act=goods&op=comments_list ) 
ERR: Db Error: Unknown column 'geval_image_again' in 'where clause'
SELECT COUNT(*) AS nc_count FROM `zmkj_evaluate_goods` WHERE ( geval_goodsid = '106619' ) AND ( (geval_image <> '') OR (geval_image_again <> '') ) LIMIT 1  
[2019-10-13 22:13:03] /shop/index.php?act=goods&goods_id=110012&op=comments_list ( act=goods&op=comments_list ) 
ERR: Db Error: Unknown column 'geval_image_again' in 'where clause'
SELECT COUNT(*) AS nc_count FROM `zmkj_evaluate_goods` WHERE ( geval_goodsid = '110012' ) AND ( (geval_image <> '') OR (geval_image_again <> '') ) LIMIT 1  
[2019-10-13 22:41:28] /shop/index.php?act=goods&goods_id=109948&op=comments_list ( act=goods&op=comments_list ) 
ERR: Db Error: Unknown column 'geval_image_again' in 'where clause'
SELECT COUNT(*) AS nc_count FROM `zmkj_evaluate_goods` WHERE ( geval_goodsid = '109948' ) AND ( (geval_image <> '') OR (geval_image_again <> '') ) LIMIT 1  
[2019-10-13 22:52:12] /shop/index.php?act=goods&goods_id=110073&op=comments_list ( act=goods&op=comments_list ) 
ERR: Db Error: Unknown column 'geval_image_again' in 'where clause'
SELECT COUNT(*) AS nc_count FROM `zmkj_evaluate_goods` WHERE ( geval_goodsid = '110073' ) AND ( (geval_image <> '') OR (geval_image_again <> '') ) LIMIT 1  
[2019-10-13 23:16:25] /shop/index.php?act=goods&goods_id=106863&op=comments_list ( act=goods&op=comments_list ) 
ERR: Db Error: Unknown column 'geval_image_again' in 'where clause'
SELECT COUNT(*) AS nc_count FROM `zmkj_evaluate_goods` WHERE ( geval_goodsid = '106863' ) AND ( (geval_image <> '') OR (geval_image_again <> '') ) LIMIT 1  
[2019-10-13 23:19:47] /shop/index.php?act=goods&goods_id=106367&op=comments_list ( act=goods&op=comments_list ) 
ERR: Db Error: Unknown column 'geval_image_again' in 'where clause'
SELECT COUNT(*) AS nc_count FROM `zmkj_evaluate_goods` WHERE ( geval_goodsid = '106367' ) AND ( (geval_image <> '') OR (geval_image_again <> '') ) LIMIT 1  
[2019-10-13 23:24:25] /shop/index.php?act=goods&goods_id=106329&op=comments_list ( act=goods&op=comments_list ) 
ERR: Db Error: Unknown column 'geval_image_again' in 'where clause'
SELECT COUNT(*) AS nc_count FROM `zmkj_evaluate_goods` WHERE ( geval_goodsid = '106329' ) AND ( (geval_image <> '') OR (geval_image_again <> '') ) LIMIT 1  
[2019-10-13 23:24:27] /shop/index.php?act=goods&goods_id=106322&op=comments_list ( act=goods&op=comments_list ) 
ERR: Db Error: Unknown column 'geval_image_again' in 'where clause'
SELECT COUNT(*) AS nc_count FROM `zmkj_evaluate_goods` WHERE ( geval_goodsid = '106322' ) AND ( (geval_image <> '') OR (geval_image_again <> '') ) LIMIT 1  
[2019-10-13 23:27:45] /shop/index.php?act=goods&goods_id=106286&op=comments_list ( act=goods&op=comments_list ) 
ERR: Db Error: Unknown column 'geval_image_again' in 'where clause'
SELECT COUNT(*) AS nc_count FROM `zmkj_evaluate_goods` WHERE ( geval_goodsid = '106286' ) AND ( (geval_image <> '') OR (geval_image_again <> '') ) LIMIT 1  
[2019-10-13 23:31:06] /shop/index.php?act=goods&goods_id=109746&op=comments_list ( act=goods&op=comments_list ) 
ERR: Db Error: Unknown column 'geval_image_again' in 'where clause'
SELECT COUNT(*) AS nc_count FROM `zmkj_evaluate_goods` WHERE ( geval_goodsid = '109746' ) AND ( (geval_image <> '') OR (geval_image_again <> '') ) LIMIT 1  
[2019-10-13 23:35:35] /shop/index.php?act=goods&goods_id=111074&op=comments_list ( act=goods&op=comments_list ) 
ERR: Db Error: Unknown column 'geval_image_again' in 'where clause'
SELECT COUNT(*) AS nc_count FROM `zmkj_evaluate_goods` WHERE ( geval_goodsid = '111074' ) AND ( (geval_image <> '') OR (geval_image_again <> '') ) LIMIT 1  
[2019-10-13 23:35:38] /shop/index.php?act=goods&goods_id=106275&op=comments_list ( act=goods&op=comments_list ) 
ERR: Db Error: Unknown column 'geval_image_again' in 'where clause'
SELECT COUNT(*) AS nc_count FROM `zmkj_evaluate_goods` WHERE ( geval_goodsid = '106275' ) AND ( (geval_image <> '') OR (geval_image_again <> '') ) LIMIT 1  
[2019-10-13 23:39:26] /shop/index.php?act=goods&goods_id=106369&op=comments_list ( act=goods&op=comments_list ) 
ERR: Db Error: Unknown column 'geval_image_again' in 'where clause'
SELECT COUNT(*) AS nc_count FROM `zmkj_evaluate_goods` WHERE ( geval_goodsid = '106369' ) AND ( (geval_image <> '') OR (geval_image_again <> '') ) LIMIT 1  
[2019-10-13 23:39:28] /shop/index.php?act=goods&goods_id=106321&op=comments_list ( act=goods&op=comments_list ) 
ERR: Db Error: Unknown column 'geval_image_again' in 'where clause'
SELECT COUNT(*) AS nc_count FROM `zmkj_evaluate_goods` WHERE ( geval_goodsid = '106321' ) AND ( (geval_image <> '') OR (geval_image_again <> '') ) LIMIT 1  
[2019-10-13 23:42:45] /shop/index.php?act=goods&goods_id=106368&op=comments_list ( act=goods&op=comments_list ) 
ERR: Db Error: Unknown column 'geval_image_again' in 'where clause'
SELECT COUNT(*) AS nc_count FROM `zmkj_evaluate_goods` WHERE ( geval_goodsid = '106368' ) AND ( (geval_image <> '') OR (geval_image_again <> '') ) LIMIT 1  
[2019-10-13 23:42:46] /shop/index.php?act=goods&goods_id=106285&op=comments_list ( act=goods&op=comments_list ) 
ERR: Db Error: Unknown column 'geval_image_again' in 'where clause'
SELECT COUNT(*) AS nc_count FROM `zmkj_evaluate_goods` WHERE ( geval_goodsid = '106285' ) AND ( (geval_image <> '') OR (geval_image_again <> '') ) LIMIT 1  
[2019-10-13 23:46:31] /shop/index.php?act=goods&goods_id=106282&op=comments_list ( act=goods&op=comments_list ) 
ERR: Db Error: Unknown column 'geval_image_again' in 'where clause'
SELECT COUNT(*) AS nc_count FROM `zmkj_evaluate_goods` WHERE ( geval_goodsid = '106282' ) AND ( (geval_image <> '') OR (geval_image_again <> '') ) LIMIT 1  
[2019-10-13 23:50:17] /shop/index.php?act=goods&goods_id=106284&op=comments_list ( act=goods&op=comments_list ) 
ERR: Db Error: Unknown column 'geval_image_again' in 'where clause'
SELECT COUNT(*) AS nc_count FROM `zmkj_evaluate_goods` WHERE ( geval_goodsid = '106284' ) AND ( (geval_image <> '') OR (geval_image_again <> '') ) LIMIT 1  
[2019-10-13 23:57:55] /shop/index.php?act=goods&goods_id=106313&op=comments_list ( act=goods&op=comments_list ) 
ERR: Db Error: Unknown column 'geval_image_again' in 'where clause'
SELECT COUNT(*) AS nc_count FROM `zmkj_evaluate_goods` WHERE ( geval_goodsid = '106313' ) AND ( (geval_image <> '') OR (geval_image_again <> '') ) LIMIT 1  
