[2020-01-19 01:17:34] /shop/index.php?act=goods&goods_id=108174&op=comments_list ( act=goods&op=comments_list ) 
ERR: Db Error: Unknown column 'geval_image_again' in 'where clause'
SELECT COUNT(*) AS nc_count FROM `zmkj_evaluate_goods` WHERE ( geval_goodsid = '108174' ) AND ( (geval_image <> '') OR (geval_image_again <> '') ) LIMIT 1  
[2020-01-19 01:35:39] /shop/index.php?act=goods&goods_id=103731&op=comments_list ( act=goods&op=comments_list ) 
ERR: Db Error: Unknown column 'geval_image_again' in 'where clause'
SELECT COUNT(*) AS nc_count FROM `zmkj_evaluate_goods` WHERE ( geval_goodsid = '103731' ) AND ( (geval_image <> '') OR (geval_image_again <> '') ) LIMIT 1  
[2020-01-19 01:46:12] /shop/index.php?act=goods&goods_id=102640&op=comments_list ( act=goods&op=comments_list ) 
ERR: Db Error: Unknown column 'geval_image_again' in 'where clause'
SELECT COUNT(*) AS nc_count FROM `zmkj_evaluate_goods` WHERE ( geval_goodsid = '102640' ) AND ( (geval_image <> '') OR (geval_image_again <> '') ) LIMIT 1  
[2020-01-19 02:00:36] /shop/index.php?act=goods&goods_id=108460&op=comments_list ( act=goods&op=comments_list ) 
ERR: Db Error: Unknown column 'geval_image_again' in 'where clause'
SELECT COUNT(*) AS nc_count FROM `zmkj_evaluate_goods` WHERE ( geval_goodsid = '108460' ) AND ( (geval_image <> '') OR (geval_image_again <> '') ) LIMIT 1  
[2020-01-19 02:17:41] /shop/index.php?act=goods&goods_id=108319&op=comments_list ( act=goods&op=comments_list ) 
ERR: Db Error: Unknown column 'geval_image_again' in 'where clause'
SELECT COUNT(*) AS nc_count FROM `zmkj_evaluate_goods` WHERE ( geval_goodsid = '108319' ) AND ( (geval_image <> '') OR (geval_image_again <> '') ) LIMIT 1  
[2020-01-19 02:19:26] /shop/index.php?act=goods&goods_id=107868&op=comments_list ( act=goods&op=comments_list ) 
ERR: Db Error: Unknown column 'geval_image_again' in 'where clause'
SELECT COUNT(*) AS nc_count FROM `zmkj_evaluate_goods` WHERE ( geval_goodsid = '107868' ) AND ( (geval_image <> '') OR (geval_image_again <> '') ) LIMIT 1  
[2020-01-19 02:21:48] /shop/index.php?act=goods&goods_id=111942&op=comments_list ( act=goods&op=comments_list ) 
ERR: Db Error: Unknown column 'geval_image_again' in 'where clause'
SELECT COUNT(*) AS nc_count FROM `zmkj_evaluate_goods` WHERE ( geval_goodsid = '111942' ) AND ( (geval_image <> '') OR (geval_image_again <> '') ) LIMIT 1  
[2020-01-19 02:38:31] /shop/index.php?act=goods&goods_id=107598&op=comments_list ( act=goods&op=comments_list ) 
ERR: Db Error: Unknown column 'geval_image_again' in 'where clause'
SELECT COUNT(*) AS nc_count FROM `zmkj_evaluate_goods` WHERE ( geval_goodsid = '107598' ) AND ( (geval_image <> '') OR (geval_image_again <> '') ) LIMIT 1  
[2020-01-19 02:46:38] /shop/index.php?act=goods&goods_id=104759&op=comments_list ( act=goods&op=comments_list ) 
ERR: Db Error: Unknown column 'geval_image_again' in 'where clause'
SELECT COUNT(*) AS nc_count FROM `zmkj_evaluate_goods` WHERE ( geval_goodsid = '104759' ) AND ( (geval_image <> '') OR (geval_image_again <> '') ) LIMIT 1  
[2020-01-19 02:46:54] /shop/index.php?act=goods&goods_id=105990&op=comments_list ( act=goods&op=comments_list ) 
ERR: Db Error: Unknown column 'geval_image_again' in 'where clause'
SELECT COUNT(*) AS nc_count FROM `zmkj_evaluate_goods` WHERE ( geval_goodsid = '105990' ) AND ( (geval_image <> '') OR (geval_image_again <> '') ) LIMIT 1  
[2020-01-19 03:08:36] /shop/index.php?act=goods&goods_id=108015&op=comments_list ( act=goods&op=comments_list ) 
ERR: Db Error: Unknown column 'geval_image_again' in 'where clause'
SELECT COUNT(*) AS nc_count FROM `zmkj_evaluate_goods` WHERE ( geval_goodsid = '108015' ) AND ( (geval_image <> '') OR (geval_image_again <> '') ) LIMIT 1  
[2020-01-19 03:27:44] /shop/index.php?act=goods&goods_id=101429&op=comments_list ( act=goods&op=comments_list ) 
ERR: Db Error: Unknown column 'geval_image_again' in 'where clause'
SELECT COUNT(*) AS nc_count FROM `zmkj_evaluate_goods` WHERE ( geval_goodsid = '101429' ) AND ( (geval_image <> '') OR (geval_image_again <> '') ) LIMIT 1  
[2020-01-19 03:30:33] /shop/index.php?act=goods&goods_id=107487&op=comments_list ( act=goods&op=comments_list ) 
ERR: Db Error: Unknown column 'geval_image_again' in 'where clause'
SELECT COUNT(*) AS nc_count FROM `zmkj_evaluate_goods` WHERE ( geval_goodsid = '107487' ) AND ( (geval_image <> '') OR (geval_image_again <> '') ) LIMIT 1  
[2020-01-19 03:35:43] /shop/index.php?act=goods&goods_id=107020&op=comments_list&type=2 ( act=goods&op=comments_list ) 
ERR: Db Error: Unknown column 'geval_image_again' in 'where clause'
SELECT COUNT(*) AS nc_count FROM `zmkj_evaluate_goods` WHERE ( geval_goodsid = '107020' ) AND ( (geval_image <> '') OR (geval_image_again <> '') ) LIMIT 1  
[2020-01-19 03:48:53] /shop/index.php?act=goods&goods_id=103470&op=comments_list ( act=goods&op=comments_list ) 
ERR: Db Error: Unknown column 'geval_image_again' in 'where clause'
SELECT COUNT(*) AS nc_count FROM `zmkj_evaluate_goods` WHERE ( geval_goodsid = '103470' ) AND ( (geval_image <> '') OR (geval_image_again <> '') ) LIMIT 1  
[2020-01-19 03:57:41] /shop/index.php?act=goods&goods_id=106262&op=comments_list ( act=goods&op=comments_list ) 
ERR: Db Error: Unknown column 'geval_image_again' in 'where clause'
SELECT COUNT(*) AS nc_count FROM `zmkj_evaluate_goods` WHERE ( geval_goodsid = '106262' ) AND ( (geval_image <> '') OR (geval_image_again <> '') ) LIMIT 1  
[2020-01-19 04:06:23] /shop/index.php?act=goods&goods_id=107890&op=comments_list ( act=goods&op=comments_list ) 
ERR: Db Error: Unknown column 'geval_image_again' in 'where clause'
SELECT COUNT(*) AS nc_count FROM `zmkj_evaluate_goods` WHERE ( geval_goodsid = '107890' ) AND ( (geval_image <> '') OR (geval_image_again <> '') ) LIMIT 1  
[2020-01-19 04:06:23] /shop/index.php?act=goods&goods_id=101177&op=comments_list&type=3 ( act=goods&op=comments_list ) 
ERR: Db Error: Unknown column 'geval_image_again' in 'where clause'
SELECT COUNT(*) AS nc_count FROM `zmkj_evaluate_goods` WHERE ( geval_goodsid = '101177' ) AND ( (geval_image <> '') OR (geval_image_again <> '') ) LIMIT 1  
[2020-01-19 04:13:21] /shop/index.php?act=goods&goods_id=102003&op=comments_list ( act=goods&op=comments_list ) 
ERR: Db Error: Unknown column 'geval_image_again' in 'where clause'
SELECT COUNT(*) AS nc_count FROM `zmkj_evaluate_goods` WHERE ( geval_goodsid = '102003' ) AND ( (geval_image <> '') OR (geval_image_again <> '') ) LIMIT 1  
[2020-01-19 04:13:23] /shop/index.php?act=goods&goods_id=108173&op=comments_list ( act=goods&op=comments_list ) 
ERR: Db Error: Unknown column 'geval_image_again' in 'where clause'
SELECT COUNT(*) AS nc_count FROM `zmkj_evaluate_goods` WHERE ( geval_goodsid = '108173' ) AND ( (geval_image <> '') OR (geval_image_again <> '') ) LIMIT 1  
[2020-01-19 04:23:14] /shop/index.php?act=goods&goods_id=106272&op=comments_list ( act=goods&op=comments_list ) 
ERR: Db Error: Unknown column 'geval_image_again' in 'where clause'
SELECT COUNT(*) AS nc_count FROM `zmkj_evaluate_goods` WHERE ( geval_goodsid = '106272' ) AND ( (geval_image <> '') OR (geval_image_again <> '') ) LIMIT 1  
[2020-01-19 04:25:54] /shop/index.php?act=goods&goods_id=100658&op=comments_list ( act=goods&op=comments_list ) 
ERR: Db Error: Unknown column 'geval_image_again' in 'where clause'
SELECT COUNT(*) AS nc_count FROM `zmkj_evaluate_goods` WHERE ( geval_goodsid = '100658' ) AND ( (geval_image <> '') OR (geval_image_again <> '') ) LIMIT 1  
[2020-01-19 04:25:56] /shop/index.php?act=goods&goods_id=102037&op=comments_list ( act=goods&op=comments_list ) 
ERR: Db Error: Unknown column 'geval_image_again' in 'where clause'
SELECT COUNT(*) AS nc_count FROM `zmkj_evaluate_goods` WHERE ( geval_goodsid = '102037' ) AND ( (geval_image <> '') OR (geval_image_again <> '') ) LIMIT 1  
[2020-01-19 05:19:28] /shop/index.php?act=goods&op=comments_list&goods_id=113415 ( act=goods&op=comments_list ) 
ERR: Db Error: Unknown column 'geval_image_again' in 'where clause'
SELECT COUNT(*) AS nc_count FROM `zmkj_evaluate_goods` WHERE ( geval_goodsid = '113415' ) AND ( (geval_image <> '') OR (geval_image_again <> '') ) LIMIT 1  
[2020-01-19 05:29:20] /shop/index.php?act=goods&goods_id=106699&op=comments_list ( act=goods&op=comments_list ) 
ERR: Db Error: Unknown column 'geval_image_again' in 'where clause'
SELECT COUNT(*) AS nc_count FROM `zmkj_evaluate_goods` WHERE ( geval_goodsid = '106699' ) AND ( (geval_image <> '') OR (geval_image_again <> '') ) LIMIT 1  
[2020-01-19 05:30:15] /shop/index.php?act=goods&goods_id=108080&op=comments_list ( act=goods&op=comments_list ) 
ERR: Db Error: Unknown column 'geval_image_again' in 'where clause'
SELECT COUNT(*) AS nc_count FROM `zmkj_evaluate_goods` WHERE ( geval_goodsid = '108080' ) AND ( (geval_image <> '') OR (geval_image_again <> '') ) LIMIT 1  
[2020-01-19 09:29:07] /shop/index.php?act=goods&op=comments_list&goods_id=113410 ( act=goods&op=comments_list ) 
ERR: Db Error: Unknown column 'geval_image_again' in 'where clause'
SELECT COUNT(*) AS nc_count FROM `zmkj_evaluate_goods` WHERE ( geval_goodsid = '113410' ) AND ( (geval_image <> '') OR (geval_image_again <> '') ) LIMIT 1  
[2020-01-19 10:56:21] /shop/index.php?act=goods&op=comments_list&goods_id=112599 ( act=goods&op=comments_list ) 
ERR: Db Error: Unknown column 'geval_image_again' in 'where clause'
SELECT COUNT(*) AS nc_count FROM `zmkj_evaluate_goods` WHERE ( geval_goodsid = '112599' ) AND ( (geval_image <> '') OR (geval_image_again <> '') ) LIMIT 1  
[2020-01-19 18:49:02] /shop/index.php?act=goods&op=comments_list&goods_id=102675 ( act=goods&op=comments_list ) 
ERR: Db Error: Unknown column 'geval_image_again' in 'where clause'
SELECT COUNT(*) AS nc_count FROM `zmkj_evaluate_goods` WHERE ( geval_goodsid = '102675' ) AND ( (geval_image <> '') OR (geval_image_again <> '') ) LIMIT 1  
[2020-01-19 18:49:07] /shop/index.php?act=goods&op=comments_list&goods_id=103130 ( act=goods&op=comments_list ) 
ERR: Db Error: Unknown column 'geval_image_again' in 'where clause'
SELECT COUNT(*) AS nc_count FROM `zmkj_evaluate_goods` WHERE ( geval_goodsid = '103130' ) AND ( (geval_image <> '') OR (geval_image_again <> '') ) LIMIT 1  
[2020-01-19 18:50:35] /shop/index.php?act=goods&op=comments_list&goods_id=103806 ( act=goods&op=comments_list ) 
ERR: Db Error: Unknown column 'geval_image_again' in 'where clause'
SELECT COUNT(*) AS nc_count FROM `zmkj_evaluate_goods` WHERE ( geval_goodsid = '103806' ) AND ( (geval_image <> '') OR (geval_image_again <> '') ) LIMIT 1  
[2020-01-19 18:50:49] /shop/index.php?act=goods&op=comments_list&goods_id=109689 ( act=goods&op=comments_list ) 
ERR: Db Error: Unknown column 'geval_image_again' in 'where clause'
SELECT COUNT(*) AS nc_count FROM `zmkj_evaluate_goods` WHERE ( geval_goodsid = '109689' ) AND ( (geval_image <> '') OR (geval_image_again <> '') ) LIMIT 1  
[2020-01-19 18:50:58] /shop/index.php?act=goods&op=comments_list&goods_id=110726 ( act=goods&op=comments_list ) 
ERR: Db Error: Unknown column 'geval_image_again' in 'where clause'
SELECT COUNT(*) AS nc_count FROM `zmkj_evaluate_goods` WHERE ( geval_goodsid = '110726' ) AND ( (geval_image <> '') OR (geval_image_again <> '') ) LIMIT 1  
