[2020-04-05 05:23:18] /shop/index.php?act=goods&op=comments_list&goods_id=105609 ( act=goods&op=comments_list ) 
ERR: Db Error: Unknown column 'geval_image_again' in 'where clause'
SELECT COUNT(*) AS nc_count FROM `zmkj_evaluate_goods` WHERE ( geval_goodsid = '105609' ) AND ( (geval_image <> '') OR (geval_image_again <> '') ) LIMIT 1  
[2020-04-05 06:46:23] /shop/index.php?act=goods&op=comments_list&goods_id=111373 ( act=goods&op=comments_list ) 
ERR: Db Error: Unknown column 'geval_image_again' in 'where clause'
SELECT COUNT(*) AS nc_count FROM `zmkj_evaluate_goods` WHERE ( geval_goodsid = '111373' ) AND ( (geval_image <> '') OR (geval_image_again <> '') ) LIMIT 1  
[2020-04-05 07:14:04] /shop/index.php?act=goods&op=comments_list&goods_id=111340 ( act=goods&op=comments_list ) 
ERR: Db Error: Unknown column 'geval_image_again' in 'where clause'
SELECT COUNT(*) AS nc_count FROM `zmkj_evaluate_goods` WHERE ( geval_goodsid = '111340' ) AND ( (geval_image <> '') OR (geval_image_again <> '') ) LIMIT 1  
[2020-04-05 11:13:29] /shop/index.php?act=goods&goods_id=101224&op=comments_list ( act=goods&op=comments_list ) 
ERR: Db Error: Unknown column 'geval_image_again' in 'where clause'
SELECT COUNT(*) AS nc_count FROM `zmkj_evaluate_goods` WHERE ( geval_goodsid = '101224' ) AND ( (geval_image <> '') OR (geval_image_again <> '') ) LIMIT 1  
[2020-04-05 12:22:01] /shop/index.php?act=goods&goods_id=102374&op=comments_list ( act=goods&op=comments_list ) 
ERR: Db Error: Unknown column 'geval_image_again' in 'where clause'
SELECT COUNT(*) AS nc_count FROM `zmkj_evaluate_goods` WHERE ( geval_goodsid = '102374' ) AND ( (geval_image <> '') OR (geval_image_again <> '') ) LIMIT 1  
[2020-04-05 13:46:54] /shop/index.php?act=goods&goods_id=101941&op=comments_list&type=3 ( act=goods&op=comments_list ) 
ERR: Db Error: Unknown column 'geval_image_again' in 'where clause'
SELECT COUNT(*) AS nc_count FROM `zmkj_evaluate_goods` WHERE ( geval_goodsid = '101941' ) AND ( (geval_image <> '') OR (geval_image_again <> '') ) LIMIT 1  
[2020-04-05 18:14:32] /shop/index.php?act=goods&op=comments_list&goods_id=110613 ( act=goods&op=comments_list ) 
ERR: Db Error: Unknown column 'geval_image_again' in 'where clause'
SELECT COUNT(*) AS nc_count FROM `zmkj_evaluate_goods` WHERE ( geval_goodsid = '110613' ) AND ( (geval_image <> '') OR (geval_image_again <> '') ) LIMIT 1  
[2020-04-05 21:56:09] /shop/index.php?act=goods&op=comments_list&goods_id=111246 ( act=goods&op=comments_list ) 
ERR: Db Error: Unknown column 'geval_image_again' in 'where clause'
SELECT COUNT(*) AS nc_count FROM `zmkj_evaluate_goods` WHERE ( geval_goodsid = '111246' ) AND ( (geval_image <> '') OR (geval_image_again <> '') ) LIMIT 1  
