[2020-03-20 00:16:08] /shop/index.php?act=goods&op=comments_list&goods_id=107478&type=1 ( act=goods&op=comments_list ) 
ERR: Db Error: Unknown column 'geval_image_again' in 'where clause'
SELECT COUNT(*) AS nc_count FROM `zmkj_evaluate_goods` WHERE ( geval_goodsid = '107478' ) AND ( (geval_image <> '') OR (geval_image_again <> '') ) LIMIT 1  
[2020-03-20 01:39:12] /shop/index.php?act=goods&op=comments_list&goods_id=108024 ( act=goods&op=comments_list ) 
ERR: Db Error: Unknown column 'geval_image_again' in 'where clause'
SELECT COUNT(*) AS nc_count FROM `zmkj_evaluate_goods` WHERE ( geval_goodsid = '108024' ) AND ( (geval_image <> '') OR (geval_image_again <> '') ) LIMIT 1  
[2020-03-20 06:09:54] /shop/index.php?act=goods&op=comments_list&goods_id=100747 ( act=goods&op=comments_list ) 
ERR: Db Error: Unknown column 'geval_image_again' in 'where clause'
SELECT COUNT(*) AS nc_count FROM `zmkj_evaluate_goods` WHERE ( geval_goodsid = '100747' ) AND ( (geval_image <> '') OR (geval_image_again <> '') ) LIMIT 1  
[2020-03-20 06:20:33] /shop/index.php?act=goods&op=comments_list&goods_id=111361 ( act=goods&op=comments_list ) 
ERR: Db Error: Unknown column 'geval_image_again' in 'where clause'
SELECT COUNT(*) AS nc_count FROM `zmkj_evaluate_goods` WHERE ( geval_goodsid = '111361' ) AND ( (geval_image <> '') OR (geval_image_again <> '') ) LIMIT 1  
[2020-03-20 09:46:38] /shop/index.php?act=goods&op=comments_list&goods_id=104291 ( act=goods&op=comments_list ) 
ERR: Db Error: Unknown column 'geval_image_again' in 'where clause'
SELECT COUNT(*) AS nc_count FROM `zmkj_evaluate_goods` WHERE ( geval_goodsid = '104291' ) AND ( (geval_image <> '') OR (geval_image_again <> '') ) LIMIT 1  
[2020-03-20 12:36:28] /shop/index.php?act=goods&op=comments_list&goods_id=107153&type=1 ( act=goods&op=comments_list ) 
ERR: Db Error: Unknown column 'geval_image_again' in 'where clause'
SELECT COUNT(*) AS nc_count FROM `zmkj_evaluate_goods` WHERE ( geval_goodsid = '107153' ) AND ( (geval_image <> '') OR (geval_image_again <> '') ) LIMIT 1  
[2020-03-20 13:01:59] /shop/index.php?act=goods&op=comments_list&goods_id=107085&type=1 ( act=goods&op=comments_list ) 
ERR: Db Error: Unknown column 'geval_image_again' in 'where clause'
SELECT COUNT(*) AS nc_count FROM `zmkj_evaluate_goods` WHERE ( geval_goodsid = '107085' ) AND ( (geval_image <> '') OR (geval_image_again <> '') ) LIMIT 1  
[2020-03-20 15:12:25] /shop/index.php?act=goods&op=comments_list&goods_id=107966 ( act=goods&op=comments_list ) 
ERR: Db Error: Unknown column 'geval_image_again' in 'where clause'
SELECT COUNT(*) AS nc_count FROM `zmkj_evaluate_goods` WHERE ( geval_goodsid = '107966' ) AND ( (geval_image <> '') OR (geval_image_again <> '') ) LIMIT 1  
[2020-03-20 15:19:33] /shop/index.php?act=search&op=index&cate_id=2125 ( act=search&op=index ) 
ERR: Db Error: Unknown column 'gc_id_' in 'where clause'
SELECT count(distinct CONCAT(goods_commonid)) AS nc_count FROM `zmkj_goods` WHERE ( gc_id_ = '2125' ) AND ( goods_state = '1' ) AND ( goods_verify = '1' ) LIMIT 1  
[2020-03-20 15:24:38] /shop/index.php?act=goods&op=comments_list&goods_id=107310 ( act=goods&op=comments_list ) 
ERR: Db Error: Unknown column 'geval_image_again' in 'where clause'
SELECT COUNT(*) AS nc_count FROM `zmkj_evaluate_goods` WHERE ( geval_goodsid = '107310' ) AND ( (geval_image <> '') OR (geval_image_again <> '') ) LIMIT 1  
[2020-03-20 15:28:03] /shop/index.php?act=goods&op=comments_list&goods_id=110348&type=2 ( act=goods&op=comments_list ) 
ERR: Db Error: Unknown column 'geval_image_again' in 'where clause'
SELECT COUNT(*) AS nc_count FROM `zmkj_evaluate_goods` WHERE ( geval_goodsid = '110348' ) AND ( (geval_image <> '') OR (geval_image_again <> '') ) LIMIT 1  
[2020-03-20 16:17:48] /shop/index.php?act=goods&op=comments_list&goods_id=101260 ( act=goods&op=comments_list ) 
ERR: Db Error: Unknown column 'geval_image_again' in 'where clause'
SELECT COUNT(*) AS nc_count FROM `zmkj_evaluate_goods` WHERE ( geval_goodsid = '101260' ) AND ( (geval_image <> '') OR (geval_image_again <> '') ) LIMIT 1  
[2020-03-20 16:47:12] /shop/index.php?act=goods&op=comments_list&goods_id=111300&type=2 ( act=goods&op=comments_list ) 
ERR: Db Error: Unknown column 'geval_image_again' in 'where clause'
SELECT COUNT(*) AS nc_count FROM `zmkj_evaluate_goods` WHERE ( geval_goodsid = '111300' ) AND ( (geval_image <> '') OR (geval_image_again <> '') ) LIMIT 1  
[2020-03-20 16:51:25] /shop/index.php?act=goods&op=comments_list&goods_id=112106 ( act=goods&op=comments_list ) 
ERR: Db Error: Unknown column 'geval_image_again' in 'where clause'
SELECT COUNT(*) AS nc_count FROM `zmkj_evaluate_goods` WHERE ( geval_goodsid = '112106' ) AND ( (geval_image <> '') OR (geval_image_again <> '') ) LIMIT 1  
[2020-03-20 17:33:27] /shop/index.php?act=goods&op=comments_list&goods_id=110613 ( act=goods&op=comments_list ) 
ERR: Db Error: Unknown column 'geval_image_again' in 'where clause'
SELECT COUNT(*) AS nc_count FROM `zmkj_evaluate_goods` WHERE ( geval_goodsid = '110613' ) AND ( (geval_image <> '') OR (geval_image_again <> '') ) LIMIT 1  
[2020-03-20 20:03:11] /shop/index.php?act=goods&op=comments_list&goods_id=110867&type=1 ( act=goods&op=comments_list ) 
ERR: Db Error: Unknown column 'geval_image_again' in 'where clause'
SELECT COUNT(*) AS nc_count FROM `zmkj_evaluate_goods` WHERE ( geval_goodsid = '110867' ) AND ( (geval_image <> '') OR (geval_image_again <> '') ) LIMIT 1  
[2020-03-20 20:06:22] /shop/index.php?act=goods&op=comments_list&goods_id=108295&type=2 ( act=goods&op=comments_list ) 
ERR: Db Error: Unknown column 'geval_image_again' in 'where clause'
SELECT COUNT(*) AS nc_count FROM `zmkj_evaluate_goods` WHERE ( geval_goodsid = '108295' ) AND ( (geval_image <> '') OR (geval_image_again <> '') ) LIMIT 1  
[2020-03-20 21:53:36] /shop/index.php?act=goods&op=comments_list&goods_id=102214 ( act=goods&op=comments_list ) 
ERR: Db Error: Unknown column 'geval_image_again' in 'where clause'
SELECT COUNT(*) AS nc_count FROM `zmkj_evaluate_goods` WHERE ( geval_goodsid = '102214' ) AND ( (geval_image <> '') OR (geval_image_again <> '') ) LIMIT 1  
