[2020-03-25 00:08:25] /shop/index.php?act=goods&op=comments_list&goods_id=111847 ( act=goods&op=comments_list ) 
ERR: Db Error: Unknown column 'geval_image_again' in 'where clause'
SELECT COUNT(*) AS nc_count FROM `zmkj_evaluate_goods` WHERE ( geval_goodsid = '111847' ) AND ( (geval_image <> '') OR (geval_image_again <> '') ) LIMIT 1  
[2020-03-25 02:52:34] /shop/index.php?act=goods&op=comments_list&goods_id=108783 ( act=goods&op=comments_list ) 
ERR: Db Error: Unknown column 'geval_image_again' in 'where clause'
SELECT COUNT(*) AS nc_count FROM `zmkj_evaluate_goods` WHERE ( geval_goodsid = '108783' ) AND ( (geval_image <> '') OR (geval_image_again <> '') ) LIMIT 1  
[2020-03-25 03:56:55] /shop/index.php?act=goods&op=comments_list&goods_id=111611 ( act=goods&op=comments_list ) 
ERR: Db Error: Unknown column 'geval_image_again' in 'where clause'
SELECT COUNT(*) AS nc_count FROM `zmkj_evaluate_goods` WHERE ( geval_goodsid = '111611' ) AND ( (geval_image <> '') OR (geval_image_again <> '') ) LIMIT 1  
[2020-03-25 05:05:41] /shop/index.php?act=goods&op=comments_list&goods_id=109834 ( act=goods&op=comments_list ) 
ERR: Db Error: Unknown column 'geval_image_again' in 'where clause'
SELECT COUNT(*) AS nc_count FROM `zmkj_evaluate_goods` WHERE ( geval_goodsid = '109834' ) AND ( (geval_image <> '') OR (geval_image_again <> '') ) LIMIT 1  
[2020-03-25 06:42:20] /shop/index.php?act=goods&op=comments_list&goods_id=111246 ( act=goods&op=comments_list ) 
ERR: Db Error: Unknown column 'geval_image_again' in 'where clause'
SELECT COUNT(*) AS nc_count FROM `zmkj_evaluate_goods` WHERE ( geval_goodsid = '111246' ) AND ( (geval_image <> '') OR (geval_image_again <> '') ) LIMIT 1  
[2020-03-25 07:39:42] /shop/index.php?act=goods&op=comments_list&goods_id=112102 ( act=goods&op=comments_list ) 
ERR: Db Error: Unknown column 'geval_image_again' in 'where clause'
SELECT COUNT(*) AS nc_count FROM `zmkj_evaluate_goods` WHERE ( geval_goodsid = '112102' ) AND ( (geval_image <> '') OR (geval_image_again <> '') ) LIMIT 1  
[2020-03-25 09:01:31] /shop/index.php?act=goods&op=comments_list&goods_id=109836 ( act=goods&op=comments_list ) 
ERR: Db Error: Unknown column 'geval_image_again' in 'where clause'
SELECT COUNT(*) AS nc_count FROM `zmkj_evaluate_goods` WHERE ( geval_goodsid = '109836' ) AND ( (geval_image <> '') OR (geval_image_again <> '') ) LIMIT 1  
[2020-03-25 09:21:09] /shop/index.php?act=hot_sale&op=index ( act=hot_sale&op=index ) 
ERR: Db Error: You have an error in your SQL syntax; check the manual that corresponds to your MySQL server version for the right syntax to use near ') and goods_state=1' at line 1
select * from zmkj_goods where goods_id in () and goods_state=1
[2020-03-25 09:21:09] /shop/index.php?act=hot_sale&op=index ( act=hot_sale&op=index ) 
ERR: Db Error: You have an error in your SQL syntax; check the manual that corresponds to your MySQL server version for the right syntax to use near '' at line 1
select `member_id` from zmkj_store where store_id = 
[2020-03-25 10:11:22] /shop/index.php?act=goods&op=comments_list&goods_id=111851 ( act=goods&op=comments_list ) 
ERR: Db Error: Unknown column 'geval_image_again' in 'where clause'
SELECT COUNT(*) AS nc_count FROM `zmkj_evaluate_goods` WHERE ( geval_goodsid = '111851' ) AND ( (geval_image <> '') OR (geval_image_again <> '') ) LIMIT 1  
[2020-03-25 10:17:30] /shop/index.php?act=goods&op=comments_list&goods_id=112004&type=2 ( act=goods&op=comments_list ) 
ERR: Db Error: Unknown column 'geval_image_again' in 'where clause'
SELECT COUNT(*) AS nc_count FROM `zmkj_evaluate_goods` WHERE ( geval_goodsid = '112004' ) AND ( (geval_image <> '') OR (geval_image_again <> '') ) LIMIT 1  
[2020-03-25 10:35:33] /shop/index.php?act=goods&op=comments_list&goods_id=107179 ( act=goods&op=comments_list ) 
ERR: Db Error: Unknown column 'geval_image_again' in 'where clause'
SELECT COUNT(*) AS nc_count FROM `zmkj_evaluate_goods` WHERE ( geval_goodsid = '107179' ) AND ( (geval_image <> '') OR (geval_image_again <> '') ) LIMIT 1  
[2020-03-25 10:56:25] /shop/index.php?act=goods&op=comments_list&goods_id=110802&type=1 ( act=goods&op=comments_list ) 
ERR: Db Error: Unknown column 'geval_image_again' in 'where clause'
SELECT COUNT(*) AS nc_count FROM `zmkj_evaluate_goods` WHERE ( geval_goodsid = '110802' ) AND ( (geval_image <> '') OR (geval_image_again <> '') ) LIMIT 1  
[2020-03-25 12:47:12] /shop/index.php?act=goods&op=comments_list&goods_id=108574 ( act=goods&op=comments_list ) 
ERR: Db Error: Unknown column 'geval_image_again' in 'where clause'
SELECT COUNT(*) AS nc_count FROM `zmkj_evaluate_goods` WHERE ( geval_goodsid = '108574' ) AND ( (geval_image <> '') OR (geval_image_again <> '') ) LIMIT 1  
[2020-03-25 15:24:53] /shop/index.php?act=goods&op=comments_list&goods_id=111375 ( act=goods&op=comments_list ) 
ERR: Db Error: Unknown column 'geval_image_again' in 'where clause'
SELECT COUNT(*) AS nc_count FROM `zmkj_evaluate_goods` WHERE ( geval_goodsid = '111375' ) AND ( (geval_image <> '') OR (geval_image_again <> '') ) LIMIT 1  
[2020-03-25 17:30:41] /shop/index.php?act=goods&op=comments_list&goods_id=105515 ( act=goods&op=comments_list ) 
ERR: Db Error: Unknown column 'geval_image_again' in 'where clause'
SELECT COUNT(*) AS nc_count FROM `zmkj_evaluate_goods` WHERE ( geval_goodsid = '105515' ) AND ( (geval_image <> '') OR (geval_image_again <> '') ) LIMIT 1  
[2020-03-25 18:02:06] /shop/index.php?act=goods&op=comments_list&goods_id=109632 ( act=goods&op=comments_list ) 
ERR: Db Error: Unknown column 'geval_image_again' in 'where clause'
SELECT COUNT(*) AS nc_count FROM `zmkj_evaluate_goods` WHERE ( geval_goodsid = '109632' ) AND ( (geval_image <> '') OR (geval_image_again <> '') ) LIMIT 1  
[2020-03-25 18:11:14] /shop/index.php?act=goods&op=comments_list&goods_id=112574 ( act=goods&op=comments_list ) 
ERR: Db Error: Unknown column 'geval_image_again' in 'where clause'
SELECT COUNT(*) AS nc_count FROM `zmkj_evaluate_goods` WHERE ( geval_goodsid = '112574' ) AND ( (geval_image <> '') OR (geval_image_again <> '') ) LIMIT 1  
[2020-03-25 19:08:04] /shop/index.php?act=goods&op=comments_list&goods_id=109283 ( act=goods&op=comments_list ) 
ERR: Db Error: Unknown column 'geval_image_again' in 'where clause'
SELECT COUNT(*) AS nc_count FROM `zmkj_evaluate_goods` WHERE ( geval_goodsid = '109283' ) AND ( (geval_image <> '') OR (geval_image_again <> '') ) LIMIT 1  
[2020-03-25 20:17:46] /shop/index.php?act=goods&op=comments_list&goods_id=112557 ( act=goods&op=comments_list ) 
ERR: Db Error: Unknown column 'geval_image_again' in 'where clause'
SELECT COUNT(*) AS nc_count FROM `zmkj_evaluate_goods` WHERE ( geval_goodsid = '112557' ) AND ( (geval_image <> '') OR (geval_image_again <> '') ) LIMIT 1  
[2020-03-25 21:18:00] /shop/index.php?act=goods&op=comments_list&goods_id=102330&type=2 ( act=goods&op=comments_list ) 
ERR: Db Error: Unknown column 'geval_image_again' in 'where clause'
SELECT COUNT(*) AS nc_count FROM `zmkj_evaluate_goods` WHERE ( geval_goodsid = '102330' ) AND ( (geval_image <> '') OR (geval_image_again <> '') ) LIMIT 1  
[2020-03-25 21:37:53] /shop/index.php?act=goods&op=comments_list&goods_id=111613 ( act=goods&op=comments_list ) 
ERR: Db Error: Unknown column 'geval_image_again' in 'where clause'
SELECT COUNT(*) AS nc_count FROM `zmkj_evaluate_goods` WHERE ( geval_goodsid = '111613' ) AND ( (geval_image <> '') OR (geval_image_again <> '') ) LIMIT 1  
