[2020-02-05 01:30:56] /shop/index.php?act=goods&goods_id=107636&op=comments_list ( act=goods&op=comments_list ) 
ERR: Db Error: Unknown column 'geval_image_again' in 'where clause'
SELECT COUNT(*) AS nc_count FROM `zmkj_evaluate_goods` WHERE ( geval_goodsid = '107636' ) AND ( (geval_image <> '') OR (geval_image_again <> '') ) LIMIT 1  
[2020-02-05 01:35:12] /shop/index.php?act=goods&goods_id=104448&op=comments_list ( act=goods&op=comments_list ) 
ERR: Db Error: Unknown column 'geval_image_again' in 'where clause'
SELECT COUNT(*) AS nc_count FROM `zmkj_evaluate_goods` WHERE ( geval_goodsid = '104448' ) AND ( (geval_image <> '') OR (geval_image_again <> '') ) LIMIT 1  
[2020-02-05 01:36:09] /shop/index.php?act=goods&goods_id=106551&op=comments_list ( act=goods&op=comments_list ) 
ERR: Db Error: Unknown column 'geval_image_again' in 'where clause'
SELECT COUNT(*) AS nc_count FROM `zmkj_evaluate_goods` WHERE ( geval_goodsid = '106551' ) AND ( (geval_image <> '') OR (geval_image_again <> '') ) LIMIT 1  
[2020-02-05 01:37:39] /shop/index.php?act=goods&goods_id=107405&op=comments_list ( act=goods&op=comments_list ) 
ERR: Db Error: Unknown column 'geval_image_again' in 'where clause'
SELECT COUNT(*) AS nc_count FROM `zmkj_evaluate_goods` WHERE ( geval_goodsid = '107405' ) AND ( (geval_image <> '') OR (geval_image_again <> '') ) LIMIT 1  
[2020-02-05 01:47:01] /shop/index.php?act=goods&goods_id=106334&op=comments_list ( act=goods&op=comments_list ) 
ERR: Db Error: Unknown column 'geval_image_again' in 'where clause'
SELECT COUNT(*) AS nc_count FROM `zmkj_evaluate_goods` WHERE ( geval_goodsid = '106334' ) AND ( (geval_image <> '') OR (geval_image_again <> '') ) LIMIT 1  
[2020-02-05 01:51:30] /shop/index.php?act=goods&goods_id=103587&op=comments_list&type=1 ( act=goods&op=comments_list ) 
ERR: Db Error: Unknown column 'geval_image_again' in 'where clause'
SELECT COUNT(*) AS nc_count FROM `zmkj_evaluate_goods` WHERE ( geval_goodsid = '103587' ) AND ( (geval_image <> '') OR (geval_image_again <> '') ) LIMIT 1  
[2020-02-05 02:13:18] /shop/index.php?act=goods&goods_id=105660&op=comments_list ( act=goods&op=comments_list ) 
ERR: Db Error: Unknown column 'geval_image_again' in 'where clause'
SELECT COUNT(*) AS nc_count FROM `zmkj_evaluate_goods` WHERE ( geval_goodsid = '105660' ) AND ( (geval_image <> '') OR (geval_image_again <> '') ) LIMIT 1  
[2020-02-05 02:14:18] /shop/index.php?act=goods&goods_id=102885&op=comments_list ( act=goods&op=comments_list ) 
ERR: Db Error: Unknown column 'geval_image_again' in 'where clause'
SELECT COUNT(*) AS nc_count FROM `zmkj_evaluate_goods` WHERE ( geval_goodsid = '102885' ) AND ( (geval_image <> '') OR (geval_image_again <> '') ) LIMIT 1  
[2020-02-05 02:15:26] /shop/index.php?act=goods&goods_id=108470&op=comments_list ( act=goods&op=comments_list ) 
ERR: Db Error: Unknown column 'geval_image_again' in 'where clause'
SELECT COUNT(*) AS nc_count FROM `zmkj_evaluate_goods` WHERE ( geval_goodsid = '108470' ) AND ( (geval_image <> '') OR (geval_image_again <> '') ) LIMIT 1  
[2020-02-05 02:16:08] /shop/index.php?act=goods&goods_id=108476&op=comments_list ( act=goods&op=comments_list ) 
ERR: Db Error: Unknown column 'geval_image_again' in 'where clause'
SELECT COUNT(*) AS nc_count FROM `zmkj_evaluate_goods` WHERE ( geval_goodsid = '108476' ) AND ( (geval_image <> '') OR (geval_image_again <> '') ) LIMIT 1  
[2020-02-05 02:16:23] /shop/index.php?act=goods&goods_id=101235&op=comments_list ( act=goods&op=comments_list ) 
ERR: Db Error: Unknown column 'geval_image_again' in 'where clause'
SELECT COUNT(*) AS nc_count FROM `zmkj_evaluate_goods` WHERE ( geval_goodsid = '101235' ) AND ( (geval_image <> '') OR (geval_image_again <> '') ) LIMIT 1  
[2020-02-05 02:25:28] /shop/index.php?act=goods&goods_id=103898&op=comments_list ( act=goods&op=comments_list ) 
ERR: Db Error: Unknown column 'geval_image_again' in 'where clause'
SELECT COUNT(*) AS nc_count FROM `zmkj_evaluate_goods` WHERE ( geval_goodsid = '103898' ) AND ( (geval_image <> '') OR (geval_image_again <> '') ) LIMIT 1  
[2020-02-05 02:38:53] /shop/index.php?act=goods&goods_id=101959&op=comments_list ( act=goods&op=comments_list ) 
ERR: Db Error: Unknown column 'geval_image_again' in 'where clause'
SELECT COUNT(*) AS nc_count FROM `zmkj_evaluate_goods` WHERE ( geval_goodsid = '101959' ) AND ( (geval_image <> '') OR (geval_image_again <> '') ) LIMIT 1  
[2020-02-05 02:38:55] /shop/index.php?act=goods&goods_id=108073&op=comments_list ( act=goods&op=comments_list ) 
ERR: Db Error: Unknown column 'geval_image_again' in 'where clause'
SELECT COUNT(*) AS nc_count FROM `zmkj_evaluate_goods` WHERE ( geval_goodsid = '108073' ) AND ( (geval_image <> '') OR (geval_image_again <> '') ) LIMIT 1  
[2020-02-05 02:43:06] /shop/index.php?act=goods&goods_id=100541&op=comments_list&type=2 ( act=goods&op=comments_list ) 
ERR: Db Error: Unknown column 'geval_image_again' in 'where clause'
SELECT COUNT(*) AS nc_count FROM `zmkj_evaluate_goods` WHERE ( geval_goodsid = '100541' ) AND ( (geval_image <> '') OR (geval_image_again <> '') ) LIMIT 1  
[2020-02-05 02:47:16] /shop/index.php?act=goods&goods_id=106737&op=comments_list ( act=goods&op=comments_list ) 
ERR: Db Error: Unknown column 'geval_image_again' in 'where clause'
SELECT COUNT(*) AS nc_count FROM `zmkj_evaluate_goods` WHERE ( geval_goodsid = '106737' ) AND ( (geval_image <> '') OR (geval_image_again <> '') ) LIMIT 1  
[2020-02-05 02:47:43] /shop/index.php?act=goods&goods_id=101380&op=comments_list ( act=goods&op=comments_list ) 
ERR: Db Error: Unknown column 'geval_image_again' in 'where clause'
SELECT COUNT(*) AS nc_count FROM `zmkj_evaluate_goods` WHERE ( geval_goodsid = '101380' ) AND ( (geval_image <> '') OR (geval_image_again <> '') ) LIMIT 1  
[2020-02-05 02:48:18] /shop/index.php?act=goods&goods_id=107917&op=comments_list ( act=goods&op=comments_list ) 
ERR: Db Error: Unknown column 'geval_image_again' in 'where clause'
SELECT COUNT(*) AS nc_count FROM `zmkj_evaluate_goods` WHERE ( geval_goodsid = '107917' ) AND ( (geval_image <> '') OR (geval_image_again <> '') ) LIMIT 1  
[2020-02-05 02:49:50] /shop/index.php?act=goods&goods_id=106678&op=comments_list ( act=goods&op=comments_list ) 
ERR: Db Error: Unknown column 'geval_image_again' in 'where clause'
SELECT COUNT(*) AS nc_count FROM `zmkj_evaluate_goods` WHERE ( geval_goodsid = '106678' ) AND ( (geval_image <> '') OR (geval_image_again <> '') ) LIMIT 1  
[2020-02-05 03:08:01] /shop/index.php?act=goods&goods_id=106032&op=comments_list ( act=goods&op=comments_list ) 
ERR: Db Error: Unknown column 'geval_image_again' in 'where clause'
SELECT COUNT(*) AS nc_count FROM `zmkj_evaluate_goods` WHERE ( geval_goodsid = '106032' ) AND ( (geval_image <> '') OR (geval_image_again <> '') ) LIMIT 1  
[2020-02-05 03:08:01] /shop/index.php?act=goods&goods_id=106564&op=comments_list ( act=goods&op=comments_list ) 
ERR: Db Error: Unknown column 'geval_image_again' in 'where clause'
SELECT COUNT(*) AS nc_count FROM `zmkj_evaluate_goods` WHERE ( geval_goodsid = '106564' ) AND ( (geval_image <> '') OR (geval_image_again <> '') ) LIMIT 1  
[2020-02-05 03:13:12] /shop/index.php?act=goods&goods_id=107050&op=comments_list ( act=goods&op=comments_list ) 
ERR: Db Error: Unknown column 'geval_image_again' in 'where clause'
SELECT COUNT(*) AS nc_count FROM `zmkj_evaluate_goods` WHERE ( geval_goodsid = '107050' ) AND ( (geval_image <> '') OR (geval_image_again <> '') ) LIMIT 1  
[2020-02-05 03:15:00] /shop/index.php?act=goods&goods_id=108221&op=comments_list ( act=goods&op=comments_list ) 
ERR: Db Error: Unknown column 'geval_image_again' in 'where clause'
SELECT COUNT(*) AS nc_count FROM `zmkj_evaluate_goods` WHERE ( geval_goodsid = '108221' ) AND ( (geval_image <> '') OR (geval_image_again <> '') ) LIMIT 1  
[2020-02-05 03:17:17] /shop/index.php?act=goods&goods_id=107983&op=comments_list ( act=goods&op=comments_list ) 
ERR: Db Error: Unknown column 'geval_image_again' in 'where clause'
SELECT COUNT(*) AS nc_count FROM `zmkj_evaluate_goods` WHERE ( geval_goodsid = '107983' ) AND ( (geval_image <> '') OR (geval_image_again <> '') ) LIMIT 1  
[2020-02-05 03:23:16] /shop/index.php?act=goods&goods_id=107060&op=comments_list ( act=goods&op=comments_list ) 
ERR: Db Error: Unknown column 'geval_image_again' in 'where clause'
SELECT COUNT(*) AS nc_count FROM `zmkj_evaluate_goods` WHERE ( geval_goodsid = '107060' ) AND ( (geval_image <> '') OR (geval_image_again <> '') ) LIMIT 1  
[2020-02-05 03:25:36] /shop/index.php?act=goods&goods_id=108455&op=comments_list ( act=goods&op=comments_list ) 
ERR: Db Error: Unknown column 'geval_image_again' in 'where clause'
SELECT COUNT(*) AS nc_count FROM `zmkj_evaluate_goods` WHERE ( geval_goodsid = '108455' ) AND ( (geval_image <> '') OR (geval_image_again <> '') ) LIMIT 1  
[2020-02-05 03:48:38] /shop/index.php?act=goods&goods_id=102551&op=comments_list ( act=goods&op=comments_list ) 
ERR: Db Error: Unknown column 'geval_image_again' in 'where clause'
SELECT COUNT(*) AS nc_count FROM `zmkj_evaluate_goods` WHERE ( geval_goodsid = '102551' ) AND ( (geval_image <> '') OR (geval_image_again <> '') ) LIMIT 1  
[2020-02-05 03:52:16] /shop/index.php?act=goods&goods_id=103019&op=comments_list ( act=goods&op=comments_list ) 
ERR: Db Error: Unknown column 'geval_image_again' in 'where clause'
SELECT COUNT(*) AS nc_count FROM `zmkj_evaluate_goods` WHERE ( geval_goodsid = '103019' ) AND ( (geval_image <> '') OR (geval_image_again <> '') ) LIMIT 1  
[2020-02-05 03:57:35] /shop/index.php?act=goods&op=comments_list&goods_id=110699 ( act=goods&op=comments_list ) 
ERR: Db Error: Unknown column 'geval_image_again' in 'where clause'
SELECT COUNT(*) AS nc_count FROM `zmkj_evaluate_goods` WHERE ( geval_goodsid = '110699' ) AND ( (geval_image <> '') OR (geval_image_again <> '') ) LIMIT 1  
[2020-02-05 03:59:00] /shop/index.php?act=goods&goods_id=103888&op=comments_list ( act=goods&op=comments_list ) 
ERR: Db Error: Unknown column 'geval_image_again' in 'where clause'
SELECT COUNT(*) AS nc_count FROM `zmkj_evaluate_goods` WHERE ( geval_goodsid = '103888' ) AND ( (geval_image <> '') OR (geval_image_again <> '') ) LIMIT 1  
[2020-02-05 04:00:46] /shop/index.php?act=goods&goods_id=105502&op=comments_list ( act=goods&op=comments_list ) 
ERR: Db Error: Unknown column 'geval_image_again' in 'where clause'
SELECT COUNT(*) AS nc_count FROM `zmkj_evaluate_goods` WHERE ( geval_goodsid = '105502' ) AND ( (geval_image <> '') OR (geval_image_again <> '') ) LIMIT 1  
[2020-02-05 04:21:10] /shop/index.php?act=goods&goods_id=104181&op=comments_list ( act=goods&op=comments_list ) 
ERR: Db Error: Unknown column 'geval_image_again' in 'where clause'
SELECT COUNT(*) AS nc_count FROM `zmkj_evaluate_goods` WHERE ( geval_goodsid = '104181' ) AND ( (geval_image <> '') OR (geval_image_again <> '') ) LIMIT 1  
[2020-02-05 06:38:44] /shop/index.php?act=goods&op=comments_list&goods_id=103580 ( act=goods&op=comments_list ) 
ERR: Db Error: Unknown column 'geval_image_again' in 'where clause'
SELECT COUNT(*) AS nc_count FROM `zmkj_evaluate_goods` WHERE ( geval_goodsid = '103580' ) AND ( (geval_image <> '') OR (geval_image_again <> '') ) LIMIT 1  
[2020-02-05 09:41:16] /shop/index.php?act=goods&op=comments_list&goods_id=105709 ( act=goods&op=comments_list ) 
ERR: Db Error: Unknown column 'geval_image_again' in 'where clause'
SELECT COUNT(*) AS nc_count FROM `zmkj_evaluate_goods` WHERE ( geval_goodsid = '105709' ) AND ( (geval_image <> '') OR (geval_image_again <> '') ) LIMIT 1  
[2020-02-05 10:07:29] /shop/index.php?act=goods&op=comments_list&goods_id=103662&type=1 ( act=goods&op=comments_list ) 
ERR: Db Error: Unknown column 'geval_image_again' in 'where clause'
SELECT COUNT(*) AS nc_count FROM `zmkj_evaluate_goods` WHERE ( geval_goodsid = '103662' ) AND ( (geval_image <> '') OR (geval_image_again <> '') ) LIMIT 1  
[2020-02-05 10:08:17] /shop/index.php?act=goods&op=comments_list&goods_id=103662&type=2 ( act=goods&op=comments_list ) 
ERR: Db Error: Unknown column 'geval_image_again' in 'where clause'
SELECT COUNT(*) AS nc_count FROM `zmkj_evaluate_goods` WHERE ( geval_goodsid = '103662' ) AND ( (geval_image <> '') OR (geval_image_again <> '') ) LIMIT 1  
[2020-02-05 10:09:06] /shop/index.php?act=goods&op=comments_list&goods_id=103664&type=2 ( act=goods&op=comments_list ) 
ERR: Db Error: Unknown column 'geval_image_again' in 'where clause'
SELECT COUNT(*) AS nc_count FROM `zmkj_evaluate_goods` WHERE ( geval_goodsid = '103664' ) AND ( (geval_image <> '') OR (geval_image_again <> '') ) LIMIT 1  
[2020-02-05 10:09:44] /shop/index.php?act=goods&op=comments_list&goods_id=103664&type=3 ( act=goods&op=comments_list ) 
ERR: Db Error: Unknown column 'geval_image_again' in 'where clause'
SELECT COUNT(*) AS nc_count FROM `zmkj_evaluate_goods` WHERE ( geval_goodsid = '103664' ) AND ( (geval_image <> '') OR (geval_image_again <> '') ) LIMIT 1  
[2020-02-05 10:10:26] /shop/index.php?act=goods&op=comments_list&goods_id=104291&type=1 ( act=goods&op=comments_list ) 
ERR: Db Error: Unknown column 'geval_image_again' in 'where clause'
SELECT COUNT(*) AS nc_count FROM `zmkj_evaluate_goods` WHERE ( geval_goodsid = '104291' ) AND ( (geval_image <> '') OR (geval_image_again <> '') ) LIMIT 1  
[2020-02-05 10:11:04] /shop/index.php?act=goods&op=comments_list&goods_id=104291&type=2 ( act=goods&op=comments_list ) 
ERR: Db Error: Unknown column 'geval_image_again' in 'where clause'
SELECT COUNT(*) AS nc_count FROM `zmkj_evaluate_goods` WHERE ( geval_goodsid = '104291' ) AND ( (geval_image <> '') OR (geval_image_again <> '') ) LIMIT 1  
[2020-02-05 10:11:43] /shop/index.php?act=goods&op=comments_list&goods_id=106538&type=3 ( act=goods&op=comments_list ) 
ERR: Db Error: Unknown column 'geval_image_again' in 'where clause'
SELECT COUNT(*) AS nc_count FROM `zmkj_evaluate_goods` WHERE ( geval_goodsid = '106538' ) AND ( (geval_image <> '') OR (geval_image_again <> '') ) LIMIT 1  
[2020-02-05 10:12:27] /shop/index.php?act=goods&op=comments_list&goods_id=106539&type=1 ( act=goods&op=comments_list ) 
ERR: Db Error: Unknown column 'geval_image_again' in 'where clause'
SELECT COUNT(*) AS nc_count FROM `zmkj_evaluate_goods` WHERE ( geval_goodsid = '106539' ) AND ( (geval_image <> '') OR (geval_image_again <> '') ) LIMIT 1  
[2020-02-05 10:12:58] /shop/index.php?act=goods&op=comments_list&goods_id=106539&type=3 ( act=goods&op=comments_list ) 
ERR: Db Error: Unknown column 'geval_image_again' in 'where clause'
SELECT COUNT(*) AS nc_count FROM `zmkj_evaluate_goods` WHERE ( geval_goodsid = '106539' ) AND ( (geval_image <> '') OR (geval_image_again <> '') ) LIMIT 1  
[2020-02-05 10:13:31] /shop/index.php?act=goods&op=comments_list&goods_id=106545&type=2 ( act=goods&op=comments_list ) 
ERR: Db Error: Unknown column 'geval_image_again' in 'where clause'
SELECT COUNT(*) AS nc_count FROM `zmkj_evaluate_goods` WHERE ( geval_goodsid = '106545' ) AND ( (geval_image <> '') OR (geval_image_again <> '') ) LIMIT 1  
[2020-02-05 10:14:31] /shop/index.php?act=goods&op=comments_list&goods_id=106545&type=3 ( act=goods&op=comments_list ) 
ERR: Db Error: Unknown column 'geval_image_again' in 'where clause'
SELECT COUNT(*) AS nc_count FROM `zmkj_evaluate_goods` WHERE ( geval_goodsid = '106545' ) AND ( (geval_image <> '') OR (geval_image_again <> '') ) LIMIT 1  
[2020-02-05 10:30:00] /shop/index.php?act=goods&op=comments_list&goods_id=112000&type=1 ( act=goods&op=comments_list ) 
ERR: Db Error: Unknown column 'geval_image_again' in 'where clause'
SELECT COUNT(*) AS nc_count FROM `zmkj_evaluate_goods` WHERE ( geval_goodsid = '112000' ) AND ( (geval_image <> '') OR (geval_image_again <> '') ) LIMIT 1  
[2020-02-05 10:30:32] /shop/index.php?act=goods&op=comments_list&goods_id=112000&type=2 ( act=goods&op=comments_list ) 
ERR: Db Error: Unknown column 'geval_image_again' in 'where clause'
SELECT COUNT(*) AS nc_count FROM `zmkj_evaluate_goods` WHERE ( geval_goodsid = '112000' ) AND ( (geval_image <> '') OR (geval_image_again <> '') ) LIMIT 1  
[2020-02-05 10:30:50] /shop/index.php?act=goods&op=comments_list&goods_id=112000&type=3 ( act=goods&op=comments_list ) 
ERR: Db Error: Unknown column 'geval_image_again' in 'where clause'
SELECT COUNT(*) AS nc_count FROM `zmkj_evaluate_goods` WHERE ( geval_goodsid = '112000' ) AND ( (geval_image <> '') OR (geval_image_again <> '') ) LIMIT 1  
[2020-02-05 10:33:21] /shop/index.php?act=goods&op=comments_list&goods_id=112926 ( act=goods&op=comments_list ) 
ERR: Db Error: Unknown column 'geval_image_again' in 'where clause'
SELECT COUNT(*) AS nc_count FROM `zmkj_evaluate_goods` WHERE ( geval_goodsid = '112926' ) AND ( (geval_image <> '') OR (geval_image_again <> '') ) LIMIT 1  
[2020-02-05 10:33:49] /shop/index.php?act=goods&op=comments_list&goods_id=112930 ( act=goods&op=comments_list ) 
ERR: Db Error: Unknown column 'geval_image_again' in 'where clause'
SELECT COUNT(*) AS nc_count FROM `zmkj_evaluate_goods` WHERE ( geval_goodsid = '112930' ) AND ( (geval_image <> '') OR (geval_image_again <> '') ) LIMIT 1  
[2020-02-05 10:34:27] /shop/index.php?act=goods&op=comments_list&goods_id=112931 ( act=goods&op=comments_list ) 
ERR: Db Error: Unknown column 'geval_image_again' in 'where clause'
SELECT COUNT(*) AS nc_count FROM `zmkj_evaluate_goods` WHERE ( geval_goodsid = '112931' ) AND ( (geval_image <> '') OR (geval_image_again <> '') ) LIMIT 1  
[2020-02-05 10:35:00] /shop/index.php?act=goods&op=comments_list&goods_id=112956 ( act=goods&op=comments_list ) 
ERR: Db Error: Unknown column 'geval_image_again' in 'where clause'
SELECT COUNT(*) AS nc_count FROM `zmkj_evaluate_goods` WHERE ( geval_goodsid = '112956' ) AND ( (geval_image <> '') OR (geval_image_again <> '') ) LIMIT 1  
[2020-02-05 10:35:36] /shop/index.php?act=goods&op=comments_list&goods_id=112957 ( act=goods&op=comments_list ) 
ERR: Db Error: Unknown column 'geval_image_again' in 'where clause'
SELECT COUNT(*) AS nc_count FROM `zmkj_evaluate_goods` WHERE ( geval_goodsid = '112957' ) AND ( (geval_image <> '') OR (geval_image_again <> '') ) LIMIT 1  
[2020-02-05 10:36:07] /shop/index.php?act=goods&op=comments_list&goods_id=112958 ( act=goods&op=comments_list ) 
ERR: Db Error: Unknown column 'geval_image_again' in 'where clause'
SELECT COUNT(*) AS nc_count FROM `zmkj_evaluate_goods` WHERE ( geval_goodsid = '112958' ) AND ( (geval_image <> '') OR (geval_image_again <> '') ) LIMIT 1  
[2020-02-05 10:36:38] /shop/index.php?act=goods&op=comments_list&goods_id=112960 ( act=goods&op=comments_list ) 
ERR: Db Error: Unknown column 'geval_image_again' in 'where clause'
SELECT COUNT(*) AS nc_count FROM `zmkj_evaluate_goods` WHERE ( geval_goodsid = '112960' ) AND ( (geval_image <> '') OR (geval_image_again <> '') ) LIMIT 1  
[2020-02-05 10:37:08] /shop/index.php?act=goods&op=comments_list&goods_id=112962 ( act=goods&op=comments_list ) 
ERR: Db Error: Unknown column 'geval_image_again' in 'where clause'
SELECT COUNT(*) AS nc_count FROM `zmkj_evaluate_goods` WHERE ( geval_goodsid = '112962' ) AND ( (geval_image <> '') OR (geval_image_again <> '') ) LIMIT 1  
[2020-02-05 10:37:40] /shop/index.php?act=goods&op=comments_list&goods_id=113022 ( act=goods&op=comments_list ) 
ERR: Db Error: Unknown column 'geval_image_again' in 'where clause'
SELECT COUNT(*) AS nc_count FROM `zmkj_evaluate_goods` WHERE ( geval_goodsid = '113022' ) AND ( (geval_image <> '') OR (geval_image_again <> '') ) LIMIT 1  
[2020-02-05 10:39:00] /shop/index.php?act=goods&op=comments_list&goods_id=113048 ( act=goods&op=comments_list ) 
ERR: Db Error: Unknown column 'geval_image_again' in 'where clause'
SELECT COUNT(*) AS nc_count FROM `zmkj_evaluate_goods` WHERE ( geval_goodsid = '113048' ) AND ( (geval_image <> '') OR (geval_image_again <> '') ) LIMIT 1  
[2020-02-05 10:39:39] /shop/index.php?act=goods&op=comments_list&goods_id=113049 ( act=goods&op=comments_list ) 
ERR: Db Error: Unknown column 'geval_image_again' in 'where clause'
SELECT COUNT(*) AS nc_count FROM `zmkj_evaluate_goods` WHERE ( geval_goodsid = '113049' ) AND ( (geval_image <> '') OR (geval_image_again <> '') ) LIMIT 1  
[2020-02-05 10:40:12] /shop/index.php?act=goods&op=comments_list&goods_id=113050 ( act=goods&op=comments_list ) 
ERR: Db Error: Unknown column 'geval_image_again' in 'where clause'
SELECT COUNT(*) AS nc_count FROM `zmkj_evaluate_goods` WHERE ( geval_goodsid = '113050' ) AND ( (geval_image <> '') OR (geval_image_again <> '') ) LIMIT 1  
[2020-02-05 10:40:43] /shop/index.php?act=goods&op=comments_list&goods_id=113074 ( act=goods&op=comments_list ) 
ERR: Db Error: Unknown column 'geval_image_again' in 'where clause'
SELECT COUNT(*) AS nc_count FROM `zmkj_evaluate_goods` WHERE ( geval_goodsid = '113074' ) AND ( (geval_image <> '') OR (geval_image_again <> '') ) LIMIT 1  
[2020-02-05 10:41:21] /shop/index.php?act=goods&op=comments_list&goods_id=113130 ( act=goods&op=comments_list ) 
ERR: Db Error: Unknown column 'geval_image_again' in 'where clause'
SELECT COUNT(*) AS nc_count FROM `zmkj_evaluate_goods` WHERE ( geval_goodsid = '113130' ) AND ( (geval_image <> '') OR (geval_image_again <> '') ) LIMIT 1  
[2020-02-05 10:42:04] /shop/index.php?act=goods&op=comments_list&goods_id=113168 ( act=goods&op=comments_list ) 
ERR: Db Error: Unknown column 'geval_image_again' in 'where clause'
SELECT COUNT(*) AS nc_count FROM `zmkj_evaluate_goods` WHERE ( geval_goodsid = '113168' ) AND ( (geval_image <> '') OR (geval_image_again <> '') ) LIMIT 1  
[2020-02-05 10:42:39] /shop/index.php?act=goods&op=comments_list&goods_id=113173 ( act=goods&op=comments_list ) 
ERR: Db Error: Unknown column 'geval_image_again' in 'where clause'
SELECT COUNT(*) AS nc_count FROM `zmkj_evaluate_goods` WHERE ( geval_goodsid = '113173' ) AND ( (geval_image <> '') OR (geval_image_again <> '') ) LIMIT 1  
[2020-02-05 10:43:13] /shop/index.php?act=goods&op=comments_list&goods_id=113188 ( act=goods&op=comments_list ) 
ERR: Db Error: Unknown column 'geval_image_again' in 'where clause'
SELECT COUNT(*) AS nc_count FROM `zmkj_evaluate_goods` WHERE ( geval_goodsid = '113188' ) AND ( (geval_image <> '') OR (geval_image_again <> '') ) LIMIT 1  
[2020-02-05 10:43:46] /shop/index.php?act=goods&op=comments_list&goods_id=113208 ( act=goods&op=comments_list ) 
ERR: Db Error: Unknown column 'geval_image_again' in 'where clause'
SELECT COUNT(*) AS nc_count FROM `zmkj_evaluate_goods` WHERE ( geval_goodsid = '113208' ) AND ( (geval_image <> '') OR (geval_image_again <> '') ) LIMIT 1  
[2020-02-05 10:44:18] /shop/index.php?act=goods&op=comments_list&goods_id=113309 ( act=goods&op=comments_list ) 
ERR: Db Error: Unknown column 'geval_image_again' in 'where clause'
SELECT COUNT(*) AS nc_count FROM `zmkj_evaluate_goods` WHERE ( geval_goodsid = '113309' ) AND ( (geval_image <> '') OR (geval_image_again <> '') ) LIMIT 1  
[2020-02-05 10:44:58] /shop/index.php?act=goods&op=comments_list&goods_id=113325 ( act=goods&op=comments_list ) 
ERR: Db Error: Unknown column 'geval_image_again' in 'where clause'
SELECT COUNT(*) AS nc_count FROM `zmkj_evaluate_goods` WHERE ( geval_goodsid = '113325' ) AND ( (geval_image <> '') OR (geval_image_again <> '') ) LIMIT 1  
[2020-02-05 10:46:02] /shop/index.php?act=goods&op=comments_list&goods_id=113335 ( act=goods&op=comments_list ) 
ERR: Db Error: Unknown column 'geval_image_again' in 'where clause'
SELECT COUNT(*) AS nc_count FROM `zmkj_evaluate_goods` WHERE ( geval_goodsid = '113335' ) AND ( (geval_image <> '') OR (geval_image_again <> '') ) LIMIT 1  
[2020-02-05 10:46:39] /shop/index.php?act=goods&op=comments_list&goods_id=113359 ( act=goods&op=comments_list ) 
ERR: Db Error: Unknown column 'geval_image_again' in 'where clause'
SELECT COUNT(*) AS nc_count FROM `zmkj_evaluate_goods` WHERE ( geval_goodsid = '113359' ) AND ( (geval_image <> '') OR (geval_image_again <> '') ) LIMIT 1  
[2020-02-05 10:47:15] /shop/index.php?act=goods&op=comments_list&goods_id=113361 ( act=goods&op=comments_list ) 
ERR: Db Error: Unknown column 'geval_image_again' in 'where clause'
SELECT COUNT(*) AS nc_count FROM `zmkj_evaluate_goods` WHERE ( geval_goodsid = '113361' ) AND ( (geval_image <> '') OR (geval_image_again <> '') ) LIMIT 1  
[2020-02-05 10:47:53] /shop/index.php?act=goods&op=comments_list&goods_id=113362 ( act=goods&op=comments_list ) 
ERR: Db Error: Unknown column 'geval_image_again' in 'where clause'
SELECT COUNT(*) AS nc_count FROM `zmkj_evaluate_goods` WHERE ( geval_goodsid = '113362' ) AND ( (geval_image <> '') OR (geval_image_again <> '') ) LIMIT 1  
[2020-02-05 10:48:22] /shop/index.php?act=goods&op=comments_list&goods_id=113363 ( act=goods&op=comments_list ) 
ERR: Db Error: Unknown column 'geval_image_again' in 'where clause'
SELECT COUNT(*) AS nc_count FROM `zmkj_evaluate_goods` WHERE ( geval_goodsid = '113363' ) AND ( (geval_image <> '') OR (geval_image_again <> '') ) LIMIT 1  
[2020-02-05 10:49:03] /shop/index.php?act=goods&op=comments_list&goods_id=113364 ( act=goods&op=comments_list ) 
ERR: Db Error: Unknown column 'geval_image_again' in 'where clause'
SELECT COUNT(*) AS nc_count FROM `zmkj_evaluate_goods` WHERE ( geval_goodsid = '113364' ) AND ( (geval_image <> '') OR (geval_image_again <> '') ) LIMIT 1  
[2020-02-05 10:49:31] /shop/index.php?act=goods&op=comments_list&goods_id=113365 ( act=goods&op=comments_list ) 
ERR: Db Error: Unknown column 'geval_image_again' in 'where clause'
SELECT COUNT(*) AS nc_count FROM `zmkj_evaluate_goods` WHERE ( geval_goodsid = '113365' ) AND ( (geval_image <> '') OR (geval_image_again <> '') ) LIMIT 1  
[2020-02-05 10:50:05] /shop/index.php?act=goods&op=comments_list&goods_id=113367 ( act=goods&op=comments_list ) 
ERR: Db Error: Unknown column 'geval_image_again' in 'where clause'
SELECT COUNT(*) AS nc_count FROM `zmkj_evaluate_goods` WHERE ( geval_goodsid = '113367' ) AND ( (geval_image <> '') OR (geval_image_again <> '') ) LIMIT 1  
[2020-02-05 10:50:39] /shop/index.php?act=goods&op=comments_list&goods_id=113369 ( act=goods&op=comments_list ) 
ERR: Db Error: Unknown column 'geval_image_again' in 'where clause'
SELECT COUNT(*) AS nc_count FROM `zmkj_evaluate_goods` WHERE ( geval_goodsid = '113369' ) AND ( (geval_image <> '') OR (geval_image_again <> '') ) LIMIT 1  
[2020-02-05 10:51:18] /shop/index.php?act=goods&op=comments_list&goods_id=113370 ( act=goods&op=comments_list ) 
ERR: Db Error: Unknown column 'geval_image_again' in 'where clause'
SELECT COUNT(*) AS nc_count FROM `zmkj_evaluate_goods` WHERE ( geval_goodsid = '113370' ) AND ( (geval_image <> '') OR (geval_image_again <> '') ) LIMIT 1  
[2020-02-05 10:51:51] /shop/index.php?act=goods&op=comments_list&goods_id=113371 ( act=goods&op=comments_list ) 
ERR: Db Error: Unknown column 'geval_image_again' in 'where clause'
SELECT COUNT(*) AS nc_count FROM `zmkj_evaluate_goods` WHERE ( geval_goodsid = '113371' ) AND ( (geval_image <> '') OR (geval_image_again <> '') ) LIMIT 1  
[2020-02-05 10:52:28] /shop/index.php?act=goods&op=comments_list&goods_id=113372 ( act=goods&op=comments_list ) 
ERR: Db Error: Unknown column 'geval_image_again' in 'where clause'
SELECT COUNT(*) AS nc_count FROM `zmkj_evaluate_goods` WHERE ( geval_goodsid = '113372' ) AND ( (geval_image <> '') OR (geval_image_again <> '') ) LIMIT 1  
[2020-02-05 10:53:05] /shop/index.php?act=goods&op=comments_list&goods_id=113373 ( act=goods&op=comments_list ) 
ERR: Db Error: Unknown column 'geval_image_again' in 'where clause'
SELECT COUNT(*) AS nc_count FROM `zmkj_evaluate_goods` WHERE ( geval_goodsid = '113373' ) AND ( (geval_image <> '') OR (geval_image_again <> '') ) LIMIT 1  
[2020-02-05 10:53:47] /shop/index.php?act=goods&op=comments_list&goods_id=113374 ( act=goods&op=comments_list ) 
ERR: Db Error: Unknown column 'geval_image_again' in 'where clause'
SELECT COUNT(*) AS nc_count FROM `zmkj_evaluate_goods` WHERE ( geval_goodsid = '113374' ) AND ( (geval_image <> '') OR (geval_image_again <> '') ) LIMIT 1  
[2020-02-05 10:54:22] /shop/index.php?act=goods&op=comments_list&goods_id=108000 ( act=goods&op=comments_list ) 
ERR: Db Error: Unknown column 'geval_image_again' in 'where clause'
SELECT COUNT(*) AS nc_count FROM `zmkj_evaluate_goods` WHERE ( geval_goodsid = '108000' ) AND ( (geval_image <> '') OR (geval_image_again <> '') ) LIMIT 1  
[2020-02-05 10:54:58] /shop/index.php?act=goods&op=comments_list&goods_id=108006 ( act=goods&op=comments_list ) 
ERR: Db Error: Unknown column 'geval_image_again' in 'where clause'
SELECT COUNT(*) AS nc_count FROM `zmkj_evaluate_goods` WHERE ( geval_goodsid = '108006' ) AND ( (geval_image <> '') OR (geval_image_again <> '') ) LIMIT 1  
[2020-02-05 10:55:39] /shop/index.php?act=goods&op=comments_list&goods_id=108020 ( act=goods&op=comments_list ) 
ERR: Db Error: Unknown column 'geval_image_again' in 'where clause'
SELECT COUNT(*) AS nc_count FROM `zmkj_evaluate_goods` WHERE ( geval_goodsid = '108020' ) AND ( (geval_image <> '') OR (geval_image_again <> '') ) LIMIT 1  
[2020-02-05 10:56:16] /shop/index.php?act=goods&op=comments_list&goods_id=108026 ( act=goods&op=comments_list ) 
ERR: Db Error: Unknown column 'geval_image_again' in 'where clause'
SELECT COUNT(*) AS nc_count FROM `zmkj_evaluate_goods` WHERE ( geval_goodsid = '108026' ) AND ( (geval_image <> '') OR (geval_image_again <> '') ) LIMIT 1  
[2020-02-05 10:57:05] /shop/index.php?act=goods&op=comments_list&goods_id=109656 ( act=goods&op=comments_list ) 
ERR: Db Error: Unknown column 'geval_image_again' in 'where clause'
SELECT COUNT(*) AS nc_count FROM `zmkj_evaluate_goods` WHERE ( geval_goodsid = '109656' ) AND ( (geval_image <> '') OR (geval_image_again <> '') ) LIMIT 1  
[2020-02-05 11:05:46] /shop/index.php?act=goods&op=comments_list&goods_id=104624 ( act=goods&op=comments_list ) 
ERR: Db Error: Unknown column 'geval_image_again' in 'where clause'
SELECT COUNT(*) AS nc_count FROM `zmkj_evaluate_goods` WHERE ( geval_goodsid = '104624' ) AND ( (geval_image <> '') OR (geval_image_again <> '') ) LIMIT 1  
[2020-02-05 11:06:56] /shop/index.php?act=goods&op=comments_list&goods_id=104631 ( act=goods&op=comments_list ) 
ERR: Db Error: Unknown column 'geval_image_again' in 'where clause'
SELECT COUNT(*) AS nc_count FROM `zmkj_evaluate_goods` WHERE ( geval_goodsid = '104631' ) AND ( (geval_image <> '') OR (geval_image_again <> '') ) LIMIT 1  
[2020-02-05 11:11:50] /shop/index.php?act=goods&op=comments_list&goods_id=105594 ( act=goods&op=comments_list ) 
ERR: Db Error: Unknown column 'geval_image_again' in 'where clause'
SELECT COUNT(*) AS nc_count FROM `zmkj_evaluate_goods` WHERE ( geval_goodsid = '105594' ) AND ( (geval_image <> '') OR (geval_image_again <> '') ) LIMIT 1  
[2020-02-05 11:50:41] /shop/index.php?act=goods&op=comments_list&goods_id=108843 ( act=goods&op=comments_list ) 
ERR: Db Error: Unknown column 'geval_image_again' in 'where clause'
SELECT COUNT(*) AS nc_count FROM `zmkj_evaluate_goods` WHERE ( geval_goodsid = '108843' ) AND ( (geval_image <> '') OR (geval_image_again <> '') ) LIMIT 1  
[2020-02-05 12:27:06] /shop/index.php?act=goods&op=comments_list&goods_id=109728&type=1 ( act=goods&op=comments_list ) 
ERR: Db Error: Unknown column 'geval_image_again' in 'where clause'
SELECT COUNT(*) AS nc_count FROM `zmkj_evaluate_goods` WHERE ( geval_goodsid = '109728' ) AND ( (geval_image <> '') OR (geval_image_again <> '') ) LIMIT 1  
[2020-02-05 12:27:49] /shop/index.php?act=goods&op=comments_list&goods_id=109728&type=3 ( act=goods&op=comments_list ) 
ERR: Db Error: Unknown column 'geval_image_again' in 'where clause'
SELECT COUNT(*) AS nc_count FROM `zmkj_evaluate_goods` WHERE ( geval_goodsid = '109728' ) AND ( (geval_image <> '') OR (geval_image_again <> '') ) LIMIT 1  
[2020-02-05 12:28:32] /shop/index.php?act=goods&op=comments_list&goods_id=110781&type=1 ( act=goods&op=comments_list ) 
ERR: Db Error: Unknown column 'geval_image_again' in 'where clause'
SELECT COUNT(*) AS nc_count FROM `zmkj_evaluate_goods` WHERE ( geval_goodsid = '110781' ) AND ( (geval_image <> '') OR (geval_image_again <> '') ) LIMIT 1  
[2020-02-05 12:29:11] /shop/index.php?act=goods&op=comments_list&goods_id=110781&type=2 ( act=goods&op=comments_list ) 
ERR: Db Error: Unknown column 'geval_image_again' in 'where clause'
SELECT COUNT(*) AS nc_count FROM `zmkj_evaluate_goods` WHERE ( geval_goodsid = '110781' ) AND ( (geval_image <> '') OR (geval_image_again <> '') ) LIMIT 1  
[2020-02-05 12:29:46] /shop/index.php?act=goods&op=comments_list&goods_id=110967&type=2 ( act=goods&op=comments_list ) 
ERR: Db Error: Unknown column 'geval_image_again' in 'where clause'
SELECT COUNT(*) AS nc_count FROM `zmkj_evaluate_goods` WHERE ( geval_goodsid = '110967' ) AND ( (geval_image <> '') OR (geval_image_again <> '') ) LIMIT 1  
[2020-02-05 12:30:28] /shop/index.php?act=goods&op=comments_list&goods_id=110967&type=3 ( act=goods&op=comments_list ) 
ERR: Db Error: Unknown column 'geval_image_again' in 'where clause'
SELECT COUNT(*) AS nc_count FROM `zmkj_evaluate_goods` WHERE ( geval_goodsid = '110967' ) AND ( (geval_image <> '') OR (geval_image_again <> '') ) LIMIT 1  
[2020-02-05 12:31:13] /shop/index.php?act=goods&op=comments_list&goods_id=113419&type=1 ( act=goods&op=comments_list ) 
ERR: Db Error: Unknown column 'geval_image_again' in 'where clause'
SELECT COUNT(*) AS nc_count FROM `zmkj_evaluate_goods` WHERE ( geval_goodsid = '113419' ) AND ( (geval_image <> '') OR (geval_image_again <> '') ) LIMIT 1  
[2020-02-05 12:31:59] /shop/index.php?act=goods&op=comments_list&goods_id=113419&type=2 ( act=goods&op=comments_list ) 
ERR: Db Error: Unknown column 'geval_image_again' in 'where clause'
SELECT COUNT(*) AS nc_count FROM `zmkj_evaluate_goods` WHERE ( geval_goodsid = '113419' ) AND ( (geval_image <> '') OR (geval_image_again <> '') ) LIMIT 1  
