[2020-02-15 00:51:46] /shop/index.php?act=goods&op=comments_list&goods_id=107183 ( act=goods&op=comments_list ) 
ERR: Db Error: Unknown column 'geval_image_again' in 'where clause'
SELECT COUNT(*) AS nc_count FROM `zmkj_evaluate_goods` WHERE ( geval_goodsid = '107183' ) AND ( (geval_image <> '') OR (geval_image_again <> '') ) LIMIT 1  
[2020-02-15 01:10:11] /shop/index.php?act=goods&goods_id=107127&op=comments_list ( act=goods&op=comments_list ) 
ERR: Db Error: Unknown column 'geval_image_again' in 'where clause'
SELECT COUNT(*) AS nc_count FROM `zmkj_evaluate_goods` WHERE ( geval_goodsid = '107127' ) AND ( (geval_image <> '') OR (geval_image_again <> '') ) LIMIT 1  
[2020-02-15 01:10:43] /shop/index.php?act=goods&goods_id=103885&op=comments_list ( act=goods&op=comments_list ) 
ERR: Db Error: Unknown column 'geval_image_again' in 'where clause'
SELECT COUNT(*) AS nc_count FROM `zmkj_evaluate_goods` WHERE ( geval_goodsid = '103885' ) AND ( (geval_image <> '') OR (geval_image_again <> '') ) LIMIT 1  
[2020-02-15 01:18:34] /shop/index.php?act=goods&goods_id=102880&op=comments_list ( act=goods&op=comments_list ) 
ERR: Db Error: Unknown column 'geval_image_again' in 'where clause'
SELECT COUNT(*) AS nc_count FROM `zmkj_evaluate_goods` WHERE ( geval_goodsid = '102880' ) AND ( (geval_image <> '') OR (geval_image_again <> '') ) LIMIT 1  
[2020-02-15 01:24:00] /shop/index.php?act=goods&goods_id=108241&op=comments_list ( act=goods&op=comments_list ) 
ERR: Db Error: Unknown column 'geval_image_again' in 'where clause'
SELECT COUNT(*) AS nc_count FROM `zmkj_evaluate_goods` WHERE ( geval_goodsid = '108241' ) AND ( (geval_image <> '') OR (geval_image_again <> '') ) LIMIT 1  
[2020-02-15 02:02:24] /shop/index.php?act=goods&op=comments_list&goods_id=112317 ( act=goods&op=comments_list ) 
ERR: Db Error: Unknown column 'geval_image_again' in 'where clause'
SELECT COUNT(*) AS nc_count FROM `zmkj_evaluate_goods` WHERE ( geval_goodsid = '112317' ) AND ( (geval_image <> '') OR (geval_image_again <> '') ) LIMIT 1  
[2020-02-15 02:35:46] /shop/index.php?act=goods&goods_id=103007&op=comments_list&type=3 ( act=goods&op=comments_list ) 
ERR: Db Error: Unknown column 'geval_image_again' in 'where clause'
SELECT COUNT(*) AS nc_count FROM `zmkj_evaluate_goods` WHERE ( geval_goodsid = '103007' ) AND ( (geval_image <> '') OR (geval_image_again <> '') ) LIMIT 1  
[2020-02-15 03:06:42] /shop/index.php?act=goods&goods_id=104263&op=comments_list ( act=goods&op=comments_list ) 
ERR: Db Error: Unknown column 'geval_image_again' in 'where clause'
SELECT COUNT(*) AS nc_count FROM `zmkj_evaluate_goods` WHERE ( geval_goodsid = '104263' ) AND ( (geval_image <> '') OR (geval_image_again <> '') ) LIMIT 1  
[2020-02-15 03:10:42] /shop/index.php?act=goods&goods_id=107167&op=comments_list ( act=goods&op=comments_list ) 
ERR: Db Error: Unknown column 'geval_image_again' in 'where clause'
SELECT COUNT(*) AS nc_count FROM `zmkj_evaluate_goods` WHERE ( geval_goodsid = '107167' ) AND ( (geval_image <> '') OR (geval_image_again <> '') ) LIMIT 1  
[2020-02-15 03:29:37] /shop/index.php?act=goods&goods_id=107406&op=comments_list ( act=goods&op=comments_list ) 
ERR: Db Error: Unknown column 'geval_image_again' in 'where clause'
SELECT COUNT(*) AS nc_count FROM `zmkj_evaluate_goods` WHERE ( geval_goodsid = '107406' ) AND ( (geval_image <> '') OR (geval_image_again <> '') ) LIMIT 1  
[2020-02-15 04:06:00] /shop/index.php?act=goods&goods_id=110871&op=comments_list ( act=goods&op=comments_list ) 
ERR: Db Error: Unknown column 'geval_image_again' in 'where clause'
SELECT COUNT(*) AS nc_count FROM `zmkj_evaluate_goods` WHERE ( geval_goodsid = '110871' ) AND ( (geval_image <> '') OR (geval_image_again <> '') ) LIMIT 1  
[2020-02-15 04:15:24] /shop/index.php?act=goods&goods_id=106680&op=comments_list ( act=goods&op=comments_list ) 
ERR: Db Error: Unknown column 'geval_image_again' in 'where clause'
SELECT COUNT(*) AS nc_count FROM `zmkj_evaluate_goods` WHERE ( geval_goodsid = '106680' ) AND ( (geval_image <> '') OR (geval_image_again <> '') ) LIMIT 1  
[2020-02-15 04:47:31] /shop/index.php?act=goods&goods_id=101993&op=comments_list ( act=goods&op=comments_list ) 
ERR: Db Error: Unknown column 'geval_image_again' in 'where clause'
SELECT COUNT(*) AS nc_count FROM `zmkj_evaluate_goods` WHERE ( geval_goodsid = '101993' ) AND ( (geval_image <> '') OR (geval_image_again <> '') ) LIMIT 1  
[2020-02-15 04:50:22] /shop/index.php?act=goods&op=comments_list&goods_id=111307 ( act=goods&op=comments_list ) 
ERR: Db Error: Unknown column 'geval_image_again' in 'where clause'
SELECT COUNT(*) AS nc_count FROM `zmkj_evaluate_goods` WHERE ( geval_goodsid = '111307' ) AND ( (geval_image <> '') OR (geval_image_again <> '') ) LIMIT 1  
[2020-02-15 04:56:15] /shop/index.php?act=goods&goods_id=103360&op=comments_list ( act=goods&op=comments_list ) 
ERR: Db Error: Unknown column 'geval_image_again' in 'where clause'
SELECT COUNT(*) AS nc_count FROM `zmkj_evaluate_goods` WHERE ( geval_goodsid = '103360' ) AND ( (geval_image <> '') OR (geval_image_again <> '') ) LIMIT 1  
[2020-02-15 04:57:22] /shop/index.php?act=goods&op=comments_list&goods_id=112856 ( act=goods&op=comments_list ) 
ERR: Db Error: Unknown column 'geval_image_again' in 'where clause'
SELECT COUNT(*) AS nc_count FROM `zmkj_evaluate_goods` WHERE ( geval_goodsid = '112856' ) AND ( (geval_image <> '') OR (geval_image_again <> '') ) LIMIT 1  
[2020-02-15 05:07:19] /shop/index.php?act=goods&goods_id=101591&op=comments_list ( act=goods&op=comments_list ) 
ERR: Db Error: Unknown column 'geval_image_again' in 'where clause'
SELECT COUNT(*) AS nc_count FROM `zmkj_evaluate_goods` WHERE ( geval_goodsid = '101591' ) AND ( (geval_image <> '') OR (geval_image_again <> '') ) LIMIT 1  
[2020-02-15 05:07:46] /shop/index.php?act=goods&goods_id=108397&op=comments_list ( act=goods&op=comments_list ) 
ERR: Db Error: Unknown column 'geval_image_again' in 'where clause'
SELECT COUNT(*) AS nc_count FROM `zmkj_evaluate_goods` WHERE ( geval_goodsid = '108397' ) AND ( (geval_image <> '') OR (geval_image_again <> '') ) LIMIT 1  
[2020-02-15 05:08:22] /shop/index.php?act=goods&goods_id=105194&op=comments_list ( act=goods&op=comments_list ) 
ERR: Db Error: Unknown column 'geval_image_again' in 'where clause'
SELECT COUNT(*) AS nc_count FROM `zmkj_evaluate_goods` WHERE ( geval_goodsid = '105194' ) AND ( (geval_image <> '') OR (geval_image_again <> '') ) LIMIT 1  
[2020-02-15 05:16:53] /shop/index.php?act=goods&goods_id=103352&op=comments_list ( act=goods&op=comments_list ) 
ERR: Db Error: Unknown column 'geval_image_again' in 'where clause'
SELECT COUNT(*) AS nc_count FROM `zmkj_evaluate_goods` WHERE ( geval_goodsid = '103352' ) AND ( (geval_image <> '') OR (geval_image_again <> '') ) LIMIT 1  
[2020-02-15 05:17:42] /shop/index.php?act=goods&goods_id=107067&op=comments_list&type=1 ( act=goods&op=comments_list ) 
ERR: Db Error: Unknown column 'geval_image_again' in 'where clause'
SELECT COUNT(*) AS nc_count FROM `zmkj_evaluate_goods` WHERE ( geval_goodsid = '107067' ) AND ( (geval_image <> '') OR (geval_image_again <> '') ) LIMIT 1  
[2020-02-15 05:19:42] /shop/index.php?act=goods&goods_id=107911&op=comments_list ( act=goods&op=comments_list ) 
ERR: Db Error: Unknown column 'geval_image_again' in 'where clause'
SELECT COUNT(*) AS nc_count FROM `zmkj_evaluate_goods` WHERE ( geval_goodsid = '107911' ) AND ( (geval_image <> '') OR (geval_image_again <> '') ) LIMIT 1  
[2020-02-15 05:25:16] /shop/index.php?act=goods&goods_id=107309&op=comments_list ( act=goods&op=comments_list ) 
ERR: Db Error: Unknown column 'geval_image_again' in 'where clause'
SELECT COUNT(*) AS nc_count FROM `zmkj_evaluate_goods` WHERE ( geval_goodsid = '107309' ) AND ( (geval_image <> '') OR (geval_image_again <> '') ) LIMIT 1  
[2020-02-15 05:25:26] /shop/index.php?act=goods&goods_id=108319&op=comments_list ( act=goods&op=comments_list ) 
ERR: Db Error: Unknown column 'geval_image_again' in 'where clause'
SELECT COUNT(*) AS nc_count FROM `zmkj_evaluate_goods` WHERE ( geval_goodsid = '108319' ) AND ( (geval_image <> '') OR (geval_image_again <> '') ) LIMIT 1  
[2020-02-15 05:30:25] /shop/index.php?act=goods&goods_id=100530&op=comments_list ( act=goods&op=comments_list ) 
ERR: Db Error: Unknown column 'geval_image_again' in 'where clause'
SELECT COUNT(*) AS nc_count FROM `zmkj_evaluate_goods` WHERE ( geval_goodsid = '100530' ) AND ( (geval_image <> '') OR (geval_image_again <> '') ) LIMIT 1  
[2020-02-15 05:30:39] /shop/index.php?act=goods&goods_id=102048&op=comments_list ( act=goods&op=comments_list ) 
ERR: Db Error: Unknown column 'geval_image_again' in 'where clause'
SELECT COUNT(*) AS nc_count FROM `zmkj_evaluate_goods` WHERE ( geval_goodsid = '102048' ) AND ( (geval_image <> '') OR (geval_image_again <> '') ) LIMIT 1  
[2020-02-15 05:31:21] /shop/index.php?act=goods&goods_id=105988&op=comments_list ( act=goods&op=comments_list ) 
ERR: Db Error: Unknown column 'geval_image_again' in 'where clause'
SELECT COUNT(*) AS nc_count FROM `zmkj_evaluate_goods` WHERE ( geval_goodsid = '105988' ) AND ( (geval_image <> '') OR (geval_image_again <> '') ) LIMIT 1  
[2020-02-15 05:31:29] /shop/index.php?act=goods&goods_id=106709&op=comments_list ( act=goods&op=comments_list ) 
ERR: Db Error: Unknown column 'geval_image_again' in 'where clause'
SELECT COUNT(*) AS nc_count FROM `zmkj_evaluate_goods` WHERE ( geval_goodsid = '106709' ) AND ( (geval_image <> '') OR (geval_image_again <> '') ) LIMIT 1  
[2020-02-15 05:31:44] /shop/index.php?act=goods&goods_id=103989&op=comments_list ( act=goods&op=comments_list ) 
ERR: Db Error: Unknown column 'geval_image_again' in 'where clause'
SELECT COUNT(*) AS nc_count FROM `zmkj_evaluate_goods` WHERE ( geval_goodsid = '103989' ) AND ( (geval_image <> '') OR (geval_image_again <> '') ) LIMIT 1  
[2020-02-15 05:32:05] /shop/index.php?act=goods&goods_id=107911&op=comments_list ( act=goods&op=comments_list ) 
ERR: Db Error: Unknown column 'geval_image_again' in 'where clause'
SELECT COUNT(*) AS nc_count FROM `zmkj_evaluate_goods` WHERE ( geval_goodsid = '107911' ) AND ( (geval_image <> '') OR (geval_image_again <> '') ) LIMIT 1  
[2020-02-15 08:11:21] /shop/index.php?act=goods&op=comments_list&goods_id=111081 ( act=goods&op=comments_list ) 
ERR: Db Error: Unknown column 'geval_image_again' in 'where clause'
SELECT COUNT(*) AS nc_count FROM `zmkj_evaluate_goods` WHERE ( geval_goodsid = '111081' ) AND ( (geval_image <> '') OR (geval_image_again <> '') ) LIMIT 1  
[2020-02-15 13:16:31] /shop/index.php?act=goods&op=comments_list&goods_id=108705 ( act=goods&op=comments_list ) 
ERR: Db Error: Unknown column 'geval_image_again' in 'where clause'
SELECT COUNT(*) AS nc_count FROM `zmkj_evaluate_goods` WHERE ( geval_goodsid = '108705' ) AND ( (geval_image <> '') OR (geval_image_again <> '') ) LIMIT 1  
[2020-02-15 13:22:01] /shop/index.php?act=hot_sale&op=index ( act=hot_sale&op=index ) 
ERR: Db Error: You have an error in your SQL syntax; check the manual that corresponds to your MySQL server version for the right syntax to use near ') and goods_state=1' at line 1
select * from zmkj_goods where goods_id in () and goods_state=1
[2020-02-15 13:22:01] /shop/index.php?act=hot_sale&op=index ( act=hot_sale&op=index ) 
ERR: Db Error: You have an error in your SQL syntax; check the manual that corresponds to your MySQL server version for the right syntax to use near '' at line 1
select `member_id` from zmkj_store where store_id = 
[2020-02-15 14:34:12] /shop/index.php?act=goods&op=comments_list&goods_id=111246 ( act=goods&op=comments_list ) 
ERR: Db Error: Unknown column 'geval_image_again' in 'where clause'
SELECT COUNT(*) AS nc_count FROM `zmkj_evaluate_goods` WHERE ( geval_goodsid = '111246' ) AND ( (geval_image <> '') OR (geval_image_again <> '') ) LIMIT 1  
[2020-02-15 15:03:13] /shop/index.php?act=goods&op=comments_list&goods_id=107241 ( act=goods&op=comments_list ) 
ERR: Db Error: Unknown column 'geval_image_again' in 'where clause'
SELECT COUNT(*) AS nc_count FROM `zmkj_evaluate_goods` WHERE ( geval_goodsid = '107241' ) AND ( (geval_image <> '') OR (geval_image_again <> '') ) LIMIT 1  
[2020-02-15 15:36:30] /shop/index.php?act=goods&op=comments_list&goods_id=105832 ( act=goods&op=comments_list ) 
ERR: Db Error: Unknown column 'geval_image_again' in 'where clause'
SELECT COUNT(*) AS nc_count FROM `zmkj_evaluate_goods` WHERE ( geval_goodsid = '105832' ) AND ( (geval_image <> '') OR (geval_image_again <> '') ) LIMIT 1  
[2020-02-15 16:10:08] /shop/index.php?act=search&op=index&cate_id=1592 ( act=search&op=index ) 
ERR: Db Error: Unknown column 'gc_id_' in 'where clause'
SELECT count(distinct CONCAT(goods_commonid)) AS nc_count FROM `zmkj_goods` WHERE ( gc_id_ = '1592' ) AND ( goods_state = '1' ) AND ( goods_verify = '1' ) LIMIT 1  
[2020-02-15 16:10:09] /shop/index.php?act=search&op=index&cate_id=1581 ( act=search&op=index ) 
ERR: Db Error: Unknown column 'gc_id_' in 'where clause'
SELECT count(distinct CONCAT(goods_commonid)) AS nc_count FROM `zmkj_goods` WHERE ( gc_id_ = '1581' ) AND ( goods_state = '1' ) AND ( goods_verify = '1' ) LIMIT 1  
[2020-02-15 16:10:11] /shop/index.php?act=search&op=index&cate_id=2199 ( act=search&op=index ) 
ERR: Db Error: Unknown column 'gc_id_' in 'where clause'
SELECT count(distinct CONCAT(goods_commonid)) AS nc_count FROM `zmkj_goods` WHERE ( gc_id_ = '2199' ) AND ( goods_state = '1' ) AND ( goods_verify = '1' ) LIMIT 1  
[2020-02-15 16:10:14] /shop/index.php?act=search&op=index&cate_id=1580 ( act=search&op=index ) 
ERR: Db Error: Unknown column 'gc_id_' in 'where clause'
SELECT count(distinct CONCAT(goods_commonid)) AS nc_count FROM `zmkj_goods` WHERE ( gc_id_ = '1580' ) AND ( goods_state = '1' ) AND ( goods_verify = '1' ) LIMIT 1  
[2020-02-15 17:49:29] /shop/index.php?act=hot_sale&op=index ( act=hot_sale&op=index ) 
ERR: Db Error: You have an error in your SQL syntax; check the manual that corresponds to your MySQL server version for the right syntax to use near ') and goods_state=1' at line 1
select * from zmkj_goods where goods_id in () and goods_state=1
[2020-02-15 17:49:29] /shop/index.php?act=hot_sale&op=index ( act=hot_sale&op=index ) 
ERR: Db Error: You have an error in your SQL syntax; check the manual that corresponds to your MySQL server version for the right syntax to use near '' at line 1
select `member_id` from zmkj_store where store_id = 
[2020-02-15 18:04:09] /shop/index.php?act=goods&op=comments_list&goods_id=110582 ( act=goods&op=comments_list ) 
ERR: Db Error: Unknown column 'geval_image_again' in 'where clause'
SELECT COUNT(*) AS nc_count FROM `zmkj_evaluate_goods` WHERE ( geval_goodsid = '110582' ) AND ( (geval_image <> '') OR (geval_image_again <> '') ) LIMIT 1  
[2020-02-15 19:45:03] /shop/index.php?act=goods&op=comments_list&goods_id=106293 ( act=goods&op=comments_list ) 
ERR: Db Error: Unknown column 'geval_image_again' in 'where clause'
SELECT COUNT(*) AS nc_count FROM `zmkj_evaluate_goods` WHERE ( geval_goodsid = '106293' ) AND ( (geval_image <> '') OR (geval_image_again <> '') ) LIMIT 1  
[2020-02-15 21:53:31] /shop/index.php?act=goods&op=comments_list&goods_id=105853 ( act=goods&op=comments_list ) 
ERR: Db Error: Unknown column 'geval_image_again' in 'where clause'
SELECT COUNT(*) AS nc_count FROM `zmkj_evaluate_goods` WHERE ( geval_goodsid = '105853' ) AND ( (geval_image <> '') OR (geval_image_again <> '') ) LIMIT 1  
[2020-02-15 21:55:06] /shop/index.php?act=goods&op=comments_list&goods_id=110227 ( act=goods&op=comments_list ) 
ERR: Db Error: Unknown column 'geval_image_again' in 'where clause'
SELECT COUNT(*) AS nc_count FROM `zmkj_evaluate_goods` WHERE ( geval_goodsid = '110227' ) AND ( (geval_image <> '') OR (geval_image_again <> '') ) LIMIT 1  
