[2020-01-21 00:37:34] /shop/index.php?act=goods&op=comments_list&goods_id=107502 ( act=goods&op=comments_list ) 
ERR: Db Error: Unknown column 'geval_image_again' in 'where clause'
SELECT COUNT(*) AS nc_count FROM `zmkj_evaluate_goods` WHERE ( geval_goodsid = '107502' ) AND ( (geval_image <> '') OR (geval_image_again <> '') ) LIMIT 1  
[2020-01-21 00:42:23] /shop/index.php?act=goods&op=comments_list&goods_id=112622 ( act=goods&op=comments_list ) 
ERR: Db Error: Unknown column 'geval_image_again' in 'where clause'
SELECT COUNT(*) AS nc_count FROM `zmkj_evaluate_goods` WHERE ( geval_goodsid = '112622' ) AND ( (geval_image <> '') OR (geval_image_again <> '') ) LIMIT 1  
[2020-01-21 01:12:22] /shop/index.php?act=goods&goods_id=100570&op=comments_list&type=2 ( act=goods&op=comments_list ) 
ERR: Db Error: Unknown column 'geval_image_again' in 'where clause'
SELECT COUNT(*) AS nc_count FROM `zmkj_evaluate_goods` WHERE ( geval_goodsid = '100570' ) AND ( (geval_image <> '') OR (geval_image_again <> '') ) LIMIT 1  
[2020-01-21 01:13:52] /shop/index.php?act=goods&goods_id=107002&op=comments_list ( act=goods&op=comments_list ) 
ERR: Db Error: Unknown column 'geval_image_again' in 'where clause'
SELECT COUNT(*) AS nc_count FROM `zmkj_evaluate_goods` WHERE ( geval_goodsid = '107002' ) AND ( (geval_image <> '') OR (geval_image_again <> '') ) LIMIT 1  
[2020-01-21 01:17:58] /shop/index.php?act=goods&op=comments_list&goods_id=109005 ( act=goods&op=comments_list ) 
ERR: Db Error: Unknown column 'geval_image_again' in 'where clause'
SELECT COUNT(*) AS nc_count FROM `zmkj_evaluate_goods` WHERE ( geval_goodsid = '109005' ) AND ( (geval_image <> '') OR (geval_image_again <> '') ) LIMIT 1  
[2020-01-21 01:29:38] /shop/index.php?act=goods&goods_id=108079&op=comments_list ( act=goods&op=comments_list ) 
ERR: Db Error: Unknown column 'geval_image_again' in 'where clause'
SELECT COUNT(*) AS nc_count FROM `zmkj_evaluate_goods` WHERE ( geval_goodsid = '108079' ) AND ( (geval_image <> '') OR (geval_image_again <> '') ) LIMIT 1  
[2020-01-21 01:30:06] /shop/index.php?act=goods&goods_id=104413&op=comments_list ( act=goods&op=comments_list ) 
ERR: Db Error: Unknown column 'geval_image_again' in 'where clause'
SELECT COUNT(*) AS nc_count FROM `zmkj_evaluate_goods` WHERE ( geval_goodsid = '104413' ) AND ( (geval_image <> '') OR (geval_image_again <> '') ) LIMIT 1  
[2020-01-21 01:32:56] /shop/index.php?act=goods&goods_id=102031&op=comments_list ( act=goods&op=comments_list ) 
ERR: Db Error: Unknown column 'geval_image_again' in 'where clause'
SELECT COUNT(*) AS nc_count FROM `zmkj_evaluate_goods` WHERE ( geval_goodsid = '102031' ) AND ( (geval_image <> '') OR (geval_image_again <> '') ) LIMIT 1  
[2020-01-21 01:38:35] /shop/index.php?act=goods&goods_id=112670&op=comments_list ( act=goods&op=comments_list ) 
ERR: Db Error: Unknown column 'geval_image_again' in 'where clause'
SELECT COUNT(*) AS nc_count FROM `zmkj_evaluate_goods` WHERE ( geval_goodsid = '112670' ) AND ( (geval_image <> '') OR (geval_image_again <> '') ) LIMIT 1  
[2020-01-21 01:51:35] /shop/index.php?act=goods&goods_id=101182&op=comments_list ( act=goods&op=comments_list ) 
ERR: Db Error: Unknown column 'geval_image_again' in 'where clause'
SELECT COUNT(*) AS nc_count FROM `zmkj_evaluate_goods` WHERE ( geval_goodsid = '101182' ) AND ( (geval_image <> '') OR (geval_image_again <> '') ) LIMIT 1  
[2020-01-21 01:52:57] /shop/index.php?act=goods&goods_id=105768&op=comments_list ( act=goods&op=comments_list ) 
ERR: Db Error: Unknown column 'geval_image_again' in 'where clause'
SELECT COUNT(*) AS nc_count FROM `zmkj_evaluate_goods` WHERE ( geval_goodsid = '105768' ) AND ( (geval_image <> '') OR (geval_image_again <> '') ) LIMIT 1  
[2020-01-21 01:53:38] /shop/index.php?act=goods&goods_id=108430&op=comments_list ( act=goods&op=comments_list ) 
ERR: Db Error: Unknown column 'geval_image_again' in 'where clause'
SELECT COUNT(*) AS nc_count FROM `zmkj_evaluate_goods` WHERE ( geval_goodsid = '108430' ) AND ( (geval_image <> '') OR (geval_image_again <> '') ) LIMIT 1  
[2020-01-21 01:56:33] /shop/index.php?act=goods&goods_id=107361&op=comments_list&type=3 ( act=goods&op=comments_list ) 
ERR: Db Error: Unknown column 'geval_image_again' in 'where clause'
SELECT COUNT(*) AS nc_count FROM `zmkj_evaluate_goods` WHERE ( geval_goodsid = '107361' ) AND ( (geval_image <> '') OR (geval_image_again <> '') ) LIMIT 1  
[2020-01-21 02:25:34] /shop/index.php?act=search&area_id=6&cate_id=1601&op=index ( act=search&op=index ) 
ERR: Db Error: Unknown column 'gc_id_' in 'where clause'
SELECT count(distinct CONCAT(goods_commonid)) AS nc_count FROM `zmkj_goods` WHERE ( gc_id_ = '1601' ) AND ( areaid_1 = '6' ) AND ( goods_state = '1' ) AND ( goods_verify = '1' ) LIMIT 1  
[2020-01-21 02:48:16] /shop/index.php?act=goods&op=comments_list&goods_id=112613 ( act=goods&op=comments_list ) 
ERR: Db Error: Unknown column 'geval_image_again' in 'where clause'
SELECT COUNT(*) AS nc_count FROM `zmkj_evaluate_goods` WHERE ( geval_goodsid = '112613' ) AND ( (geval_image <> '') OR (geval_image_again <> '') ) LIMIT 1  
[2020-01-21 03:13:41] /shop/index.php?act=goods&goods_id=107890&op=comments_list ( act=goods&op=comments_list ) 
ERR: Db Error: Unknown column 'geval_image_again' in 'where clause'
SELECT COUNT(*) AS nc_count FROM `zmkj_evaluate_goods` WHERE ( geval_goodsid = '107890' ) AND ( (geval_image <> '') OR (geval_image_again <> '') ) LIMIT 1  
[2020-01-21 03:16:00] /shop/index.php?act=goods&goods_id=103061&op=comments_list ( act=goods&op=comments_list ) 
ERR: Db Error: Unknown column 'geval_image_again' in 'where clause'
SELECT COUNT(*) AS nc_count FROM `zmkj_evaluate_goods` WHERE ( geval_goodsid = '103061' ) AND ( (geval_image <> '') OR (geval_image_again <> '') ) LIMIT 1  
[2020-01-21 03:16:21] /shop/index.php?act=goods&goods_id=105560&op=comments_list ( act=goods&op=comments_list ) 
ERR: Db Error: Unknown column 'geval_image_again' in 'where clause'
SELECT COUNT(*) AS nc_count FROM `zmkj_evaluate_goods` WHERE ( geval_goodsid = '105560' ) AND ( (geval_image <> '') OR (geval_image_again <> '') ) LIMIT 1  
[2020-01-21 03:21:54] /shop/index.php?act=goods&goods_id=106703&op=comments_list ( act=goods&op=comments_list ) 
ERR: Db Error: Unknown column 'geval_image_again' in 'where clause'
SELECT COUNT(*) AS nc_count FROM `zmkj_evaluate_goods` WHERE ( geval_goodsid = '106703' ) AND ( (geval_image <> '') OR (geval_image_again <> '') ) LIMIT 1  
[2020-01-21 03:23:12] /shop/index.php?act=goods&goods_id=108126&op=comments_list ( act=goods&op=comments_list ) 
ERR: Db Error: Unknown column 'geval_image_again' in 'where clause'
SELECT COUNT(*) AS nc_count FROM `zmkj_evaluate_goods` WHERE ( geval_goodsid = '108126' ) AND ( (geval_image <> '') OR (geval_image_again <> '') ) LIMIT 1  
[2020-01-21 03:33:41] /shop/index.php?act=goods&op=comments_list&goods_id=105333 ( act=goods&op=comments_list ) 
ERR: Db Error: Unknown column 'geval_image_again' in 'where clause'
SELECT COUNT(*) AS nc_count FROM `zmkj_evaluate_goods` WHERE ( geval_goodsid = '105333' ) AND ( (geval_image <> '') OR (geval_image_again <> '') ) LIMIT 1  
[2020-01-21 03:33:47] /shop/index.php?act=goods&op=comments_list&goods_id=107110 ( act=goods&op=comments_list ) 
ERR: Db Error: Unknown column 'geval_image_again' in 'where clause'
SELECT COUNT(*) AS nc_count FROM `zmkj_evaluate_goods` WHERE ( geval_goodsid = '107110' ) AND ( (geval_image <> '') OR (geval_image_again <> '') ) LIMIT 1  
[2020-01-21 03:33:49] /shop/index.php?act=goods&op=comments_list&goods_id=106383 ( act=goods&op=comments_list ) 
ERR: Db Error: Unknown column 'geval_image_again' in 'where clause'
SELECT COUNT(*) AS nc_count FROM `zmkj_evaluate_goods` WHERE ( geval_goodsid = '106383' ) AND ( (geval_image <> '') OR (geval_image_again <> '') ) LIMIT 1  
[2020-01-21 03:33:59] /shop/index.php?act=goods&op=comments_list&goods_id=107095 ( act=goods&op=comments_list ) 
ERR: Db Error: Unknown column 'geval_image_again' in 'where clause'
SELECT COUNT(*) AS nc_count FROM `zmkj_evaluate_goods` WHERE ( geval_goodsid = '107095' ) AND ( (geval_image <> '') OR (geval_image_again <> '') ) LIMIT 1  
[2020-01-21 03:36:10] /shop/index.php?act=goods&op=comments_list&goods_id=107110 ( act=goods&op=comments_list ) 
ERR: Db Error: Unknown column 'geval_image_again' in 'where clause'
SELECT COUNT(*) AS nc_count FROM `zmkj_evaluate_goods` WHERE ( geval_goodsid = '107110' ) AND ( (geval_image <> '') OR (geval_image_again <> '') ) LIMIT 1  
[2020-01-21 06:48:26] /shop/index.php?act=goods&op=comments_list&goods_id=104144 ( act=goods&op=comments_list ) 
ERR: Db Error: Unknown column 'geval_image_again' in 'where clause'
SELECT COUNT(*) AS nc_count FROM `zmkj_evaluate_goods` WHERE ( geval_goodsid = '104144' ) AND ( (geval_image <> '') OR (geval_image_again <> '') ) LIMIT 1  
[2020-01-21 07:14:28] /shop/index.php?act=goods&op=comments_list&goods_id=107078 ( act=goods&op=comments_list ) 
ERR: Db Error: Unknown column 'geval_image_again' in 'where clause'
SELECT COUNT(*) AS nc_count FROM `zmkj_evaluate_goods` WHERE ( geval_goodsid = '107078' ) AND ( (geval_image <> '') OR (geval_image_again <> '') ) LIMIT 1  
[2020-01-21 07:15:12] /shop/index.php?act=hot_sale&op=index ( act=hot_sale&op=index ) 
ERR: Db Error: You have an error in your SQL syntax; check the manual that corresponds to your MySQL server version for the right syntax to use near ') and goods_state=1' at line 1
select * from zmkj_goods where goods_id in () and goods_state=1
[2020-01-21 07:15:12] /shop/index.php?act=hot_sale&op=index ( act=hot_sale&op=index ) 
ERR: Db Error: You have an error in your SQL syntax; check the manual that corresponds to your MySQL server version for the right syntax to use near '' at line 1
select `member_id` from zmkj_store where store_id = 
[2020-01-21 07:15:18] /shop/index.php?act=goods&op=comments_list&goods_id=105337 ( act=goods&op=comments_list ) 
ERR: Db Error: Unknown column 'geval_image_again' in 'where clause'
SELECT COUNT(*) AS nc_count FROM `zmkj_evaluate_goods` WHERE ( geval_goodsid = '105337' ) AND ( (geval_image <> '') OR (geval_image_again <> '') ) LIMIT 1  
[2020-01-21 07:15:37] /shop/index.php?act=goods&op=comments_list&goods_id=108663 ( act=goods&op=comments_list ) 
ERR: Db Error: Unknown column 'geval_image_again' in 'where clause'
SELECT COUNT(*) AS nc_count FROM `zmkj_evaluate_goods` WHERE ( geval_goodsid = '108663' ) AND ( (geval_image <> '') OR (geval_image_again <> '') ) LIMIT 1  
[2020-01-21 07:15:43] /shop/index.php?act=goods&op=comments_list&goods_id=108654 ( act=goods&op=comments_list ) 
ERR: Db Error: Unknown column 'geval_image_again' in 'where clause'
SELECT COUNT(*) AS nc_count FROM `zmkj_evaluate_goods` WHERE ( geval_goodsid = '108654' ) AND ( (geval_image <> '') OR (geval_image_again <> '') ) LIMIT 1  
[2020-01-21 07:16:02] /shop/index.php?act=goods&op=comments_list&goods_id=107142 ( act=goods&op=comments_list ) 
ERR: Db Error: Unknown column 'geval_image_again' in 'where clause'
SELECT COUNT(*) AS nc_count FROM `zmkj_evaluate_goods` WHERE ( geval_goodsid = '107142' ) AND ( (geval_image <> '') OR (geval_image_again <> '') ) LIMIT 1  
[2020-01-21 08:34:59] /shop/index.php?act=goods&op=comments_list&goods_id=108768 ( act=goods&op=comments_list ) 
ERR: Db Error: Unknown column 'geval_image_again' in 'where clause'
SELECT COUNT(*) AS nc_count FROM `zmkj_evaluate_goods` WHERE ( geval_goodsid = '108768' ) AND ( (geval_image <> '') OR (geval_image_again <> '') ) LIMIT 1  
[2020-01-21 09:10:25] /shop/index.php?act=goods&op=comments_list&goods_id=110764 ( act=goods&op=comments_list ) 
ERR: Db Error: Unknown column 'geval_image_again' in 'where clause'
SELECT COUNT(*) AS nc_count FROM `zmkj_evaluate_goods` WHERE ( geval_goodsid = '110764' ) AND ( (geval_image <> '') OR (geval_image_again <> '') ) LIMIT 1  
[2020-01-21 10:19:44] /shop/index.php?act=goods&op=comments_list&goods_id=107502 ( act=goods&op=comments_list ) 
ERR: Db Error: Unknown column 'geval_image_again' in 'where clause'
SELECT COUNT(*) AS nc_count FROM `zmkj_evaluate_goods` WHERE ( geval_goodsid = '107502' ) AND ( (geval_image <> '') OR (geval_image_again <> '') ) LIMIT 1  
[2020-01-21 10:19:46] /shop/index.php?act=goods&op=comments_list&goods_id=105220 ( act=goods&op=comments_list ) 
ERR: Db Error: Unknown column 'geval_image_again' in 'where clause'
SELECT COUNT(*) AS nc_count FROM `zmkj_evaluate_goods` WHERE ( geval_goodsid = '105220' ) AND ( (geval_image <> '') OR (geval_image_again <> '') ) LIMIT 1  
[2020-01-21 12:01:53] /shop/index.php?act=goods&op=comments_list&goods_id=106386 ( act=goods&op=comments_list ) 
ERR: Db Error: Unknown column 'geval_image_again' in 'where clause'
SELECT COUNT(*) AS nc_count FROM `zmkj_evaluate_goods` WHERE ( geval_goodsid = '106386' ) AND ( (geval_image <> '') OR (geval_image_again <> '') ) LIMIT 1  
[2020-01-21 13:05:07] /shop/index.php?act=goods&op=comments_list&goods_id=112586 ( act=goods&op=comments_list ) 
ERR: Db Error: Unknown column 'geval_image_again' in 'where clause'
SELECT COUNT(*) AS nc_count FROM `zmkj_evaluate_goods` WHERE ( geval_goodsid = '112586' ) AND ( (geval_image <> '') OR (geval_image_again <> '') ) LIMIT 1  
[2020-01-21 13:23:15] /shop/index.php?act=goods&op=comments_list&goods_id=111246 ( act=goods&op=comments_list ) 
ERR: Db Error: Unknown column 'geval_image_again' in 'where clause'
SELECT COUNT(*) AS nc_count FROM `zmkj_evaluate_goods` WHERE ( geval_goodsid = '111246' ) AND ( (geval_image <> '') OR (geval_image_again <> '') ) LIMIT 1  
[2020-01-21 15:09:20] /shop/index.php?act=goods&op=comments_list&goods_id=111934 ( act=goods&op=comments_list ) 
ERR: Db Error: Unknown column 'geval_image_again' in 'where clause'
SELECT COUNT(*) AS nc_count FROM `zmkj_evaluate_goods` WHERE ( geval_goodsid = '111934' ) AND ( (geval_image <> '') OR (geval_image_again <> '') ) LIMIT 1  
[2020-01-21 15:52:08] /shop/index.php?act=goods&op=comments_list&goods_id=112626 ( act=goods&op=comments_list ) 
ERR: Db Error: Unknown column 'geval_image_again' in 'where clause'
SELECT COUNT(*) AS nc_count FROM `zmkj_evaluate_goods` WHERE ( geval_goodsid = '112626' ) AND ( (geval_image <> '') OR (geval_image_again <> '') ) LIMIT 1  
[2020-01-21 17:24:39] /shop/index.php?act=goods&op=comments_list&goods_id=107288 ( act=goods&op=comments_list ) 
ERR: Db Error: Unknown column 'geval_image_again' in 'where clause'
SELECT COUNT(*) AS nc_count FROM `zmkj_evaluate_goods` WHERE ( geval_goodsid = '107288' ) AND ( (geval_image <> '') OR (geval_image_again <> '') ) LIMIT 1  
[2020-01-21 17:24:46] /shop/index.php?act=goods&op=comments_list&goods_id=108613 ( act=goods&op=comments_list ) 
ERR: Db Error: Unknown column 'geval_image_again' in 'where clause'
SELECT COUNT(*) AS nc_count FROM `zmkj_evaluate_goods` WHERE ( geval_goodsid = '108613' ) AND ( (geval_image <> '') OR (geval_image_again <> '') ) LIMIT 1  
[2020-01-21 17:24:48] /shop/index.php?act=goods&op=comments_list&goods_id=109856 ( act=goods&op=comments_list ) 
ERR: Db Error: Unknown column 'geval_image_again' in 'where clause'
SELECT COUNT(*) AS nc_count FROM `zmkj_evaluate_goods` WHERE ( geval_goodsid = '109856' ) AND ( (geval_image <> '') OR (geval_image_again <> '') ) LIMIT 1  
[2020-01-21 18:25:19] /shop/index.php?act=goods&op=comments_list&goods_id=107075 ( act=goods&op=comments_list ) 
ERR: Db Error: Unknown column 'geval_image_again' in 'where clause'
SELECT COUNT(*) AS nc_count FROM `zmkj_evaluate_goods` WHERE ( geval_goodsid = '107075' ) AND ( (geval_image <> '') OR (geval_image_again <> '') ) LIMIT 1  
[2020-01-21 18:40:15] /shop/index.php?act=goods&op=comments_list&goods_id=110764 ( act=goods&op=comments_list ) 
ERR: Db Error: Unknown column 'geval_image_again' in 'where clause'
SELECT COUNT(*) AS nc_count FROM `zmkj_evaluate_goods` WHERE ( geval_goodsid = '110764' ) AND ( (geval_image <> '') OR (geval_image_again <> '') ) LIMIT 1  
[2020-01-21 18:50:33] /shop/index.php?act=goods&op=comments_list&goods_id=104144 ( act=goods&op=comments_list ) 
ERR: Db Error: Unknown column 'geval_image_again' in 'where clause'
SELECT COUNT(*) AS nc_count FROM `zmkj_evaluate_goods` WHERE ( geval_goodsid = '104144' ) AND ( (geval_image <> '') OR (geval_image_again <> '') ) LIMIT 1  
[2020-01-21 18:56:08] /shop/index.php?act=goods&op=comments_list&goods_id=108615 ( act=goods&op=comments_list ) 
ERR: Db Error: Unknown column 'geval_image_again' in 'where clause'
SELECT COUNT(*) AS nc_count FROM `zmkj_evaluate_goods` WHERE ( geval_goodsid = '108615' ) AND ( (geval_image <> '') OR (geval_image_again <> '') ) LIMIT 1  
[2020-01-21 21:21:36] /shop/index.php?act=goods&op=comments_list&goods_id=107092 ( act=goods&op=comments_list ) 
ERR: Db Error: Unknown column 'geval_image_again' in 'where clause'
SELECT COUNT(*) AS nc_count FROM `zmkj_evaluate_goods` WHERE ( geval_goodsid = '107092' ) AND ( (geval_image <> '') OR (geval_image_again <> '') ) LIMIT 1  
[2020-01-21 21:51:55] /shop/index.php?act=goods&op=comments_list&goods_id=102310 ( act=goods&op=comments_list ) 
ERR: Db Error: Unknown column 'geval_image_again' in 'where clause'
SELECT COUNT(*) AS nc_count FROM `zmkj_evaluate_goods` WHERE ( geval_goodsid = '102310' ) AND ( (geval_image <> '') OR (geval_image_again <> '') ) LIMIT 1  
[2020-01-21 22:09:12] /shop/index.php?act=goods&op=comments_list&goods_id=106880 ( act=goods&op=comments_list ) 
ERR: Db Error: Unknown column 'geval_image_again' in 'where clause'
SELECT COUNT(*) AS nc_count FROM `zmkj_evaluate_goods` WHERE ( geval_goodsid = '106880' ) AND ( (geval_image <> '') OR (geval_image_again <> '') ) LIMIT 1  
[2020-01-21 22:21:38] /shop/index.php?act=goods&op=comments_list&goods_id=106584 ( act=goods&op=comments_list ) 
ERR: Db Error: Unknown column 'geval_image_again' in 'where clause'
SELECT COUNT(*) AS nc_count FROM `zmkj_evaluate_goods` WHERE ( geval_goodsid = '106584' ) AND ( (geval_image <> '') OR (geval_image_again <> '') ) LIMIT 1  
[2020-01-21 23:58:42] /shop/index.php?act=goods&op=comments_list&goods_id=102771 ( act=goods&op=comments_list ) 
ERR: Db Error: Unknown column 'geval_image_again' in 'where clause'
SELECT COUNT(*) AS nc_count FROM `zmkj_evaluate_goods` WHERE ( geval_goodsid = '102771' ) AND ( (geval_image <> '') OR (geval_image_again <> '') ) LIMIT 1  
