[2020-01-26 00:29:59] /shop/index.php?act=goods&op=comments_list&goods_id=111246 ( act=goods&op=comments_list ) 
ERR: Db Error: Unknown column 'geval_image_again' in 'where clause'
SELECT COUNT(*) AS nc_count FROM `zmkj_evaluate_goods` WHERE ( geval_goodsid = '111246' ) AND ( (geval_image <> '') OR (geval_image_again <> '') ) LIMIT 1  
[2020-01-26 00:59:59] /shop/index.php?act=goods&goods_id=106367&op=comments_list ( act=goods&op=comments_list ) 
ERR: Db Error: Unknown column 'geval_image_again' in 'where clause'
SELECT COUNT(*) AS nc_count FROM `zmkj_evaluate_goods` WHERE ( geval_goodsid = '106367' ) AND ( (geval_image <> '') OR (geval_image_again <> '') ) LIMIT 1  
[2020-01-26 02:57:47] /shop/index.php?act=goods&op=comments_list&goods_id=113674&type=1 ( act=goods&op=comments_list ) 
ERR: Db Error: Unknown column 'geval_image_again' in 'where clause'
SELECT COUNT(*) AS nc_count FROM `zmkj_evaluate_goods` WHERE ( geval_goodsid = '113674' ) AND ( (geval_image <> '') OR (geval_image_again <> '') ) LIMIT 1  
[2020-01-26 03:05:55] /shop/index.php?act=goods&op=comments_list&goods_id=110613 ( act=goods&op=comments_list ) 
ERR: Db Error: Unknown column 'geval_image_again' in 'where clause'
SELECT COUNT(*) AS nc_count FROM `zmkj_evaluate_goods` WHERE ( geval_goodsid = '110613' ) AND ( (geval_image <> '') OR (geval_image_again <> '') ) LIMIT 1  
[2020-01-26 03:16:11] /shop/index.php?act=goods&op=comments_list&goods_id=113676&type=1 ( act=goods&op=comments_list ) 
ERR: Db Error: Unknown column 'geval_image_again' in 'where clause'
SELECT COUNT(*) AS nc_count FROM `zmkj_evaluate_goods` WHERE ( geval_goodsid = '113676' ) AND ( (geval_image <> '') OR (geval_image_again <> '') ) LIMIT 1  
[2020-01-26 03:27:21] /shop/index.php?act=goods&op=comments_list&goods_id=113470&type=1 ( act=goods&op=comments_list ) 
ERR: Db Error: Unknown column 'geval_image_again' in 'where clause'
SELECT COUNT(*) AS nc_count FROM `zmkj_evaluate_goods` WHERE ( geval_goodsid = '113470' ) AND ( (geval_image <> '') OR (geval_image_again <> '') ) LIMIT 1  
[2020-01-26 04:20:13] /shop/index.php?act=goods&op=comments_list&goods_id=113677&type=2 ( act=goods&op=comments_list ) 
ERR: Db Error: Unknown column 'geval_image_again' in 'where clause'
SELECT COUNT(*) AS nc_count FROM `zmkj_evaluate_goods` WHERE ( geval_goodsid = '113677' ) AND ( (geval_image <> '') OR (geval_image_again <> '') ) LIMIT 1  
[2020-01-26 04:53:37] /shop/index.php?act=goods&op=comments_list&goods_id=113676&type=3 ( act=goods&op=comments_list ) 
ERR: Db Error: Unknown column 'geval_image_again' in 'where clause'
SELECT COUNT(*) AS nc_count FROM `zmkj_evaluate_goods` WHERE ( geval_goodsid = '113676' ) AND ( (geval_image <> '') OR (geval_image_again <> '') ) LIMIT 1  
[2020-01-26 05:06:45] /shop/index.php?act=goods&op=comments_list&goods_id=113470&type=3 ( act=goods&op=comments_list ) 
ERR: Db Error: Unknown column 'geval_image_again' in 'where clause'
SELECT COUNT(*) AS nc_count FROM `zmkj_evaluate_goods` WHERE ( geval_goodsid = '113470' ) AND ( (geval_image <> '') OR (geval_image_again <> '') ) LIMIT 1  
[2020-01-26 05:09:32] /shop/index.php?act=goods&op=comments_list&goods_id=113670&type=1 ( act=goods&op=comments_list ) 
ERR: Db Error: Unknown column 'geval_image_again' in 'where clause'
SELECT COUNT(*) AS nc_count FROM `zmkj_evaluate_goods` WHERE ( geval_goodsid = '113670' ) AND ( (geval_image <> '') OR (geval_image_again <> '') ) LIMIT 1  
[2020-01-26 05:28:36] /shop/index.php?act=goods&op=comments_list&goods_id=113470&type=2 ( act=goods&op=comments_list ) 
ERR: Db Error: Unknown column 'geval_image_again' in 'where clause'
SELECT COUNT(*) AS nc_count FROM `zmkj_evaluate_goods` WHERE ( geval_goodsid = '113470' ) AND ( (geval_image <> '') OR (geval_image_again <> '') ) LIMIT 1  
[2020-01-26 05:37:19] /shop/index.php?act=goods&op=comments_list&goods_id=113676&type=2 ( act=goods&op=comments_list ) 
ERR: Db Error: Unknown column 'geval_image_again' in 'where clause'
SELECT COUNT(*) AS nc_count FROM `zmkj_evaluate_goods` WHERE ( geval_goodsid = '113676' ) AND ( (geval_image <> '') OR (geval_image_again <> '') ) LIMIT 1  
[2020-01-26 05:38:06] /shop/index.php?act=goods&op=comments_list&goods_id=113674&type=2 ( act=goods&op=comments_list ) 
ERR: Db Error: Unknown column 'geval_image_again' in 'where clause'
SELECT COUNT(*) AS nc_count FROM `zmkj_evaluate_goods` WHERE ( geval_goodsid = '113674' ) AND ( (geval_image <> '') OR (geval_image_again <> '') ) LIMIT 1  
[2020-01-26 05:39:46] /shop/index.php?act=goods&op=comments_list&goods_id=113674&type=3 ( act=goods&op=comments_list ) 
ERR: Db Error: Unknown column 'geval_image_again' in 'where clause'
SELECT COUNT(*) AS nc_count FROM `zmkj_evaluate_goods` WHERE ( geval_goodsid = '113674' ) AND ( (geval_image <> '') OR (geval_image_again <> '') ) LIMIT 1  
[2020-01-26 05:42:29] /shop/index.php?act=goods&op=comments_list&goods_id=113677&type=1 ( act=goods&op=comments_list ) 
ERR: Db Error: Unknown column 'geval_image_again' in 'where clause'
SELECT COUNT(*) AS nc_count FROM `zmkj_evaluate_goods` WHERE ( geval_goodsid = '113677' ) AND ( (geval_image <> '') OR (geval_image_again <> '') ) LIMIT 1  
[2020-01-26 05:46:55] /shop/index.php?act=goods&op=comments_list&goods_id=113471&type=1 ( act=goods&op=comments_list ) 
ERR: Db Error: Unknown column 'geval_image_again' in 'where clause'
SELECT COUNT(*) AS nc_count FROM `zmkj_evaluate_goods` WHERE ( geval_goodsid = '113471' ) AND ( (geval_image <> '') OR (geval_image_again <> '') ) LIMIT 1  
[2020-01-26 05:47:51] /shop/index.php?act=goods&op=comments_list&goods_id=113471&type=2 ( act=goods&op=comments_list ) 
ERR: Db Error: Unknown column 'geval_image_again' in 'where clause'
SELECT COUNT(*) AS nc_count FROM `zmkj_evaluate_goods` WHERE ( geval_goodsid = '113471' ) AND ( (geval_image <> '') OR (geval_image_again <> '') ) LIMIT 1  
[2020-01-26 05:54:18] /shop/index.php?act=goods&op=comments_list&goods_id=113471&type=3 ( act=goods&op=comments_list ) 
ERR: Db Error: Unknown column 'geval_image_again' in 'where clause'
SELECT COUNT(*) AS nc_count FROM `zmkj_evaluate_goods` WHERE ( geval_goodsid = '113471' ) AND ( (geval_image <> '') OR (geval_image_again <> '') ) LIMIT 1  
[2020-01-26 06:06:20] /shop/index.php?act=goods&op=comments_list&goods_id=113475&type=1 ( act=goods&op=comments_list ) 
ERR: Db Error: Unknown column 'geval_image_again' in 'where clause'
SELECT COUNT(*) AS nc_count FROM `zmkj_evaluate_goods` WHERE ( geval_goodsid = '113475' ) AND ( (geval_image <> '') OR (geval_image_again <> '') ) LIMIT 1  
[2020-01-26 06:19:38] /shop/index.php?act=goods&op=comments_list&goods_id=113475&type=2 ( act=goods&op=comments_list ) 
ERR: Db Error: Unknown column 'geval_image_again' in 'where clause'
SELECT COUNT(*) AS nc_count FROM `zmkj_evaluate_goods` WHERE ( geval_goodsid = '113475' ) AND ( (geval_image <> '') OR (geval_image_again <> '') ) LIMIT 1  
[2020-01-26 09:07:20] /shop/index.php?act=goods&op=comments_list&goods_id=113475&type=3 ( act=goods&op=comments_list ) 
ERR: Db Error: Unknown column 'geval_image_again' in 'where clause'
SELECT COUNT(*) AS nc_count FROM `zmkj_evaluate_goods` WHERE ( geval_goodsid = '113475' ) AND ( (geval_image <> '') OR (geval_image_again <> '') ) LIMIT 1  
[2020-01-26 09:08:51] /shop/index.php?act=goods&op=comments_list&goods_id=113670&type=3 ( act=goods&op=comments_list ) 
ERR: Db Error: Unknown column 'geval_image_again' in 'where clause'
SELECT COUNT(*) AS nc_count FROM `zmkj_evaluate_goods` WHERE ( geval_goodsid = '113670' ) AND ( (geval_image <> '') OR (geval_image_again <> '') ) LIMIT 1  
[2020-01-26 09:18:24] /shop/index.php?act=goods&goods_id=111727&op=comments_list ( act=goods&op=comments_list ) 
ERR: Db Error: Unknown column 'geval_image_again' in 'where clause'
SELECT COUNT(*) AS nc_count FROM `zmkj_evaluate_goods` WHERE ( geval_goodsid = '111727' ) AND ( (geval_image <> '') OR (geval_image_again <> '') ) LIMIT 1  
[2020-01-26 11:59:48] /shop/index.php?act=goods&op=comments_list&goods_id=113682 ( act=goods&op=comments_list ) 
ERR: Db Error: Unknown column 'geval_image_again' in 'where clause'
SELECT COUNT(*) AS nc_count FROM `zmkj_evaluate_goods` WHERE ( geval_goodsid = '113682' ) AND ( (geval_image <> '') OR (geval_image_again <> '') ) LIMIT 1  
[2020-01-26 12:09:55] /shop/index.php?act=goods&goods_id=111730&op=comments_list ( act=goods&op=comments_list ) 
ERR: Db Error: Unknown column 'geval_image_again' in 'where clause'
SELECT COUNT(*) AS nc_count FROM `zmkj_evaluate_goods` WHERE ( geval_goodsid = '111730' ) AND ( (geval_image <> '') OR (geval_image_again <> '') ) LIMIT 1  
[2020-01-26 13:08:44] /shop/index.php?act=goods&goods_id=100589&op=comments_list ( act=goods&op=comments_list ) 
ERR: Db Error: Unknown column 'geval_image_again' in 'where clause'
SELECT COUNT(*) AS nc_count FROM `zmkj_evaluate_goods` WHERE ( geval_goodsid = '100589' ) AND ( (geval_image <> '') OR (geval_image_again <> '') ) LIMIT 1  
[2020-01-26 14:52:15] /shop/index.php?act=goods&goods_id=108275&op=comments_list ( act=goods&op=comments_list ) 
ERR: Db Error: Unknown column 'geval_image_again' in 'where clause'
SELECT COUNT(*) AS nc_count FROM `zmkj_evaluate_goods` WHERE ( geval_goodsid = '108275' ) AND ( (geval_image <> '') OR (geval_image_again <> '') ) LIMIT 1  
[2020-01-26 14:52:17] /shop/index.php?act=goods&goods_id=108646&op=comments_list ( act=goods&op=comments_list ) 
ERR: Db Error: Unknown column 'geval_image_again' in 'where clause'
SELECT COUNT(*) AS nc_count FROM `zmkj_evaluate_goods` WHERE ( geval_goodsid = '108646' ) AND ( (geval_image <> '') OR (geval_image_again <> '') ) LIMIT 1  
[2020-01-26 17:16:45] /shop/index.php?act=search&op=index&cate_id=1696 ( act=search&op=index ) 
ERR: Db Error: Unknown column 'gc_id_' in 'where clause'
SELECT count(distinct CONCAT(goods_commonid)) AS nc_count FROM `zmkj_goods` WHERE ( gc_id_ = '1696' ) AND ( goods_state = '1' ) AND ( goods_verify = '1' ) LIMIT 1  
[2020-01-26 17:46:04] /shop/index.php?act=goods&op=comments_list&goods_id=105769 ( act=goods&op=comments_list ) 
ERR: Db Error: Unknown column 'geval_image_again' in 'where clause'
SELECT COUNT(*) AS nc_count FROM `zmkj_evaluate_goods` WHERE ( geval_goodsid = '105769' ) AND ( (geval_image <> '') OR (geval_image_again <> '') ) LIMIT 1  
[2020-01-26 19:34:23] /shop/index.php?act=hot_sale&op=index ( act=hot_sale&op=index ) 
ERR: Db Error: You have an error in your SQL syntax; check the manual that corresponds to your MySQL server version for the right syntax to use near ') and goods_state=1' at line 1
select * from zmkj_goods where goods_id in () and goods_state=1
[2020-01-26 19:34:23] /shop/index.php?act=hot_sale&op=index ( act=hot_sale&op=index ) 
ERR: Db Error: You have an error in your SQL syntax; check the manual that corresponds to your MySQL server version for the right syntax to use near '' at line 1
select `member_id` from zmkj_store where store_id = 
[2020-01-26 20:00:21] /shop/index.php?act=goods&goods_id=112874&op=comments_list ( act=goods&op=comments_list ) 
ERR: Db Error: Unknown column 'geval_image_again' in 'where clause'
SELECT COUNT(*) AS nc_count FROM `zmkj_evaluate_goods` WHERE ( geval_goodsid = '112874' ) AND ( (geval_image <> '') OR (geval_image_again <> '') ) LIMIT 1  
[2020-01-26 20:26:38] /shop/index.php?act=goods&op=comments_list&goods_id=100869 ( act=goods&op=comments_list ) 
ERR: Db Error: Unknown column 'geval_image_again' in 'where clause'
SELECT COUNT(*) AS nc_count FROM `zmkj_evaluate_goods` WHERE ( geval_goodsid = '100869' ) AND ( (geval_image <> '') OR (geval_image_again <> '') ) LIMIT 1  
