[2020-02-03 00:13:14] /shop/index.php?act=goods&op=comments_list&goods_id=105220 ( act=goods&op=comments_list ) 
ERR: Db Error: Unknown column 'geval_image_again' in 'where clause'
SELECT COUNT(*) AS nc_count FROM `zmkj_evaluate_goods` WHERE ( geval_goodsid = '105220' ) AND ( (geval_image <> '') OR (geval_image_again <> '') ) LIMIT 1  
[2020-02-03 01:18:40] /shop/index.php?act=goods&goods_id=102053&op=comments_list&type=3 ( act=goods&op=comments_list ) 
ERR: Db Error: Unknown column 'geval_image_again' in 'where clause'
SELECT COUNT(*) AS nc_count FROM `zmkj_evaluate_goods` WHERE ( geval_goodsid = '102053' ) AND ( (geval_image <> '') OR (geval_image_again <> '') ) LIMIT 1  
[2020-02-03 01:18:42] /shop/index.php?act=goods&goods_id=108705&op=comments_list ( act=goods&op=comments_list ) 
ERR: Db Error: Unknown column 'geval_image_again' in 'where clause'
SELECT COUNT(*) AS nc_count FROM `zmkj_evaluate_goods` WHERE ( geval_goodsid = '108705' ) AND ( (geval_image <> '') OR (geval_image_again <> '') ) LIMIT 1  
[2020-02-03 01:18:42] /shop/index.php?act=goods&goods_id=107193&op=comments_list ( act=goods&op=comments_list ) 
ERR: Db Error: Unknown column 'geval_image_again' in 'where clause'
SELECT COUNT(*) AS nc_count FROM `zmkj_evaluate_goods` WHERE ( geval_goodsid = '107193' ) AND ( (geval_image <> '') OR (geval_image_again <> '') ) LIMIT 1  
[2020-02-03 01:23:50] /shop/index.php?act=goods&op=comments_list&goods_id=104144 ( act=goods&op=comments_list ) 
ERR: Db Error: Unknown column 'geval_image_again' in 'where clause'
SELECT COUNT(*) AS nc_count FROM `zmkj_evaluate_goods` WHERE ( geval_goodsid = '104144' ) AND ( (geval_image <> '') OR (geval_image_again <> '') ) LIMIT 1  
[2020-02-03 01:29:33] /shop/index.php?act=goods&goods_id=101953&op=comments_list ( act=goods&op=comments_list ) 
ERR: Db Error: Unknown column 'geval_image_again' in 'where clause'
SELECT COUNT(*) AS nc_count FROM `zmkj_evaluate_goods` WHERE ( geval_goodsid = '101953' ) AND ( (geval_image <> '') OR (geval_image_again <> '') ) LIMIT 1  
[2020-02-03 01:32:26] /shop/index.php?act=goods&goods_id=101904&op=comments_list ( act=goods&op=comments_list ) 
ERR: Db Error: Unknown column 'geval_image_again' in 'where clause'
SELECT COUNT(*) AS nc_count FROM `zmkj_evaluate_goods` WHERE ( geval_goodsid = '101904' ) AND ( (geval_image <> '') OR (geval_image_again <> '') ) LIMIT 1  
[2020-02-03 01:44:06] /shop/index.php?act=goods&goods_id=103580&op=comments_list ( act=goods&op=comments_list ) 
ERR: Db Error: Unknown column 'geval_image_again' in 'where clause'
SELECT COUNT(*) AS nc_count FROM `zmkj_evaluate_goods` WHERE ( geval_goodsid = '103580' ) AND ( (geval_image <> '') OR (geval_image_again <> '') ) LIMIT 1  
[2020-02-03 02:38:20] /shop/index.php?act=goods&goods_id=103251&op=comments_list ( act=goods&op=comments_list ) 
ERR: Db Error: Unknown column 'geval_image_again' in 'where clause'
SELECT COUNT(*) AS nc_count FROM `zmkj_evaluate_goods` WHERE ( geval_goodsid = '103251' ) AND ( (geval_image <> '') OR (geval_image_again <> '') ) LIMIT 1  
[2020-02-03 03:05:07] /shop/index.php?act=goods&goods_id=108223&op=comments_list ( act=goods&op=comments_list ) 
ERR: Db Error: Unknown column 'geval_image_again' in 'where clause'
SELECT COUNT(*) AS nc_count FROM `zmkj_evaluate_goods` WHERE ( geval_goodsid = '108223' ) AND ( (geval_image <> '') OR (geval_image_again <> '') ) LIMIT 1  
[2020-02-03 03:30:30] /shop/index.php?act=hot_sale&op=index ( act=hot_sale&op=index ) 
ERR: Db Error: You have an error in your SQL syntax; check the manual that corresponds to your MySQL server version for the right syntax to use near ') and goods_state=1' at line 1
select * from zmkj_goods where goods_id in () and goods_state=1
[2020-02-03 03:30:30] /shop/index.php?act=hot_sale&op=index ( act=hot_sale&op=index ) 
ERR: Db Error: You have an error in your SQL syntax; check the manual that corresponds to your MySQL server version for the right syntax to use near '' at line 1
select `member_id` from zmkj_store where store_id = 
[2020-02-03 04:37:40] /shop/index.php?act=goods&goods_id=103224&op=comments_list ( act=goods&op=comments_list ) 
ERR: Db Error: Unknown column 'geval_image_again' in 'where clause'
SELECT COUNT(*) AS nc_count FROM `zmkj_evaluate_goods` WHERE ( geval_goodsid = '103224' ) AND ( (geval_image <> '') OR (geval_image_again <> '') ) LIMIT 1  
[2020-02-03 04:39:24] /shop/index.php?act=goods&goods_id=100474&op=comments_list ( act=goods&op=comments_list ) 
ERR: Db Error: Unknown column 'geval_image_again' in 'where clause'
SELECT COUNT(*) AS nc_count FROM `zmkj_evaluate_goods` WHERE ( geval_goodsid = '100474' ) AND ( (geval_image <> '') OR (geval_image_again <> '') ) LIMIT 1  
[2020-02-03 05:03:15] /shop/index.php?act=goods&goods_id=101348&op=comments_list ( act=goods&op=comments_list ) 
ERR: Db Error: Unknown column 'geval_image_again' in 'where clause'
SELECT COUNT(*) AS nc_count FROM `zmkj_evaluate_goods` WHERE ( geval_goodsid = '101348' ) AND ( (geval_image <> '') OR (geval_image_again <> '') ) LIMIT 1  
[2020-02-03 05:27:54] /shop/index.php?act=goods&op=comments_list&goods_id=110613 ( act=goods&op=comments_list ) 
ERR: Db Error: Unknown column 'geval_image_again' in 'where clause'
SELECT COUNT(*) AS nc_count FROM `zmkj_evaluate_goods` WHERE ( geval_goodsid = '110613' ) AND ( (geval_image <> '') OR (geval_image_again <> '') ) LIMIT 1  
[2020-02-03 05:36:30] /shop/index.php?act=goods&goods_id=106722&op=comments_list ( act=goods&op=comments_list ) 
ERR: Db Error: Unknown column 'geval_image_again' in 'where clause'
SELECT COUNT(*) AS nc_count FROM `zmkj_evaluate_goods` WHERE ( geval_goodsid = '106722' ) AND ( (geval_image <> '') OR (geval_image_again <> '') ) LIMIT 1  
[2020-02-03 05:42:33] /shop/index.php?act=goods&goods_id=103895&op=comments_list ( act=goods&op=comments_list ) 
ERR: Db Error: Unknown column 'geval_image_again' in 'where clause'
SELECT COUNT(*) AS nc_count FROM `zmkj_evaluate_goods` WHERE ( geval_goodsid = '103895' ) AND ( (geval_image <> '') OR (geval_image_again <> '') ) LIMIT 1  
[2020-02-03 05:48:32] /shop/index.php?act=goods&goods_id=107672&op=comments_list ( act=goods&op=comments_list ) 
ERR: Db Error: Unknown column 'geval_image_again' in 'where clause'
SELECT COUNT(*) AS nc_count FROM `zmkj_evaluate_goods` WHERE ( geval_goodsid = '107672' ) AND ( (geval_image <> '') OR (geval_image_again <> '') ) LIMIT 1  
[2020-02-03 05:58:13] /shop/index.php?act=goods&goods_id=106551&op=comments_list ( act=goods&op=comments_list ) 
ERR: Db Error: Unknown column 'geval_image_again' in 'where clause'
SELECT COUNT(*) AS nc_count FROM `zmkj_evaluate_goods` WHERE ( geval_goodsid = '106551' ) AND ( (geval_image <> '') OR (geval_image_again <> '') ) LIMIT 1  
[2020-02-03 05:59:50] /shop/index.php?act=goods&goods_id=102878&op=comments_list ( act=goods&op=comments_list ) 
ERR: Db Error: Unknown column 'geval_image_again' in 'where clause'
SELECT COUNT(*) AS nc_count FROM `zmkj_evaluate_goods` WHERE ( geval_goodsid = '102878' ) AND ( (geval_image <> '') OR (geval_image_again <> '') ) LIMIT 1  
[2020-02-03 06:08:25] /shop/index.php?act=goods&goods_id=106678&op=comments_list ( act=goods&op=comments_list ) 
ERR: Db Error: Unknown column 'geval_image_again' in 'where clause'
SELECT COUNT(*) AS nc_count FROM `zmkj_evaluate_goods` WHERE ( geval_goodsid = '106678' ) AND ( (geval_image <> '') OR (geval_image_again <> '') ) LIMIT 1  
[2020-02-03 06:08:49] /shop/index.php?act=goods&goods_id=107349&op=comments_list ( act=goods&op=comments_list ) 
ERR: Db Error: Unknown column 'geval_image_again' in 'where clause'
SELECT COUNT(*) AS nc_count FROM `zmkj_evaluate_goods` WHERE ( geval_goodsid = '107349' ) AND ( (geval_image <> '') OR (geval_image_again <> '') ) LIMIT 1  
[2020-02-03 06:15:47] /shop/index.php?act=goods&goods_id=107402&op=comments_list ( act=goods&op=comments_list ) 
ERR: Db Error: Unknown column 'geval_image_again' in 'where clause'
SELECT COUNT(*) AS nc_count FROM `zmkj_evaluate_goods` WHERE ( geval_goodsid = '107402' ) AND ( (geval_image <> '') OR (geval_image_again <> '') ) LIMIT 1  
[2020-02-03 06:16:21] /shop/index.php?act=goods&goods_id=107912&op=comments_list ( act=goods&op=comments_list ) 
ERR: Db Error: Unknown column 'geval_image_again' in 'where clause'
SELECT COUNT(*) AS nc_count FROM `zmkj_evaluate_goods` WHERE ( geval_goodsid = '107912' ) AND ( (geval_image <> '') OR (geval_image_again <> '') ) LIMIT 1  
[2020-02-03 06:18:22] /shop/index.php?act=goods&goods_id=105474&op=comments_list ( act=goods&op=comments_list ) 
ERR: Db Error: Unknown column 'geval_image_again' in 'where clause'
SELECT COUNT(*) AS nc_count FROM `zmkj_evaluate_goods` WHERE ( geval_goodsid = '105474' ) AND ( (geval_image <> '') OR (geval_image_again <> '') ) LIMIT 1  
[2020-02-03 06:18:44] /shop/index.php?act=goods&goods_id=103023&op=comments_list&type=3 ( act=goods&op=comments_list ) 
ERR: Db Error: Unknown column 'geval_image_again' in 'where clause'
SELECT COUNT(*) AS nc_count FROM `zmkj_evaluate_goods` WHERE ( geval_goodsid = '103023' ) AND ( (geval_image <> '') OR (geval_image_again <> '') ) LIMIT 1  
[2020-02-03 06:21:10] /shop/index.php?act=goods&goods_id=105581&op=comments_list&type=3 ( act=goods&op=comments_list ) 
ERR: Db Error: Unknown column 'geval_image_again' in 'where clause'
SELECT COUNT(*) AS nc_count FROM `zmkj_evaluate_goods` WHERE ( geval_goodsid = '105581' ) AND ( (geval_image <> '') OR (geval_image_again <> '') ) LIMIT 1  
[2020-02-03 06:21:45] /shop/index.php?act=goods&goods_id=101812&op=comments_list&type=3 ( act=goods&op=comments_list ) 
ERR: Db Error: Unknown column 'geval_image_again' in 'where clause'
SELECT COUNT(*) AS nc_count FROM `zmkj_evaluate_goods` WHERE ( geval_goodsid = '101812' ) AND ( (geval_image <> '') OR (geval_image_again <> '') ) LIMIT 1  
[2020-02-03 06:22:15] /shop/index.php?act=goods&goods_id=108241&op=comments_list ( act=goods&op=comments_list ) 
ERR: Db Error: Unknown column 'geval_image_again' in 'where clause'
SELECT COUNT(*) AS nc_count FROM `zmkj_evaluate_goods` WHERE ( geval_goodsid = '108241' ) AND ( (geval_image <> '') OR (geval_image_again <> '') ) LIMIT 1  
[2020-02-03 06:26:51] /shop/index.php?act=goods&goods_id=105846&op=comments_list ( act=goods&op=comments_list ) 
ERR: Db Error: Unknown column 'geval_image_again' in 'where clause'
SELECT COUNT(*) AS nc_count FROM `zmkj_evaluate_goods` WHERE ( geval_goodsid = '105846' ) AND ( (geval_image <> '') OR (geval_image_again <> '') ) LIMIT 1  
[2020-02-03 06:27:59] /shop/index.php?act=goods&goods_id=102551&op=comments_list ( act=goods&op=comments_list ) 
ERR: Db Error: Unknown column 'geval_image_again' in 'where clause'
SELECT COUNT(*) AS nc_count FROM `zmkj_evaluate_goods` WHERE ( geval_goodsid = '102551' ) AND ( (geval_image <> '') OR (geval_image_again <> '') ) LIMIT 1  
[2020-02-03 06:30:25] /shop/index.php?act=goods&goods_id=102564&op=comments_list ( act=goods&op=comments_list ) 
ERR: Db Error: Unknown column 'geval_image_again' in 'where clause'
SELECT COUNT(*) AS nc_count FROM `zmkj_evaluate_goods` WHERE ( geval_goodsid = '102564' ) AND ( (geval_image <> '') OR (geval_image_again <> '') ) LIMIT 1  
[2020-02-03 06:31:47] /shop/index.php?act=goods&goods_id=103299&op=comments_list ( act=goods&op=comments_list ) 
ERR: Db Error: Unknown column 'geval_image_again' in 'where clause'
SELECT COUNT(*) AS nc_count FROM `zmkj_evaluate_goods` WHERE ( geval_goodsid = '103299' ) AND ( (geval_image <> '') OR (geval_image_again <> '') ) LIMIT 1  
[2020-02-03 06:34:54] /shop/index.php?act=goods&goods_id=107091&op=comments_list&type=2 ( act=goods&op=comments_list ) 
ERR: Db Error: Unknown column 'geval_image_again' in 'where clause'
SELECT COUNT(*) AS nc_count FROM `zmkj_evaluate_goods` WHERE ( geval_goodsid = '107091' ) AND ( (geval_image <> '') OR (geval_image_again <> '') ) LIMIT 1  
[2020-02-03 06:36:27] /shop/index.php?act=goods&goods_id=108009&op=comments_list ( act=goods&op=comments_list ) 
ERR: Db Error: Unknown column 'geval_image_again' in 'where clause'
SELECT COUNT(*) AS nc_count FROM `zmkj_evaluate_goods` WHERE ( geval_goodsid = '108009' ) AND ( (geval_image <> '') OR (geval_image_again <> '') ) LIMIT 1  
[2020-02-03 06:37:46] /shop/index.php?act=goods&goods_id=106032&op=comments_list ( act=goods&op=comments_list ) 
ERR: Db Error: Unknown column 'geval_image_again' in 'where clause'
SELECT COUNT(*) AS nc_count FROM `zmkj_evaluate_goods` WHERE ( geval_goodsid = '106032' ) AND ( (geval_image <> '') OR (geval_image_again <> '') ) LIMIT 1  
[2020-02-03 06:38:17] /shop/index.php?act=goods&goods_id=106554&op=comments_list ( act=goods&op=comments_list ) 
ERR: Db Error: Unknown column 'geval_image_again' in 'where clause'
SELECT COUNT(*) AS nc_count FROM `zmkj_evaluate_goods` WHERE ( geval_goodsid = '106554' ) AND ( (geval_image <> '') OR (geval_image_again <> '') ) LIMIT 1  
[2020-02-03 06:38:35] /shop/index.php?act=goods&goods_id=106326&op=comments_list ( act=goods&op=comments_list ) 
ERR: Db Error: Unknown column 'geval_image_again' in 'where clause'
SELECT COUNT(*) AS nc_count FROM `zmkj_evaluate_goods` WHERE ( geval_goodsid = '106326' ) AND ( (geval_image <> '') OR (geval_image_again <> '') ) LIMIT 1  
[2020-02-03 06:38:48] /shop/index.php?act=goods&goods_id=104318&op=comments_list ( act=goods&op=comments_list ) 
ERR: Db Error: Unknown column 'geval_image_again' in 'where clause'
SELECT COUNT(*) AS nc_count FROM `zmkj_evaluate_goods` WHERE ( geval_goodsid = '104318' ) AND ( (geval_image <> '') OR (geval_image_again <> '') ) LIMIT 1  
[2020-02-03 06:38:58] /shop/index.php?act=goods&goods_id=107642&op=comments_list ( act=goods&op=comments_list ) 
ERR: Db Error: Unknown column 'geval_image_again' in 'where clause'
SELECT COUNT(*) AS nc_count FROM `zmkj_evaluate_goods` WHERE ( geval_goodsid = '107642' ) AND ( (geval_image <> '') OR (geval_image_again <> '') ) LIMIT 1  
[2020-02-03 06:39:07] /shop/index.php?act=goods&goods_id=106014&op=comments_list ( act=goods&op=comments_list ) 
ERR: Db Error: Unknown column 'geval_image_again' in 'where clause'
SELECT COUNT(*) AS nc_count FROM `zmkj_evaluate_goods` WHERE ( geval_goodsid = '106014' ) AND ( (geval_image <> '') OR (geval_image_again <> '') ) LIMIT 1  
[2020-02-03 11:16:20] /shop/index.php?act=show_store'&op=goods_all'&store_id=51'&curpage=5'" ( act=index&op=index ) 
ERR: Db Error: You have an error in your SQL syntax; check the manual that corresponds to your MySQL server version for the right syntax to use near '-6,6' at line 1
SELECT * FROM `zmkj_evaluate_goods` WHERE ( geval_goodsid <> NULL ) AND ( geval_goodsname <> NULL ) AND ( geval_ordergoodsid <> NULL ) ORDER BY geval_id desc LIMIT -6,6  
[2020-02-03 11:16:24] /shop/index.php?op=goods_all&store_id=51&curpage=5&act=show_store2121121121212.1 ( act=index&op=goods_all ) 
ERR: Db Error: You have an error in your SQL syntax; check the manual that corresponds to your MySQL server version for the right syntax to use near '-6,6' at line 1
SELECT * FROM `zmkj_evaluate_goods` WHERE ( geval_goodsid <> NULL ) AND ( geval_goodsname <> NULL ) AND ( geval_ordergoodsid <> NULL ) ORDER BY geval_id desc LIMIT -6,6  
[2020-02-03 11:16:26] /shop/index.php?op=goods_all&store_id=51&curpage=5&act=show_store%20and%201%3D1 ( act=index&op=goods_all ) 
ERR: Db Error: You have an error in your SQL syntax; check the manual that corresponds to your MySQL server version for the right syntax to use near '-6,6' at line 1
SELECT * FROM `zmkj_evaluate_goods` WHERE ( geval_goodsid <> NULL ) AND ( geval_goodsname <> NULL ) AND ( geval_ordergoodsid <> NULL ) ORDER BY geval_id desc LIMIT -6,6  
[2020-02-03 11:16:30] /shop/index.php?op=goods_all&store_id=51&curpage=5&act=show_store%20and%201%3E1 ( act=index&op=goods_all ) 
ERR: Db Error: You have an error in your SQL syntax; check the manual that corresponds to your MySQL server version for the right syntax to use near '-6,6' at line 1
SELECT * FROM `zmkj_evaluate_goods` WHERE ( geval_goodsid <> NULL ) AND ( geval_goodsname <> NULL ) AND ( geval_ordergoodsid <> NULL ) ORDER BY geval_id desc LIMIT -6,6  
[2020-02-03 11:16:45] /shop/index.php?op=goods_all&store_id=51&curpage=5&act=show_store%27%20and%20%27x%27%3D%27x ( act=index&op=goods_all ) 
ERR: Db Error: You have an error in your SQL syntax; check the manual that corresponds to your MySQL server version for the right syntax to use near '-6,6' at line 1
SELECT * FROM `zmkj_evaluate_goods` WHERE ( geval_goodsid <> NULL ) AND ( geval_goodsname <> NULL ) AND ( geval_ordergoodsid <> NULL ) ORDER BY geval_id desc LIMIT -6,6  
[2020-02-03 11:16:50] /shop/index.php?op=goods_all&store_id=51&curpage=5&act=show_store%27%20and%20%27x%27%3D%27y ( act=index&op=goods_all ) 
ERR: Db Error: You have an error in your SQL syntax; check the manual that corresponds to your MySQL server version for the right syntax to use near '-6,6' at line 1
SELECT * FROM `zmkj_evaluate_goods` WHERE ( geval_goodsid <> NULL ) AND ( geval_goodsname <> NULL ) AND ( geval_ordergoodsid <> NULL ) ORDER BY geval_id desc LIMIT -6,6  
[2020-02-03 11:16:51] /shop/index.php?op=goods_all&store_id=51&curpage=5&act=show_store"%20and%20"x"%3D"x ( act=index&op=goods_all ) 
ERR: Db Error: You have an error in your SQL syntax; check the manual that corresponds to your MySQL server version for the right syntax to use near '-6,6' at line 1
SELECT * FROM `zmkj_evaluate_goods` WHERE ( geval_goodsid <> NULL ) AND ( geval_goodsname <> NULL ) AND ( geval_ordergoodsid <> NULL ) ORDER BY geval_id desc LIMIT -6,6  
[2020-02-03 11:16:53] /shop/index.php?op=goods_all&store_id=51&curpage=5&act=show_store%22%20and%20%22x%22%3D%22y ( act=index&op=goods_all ) 
ERR: Db Error: You have an error in your SQL syntax; check the manual that corresponds to your MySQL server version for the right syntax to use near '-6,6' at line 1
SELECT * FROM `zmkj_evaluate_goods` WHERE ( geval_goodsid <> NULL ) AND ( geval_goodsname <> NULL ) AND ( geval_ordergoodsid <> NULL ) ORDER BY geval_id desc LIMIT -6,6  
[2020-02-03 11:16:56] /shop/index.php?op=goods_all&store_id=51&curpage=5&act=show_store%20AND%201=1 ( act=index&op=goods_all ) 
ERR: Db Error: You have an error in your SQL syntax; check the manual that corresponds to your MySQL server version for the right syntax to use near '-6,6' at line 1
SELECT * FROM `zmkj_evaluate_goods` WHERE ( geval_goodsid <> NULL ) AND ( geval_goodsname <> NULL ) AND ( geval_ordergoodsid <> NULL ) ORDER BY geval_id desc LIMIT -6,6  
[2020-02-03 14:00:46] /shop/index.php?act=show_store'&op=goods_all'&store_id=51'&curpage=5'" ( act=index&op=index ) 
ERR: Db Error: You have an error in your SQL syntax; check the manual that corresponds to your MySQL server version for the right syntax to use near '-6,6' at line 1
SELECT * FROM `zmkj_evaluate_goods` WHERE ( geval_goodsid <> NULL ) AND ( geval_goodsname <> NULL ) AND ( geval_ordergoodsid <> NULL ) ORDER BY geval_id desc LIMIT -6,6  
[2020-02-03 14:00:50] /shop/index.php?op=goods_all&store_id=51&curpage=5&act=show_store2121121121212.1 ( act=index&op=goods_all ) 
ERR: Db Error: You have an error in your SQL syntax; check the manual that corresponds to your MySQL server version for the right syntax to use near '-6,6' at line 1
SELECT * FROM `zmkj_evaluate_goods` WHERE ( geval_goodsid <> NULL ) AND ( geval_goodsname <> NULL ) AND ( geval_ordergoodsid <> NULL ) ORDER BY geval_id desc LIMIT -6,6  
[2020-02-03 14:00:53] /shop/index.php?op=goods_all&store_id=51&curpage=5&act=show_store%20and%201%3D1 ( act=index&op=goods_all ) 
ERR: Db Error: You have an error in your SQL syntax; check the manual that corresponds to your MySQL server version for the right syntax to use near '-6,6' at line 1
SELECT * FROM `zmkj_evaluate_goods` WHERE ( geval_goodsid <> NULL ) AND ( geval_goodsname <> NULL ) AND ( geval_ordergoodsid <> NULL ) ORDER BY geval_id desc LIMIT -6,6  
[2020-02-03 14:00:55] /shop/index.php?op=goods_all&store_id=51&curpage=5&act=show_store%20and%201%3E1 ( act=index&op=goods_all ) 
ERR: Db Error: You have an error in your SQL syntax; check the manual that corresponds to your MySQL server version for the right syntax to use near '-6,6' at line 1
SELECT * FROM `zmkj_evaluate_goods` WHERE ( geval_goodsid <> NULL ) AND ( geval_goodsname <> NULL ) AND ( geval_ordergoodsid <> NULL ) ORDER BY geval_id desc LIMIT -6,6  
[2020-02-03 14:00:58] /shop/index.php?op=goods_all&store_id=51&curpage=5&act=show_store%27%20and%20%27x%27%3D%27x ( act=index&op=goods_all ) 
ERR: Db Error: You have an error in your SQL syntax; check the manual that corresponds to your MySQL server version for the right syntax to use near '-6,6' at line 1
SELECT * FROM `zmkj_evaluate_goods` WHERE ( geval_goodsid <> NULL ) AND ( geval_goodsname <> NULL ) AND ( geval_ordergoodsid <> NULL ) ORDER BY geval_id desc LIMIT -6,6  
[2020-02-03 14:01:00] /shop/index.php?op=goods_all&store_id=51&curpage=5&act=show_store%27%20and%20%27x%27%3D%27y ( act=index&op=goods_all ) 
ERR: Db Error: You have an error in your SQL syntax; check the manual that corresponds to your MySQL server version for the right syntax to use near '-6,6' at line 1
SELECT * FROM `zmkj_evaluate_goods` WHERE ( geval_goodsid <> NULL ) AND ( geval_goodsname <> NULL ) AND ( geval_ordergoodsid <> NULL ) ORDER BY geval_id desc LIMIT -6,6  
[2020-02-03 14:01:02] /shop/index.php?op=goods_all&store_id=51&curpage=5&act=show_store"%20and%20"x"%3D"x ( act=index&op=goods_all ) 
ERR: Db Error: You have an error in your SQL syntax; check the manual that corresponds to your MySQL server version for the right syntax to use near '-6,6' at line 1
SELECT * FROM `zmkj_evaluate_goods` WHERE ( geval_goodsid <> NULL ) AND ( geval_goodsname <> NULL ) AND ( geval_ordergoodsid <> NULL ) ORDER BY geval_id desc LIMIT -6,6  
[2020-02-03 14:01:04] /shop/index.php?op=goods_all&store_id=51&curpage=5&act=show_store%22%20and%20%22x%22%3D%22y ( act=index&op=goods_all ) 
ERR: Db Error: You have an error in your SQL syntax; check the manual that corresponds to your MySQL server version for the right syntax to use near '-6,6' at line 1
SELECT * FROM `zmkj_evaluate_goods` WHERE ( geval_goodsid <> NULL ) AND ( geval_goodsname <> NULL ) AND ( geval_ordergoodsid <> NULL ) ORDER BY geval_id desc LIMIT -6,6  
[2020-02-03 14:01:05] /shop/index.php?op=goods_all&store_id=51&curpage=5&act=show_store%20AND%201=1 ( act=index&op=goods_all ) 
ERR: Db Error: You have an error in your SQL syntax; check the manual that corresponds to your MySQL server version for the right syntax to use near '-6,6' at line 1
SELECT * FROM `zmkj_evaluate_goods` WHERE ( geval_goodsid <> NULL ) AND ( geval_goodsname <> NULL ) AND ( geval_ordergoodsid <> NULL ) ORDER BY geval_id desc LIMIT -6,6  
[2020-02-03 14:01:58] /shop/index.php?op=goods_all&store_id=51&curpage=5&act=show_store%27%20AnD%20sLeep%283%29%20ANd%20%271 ( act=index&op=goods_all ) 
ERR: Db Error: You have an error in your SQL syntax; check the manual that corresponds to your MySQL server version for the right syntax to use near '-6,6' at line 1
SELECT * FROM `zmkj_evaluate_goods` WHERE ( geval_goodsid <> NULL ) AND ( geval_goodsname <> NULL ) AND ( geval_ordergoodsid <> NULL ) ORDER BY geval_id desc LIMIT -6,6  
[2020-02-03 14:01:59] /shop/index.php?op=goods_all&store_id=51&curpage=5&act=show_store%27%26%26sLEEp%283%29%26%26%271 ( act=index&op=goods_all ) 
ERR: Db Error: You have an error in your SQL syntax; check the manual that corresponds to your MySQL server version for the right syntax to use near '-6,6' at line 1
SELECT * FROM `zmkj_evaluate_goods` WHERE ( geval_goodsid <> NULL ) AND ( geval_goodsname <> NULL ) AND ( geval_ordergoodsid <> NULL ) ORDER BY geval_id desc LIMIT -6,6  
[2020-02-03 14:02:00] /shop/index.php?op=goods_all&store_id=51&curpage=5&act=show_store%00%27%7C%7CSLeeP%283%29%26%26%271 ( act=index&op=goods_all ) 
ERR: Db Error: You have an error in your SQL syntax; check the manual that corresponds to your MySQL server version for the right syntax to use near '-6,6' at line 1
SELECT * FROM `zmkj_evaluate_goods` WHERE ( geval_goodsid <> NULL ) AND ( geval_goodsname <> NULL ) AND ( geval_ordergoodsid <> NULL ) ORDER BY geval_id desc LIMIT -6,6  
[2020-02-03 14:02:00] /shop/index.php?op=goods_all&store_id=51&curpage=5&act=show_store%27%20aND%20BeNChMaRK%282999999%2CMd5%28NoW%28%29%29%29%20AnD%20%271 ( act=index&op=goods_all ) 
ERR: Db Error: You have an error in your SQL syntax; check the manual that corresponds to your MySQL server version for the right syntax to use near '-6,6' at line 1
SELECT * FROM `zmkj_evaluate_goods` WHERE ( geval_goodsid <> NULL ) AND ( geval_goodsname <> NULL ) AND ( geval_ordergoodsid <> NULL ) ORDER BY geval_id desc LIMIT -6,6  
[2020-02-03 14:02:02] /shop/index.php?op=goods_all&store_id=51&curpage=5&act=show_store%27%26%26BeNChMaRK%282999999%2CmD5%28NOW%28%29%29%29%26%26%271 ( act=index&op=goods_all ) 
ERR: Db Error: You have an error in your SQL syntax; check the manual that corresponds to your MySQL server version for the right syntax to use near '-6,6' at line 1
SELECT * FROM `zmkj_evaluate_goods` WHERE ( geval_goodsid <> NULL ) AND ( geval_goodsname <> NULL ) AND ( geval_ordergoodsid <> NULL ) ORDER BY geval_id desc LIMIT -6,6  
[2020-02-03 14:02:03] /shop/index.php?op=goods_all&store_id=51&curpage=5&act=show_store%27%20AnD%20sLeep%283%29%20ANd%20%270%27%3D%270 ( act=index&op=goods_all ) 
ERR: Db Error: You have an error in your SQL syntax; check the manual that corresponds to your MySQL server version for the right syntax to use near '-6,6' at line 1
SELECT * FROM `zmkj_evaluate_goods` WHERE ( geval_goodsid <> NULL ) AND ( geval_goodsname <> NULL ) AND ( geval_ordergoodsid <> NULL ) ORDER BY geval_id desc LIMIT -6,6  
[2020-02-03 14:19:32] /shop/index.php?act=goods&op=comments_list&goods_id=104144 ( act=goods&op=comments_list ) 
ERR: Db Error: Unknown column 'geval_image_again' in 'where clause'
SELECT COUNT(*) AS nc_count FROM `zmkj_evaluate_goods` WHERE ( geval_goodsid = '104144' ) AND ( (geval_image <> '') OR (geval_image_again <> '') ) LIMIT 1  
[2020-02-03 18:59:32] /shop/index.php?act=goods&op=comments_list&goods_id=101897 ( act=goods&op=comments_list ) 
ERR: Db Error: Unknown column 'geval_image_again' in 'where clause'
SELECT COUNT(*) AS nc_count FROM `zmkj_evaluate_goods` WHERE ( geval_goodsid = '101897' ) AND ( (geval_image <> '') OR (geval_image_again <> '') ) LIMIT 1  
[2020-02-03 19:00:53] /shop/index.php?act=goods&op=comments_list&goods_id=101899 ( act=goods&op=comments_list ) 
ERR: Db Error: Unknown column 'geval_image_again' in 'where clause'
SELECT COUNT(*) AS nc_count FROM `zmkj_evaluate_goods` WHERE ( geval_goodsid = '101899' ) AND ( (geval_image <> '') OR (geval_image_again <> '') ) LIMIT 1  
[2020-02-03 19:01:38] /shop/index.php?act=goods&op=comments_list&goods_id=101900 ( act=goods&op=comments_list ) 
ERR: Db Error: Unknown column 'geval_image_again' in 'where clause'
SELECT COUNT(*) AS nc_count FROM `zmkj_evaluate_goods` WHERE ( geval_goodsid = '101900' ) AND ( (geval_image <> '') OR (geval_image_again <> '') ) LIMIT 1  
[2020-02-03 19:04:59] /shop/index.php?act=goods&op=comments_list&goods_id=101901 ( act=goods&op=comments_list ) 
ERR: Db Error: Unknown column 'geval_image_again' in 'where clause'
SELECT COUNT(*) AS nc_count FROM `zmkj_evaluate_goods` WHERE ( geval_goodsid = '101901' ) AND ( (geval_image <> '') OR (geval_image_again <> '') ) LIMIT 1  
[2020-02-03 19:05:44] /shop/index.php?act=goods&op=comments_list&goods_id=101902 ( act=goods&op=comments_list ) 
ERR: Db Error: Unknown column 'geval_image_again' in 'where clause'
SELECT COUNT(*) AS nc_count FROM `zmkj_evaluate_goods` WHERE ( geval_goodsid = '101902' ) AND ( (geval_image <> '') OR (geval_image_again <> '') ) LIMIT 1  
[2020-02-03 19:26:39] /shop/index.php?act=goods&op=comments_list&goods_id=111868 ( act=goods&op=comments_list ) 
ERR: Db Error: Unknown column 'geval_image_again' in 'where clause'
SELECT COUNT(*) AS nc_count FROM `zmkj_evaluate_goods` WHERE ( geval_goodsid = '111868' ) AND ( (geval_image <> '') OR (geval_image_again <> '') ) LIMIT 1  
[2020-02-03 19:28:26] /shop/index.php?act=goods&op=comments_list&goods_id=111949 ( act=goods&op=comments_list ) 
ERR: Db Error: Unknown column 'geval_image_again' in 'where clause'
SELECT COUNT(*) AS nc_count FROM `zmkj_evaluate_goods` WHERE ( geval_goodsid = '111949' ) AND ( (geval_image <> '') OR (geval_image_again <> '') ) LIMIT 1  
[2020-02-03 20:01:53] /shop/index.php?act=goods&op=comments_list&goods_id=105220 ( act=goods&op=comments_list ) 
ERR: Db Error: Unknown column 'geval_image_again' in 'where clause'
SELECT COUNT(*) AS nc_count FROM `zmkj_evaluate_goods` WHERE ( geval_goodsid = '105220' ) AND ( (geval_image <> '') OR (geval_image_again <> '') ) LIMIT 1  
[2020-02-03 22:36:52] /shop/index.php?act=goods&op=comments_list&goods_id=101907 ( act=goods&op=comments_list ) 
ERR: Db Error: Unknown column 'geval_image_again' in 'where clause'
SELECT COUNT(*) AS nc_count FROM `zmkj_evaluate_goods` WHERE ( geval_goodsid = '101907' ) AND ( (geval_image <> '') OR (geval_image_again <> '') ) LIMIT 1  
