[2020-03-31 00:17:12] /shop/index.php?act=goods&op=comments_list&goods_id=101914 ( act=goods&op=comments_list ) 
ERR: Db Error: Unknown column 'geval_image_again' in 'where clause'
SELECT COUNT(*) AS nc_count FROM `zmkj_evaluate_goods` WHERE ( geval_goodsid = '101914' ) AND ( (geval_image <> '') OR (geval_image_again <> '') ) LIMIT 1  
[2020-03-31 01:57:14] /shop/index.php?act=goods&op=comments_list&goods_id=110582 ( act=goods&op=comments_list ) 
ERR: Db Error: Unknown column 'geval_image_again' in 'where clause'
SELECT COUNT(*) AS nc_count FROM `zmkj_evaluate_goods` WHERE ( geval_goodsid = '110582' ) AND ( (geval_image <> '') OR (geval_image_again <> '') ) LIMIT 1  
[2020-03-31 02:59:06] /shop/index.php?act=goods&op=comments_list&goods_id=111377&type=1 ( act=goods&op=comments_list ) 
ERR: Db Error: Unknown column 'geval_image_again' in 'where clause'
SELECT COUNT(*) AS nc_count FROM `zmkj_evaluate_goods` WHERE ( geval_goodsid = '111377' ) AND ( (geval_image <> '') OR (geval_image_again <> '') ) LIMIT 1  
[2020-03-31 05:26:34] /shop/index.php?act=goods&op=comments_list&goods_id=107306 ( act=goods&op=comments_list ) 
ERR: Db Error: Unknown column 'geval_image_again' in 'where clause'
SELECT COUNT(*) AS nc_count FROM `zmkj_evaluate_goods` WHERE ( geval_goodsid = '107306' ) AND ( (geval_image <> '') OR (geval_image_again <> '') ) LIMIT 1  
[2020-03-31 05:51:59] /shop/index.php?act=goods&op=comments_list&goods_id=102590 ( act=goods&op=comments_list ) 
ERR: Db Error: Unknown column 'geval_image_again' in 'where clause'
SELECT COUNT(*) AS nc_count FROM `zmkj_evaluate_goods` WHERE ( geval_goodsid = '102590' ) AND ( (geval_image <> '') OR (geval_image_again <> '') ) LIMIT 1  
[2020-03-31 07:07:11] /shop/index.php?act=goods&goods_id=101244&op=comments_list ( act=goods&op=comments_list ) 
ERR: Db Error: Unknown column 'geval_image_again' in 'where clause'
SELECT COUNT(*) AS nc_count FROM `zmkj_evaluate_goods` WHERE ( geval_goodsid = '101244' ) AND ( (geval_image <> '') OR (geval_image_again <> '') ) LIMIT 1  
[2020-03-31 07:44:10] /shop/index.php?act=goods&op=comments_list&goods_id=102372 ( act=goods&op=comments_list ) 
ERR: Db Error: Unknown column 'geval_image_again' in 'where clause'
SELECT COUNT(*) AS nc_count FROM `zmkj_evaluate_goods` WHERE ( geval_goodsid = '102372' ) AND ( (geval_image <> '') OR (geval_image_again <> '') ) LIMIT 1  
[2020-03-31 09:20:14] /shop/index.php?act=goods&op=comments_list&goods_id=108622 ( act=goods&op=comments_list ) 
ERR: Db Error: Unknown column 'geval_image_again' in 'where clause'
SELECT COUNT(*) AS nc_count FROM `zmkj_evaluate_goods` WHERE ( geval_goodsid = '108622' ) AND ( (geval_image <> '') OR (geval_image_again <> '') ) LIMIT 1  
[2020-03-31 11:45:42] /shop/index.php?act=goods&op=comments_list&goods_id=111661 ( act=goods&op=comments_list ) 
ERR: Db Error: Unknown column 'geval_image_again' in 'where clause'
SELECT COUNT(*) AS nc_count FROM `zmkj_evaluate_goods` WHERE ( geval_goodsid = '111661' ) AND ( (geval_image <> '') OR (geval_image_again <> '') ) LIMIT 1  
[2020-03-31 13:01:02] /shop/index.php?act=goods&op=comments_list&goods_id=110613 ( act=goods&op=comments_list ) 
ERR: Db Error: Unknown column 'geval_image_again' in 'where clause'
SELECT COUNT(*) AS nc_count FROM `zmkj_evaluate_goods` WHERE ( geval_goodsid = '110613' ) AND ( (geval_image <> '') OR (geval_image_again <> '') ) LIMIT 1  
[2020-03-31 13:30:55] /shop/index.php?act=hot_sale&op=index ( act=hot_sale&op=index ) 
ERR: Db Error: You have an error in your SQL syntax; check the manual that corresponds to your MySQL server version for the right syntax to use near ') and goods_state=1' at line 1
select * from zmkj_goods where goods_id in () and goods_state=1
[2020-03-31 13:30:55] /shop/index.php?act=hot_sale&op=index ( act=hot_sale&op=index ) 
ERR: Db Error: You have an error in your SQL syntax; check the manual that corresponds to your MySQL server version for the right syntax to use near '' at line 1
select `member_id` from zmkj_store where store_id = 
[2020-03-31 15:09:09] /shop/index.php?act=search&op=index&cate_id=2125 ( act=search&op=index ) 
ERR: Db Error: Unknown column 'gc_id_' in 'where clause'
SELECT count(distinct CONCAT(goods_commonid)) AS nc_count FROM `zmkj_goods` WHERE ( gc_id_ = '2125' ) AND ( goods_state = '1' ) AND ( goods_verify = '1' ) LIMIT 1  
[2020-03-31 17:56:09] /shop/index.php?act=hot_sale&op=index ( act=hot_sale&op=index ) 
ERR: Db Error: You have an error in your SQL syntax; check the manual that corresponds to your MySQL server version for the right syntax to use near ') and goods_state=1' at line 1
select * from zmkj_goods where goods_id in () and goods_state=1
[2020-03-31 17:56:09] /shop/index.php?act=hot_sale&op=index ( act=hot_sale&op=index ) 
ERR: Db Error: You have an error in your SQL syntax; check the manual that corresponds to your MySQL server version for the right syntax to use near '' at line 1
select `member_id` from zmkj_store where store_id = 
[2020-03-31 17:56:20] /shop/index.php?act=hot_sale&op=index ( act=hot_sale&op=index ) 
ERR: Db Error: You have an error in your SQL syntax; check the manual that corresponds to your MySQL server version for the right syntax to use near ') and goods_state=1' at line 1
select * from zmkj_goods where goods_id in () and goods_state=1
[2020-03-31 17:56:20] /shop/index.php?act=hot_sale&op=index ( act=hot_sale&op=index ) 
ERR: Db Error: You have an error in your SQL syntax; check the manual that corresponds to your MySQL server version for the right syntax to use near '' at line 1
select `member_id` from zmkj_store where store_id = 
[2020-03-31 18:11:22] /shop/index.php?act=goods&op=comments_list&goods_id=111847&type=2 ( act=goods&op=comments_list ) 
ERR: Db Error: Unknown column 'geval_image_again' in 'where clause'
SELECT COUNT(*) AS nc_count FROM `zmkj_evaluate_goods` WHERE ( geval_goodsid = '111847' ) AND ( (geval_image <> '') OR (geval_image_again <> '') ) LIMIT 1  
[2020-03-31 18:43:21] /shop/index.php?act=goods&goods_id=105461&op=comments_list ( act=goods&op=comments_list ) 
ERR: Db Error: Unknown column 'geval_image_again' in 'where clause'
SELECT COUNT(*) AS nc_count FROM `zmkj_evaluate_goods` WHERE ( geval_goodsid = '105461' ) AND ( (geval_image <> '') OR (geval_image_again <> '') ) LIMIT 1  
[2020-03-31 18:45:32] /shop/index.php?act=goods&goods_id=107598&op=comments_list ( act=goods&op=comments_list ) 
ERR: Db Error: Unknown column 'geval_image_again' in 'where clause'
SELECT COUNT(*) AS nc_count FROM `zmkj_evaluate_goods` WHERE ( geval_goodsid = '107598' ) AND ( (geval_image <> '') OR (geval_image_again <> '') ) LIMIT 1  
[2020-03-31 19:35:09] /shop/index.php?act=goods&goods_id=107983&op=comments_list ( act=goods&op=comments_list ) 
ERR: Db Error: Unknown column 'geval_image_again' in 'where clause'
SELECT COUNT(*) AS nc_count FROM `zmkj_evaluate_goods` WHERE ( geval_goodsid = '107983' ) AND ( (geval_image <> '') OR (geval_image_again <> '') ) LIMIT 1  
[2020-03-31 19:49:12] /shop/index.php?act=goods&goods_id=101177&op=comments_list&type=3 ( act=goods&op=comments_list ) 
ERR: Db Error: Unknown column 'geval_image_again' in 'where clause'
SELECT COUNT(*) AS nc_count FROM `zmkj_evaluate_goods` WHERE ( geval_goodsid = '101177' ) AND ( (geval_image <> '') OR (geval_image_again <> '') ) LIMIT 1  
[2020-03-31 20:08:28] /shop/index.php?act=goods&goods_id=101444&op=comments_list ( act=goods&op=comments_list ) 
ERR: Db Error: Unknown column 'geval_image_again' in 'where clause'
SELECT COUNT(*) AS nc_count FROM `zmkj_evaluate_goods` WHERE ( geval_goodsid = '101444' ) AND ( (geval_image <> '') OR (geval_image_again <> '') ) LIMIT 1  
[2020-03-31 20:11:30] /shop/index.php?act=goods&goods_id=103895&op=comments_list&type=2 ( act=goods&op=comments_list ) 
ERR: Db Error: Unknown column 'geval_image_again' in 'where clause'
SELECT COUNT(*) AS nc_count FROM `zmkj_evaluate_goods` WHERE ( geval_goodsid = '103895' ) AND ( (geval_image <> '') OR (geval_image_again <> '') ) LIMIT 1  
[2020-03-31 21:09:51] /shop/index.php?act=goods&goods_id=106415&op=comments_list ( act=goods&op=comments_list ) 
ERR: Db Error: Unknown column 'geval_image_again' in 'where clause'
SELECT COUNT(*) AS nc_count FROM `zmkj_evaluate_goods` WHERE ( geval_goodsid = '106415' ) AND ( (geval_image <> '') OR (geval_image_again <> '') ) LIMIT 1  
[2020-03-31 21:21:06] /shop/index.php?act=goods&goods_id=107995&op=comments_list ( act=goods&op=comments_list ) 
ERR: Db Error: Unknown column 'geval_image_again' in 'where clause'
SELECT COUNT(*) AS nc_count FROM `zmkj_evaluate_goods` WHERE ( geval_goodsid = '107995' ) AND ( (geval_image <> '') OR (geval_image_again <> '') ) LIMIT 1  
