[2020-03-04 00:09:07] /shop/index.php?act=goods&op=comments_list&goods_id=104605 ( act=goods&op=comments_list ) 
ERR: Db Error: Unknown column 'geval_image_again' in 'where clause'
SELECT COUNT(*) AS nc_count FROM `zmkj_evaluate_goods` WHERE ( geval_goodsid = '104605' ) AND ( (geval_image <> '') OR (geval_image_again <> '') ) LIMIT 1  
[2020-03-04 00:13:05] /shop/index.php?act=goods&op=comments_list&goods_id=112031&type=1 ( act=goods&op=comments_list ) 
ERR: Db Error: Unknown column 'geval_image_again' in 'where clause'
SELECT COUNT(*) AS nc_count FROM `zmkj_evaluate_goods` WHERE ( geval_goodsid = '112031' ) AND ( (geval_image <> '') OR (geval_image_again <> '') ) LIMIT 1  
[2020-03-04 00:16:18] /shop/index.php?act=goods&op=comments_list&goods_id=113671 ( act=goods&op=comments_list ) 
ERR: Db Error: Unknown column 'geval_image_again' in 'where clause'
SELECT COUNT(*) AS nc_count FROM `zmkj_evaluate_goods` WHERE ( geval_goodsid = '113671' ) AND ( (geval_image <> '') OR (geval_image_again <> '') ) LIMIT 1  
[2020-03-04 00:16:39] /shop/index.php?act=goods&op=comments_list&goods_id=104209&type=3 ( act=goods&op=comments_list ) 
ERR: Db Error: Unknown column 'geval_image_again' in 'where clause'
SELECT COUNT(*) AS nc_count FROM `zmkj_evaluate_goods` WHERE ( geval_goodsid = '104209' ) AND ( (geval_image <> '') OR (geval_image_again <> '') ) LIMIT 1  
[2020-03-04 00:25:05] /shop/index.php?act=goods&op=comments_list&goods_id=110532&type=2 ( act=goods&op=comments_list ) 
ERR: Db Error: Unknown column 'geval_image_again' in 'where clause'
SELECT COUNT(*) AS nc_count FROM `zmkj_evaluate_goods` WHERE ( geval_goodsid = '110532' ) AND ( (geval_image <> '') OR (geval_image_again <> '') ) LIMIT 1  
[2020-03-04 01:13:06] /shop/index.php?act=goods&op=comments_list&goods_id=105372 ( act=goods&op=comments_list ) 
ERR: Db Error: Unknown column 'geval_image_again' in 'where clause'
SELECT COUNT(*) AS nc_count FROM `zmkj_evaluate_goods` WHERE ( geval_goodsid = '105372' ) AND ( (geval_image <> '') OR (geval_image_again <> '') ) LIMIT 1  
[2020-03-04 01:27:26] /shop/index.php?act=goods&goods_id=106602&op=comments_list ( act=goods&op=comments_list ) 
ERR: Db Error: Unknown column 'geval_image_again' in 'where clause'
SELECT COUNT(*) AS nc_count FROM `zmkj_evaluate_goods` WHERE ( geval_goodsid = '106602' ) AND ( (geval_image <> '') OR (geval_image_again <> '') ) LIMIT 1  
[2020-03-04 01:32:49] /shop/index.php?act=goods&goods_id=107605&op=comments_list ( act=goods&op=comments_list ) 
ERR: Db Error: Unknown column 'geval_image_again' in 'where clause'
SELECT COUNT(*) AS nc_count FROM `zmkj_evaluate_goods` WHERE ( geval_goodsid = '107605' ) AND ( (geval_image <> '') OR (geval_image_again <> '') ) LIMIT 1  
[2020-03-04 01:35:38] /shop/index.php?act=goods&goods_id=104407&op=comments_list ( act=goods&op=comments_list ) 
ERR: Db Error: Unknown column 'geval_image_again' in 'where clause'
SELECT COUNT(*) AS nc_count FROM `zmkj_evaluate_goods` WHERE ( geval_goodsid = '104407' ) AND ( (geval_image <> '') OR (geval_image_again <> '') ) LIMIT 1  
[2020-03-04 01:39:42] /shop/index.php?act=goods&goods_id=107858&op=comments_list ( act=goods&op=comments_list ) 
ERR: Db Error: Unknown column 'geval_image_again' in 'where clause'
SELECT COUNT(*) AS nc_count FROM `zmkj_evaluate_goods` WHERE ( geval_goodsid = '107858' ) AND ( (geval_image <> '') OR (geval_image_again <> '') ) LIMIT 1  
[2020-03-04 01:54:13] /shop/index.php?act=goods&op=comments_list&goods_id=104097&type=3 ( act=goods&op=comments_list ) 
ERR: Db Error: Unknown column 'geval_image_again' in 'where clause'
SELECT COUNT(*) AS nc_count FROM `zmkj_evaluate_goods` WHERE ( geval_goodsid = '104097' ) AND ( (geval_image <> '') OR (geval_image_again <> '') ) LIMIT 1  
[2020-03-04 02:02:07] /shop/index.php?act=goods&goods_id=107371&op=comments_list ( act=goods&op=comments_list ) 
ERR: Db Error: Unknown column 'geval_image_again' in 'where clause'
SELECT COUNT(*) AS nc_count FROM `zmkj_evaluate_goods` WHERE ( geval_goodsid = '107371' ) AND ( (geval_image <> '') OR (geval_image_again <> '') ) LIMIT 1  
[2020-03-04 02:20:00] /shop/index.php?act=goods&goods_id=110692&op=comments_list ( act=goods&op=comments_list ) 
ERR: Db Error: Unknown column 'geval_image_again' in 'where clause'
SELECT COUNT(*) AS nc_count FROM `zmkj_evaluate_goods` WHERE ( geval_goodsid = '110692' ) AND ( (geval_image <> '') OR (geval_image_again <> '') ) LIMIT 1  
[2020-03-04 02:20:49] /shop/index.php?act=goods&goods_id=107939&op=comments_list ( act=goods&op=comments_list ) 
ERR: Db Error: Unknown column 'geval_image_again' in 'where clause'
SELECT COUNT(*) AS nc_count FROM `zmkj_evaluate_goods` WHERE ( geval_goodsid = '107939' ) AND ( (geval_image <> '') OR (geval_image_again <> '') ) LIMIT 1  
[2020-03-04 02:23:20] /shop/index.php?act=goods&goods_id=107060&op=comments_list ( act=goods&op=comments_list ) 
ERR: Db Error: Unknown column 'geval_image_again' in 'where clause'
SELECT COUNT(*) AS nc_count FROM `zmkj_evaluate_goods` WHERE ( geval_goodsid = '107060' ) AND ( (geval_image <> '') OR (geval_image_again <> '') ) LIMIT 1  
[2020-03-04 02:25:12] /shop/index.php?act=goods&goods_id=102559&op=comments_list ( act=goods&op=comments_list ) 
ERR: Db Error: Unknown column 'geval_image_again' in 'where clause'
SELECT COUNT(*) AS nc_count FROM `zmkj_evaluate_goods` WHERE ( geval_goodsid = '102559' ) AND ( (geval_image <> '') OR (geval_image_again <> '') ) LIMIT 1  
[2020-03-04 02:38:31] /shop/index.php?act=goods&op=comments_list&goods_id=111111 ( act=goods&op=comments_list ) 
ERR: Db Error: Unknown column 'geval_image_again' in 'where clause'
SELECT COUNT(*) AS nc_count FROM `zmkj_evaluate_goods` WHERE ( geval_goodsid = '111111' ) AND ( (geval_image <> '') OR (geval_image_again <> '') ) LIMIT 1  
[2020-03-04 02:53:01] /shop/index.php?act=goods&goods_id=102457&op=comments_list ( act=goods&op=comments_list ) 
ERR: Db Error: Unknown column 'geval_image_again' in 'where clause'
SELECT COUNT(*) AS nc_count FROM `zmkj_evaluate_goods` WHERE ( geval_goodsid = '102457' ) AND ( (geval_image <> '') OR (geval_image_again <> '') ) LIMIT 1  
[2020-03-04 02:55:49] /shop/index.php?act=goods&op=comments_list&goods_id=112860 ( act=goods&op=comments_list ) 
ERR: Db Error: Unknown column 'geval_image_again' in 'where clause'
SELECT COUNT(*) AS nc_count FROM `zmkj_evaluate_goods` WHERE ( geval_goodsid = '112860' ) AND ( (geval_image <> '') OR (geval_image_again <> '') ) LIMIT 1  
[2020-03-04 03:18:41] /shop/index.php?act=goods&goods_id=101831&op=comments_list ( act=goods&op=comments_list ) 
ERR: Db Error: Unknown column 'geval_image_again' in 'where clause'
SELECT COUNT(*) AS nc_count FROM `zmkj_evaluate_goods` WHERE ( geval_goodsid = '101831' ) AND ( (geval_image <> '') OR (geval_image_again <> '') ) LIMIT 1  
[2020-03-04 03:25:07] /shop/index.php?act=goods&op=comments_list&goods_id=112797 ( act=goods&op=comments_list ) 
ERR: Db Error: Unknown column 'geval_image_again' in 'where clause'
SELECT COUNT(*) AS nc_count FROM `zmkj_evaluate_goods` WHERE ( geval_goodsid = '112797' ) AND ( (geval_image <> '') OR (geval_image_again <> '') ) LIMIT 1  
[2020-03-04 03:26:30] /shop/index.php?act=goods&goods_id=100658&op=comments_list ( act=goods&op=comments_list ) 
ERR: Db Error: Unknown column 'geval_image_again' in 'where clause'
SELECT COUNT(*) AS nc_count FROM `zmkj_evaluate_goods` WHERE ( geval_goodsid = '100658' ) AND ( (geval_image <> '') OR (geval_image_again <> '') ) LIMIT 1  
[2020-03-04 03:29:08] /shop/index.php?act=goods&goods_id=103061&op=comments_list ( act=goods&op=comments_list ) 
ERR: Db Error: Unknown column 'geval_image_again' in 'where clause'
SELECT COUNT(*) AS nc_count FROM `zmkj_evaluate_goods` WHERE ( geval_goodsid = '103061' ) AND ( (geval_image <> '') OR (geval_image_again <> '') ) LIMIT 1  
[2020-03-04 03:41:42] /shop/index.php?act=goods&op=comments_list&goods_id=111308&type=2 ( act=goods&op=comments_list ) 
ERR: Db Error: Unknown column 'geval_image_again' in 'where clause'
SELECT COUNT(*) AS nc_count FROM `zmkj_evaluate_goods` WHERE ( geval_goodsid = '111308' ) AND ( (geval_image <> '') OR (geval_image_again <> '') ) LIMIT 1  
[2020-03-04 03:49:58] /shop/index.php?act=goods&op=comments_list&goods_id=111336&type=1 ( act=goods&op=comments_list ) 
ERR: Db Error: Unknown column 'geval_image_again' in 'where clause'
SELECT COUNT(*) AS nc_count FROM `zmkj_evaluate_goods` WHERE ( geval_goodsid = '111336' ) AND ( (geval_image <> '') OR (geval_image_again <> '') ) LIMIT 1  
[2020-03-04 03:50:02] /shop/index.php?act=goods&goods_id=108174&op=comments_list ( act=goods&op=comments_list ) 
ERR: Db Error: Unknown column 'geval_image_again' in 'where clause'
SELECT COUNT(*) AS nc_count FROM `zmkj_evaluate_goods` WHERE ( geval_goodsid = '108174' ) AND ( (geval_image <> '') OR (geval_image_again <> '') ) LIMIT 1  
[2020-03-04 03:55:47] /shop/index.php?act=goods&goods_id=102586&op=comments_list ( act=goods&op=comments_list ) 
ERR: Db Error: Unknown column 'geval_image_again' in 'where clause'
SELECT COUNT(*) AS nc_count FROM `zmkj_evaluate_goods` WHERE ( geval_goodsid = '102586' ) AND ( (geval_image <> '') OR (geval_image_again <> '') ) LIMIT 1  
[2020-03-04 03:58:11] /shop/index.php?act=goods&goods_id=106468&op=comments_list ( act=goods&op=comments_list ) 
ERR: Db Error: Unknown column 'geval_image_again' in 'where clause'
SELECT COUNT(*) AS nc_count FROM `zmkj_evaluate_goods` WHERE ( geval_goodsid = '106468' ) AND ( (geval_image <> '') OR (geval_image_again <> '') ) LIMIT 1  
[2020-03-04 04:10:26] /shop/index.php?act=goods&goods_id=102328&op=comments_list ( act=goods&op=comments_list ) 
ERR: Db Error: Unknown column 'geval_image_again' in 'where clause'
SELECT COUNT(*) AS nc_count FROM `zmkj_evaluate_goods` WHERE ( geval_goodsid = '102328' ) AND ( (geval_image <> '') OR (geval_image_again <> '') ) LIMIT 1  
[2020-03-04 04:13:23] /shop/index.php?act=goods&op=comments_list&goods_id=103199 ( act=goods&op=comments_list ) 
ERR: Db Error: Unknown column 'geval_image_again' in 'where clause'
SELECT COUNT(*) AS nc_count FROM `zmkj_evaluate_goods` WHERE ( geval_goodsid = '103199' ) AND ( (geval_image <> '') OR (geval_image_again <> '') ) LIMIT 1  
[2020-03-04 04:22:04] /shop/index.php?act=goods&op=comments_list&goods_id=113436 ( act=goods&op=comments_list ) 
ERR: Db Error: Unknown column 'geval_image_again' in 'where clause'
SELECT COUNT(*) AS nc_count FROM `zmkj_evaluate_goods` WHERE ( geval_goodsid = '113436' ) AND ( (geval_image <> '') OR (geval_image_again <> '') ) LIMIT 1  
[2020-03-04 04:37:02] /shop/index.php?act=goods&op=comments_list&goods_id=111493 ( act=goods&op=comments_list ) 
ERR: Db Error: Unknown column 'geval_image_again' in 'where clause'
SELECT COUNT(*) AS nc_count FROM `zmkj_evaluate_goods` WHERE ( geval_goodsid = '111493' ) AND ( (geval_image <> '') OR (geval_image_again <> '') ) LIMIT 1  
[2020-03-04 05:00:48] /shop/index.php?act=goods&op=comments_list&goods_id=105937 ( act=goods&op=comments_list ) 
ERR: Db Error: Unknown column 'geval_image_again' in 'where clause'
SELECT COUNT(*) AS nc_count FROM `zmkj_evaluate_goods` WHERE ( geval_goodsid = '105937' ) AND ( (geval_image <> '') OR (geval_image_again <> '') ) LIMIT 1  
[2020-03-04 05:21:25] /shop/index.php?act=goods&op=comments_list&goods_id=102571&type=3 ( act=goods&op=comments_list ) 
ERR: Db Error: Unknown column 'geval_image_again' in 'where clause'
SELECT COUNT(*) AS nc_count FROM `zmkj_evaluate_goods` WHERE ( geval_goodsid = '102571' ) AND ( (geval_image <> '') OR (geval_image_again <> '') ) LIMIT 1  
[2020-03-04 05:46:01] /shop/index.php?act=goods&op=comments_list&goods_id=110251 ( act=goods&op=comments_list ) 
ERR: Db Error: Unknown column 'geval_image_again' in 'where clause'
SELECT COUNT(*) AS nc_count FROM `zmkj_evaluate_goods` WHERE ( geval_goodsid = '110251' ) AND ( (geval_image <> '') OR (geval_image_again <> '') ) LIMIT 1  
[2020-03-04 05:58:25] /shop/index.php?act=goods&op=comments_list&goods_id=110727 ( act=goods&op=comments_list ) 
ERR: Db Error: Unknown column 'geval_image_again' in 'where clause'
SELECT COUNT(*) AS nc_count FROM `zmkj_evaluate_goods` WHERE ( geval_goodsid = '110727' ) AND ( (geval_image <> '') OR (geval_image_again <> '') ) LIMIT 1  
[2020-03-04 06:27:31] /shop/index.php?act=goods&op=comments_list&goods_id=108789 ( act=goods&op=comments_list ) 
ERR: Db Error: Unknown column 'geval_image_again' in 'where clause'
SELECT COUNT(*) AS nc_count FROM `zmkj_evaluate_goods` WHERE ( geval_goodsid = '108789' ) AND ( (geval_image <> '') OR (geval_image_again <> '') ) LIMIT 1  
[2020-03-04 06:44:03] /shop/index.php?act=goods&op=comments_list&goods_id=106385&type=2 ( act=goods&op=comments_list ) 
ERR: Db Error: Unknown column 'geval_image_again' in 'where clause'
SELECT COUNT(*) AS nc_count FROM `zmkj_evaluate_goods` WHERE ( geval_goodsid = '106385' ) AND ( (geval_image <> '') OR (geval_image_again <> '') ) LIMIT 1  
[2020-03-04 06:50:17] /shop/index.php?act=goods&op=comments_list&goods_id=106377 ( act=goods&op=comments_list ) 
ERR: Db Error: Unknown column 'geval_image_again' in 'where clause'
SELECT COUNT(*) AS nc_count FROM `zmkj_evaluate_goods` WHERE ( geval_goodsid = '106377' ) AND ( (geval_image <> '') OR (geval_image_again <> '') ) LIMIT 1  
[2020-03-04 07:32:44] /shop/index.php?act=goods&op=comments_list&goods_id=110288&type=1 ( act=goods&op=comments_list ) 
ERR: Db Error: Unknown column 'geval_image_again' in 'where clause'
SELECT COUNT(*) AS nc_count FROM `zmkj_evaluate_goods` WHERE ( geval_goodsid = '110288' ) AND ( (geval_image <> '') OR (geval_image_again <> '') ) LIMIT 1  
[2020-03-04 08:14:20] /shop/index.php?act=goods&op=comments_list&goods_id=102046 ( act=goods&op=comments_list ) 
ERR: Db Error: Unknown column 'geval_image_again' in 'where clause'
SELECT COUNT(*) AS nc_count FROM `zmkj_evaluate_goods` WHERE ( geval_goodsid = '102046' ) AND ( (geval_image <> '') OR (geval_image_again <> '') ) LIMIT 1  
[2020-03-04 08:14:34] /shop/index.php?act=goods&op=comments_list&goods_id=110808 ( act=goods&op=comments_list ) 
ERR: Db Error: Unknown column 'geval_image_again' in 'where clause'
SELECT COUNT(*) AS nc_count FROM `zmkj_evaluate_goods` WHERE ( geval_goodsid = '110808' ) AND ( (geval_image <> '') OR (geval_image_again <> '') ) LIMIT 1  
[2020-03-04 08:42:55] /shop/index.php?act=goods&op=comments_list&goods_id=112517&type=3 ( act=goods&op=comments_list ) 
ERR: Db Error: Unknown column 'geval_image_again' in 'where clause'
SELECT COUNT(*) AS nc_count FROM `zmkj_evaluate_goods` WHERE ( geval_goodsid = '112517' ) AND ( (geval_image <> '') OR (geval_image_again <> '') ) LIMIT 1  
[2020-03-04 09:22:14] /shop/index.php?act=goods&op=comments_list&goods_id=110689&type=1 ( act=goods&op=comments_list ) 
ERR: Db Error: Unknown column 'geval_image_again' in 'where clause'
SELECT COUNT(*) AS nc_count FROM `zmkj_evaluate_goods` WHERE ( geval_goodsid = '110689' ) AND ( (geval_image <> '') OR (geval_image_again <> '') ) LIMIT 1  
[2020-03-04 09:56:01] /shop/index.php?act=goods&op=comments_list&goods_id=112323&type=3 ( act=goods&op=comments_list ) 
ERR: Db Error: Unknown column 'geval_image_again' in 'where clause'
SELECT COUNT(*) AS nc_count FROM `zmkj_evaluate_goods` WHERE ( geval_goodsid = '112323' ) AND ( (geval_image <> '') OR (geval_image_again <> '') ) LIMIT 1  
[2020-03-04 10:21:48] /shop/index.php?act=goods&op=comments_list&goods_id=100665 ( act=goods&op=comments_list ) 
ERR: Db Error: Unknown column 'geval_image_again' in 'where clause'
SELECT COUNT(*) AS nc_count FROM `zmkj_evaluate_goods` WHERE ( geval_goodsid = '100665' ) AND ( (geval_image <> '') OR (geval_image_again <> '') ) LIMIT 1  
[2020-03-04 10:32:38] /shop/index.php?act=goods&op=comments_list&goods_id=105933 ( act=goods&op=comments_list ) 
ERR: Db Error: Unknown column 'geval_image_again' in 'where clause'
SELECT COUNT(*) AS nc_count FROM `zmkj_evaluate_goods` WHERE ( geval_goodsid = '105933' ) AND ( (geval_image <> '') OR (geval_image_again <> '') ) LIMIT 1  
[2020-03-04 10:39:02] /shop/index.php?act=goods&op=comments_list&goods_id=108689 ( act=goods&op=comments_list ) 
ERR: Db Error: Unknown column 'geval_image_again' in 'where clause'
SELECT COUNT(*) AS nc_count FROM `zmkj_evaluate_goods` WHERE ( geval_goodsid = '108689' ) AND ( (geval_image <> '') OR (geval_image_again <> '') ) LIMIT 1  
[2020-03-04 10:42:43] /shop/index.php?act=goods&op=comments_list&goods_id=109890 ( act=goods&op=comments_list ) 
ERR: Db Error: Unknown column 'geval_image_again' in 'where clause'
SELECT COUNT(*) AS nc_count FROM `zmkj_evaluate_goods` WHERE ( geval_goodsid = '109890' ) AND ( (geval_image <> '') OR (geval_image_again <> '') ) LIMIT 1  
[2020-03-04 10:56:09] /shop/index.php?act=goods&op=comments_list&goods_id=106705&type=2 ( act=goods&op=comments_list ) 
ERR: Db Error: Unknown column 'geval_image_again' in 'where clause'
SELECT COUNT(*) AS nc_count FROM `zmkj_evaluate_goods` WHERE ( geval_goodsid = '106705' ) AND ( (geval_image <> '') OR (geval_image_again <> '') ) LIMIT 1  
[2020-03-04 11:12:08] /shop/index.php?act=goods&op=comments_list&goods_id=111266&type=1 ( act=goods&op=comments_list ) 
ERR: Db Error: Unknown column 'geval_image_again' in 'where clause'
SELECT COUNT(*) AS nc_count FROM `zmkj_evaluate_goods` WHERE ( geval_goodsid = '111266' ) AND ( (geval_image <> '') OR (geval_image_again <> '') ) LIMIT 1  
[2020-03-04 11:21:37] /shop/index.php?act=goods&op=comments_list&goods_id=108852 ( act=goods&op=comments_list ) 
ERR: Db Error: Unknown column 'geval_image_again' in 'where clause'
SELECT COUNT(*) AS nc_count FROM `zmkj_evaluate_goods` WHERE ( geval_goodsid = '108852' ) AND ( (geval_image <> '') OR (geval_image_again <> '') ) LIMIT 1  
[2020-03-04 11:28:25] /shop/index.php?act=goods&op=comments_list&goods_id=103695&type=1 ( act=goods&op=comments_list ) 
ERR: Db Error: Unknown column 'geval_image_again' in 'where clause'
SELECT COUNT(*) AS nc_count FROM `zmkj_evaluate_goods` WHERE ( geval_goodsid = '103695' ) AND ( (geval_image <> '') OR (geval_image_again <> '') ) LIMIT 1  
[2020-03-04 11:31:58] /shop/index.php?act=goods&op=comments_list&goods_id=107898&type=3 ( act=goods&op=comments_list ) 
ERR: Db Error: Unknown column 'geval_image_again' in 'where clause'
SELECT COUNT(*) AS nc_count FROM `zmkj_evaluate_goods` WHERE ( geval_goodsid = '107898' ) AND ( (geval_image <> '') OR (geval_image_again <> '') ) LIMIT 1  
[2020-03-04 11:43:08] /shop/index.php?act=goods&op=comments_list&goods_id=105386 ( act=goods&op=comments_list ) 
ERR: Db Error: Unknown column 'geval_image_again' in 'where clause'
SELECT COUNT(*) AS nc_count FROM `zmkj_evaluate_goods` WHERE ( geval_goodsid = '105386' ) AND ( (geval_image <> '') OR (geval_image_again <> '') ) LIMIT 1  
[2020-03-04 11:56:46] /shop/index.php?act=goods&op=comments_list&goods_id=110222&type=3 ( act=goods&op=comments_list ) 
ERR: Db Error: Unknown column 'geval_image_again' in 'where clause'
SELECT COUNT(*) AS nc_count FROM `zmkj_evaluate_goods` WHERE ( geval_goodsid = '110222' ) AND ( (geval_image <> '') OR (geval_image_again <> '') ) LIMIT 1  
[2020-03-04 12:16:37] /shop/index.php?act=goods&op=comments_list&goods_id=109784 ( act=goods&op=comments_list ) 
ERR: Db Error: Unknown column 'geval_image_again' in 'where clause'
SELECT COUNT(*) AS nc_count FROM `zmkj_evaluate_goods` WHERE ( geval_goodsid = '109784' ) AND ( (geval_image <> '') OR (geval_image_again <> '') ) LIMIT 1  
[2020-03-04 12:21:18] /shop/index.php?act=goods&op=comments_list&goods_id=108536&type=3 ( act=goods&op=comments_list ) 
ERR: Db Error: Unknown column 'geval_image_again' in 'where clause'
SELECT COUNT(*) AS nc_count FROM `zmkj_evaluate_goods` WHERE ( geval_goodsid = '108536' ) AND ( (geval_image <> '') OR (geval_image_again <> '') ) LIMIT 1  
[2020-03-04 12:41:43] /shop/index.php?act=goods&op=comments_list&goods_id=111867&type=2 ( act=goods&op=comments_list ) 
ERR: Db Error: Unknown column 'geval_image_again' in 'where clause'
SELECT COUNT(*) AS nc_count FROM `zmkj_evaluate_goods` WHERE ( geval_goodsid = '111867' ) AND ( (geval_image <> '') OR (geval_image_again <> '') ) LIMIT 1  
[2020-03-04 13:07:28] /shop/index.php?act=goods&op=comments_list&goods_id=103062&type=2 ( act=goods&op=comments_list ) 
ERR: Db Error: Unknown column 'geval_image_again' in 'where clause'
SELECT COUNT(*) AS nc_count FROM `zmkj_evaluate_goods` WHERE ( geval_goodsid = '103062' ) AND ( (geval_image <> '') OR (geval_image_again <> '') ) LIMIT 1  
[2020-03-04 13:43:12] /shop/index.php?act=goods&op=comments_list&goods_id=104415 ( act=goods&op=comments_list ) 
ERR: Db Error: Unknown column 'geval_image_again' in 'where clause'
SELECT COUNT(*) AS nc_count FROM `zmkj_evaluate_goods` WHERE ( geval_goodsid = '104415' ) AND ( (geval_image <> '') OR (geval_image_again <> '') ) LIMIT 1  
[2020-03-04 13:47:46] /shop/index.php?act=goods&op=comments_list&goods_id=107186&type=1 ( act=goods&op=comments_list ) 
ERR: Db Error: Unknown column 'geval_image_again' in 'where clause'
SELECT COUNT(*) AS nc_count FROM `zmkj_evaluate_goods` WHERE ( geval_goodsid = '107186' ) AND ( (geval_image <> '') OR (geval_image_again <> '') ) LIMIT 1  
[2020-03-04 13:52:53] /shop/index.php?act=goods&op=comments_list&goods_id=108456 ( act=goods&op=comments_list ) 
ERR: Db Error: Unknown column 'geval_image_again' in 'where clause'
SELECT COUNT(*) AS nc_count FROM `zmkj_evaluate_goods` WHERE ( geval_goodsid = '108456' ) AND ( (geval_image <> '') OR (geval_image_again <> '') ) LIMIT 1  
[2020-03-04 14:02:44] /shop/index.php?act=goods&op=comments_list&goods_id=112808&type=1 ( act=goods&op=comments_list ) 
ERR: Db Error: Unknown column 'geval_image_again' in 'where clause'
SELECT COUNT(*) AS nc_count FROM `zmkj_evaluate_goods` WHERE ( geval_goodsid = '112808' ) AND ( (geval_image <> '') OR (geval_image_again <> '') ) LIMIT 1  
[2020-03-04 15:43:26] /shop/index.php?act=goods&op=comments_list&goods_id=111875 ( act=goods&op=comments_list ) 
ERR: Db Error: Unknown column 'geval_image_again' in 'where clause'
SELECT COUNT(*) AS nc_count FROM `zmkj_evaluate_goods` WHERE ( geval_goodsid = '111875' ) AND ( (geval_image <> '') OR (geval_image_again <> '') ) LIMIT 1  
[2020-03-04 16:20:37] /shop/index.php?act=search&op=index&cate_id=1581 ( act=search&op=index ) 
ERR: Db Error: Unknown column 'gc_id_' in 'where clause'
SELECT count(distinct CONCAT(goods_commonid)) AS nc_count FROM `zmkj_goods` WHERE ( gc_id_ = '1581' ) AND ( goods_state = '1' ) AND ( goods_verify = '1' ) LIMIT 1  
[2020-03-04 17:10:12] /shop/index.php?act=goods&op=comments_list&goods_id=102588&type=2 ( act=goods&op=comments_list ) 
ERR: Db Error: Unknown column 'geval_image_again' in 'where clause'
SELECT COUNT(*) AS nc_count FROM `zmkj_evaluate_goods` WHERE ( geval_goodsid = '102588' ) AND ( (geval_image <> '') OR (geval_image_again <> '') ) LIMIT 1  
[2020-03-04 17:10:16] /shop/index.php?act=goods&op=comments_list&goods_id=112444&type=3 ( act=goods&op=comments_list ) 
ERR: Db Error: Unknown column 'geval_image_again' in 'where clause'
SELECT COUNT(*) AS nc_count FROM `zmkj_evaluate_goods` WHERE ( geval_goodsid = '112444' ) AND ( (geval_image <> '') OR (geval_image_again <> '') ) LIMIT 1  
[2020-03-04 17:12:05] /shop/index.php?act=goods&op=comments_list&goods_id=111896&type=1 ( act=goods&op=comments_list ) 
ERR: Db Error: Unknown column 'geval_image_again' in 'where clause'
SELECT COUNT(*) AS nc_count FROM `zmkj_evaluate_goods` WHERE ( geval_goodsid = '111896' ) AND ( (geval_image <> '') OR (geval_image_again <> '') ) LIMIT 1  
[2020-03-04 17:14:42] /shop/index.php?act=goods&op=comments_list&goods_id=106007 ( act=goods&op=comments_list ) 
ERR: Db Error: Unknown column 'geval_image_again' in 'where clause'
SELECT COUNT(*) AS nc_count FROM `zmkj_evaluate_goods` WHERE ( geval_goodsid = '106007' ) AND ( (geval_image <> '') OR (geval_image_again <> '') ) LIMIT 1  
[2020-03-04 17:21:33] /shop/index.php?act=goods&op=comments_list&goods_id=102900 ( act=goods&op=comments_list ) 
ERR: Db Error: Unknown column 'geval_image_again' in 'where clause'
SELECT COUNT(*) AS nc_count FROM `zmkj_evaluate_goods` WHERE ( geval_goodsid = '102900' ) AND ( (geval_image <> '') OR (geval_image_again <> '') ) LIMIT 1  
[2020-03-04 17:28:16] /shop/index.php?act=goods&op=comments_list&goods_id=108330&type=1 ( act=goods&op=comments_list ) 
ERR: Db Error: Unknown column 'geval_image_again' in 'where clause'
SELECT COUNT(*) AS nc_count FROM `zmkj_evaluate_goods` WHERE ( geval_goodsid = '108330' ) AND ( (geval_image <> '') OR (geval_image_again <> '') ) LIMIT 1  
[2020-03-04 17:29:47] /shop/index.php?act=goods&op=comments_list&goods_id=105406 ( act=goods&op=comments_list ) 
ERR: Db Error: Unknown column 'geval_image_again' in 'where clause'
SELECT COUNT(*) AS nc_count FROM `zmkj_evaluate_goods` WHERE ( geval_goodsid = '105406' ) AND ( (geval_image <> '') OR (geval_image_again <> '') ) LIMIT 1  
[2020-03-04 18:18:46] /shop/index.php?act=goods&op=comments_list&goods_id=103988&type=1 ( act=goods&op=comments_list ) 
ERR: Db Error: Unknown column 'geval_image_again' in 'where clause'
SELECT COUNT(*) AS nc_count FROM `zmkj_evaluate_goods` WHERE ( geval_goodsid = '103988' ) AND ( (geval_image <> '') OR (geval_image_again <> '') ) LIMIT 1  
[2020-03-04 18:21:20] /shop/index.php?act=goods&op=comments_list&goods_id=107301 ( act=goods&op=comments_list ) 
ERR: Db Error: Unknown column 'geval_image_again' in 'where clause'
SELECT COUNT(*) AS nc_count FROM `zmkj_evaluate_goods` WHERE ( geval_goodsid = '107301' ) AND ( (geval_image <> '') OR (geval_image_again <> '') ) LIMIT 1  
[2020-03-04 18:23:54] /shop/index.php?act=goods&op=comments_list&goods_id=109809 ( act=goods&op=comments_list ) 
ERR: Db Error: Unknown column 'geval_image_again' in 'where clause'
SELECT COUNT(*) AS nc_count FROM `zmkj_evaluate_goods` WHERE ( geval_goodsid = '109809' ) AND ( (geval_image <> '') OR (geval_image_again <> '') ) LIMIT 1  
[2020-03-04 18:25:28] /shop/index.php?act=goods&op=comments_list&goods_id=113628 ( act=goods&op=comments_list ) 
ERR: Db Error: Unknown column 'geval_image_again' in 'where clause'
SELECT COUNT(*) AS nc_count FROM `zmkj_evaluate_goods` WHERE ( geval_goodsid = '113628' ) AND ( (geval_image <> '') OR (geval_image_again <> '') ) LIMIT 1  
[2020-03-04 18:51:29] /shop/index.php?act=goods&op=comments_list&goods_id=112268 ( act=goods&op=comments_list ) 
ERR: Db Error: Unknown column 'geval_image_again' in 'where clause'
SELECT COUNT(*) AS nc_count FROM `zmkj_evaluate_goods` WHERE ( geval_goodsid = '112268' ) AND ( (geval_image <> '') OR (geval_image_again <> '') ) LIMIT 1  
[2020-03-04 18:57:07] /shop/index.php?act=goods&op=comments_list&goods_id=101676&type=1 ( act=goods&op=comments_list ) 
ERR: Db Error: Unknown column 'geval_image_again' in 'where clause'
SELECT COUNT(*) AS nc_count FROM `zmkj_evaluate_goods` WHERE ( geval_goodsid = '101676' ) AND ( (geval_image <> '') OR (geval_image_again <> '') ) LIMIT 1  
[2020-03-04 19:07:17] /shop/index.php?act=goods&op=comments_list&goods_id=102606 ( act=goods&op=comments_list ) 
ERR: Db Error: Unknown column 'geval_image_again' in 'where clause'
SELECT COUNT(*) AS nc_count FROM `zmkj_evaluate_goods` WHERE ( geval_goodsid = '102606' ) AND ( (geval_image <> '') OR (geval_image_again <> '') ) LIMIT 1  
[2020-03-04 19:53:32] /shop/index.php?act=goods&op=comments_list&goods_id=100655 ( act=goods&op=comments_list ) 
ERR: Db Error: Unknown column 'geval_image_again' in 'where clause'
SELECT COUNT(*) AS nc_count FROM `zmkj_evaluate_goods` WHERE ( geval_goodsid = '100655' ) AND ( (geval_image <> '') OR (geval_image_again <> '') ) LIMIT 1  
[2020-03-04 19:58:52] /shop/index.php?act=goods&op=comments_list&goods_id=103938&type=2 ( act=goods&op=comments_list ) 
ERR: Db Error: Unknown column 'geval_image_again' in 'where clause'
SELECT COUNT(*) AS nc_count FROM `zmkj_evaluate_goods` WHERE ( geval_goodsid = '103938' ) AND ( (geval_image <> '') OR (geval_image_again <> '') ) LIMIT 1  
[2020-03-04 20:00:16] /shop/index.php?act=goods&op=comments_list&goods_id=101761 ( act=goods&op=comments_list ) 
ERR: Db Error: Unknown column 'geval_image_again' in 'where clause'
SELECT COUNT(*) AS nc_count FROM `zmkj_evaluate_goods` WHERE ( geval_goodsid = '101761' ) AND ( (geval_image <> '') OR (geval_image_again <> '') ) LIMIT 1  
[2020-03-04 20:05:33] /shop/index.php?act=goods&op=comments_list&goods_id=108059 ( act=goods&op=comments_list ) 
ERR: Db Error: Unknown column 'geval_image_again' in 'where clause'
SELECT COUNT(*) AS nc_count FROM `zmkj_evaluate_goods` WHERE ( geval_goodsid = '108059' ) AND ( (geval_image <> '') OR (geval_image_again <> '') ) LIMIT 1  
[2020-03-04 20:12:06] /shop/index.php?act=goods&op=comments_list&goods_id=108781&type=3 ( act=goods&op=comments_list ) 
ERR: Db Error: Unknown column 'geval_image_again' in 'where clause'
SELECT COUNT(*) AS nc_count FROM `zmkj_evaluate_goods` WHERE ( geval_goodsid = '108781' ) AND ( (geval_image <> '') OR (geval_image_again <> '') ) LIMIT 1  
[2020-03-04 20:12:34] /shop/index.php?act=goods&op=comments_list&goods_id=113509&type=2 ( act=goods&op=comments_list ) 
ERR: Db Error: Unknown column 'geval_image_again' in 'where clause'
SELECT COUNT(*) AS nc_count FROM `zmkj_evaluate_goods` WHERE ( geval_goodsid = '113509' ) AND ( (geval_image <> '') OR (geval_image_again <> '') ) LIMIT 1  
[2020-03-04 20:17:44] /shop/index.php?act=goods&op=comments_list&goods_id=112220 ( act=goods&op=comments_list ) 
ERR: Db Error: Unknown column 'geval_image_again' in 'where clause'
SELECT COUNT(*) AS nc_count FROM `zmkj_evaluate_goods` WHERE ( geval_goodsid = '112220' ) AND ( (geval_image <> '') OR (geval_image_again <> '') ) LIMIT 1  
[2020-03-04 20:22:30] /shop/index.php?act=goods&op=comments_list&goods_id=105934&type=2 ( act=goods&op=comments_list ) 
ERR: Db Error: Unknown column 'geval_image_again' in 'where clause'
SELECT COUNT(*) AS nc_count FROM `zmkj_evaluate_goods` WHERE ( geval_goodsid = '105934' ) AND ( (geval_image <> '') OR (geval_image_again <> '') ) LIMIT 1  
[2020-03-04 20:28:31] /shop/index.php?act=goods&op=comments_list&goods_id=103588 ( act=goods&op=comments_list ) 
ERR: Db Error: Unknown column 'geval_image_again' in 'where clause'
SELECT COUNT(*) AS nc_count FROM `zmkj_evaluate_goods` WHERE ( geval_goodsid = '103588' ) AND ( (geval_image <> '') OR (geval_image_again <> '') ) LIMIT 1  
[2020-03-04 20:35:20] /shop/index.php?act=goods&op=comments_list&goods_id=107359&type=3 ( act=goods&op=comments_list ) 
ERR: Db Error: Unknown column 'geval_image_again' in 'where clause'
SELECT COUNT(*) AS nc_count FROM `zmkj_evaluate_goods` WHERE ( geval_goodsid = '107359' ) AND ( (geval_image <> '') OR (geval_image_again <> '') ) LIMIT 1  
[2020-03-04 20:36:04] /shop/index.php?act=goods&op=comments_list&goods_id=101174&type=3 ( act=goods&op=comments_list ) 
ERR: Db Error: Unknown column 'geval_image_again' in 'where clause'
SELECT COUNT(*) AS nc_count FROM `zmkj_evaluate_goods` WHERE ( geval_goodsid = '101174' ) AND ( (geval_image <> '') OR (geval_image_again <> '') ) LIMIT 1  
[2020-03-04 20:37:14] /shop/index.php?act=goods&op=comments_list&goods_id=109114 ( act=goods&op=comments_list ) 
ERR: Db Error: Unknown column 'geval_image_again' in 'where clause'
SELECT COUNT(*) AS nc_count FROM `zmkj_evaluate_goods` WHERE ( geval_goodsid = '109114' ) AND ( (geval_image <> '') OR (geval_image_again <> '') ) LIMIT 1  
[2020-03-04 21:00:04] /shop/index.php?act=goods&op=comments_list&goods_id=111630&type=1 ( act=goods&op=comments_list ) 
ERR: Db Error: Unknown column 'geval_image_again' in 'where clause'
SELECT COUNT(*) AS nc_count FROM `zmkj_evaluate_goods` WHERE ( geval_goodsid = '111630' ) AND ( (geval_image <> '') OR (geval_image_again <> '') ) LIMIT 1  
[2020-03-04 21:06:12] /shop/index.php?act=goods&op=comments_list&goods_id=108784 ( act=goods&op=comments_list ) 
ERR: Db Error: Unknown column 'geval_image_again' in 'where clause'
SELECT COUNT(*) AS nc_count FROM `zmkj_evaluate_goods` WHERE ( geval_goodsid = '108784' ) AND ( (geval_image <> '') OR (geval_image_again <> '') ) LIMIT 1  
[2020-03-04 21:10:56] /shop/index.php?act=goods&op=comments_list&goods_id=113048 ( act=goods&op=comments_list ) 
ERR: Db Error: Unknown column 'geval_image_again' in 'where clause'
SELECT COUNT(*) AS nc_count FROM `zmkj_evaluate_goods` WHERE ( geval_goodsid = '113048' ) AND ( (geval_image <> '') OR (geval_image_again <> '') ) LIMIT 1  
[2020-03-04 21:17:03] /shop/index.php?act=goods&op=comments_list&goods_id=103221 ( act=goods&op=comments_list ) 
ERR: Db Error: Unknown column 'geval_image_again' in 'where clause'
SELECT COUNT(*) AS nc_count FROM `zmkj_evaluate_goods` WHERE ( geval_goodsid = '103221' ) AND ( (geval_image <> '') OR (geval_image_again <> '') ) LIMIT 1  
[2020-03-04 21:23:16] /shop/index.php?act=goods&op=comments_list&goods_id=100464 ( act=goods&op=comments_list ) 
ERR: Db Error: Unknown column 'geval_image_again' in 'where clause'
SELECT COUNT(*) AS nc_count FROM `zmkj_evaluate_goods` WHERE ( geval_goodsid = '100464' ) AND ( (geval_image <> '') OR (geval_image_again <> '') ) LIMIT 1  
[2020-03-04 21:37:03] /shop/index.php?act=goods&op=comments_list&goods_id=105597 ( act=goods&op=comments_list ) 
ERR: Db Error: Unknown column 'geval_image_again' in 'where clause'
SELECT COUNT(*) AS nc_count FROM `zmkj_evaluate_goods` WHERE ( geval_goodsid = '105597' ) AND ( (geval_image <> '') OR (geval_image_again <> '') ) LIMIT 1  
[2020-03-04 21:44:32] /shop/index.php?act=goods&op=comments_list&goods_id=105511 ( act=goods&op=comments_list ) 
ERR: Db Error: Unknown column 'geval_image_again' in 'where clause'
SELECT COUNT(*) AS nc_count FROM `zmkj_evaluate_goods` WHERE ( geval_goodsid = '105511' ) AND ( (geval_image <> '') OR (geval_image_again <> '') ) LIMIT 1  
[2020-03-04 21:46:02] /shop/index.php?act=goods&op=comments_list&goods_id=105865&type=2 ( act=goods&op=comments_list ) 
ERR: Db Error: Unknown column 'geval_image_again' in 'where clause'
SELECT COUNT(*) AS nc_count FROM `zmkj_evaluate_goods` WHERE ( geval_goodsid = '105865' ) AND ( (geval_image <> '') OR (geval_image_again <> '') ) LIMIT 1  
[2020-03-04 21:52:54] /shop/index.php?act=goods&op=comments_list&goods_id=104038&type=3 ( act=goods&op=comments_list ) 
ERR: Db Error: Unknown column 'geval_image_again' in 'where clause'
SELECT COUNT(*) AS nc_count FROM `zmkj_evaluate_goods` WHERE ( geval_goodsid = '104038' ) AND ( (geval_image <> '') OR (geval_image_again <> '') ) LIMIT 1  
[2020-03-04 21:53:53] /shop/index.php?act=goods&op=comments_list&goods_id=111178 ( act=goods&op=comments_list ) 
ERR: Db Error: Unknown column 'geval_image_again' in 'where clause'
SELECT COUNT(*) AS nc_count FROM `zmkj_evaluate_goods` WHERE ( geval_goodsid = '111178' ) AND ( (geval_image <> '') OR (geval_image_again <> '') ) LIMIT 1  
[2020-03-04 21:56:27] /shop/index.php?act=goods&op=comments_list&goods_id=112022 ( act=goods&op=comments_list ) 
ERR: Db Error: Unknown column 'geval_image_again' in 'where clause'
SELECT COUNT(*) AS nc_count FROM `zmkj_evaluate_goods` WHERE ( geval_goodsid = '112022' ) AND ( (geval_image <> '') OR (geval_image_again <> '') ) LIMIT 1  
[2020-03-04 21:58:40] /shop/index.php?act=goods&op=comments_list&goods_id=113670&type=1 ( act=goods&op=comments_list ) 
ERR: Db Error: Unknown column 'geval_image_again' in 'where clause'
SELECT COUNT(*) AS nc_count FROM `zmkj_evaluate_goods` WHERE ( geval_goodsid = '113670' ) AND ( (geval_image <> '') OR (geval_image_again <> '') ) LIMIT 1  
[2020-03-04 22:05:22] /shop/index.php?act=goods&op=comments_list&goods_id=106649 ( act=goods&op=comments_list ) 
ERR: Db Error: Unknown column 'geval_image_again' in 'where clause'
SELECT COUNT(*) AS nc_count FROM `zmkj_evaluate_goods` WHERE ( geval_goodsid = '106649' ) AND ( (geval_image <> '') OR (geval_image_again <> '') ) LIMIT 1  
[2020-03-04 22:07:39] /shop/index.php?act=goods&op=comments_list&goods_id=109818 ( act=goods&op=comments_list ) 
ERR: Db Error: Unknown column 'geval_image_again' in 'where clause'
SELECT COUNT(*) AS nc_count FROM `zmkj_evaluate_goods` WHERE ( geval_goodsid = '109818' ) AND ( (geval_image <> '') OR (geval_image_again <> '') ) LIMIT 1  
[2020-03-04 22:16:03] /shop/index.php?act=goods&op=comments_list&goods_id=101863 ( act=goods&op=comments_list ) 
ERR: Db Error: Unknown column 'geval_image_again' in 'where clause'
SELECT COUNT(*) AS nc_count FROM `zmkj_evaluate_goods` WHERE ( geval_goodsid = '101863' ) AND ( (geval_image <> '') OR (geval_image_again <> '') ) LIMIT 1  
[2020-03-04 22:20:25] /shop/index.php?act=goods&op=comments_list&goods_id=107250&type=3 ( act=goods&op=comments_list ) 
ERR: Db Error: Unknown column 'geval_image_again' in 'where clause'
SELECT COUNT(*) AS nc_count FROM `zmkj_evaluate_goods` WHERE ( geval_goodsid = '107250' ) AND ( (geval_image <> '') OR (geval_image_again <> '') ) LIMIT 1  
[2020-03-04 22:35:42] /shop/index.php?act=goods&op=comments_list&goods_id=106333 ( act=goods&op=comments_list ) 
ERR: Db Error: Unknown column 'geval_image_again' in 'where clause'
SELECT COUNT(*) AS nc_count FROM `zmkj_evaluate_goods` WHERE ( geval_goodsid = '106333' ) AND ( (geval_image <> '') OR (geval_image_again <> '') ) LIMIT 1  
[2020-03-04 22:36:57] /shop/index.php?act=goods&op=comments_list&goods_id=106746 ( act=goods&op=comments_list ) 
ERR: Db Error: Unknown column 'geval_image_again' in 'where clause'
SELECT COUNT(*) AS nc_count FROM `zmkj_evaluate_goods` WHERE ( geval_goodsid = '106746' ) AND ( (geval_image <> '') OR (geval_image_again <> '') ) LIMIT 1  
[2020-03-04 22:48:12] /shop/index.php?act=goods&op=comments_list&goods_id=106326 ( act=goods&op=comments_list ) 
ERR: Db Error: Unknown column 'geval_image_again' in 'where clause'
SELECT COUNT(*) AS nc_count FROM `zmkj_evaluate_goods` WHERE ( geval_goodsid = '106326' ) AND ( (geval_image <> '') OR (geval_image_again <> '') ) LIMIT 1  
[2020-03-04 22:53:57] /shop/index.php?act=goods&op=comments_list&goods_id=106254&type=3 ( act=goods&op=comments_list ) 
ERR: Db Error: Unknown column 'geval_image_again' in 'where clause'
SELECT COUNT(*) AS nc_count FROM `zmkj_evaluate_goods` WHERE ( geval_goodsid = '106254' ) AND ( (geval_image <> '') OR (geval_image_again <> '') ) LIMIT 1  
[2020-03-04 23:02:29] /shop/index.php?act=goods&op=comments_list&goods_id=106315 ( act=goods&op=comments_list ) 
ERR: Db Error: Unknown column 'geval_image_again' in 'where clause'
SELECT COUNT(*) AS nc_count FROM `zmkj_evaluate_goods` WHERE ( geval_goodsid = '106315' ) AND ( (geval_image <> '') OR (geval_image_again <> '') ) LIMIT 1  
[2020-03-04 23:23:25] /shop/index.php?act=goods&op=comments_list&goods_id=103161&type=1 ( act=goods&op=comments_list ) 
ERR: Db Error: Unknown column 'geval_image_again' in 'where clause'
SELECT COUNT(*) AS nc_count FROM `zmkj_evaluate_goods` WHERE ( geval_goodsid = '103161' ) AND ( (geval_image <> '') OR (geval_image_again <> '') ) LIMIT 1  
[2020-03-04 23:36:17] /shop/index.php?act=goods&op=comments_list&goods_id=101892 ( act=goods&op=comments_list ) 
ERR: Db Error: Unknown column 'geval_image_again' in 'where clause'
SELECT COUNT(*) AS nc_count FROM `zmkj_evaluate_goods` WHERE ( geval_goodsid = '101892' ) AND ( (geval_image <> '') OR (geval_image_again <> '') ) LIMIT 1  
[2020-03-04 23:52:03] /shop/index.php?act=goods&op=comments_list&goods_id=105507 ( act=goods&op=comments_list ) 
ERR: Db Error: Unknown column 'geval_image_again' in 'where clause'
SELECT COUNT(*) AS nc_count FROM `zmkj_evaluate_goods` WHERE ( geval_goodsid = '105507' ) AND ( (geval_image <> '') OR (geval_image_again <> '') ) LIMIT 1  
[2020-03-04 23:52:35] /shop/index.php?act=goods&op=comments_list&goods_id=112900&type=1 ( act=goods&op=comments_list ) 
ERR: Db Error: Unknown column 'geval_image_again' in 'where clause'
SELECT COUNT(*) AS nc_count FROM `zmkj_evaluate_goods` WHERE ( geval_goodsid = '112900' ) AND ( (geval_image <> '') OR (geval_image_again <> '') ) LIMIT 1  
[2020-03-04 23:53:33] /shop/index.php?act=goods&op=comments_list&goods_id=101760 ( act=goods&op=comments_list ) 
ERR: Db Error: Unknown column 'geval_image_again' in 'where clause'
SELECT COUNT(*) AS nc_count FROM `zmkj_evaluate_goods` WHERE ( geval_goodsid = '101760' ) AND ( (geval_image <> '') OR (geval_image_again <> '') ) LIMIT 1  
[2020-03-04 23:54:11] /shop/index.php?act=goods&op=comments_list&goods_id=111829 ( act=goods&op=comments_list ) 
ERR: Db Error: Unknown column 'geval_image_again' in 'where clause'
SELECT COUNT(*) AS nc_count FROM `zmkj_evaluate_goods` WHERE ( geval_goodsid = '111829' ) AND ( (geval_image <> '') OR (geval_image_again <> '') ) LIMIT 1  
[2020-03-04 23:54:48] /shop/index.php?act=goods&op=comments_list&goods_id=108388 ( act=goods&op=comments_list ) 
ERR: Db Error: Unknown column 'geval_image_again' in 'where clause'
SELECT COUNT(*) AS nc_count FROM `zmkj_evaluate_goods` WHERE ( geval_goodsid = '108388' ) AND ( (geval_image <> '') OR (geval_image_again <> '') ) LIMIT 1  
[2020-03-04 23:59:43] /shop/index.php?act=goods&op=comments_list&goods_id=107975 ( act=goods&op=comments_list ) 
ERR: Db Error: Unknown column 'geval_image_again' in 'where clause'
SELECT COUNT(*) AS nc_count FROM `zmkj_evaluate_goods` WHERE ( geval_goodsid = '107975' ) AND ( (geval_image <> '') OR (geval_image_again <> '') ) LIMIT 1  
[2020-03-04 23:59:56] /shop/index.php?act=goods&op=comments_list&goods_id=109508&type=3 ( act=goods&op=comments_list ) 
ERR: Db Error: Unknown column 'geval_image_again' in 'where clause'
SELECT COUNT(*) AS nc_count FROM `zmkj_evaluate_goods` WHERE ( geval_goodsid = '109508' ) AND ( (geval_image <> '') OR (geval_image_again <> '') ) LIMIT 1  
