[2020-01-12 00:50:13] /shop/index.php?act=goods&op=comments_list&goods_id=113382 ( act=goods&op=comments_list ) 
ERR: Db Error: Unknown column 'geval_image_again' in 'where clause'
SELECT COUNT(*) AS nc_count FROM `zmkj_evaluate_goods` WHERE ( geval_goodsid = '113382' ) AND ( (geval_image <> '') OR (geval_image_again <> '') ) LIMIT 1  
[2020-01-12 00:53:02] /shop/index.php?act=goods&op=comments_list&goods_id=113405 ( act=goods&op=comments_list ) 
ERR: Db Error: Unknown column 'geval_image_again' in 'where clause'
SELECT COUNT(*) AS nc_count FROM `zmkj_evaluate_goods` WHERE ( geval_goodsid = '113405' ) AND ( (geval_image <> '') OR (geval_image_again <> '') ) LIMIT 1  
[2020-01-12 00:54:00] /shop/index.php?act=goods&op=comments_list&goods_id=113408 ( act=goods&op=comments_list ) 
ERR: Db Error: Unknown column 'geval_image_again' in 'where clause'
SELECT COUNT(*) AS nc_count FROM `zmkj_evaluate_goods` WHERE ( geval_goodsid = '113408' ) AND ( (geval_image <> '') OR (geval_image_again <> '') ) LIMIT 1  
[2020-01-12 01:31:59] /shop/index.php?act=goods&op=comments_list&goods_id=111888 ( act=goods&op=comments_list ) 
ERR: Db Error: Unknown column 'geval_image_again' in 'where clause'
SELECT COUNT(*) AS nc_count FROM `zmkj_evaluate_goods` WHERE ( geval_goodsid = '111888' ) AND ( (geval_image <> '') OR (geval_image_again <> '') ) LIMIT 1  
[2020-01-12 02:22:38] /shop/index.php?act=goods&op=comments_list&goods_id=107071 ( act=goods&op=comments_list ) 
ERR: Db Error: Unknown column 'geval_image_again' in 'where clause'
SELECT COUNT(*) AS nc_count FROM `zmkj_evaluate_goods` WHERE ( geval_goodsid = '107071' ) AND ( (geval_image <> '') OR (geval_image_again <> '') ) LIMIT 1  
[2020-01-12 02:27:49] /shop/index.php?act=goods&op=comments_list&goods_id=107075 ( act=goods&op=comments_list ) 
ERR: Db Error: Unknown column 'geval_image_again' in 'where clause'
SELECT COUNT(*) AS nc_count FROM `zmkj_evaluate_goods` WHERE ( geval_goodsid = '107075' ) AND ( (geval_image <> '') OR (geval_image_again <> '') ) LIMIT 1  
[2020-01-12 02:33:26] /shop/index.php?act=goods&op=comments_list&goods_id=107077 ( act=goods&op=comments_list ) 
ERR: Db Error: Unknown column 'geval_image_again' in 'where clause'
SELECT COUNT(*) AS nc_count FROM `zmkj_evaluate_goods` WHERE ( geval_goodsid = '107077' ) AND ( (geval_image <> '') OR (geval_image_again <> '') ) LIMIT 1  
[2020-01-12 03:30:43] /shop/index.php?act=goods&op=comments_list&goods_id=107110 ( act=goods&op=comments_list ) 
ERR: Db Error: Unknown column 'geval_image_again' in 'where clause'
SELECT COUNT(*) AS nc_count FROM `zmkj_evaluate_goods` WHERE ( geval_goodsid = '107110' ) AND ( (geval_image <> '') OR (geval_image_again <> '') ) LIMIT 1  
[2020-01-12 05:17:53] /shop/index.php?act=goods&op=comments_list&goods_id=106282 ( act=goods&op=comments_list ) 
ERR: Db Error: Unknown column 'geval_image_again' in 'where clause'
SELECT COUNT(*) AS nc_count FROM `zmkj_evaluate_goods` WHERE ( geval_goodsid = '106282' ) AND ( (geval_image <> '') OR (geval_image_again <> '') ) LIMIT 1  
[2020-01-12 06:00:43] /shop/index.php?act=goods&op=comments_list&goods_id=110855 ( act=goods&op=comments_list ) 
ERR: Db Error: Unknown column 'geval_image_again' in 'where clause'
SELECT COUNT(*) AS nc_count FROM `zmkj_evaluate_goods` WHERE ( geval_goodsid = '110855' ) AND ( (geval_image <> '') OR (geval_image_again <> '') ) LIMIT 1  
[2020-01-12 06:01:04] /shop/index.php?act=goods&op=comments_list&goods_id=111839 ( act=goods&op=comments_list ) 
ERR: Db Error: Unknown column 'geval_image_again' in 'where clause'
SELECT COUNT(*) AS nc_count FROM `zmkj_evaluate_goods` WHERE ( geval_goodsid = '111839' ) AND ( (geval_image <> '') OR (geval_image_again <> '') ) LIMIT 1  
[2020-01-12 12:29:05] /shop/index.php?act=goods&op=comments_list&goods_id=106368 ( act=goods&op=comments_list ) 
ERR: Db Error: Unknown column 'geval_image_again' in 'where clause'
SELECT COUNT(*) AS nc_count FROM `zmkj_evaluate_goods` WHERE ( geval_goodsid = '106368' ) AND ( (geval_image <> '') OR (geval_image_again <> '') ) LIMIT 1  
[2020-01-12 12:29:27] /shop/index.php?act=goods&op=comments_list&goods_id=111326 ( act=goods&op=comments_list ) 
ERR: Db Error: Unknown column 'geval_image_again' in 'where clause'
SELECT COUNT(*) AS nc_count FROM `zmkj_evaluate_goods` WHERE ( geval_goodsid = '111326' ) AND ( (geval_image <> '') OR (geval_image_again <> '') ) LIMIT 1  
[2020-01-12 13:10:56] /shop/index.php?act=goods&op=comments_list&goods_id=102364 ( act=goods&op=comments_list ) 
ERR: Db Error: Unknown column 'geval_image_again' in 'where clause'
SELECT COUNT(*) AS nc_count FROM `zmkj_evaluate_goods` WHERE ( geval_goodsid = '102364' ) AND ( (geval_image <> '') OR (geval_image_again <> '') ) LIMIT 1  
[2020-01-12 13:11:01] /shop/index.php?act=goods&op=comments_list&goods_id=102777 ( act=goods&op=comments_list ) 
ERR: Db Error: Unknown column 'geval_image_again' in 'where clause'
SELECT COUNT(*) AS nc_count FROM `zmkj_evaluate_goods` WHERE ( geval_goodsid = '102777' ) AND ( (geval_image <> '') OR (geval_image_again <> '') ) LIMIT 1  
[2020-01-12 13:39:47] /shop/index.php?act=hot_sale&op=index ( act=hot_sale&op=index ) 
ERR: Db Error: You have an error in your SQL syntax; check the manual that corresponds to your MySQL server version for the right syntax to use near ') and goods_state=1' at line 1
select * from zmkj_goods where goods_id in () and goods_state=1
[2020-01-12 13:39:47] /shop/index.php?act=hot_sale&op=index ( act=hot_sale&op=index ) 
ERR: Db Error: You have an error in your SQL syntax; check the manual that corresponds to your MySQL server version for the right syntax to use near '' at line 1
select `member_id` from zmkj_store where store_id = 
[2020-01-12 21:41:29] /shop/index.php?act=goods&op=comments_list&goods_id=109647 ( act=goods&op=comments_list ) 
ERR: Db Error: Unknown column 'geval_image_again' in 'where clause'
SELECT COUNT(*) AS nc_count FROM `zmkj_evaluate_goods` WHERE ( geval_goodsid = '109647' ) AND ( (geval_image <> '') OR (geval_image_again <> '') ) LIMIT 1  
[2020-01-12 21:42:47] /shop/index.php?act=goods&op=comments_list&goods_id=112861 ( act=goods&op=comments_list ) 
ERR: Db Error: Unknown column 'geval_image_again' in 'where clause'
SELECT COUNT(*) AS nc_count FROM `zmkj_evaluate_goods` WHERE ( geval_goodsid = '112861' ) AND ( (geval_image <> '') OR (geval_image_again <> '') ) LIMIT 1  
[2020-01-12 21:43:17] /shop/index.php?act=goods&op=comments_list&goods_id=112862 ( act=goods&op=comments_list ) 
ERR: Db Error: Unknown column 'geval_image_again' in 'where clause'
SELECT COUNT(*) AS nc_count FROM `zmkj_evaluate_goods` WHERE ( geval_goodsid = '112862' ) AND ( (geval_image <> '') OR (geval_image_again <> '') ) LIMIT 1  
[2020-01-12 21:45:43] /shop/index.php?act=goods&op=comments_list&goods_id=112004 ( act=goods&op=comments_list ) 
ERR: Db Error: Unknown column 'geval_image_again' in 'where clause'
SELECT COUNT(*) AS nc_count FROM `zmkj_evaluate_goods` WHERE ( geval_goodsid = '112004' ) AND ( (geval_image <> '') OR (geval_image_again <> '') ) LIMIT 1  
[2020-01-12 21:46:04] /shop/index.php?act=goods&op=comments_list&goods_id=112370 ( act=goods&op=comments_list ) 
ERR: Db Error: Unknown column 'geval_image_again' in 'where clause'
SELECT COUNT(*) AS nc_count FROM `zmkj_evaluate_goods` WHERE ( geval_goodsid = '112370' ) AND ( (geval_image <> '') OR (geval_image_again <> '') ) LIMIT 1  
