[2020-04-08 04:19:36] /shop/index.php?act=goods&op=comments_list&goods_id=108793 ( act=goods&op=comments_list ) 
ERR: Db Error: Unknown column 'geval_image_again' in 'where clause'
SELECT COUNT(*) AS nc_count FROM `zmkj_evaluate_goods` WHERE ( geval_goodsid = '108793' ) AND ( (geval_image <> '') OR (geval_image_again <> '') ) LIMIT 1  
[2020-04-08 06:38:04] /shop/index.php?act=goods&op=comments_list&goods_id=107289 ( act=goods&op=comments_list ) 
ERR: Db Error: Unknown column 'geval_image_again' in 'where clause'
SELECT COUNT(*) AS nc_count FROM `zmkj_evaluate_goods` WHERE ( geval_goodsid = '107289' ) AND ( (geval_image <> '') OR (geval_image_again <> '') ) LIMIT 1  
[2020-04-08 12:18:10] /shop/index.php?act=goods&goods_id=103035&op=comments_list ( act=goods&op=comments_list ) 
ERR: Db Error: Unknown column 'geval_image_again' in 'where clause'
SELECT COUNT(*) AS nc_count FROM `zmkj_evaluate_goods` WHERE ( geval_goodsid = '103035' ) AND ( (geval_image <> '') OR (geval_image_again <> '') ) LIMIT 1  
[2020-04-08 13:19:57] /shop/index.php?act=goods&goods_id=101262&op=comments_list ( act=goods&op=comments_list ) 
ERR: Db Error: Unknown column 'geval_image_again' in 'where clause'
SELECT COUNT(*) AS nc_count FROM `zmkj_evaluate_goods` WHERE ( geval_goodsid = '101262' ) AND ( (geval_image <> '') OR (geval_image_again <> '') ) LIMIT 1  
[2020-04-08 13:20:54] /shop/index.php?act=goods&goods_id=100658&op=comments_list ( act=goods&op=comments_list ) 
ERR: Db Error: Unknown column 'geval_image_again' in 'where clause'
SELECT COUNT(*) AS nc_count FROM `zmkj_evaluate_goods` WHERE ( geval_goodsid = '100658' ) AND ( (geval_image <> '') OR (geval_image_again <> '') ) LIMIT 1  
[2020-04-08 13:42:24] /shop/index.php?act=goods&goods_id=101715&op=comments_list&type=1 ( act=goods&op=comments_list ) 
ERR: Db Error: Unknown column 'geval_image_again' in 'where clause'
SELECT COUNT(*) AS nc_count FROM `zmkj_evaluate_goods` WHERE ( geval_goodsid = '101715' ) AND ( (geval_image <> '') OR (geval_image_again <> '') ) LIMIT 1  
[2020-04-08 13:42:26] /shop/index.php?act=goods&goods_id=102567&op=comments_list ( act=goods&op=comments_list ) 
ERR: Db Error: Unknown column 'geval_image_again' in 'where clause'
SELECT COUNT(*) AS nc_count FROM `zmkj_evaluate_goods` WHERE ( geval_goodsid = '102567' ) AND ( (geval_image <> '') OR (geval_image_again <> '') ) LIMIT 1  
[2020-04-08 13:42:34] /shop/index.php?act=goods&goods_id=107502&op=comments_list ( act=goods&op=comments_list ) 
ERR: Db Error: Unknown column 'geval_image_again' in 'where clause'
SELECT COUNT(*) AS nc_count FROM `zmkj_evaluate_goods` WHERE ( geval_goodsid = '107502' ) AND ( (geval_image <> '') OR (geval_image_again <> '') ) LIMIT 1  
[2020-04-08 13:42:59] /shop/index.php?act=goods&goods_id=101782&op=comments_list ( act=goods&op=comments_list ) 
ERR: Db Error: Unknown column 'geval_image_again' in 'where clause'
SELECT COUNT(*) AS nc_count FROM `zmkj_evaluate_goods` WHERE ( geval_goodsid = '101782' ) AND ( (geval_image <> '') OR (geval_image_again <> '') ) LIMIT 1  
[2020-04-08 15:07:33] /shop/index.php?act=goods&goods_id=105182&op=comments_list ( act=goods&op=comments_list ) 
ERR: Db Error: Unknown column 'geval_image_again' in 'where clause'
SELECT COUNT(*) AS nc_count FROM `zmkj_evaluate_goods` WHERE ( geval_goodsid = '105182' ) AND ( (geval_image <> '') OR (geval_image_again <> '') ) LIMIT 1  
[2020-04-08 15:30:57] /shop/index.php?act=goods&goods_id=108306&op=comments_list ( act=goods&op=comments_list ) 
ERR: Db Error: Unknown column 'geval_image_again' in 'where clause'
SELECT COUNT(*) AS nc_count FROM `zmkj_evaluate_goods` WHERE ( geval_goodsid = '108306' ) AND ( (geval_image <> '') OR (geval_image_again <> '') ) LIMIT 1  
[2020-04-08 16:02:58] /shop/index.php?act=hot_sale&op=index ( act=hot_sale&op=index ) 
ERR: Db Error: You have an error in your SQL syntax; check the manual that corresponds to your MySQL server version for the right syntax to use near ') and goods_state=1' at line 1
select * from zmkj_goods where goods_id in () and goods_state=1
[2020-04-08 16:02:58] /shop/index.php?act=hot_sale&op=index ( act=hot_sale&op=index ) 
ERR: Db Error: You have an error in your SQL syntax; check the manual that corresponds to your MySQL server version for the right syntax to use near '' at line 1
select `member_id` from zmkj_store where store_id = 
[2020-04-08 16:04:10] /shop/index.php?act=hot_sale&op=index ( act=hot_sale&op=index ) 
ERR: Db Error: You have an error in your SQL syntax; check the manual that corresponds to your MySQL server version for the right syntax to use near ') and goods_state=1' at line 1
select * from zmkj_goods where goods_id in () and goods_state=1
[2020-04-08 16:04:10] /shop/index.php?act=hot_sale&op=index ( act=hot_sale&op=index ) 
ERR: Db Error: You have an error in your SQL syntax; check the manual that corresponds to your MySQL server version for the right syntax to use near '' at line 1
select `member_id` from zmkj_store where store_id = 
[2020-04-08 16:10:47] /shop/index.php?act=goods&goods_id=106206&op=comments_list ( act=goods&op=comments_list ) 
ERR: Db Error: Unknown column 'geval_image_again' in 'where clause'
SELECT COUNT(*) AS nc_count FROM `zmkj_evaluate_goods` WHERE ( geval_goodsid = '106206' ) AND ( (geval_image <> '') OR (geval_image_again <> '') ) LIMIT 1  
[2020-04-08 16:51:05] /shop/index.php?act=hot_sale&op=index ( act=hot_sale&op=index ) 
ERR: Db Error: You have an error in your SQL syntax; check the manual that corresponds to your MySQL server version for the right syntax to use near ') and goods_state=1' at line 1
select * from zmkj_goods where goods_id in () and goods_state=1
[2020-04-08 16:51:05] /shop/index.php?act=hot_sale&op=index ( act=hot_sale&op=index ) 
ERR: Db Error: You have an error in your SQL syntax; check the manual that corresponds to your MySQL server version for the right syntax to use near '' at line 1
select `member_id` from zmkj_store where store_id = 
[2020-04-08 16:51:12] /shop/index.php?act=hot_sale&op=index ( act=hot_sale&op=index ) 
ERR: Db Error: You have an error in your SQL syntax; check the manual that corresponds to your MySQL server version for the right syntax to use near ') and goods_state=1' at line 1
select * from zmkj_goods where goods_id in () and goods_state=1
[2020-04-08 16:51:12] /shop/index.php?act=hot_sale&op=index ( act=hot_sale&op=index ) 
ERR: Db Error: You have an error in your SQL syntax; check the manual that corresponds to your MySQL server version for the right syntax to use near '' at line 1
select `member_id` from zmkj_store where store_id = 
[2020-04-08 17:05:29] /shop/index.php?act=goods&goods_id=105666&op=comments_list ( act=goods&op=comments_list ) 
ERR: Db Error: Unknown column 'geval_image_again' in 'where clause'
SELECT COUNT(*) AS nc_count FROM `zmkj_evaluate_goods` WHERE ( geval_goodsid = '105666' ) AND ( (geval_image <> '') OR (geval_image_again <> '') ) LIMIT 1  
[2020-04-08 17:09:21] /shop/index.php?act=goods&goods_id=106551&op=comments_list ( act=goods&op=comments_list ) 
ERR: Db Error: Unknown column 'geval_image_again' in 'where clause'
SELECT COUNT(*) AS nc_count FROM `zmkj_evaluate_goods` WHERE ( geval_goodsid = '106551' ) AND ( (geval_image <> '') OR (geval_image_again <> '') ) LIMIT 1  
[2020-04-08 17:09:21] /shop/index.php?act=goods&goods_id=110294&op=comments_list ( act=goods&op=comments_list ) 
ERR: Db Error: Unknown column 'geval_image_again' in 'where clause'
SELECT COUNT(*) AS nc_count FROM `zmkj_evaluate_goods` WHERE ( geval_goodsid = '110294' ) AND ( (geval_image <> '') OR (geval_image_again <> '') ) LIMIT 1  
[2020-04-08 17:58:11] /shop/index.php?act=hot_sale&op=index ( act=hot_sale&op=index ) 
ERR: Db Error: You have an error in your SQL syntax; check the manual that corresponds to your MySQL server version for the right syntax to use near ') and goods_state=1' at line 1
select * from zmkj_goods where goods_id in () and goods_state=1
[2020-04-08 17:58:11] /shop/index.php?act=hot_sale&op=index ( act=hot_sale&op=index ) 
ERR: Db Error: You have an error in your SQL syntax; check the manual that corresponds to your MySQL server version for the right syntax to use near '' at line 1
select `member_id` from zmkj_store where store_id = 
