[2020-01-17 01:08:12] /shop/index.php?act=goods&goods_id=101557&op=comments_list ( act=goods&op=comments_list ) 
ERR: Db Error: Unknown column 'geval_image_again' in 'where clause'
SELECT COUNT(*) AS nc_count FROM `zmkj_evaluate_goods` WHERE ( geval_goodsid = '101557' ) AND ( (geval_image <> '') OR (geval_image_again <> '') ) LIMIT 1  
[2020-01-17 01:12:45] /shop/index.php?act=goods&goods_id=102031&op=comments_list ( act=goods&op=comments_list ) 
ERR: Db Error: Unknown column 'geval_image_again' in 'where clause'
SELECT COUNT(*) AS nc_count FROM `zmkj_evaluate_goods` WHERE ( geval_goodsid = '102031' ) AND ( (geval_image <> '') OR (geval_image_again <> '') ) LIMIT 1  
[2020-01-17 01:20:59] /shop/index.php?act=goods&goods_id=111726&op=comments_list ( act=goods&op=comments_list ) 
ERR: Db Error: Unknown column 'geval_image_again' in 'where clause'
SELECT COUNT(*) AS nc_count FROM `zmkj_evaluate_goods` WHERE ( geval_goodsid = '111726' ) AND ( (geval_image <> '') OR (geval_image_again <> '') ) LIMIT 1  
[2020-01-17 01:21:18] /shop/index.php?act=goods&goods_id=107891&op=comments_list ( act=goods&op=comments_list ) 
ERR: Db Error: Unknown column 'geval_image_again' in 'where clause'
SELECT COUNT(*) AS nc_count FROM `zmkj_evaluate_goods` WHERE ( geval_goodsid = '107891' ) AND ( (geval_image <> '') OR (geval_image_again <> '') ) LIMIT 1  
[2020-01-17 01:23:46] /shop/index.php?act=goods&goods_id=102643&op=comments_list ( act=goods&op=comments_list ) 
ERR: Db Error: Unknown column 'geval_image_again' in 'where clause'
SELECT COUNT(*) AS nc_count FROM `zmkj_evaluate_goods` WHERE ( geval_goodsid = '102643' ) AND ( (geval_image <> '') OR (geval_image_again <> '') ) LIMIT 1  
[2020-01-17 01:33:26] /shop/index.php?act=goods&goods_id=105666&op=comments_list ( act=goods&op=comments_list ) 
ERR: Db Error: Unknown column 'geval_image_again' in 'where clause'
SELECT COUNT(*) AS nc_count FROM `zmkj_evaluate_goods` WHERE ( geval_goodsid = '105666' ) AND ( (geval_image <> '') OR (geval_image_again <> '') ) LIMIT 1  
[2020-01-17 01:42:00] /shop/index.php?act=hot_sale&op=index ( act=hot_sale&op=index ) 
ERR: Db Error: You have an error in your SQL syntax; check the manual that corresponds to your MySQL server version for the right syntax to use near ') and goods_state=1' at line 1
select * from zmkj_goods where goods_id in () and goods_state=1
[2020-01-17 01:42:00] /shop/index.php?act=hot_sale&op=index ( act=hot_sale&op=index ) 
ERR: Db Error: You have an error in your SQL syntax; check the manual that corresponds to your MySQL server version for the right syntax to use near '' at line 1
select `member_id` from zmkj_store where store_id = 
[2020-01-17 01:54:14] /shop/index.php?act=goods&goods_id=107490&op=comments_list ( act=goods&op=comments_list ) 
ERR: Db Error: Unknown column 'geval_image_again' in 'where clause'
SELECT COUNT(*) AS nc_count FROM `zmkj_evaluate_goods` WHERE ( geval_goodsid = '107490' ) AND ( (geval_image <> '') OR (geval_image_again <> '') ) LIMIT 1  
[2020-01-17 02:04:26] /shop/index.php?act=goods&goods_id=103704&op=comments_list ( act=goods&op=comments_list ) 
ERR: Db Error: Unknown column 'geval_image_again' in 'where clause'
SELECT COUNT(*) AS nc_count FROM `zmkj_evaluate_goods` WHERE ( geval_goodsid = '103704' ) AND ( (geval_image <> '') OR (geval_image_again <> '') ) LIMIT 1  
[2020-01-17 02:06:10] /shop/index.php?act=goods&goods_id=103349&op=comments_list ( act=goods&op=comments_list ) 
ERR: Db Error: Unknown column 'geval_image_again' in 'where clause'
SELECT COUNT(*) AS nc_count FROM `zmkj_evaluate_goods` WHERE ( geval_goodsid = '103349' ) AND ( (geval_image <> '') OR (geval_image_again <> '') ) LIMIT 1  
[2020-01-17 02:18:18] /shop/index.php?act=goods&goods_id=107252&op=comments_list ( act=goods&op=comments_list ) 
ERR: Db Error: Unknown column 'geval_image_again' in 'where clause'
SELECT COUNT(*) AS nc_count FROM `zmkj_evaluate_goods` WHERE ( geval_goodsid = '107252' ) AND ( (geval_image <> '') OR (geval_image_again <> '') ) LIMIT 1  
[2020-01-17 02:29:54] /shop/index.php?act=goods&goods_id=108088&op=comments_list&type=3 ( act=goods&op=comments_list ) 
ERR: Db Error: Unknown column 'geval_image_again' in 'where clause'
SELECT COUNT(*) AS nc_count FROM `zmkj_evaluate_goods` WHERE ( geval_goodsid = '108088' ) AND ( (geval_image <> '') OR (geval_image_again <> '') ) LIMIT 1  
[2020-01-17 02:48:18] /shop/index.php?act=goods&goods_id=108156&op=comments_list ( act=goods&op=comments_list ) 
ERR: Db Error: Unknown column 'geval_image_again' in 'where clause'
SELECT COUNT(*) AS nc_count FROM `zmkj_evaluate_goods` WHERE ( geval_goodsid = '108156' ) AND ( (geval_image <> '') OR (geval_image_again <> '') ) LIMIT 1  
[2020-01-17 03:01:21] /shop/index.php?act=goods&goods_id=109079&op=comments_list ( act=goods&op=comments_list ) 
ERR: Db Error: Unknown column 'geval_image_again' in 'where clause'
SELECT COUNT(*) AS nc_count FROM `zmkj_evaluate_goods` WHERE ( geval_goodsid = '109079' ) AND ( (geval_image <> '') OR (geval_image_again <> '') ) LIMIT 1  
[2020-01-17 03:01:22] /shop/index.php?act=goods&goods_id=107183&op=comments_list ( act=goods&op=comments_list ) 
ERR: Db Error: Unknown column 'geval_image_again' in 'where clause'
SELECT COUNT(*) AS nc_count FROM `zmkj_evaluate_goods` WHERE ( geval_goodsid = '107183' ) AND ( (geval_image <> '') OR (geval_image_again <> '') ) LIMIT 1  
[2020-01-17 03:04:35] /shop/index.php?act=goods&goods_id=101371&op=comments_list ( act=goods&op=comments_list ) 
ERR: Db Error: Unknown column 'geval_image_again' in 'where clause'
SELECT COUNT(*) AS nc_count FROM `zmkj_evaluate_goods` WHERE ( geval_goodsid = '101371' ) AND ( (geval_image <> '') OR (geval_image_again <> '') ) LIMIT 1  
[2020-01-17 03:20:03] /shop/index.php?act=goods&goods_id=107018&op=comments_list ( act=goods&op=comments_list ) 
ERR: Db Error: Unknown column 'geval_image_again' in 'where clause'
SELECT COUNT(*) AS nc_count FROM `zmkj_evaluate_goods` WHERE ( geval_goodsid = '107018' ) AND ( (geval_image <> '') OR (geval_image_again <> '') ) LIMIT 1  
[2020-01-17 03:35:21] /shop/index.php?act=goods&goods_id=107768&op=comments_list ( act=goods&op=comments_list ) 
ERR: Db Error: Unknown column 'geval_image_again' in 'where clause'
SELECT COUNT(*) AS nc_count FROM `zmkj_evaluate_goods` WHERE ( geval_goodsid = '107768' ) AND ( (geval_image <> '') OR (geval_image_again <> '') ) LIMIT 1  
[2020-01-17 03:47:25] /shop/index.php?act=goods&op=comments_list&goods_id=110613 ( act=goods&op=comments_list ) 
ERR: Db Error: Unknown column 'geval_image_again' in 'where clause'
SELECT COUNT(*) AS nc_count FROM `zmkj_evaluate_goods` WHERE ( geval_goodsid = '110613' ) AND ( (geval_image <> '') OR (geval_image_again <> '') ) LIMIT 1  
[2020-01-17 04:06:30] /shop/index.php?act=goods&goods_id=100689&op=comments_list ( act=goods&op=comments_list ) 
ERR: Db Error: Unknown column 'geval_image_again' in 'where clause'
SELECT COUNT(*) AS nc_count FROM `zmkj_evaluate_goods` WHERE ( geval_goodsid = '100689' ) AND ( (geval_image <> '') OR (geval_image_again <> '') ) LIMIT 1  
[2020-01-17 04:27:07] /shop/index.php?act=goods&goods_id=104033&op=comments_list ( act=goods&op=comments_list ) 
ERR: Db Error: Unknown column 'geval_image_again' in 'where clause'
SELECT COUNT(*) AS nc_count FROM `zmkj_evaluate_goods` WHERE ( geval_goodsid = '104033' ) AND ( (geval_image <> '') OR (geval_image_again <> '') ) LIMIT 1  
[2020-01-17 04:39:57] /shop/index.php?act=hot_sale&op=index ( act=hot_sale&op=index ) 
ERR: Db Error: You have an error in your SQL syntax; check the manual that corresponds to your MySQL server version for the right syntax to use near ') and goods_state=1' at line 1
select * from zmkj_goods where goods_id in () and goods_state=1
[2020-01-17 04:39:57] /shop/index.php?act=hot_sale&op=index ( act=hot_sale&op=index ) 
ERR: Db Error: You have an error in your SQL syntax; check the manual that corresponds to your MySQL server version for the right syntax to use near '' at line 1
select `member_id` from zmkj_store where store_id = 
[2020-01-17 04:43:05] /shop/index.php?act=goods&goods_id=108126&op=comments_list&type=1 ( act=goods&op=comments_list ) 
ERR: Db Error: Unknown column 'geval_image_again' in 'where clause'
SELECT COUNT(*) AS nc_count FROM `zmkj_evaluate_goods` WHERE ( geval_goodsid = '108126' ) AND ( (geval_image <> '') OR (geval_image_again <> '') ) LIMIT 1  
[2020-01-17 04:44:24] /shop/index.php?act=goods&op=comments_list&goods_id=112623 ( act=goods&op=comments_list ) 
ERR: Db Error: Unknown column 'geval_image_again' in 'where clause'
SELECT COUNT(*) AS nc_count FROM `zmkj_evaluate_goods` WHERE ( geval_goodsid = '112623' ) AND ( (geval_image <> '') OR (geval_image_again <> '') ) LIMIT 1  
[2020-01-17 04:47:54] /shop/index.php?act=goods&op=comments_list&goods_id=110791 ( act=goods&op=comments_list ) 
ERR: Db Error: Unknown column 'geval_image_again' in 'where clause'
SELECT COUNT(*) AS nc_count FROM `zmkj_evaluate_goods` WHERE ( geval_goodsid = '110791' ) AND ( (geval_image <> '') OR (geval_image_again <> '') ) LIMIT 1  
[2020-01-17 05:32:19] /shop/index.php?act=goods&goods_id=106623&op=comments_list ( act=goods&op=comments_list ) 
ERR: Db Error: Unknown column 'geval_image_again' in 'where clause'
SELECT COUNT(*) AS nc_count FROM `zmkj_evaluate_goods` WHERE ( geval_goodsid = '106623' ) AND ( (geval_image <> '') OR (geval_image_again <> '') ) LIMIT 1  
[2020-01-17 05:39:39] /shop/index.php?act=goods&goods_id=104080&op=comments_list ( act=goods&op=comments_list ) 
ERR: Db Error: Unknown column 'geval_image_again' in 'where clause'
SELECT COUNT(*) AS nc_count FROM `zmkj_evaluate_goods` WHERE ( geval_goodsid = '104080' ) AND ( (geval_image <> '') OR (geval_image_again <> '') ) LIMIT 1  
[2020-01-17 05:45:41] /shop/index.php?act=goods&goods_id=101971&op=comments_list ( act=goods&op=comments_list ) 
ERR: Db Error: Unknown column 'geval_image_again' in 'where clause'
SELECT COUNT(*) AS nc_count FROM `zmkj_evaluate_goods` WHERE ( geval_goodsid = '101971' ) AND ( (geval_image <> '') OR (geval_image_again <> '') ) LIMIT 1  
[2020-01-17 06:56:34] /shop/index.php?act=goods&goods_id=103923&op=comments_list ( act=goods&op=comments_list ) 
ERR: Db Error: Unknown column 'geval_image_again' in 'where clause'
SELECT COUNT(*) AS nc_count FROM `zmkj_evaluate_goods` WHERE ( geval_goodsid = '103923' ) AND ( (geval_image <> '') OR (geval_image_again <> '') ) LIMIT 1  
[2020-01-17 07:08:52] /shop/index.php?act=goods&goods_id=103053&op=comments_list ( act=goods&op=comments_list ) 
ERR: Db Error: Unknown column 'geval_image_again' in 'where clause'
SELECT COUNT(*) AS nc_count FROM `zmkj_evaluate_goods` WHERE ( geval_goodsid = '103053' ) AND ( (geval_image <> '') OR (geval_image_again <> '') ) LIMIT 1  
[2020-01-17 07:08:54] /shop/index.php?act=goods&goods_id=105837&op=comments_list ( act=goods&op=comments_list ) 
ERR: Db Error: Unknown column 'geval_image_again' in 'where clause'
SELECT COUNT(*) AS nc_count FROM `zmkj_evaluate_goods` WHERE ( geval_goodsid = '105837' ) AND ( (geval_image <> '') OR (geval_image_again <> '') ) LIMIT 1  
[2020-01-17 07:51:04] /shop/index.php?act=goods&goods_id=105837&op=comments_list ( act=goods&op=comments_list ) 
ERR: Db Error: Unknown column 'geval_image_again' in 'where clause'
SELECT COUNT(*) AS nc_count FROM `zmkj_evaluate_goods` WHERE ( geval_goodsid = '105837' ) AND ( (geval_image <> '') OR (geval_image_again <> '') ) LIMIT 1  
[2020-01-17 07:51:04] /shop/index.php?act=goods&goods_id=103053&op=comments_list ( act=goods&op=comments_list ) 
ERR: Db Error: Unknown column 'geval_image_again' in 'where clause'
SELECT COUNT(*) AS nc_count FROM `zmkj_evaluate_goods` WHERE ( geval_goodsid = '103053' ) AND ( (geval_image <> '') OR (geval_image_again <> '') ) LIMIT 1  
[2020-01-17 15:48:45] /shop/index.php?act=goods&op=comments_list&goods_id=107180 ( act=goods&op=comments_list ) 
ERR: Db Error: Unknown column 'geval_image_again' in 'where clause'
SELECT COUNT(*) AS nc_count FROM `zmkj_evaluate_goods` WHERE ( geval_goodsid = '107180' ) AND ( (geval_image <> '') OR (geval_image_again <> '') ) LIMIT 1  
[2020-01-17 16:32:17] /shop/index.php?act=search&op=index&cate_id=2146 ( act=search&op=index ) 
ERR: Db Error: Unknown column 'gc_id_' in 'where clause'
SELECT count(distinct CONCAT(goods_commonid)) AS nc_count FROM `zmkj_goods` WHERE ( gc_id_ = '2146' ) AND ( goods_state = '1' ) AND ( goods_verify = '1' ) LIMIT 1  
[2020-01-17 21:53:29] /shop/index.php?act=goods&op=comments_list&goods_id=111947 ( act=goods&op=comments_list ) 
ERR: Db Error: Unknown column 'geval_image_again' in 'where clause'
SELECT COUNT(*) AS nc_count FROM `zmkj_evaluate_goods` WHERE ( geval_goodsid = '111947' ) AND ( (geval_image <> '') OR (geval_image_again <> '') ) LIMIT 1  
