[2020-02-04 01:09:28] /shop/index.php?act=goods&goods_id=107403&op=comments_list ( act=goods&op=comments_list ) 
ERR: Db Error: Unknown column 'geval_image_again' in 'where clause'
SELECT COUNT(*) AS nc_count FROM `zmkj_evaluate_goods` WHERE ( geval_goodsid = '107403' ) AND ( (geval_image <> '') OR (geval_image_again <> '') ) LIMIT 1  
[2020-02-04 01:23:23] /shop/index.php?act=goods&goods_id=103226&op=comments_list ( act=goods&op=comments_list ) 
ERR: Db Error: Unknown column 'geval_image_again' in 'where clause'
SELECT COUNT(*) AS nc_count FROM `zmkj_evaluate_goods` WHERE ( geval_goodsid = '103226' ) AND ( (geval_image <> '') OR (geval_image_again <> '') ) LIMIT 1  
[2020-02-04 01:37:35] /shop/index.php?act=goods&goods_id=108760&op=comments_list ( act=goods&op=comments_list ) 
ERR: Db Error: Unknown column 'geval_image_again' in 'where clause'
SELECT COUNT(*) AS nc_count FROM `zmkj_evaluate_goods` WHERE ( geval_goodsid = '108760' ) AND ( (geval_image <> '') OR (geval_image_again <> '') ) LIMIT 1  
[2020-02-04 02:02:54] /shop/index.php?act=goods&goods_id=100541&op=comments_list ( act=goods&op=comments_list ) 
ERR: Db Error: Unknown column 'geval_image_again' in 'where clause'
SELECT COUNT(*) AS nc_count FROM `zmkj_evaluate_goods` WHERE ( geval_goodsid = '100541' ) AND ( (geval_image <> '') OR (geval_image_again <> '') ) LIMIT 1  
[2020-02-04 02:10:24] /shop/index.php?act=goods&goods_id=101371&op=comments_list ( act=goods&op=comments_list ) 
ERR: Db Error: Unknown column 'geval_image_again' in 'where clause'
SELECT COUNT(*) AS nc_count FROM `zmkj_evaluate_goods` WHERE ( geval_goodsid = '101371' ) AND ( (geval_image <> '') OR (geval_image_again <> '') ) LIMIT 1  
[2020-02-04 02:17:41] /shop/index.php?act=goods&goods_id=107176&op=comments_list ( act=goods&op=comments_list ) 
ERR: Db Error: Unknown column 'geval_image_again' in 'where clause'
SELECT COUNT(*) AS nc_count FROM `zmkj_evaluate_goods` WHERE ( geval_goodsid = '107176' ) AND ( (geval_image <> '') OR (geval_image_again <> '') ) LIMIT 1  
[2020-02-04 02:18:24] /shop/index.php?act=goods&goods_id=108264&op=comments_list ( act=goods&op=comments_list ) 
ERR: Db Error: Unknown column 'geval_image_again' in 'where clause'
SELECT COUNT(*) AS nc_count FROM `zmkj_evaluate_goods` WHERE ( geval_goodsid = '108264' ) AND ( (geval_image <> '') OR (geval_image_again <> '') ) LIMIT 1  
[2020-02-04 02:20:07] /shop/index.php?act=goods&goods_id=102880&op=comments_list ( act=goods&op=comments_list ) 
ERR: Db Error: Unknown column 'geval_image_again' in 'where clause'
SELECT COUNT(*) AS nc_count FROM `zmkj_evaluate_goods` WHERE ( geval_goodsid = '102880' ) AND ( (geval_image <> '') OR (geval_image_again <> '') ) LIMIT 1  
[2020-02-04 02:20:07] /shop/index.php?act=goods&goods_id=102565&op=comments_list ( act=goods&op=comments_list ) 
ERR: Db Error: Unknown column 'geval_image_again' in 'where clause'
SELECT COUNT(*) AS nc_count FROM `zmkj_evaluate_goods` WHERE ( geval_goodsid = '102565' ) AND ( (geval_image <> '') OR (geval_image_again <> '') ) LIMIT 1  
[2020-02-04 02:20:14] /shop/index.php?act=goods&goods_id=106332&op=comments_list ( act=goods&op=comments_list ) 
ERR: Db Error: Unknown column 'geval_image_again' in 'where clause'
SELECT COUNT(*) AS nc_count FROM `zmkj_evaluate_goods` WHERE ( geval_goodsid = '106332' ) AND ( (geval_image <> '') OR (geval_image_again <> '') ) LIMIT 1  
[2020-02-04 02:22:25] /shop/index.php?act=goods&goods_id=108448&op=comments_list ( act=goods&op=comments_list ) 
ERR: Db Error: Unknown column 'geval_image_again' in 'where clause'
SELECT COUNT(*) AS nc_count FROM `zmkj_evaluate_goods` WHERE ( geval_goodsid = '108448' ) AND ( (geval_image <> '') OR (geval_image_again <> '') ) LIMIT 1  
[2020-02-04 02:38:55] /shop/index.php?act=goods&goods_id=104319&op=comments_list ( act=goods&op=comments_list ) 
ERR: Db Error: Unknown column 'geval_image_again' in 'where clause'
SELECT COUNT(*) AS nc_count FROM `zmkj_evaluate_goods` WHERE ( geval_goodsid = '104319' ) AND ( (geval_image <> '') OR (geval_image_again <> '') ) LIMIT 1  
[2020-02-04 02:38:55] /shop/index.php?act=goods&goods_id=101815&op=comments_list ( act=goods&op=comments_list ) 
ERR: Db Error: Unknown column 'geval_image_again' in 'where clause'
SELECT COUNT(*) AS nc_count FROM `zmkj_evaluate_goods` WHERE ( geval_goodsid = '101815' ) AND ( (geval_image <> '') OR (geval_image_again <> '') ) LIMIT 1  
[2020-02-04 02:45:47] /shop/index.php?act=goods&goods_id=103894&op=comments_list ( act=goods&op=comments_list ) 
ERR: Db Error: Unknown column 'geval_image_again' in 'where clause'
SELECT COUNT(*) AS nc_count FROM `zmkj_evaluate_goods` WHERE ( geval_goodsid = '103894' ) AND ( (geval_image <> '') OR (geval_image_again <> '') ) LIMIT 1  
[2020-02-04 02:47:23] /shop/index.php?act=goods&goods_id=103274&op=comments_list ( act=goods&op=comments_list ) 
ERR: Db Error: Unknown column 'geval_image_again' in 'where clause'
SELECT COUNT(*) AS nc_count FROM `zmkj_evaluate_goods` WHERE ( geval_goodsid = '103274' ) AND ( (geval_image <> '') OR (geval_image_again <> '') ) LIMIT 1  
[2020-02-04 02:54:59] /shop/index.php?act=goods&goods_id=103292&op=comments_list ( act=goods&op=comments_list ) 
ERR: Db Error: Unknown column 'geval_image_again' in 'where clause'
SELECT COUNT(*) AS nc_count FROM `zmkj_evaluate_goods` WHERE ( geval_goodsid = '103292' ) AND ( (geval_image <> '') OR (geval_image_again <> '') ) LIMIT 1  
[2020-02-04 03:05:13] /shop/index.php?act=goods&goods_id=106047&op=comments_list ( act=goods&op=comments_list ) 
ERR: Db Error: Unknown column 'geval_image_again' in 'where clause'
SELECT COUNT(*) AS nc_count FROM `zmkj_evaluate_goods` WHERE ( geval_goodsid = '106047' ) AND ( (geval_image <> '') OR (geval_image_again <> '') ) LIMIT 1  
[2020-02-04 03:08:52] /shop/index.php?act=goods&goods_id=108011&op=comments_list&type=1 ( act=goods&op=comments_list ) 
ERR: Db Error: Unknown column 'geval_image_again' in 'where clause'
SELECT COUNT(*) AS nc_count FROM `zmkj_evaluate_goods` WHERE ( geval_goodsid = '108011' ) AND ( (geval_image <> '') OR (geval_image_again <> '') ) LIMIT 1  
[2020-02-04 03:25:06] /shop/index.php?act=goods&goods_id=106698&op=comments_list ( act=goods&op=comments_list ) 
ERR: Db Error: Unknown column 'geval_image_again' in 'where clause'
SELECT COUNT(*) AS nc_count FROM `zmkj_evaluate_goods` WHERE ( geval_goodsid = '106698' ) AND ( (geval_image <> '') OR (geval_image_again <> '') ) LIMIT 1  
[2020-02-04 03:31:33] /shop/index.php?act=goods&goods_id=105456&op=comments_list ( act=goods&op=comments_list ) 
ERR: Db Error: Unknown column 'geval_image_again' in 'where clause'
SELECT COUNT(*) AS nc_count FROM `zmkj_evaluate_goods` WHERE ( geval_goodsid = '105456' ) AND ( (geval_image <> '') OR (geval_image_again <> '') ) LIMIT 1  
[2020-02-04 03:34:55] /shop/index.php?act=goods&goods_id=105501&op=comments_list ( act=goods&op=comments_list ) 
ERR: Db Error: Unknown column 'geval_image_again' in 'where clause'
SELECT COUNT(*) AS nc_count FROM `zmkj_evaluate_goods` WHERE ( geval_goodsid = '105501' ) AND ( (geval_image <> '') OR (geval_image_again <> '') ) LIMIT 1  
[2020-02-04 04:24:51] /shop/index.php?act=goods&goods_id=103023&op=comments_list&type=2 ( act=goods&op=comments_list ) 
ERR: Db Error: Unknown column 'geval_image_again' in 'where clause'
SELECT COUNT(*) AS nc_count FROM `zmkj_evaluate_goods` WHERE ( geval_goodsid = '103023' ) AND ( (geval_image <> '') OR (geval_image_again <> '') ) LIMIT 1  
[2020-02-04 06:42:16] /shop/index.php?act=goods&op=comments_list&goods_id=111646 ( act=goods&op=comments_list ) 
ERR: Db Error: Unknown column 'geval_image_again' in 'where clause'
SELECT COUNT(*) AS nc_count FROM `zmkj_evaluate_goods` WHERE ( geval_goodsid = '111646' ) AND ( (geval_image <> '') OR (geval_image_again <> '') ) LIMIT 1  
[2020-02-04 07:01:29] /shop/index.php?act=goods&op=comments_list&goods_id=107093 ( act=goods&op=comments_list ) 
ERR: Db Error: Unknown column 'geval_image_again' in 'where clause'
SELECT COUNT(*) AS nc_count FROM `zmkj_evaluate_goods` WHERE ( geval_goodsid = '107093' ) AND ( (geval_image <> '') OR (geval_image_again <> '') ) LIMIT 1  
[2020-02-04 07:08:23] /shop/index.php?act=goods&op=comments_list&goods_id=112000 ( act=goods&op=comments_list ) 
ERR: Db Error: Unknown column 'geval_image_again' in 'where clause'
SELECT COUNT(*) AS nc_count FROM `zmkj_evaluate_goods` WHERE ( geval_goodsid = '112000' ) AND ( (geval_image <> '') OR (geval_image_again <> '') ) LIMIT 1  
[2020-02-04 07:14:08] /shop/index.php?act=goods&op=comments_list&goods_id=107807 ( act=goods&op=comments_list ) 
ERR: Db Error: Unknown column 'geval_image_again' in 'where clause'
SELECT COUNT(*) AS nc_count FROM `zmkj_evaluate_goods` WHERE ( geval_goodsid = '107807' ) AND ( (geval_image <> '') OR (geval_image_again <> '') ) LIMIT 1  
[2020-02-04 07:14:47] /shop/index.php?act=goods&op=comments_list&goods_id=108278 ( act=goods&op=comments_list ) 
ERR: Db Error: Unknown column 'geval_image_again' in 'where clause'
SELECT COUNT(*) AS nc_count FROM `zmkj_evaluate_goods` WHERE ( geval_goodsid = '108278' ) AND ( (geval_image <> '') OR (geval_image_again <> '') ) LIMIT 1  
[2020-02-04 07:16:05] /shop/index.php?act=goods&op=comments_list&goods_id=108312 ( act=goods&op=comments_list ) 
ERR: Db Error: Unknown column 'geval_image_again' in 'where clause'
SELECT COUNT(*) AS nc_count FROM `zmkj_evaluate_goods` WHERE ( geval_goodsid = '108312' ) AND ( (geval_image <> '') OR (geval_image_again <> '') ) LIMIT 1  
[2020-02-04 07:16:42] /shop/index.php?act=goods&op=comments_list&goods_id=111300 ( act=goods&op=comments_list ) 
ERR: Db Error: Unknown column 'geval_image_again' in 'where clause'
SELECT COUNT(*) AS nc_count FROM `zmkj_evaluate_goods` WHERE ( geval_goodsid = '111300' ) AND ( (geval_image <> '') OR (geval_image_again <> '') ) LIMIT 1  
[2020-02-04 07:17:16] /shop/index.php?act=goods&op=comments_list&goods_id=112840 ( act=goods&op=comments_list ) 
ERR: Db Error: Unknown column 'geval_image_again' in 'where clause'
SELECT COUNT(*) AS nc_count FROM `zmkj_evaluate_goods` WHERE ( geval_goodsid = '112840' ) AND ( (geval_image <> '') OR (geval_image_again <> '') ) LIMIT 1  
[2020-02-04 07:18:02] /shop/index.php?act=goods&op=comments_list&goods_id=112844 ( act=goods&op=comments_list ) 
ERR: Db Error: Unknown column 'geval_image_again' in 'where clause'
SELECT COUNT(*) AS nc_count FROM `zmkj_evaluate_goods` WHERE ( geval_goodsid = '112844' ) AND ( (geval_image <> '') OR (geval_image_again <> '') ) LIMIT 1  
[2020-02-04 07:18:37] /shop/index.php?act=goods&op=comments_list&goods_id=112845 ( act=goods&op=comments_list ) 
ERR: Db Error: Unknown column 'geval_image_again' in 'where clause'
SELECT COUNT(*) AS nc_count FROM `zmkj_evaluate_goods` WHERE ( geval_goodsid = '112845' ) AND ( (geval_image <> '') OR (geval_image_again <> '') ) LIMIT 1  
[2020-02-04 07:19:16] /shop/index.php?act=goods&op=comments_list&goods_id=112890 ( act=goods&op=comments_list ) 
ERR: Db Error: Unknown column 'geval_image_again' in 'where clause'
SELECT COUNT(*) AS nc_count FROM `zmkj_evaluate_goods` WHERE ( geval_goodsid = '112890' ) AND ( (geval_image <> '') OR (geval_image_again <> '') ) LIMIT 1  
[2020-02-04 07:19:54] /shop/index.php?act=goods&op=comments_list&goods_id=112891 ( act=goods&op=comments_list ) 
ERR: Db Error: Unknown column 'geval_image_again' in 'where clause'
SELECT COUNT(*) AS nc_count FROM `zmkj_evaluate_goods` WHERE ( geval_goodsid = '112891' ) AND ( (geval_image <> '') OR (geval_image_again <> '') ) LIMIT 1  
[2020-02-04 07:20:40] /shop/index.php?act=goods&op=comments_list&goods_id=112894 ( act=goods&op=comments_list ) 
ERR: Db Error: Unknown column 'geval_image_again' in 'where clause'
SELECT COUNT(*) AS nc_count FROM `zmkj_evaluate_goods` WHERE ( geval_goodsid = '112894' ) AND ( (geval_image <> '') OR (geval_image_again <> '') ) LIMIT 1  
[2020-02-04 07:21:10] /shop/index.php?act=goods&op=comments_list&goods_id=112904 ( act=goods&op=comments_list ) 
ERR: Db Error: Unknown column 'geval_image_again' in 'where clause'
SELECT COUNT(*) AS nc_count FROM `zmkj_evaluate_goods` WHERE ( geval_goodsid = '112904' ) AND ( (geval_image <> '') OR (geval_image_again <> '') ) LIMIT 1  
[2020-02-04 07:22:05] /shop/index.php?act=goods&op=comments_list&goods_id=112909 ( act=goods&op=comments_list ) 
ERR: Db Error: Unknown column 'geval_image_again' in 'where clause'
SELECT COUNT(*) AS nc_count FROM `zmkj_evaluate_goods` WHERE ( geval_goodsid = '112909' ) AND ( (geval_image <> '') OR (geval_image_again <> '') ) LIMIT 1  
[2020-02-04 07:22:43] /shop/index.php?act=goods&op=comments_list&goods_id=112910 ( act=goods&op=comments_list ) 
ERR: Db Error: Unknown column 'geval_image_again' in 'where clause'
SELECT COUNT(*) AS nc_count FROM `zmkj_evaluate_goods` WHERE ( geval_goodsid = '112910' ) AND ( (geval_image <> '') OR (geval_image_again <> '') ) LIMIT 1  
[2020-02-04 07:23:30] /shop/index.php?act=goods&op=comments_list&goods_id=112914 ( act=goods&op=comments_list ) 
ERR: Db Error: Unknown column 'geval_image_again' in 'where clause'
SELECT COUNT(*) AS nc_count FROM `zmkj_evaluate_goods` WHERE ( geval_goodsid = '112914' ) AND ( (geval_image <> '') OR (geval_image_again <> '') ) LIMIT 1  
[2020-02-04 07:24:19] /shop/index.php?act=goods&op=comments_list&goods_id=112915 ( act=goods&op=comments_list ) 
ERR: Db Error: Unknown column 'geval_image_again' in 'where clause'
SELECT COUNT(*) AS nc_count FROM `zmkj_evaluate_goods` WHERE ( geval_goodsid = '112915' ) AND ( (geval_image <> '') OR (geval_image_again <> '') ) LIMIT 1  
[2020-02-04 07:25:17] /shop/index.php?act=goods&op=comments_list&goods_id=112920 ( act=goods&op=comments_list ) 
ERR: Db Error: Unknown column 'geval_image_again' in 'where clause'
SELECT COUNT(*) AS nc_count FROM `zmkj_evaluate_goods` WHERE ( geval_goodsid = '112920' ) AND ( (geval_image <> '') OR (geval_image_again <> '') ) LIMIT 1  
[2020-02-04 07:27:01] /shop/index.php?act=goods&op=comments_list&goods_id=112922 ( act=goods&op=comments_list ) 
ERR: Db Error: Unknown column 'geval_image_again' in 'where clause'
SELECT COUNT(*) AS nc_count FROM `zmkj_evaluate_goods` WHERE ( geval_goodsid = '112922' ) AND ( (geval_image <> '') OR (geval_image_again <> '') ) LIMIT 1  
[2020-02-04 07:27:57] /shop/index.php?act=goods&op=comments_list&goods_id=112933 ( act=goods&op=comments_list ) 
ERR: Db Error: Unknown column 'geval_image_again' in 'where clause'
SELECT COUNT(*) AS nc_count FROM `zmkj_evaluate_goods` WHERE ( geval_goodsid = '112933' ) AND ( (geval_image <> '') OR (geval_image_again <> '') ) LIMIT 1  
[2020-02-04 07:30:37] /shop/index.php?act=goods&op=comments_list&goods_id=106863 ( act=goods&op=comments_list ) 
ERR: Db Error: Unknown column 'geval_image_again' in 'where clause'
SELECT COUNT(*) AS nc_count FROM `zmkj_evaluate_goods` WHERE ( geval_goodsid = '106863' ) AND ( (geval_image <> '') OR (geval_image_again <> '') ) LIMIT 1  
[2020-02-04 07:32:40] /shop/index.php?act=goods&op=comments_list&goods_id=109773 ( act=goods&op=comments_list ) 
ERR: Db Error: Unknown column 'geval_image_again' in 'where clause'
SELECT COUNT(*) AS nc_count FROM `zmkj_evaluate_goods` WHERE ( geval_goodsid = '109773' ) AND ( (geval_image <> '') OR (geval_image_again <> '') ) LIMIT 1  
[2020-02-04 07:33:28] /shop/index.php?act=goods&op=comments_list&goods_id=112860 ( act=goods&op=comments_list ) 
ERR: Db Error: Unknown column 'geval_image_again' in 'where clause'
SELECT COUNT(*) AS nc_count FROM `zmkj_evaluate_goods` WHERE ( geval_goodsid = '112860' ) AND ( (geval_image <> '') OR (geval_image_again <> '') ) LIMIT 1  
[2020-02-04 07:34:27] /shop/index.php?act=goods&op=comments_list&goods_id=112865 ( act=goods&op=comments_list ) 
ERR: Db Error: Unknown column 'geval_image_again' in 'where clause'
SELECT COUNT(*) AS nc_count FROM `zmkj_evaluate_goods` WHERE ( geval_goodsid = '112865' ) AND ( (geval_image <> '') OR (geval_image_again <> '') ) LIMIT 1  
[2020-02-04 08:02:23] /shop/index.php?act=goods&op=comments_list&goods_id=113047 ( act=goods&op=comments_list ) 
ERR: Db Error: Unknown column 'geval_image_again' in 'where clause'
SELECT COUNT(*) AS nc_count FROM `zmkj_evaluate_goods` WHERE ( geval_goodsid = '113047' ) AND ( (geval_image <> '') OR (geval_image_again <> '') ) LIMIT 1  
[2020-02-04 08:26:23] /shop/index.php?act=goods&op=comments_list&goods_id=103797 ( act=goods&op=comments_list ) 
ERR: Db Error: Unknown column 'geval_image_again' in 'where clause'
SELECT COUNT(*) AS nc_count FROM `zmkj_evaluate_goods` WHERE ( geval_goodsid = '103797' ) AND ( (geval_image <> '') OR (geval_image_again <> '') ) LIMIT 1  
[2020-02-04 08:27:04] /shop/index.php?act=goods&op=comments_list&goods_id=103866 ( act=goods&op=comments_list ) 
ERR: Db Error: Unknown column 'geval_image_again' in 'where clause'
SELECT COUNT(*) AS nc_count FROM `zmkj_evaluate_goods` WHERE ( geval_goodsid = '103866' ) AND ( (geval_image <> '') OR (geval_image_again <> '') ) LIMIT 1  
[2020-02-04 09:16:59] /shop/index.php?act=goods&op=comments_list&goods_id=112370 ( act=goods&op=comments_list ) 
ERR: Db Error: Unknown column 'geval_image_again' in 'where clause'
SELECT COUNT(*) AS nc_count FROM `zmkj_evaluate_goods` WHERE ( geval_goodsid = '112370' ) AND ( (geval_image <> '') OR (geval_image_again <> '') ) LIMIT 1  
[2020-02-04 09:33:25] /shop/index.php?act=goods&op=comments_list&goods_id=113670&type=2 ( act=goods&op=comments_list ) 
ERR: Db Error: Unknown column 'geval_image_again' in 'where clause'
SELECT COUNT(*) AS nc_count FROM `zmkj_evaluate_goods` WHERE ( geval_goodsid = '113670' ) AND ( (geval_image <> '') OR (geval_image_again <> '') ) LIMIT 1  
[2020-02-04 09:33:57] /shop/index.php?act=goods&op=comments_list&goods_id=113677&type=3 ( act=goods&op=comments_list ) 
ERR: Db Error: Unknown column 'geval_image_again' in 'where clause'
SELECT COUNT(*) AS nc_count FROM `zmkj_evaluate_goods` WHERE ( geval_goodsid = '113677' ) AND ( (geval_image <> '') OR (geval_image_again <> '') ) LIMIT 1  
[2020-02-04 13:02:42] /shop/index.php?act=goods&op=comments_list&goods_id=112004 ( act=goods&op=comments_list ) 
ERR: Db Error: Unknown column 'geval_image_again' in 'where clause'
SELECT COUNT(*) AS nc_count FROM `zmkj_evaluate_goods` WHERE ( geval_goodsid = '112004' ) AND ( (geval_image <> '') OR (geval_image_again <> '') ) LIMIT 1  
[2020-02-04 13:04:35] /shop/index.php?act=goods&op=comments_list&goods_id=112861 ( act=goods&op=comments_list ) 
ERR: Db Error: Unknown column 'geval_image_again' in 'where clause'
SELECT COUNT(*) AS nc_count FROM `zmkj_evaluate_goods` WHERE ( geval_goodsid = '112861' ) AND ( (geval_image <> '') OR (geval_image_again <> '') ) LIMIT 1  
[2020-02-04 14:25:10] /shop/index.php?act=goods&op=comments_list&goods_id=112014&type=2 ( act=goods&op=comments_list ) 
ERR: Db Error: Unknown column 'geval_image_again' in 'where clause'
SELECT COUNT(*) AS nc_count FROM `zmkj_evaluate_goods` WHERE ( geval_goodsid = '112014' ) AND ( (geval_image <> '') OR (geval_image_again <> '') ) LIMIT 1  
[2020-02-04 14:26:15] /shop/index.php?act=goods&op=comments_list&goods_id=112039&type=1 ( act=goods&op=comments_list ) 
ERR: Db Error: Unknown column 'geval_image_again' in 'where clause'
SELECT COUNT(*) AS nc_count FROM `zmkj_evaluate_goods` WHERE ( geval_goodsid = '112039' ) AND ( (geval_image <> '') OR (geval_image_again <> '') ) LIMIT 1  
[2020-02-04 14:26:53] /shop/index.php?act=goods&op=comments_list&goods_id=112039&type=3 ( act=goods&op=comments_list ) 
ERR: Db Error: Unknown column 'geval_image_again' in 'where clause'
SELECT COUNT(*) AS nc_count FROM `zmkj_evaluate_goods` WHERE ( geval_goodsid = '112039' ) AND ( (geval_image <> '') OR (geval_image_again <> '') ) LIMIT 1  
[2020-02-04 14:28:02] /shop/index.php?act=goods&op=comments_list&goods_id=112045&type=1 ( act=goods&op=comments_list ) 
ERR: Db Error: Unknown column 'geval_image_again' in 'where clause'
SELECT COUNT(*) AS nc_count FROM `zmkj_evaluate_goods` WHERE ( geval_goodsid = '112045' ) AND ( (geval_image <> '') OR (geval_image_again <> '') ) LIMIT 1  
[2020-02-04 14:28:35] /shop/index.php?act=goods&op=comments_list&goods_id=112045&type=2 ( act=goods&op=comments_list ) 
ERR: Db Error: Unknown column 'geval_image_again' in 'where clause'
SELECT COUNT(*) AS nc_count FROM `zmkj_evaluate_goods` WHERE ( geval_goodsid = '112045' ) AND ( (geval_image <> '') OR (geval_image_again <> '') ) LIMIT 1  
[2020-02-04 14:29:45] /shop/index.php?act=goods&op=comments_list&goods_id=112049&type=1 ( act=goods&op=comments_list ) 
ERR: Db Error: Unknown column 'geval_image_again' in 'where clause'
SELECT COUNT(*) AS nc_count FROM `zmkj_evaluate_goods` WHERE ( geval_goodsid = '112049' ) AND ( (geval_image <> '') OR (geval_image_again <> '') ) LIMIT 1  
[2020-02-04 14:30:40] /shop/index.php?act=goods&op=comments_list&goods_id=112049&type=2 ( act=goods&op=comments_list ) 
ERR: Db Error: Unknown column 'geval_image_again' in 'where clause'
SELECT COUNT(*) AS nc_count FROM `zmkj_evaluate_goods` WHERE ( geval_goodsid = '112049' ) AND ( (geval_image <> '') OR (geval_image_again <> '') ) LIMIT 1  
[2020-02-04 14:32:42] /shop/index.php?act=goods&op=comments_list&goods_id=112051&type=2 ( act=goods&op=comments_list ) 
ERR: Db Error: Unknown column 'geval_image_again' in 'where clause'
SELECT COUNT(*) AS nc_count FROM `zmkj_evaluate_goods` WHERE ( geval_goodsid = '112051' ) AND ( (geval_image <> '') OR (geval_image_again <> '') ) LIMIT 1  
[2020-02-04 14:33:51] /shop/index.php?act=goods&op=comments_list&goods_id=112055&type=2 ( act=goods&op=comments_list ) 
ERR: Db Error: Unknown column 'geval_image_again' in 'where clause'
SELECT COUNT(*) AS nc_count FROM `zmkj_evaluate_goods` WHERE ( geval_goodsid = '112055' ) AND ( (geval_image <> '') OR (geval_image_again <> '') ) LIMIT 1  
[2020-02-04 14:34:55] /shop/index.php?act=goods&op=comments_list&goods_id=112059&type=1 ( act=goods&op=comments_list ) 
ERR: Db Error: Unknown column 'geval_image_again' in 'where clause'
SELECT COUNT(*) AS nc_count FROM `zmkj_evaluate_goods` WHERE ( geval_goodsid = '112059' ) AND ( (geval_image <> '') OR (geval_image_again <> '') ) LIMIT 1  
[2020-02-04 14:36:12] /shop/index.php?act=goods&op=comments_list&goods_id=112059&type=2 ( act=goods&op=comments_list ) 
ERR: Db Error: Unknown column 'geval_image_again' in 'where clause'
SELECT COUNT(*) AS nc_count FROM `zmkj_evaluate_goods` WHERE ( geval_goodsid = '112059' ) AND ( (geval_image <> '') OR (geval_image_again <> '') ) LIMIT 1  
[2020-02-04 14:37:17] /shop/index.php?act=goods&op=comments_list&goods_id=112059&type=3 ( act=goods&op=comments_list ) 
ERR: Db Error: Unknown column 'geval_image_again' in 'where clause'
SELECT COUNT(*) AS nc_count FROM `zmkj_evaluate_goods` WHERE ( geval_goodsid = '112059' ) AND ( (geval_image <> '') OR (geval_image_again <> '') ) LIMIT 1  
[2020-02-04 14:38:22] /shop/index.php?act=goods&op=comments_list&goods_id=112073&type=1 ( act=goods&op=comments_list ) 
ERR: Db Error: Unknown column 'geval_image_again' in 'where clause'
SELECT COUNT(*) AS nc_count FROM `zmkj_evaluate_goods` WHERE ( geval_goodsid = '112073' ) AND ( (geval_image <> '') OR (geval_image_again <> '') ) LIMIT 1  
[2020-02-04 14:39:38] /shop/index.php?act=goods&op=comments_list&goods_id=112073&type=2 ( act=goods&op=comments_list ) 
ERR: Db Error: Unknown column 'geval_image_again' in 'where clause'
SELECT COUNT(*) AS nc_count FROM `zmkj_evaluate_goods` WHERE ( geval_goodsid = '112073' ) AND ( (geval_image <> '') OR (geval_image_again <> '') ) LIMIT 1  
[2020-02-04 14:40:15] /shop/index.php?act=goods&op=comments_list&goods_id=112073&type=3 ( act=goods&op=comments_list ) 
ERR: Db Error: Unknown column 'geval_image_again' in 'where clause'
SELECT COUNT(*) AS nc_count FROM `zmkj_evaluate_goods` WHERE ( geval_goodsid = '112073' ) AND ( (geval_image <> '') OR (geval_image_again <> '') ) LIMIT 1  
[2020-02-04 14:40:54] /shop/index.php?act=goods&op=comments_list&goods_id=112145&type=1 ( act=goods&op=comments_list ) 
ERR: Db Error: Unknown column 'geval_image_again' in 'where clause'
SELECT COUNT(*) AS nc_count FROM `zmkj_evaluate_goods` WHERE ( geval_goodsid = '112145' ) AND ( (geval_image <> '') OR (geval_image_again <> '') ) LIMIT 1  
[2020-02-04 14:41:31] /shop/index.php?act=goods&op=comments_list&goods_id=112145&type=2 ( act=goods&op=comments_list ) 
ERR: Db Error: Unknown column 'geval_image_again' in 'where clause'
SELECT COUNT(*) AS nc_count FROM `zmkj_evaluate_goods` WHERE ( geval_goodsid = '112145' ) AND ( (geval_image <> '') OR (geval_image_again <> '') ) LIMIT 1  
[2020-02-04 14:42:07] /shop/index.php?act=goods&op=comments_list&goods_id=112145&type=3 ( act=goods&op=comments_list ) 
ERR: Db Error: Unknown column 'geval_image_again' in 'where clause'
SELECT COUNT(*) AS nc_count FROM `zmkj_evaluate_goods` WHERE ( geval_goodsid = '112145' ) AND ( (geval_image <> '') OR (geval_image_again <> '') ) LIMIT 1  
[2020-02-04 14:43:17] /shop/index.php?act=goods&op=comments_list&goods_id=112205&type=1 ( act=goods&op=comments_list ) 
ERR: Db Error: Unknown column 'geval_image_again' in 'where clause'
SELECT COUNT(*) AS nc_count FROM `zmkj_evaluate_goods` WHERE ( geval_goodsid = '112205' ) AND ( (geval_image <> '') OR (geval_image_again <> '') ) LIMIT 1  
[2020-02-04 14:43:56] /shop/index.php?act=goods&op=comments_list&goods_id=112205&type=2 ( act=goods&op=comments_list ) 
ERR: Db Error: Unknown column 'geval_image_again' in 'where clause'
SELECT COUNT(*) AS nc_count FROM `zmkj_evaluate_goods` WHERE ( geval_goodsid = '112205' ) AND ( (geval_image <> '') OR (geval_image_again <> '') ) LIMIT 1  
[2020-02-04 14:44:29] /shop/index.php?act=goods&op=comments_list&goods_id=112205&type=3 ( act=goods&op=comments_list ) 
ERR: Db Error: Unknown column 'geval_image_again' in 'where clause'
SELECT COUNT(*) AS nc_count FROM `zmkj_evaluate_goods` WHERE ( geval_goodsid = '112205' ) AND ( (geval_image <> '') OR (geval_image_again <> '') ) LIMIT 1  
[2020-02-04 14:46:23] /shop/index.php?act=goods&op=comments_list&goods_id=112211&type=3 ( act=goods&op=comments_list ) 
ERR: Db Error: Unknown column 'geval_image_again' in 'where clause'
SELECT COUNT(*) AS nc_count FROM `zmkj_evaluate_goods` WHERE ( geval_goodsid = '112211' ) AND ( (geval_image <> '') OR (geval_image_again <> '') ) LIMIT 1  
[2020-02-04 14:47:43] /shop/index.php?act=goods&op=comments_list&goods_id=112212&type=1 ( act=goods&op=comments_list ) 
ERR: Db Error: Unknown column 'geval_image_again' in 'where clause'
SELECT COUNT(*) AS nc_count FROM `zmkj_evaluate_goods` WHERE ( geval_goodsid = '112212' ) AND ( (geval_image <> '') OR (geval_image_again <> '') ) LIMIT 1  
[2020-02-04 14:48:19] /shop/index.php?act=goods&op=comments_list&goods_id=112212&type=2 ( act=goods&op=comments_list ) 
ERR: Db Error: Unknown column 'geval_image_again' in 'where clause'
SELECT COUNT(*) AS nc_count FROM `zmkj_evaluate_goods` WHERE ( geval_goodsid = '112212' ) AND ( (geval_image <> '') OR (geval_image_again <> '') ) LIMIT 1  
[2020-02-04 14:48:50] /shop/index.php?act=goods&op=comments_list&goods_id=112212&type=3 ( act=goods&op=comments_list ) 
ERR: Db Error: Unknown column 'geval_image_again' in 'where clause'
SELECT COUNT(*) AS nc_count FROM `zmkj_evaluate_goods` WHERE ( geval_goodsid = '112212' ) AND ( (geval_image <> '') OR (geval_image_again <> '') ) LIMIT 1  
[2020-02-04 14:49:20] /shop/index.php?act=goods&op=comments_list&goods_id=112386&type=1 ( act=goods&op=comments_list ) 
ERR: Db Error: Unknown column 'geval_image_again' in 'where clause'
SELECT COUNT(*) AS nc_count FROM `zmkj_evaluate_goods` WHERE ( geval_goodsid = '112386' ) AND ( (geval_image <> '') OR (geval_image_again <> '') ) LIMIT 1  
[2020-02-04 14:50:14] /shop/index.php?act=goods&op=comments_list&goods_id=112386&type=2 ( act=goods&op=comments_list ) 
ERR: Db Error: Unknown column 'geval_image_again' in 'where clause'
SELECT COUNT(*) AS nc_count FROM `zmkj_evaluate_goods` WHERE ( geval_goodsid = '112386' ) AND ( (geval_image <> '') OR (geval_image_again <> '') ) LIMIT 1  
[2020-02-04 14:50:45] /shop/index.php?act=goods&op=comments_list&goods_id=112386&type=3 ( act=goods&op=comments_list ) 
ERR: Db Error: Unknown column 'geval_image_again' in 'where clause'
SELECT COUNT(*) AS nc_count FROM `zmkj_evaluate_goods` WHERE ( geval_goodsid = '112386' ) AND ( (geval_image <> '') OR (geval_image_again <> '') ) LIMIT 1  
[2020-02-04 14:51:22] /shop/index.php?act=goods&op=comments_list&goods_id=112417&type=1 ( act=goods&op=comments_list ) 
ERR: Db Error: Unknown column 'geval_image_again' in 'where clause'
SELECT COUNT(*) AS nc_count FROM `zmkj_evaluate_goods` WHERE ( geval_goodsid = '112417' ) AND ( (geval_image <> '') OR (geval_image_again <> '') ) LIMIT 1  
[2020-02-04 14:52:35] /shop/index.php?act=goods&op=comments_list&goods_id=112417&type=2 ( act=goods&op=comments_list ) 
ERR: Db Error: Unknown column 'geval_image_again' in 'where clause'
SELECT COUNT(*) AS nc_count FROM `zmkj_evaluate_goods` WHERE ( geval_goodsid = '112417' ) AND ( (geval_image <> '') OR (geval_image_again <> '') ) LIMIT 1  
[2020-02-04 14:53:10] /shop/index.php?act=goods&op=comments_list&goods_id=112438&type=1 ( act=goods&op=comments_list ) 
ERR: Db Error: Unknown column 'geval_image_again' in 'where clause'
SELECT COUNT(*) AS nc_count FROM `zmkj_evaluate_goods` WHERE ( geval_goodsid = '112438' ) AND ( (geval_image <> '') OR (geval_image_again <> '') ) LIMIT 1  
[2020-02-04 14:53:46] /shop/index.php?act=goods&op=comments_list&goods_id=112438&type=2 ( act=goods&op=comments_list ) 
ERR: Db Error: Unknown column 'geval_image_again' in 'where clause'
SELECT COUNT(*) AS nc_count FROM `zmkj_evaluate_goods` WHERE ( geval_goodsid = '112438' ) AND ( (geval_image <> '') OR (geval_image_again <> '') ) LIMIT 1  
[2020-02-04 14:54:57] /shop/index.php?act=goods&op=comments_list&goods_id=112438&type=3 ( act=goods&op=comments_list ) 
ERR: Db Error: Unknown column 'geval_image_again' in 'where clause'
SELECT COUNT(*) AS nc_count FROM `zmkj_evaluate_goods` WHERE ( geval_goodsid = '112438' ) AND ( (geval_image <> '') OR (geval_image_again <> '') ) LIMIT 1  
[2020-02-04 14:55:33] /shop/index.php?act=goods&op=comments_list&goods_id=112566&type=1 ( act=goods&op=comments_list ) 
ERR: Db Error: Unknown column 'geval_image_again' in 'where clause'
SELECT COUNT(*) AS nc_count FROM `zmkj_evaluate_goods` WHERE ( geval_goodsid = '112566' ) AND ( (geval_image <> '') OR (geval_image_again <> '') ) LIMIT 1  
[2020-02-04 14:56:02] /shop/index.php?act=goods&op=comments_list&goods_id=112566&type=2 ( act=goods&op=comments_list ) 
ERR: Db Error: Unknown column 'geval_image_again' in 'where clause'
SELECT COUNT(*) AS nc_count FROM `zmkj_evaluate_goods` WHERE ( geval_goodsid = '112566' ) AND ( (geval_image <> '') OR (geval_image_again <> '') ) LIMIT 1  
[2020-02-04 14:56:36] /shop/index.php?act=goods&op=comments_list&goods_id=112566&type=3 ( act=goods&op=comments_list ) 
ERR: Db Error: Unknown column 'geval_image_again' in 'where clause'
SELECT COUNT(*) AS nc_count FROM `zmkj_evaluate_goods` WHERE ( geval_goodsid = '112566' ) AND ( (geval_image <> '') OR (geval_image_again <> '') ) LIMIT 1  
[2020-02-04 15:02:27] /shop/index.php?act=goods&op=comments_list&goods_id=112014&type=1 ( act=goods&op=comments_list ) 
ERR: Db Error: Unknown column 'geval_image_again' in 'where clause'
SELECT COUNT(*) AS nc_count FROM `zmkj_evaluate_goods` WHERE ( geval_goodsid = '112014' ) AND ( (geval_image <> '') OR (geval_image_again <> '') ) LIMIT 1  
[2020-02-04 15:03:30] /shop/index.php?act=goods&op=comments_list&goods_id=112014&type=3 ( act=goods&op=comments_list ) 
ERR: Db Error: Unknown column 'geval_image_again' in 'where clause'
SELECT COUNT(*) AS nc_count FROM `zmkj_evaluate_goods` WHERE ( geval_goodsid = '112014' ) AND ( (geval_image <> '') OR (geval_image_again <> '') ) LIMIT 1  
[2020-02-04 15:05:41] /shop/index.php?act=goods&op=comments_list&goods_id=112039&type=2 ( act=goods&op=comments_list ) 
ERR: Db Error: Unknown column 'geval_image_again' in 'where clause'
SELECT COUNT(*) AS nc_count FROM `zmkj_evaluate_goods` WHERE ( geval_goodsid = '112039' ) AND ( (geval_image <> '') OR (geval_image_again <> '') ) LIMIT 1  
[2020-02-04 15:07:50] /shop/index.php?act=goods&op=comments_list&goods_id=112045&type=3 ( act=goods&op=comments_list ) 
ERR: Db Error: Unknown column 'geval_image_again' in 'where clause'
SELECT COUNT(*) AS nc_count FROM `zmkj_evaluate_goods` WHERE ( geval_goodsid = '112045' ) AND ( (geval_image <> '') OR (geval_image_again <> '') ) LIMIT 1  
[2020-02-04 15:08:57] /shop/index.php?act=goods&op=comments_list&goods_id=112049&type=3 ( act=goods&op=comments_list ) 
ERR: Db Error: Unknown column 'geval_image_again' in 'where clause'
SELECT COUNT(*) AS nc_count FROM `zmkj_evaluate_goods` WHERE ( geval_goodsid = '112049' ) AND ( (geval_image <> '') OR (geval_image_again <> '') ) LIMIT 1  
[2020-02-04 15:10:02] /shop/index.php?act=goods&op=comments_list&goods_id=112051&type=1 ( act=goods&op=comments_list ) 
ERR: Db Error: Unknown column 'geval_image_again' in 'where clause'
SELECT COUNT(*) AS nc_count FROM `zmkj_evaluate_goods` WHERE ( geval_goodsid = '112051' ) AND ( (geval_image <> '') OR (geval_image_again <> '') ) LIMIT 1  
[2020-02-04 15:11:12] /shop/index.php?act=goods&op=comments_list&goods_id=112051&type=3 ( act=goods&op=comments_list ) 
ERR: Db Error: Unknown column 'geval_image_again' in 'where clause'
SELECT COUNT(*) AS nc_count FROM `zmkj_evaluate_goods` WHERE ( geval_goodsid = '112051' ) AND ( (geval_image <> '') OR (geval_image_again <> '') ) LIMIT 1  
[2020-02-04 15:12:26] /shop/index.php?act=goods&op=comments_list&goods_id=112055&type=1 ( act=goods&op=comments_list ) 
ERR: Db Error: Unknown column 'geval_image_again' in 'where clause'
SELECT COUNT(*) AS nc_count FROM `zmkj_evaluate_goods` WHERE ( geval_goodsid = '112055' ) AND ( (geval_image <> '') OR (geval_image_again <> '') ) LIMIT 1  
[2020-02-04 15:14:06] /shop/index.php?act=goods&op=comments_list&goods_id=112055&type=3 ( act=goods&op=comments_list ) 
ERR: Db Error: Unknown column 'geval_image_again' in 'where clause'
SELECT COUNT(*) AS nc_count FROM `zmkj_evaluate_goods` WHERE ( geval_goodsid = '112055' ) AND ( (geval_image <> '') OR (geval_image_again <> '') ) LIMIT 1  
[2020-02-04 15:24:48] /shop/index.php?act=goods&op=comments_list&goods_id=112211&type=1 ( act=goods&op=comments_list ) 
ERR: Db Error: Unknown column 'geval_image_again' in 'where clause'
SELECT COUNT(*) AS nc_count FROM `zmkj_evaluate_goods` WHERE ( geval_goodsid = '112211' ) AND ( (geval_image <> '') OR (geval_image_again <> '') ) LIMIT 1  
[2020-02-04 15:25:21] /shop/index.php?act=goods&op=comments_list&goods_id=112211&type=2 ( act=goods&op=comments_list ) 
ERR: Db Error: Unknown column 'geval_image_again' in 'where clause'
SELECT COUNT(*) AS nc_count FROM `zmkj_evaluate_goods` WHERE ( geval_goodsid = '112211' ) AND ( (geval_image <> '') OR (geval_image_again <> '') ) LIMIT 1  
[2020-02-04 15:25:52] /shop/index.php?act=goods&op=comments_list&goods_id=112417&type=3 ( act=goods&op=comments_list ) 
ERR: Db Error: Unknown column 'geval_image_again' in 'where clause'
SELECT COUNT(*) AS nc_count FROM `zmkj_evaluate_goods` WHERE ( geval_goodsid = '112417' ) AND ( (geval_image <> '') OR (geval_image_again <> '') ) LIMIT 1  
[2020-02-04 15:26:20] /shop/index.php?act=goods&op=comments_list&goods_id=113684&type=1 ( act=goods&op=comments_list ) 
ERR: Db Error: Unknown column 'geval_image_again' in 'where clause'
SELECT COUNT(*) AS nc_count FROM `zmkj_evaluate_goods` WHERE ( geval_goodsid = '113684' ) AND ( (geval_image <> '') OR (geval_image_again <> '') ) LIMIT 1  
[2020-02-04 15:31:58] /shop/index.php?act=goods&op=comments_list&goods_id=104290&type=3 ( act=goods&op=comments_list ) 
ERR: Db Error: Unknown column 'geval_image_again' in 'where clause'
SELECT COUNT(*) AS nc_count FROM `zmkj_evaluate_goods` WHERE ( geval_goodsid = '104290' ) AND ( (geval_image <> '') OR (geval_image_again <> '') ) LIMIT 1  
[2020-02-04 15:35:13] /shop/index.php?act=goods&op=comments_list&goods_id=106533&type=1 ( act=goods&op=comments_list ) 
ERR: Db Error: Unknown column 'geval_image_again' in 'where clause'
SELECT COUNT(*) AS nc_count FROM `zmkj_evaluate_goods` WHERE ( geval_goodsid = '106533' ) AND ( (geval_image <> '') OR (geval_image_again <> '') ) LIMIT 1  
[2020-02-04 15:39:31] /shop/index.php?act=goods&op=comments_list&goods_id=106549&type=3 ( act=goods&op=comments_list ) 
ERR: Db Error: Unknown column 'geval_image_again' in 'where clause'
SELECT COUNT(*) AS nc_count FROM `zmkj_evaluate_goods` WHERE ( geval_goodsid = '106549' ) AND ( (geval_image <> '') OR (geval_image_again <> '') ) LIMIT 1  
[2020-02-04 16:16:09] /shop/index.php?act=goods&op=comments_list&goods_id=113681&type=3 ( act=goods&op=comments_list ) 
ERR: Db Error: Unknown column 'geval_image_again' in 'where clause'
SELECT COUNT(*) AS nc_count FROM `zmkj_evaluate_goods` WHERE ( geval_goodsid = '113681' ) AND ( (geval_image <> '') OR (geval_image_again <> '') ) LIMIT 1  
[2020-02-04 17:22:16] /shop/index.php?act=goods&op=comments_list&goods_id=113683&type=1 ( act=goods&op=comments_list ) 
ERR: Db Error: Unknown column 'geval_image_again' in 'where clause'
SELECT COUNT(*) AS nc_count FROM `zmkj_evaluate_goods` WHERE ( geval_goodsid = '113683' ) AND ( (geval_image <> '') OR (geval_image_again <> '') ) LIMIT 1  
[2020-02-04 18:24:21] /shop/index.php?act=goods&op=comments_list&goods_id=103665&type=1 ( act=goods&op=comments_list ) 
ERR: Db Error: Unknown column 'geval_image_again' in 'where clause'
SELECT COUNT(*) AS nc_count FROM `zmkj_evaluate_goods` WHERE ( geval_goodsid = '103665' ) AND ( (geval_image <> '') OR (geval_image_again <> '') ) LIMIT 1  
[2020-02-04 18:25:21] /shop/index.php?act=goods&op=comments_list&goods_id=106536&type=3 ( act=goods&op=comments_list ) 
ERR: Db Error: Unknown column 'geval_image_again' in 'where clause'
SELECT COUNT(*) AS nc_count FROM `zmkj_evaluate_goods` WHERE ( geval_goodsid = '106536' ) AND ( (geval_image <> '') OR (geval_image_again <> '') ) LIMIT 1  
[2020-02-04 18:57:14] /shop/index.php?act=goods&op=comments_list&goods_id=102577 ( act=goods&op=comments_list ) 
ERR: Db Error: Unknown column 'geval_image_again' in 'where clause'
SELECT COUNT(*) AS nc_count FROM `zmkj_evaluate_goods` WHERE ( geval_goodsid = '102577' ) AND ( (geval_image <> '') OR (geval_image_again <> '') ) LIMIT 1  
[2020-02-04 18:58:01] /shop/index.php?act=goods&op=comments_list&goods_id=102580 ( act=goods&op=comments_list ) 
ERR: Db Error: Unknown column 'geval_image_again' in 'where clause'
SELECT COUNT(*) AS nc_count FROM `zmkj_evaluate_goods` WHERE ( geval_goodsid = '102580' ) AND ( (geval_image <> '') OR (geval_image_again <> '') ) LIMIT 1  
[2020-02-04 18:58:35] /shop/index.php?act=goods&op=comments_list&goods_id=102586 ( act=goods&op=comments_list ) 
ERR: Db Error: Unknown column 'geval_image_again' in 'where clause'
SELECT COUNT(*) AS nc_count FROM `zmkj_evaluate_goods` WHERE ( geval_goodsid = '102586' ) AND ( (geval_image <> '') OR (geval_image_again <> '') ) LIMIT 1  
[2020-02-04 19:00:14] /shop/index.php?act=goods&op=comments_list&goods_id=102588 ( act=goods&op=comments_list ) 
ERR: Db Error: Unknown column 'geval_image_again' in 'where clause'
SELECT COUNT(*) AS nc_count FROM `zmkj_evaluate_goods` WHERE ( geval_goodsid = '102588' ) AND ( (geval_image <> '') OR (geval_image_again <> '') ) LIMIT 1  
[2020-02-04 19:01:36] /shop/index.php?act=goods&op=comments_list&goods_id=102590 ( act=goods&op=comments_list ) 
ERR: Db Error: Unknown column 'geval_image_again' in 'where clause'
SELECT COUNT(*) AS nc_count FROM `zmkj_evaluate_goods` WHERE ( geval_goodsid = '102590' ) AND ( (geval_image <> '') OR (geval_image_again <> '') ) LIMIT 1  
[2020-02-04 19:02:05] /shop/index.php?act=goods&op=comments_list&goods_id=102594 ( act=goods&op=comments_list ) 
ERR: Db Error: Unknown column 'geval_image_again' in 'where clause'
SELECT COUNT(*) AS nc_count FROM `zmkj_evaluate_goods` WHERE ( geval_goodsid = '102594' ) AND ( (geval_image <> '') OR (geval_image_again <> '') ) LIMIT 1  
[2020-02-04 19:15:26] /shop/index.php?act=goods&op=comments_list&goods_id=106530&type=2 ( act=goods&op=comments_list ) 
ERR: Db Error: Unknown column 'geval_image_again' in 'where clause'
SELECT COUNT(*) AS nc_count FROM `zmkj_evaluate_goods` WHERE ( geval_goodsid = '106530' ) AND ( (geval_image <> '') OR (geval_image_again <> '') ) LIMIT 1  
[2020-02-04 21:17:11] /shop/index.php?act=goods&op=comments_list&goods_id=108023&type=3 ( act=goods&op=comments_list ) 
ERR: Db Error: Unknown column 'geval_image_again' in 'where clause'
SELECT COUNT(*) AS nc_count FROM `zmkj_evaluate_goods` WHERE ( geval_goodsid = '108023' ) AND ( (geval_image <> '') OR (geval_image_again <> '') ) LIMIT 1  
[2020-02-04 21:22:19] /shop/index.php?act=goods&op=comments_list&goods_id=113382 ( act=goods&op=comments_list ) 
ERR: Db Error: Unknown column 'geval_image_again' in 'where clause'
SELECT COUNT(*) AS nc_count FROM `zmkj_evaluate_goods` WHERE ( geval_goodsid = '113382' ) AND ( (geval_image <> '') OR (geval_image_again <> '') ) LIMIT 1  
[2020-02-04 21:22:51] /shop/index.php?act=goods&op=comments_list&goods_id=113405 ( act=goods&op=comments_list ) 
ERR: Db Error: Unknown column 'geval_image_again' in 'where clause'
SELECT COUNT(*) AS nc_count FROM `zmkj_evaluate_goods` WHERE ( geval_goodsid = '113405' ) AND ( (geval_image <> '') OR (geval_image_again <> '') ) LIMIT 1  
