[2020-03-24 00:54:31] /shop/index.php?act=goods&op=comments_list&goods_id=112442&type=1 ( act=goods&op=comments_list ) 
ERR: Db Error: Unknown column 'geval_image_again' in 'where clause'
SELECT COUNT(*) AS nc_count FROM `zmkj_evaluate_goods` WHERE ( geval_goodsid = '112442' ) AND ( (geval_image <> '') OR (geval_image_again <> '') ) LIMIT 1  
[2020-03-24 01:54:11] /shop/index.php?act=goods&op=comments_list&goods_id=112171 ( act=goods&op=comments_list ) 
ERR: Db Error: Unknown column 'geval_image_again' in 'where clause'
SELECT COUNT(*) AS nc_count FROM `zmkj_evaluate_goods` WHERE ( geval_goodsid = '112171' ) AND ( (geval_image <> '') OR (geval_image_again <> '') ) LIMIT 1  
[2020-03-24 02:30:01] /shop/index.php?act=goods&op=comments_list&goods_id=111538 ( act=goods&op=comments_list ) 
ERR: Db Error: Unknown column 'geval_image_again' in 'where clause'
SELECT COUNT(*) AS nc_count FROM `zmkj_evaluate_goods` WHERE ( geval_goodsid = '111538' ) AND ( (geval_image <> '') OR (geval_image_again <> '') ) LIMIT 1  
[2020-03-24 02:42:18] /shop/index.php?act=goods&op=comments_list&goods_id=109254 ( act=goods&op=comments_list ) 
ERR: Db Error: Unknown column 'geval_image_again' in 'where clause'
SELECT COUNT(*) AS nc_count FROM `zmkj_evaluate_goods` WHERE ( geval_goodsid = '109254' ) AND ( (geval_image <> '') OR (geval_image_again <> '') ) LIMIT 1  
[2020-03-24 04:00:52] /shop/index.php?act=goods&op=comments_list&goods_id=110324 ( act=goods&op=comments_list ) 
ERR: Db Error: Unknown column 'geval_image_again' in 'where clause'
SELECT COUNT(*) AS nc_count FROM `zmkj_evaluate_goods` WHERE ( geval_goodsid = '110324' ) AND ( (geval_image <> '') OR (geval_image_again <> '') ) LIMIT 1  
[2020-03-24 04:43:54] /shop/index.php?act=goods&op=comments_list&goods_id=111686 ( act=goods&op=comments_list ) 
ERR: Db Error: Unknown column 'geval_image_again' in 'where clause'
SELECT COUNT(*) AS nc_count FROM `zmkj_evaluate_goods` WHERE ( geval_goodsid = '111686' ) AND ( (geval_image <> '') OR (geval_image_again <> '') ) LIMIT 1  
[2020-03-24 05:29:27] /shop/index.php?act=goods&op=comments_list&goods_id=109203&type=2 ( act=goods&op=comments_list ) 
ERR: Db Error: Unknown column 'geval_image_again' in 'where clause'
SELECT COUNT(*) AS nc_count FROM `zmkj_evaluate_goods` WHERE ( geval_goodsid = '109203' ) AND ( (geval_image <> '') OR (geval_image_again <> '') ) LIMIT 1  
[2020-03-24 05:48:41] /shop/index.php?act=goods&op=comments_list&goods_id=108983&type=2 ( act=goods&op=comments_list ) 
ERR: Db Error: Unknown column 'geval_image_again' in 'where clause'
SELECT COUNT(*) AS nc_count FROM `zmkj_evaluate_goods` WHERE ( geval_goodsid = '108983' ) AND ( (geval_image <> '') OR (geval_image_again <> '') ) LIMIT 1  
[2020-03-24 07:16:42] /shop/index.php?act=goods&op=comments_list&goods_id=111925&type=3 ( act=goods&op=comments_list ) 
ERR: Db Error: Unknown column 'geval_image_again' in 'where clause'
SELECT COUNT(*) AS nc_count FROM `zmkj_evaluate_goods` WHERE ( geval_goodsid = '111925' ) AND ( (geval_image <> '') OR (geval_image_again <> '') ) LIMIT 1  
[2020-03-24 07:42:38] /shop/index.php?act=goods&op=comments_list&goods_id=109557 ( act=goods&op=comments_list ) 
ERR: Db Error: Unknown column 'geval_image_again' in 'where clause'
SELECT COUNT(*) AS nc_count FROM `zmkj_evaluate_goods` WHERE ( geval_goodsid = '109557' ) AND ( (geval_image <> '') OR (geval_image_again <> '') ) LIMIT 1  
[2020-03-24 08:30:02] /shop/index.php?act=goods&op=comments_list&goods_id=104119&type=1 ( act=goods&op=comments_list ) 
ERR: Db Error: Unknown column 'geval_image_again' in 'where clause'
SELECT COUNT(*) AS nc_count FROM `zmkj_evaluate_goods` WHERE ( geval_goodsid = '104119' ) AND ( (geval_image <> '') OR (geval_image_again <> '') ) LIMIT 1  
[2020-03-24 09:03:46] /shop/index.php?act=goods&op=comments_list&goods_id=108661 ( act=goods&op=comments_list ) 
ERR: Db Error: Unknown column 'geval_image_again' in 'where clause'
SELECT COUNT(*) AS nc_count FROM `zmkj_evaluate_goods` WHERE ( geval_goodsid = '108661' ) AND ( (geval_image <> '') OR (geval_image_again <> '') ) LIMIT 1  
[2020-03-24 09:05:13] /shop/index.php?act=goods&op=comments_list&goods_id=112916&type=2 ( act=goods&op=comments_list ) 
ERR: Db Error: Unknown column 'geval_image_again' in 'where clause'
SELECT COUNT(*) AS nc_count FROM `zmkj_evaluate_goods` WHERE ( geval_goodsid = '112916' ) AND ( (geval_image <> '') OR (geval_image_again <> '') ) LIMIT 1  
[2020-03-24 09:12:05] /shop/index.php?act=goods&op=comments_list&goods_id=112417 ( act=goods&op=comments_list ) 
ERR: Db Error: Unknown column 'geval_image_again' in 'where clause'
SELECT COUNT(*) AS nc_count FROM `zmkj_evaluate_goods` WHERE ( geval_goodsid = '112417' ) AND ( (geval_image <> '') OR (geval_image_again <> '') ) LIMIT 1  
[2020-03-24 10:00:22] /shop/index.php?act=goods&op=comments_list&goods_id=110666 ( act=goods&op=comments_list ) 
ERR: Db Error: Unknown column 'geval_image_again' in 'where clause'
SELECT COUNT(*) AS nc_count FROM `zmkj_evaluate_goods` WHERE ( geval_goodsid = '110666' ) AND ( (geval_image <> '') OR (geval_image_again <> '') ) LIMIT 1  
[2020-03-24 11:42:16] /shop/index.php?act=goods&op=comments_list&goods_id=111661 ( act=goods&op=comments_list ) 
ERR: Db Error: Unknown column 'geval_image_again' in 'where clause'
SELECT COUNT(*) AS nc_count FROM `zmkj_evaluate_goods` WHERE ( geval_goodsid = '111661' ) AND ( (geval_image <> '') OR (geval_image_again <> '') ) LIMIT 1  
[2020-03-24 13:00:09] /shop/index.php?act=goods&goods_id=107048&op=comments_list ( act=goods&op=comments_list ) 
ERR: Db Error: Unknown column 'geval_image_again' in 'where clause'
SELECT COUNT(*) AS nc_count FROM `zmkj_evaluate_goods` WHERE ( geval_goodsid = '107048' ) AND ( (geval_image <> '') OR (geval_image_again <> '') ) LIMIT 1  
[2020-03-24 13:00:11] /shop/index.php?act=goods&goods_id=104403&op=comments_list ( act=goods&op=comments_list ) 
ERR: Db Error: Unknown column 'geval_image_again' in 'where clause'
SELECT COUNT(*) AS nc_count FROM `zmkj_evaluate_goods` WHERE ( geval_goodsid = '104403' ) AND ( (geval_image <> '') OR (geval_image_again <> '') ) LIMIT 1  
[2020-03-24 13:00:11] /shop/index.php?act=goods&goods_id=102391&op=comments_list ( act=goods&op=comments_list ) 
ERR: Db Error: Unknown column 'geval_image_again' in 'where clause'
SELECT COUNT(*) AS nc_count FROM `zmkj_evaluate_goods` WHERE ( geval_goodsid = '102391' ) AND ( (geval_image <> '') OR (geval_image_again <> '') ) LIMIT 1  
[2020-03-24 13:00:11] /shop/index.php?act=goods&goods_id=107363&op=comments_list ( act=goods&op=comments_list ) 
ERR: Db Error: Unknown column 'geval_image_again' in 'where clause'
SELECT COUNT(*) AS nc_count FROM `zmkj_evaluate_goods` WHERE ( geval_goodsid = '107363' ) AND ( (geval_image <> '') OR (geval_image_again <> '') ) LIMIT 1  
[2020-03-24 13:00:11] /shop/index.php?act=goods&goods_id=103762&op=comments_list&type=3 ( act=goods&op=comments_list ) 
ERR: Db Error: Unknown column 'geval_image_again' in 'where clause'
SELECT COUNT(*) AS nc_count FROM `zmkj_evaluate_goods` WHERE ( geval_goodsid = '103762' ) AND ( (geval_image <> '') OR (geval_image_again <> '') ) LIMIT 1  
[2020-03-24 15:55:21] /shop/index.php?act=goods&op=comments_list&goods_id=110183&type=3 ( act=goods&op=comments_list ) 
ERR: Db Error: Unknown column 'geval_image_again' in 'where clause'
SELECT COUNT(*) AS nc_count FROM `zmkj_evaluate_goods` WHERE ( geval_goodsid = '110183' ) AND ( (geval_image <> '') OR (geval_image_again <> '') ) LIMIT 1  
[2020-03-24 16:22:48] /shop/index.php?act=goods&goods_id=110503&op=comments_list ( act=goods&op=comments_list ) 
ERR: Db Error: Unknown column 'geval_image_again' in 'where clause'
SELECT COUNT(*) AS nc_count FROM `zmkj_evaluate_goods` WHERE ( geval_goodsid = '110503' ) AND ( (geval_image <> '') OR (geval_image_again <> '') ) LIMIT 1  
[2020-03-24 16:22:48] /shop/index.php?act=goods&goods_id=107608&op=comments_list&type=1 ( act=goods&op=comments_list ) 
ERR: Db Error: Unknown column 'geval_image_again' in 'where clause'
SELECT COUNT(*) AS nc_count FROM `zmkj_evaluate_goods` WHERE ( geval_goodsid = '107608' ) AND ( (geval_image <> '') OR (geval_image_again <> '') ) LIMIT 1  
[2020-03-24 16:23:12] /shop/index.php?act=goods&goods_id=108126&op=comments_list&type=3 ( act=goods&op=comments_list ) 
ERR: Db Error: Unknown column 'geval_image_again' in 'where clause'
SELECT COUNT(*) AS nc_count FROM `zmkj_evaluate_goods` WHERE ( geval_goodsid = '108126' ) AND ( (geval_image <> '') OR (geval_image_again <> '') ) LIMIT 1  
[2020-03-24 16:23:12] /shop/index.php?act=goods&goods_id=103573&op=comments_list ( act=goods&op=comments_list ) 
ERR: Db Error: Unknown column 'geval_image_again' in 'where clause'
SELECT COUNT(*) AS nc_count FROM `zmkj_evaluate_goods` WHERE ( geval_goodsid = '103573' ) AND ( (geval_image <> '') OR (geval_image_again <> '') ) LIMIT 1  
[2020-03-24 16:31:00] /shop/index.php?act=goods&op=comments_list&goods_id=108705 ( act=goods&op=comments_list ) 
ERR: Db Error: Unknown column 'geval_image_again' in 'where clause'
SELECT COUNT(*) AS nc_count FROM `zmkj_evaluate_goods` WHERE ( geval_goodsid = '108705' ) AND ( (geval_image <> '') OR (geval_image_again <> '') ) LIMIT 1  
[2020-03-24 16:31:34] /shop/index.php?act=goods&op=comments_list&goods_id=113675 ( act=goods&op=comments_list ) 
ERR: Db Error: Unknown column 'geval_image_again' in 'where clause'
SELECT COUNT(*) AS nc_count FROM `zmkj_evaluate_goods` WHERE ( geval_goodsid = '113675' ) AND ( (geval_image <> '') OR (geval_image_again <> '') ) LIMIT 1  
[2020-03-24 17:55:43] /shop/index.php?act=goods&op=comments_list&goods_id=109182 ( act=goods&op=comments_list ) 
ERR: Db Error: Unknown column 'geval_image_again' in 'where clause'
SELECT COUNT(*) AS nc_count FROM `zmkj_evaluate_goods` WHERE ( geval_goodsid = '109182' ) AND ( (geval_image <> '') OR (geval_image_again <> '') ) LIMIT 1  
[2020-03-24 19:02:44] /shop/index.php?act=goods&op=comments_list&goods_id=111941 ( act=goods&op=comments_list ) 
ERR: Db Error: Unknown column 'geval_image_again' in 'where clause'
SELECT COUNT(*) AS nc_count FROM `zmkj_evaluate_goods` WHERE ( geval_goodsid = '111941' ) AND ( (geval_image <> '') OR (geval_image_again <> '') ) LIMIT 1  
[2020-03-24 21:19:18] /shop/index.php?act=goods&op=comments_list&goods_id=106414&type=3 ( act=goods&op=comments_list ) 
ERR: Db Error: Unknown column 'geval_image_again' in 'where clause'
SELECT COUNT(*) AS nc_count FROM `zmkj_evaluate_goods` WHERE ( geval_goodsid = '106414' ) AND ( (geval_image <> '') OR (geval_image_again <> '') ) LIMIT 1  
[2020-03-24 21:33:37] /shop/index.php?act=goods&op=comments_list&goods_id=111377 ( act=goods&op=comments_list ) 
ERR: Db Error: Unknown column 'geval_image_again' in 'where clause'
SELECT COUNT(*) AS nc_count FROM `zmkj_evaluate_goods` WHERE ( geval_goodsid = '111377' ) AND ( (geval_image <> '') OR (geval_image_again <> '') ) LIMIT 1  
[2020-03-24 21:44:01] /shop/index.php?act=goods&goods_id=108151&op=comments_list ( act=goods&op=comments_list ) 
ERR: Db Error: Unknown column 'geval_image_again' in 'where clause'
SELECT COUNT(*) AS nc_count FROM `zmkj_evaluate_goods` WHERE ( geval_goodsid = '108151' ) AND ( (geval_image <> '') OR (geval_image_again <> '') ) LIMIT 1  
[2020-03-24 21:44:05] /shop/index.php?act=search&area_id=23&cate_id=1577&gift=1&op=index ( act=search&op=index ) 
ERR: Db Error: Unknown column 'gc_id_' in 'where clause'
SELECT count(distinct CONCAT(goods_commonid)) AS nc_count FROM `zmkj_goods` WHERE ( gc_id_ = '1577' ) AND ( areaid_1 = '23' ) AND ( have_gift = '1' ) AND ( goods_state = '1' ) AND ( goods_verify = '1' ) LIMIT 1  
[2020-03-24 21:44:08] /shop/index.php?act=goods&goods_id=103053&op=comments_list ( act=goods&op=comments_list ) 
ERR: Db Error: Unknown column 'geval_image_again' in 'where clause'
SELECT COUNT(*) AS nc_count FROM `zmkj_evaluate_goods` WHERE ( geval_goodsid = '103053' ) AND ( (geval_image <> '') OR (geval_image_again <> '') ) LIMIT 1  
[2020-03-24 21:44:08] /shop/index.php?act=goods&goods_id=101815&op=comments_list ( act=goods&op=comments_list ) 
ERR: Db Error: Unknown column 'geval_image_again' in 'where clause'
SELECT COUNT(*) AS nc_count FROM `zmkj_evaluate_goods` WHERE ( geval_goodsid = '101815' ) AND ( (geval_image <> '') OR (geval_image_again <> '') ) LIMIT 1  
[2020-03-24 21:44:08] /shop/index.php?act=goods&goods_id=108461&op=comments_list ( act=goods&op=comments_list ) 
ERR: Db Error: Unknown column 'geval_image_again' in 'where clause'
SELECT COUNT(*) AS nc_count FROM `zmkj_evaluate_goods` WHERE ( geval_goodsid = '108461' ) AND ( (geval_image <> '') OR (geval_image_again <> '') ) LIMIT 1  
[2020-03-24 21:44:08] /shop/index.php?act=goods&goods_id=107605&op=comments_list ( act=goods&op=comments_list ) 
ERR: Db Error: Unknown column 'geval_image_again' in 'where clause'
SELECT COUNT(*) AS nc_count FROM `zmkj_evaluate_goods` WHERE ( geval_goodsid = '107605' ) AND ( (geval_image <> '') OR (geval_image_again <> '') ) LIMIT 1  
[2020-03-24 22:55:37] /shop/index.php?act=goods&op=comments_list&goods_id=111617 ( act=goods&op=comments_list ) 
ERR: Db Error: Unknown column 'geval_image_again' in 'where clause'
SELECT COUNT(*) AS nc_count FROM `zmkj_evaluate_goods` WHERE ( geval_goodsid = '111617' ) AND ( (geval_image <> '') OR (geval_image_again <> '') ) LIMIT 1  
